RUN	Simulations.Runner.Go1percent	go1percent	1674813955848	 	3.5.1
USER	Contribution API	START	1674813957093
USER	Contribution API	START	1674813957184
USER	Contribution API	START	1674813957285
USER	Contribution API	START	1674813957386
USER	Contribution API	START	1674813957486
USER	Contribution API	START	1674813957587
USER	Contribution API	START	1674813957687
USER	Contribution API	START	1674813957787
USER	Contribution API	START	1674813957888
USER	Contribution API	START	1674813957988
REQUEST		/updateProposal?contributionId=12755-Helps us to edit the proposal contribution.	1674813957123	1674813957980	OK	 
REQUEST		/updateProposal?contributionId=12755-Helps us to edit the proposal contribution.	1674813957185	1674813958032	OK	 
USER	Contribution API	START	1674813958088
REQUEST		/updateProposal?contributionId=12755-Helps us to edit the proposal contribution.	1674813957286	1674813958127	OK	 
USER	Contribution API	START	1674813958189
REQUEST		/updateProposal?contributionId=12755-Helps us to edit the proposal contribution.	1674813957387	1674813958222	OK	 
USER	Contribution API	START	1674813958289
REQUEST		/updateProposal?contributionId=12755-Helps us to edit the proposal contribution.	1674813957487	1674813958320	OK	 
USER	Contribution API	START	1674813958389
REQUEST		/updateProposal?contributionId=12755-Helps us to edit the proposal contribution.	1674813957588	1674813958445	OK	 
USER	Contribution API	START	1674813958489
REQUEST		/updateProposal?contributionId=12755-Helps us to edit the proposal contribution.	1674813957688	1674813958526	OK	 
USER	Contribution API	START	1674813958589
REQUEST		/updateProposal?contributionId=12755-Helps us to edit the proposal contribution.	1674813957788	1674813958652	OK	 
USER	Contribution API	START	1674813958689
REQUEST		/updateProposal?contributionId=12755-Helps us to edit the proposal contribution.	1674813957888	1674813958723	OK	 
USER	Contribution API	START	1674813958789
REQUEST		/updateProposal?contributionId=12755-Helps us to edit the proposal contribution.	1674813957988	1674813958855	OK	 
USER	Contribution API	START	1674813958889
REQUEST		/updateProposal?contributionId=12755-Helps us to edit the proposal contribution.	1674813958089	1674813958918	OK	 
USER	Contribution API	START	1674813958990
REQUEST		/updateProposal?contributionId=12755-Helps us to edit the proposal contribution.	1674813958189	1674813959045	OK	 
USER	Contribution API	START	1674813959090
REQUEST		/updateProposal?contributionId=12755-Helps us to edit the proposal contribution.	1674813958290	1674813959136	OK	 
USER	Contribution API	START	1674813959181
REQUEST		/updateProposal?contributionId=12755-Helps us to edit the proposal contribution.	1674813958390	1674813959249	OK	 
USER	Contribution API	START	1674813959281
REQUEST		/updateProposal?contributionId=12755-Helps us to edit the proposal contribution.	1674813958490	1674813959328	OK	 
USER	Contribution API	START	1674813959381
REQUEST		/updateProposal?contributionId=12755-Helps us to edit the proposal contribution.	1674813958590	1674813959439	OK	 
USER	Contribution API	START	1674813959481
REQUEST		/updateProposal?contributionId=12755-Helps us to edit the proposal contribution.	1674813958690	1674813959522	OK	 
USER	Contribution API	START	1674813959582
REQUEST		/updateProposal?contributionId=12755-Helps us to edit the proposal contribution.	1674813958790	1674813959623	OK	 
USER	Contribution API	START	1674813959682
REQUEST		/updateProposal?contributionId=12755-Helps us to edit the proposal contribution.	1674813958890	1674813959738	OK	 
USER	Contribution API	START	1674813959782
REQUEST		/updateProposal?contributionId=12755-Helps us to edit the proposal contribution.	1674813958990	1674813959823	OK	 
USER	Contribution API	START	1674813959882
REQUEST		/updateProposal?contributionId=12755-Helps us to edit the proposal contribution.	1674813959091	1674813959934	OK	 
USER	Contribution API	START	1674813959982
REQUEST		/updateProposal?contributionId=12755-Helps us to edit the proposal contribution.	1674813959181	1674813960027	OK	 
USER	Contribution API	START	1674813960082
REQUEST		/updateProposal?contributionId=12755-Helps us to edit the proposal contribution.	1674813959282	1674813960119	OK	 
USER	Contribution API	START	1674813960180
REQUEST		/updateProposal?contributionId=12755-Helps us to edit the proposal contribution.	1674813959382	1674813960218	OK	 
USER	Contribution API	START	1674813960281
REQUEST		/updateProposal?contributionId=12755-Helps us to edit the proposal contribution.	1674813959482	1674813960322	OK	 
USER	Contribution API	START	1674813960381
REQUEST		/updateProposal?contributionId=12755-Helps us to edit the proposal contribution.	1674813959582	1674813960446	OK	 
USER	Contribution API	START	1674813960481
REQUEST		/updateProposal?contributionId=12755-Helps us to edit the proposal contribution.	1674813959682	1674813960525	OK	 
USER	Contribution API	START	1674813960581
REQUEST		/updateProposal?contributionId=12755-Helps us to edit the proposal contribution.	1674813959782	1674813960628	OK	 
USER	Contribution API	START	1674813960681
REQUEST		/updateProposal?contributionId=12755-Helps us to edit the proposal contribution.	1674813959882	1674813960722	OK	 
USER	Contribution API	START	1674813960781
REQUEST		/updateProposal?contributionId=12755-Helps us to edit the proposal contribution.	1674813959982	1674813960823	OK	 
USER	Contribution API	START	1674813960881
REQUEST		/updateProposal?contributionId=12755-Helps us to edit the proposal contribution.	1674813960083	1674813960923	OK	 
USER	Contribution API	START	1674813960982
REQUEST		/updateProposal?contributionId=12755-Helps us to edit the proposal contribution.	1674813960181	1674813961019	OK	 
USER	Contribution API	START	1674813961082
REQUEST		/updateProposal?contributionId=12755-Helps us to edit the proposal contribution.	1674813960281	1674813961124	OK	 
USER	Contribution API	START	1674813961180
REQUEST		/updateProposal?contributionId=12755-Helps us to edit the proposal contribution.	1674813960381	1674813961223	OK	 
USER	Contribution API	START	1674813961281
REQUEST		/updateProposal?contributionId=12755-Helps us to edit the proposal contribution.	1674813961001	1674813961294	KO	status.find.is(200), but actually found 415
REQUEST		/updateProposal?contributionId=12755-Helps us to edit the proposal contribution.	1674813960481	1674813961316	OK	 
REQUEST		/updateProposal?contributionId=12755-Helps us to edit the proposal contribution.	1674813961033	1674813961326	KO	status.find.is(200), but actually found 415
USER	Contribution API	START	1674813961381
REQUEST		/updateProposal?contributionId=12755-Helps us to edit the proposal contribution.	1674813961129	1674813961421	KO	status.find.is(200), but actually found 415
REQUEST		/updateProposal?contributionId=12755-Helps us to edit the proposal contribution.	1674813960581	1674813961433	OK	 
USER	Contribution API	START	1674813961481
REQUEST		/updateProposal?contributionId=12755-Helps us to edit the proposal contribution.	1674813961223	1674813961509	KO	status.find.is(200), but actually found 415
REQUEST		/updateProposal?contributionId=12755-Helps us to edit the proposal contribution.	1674813960682	1674813961515	OK	 
USER	Contribution API	START	1674813961581
REQUEST		/updateProposal?contributionId=12755-Helps us to edit the proposal contribution.	1674813961321	1674813961616	KO	status.find.is(200), but actually found 415
REQUEST		/updateProposal?contributionId=12755-Helps us to edit the proposal contribution.	1674813960782	1674813961624	OK	 
USER	Contribution API	START	1674813961681
REQUEST		/updateProposal?contributionId=12755-Helps us to edit the proposal contribution.	1674813960882	1674813961727	OK	 
REQUEST		/updateProposal?contributionId=12755-Helps us to edit the proposal contribution.	1674813961446	1674813961743	KO	status.find.is(200), but actually found 415
USER	Contribution API	START	1674813961781
REQUEST		/updateProposal?contributionId=12755-Helps us to edit the proposal contribution.	1674813961528	1674813961820	KO	status.find.is(200), but actually found 415
REQUEST		/updateProposal?contributionId=12755-Helps us to edit the proposal contribution.	1674813960982	1674813961828	OK	 
USER	Contribution API	START	1674813961881
REQUEST		/updateProposal?contributionId=12755-Helps us to edit the proposal contribution.	1674813961082	1674813961912	OK	 
REQUEST		/updateProposal?contributionId=12755-Helps us to edit the proposal contribution.	1674813961654	1674813961950	KO	status.find.is(200), but actually found 415
USER	Contribution API	START	1674813961982
REQUEST		/updateProposal?contributionId=12755-Helps us to edit the proposal contribution.	1674813961724	1674813962012	KO	status.find.is(200), but actually found 415
REQUEST		/updateProposal?contributionId=12755-Helps us to edit the proposal contribution.	1674813961181	1674813962012	OK	 
USER	Contribution API	START	1674813962081
REQUEST		/updateProposal?contributionId=12755-Helps us to edit the proposal contribution.	1674813961281	1674813962127	OK	 
REQUEST		/updateProposal?contributionId=12755-Helps us to edit the proposal contribution.	1674813961856	1674813962156	KO	status.find.is(200), but actually found 415
USER	Contribution API	START	1674813962181
REQUEST		/updateProposal?contributionId=12755-Helps us to edit the proposal contribution.	1674813961919	1674813962210	KO	status.find.is(200), but actually found 415
REQUEST		/updateProposal?contributionId=12755-Helps us to edit the proposal contribution.	1674813961381	1674813962224	OK	 
USER	Contribution API	START	1674813962281
REQUEST		/updateProposal?contributionId=12755-Helps us to edit the proposal contribution.	1674813961481	1674813962313	OK	 
REQUEST		/updateProposal?contributionId=12755-Helps us to edit the proposal contribution.	1674813962046	1674813962339	KO	status.find.is(200), but actually found 415
USER	Contribution API	START	1674813962381
REQUEST		/updateProposal?contributionId=12755-Helps us to edit the proposal contribution.	1674813961581	1674813962427	OK	 
REQUEST		/updateProposal?contributionId=12755-Helps us to edit the proposal contribution.	1674813962137	1674813962445	KO	status.find.is(200), but actually found 415
USER	Contribution API	START	1674813962481
REQUEST		/updateProposal?contributionId=12755-Helps us to edit the proposal contribution.	1674813961682	1674813962522	OK	 
REQUEST		/updateProposal?contributionId=12755-Helps us to edit the proposal contribution.	1674813962250	1674813962547	KO	status.find.is(200), but actually found 415
USER	Contribution API	START	1674813962581
REQUEST		/updateProposal?contributionId=12755-Helps us to edit the proposal contribution.	1674813962329	1674813962620	KO	status.find.is(200), but actually found 415
REQUEST		/updateProposal?contributionId=12755-Helps us to edit the proposal contribution.	1674813961782	1674813962639	OK	 
USER	Contribution API	START	1674813962681
REQUEST		/updateProposal?contributionId=12755-Helps us to edit the proposal contribution.	1674813962440	1674813962736	KO	status.find.is(200), but actually found 415
REQUEST		/updateProposal?contributionId=12755-Helps us to edit the proposal contribution.	1674813961881	1674813962736	OK	 
USER	Contribution API	START	1674813962782
REQUEST		/updateProposal?contributionId=12755-Helps us to edit the proposal contribution.	1674813962523	1674813962812	KO	status.find.is(200), but actually found 415
REQUEST		/updateProposal?contributionId=12755-Helps us to edit the proposal contribution.	1674813961982	1674813962827	OK	 
USER	Contribution API	START	1674813962882
REQUEST		/updateProposal?contributionId=12755-Helps us to edit the proposal contribution.	1674813962624	1674813962913	KO	status.find.is(200), but actually found 415
REQUEST		/updateProposal?contributionId=12755-Helps us to edit the proposal contribution.	1674813962082	1674813962935	OK	 
USER	Contribution API	START	1674813962982
REQUEST		/updateProposal?contributionId=12755-Helps us to edit the proposal contribution.	1674813962181	1674813963016	OK	 
REQUEST		/updateProposal?contributionId=12755-Helps us to edit the proposal contribution.	1674813962738	1674813963036	KO	status.find.is(200), but actually found 415
USER	Contribution API	START	1674813963082
REQUEST		/updateProposal?contributionId=12755-Helps us to edit the proposal contribution.	1674813962824	1674813963110	KO	status.find.is(200), but actually found 415
REQUEST		/updateProposal?contributionId=12755-Helps us to edit the proposal contribution.	1674813962281	1674813963118	OK	 
USER	Contribution API	START	1674813963180
REQUEST		/updateProposal?contributionId=12755-Helps us to edit the proposal contribution.	1674813962381	1674813963231	OK	 
REQUEST		/updateProposal?contributionId=12755-Helps us to edit the proposal contribution.	1674813962935	1674813963233	KO	status.find.is(200), but actually found 415
USER	Contribution API	START	1674813963281
REQUEST		/updateProposal?contributionId=12755-Helps us to edit the proposal contribution.	1674813962481	1674813963314	OK	 
REQUEST		/updateProposal?contributionId=12755-Helps us to edit the proposal contribution.	1674813963029	1674813963321	KO	status.find.is(200), but actually found 415
USER	Contribution API	START	1674813963381
REQUEST		/updateProposal?contributionId=12755-Helps us to edit the proposal contribution.	1674813962582	1674813963425	OK	 
REQUEST		/updateProposal?contributionId=12755-Helps us to edit the proposal contribution.	1674813963120	1674813963426	KO	status.find.is(200), but actually found 415
USER	Contribution API	START	1674813963481
REQUEST		/updateProposal?contributionId=12755-Helps us to edit the proposal contribution.	1674813963219	1674813963507	KO	status.find.is(200), but actually found 415
REQUEST		/updateProposal?contributionId=12755-Helps us to edit the proposal contribution.	1674813962682	1674813963523	OK	 
USER	Contribution API	START	1674813963581
REQUEST		/updateProposal?contributionId=12755-Helps us to edit the proposal contribution.	1674813963323	1674813963615	KO	status.find.is(200), but actually found 415
REQUEST		/updateProposal?contributionId=12755-Helps us to edit the proposal contribution.	1674813962782	1674813963628	OK	 
USER	Contribution API	START	1674813963681
REQUEST		/updateProposal?contributionId=12755-Helps us to edit the proposal contribution.	1674813962882	1674813963720	OK	 
REQUEST		/updateProposal?contributionId=12755-Helps us to edit the proposal contribution.	1674813963447	1674813963743	KO	status.find.is(200), but actually found 415
USER	Contribution API	START	1674813963781
REQUEST		/updateProposal?contributionId=12755-Helps us to edit the proposal contribution.	1674813963527	1674813963818	KO	status.find.is(200), but actually found 415
REQUEST		/updateProposal?contributionId=12755-Helps us to edit the proposal contribution.	1674813962982	1674813963827	OK	 
USER	Contribution API	START	1674813963882
REQUEST		/updateProposal?contributionId=12755-Helps us to edit the proposal contribution.	1674813963082	1674813963924	OK	 
REQUEST		/updateProposal?contributionId=12755-Helps us to edit the proposal contribution.	1674813963629	1674813963929	KO	status.find.is(200), but actually found 415
USER	Contribution API	START	1674813963982
REQUEST		/updateProposal?contributionId=12755-Helps us to edit the proposal contribution.	1674813963723	1674813964012	KO	status.find.is(200), but actually found 415
REQUEST		/updateProposal?contributionId=12755-Helps us to edit the proposal contribution.	1674813963181	1674813964026	OK	 
USER	Contribution API	START	1674813964082
REQUEST		/updateProposal?contributionId=12755-Helps us to edit the proposal contribution.	1674813963824	1674813964114	KO	status.find.is(200), but actually found 415
REQUEST		/updateProposal?contributionId=12755-Helps us to edit the proposal contribution.	1674813963281	1674813964118	OK	 
USER	Contribution API	START	1674813964180
REQUEST		/updateProposal?contributionId=12755-Helps us to edit the proposal contribution.	1674813963924	1674813964215	KO	status.find.is(200), but actually found 415
REQUEST		/updateProposal?contributionId=12755-Helps us to edit the proposal contribution.	1674813963381	1674813964229	OK	 
USER	Contribution API	START	1674813964281
USER	Contribution API	END	1674813964300
REQUEST		/updateProposal?contributionId=12755-Helps us to edit the proposal contribution.	1674813964020	1674813964309	KO	status.find.is(200), but actually found 415
USER	Contribution API	END	1674813964328
REQUEST		/updateProposal?contributionId=12755-Helps us to edit the proposal contribution.	1674813963481	1674813964335	OK	 
USER	Contribution API	START	1674813964381
REQUEST		/updateProposal?contributionId=12755-Helps us to edit the proposal contribution.	1674813964125	1674813964418	KO	status.find.is(200), but actually found 415
REQUEST		/updateProposal?contributionId=12755-Helps us to edit the proposal contribution.	1674813963581	1674813964421	OK	 
USER	Contribution API	END	1674813964422
USER	Contribution API	START	1674813964481
USER	Contribution API	END	1674813964510
REQUEST		/updateProposal?contributionId=12755-Helps us to edit the proposal contribution.	1674813964224	1674813964514	KO	status.find.is(200), but actually found 415
REQUEST		/updateProposal?contributionId=12755-Helps us to edit the proposal contribution.	1674813963682	1674813964525	OK	 
USER	Contribution API	START	1674813964581
REQUEST		/updateProposal?contributionId=12755-Helps us to edit the proposal contribution.	1674813964317	1674813964605	KO	status.find.is(200), but actually found 415
USER	Contribution API	END	1674813964617
REQUEST		/updateProposal?contributionId=12755-Helps us to edit the proposal contribution.	1674813963782	1674813964620	OK	 
USER	Contribution API	START	1674813964681
REQUEST		/updateProposal?contributionId=12755-Helps us to edit the proposal contribution.	1674813964434	1674813964738	KO	status.find.is(200), but actually found 415
REQUEST		/updateProposal?contributionId=12755-Helps us to edit the proposal contribution.	1674813963882	1674813964741	OK	 
USER	Contribution API	END	1674813964744
USER	Contribution API	START	1674813964781
REQUEST		/updateProposal?contributionId=12755-Helps us to edit the proposal contribution.	1674813964516	1674813964804	KO	status.find.is(200), but actually found 415
USER	Contribution API	END	1674813964822
REQUEST		/updateProposal?contributionId=12755-Helps us to edit the proposal contribution.	1674813963983	1674813964829	OK	 
USER	Contribution API	START	1674813964881
REQUEST		/updateProposal?contributionId=12755-Helps us to edit the proposal contribution.	1674813964082	1674813964918	OK	 
REQUEST		/updateProposal?contributionId=12755-Helps us to edit the proposal contribution.	1674813964625	1674813964920	KO	status.find.is(200), but actually found 415
USER	Contribution API	END	1674813964951
USER	Contribution API	START	1674813964981
USER	Contribution API	END	1674813965012
REQUEST		/updateProposal?contributionId=12755-Helps us to edit the proposal contribution.	1674813964181	1674813965017	OK	 
REQUEST		/updateProposal?contributionId=12755-Helps us to edit the proposal contribution.	1674813964728	1674813965023	KO	status.find.is(200), but actually found 415
USER	Contribution API	START	1674813965081
REQUEST		/updateProposal?contributionId=12755-Helps us to edit the proposal contribution.	1674813964830	1674813965128	KO	status.find.is(200), but actually found 415
REQUEST		/updateProposal?contributionId=12755-Helps us to edit the proposal contribution.	1674813964281	1674813965129	OK	 
USER	Contribution API	END	1674813965157
USER	Contribution API	START	1674813965180
REQUEST		/updateProposal?contributionId=12755-Helps us to edit the proposal contribution.	1674813964913	1674813965207	KO	status.find.is(200), but actually found 415
USER	Contribution API	END	1674813965211
REQUEST		/updateProposal?contributionId=12755-Helps us to edit the proposal contribution.	1674813964381	1674813965234	OK	 
USER	Contribution API	START	1674813965280
REQUEST		/updateProposal?contributionId=12755-Helps us to edit the proposal contribution.	1674813965012	1674813965301	KO	status.find.is(200), but actually found 415
REQUEST		/updateProposal?contributionId=12755-Helps us to edit the proposal contribution.	1674813964481	1674813965313	OK	 
USER	Contribution API	END	1674813965342
USER	Contribution API	START	1674813965380
REQUEST		/updateProposal?contributionId=12755-Helps us to edit the proposal contribution.	1674813965128	1674813965424	KO	status.find.is(200), but actually found 415
REQUEST		/updateProposal?contributionId=12755-Helps us to edit the proposal contribution.	1674813964581	1674813965425	OK	 
USER	Contribution API	END	1674813965446
USER	Contribution API	START	1674813965480
REQUEST		/updateProposal?contributionId=12755-Helps us to edit the proposal contribution.	1674813965225	1674813965530	KO	status.find.is(200), but actually found 415
REQUEST		/updateProposal?contributionId=12755-Helps us to edit the proposal contribution.	1674813964681	1674813965531	OK	 
USER	Contribution API	END	1674813965548
USER	Contribution API	START	1674813965580
REQUEST		/updateProposal?contributionId=12755-Helps us to edit the proposal contribution.	1674813965315	1674813965603	KO	status.find.is(200), but actually found 415
USER	Contribution API	END	1674813965621
REQUEST		/updateProposal?contributionId=12755-Helps us to edit the proposal contribution.	1674813964781	1674813965622	OK	 
USER	Contribution API	START	1674813965680
REQUEST		/updateProposal?contributionId=12755-Helps us to edit the proposal contribution.	1674813965428	1674813965715	KO	status.find.is(200), but actually found 415
REQUEST		/updateProposal?contributionId=12755-Helps us to edit the proposal contribution.	1674813964881	1674813965721	OK	 
USER	Contribution API	END	1674813965737
USER	Contribution API	START	1674813965780
USER	Contribution API	END	1674813965813
REQUEST		/updateProposal?contributionId=12755-Helps us to edit the proposal contribution.	1674813965523	1674813965817	KO	status.find.is(200), but actually found 415
REQUEST		/updateProposal?contributionId=12755-Helps us to edit the proposal contribution.	1674813964981	1674813965826	OK	 
USER	Contribution API	START	1674813965880
USER	Contribution API	END	1674813965914
REQUEST		/updateProposal?contributionId=12755-Helps us to edit the proposal contribution.	1674813965081	1674813965916	OK	 
REQUEST		/updateProposal?contributionId=12755-Helps us to edit the proposal contribution.	1674813965639	1674813965934	KO	status.find.is(200), but actually found 415
USER	Contribution API	START	1674813965980
USER	Contribution API	END	1674813966037
REQUEST		/updateProposal?contributionId=12755-Helps us to edit the proposal contribution.	1674813965180	1674813966044	OK	 
REQUEST		/updateProposal?contributionId=12755-Helps us to edit the proposal contribution.	1674813965737	1674813966046	KO	status.find.is(200), but actually found 415
USER	Contribution API	START	1674813966080
REQUEST		/updateProposal?contributionId=12755-Helps us to edit the proposal contribution.	1674813965281	1674813966110	OK	 
USER	Contribution API	END	1674813966112
REQUEST		/updateProposal?contributionId=12755-Helps us to edit the proposal contribution.	1674813965828	1674813966123	KO	status.find.is(200), but actually found 415
USER	Contribution API	START	1674813966180
REQUEST		/updateProposal?contributionId=12755-Helps us to edit the proposal contribution.	1674813965381	1674813966208	OK	 
REQUEST		/updateProposal?contributionId=12755-Helps us to edit the proposal contribution.	1674813965936	1674813966230	KO	status.find.is(200), but actually found 415
USER	Contribution API	END	1674813966234
USER	Contribution API	START	1674813966280
REQUEST		/updateProposal?contributionId=12755-Helps us to edit the proposal contribution.	1674813966017	1674813966317	KO	status.find.is(200), but actually found 415
USER	Contribution API	END	1674813966322
REQUEST		