RUN	Simulations.Create	create	1672820323792	 	3.5.1
USER	Create  Scenario	START	1672820330123
USER	Create  Scenario	START	1672820330367
USER	Create  Scenario	START	1672820330618
USER	Create  Scenario	START	1672820330868
USER	Create  Scenario	START	1672820331119
USER	Create  Scenario	START	1672820331451
USER	Create  Scenario	START	1672820331785
USER	Create  Scenario	START	1672820332120
USER	Create  Scenario	START	1672820332451
USER	Create  Scenario	START	1672820332784
USER	Create  Scenario	START	1672820333118
USER	Create  Scenario	START	1672820333368
USER	Create  Scenario	START	1672820333618
USER	Create  Scenario	START	1672820333868
USER	Create  Scenario	START	1672820334119
USER	Create  Scenario	START	1672820334451
USER	Create  Scenario	START	1672820334784
USER	Create  Scenario	START	1672820335119
USER	Create  Scenario	START	1672820335450
USER	Create  Scenario	START	1672820335784
USER	Create  Scenario	START	1672820336118
USER	Create  Scenario	START	1672820336368
USER	Create  Scenario	START	1672820336618
USER	Create  Scenario	START	1672820336868
USER	Create  Scenario	START	1672820337119
REQUEST		Proposal	1672820330618	1672820337230	OK	 
USER	Create  Scenario	START	1672820337450
USER	Create  Scenario	START	1672820337783
USER	Create  Scenario	START	1672820338117
USER	Create  Scenario	START	1672820338451
REQUEST		Proposal	1672820331786	1672820338736	OK	 
USER	Create  Scenario	START	1672820338784
USER	Create  Scenario	START	1672820339118
USER	Create  Scenario	START	1672820339367
USER	Create  Scenario	START	1672820339617
REQUEST		Proposal	1672820332120	1672820339666	OK	 
USER	Create  Scenario	START	1672820339867
USER	Create  Scenario	START	1672820340118
USER	Create  Scenario	END	1672820340248
USER	Create  Scenario	START	1672820340450
USER	Create  Scenario	START	1672820340783
USER	Create  Scenario	START	1672820341117
USER	Create  Scenario	START	1672820341450
USER	Create  Scenario	END	1672820341737
REQUEST		Proposal	1672820334452	1672820341771	OK	 
USER	Create  Scenario	START	1672820341783
REQUEST		Proposal	1672820333869	1672820341942	OK	 
USER	Create  Scenario	START	1672820342117
REQUEST		Proposal	1672820334120	1672820342289	OK	 
USER	Create  Scenario	START	1672820342367
USER	Create  Scenario	START	1672820342618
USER	Create  Scenario	END	1672820342667
USER	Create  Scenario	START	1672820342867
USER	Create  Scenario	START	1672820343117
USER	Create  Scenario	START	1672820343451
USER	Create  Scenario	START	1672820343784
REQUEST		Proposal	1672820333369	1672820343869	OK	 
USER	Create  Scenario	START	1672820344118
USER	Create  Scenario	START	1672820344451
USER	Create  Scenario	END	1672820344772
USER	Create  Scenario	START	1672820344783
USER	Create  Scenario	END	1672820344943
USER	Create  Scenario	START	1672820345117
USER	Create  Scenario	END	1672820345290
USER	Create  Scenario	START	1672820345368
USER	Create  Scenario	START	1672820345618
USER	Create  Scenario	START	1672820345868
USER	Create  Scenario	START	1672820346118
USER	Create  Scenario	START	1672820346450
USER	Create  Scenario	START	1672820346783
USER	Create  Scenario	END	1672820346871
USER	Create  Scenario	START	1672820347118
REQUEST		Proposal	1672820339868	1672820347120	OK	 
USER	Create  Scenario	START	1672820347450
USER	Create  Scenario	START	1672820347783
USER	Create  Scenario	START	1672820348117
USER	Create  Scenario	START	1672820348367
USER	Create  Scenario	START	1672820348617
USER	Create  Scenario	START	1672820348868
REQUEST		Proposal	1672820337451	1672820348990	OK	 
USER	Create  Scenario	START	1672820349118
USER	Create  Scenario	START	1672820349451
REQUEST		Proposal	1672820337784	1672820349648	OK	 
REQUEST		Proposal	1672820339618	1672820349718	OK	 
USER	Create  Scenario	START	1672820349784
USER	Create  Scenario	START	1672820350118
USER	Create  Scenario	END	1672820350121
USER	Create  Scenario	START	1672820350451
USER	Create  Scenario	START	1672820350784
USER	Create  Scenario	START	1672820351118
USER	Create  Scenario	START	1672820351368
REQUEST		Proposal	1672820343118	1672820351399	OK	 
USER	Create  Scenario	START	1672820351618
USER	Create  Scenario	START	1672820351867
REQUEST		Proposal	1672820338452	1672820351918	OK	 
USER	Create  Scenario	END	1672820351991
USER	Create  Scenario	START	1672820352118
REQUEST		Proposal	1672820342118	1672820352375	OK	 
USER	Create  Scenario	START	1672820352451
USER	Create  Scenario	END	1672820352649
USER	Create  Scenario	END	1672820352719
USER	Create  Scenario	START	1672820352784
USER	Create  Scenario	START	1672820353118
REQUEST		Proposal	1672820344784	1672820353340	OK	 
REQUEST		Proposal	1672820336368	1672820353352	OK	 
USER	Create  Scenario	START	1672820353451
USER	Create  Scenario	START	1672820353784
USER	Create  Scenario	START	1672820354118
REQUEST		Proposal	1672820338785	1672820354330	OK	 
USER	Create  Scenario	START	1672820354369
USER	Create  Scenario	END	1672820354400
USER	Create  Scenario	START	1672820354618
USER	Create  Scenario	START	1672820354868
USER	Create  Scenario	END	1672820354920
USER	Create  Scenario	START	1672820355118
USER	Create  Scenario	END	1672820355376
USER	Create  Scenario	START	1672820355451
USER	Create  Scenario	START	1672820355785
USER	Create  Scenario	START	1672820356119
USER	Create  Scenario	END	1672820356341
USER	Create  Scenario	END	1672820356353
USER	Create  Scenario	START	1672820356450
REQUEST		Proposal	1672820349451	1672820356662	OK	 
USER	Create  Scenario	START	1672820356784
USER	Create  Scenario	START	1672820357118
USER	Create  Scenario	END	1672820357331
REQUEST		Proposal	1672820350118	1672820357353	OK	 
USER	Create  Scenario	START	1672820357368
USER	Create  Scenario	START	1672820357618
USER	Create  Scenario	START	1672820357868
USER	Create  Scenario	START	1672820358118
USER	Create  Scenario	START	1672820358451
REQUEST		Proposal	1672820342367	1672820358633	OK	 
USER	Create  Scenario	START	1672820358784
REQUEST		Proposal	1672820347451	1672820359030	OK	 
USER	Create  Scenario	START	1672820359118
USER	Create  Scenario	START	1672820359450
USER	Create  Scenario	END	1672820359663
USER	Create  Scenario	START	1672820359784
USER	Create  Scenario	END	1672820360354
USER	Create  Scenario	END	1672820361634
USER	Create  Scenario	END	1672820362032
REQUEST		Proposal	1672820342618	1672820362050	OK	 
REQUEST		Proposal	1672820345868	1672820363043	OK	 
REQUEST		Proposal	1672820355119	1672820363969	OK	 
REQUEST		Proposal	1672820355452	1672820364103	OK	 
REQUEST		Proposal	1672820354118	1672820365014	OK	 
USER	Create  Scenario	END	1672820365051
USER	Create  Scenario	END	1672820366044
REQUEST		Proposal	1672820353119	1672820366306	OK	 
REQUEST		Proposal	1672820350784	1672820366526	OK	 
USER	Create  Scenario	END	1672820366970
USER	Create  Scenario	END	1672820367104
USER	Create  Scenario	END	1672820368015
REQUEST		Proposal	1672820359450	1672820368133	OK	 
USER	Create  Scenario	END	1672820369307
USER	Create  Scenario	END	1672820369527
REQUEST		Proposal	1672820351868	1672820370700	OK	 
USER	Create  Scenario	END	1672820371134
REQUEST		Proposal	1672820347118	1672820371305	OK	 
REQUEST		Proposal	1672820357119	1672820371588	OK	 
USER	Create  Scenario	END	1672820373701
REQUEST		Proposal	1672820349118	1672820373848	OK	 
USER	Create  Scenario	END	1672820374307
USER	Create  Scenario	END	1672820374589
REQUEST		Proposal	1672820356451	1672820374977	OK	 
USER	Create  Scenario	END	1672820376849
USER	Create  Scenario	END	1672820377978
REQUEST		Proposal	1672820330368	1672820379258	OK	 
USER	Create  Scenario	END	1672820382258
REQUEST		Proposal	1672820330142	1672820390142	KO	i.g.h.c.i.RequestTimeoutException: Request timeout to backend-qa.knoldus.com/34.132.142.94:443 after 60000 ms
REQUEST		Proposal	1672820343451	1672820390445	OK	 
REQUEST		Proposal	1672820333119	1672820390663	OK	 
REQUEST		Proposal	1672820330869	1672820390869	KO	i.g.h.c.i.RequestTimeoutException: Request timeout to backend-qa.knoldus.com/34.132.142.94:443 after 60000 ms
REQUEST		Proposal	1672820331119	1672820391119	KO	i.g.h.c.i.RequestTimeoutException: Request timeout to backend-qa.knoldus.com/34.132.142.94:443 after 60000 ms
REQUEST		Proposal	1672820331452	1672820391452	KO	i.g.h.c.i.RequestTimeoutException: Request timeout to backend-qa.knoldus.com/34.132.142.94:443 after 60000 ms
REQUEST		Proposal	1672820352784	1672820392400	OK	 
REQUEST		Proposal	1672820332452	1672820392452	KO	i.g.h.c.i.RequestTimeoutException: Request timeout to backend-qa.knoldus.com/34.132.142.94:443 after 60000 ms
REQUEST		Proposal	1672820332784	1672820392784	KO	i.g.h.c.i.RequestTimeoutException: Request timeout to backend-qa.knoldus.com/34.132.142.94:443 after 60000 ms
USER	Create  Scenario	END	1672820393146
USER	Create  Scenario	END	1672820393446
REQUEST		Proposal	1672820333618	1672820393619	KO	i.g.h.c.i.RequestTimeoutException: Request timeout to backend-qa.knoldus.com/34.132.142.94:443 after 60000 ms
USER	Create  Scenario	END	1672820393663
USER	Create  Scenario	END	1672820393869
USER	Create  Scenario	END	1672820394120
USER	Create  Scenario	END	1672820394453
REQUEST		Proposal	1672820334785	1672820394785	KO	i.g.h.c.i.RequestTimeoutException: Request timeout to backend-qa.knoldus.com/34.132.142.94:443 after 60000 ms
REQUEST		Proposal	1672820335119	1672820395119	KO	i.g.h.c.i.RequestTimeoutException: Request timeout to backend-qa.knoldus.com/34.132.142.94:443 after 60000 ms
USER	Create  Scenario	END	1672820395401
REQUEST		Proposal	1672820335451	1672820395451	KO	i.g.h.c.i.RequestTimeoutException: Request timeout to backend-qa.knoldus.com/34.132.142.94:443 after 60000 ms
USER	Create  Scenario	END	1672820395452
REQUEST		Proposal	1672820335784	1672820395784	KO	i.g.h.c.i.RequestTimeoutException: Request timeout to backend-qa.knoldus.com/34.132.142.94:443 after 60000 ms
USER	Create  Scenario	END	1672820395785
REQUEST		Proposal	1672820336118	1672820396118	KO	i.g.h.c.i.RequestTimeoutException: Request timeout to backend-qa.knoldus.com/34.132.142.94:443 after 60000 ms
REQUEST		Proposal	1672820336618	1672820396619	KO	i.g.h.c.i.RequestTimeoutException: Request timeout to backend-qa.knoldus.com/34.132.142.94:443 after 60000 ms
USER	Create  Scenario	END	1672820396619
REQUEST		Proposal	1672820336869	1672820396869	KO	i.g.h.c.i.RequestTimeoutException: Request timeout to backend-qa.knoldus.com/34.132.142.94:443 after 60000 ms
REQUEST		Proposal	1672820337119	1672820397119	KO	i.g.h.c.i.RequestTimeoutException: Request timeout to backend-qa.knoldus.com/34.132.142.94:443 after 60000 ms
USER	Create  Scenario	END	1672820397786
REQUEST		Proposal	1672820338118	1672820398118	KO	i.g.h.c.i.RequestTimeoutException: Request timeout to backend-qa.knoldus.com/34.132.142.94:443 after 60000 ms
USER	Create  Scenario	END	1672820398119
USER	Create  Scenario	END	1672820398451
USER	Create  Scenario	END	1672820398785
REQUEST		Proposal	1672820339118	1672820399118	KO	i.g.h.c.i.RequestTimeoutException: Request timeout to backend-qa.knoldus.com/34.132.142.94:443 after 60000 ms
USER	Create  Scenario	END	1672820399119
REQUEST		Proposal	1672820339368	1672820399368	KO	i.g.h.c.i.RequestTimeoutException: Request timeout to backend-qa.knoldus.com/34.132.142.94:443 after 60000 ms
USER	Create  Scenario	END	1672820399619
USER	Create  Scenario	END	1672820399870
REQUEST		Proposal	1672820340118	1672820400118	KO	i.g.h.c.i.RequestTimeoutException: Request timeout to backend-qa.knoldus.com/34.132.142.94:443 after 60000 ms
USER	Create  Scenario	END	1672820400120
REQUEST		Proposal	1672820340450	1672820400450	KO	i.g.h.c.i.RequestTimeoutException: Request timeout to backend-qa.knoldus.com/34.132.142.94:443 after 60000 ms
REQUEST		Proposal	1672820340784	1672820400784	KO	i.g.h.c.i.RequestTimeoutException: Request timeout to backend-qa.knoldus.com/34.132.142.94:443 after 60000 ms
REQUEST		Proposal	1672820341117	1672820401117	KO	i.g.h.c.i.RequestTimeoutException: Request timeout to backend-qa.knoldus.com/34.132.142.94:443 after 60000 ms
USER	Create  Scenario	END	1672820401119
REQUEST		Proposal	1672820341450	1672820401450	KO	i.g.h.c.i.RequestTimeoutException: Request timeout to backend-qa.knoldus.com/34.132.142.94:443 after 60000 ms
REQUEST		Proposal	1672820341783	1672820401784	KO	i.g.h.c.i.RequestTimeoutException: Request timeout to backend-qa.knoldus.com/34.132.142.94:443 after 60000 ms
USER	Create  Scenario	END	1672820402119
USER	Create  Scenario	END	1672820402368
REQUEST		Proposal	1672820342868	1672820402868	KO	i.g.h.c.i.RequestTimeoutException: Request timeout to backend-qa.knoldus.com/34.132.142.94:443 after 60000 ms
USER	Create  Scenario	END	1672820403118
USER	Create  Scenario	END	1672820403451
USER	Create  Scenario	END	1672820403784
REQUEST		Proposal	1672820343784	1672820403784	KO	i.g.h.c.i.RequestTimeoutException: Request timeout to backend-qa.knoldus.com/34.132.142.94:443 after 60000 ms
USER	Create  Scenario	END	1672820404118
REQUEST		Proposal	1672820344118	1672820404119	KO	i.g.h.c.i.RequestTimeoutException: Request timeout to backend-qa.knoldus.com/34.132.142.94:443 after 60000 ms
REQUEST		Proposal	1672820344451	1672820404451	KO	i.g.h.c.i.RequestTimeoutException: Request timeout to backend-qa.knoldus.com/34.132.142.94:443 after 60000 ms
USER	Create  Scenario	END	1672820404451
USER	Create  Scenario	END	1672820404784
REQUEST		Proposal	1672820345118	1672820405118	KO	i.g.h.c.i.RequestTimeoutException: Request timeout to backend-qa.knoldus.com/34.132.142.94:443 after 60000 ms
REQUEST		Proposal	1672820345368	1672820405368	KO	i.g.h.c.i.RequestTimeoutException: Request timeout to backend-qa.knoldus.com/34.132.142.94:443 after 60000 ms
REQUEST		Proposal	1672820345618	1672820405618	KO	i.g.h.c.i.RequestTimeoutException: Request timeout to backend-qa.knoldus.com/34.132.142.94:443 after 60000 ms
USER	Create  Scenario	END	1672820405868
REQUEST		Proposal	1672820346118	1672820406118	KO	i.g.h.c.i.RequestTimeoutException: Request timeout to backend-qa.knoldus.com/34.132.142.94:443 after 60000 ms
REQUEST		Proposal	1672820346450	1672820406451	KO	i.g.h.c.i.RequestTimeoutException: Request timeout to backend-qa.knoldus.com/34.132.142.94:443 after 60000 ms
REQUEST		Proposal	1672820346784	1672820406784	KO	i.g.h.c.i.RequestTimeoutException: Request timeout to backend-qa.knoldus.com/34.132.142.94:443 after 60000 ms
USER	Create  Scenario	END	1672820406784
USER	Create  Scenario	END	1672820407119
USER	Create  Scenario	END	1672820407452
REQUEST		Proposal	1672820347784	1672820407784	KO	i.g.h.c.i.RequestTimeoutException: Request timeout to backend-qa.knoldus.com/34.132.142.94:443 after 60000 ms
USER	Create  Scenario	END	1672820408118
REQUEST		Proposal	1672820348118	1672820408119	KO	i.g.h.c.i.RequestTimeoutException: Request timeout to backend-qa.knoldus.com/34.132.142.94:443 after 60000 ms
REQUEST		Proposal	1672820348368	1672820408368	KO	i.g.h.c.i.RequestTimeoutException: Request timeout to backend-qa.knoldus.com/34.132.142.94:443 after 60000 ms
USER	Create  Scenario	END	1672820408368
REQUEST		Proposal	1672820348618	1672820408618	KO	i.g.h.c.i.RequestTimeoutException: Request timeout to backend-qa.knoldus.com/34.132.142.94:443 after 60000 ms
USER	Create  Scenario	END	1672820408619
REQUEST		Proposal	1672820348868	1672820408868	KO	i.g.h.c.i.RequestTimeoutException: Request timeout to backend-qa.knoldus.com/34.132.142.94:443 after 60000 ms
USER	Create  Scenario	END	1672820409119
USER	Create  Scenario	END	1672820409451
REQUEST		Proposal	1672820356119	1672820409552	OK	 
USER	Create  Scenario	END	1672820409784
REQUEST		Proposal	1672820349784	1672820409785	KO	i.g.h.c.i.RequestTimeoutException: Request timeout to backend-qa.knoldus.com/34.132.142.94:443 after 60000 ms
REQUEST		Proposal	1672820350451	1672820410451	KO	i.g.h.c.i.RequestTimeoutException: Request timeout to backend-qa.knoldus.com/34.132.142.94:443 after 60000 ms
USER	Create  Scenario	END	1672820410784
REQUEST		Proposal	1672820351118	1672820411119	KO	i.g.h.c.i.RequestTimeoutException: Request timeout to backend-qa.knoldus.com/34.132.142.94:443 after 60000 ms
USER	Create  Scenario	END	1672820411119
REQUEST		Proposal	1672820351368	1672820411368	KO	i.g.h.c.i.RequestTimeoutException: Request timeout to backend-qa.knoldus.com/34.132.142.94:443 after 60000 ms
USER	Create  Scenario	END	1672820411368
REQUEST		Proposal	1672820351618	1672820411618	KO	i.g.h.c.i.RequestTimeoutException: Request timeout to backend-qa.knoldus.com/34.132.142.94:443 after 60000 ms
USER	Create  Scenario	END	1672820411619
USER	Create  Scenario	END	1672820411869
REQUEST		Proposal	1672820352118	1672820412119	KO	i.g.h.c.i.RequestTimeoutException: Request timeout to backend-qa.knoldus.com/34.132.142.94:443 after 60000 ms
REQUEST		Proposal	1672820352452	1672820412452	KO	i.g.h.c.i.RequestTimeoutException: Request timeout to backend-qa.knoldus.com/34.132.142.94:443 after 60000 ms
USER	Create  Scenario	END	1672820412553
USER	Create  Scenario	END	1672820412785
REQUEST		Proposal	1672820353451	1672820413451	KO	i.g.h.c.i.RequestTimeoutException: Request timeout to backend-qa.knoldus.com/34.132.142.94:443 after 60000 ms
USER	Create  Scenario	END	1672820413452
REQUEST		Proposal	1672820353785	1672820413785	KO	i.g.h.c.i.RequestTimeoutException: Request timeout to backend-qa.knoldus.com/34.132.142.94:443 after 60000 ms
USER	Create  Scenario	END	1672820414119
USER	Create  Scenario	END	1672820414369
REQUEST		Proposal	1672820354369	1672820414369	KO	i.g.h.c.i.RequestTimeoutException: Request timeout to backend-qa.knoldus.com/34.132.142.94:443 after 60000 ms
REQUEST		Proposal	1672820354618	1672820414619	KO	i.g.h.c.i.RequestTimeoutException: Request timeout to backend-qa.knoldus.com/34.132.142.94:443 after 60000 ms
USER	Create  Scenario	END	1672820414619
REQUEST		Proposal	1672820354869	1672820414869	KO	i.g.h.c.i.RequestTimeoutException: Request timeout to backend-qa.knoldus.com/34.132.142.94:443 after 60000 ms
REQUEST		Proposal	1672820357868	1672820414989	OK	 
USER	Create  Scenario	END	1672820415119
USER	Create  Scenario	END	1672820415452
REQUEST		Proposal	1672820355785	1672820415785	KO	i.g.h.c.i.RequestTimeoutException: Request timeout to backend-qa.knoldus.com/34.132.142.94:443 after 60000 ms
REQUEST		Proposal	1672820358451	1672820416145	OK	 
REQUEST		Proposal	1672820359785	1672820416323	OK	 
USER	Create  Scenario	END	1672820416452
REQUEST		Proposal	1672820356784	1672820416784	KO	i.g.h.c.i.RequestTimeoutException: Request timeout to backend-qa.knoldus.com/34.132.142.94:443 after 60000 ms
USER	Create  Scenario	END	1672820416786
REQUEST		Proposal	1672820357368	1672820417368	KO	i.g.h.c.i.RequestTimeoutException: Request timeout to backend-qa.knoldus.com/34.132.142.94:443 after 60000 ms
USER	Create  Scenario	END	1672820417370
REQUEST		Proposal	1672820357618	1672820417619	KO	i.g.h.c.i.RequestTimeoutException: Request timeout to backend-qa.knoldus.com/34.132.142.94:443 after 60000 ms
USER	Create  Scenario	END	1672820417619
USER	Create  Scenario	END	1672820417869
USER	Create  Scenario	END	1672820417992
REQUEST		Proposal	1672820358119	1672820418119	KO	i.g.h.c.i.RequestTimeoutException: Request timeout to backend-qa.knoldus.com/34.132.142.94:443 after 60000 ms
REQUEST		Proposal	1672820358784	1672820418784	KO	i.g.h.c.i.RequestTimeoutException: Request timeout to backend-qa.knoldus.com/34.132.142.94:443 after 60000 ms
USER	Create  Scenario	END	1672820418786
REQUEST		Proposal	1672820359118	1672820419118	KO	i.g.h.c.i.RequestTimeoutException: Request timeout to backend-qa.knoldus.com/34.132.142.94:443 after 60000 ms
USER	Create  Scenario	END	1672820419147
USER	Create  Scenario	END	1672820419324
USER	Create  Scenario	END	1672820419785
USER	Create  Scenario	END	1672820420369
USER	Create  Scenario	END	1672820420619
USER	Create  Scenario	END	1672820421119
USER	Create  Scenario	END	1672820421785
USER	Create  Scenario	END	1672820422119
