RUN	Simulations.Runner.Go1percent	go1percent	1676386649061	 	3.5.1
USER	Summary API	START	1676386650594
USER	Summary API	START	1676386650272
USER	Summary API	START	1676386650928
USER	Summary API	START	1676386651262
USER	Summary API	START	1676386651596
USER	Summary API	START	1676386651929
USER	Summary API	START	1676386652264
USER	Summary API	START	1676386652589
REQUEST		My Techup - Fetch approved Techup	1676386650595	1676386652833	OK	 
REQUEST		My Techup - Fetch approved Techup	1676386651930	1676386652831	OK	 
REQUEST		My Techup - Fetch approved Techup	1676386651263	1676386652850	OK	 
REQUEST		My Techup - Fetch approved Techup	1676386651597	1676386652876	OK	 
REQUEST		My Techup - Fetch approved Techup	1676386650293	1676386652877	OK	 
REQUEST		My Techup - Fetch approved Techup	1676386650929	1676386652877	OK	 
USER	Summary API	START	1676386652922
REQUEST		My Techup - Fetch approved Techup	1676386652264	1676386653242	OK	 
USER	Summary API	START	1676386653257
REQUEST		My Techup - Fetch approved Techup	1676386652589	1676386653496	OK	 
USER	Summary API	START	1676386653588
REQUEST		My Techup - Fetch approved Techup	1676386652923	1676386653807	OK	 
USER	Summary API	START	1676386653922
REQUEST		My Techup - Fetch approved Techup	1676386653257	1676386654244	OK	 
USER	Summary API	START	1676386654257
REQUEST		My Techup - Fetch approved Techup	1676386653589	1676386654493	OK	 
USER	Summary API	START	1676386654588
REQUEST		My Techup - Fetch approved Techup	1676386653923	1676386654798	OK	 
USER	Summary API	START	1676386654922
REQUEST		My Techup - Fetch approved Techup	1676386654257	1676386655240	OK	 
USER	Summary API	START	1676386655257
REQUEST		My Techup - Fetch approved Techup	1676386654589	1676386655492	OK	 
USER	Summary API	START	1676386655589
REQUEST		My Techup - Fetch approved Techup	1676386654923	1676386655800	OK	 
USER	Summary API	START	1676386655922
USER	Summary API	START	1676386656256
REQUEST		My Techup - Fetch approved Techup	1676386655257	1676386656283	OK	 
REQUEST		My Techup - Fetch approved Techup	1676386655589	1676386656521	OK	 
REQUEST		Approval Techup - Fetch approval Techups	1676386655850	1676386656578	OK	 
REQUEST		Approval Techup - Fetch approval Techups	1676386655851	1676386656579	OK	 
REQUEST		Approval Techup - Fetch approval Techups	1676386655878	1676386656580	OK	 
USER	Summary API	START	1676386656589
REQUEST		Approval Techup - Fetch approval Techups	1676386655878	1676386656752	OK	 
REQUEST		Approval Techup - Fetch approval Techups	1676386655851	1676386656753	OK	 
REQUEST		Approval Techup - Fetch approval Techups	1676386655877	1676386656753	OK	 
REQUEST		Approval Techup - Fetch approval Techups	1676386656243	1676386656753	OK	 
REQUEST		My Techup - Fetch approved Techup	1676386655922	1676386656791	OK	 
USER	Summary API	START	1676386656922
REQUEST		Approval Techup - Fetch approval Techups	1676386656497	1676386657009	OK	 
REQUEST		My Techup - Fetch approved Techup	1676386656256	1676386657243	OK	 
USER	Summary API	START	1676386657256
REQUEST		Approval Techup - Fetch approval Techups	1676386656808	1676386657278	OK	 
REQUEST		My Techup - Fetch approved Techup	1676386656589	1676386657496	OK	 
USER	Summary API	START	1676386657589
REQUEST		Approval Techup - Fetch approval Techups	1676386657245	1676386657721	OK	 
REQUEST		My Techup - Fetch approved Techup	1676386656923	1676386657813	OK	 
USER	Summary API	START	1676386657921
REQUEST		Approval Techup - Fetch approval Techups	1676386657494	1676386657973	OK	 
USER	Summary API	START	1676386658256
REQUEST		My Techup - Fetch approved Techup	1676386657257	1676386658263	OK	 
REQUEST		Approval Techup - Fetch approval Techups	1676386657799	1676386658292	OK	 
REQUEST		My Techup - Fetch approved Techup	1676386657590	1676386658485	OK	 
USER	Summary API	START	1676386658589
REQUEST		Approval Techup - Fetch approval Techups	1676386658241	1676386658719	OK	 
REQUEST		My Techup - Fetch approved Techup	1676386657922	1676386658794	OK	 
USER	Summary API	START	1676386658922
REQUEST		Approval Techup - Fetch approval Techups	1676386658493	1676386658966	OK	 
REQUEST		My Techup - Fetch approved Techup	1676386658256	1676386659235	OK	 
USER	Summary API	START	1676386659256
REQUEST		Approval Techup - Fetch approval Techups	1676386658801	1676386659269	OK	 
REQUEST		My Techup - Fetch approved Techup	1676386658589	1676386659483	OK	 
USER	Summary API	START	1676386659588
REQUEST		Approval Techup - Fetch approval Techups	1676386659284	1676386659770	OK	 
REQUEST		My Techup - Fetch approved Techup	1676386658922	1676386659791	OK	 
USER	Summary API	START	1676386659922
REQUEST		Approval Techup - Fetch approval Techups	1676386659522	1676386660223	OK	 
USER	Summary API	START	1676386660255
REQUEST		My Techup - Fetch approved Techup	1676386659256	1676386660311	OK	 
REQUEST		AllTechup - Fetch all Techup	1676386659579	1676386660324	OK	 
REQUEST		AllTechup - Fetch all Techup	1676386659581	1676386660324	OK	 
REQUEST		AllTechup - Fetch all Techup	1676386659580	1676386660324	OK	 
REQUEST		AllTechup - Fetch all Techup	1676386659755	1676386660461	OK	 
REQUEST		AllTechup - Fetch all Techup	1676386659754	1676386660470	OK	 
REQUEST		Approval Techup - Fetch approval Techups	1676386659792	1676386660489	OK	 
REQUEST		AllTechup - Fetch all Techup	1676386659754	1676386660497	OK	 
REQUEST		AllTechup - Fetch all Techup	1676386659754	1676386660504	OK	 
REQUEST		My Techup - Fetch approved Techup	1676386659589	1676386660535	OK	 
REQUEST		AllTechup - Fetch all Techup	1676386660011	1676386660541	OK	 
USER	Summary API	START	1676386660589
USER	Summary API	START	1676386660922
REQUEST		Approval Techup - Fetch approval Techups	1676386660244	1676386661077	OK	 
REQUEST		My Techup - Fetch approved Techup	1676386659922	1676386661077	OK	 
REQUEST		Approval Techup - Fetch approval Techups	1676386660497	1676386661077	OK	 
REQUEST		AllTechup - Fetch all Techup	1676386660279	1676386661078	OK	 
USER	Summary API	START	1676386661256
REQUEST		AllTechup - Fetch all Techup	1676386660723	1676386661281	OK	 
REQUEST		My Techup - Fetch approved Techup	1676386660256	1676386661281	OK	 
REQUEST		Approval Techup - Fetch approval Techups	1676386660814	1676386661284	OK	 
REQUEST		AllTechup - Fetch all Techup	1676386660974	1676386661561	OK	 
USER	Summary API	START	1676386661588
REQUEST		My Techup - Fetch approved Techup	1676386660589	1676386661724	OK	 
REQUEST		Approval Techup - Fetch approval Techups	1676386661264	1676386661882	OK	 
REQUEST		AllTechup - Fetch all Techup	1676386661293	1676386661883	OK	 
USER	Summary API	START	1676386661922
USER	Summary API	START	1676386662256
REQUEST		My Techup - Fetch approved Techup	1676386660922	1676386662522	OK	 
REQUEST		My Techup - Fetch approved Techup	1676386661256	1676386662534	OK	 
REQUEST		My Techup - Fetch approved Techup	1676386661589	1676386662539	OK	 
REQUEST		Approval Techup - Fetch approval Techups	1676386661486	1676386662560	OK	 
REQUEST		AllTechup - Fetch all Techup	1676386661720	1676386662567	OK	 
USER	Summary API	START	1676386662588
REQUEST		Approval Techup - Fetch approval Techups	1676386661795	1676386662775	OK	 
REQUEST		AllTechup - Fetch all Techup	1676386661968	1676386662775	OK	 
REQUEST		Approval Techup - Fetch approval Techups	1676386662236	1676386662782	OK	 
REQUEST		AllTechup - Fetch all Techup	1676386662270	1676386662801	OK	 
USER	Summary API	START	1676386662921
REQUEST		My Techup - Fetch approved Techup	1676386661922	1676386662999	OK	 
REQUEST		Approval Techup - Fetch approval Techups	1676386662484	1676386663024	OK	 
USER	Summary API	START	1676386663256
REQUEST		My Techup - Fetch approved Techup	1676386662256	1676386663298	OK	 
REQUEST		AllTechup - Fetch all Techup	1676386662771	1676386663309	OK	 
REQUEST		Approval Techup - Fetch approval Techups	1676386662792	1676386663328	OK	 
USER	Summary API	END	1676386663330
USER	Summary API	END	1676386663330
USER	Summary API	END	1676386663330
USER	Summary API	END	1676386663462
USER	Summary API	END	1676386663472
USER	Summary API	END	1676386663498
USER	Summary API	END	1676386663506
REQUEST		My Techup - Fetch approved Techup	1676386662589	1676386663510	OK	 
USER	Summary API	END	1676386663542
USER	Summary API	START	1676386663588
REQUEST		AllTechup - Fetch all Techup	1676386663224	1676386663732	OK	 
REQUEST		Approval Techup - Fetch approval Techups	1676386663312	1676386663785	OK	 
REQUEST		My Techup - Fetch approved Techup	1676386662922	1676386663798	OK	 
USER	Summary API	START	1676386663922
REQUEST		AllTechup - Fetch all Techup	1676386663490	1676386664003	OK	 
REQUEST		Approval Techup - Fetch approval Techups	1676386663537	1676386664034	OK	 
USER	Summary API	END	1676386664079
USER	Summary API	START	1676386664256
REQUEST		My Techup - Fetch approved Techup	1676386663256	1676386664259	OK	 
USER	Summary API	END	1676386664283
REQUEST		My Techup - Fetch approved Techup	1676386663589	1676386664526	OK	 
USER	Summary API	END	1676386664562
REQUEST		Approval Techup - Fetch approval Techups	1676386664078	1676386664573	OK	 
REQUEST		AllTechup - Fetch all Techup	1676386664079	1676386664575	OK	 
USER	Summary API	START	1676386664589
REQUEST		AllTechup - Fetch all Techup	1676386664078	1676386664737	OK	 
REQUEST		Approval Techup - Fetch approval Techups	1676386664283	1676386664769	OK	 
REQUEST		My Techup - Fetch approved Techup	1676386663922	1676386664797	OK	 
REQUEST		AllTechup - Fetch all Techup	1676386664285	1676386664798	OK	 
USER	Summary API	END	1676386664884
USER	Summary API	START	1676386664922
REQUEST		Approval Techup - Fetch approval Techups	1676386664725	1676386665218	OK	 
USER	Summary API	START	1676386665256
REQUEST		My Techup - Fetch approved Techup	1676386664256	1676386665260	OK	 
REQUEST		AllTechup - Fetch all Techup	1676386664884	1676386665320	OK	 
REQUEST		My Techup - Fetch approved Techup	1676386664589	1676386665506	OK	 
USER	Summary API	END	1676386665569
USER	Summary API	START	1676386665588
USER	Summary API	END	1676386665776
USER	Summary API	END	1676386665803
REQUEST		My Techup - Fetch approved Techup	1676386664923	1676386665802	OK	 
USER	Summary API	START	1676386665921
REQUEST		Approval Techup - Fetch approval Techups	1676386665535	1676386666023	OK	 
REQUEST		Approval Techup - Fetch approval Techups	1676386665523	1676386666026	OK	 
REQUEST		AllTechup - Fetch all Techup	1676386665562	1676386666058	OK	 
REQUEST		Approval Techup - Fetch approval Techups	1676386665540	1676386666058	OK	 
USER	Summary API	START	1676386666255
USER	Summary API	END	1676386666311
USER	Summary API	START	1676386666588
USER	Summary API	END	1676386666733
USER	Summary API	START	1676386666922
USER	Summary API	END	1676386667005
REQUEST		My Techup - Fetch approved Techup	1676386665257	1676386667005	OK	 
REQUEST		AllTechup - Fetch all Techup	1676386665776	1676386667064	OK	 
REQUEST		AllTechup - Fetch all Techup	1676386665783	1676386667065	OK	 
REQUEST		My Techup - Fetch approved Techup	1676386665589	1676386667218	OK	 
REQUEST		My Techup - Fetch approved Techup	1676386665922	1676386667229	OK	 
USER	Summary API	START	1676386667256
REQUEST		Approval Techup - Fetch approval Techups	1676386666299	1676386667504	OK	 
REQUEST		My Techup - Fetch approved Techup	1676386666256	1676386667525	OK	 
REQUEST		AllTechup - Fetch all Techup	1676386666025	1676386667529	OK	 
REQUEST		Approval Techup - Fetch approval Techups	1676386666000	1676386667533	OK	 
USER	Summary API	END	1676386667576
USER	Summary API	START	1676386667589
USER	Summary API	END	1676386667739
REQUEST		AllTechup - Fetch all Techup	1676386666329	1676386667742	OK	 
REQUEST		Approval Techup - Fetch approval Techups	1676386666511	1676386667742	OK	 
REQUEST		My Techup - Fetch approved Techup	1676386666589	1676386667742	OK	 
REQUEST		Approval Techup - Fetch approval Techups	1676386666799	1676386667750	OK	 
REQUEST		AllTechup - Fetch all Techup	1676386666786	1676386667775	OK	 
USER	Summary API	END	1676386667799
REQUEST		AllTechup - Fetch all Techup	1676386667035	1676386667819	OK	 
USER	Summary API	START	1676386667922
REQUEST		My Techup - Fetch approved Techup	1676386666922	1676386668002	OK	 
REQUEST		Approval Techup - Fetch approval Techups	1676386667259	1676386668058	OK	 
USER	Summary API	START	1676386668256
USER	Summary API	END	1676386668321
REQUEST		My Techup - Fetch approved Techup	1676386667256	1676386668494	OK	 
REQUEST		Approval Techup - Fetch approval Techups	1676386667527	1676386668534	OK	 
REQUEST		AllTechup - Fetch all Techup	1676386667770	1676386668555	OK	 
REQUEST		AllTechup - Fetch all Techup	1676386667574	1676386668558	OK	 
REQUEST		My Techup - Fetch approved Techup	1676386667589	1676386668568	OK	 
REQUEST		Approval Techup - Fetch approval Techups	1676386667798	1676386668568	OK	 
USER	Summary API	START	1676386668589
REQUEST		Approval Techup - Fetch approval Techups	1676386668261	1676386668808	OK	 
REQUEST		AllTechup - Fetch all Techup	1676386668219	1676386668808	OK	 
USER	Summary API	START	1676386668922
USER	Summary API	END	1676386669059
REQUEST		Approval Techup - Fetch approval Techups	1676386668507	1676386669230	OK	 
REQUEST		My Techup - Fetch approved Techup	1676386667922	1676386669252	OK	 
USER	Summary API	START	1676386669256
REQUEST		My Techup - Fetch approved Techup	1676386668257	1676386669298	OK	 
REQUEST		Approval Techup - Fetch approval Techups	1676386668804	1676386669497	OK	 
REQUEST		My Techup - Fetch approved Techup	1676386668589	1676386669546	OK	 
REQUEST		AllTechup - Fetch all Techup	1676386669027	1676386669567	OK	 
USER	Summary API	START	1676386669589
REQUEST		AllTechup - Fetch all Techup	1676386669059	1676386669727	OK	 
REQUEST		AllTechup - Fetch all Techup	1676386669024	1676386669730	OK	 
USER	Summary API	START	1676386669922
USER	Summary API	END	1676386670065
USER	Summary API	END	1676386670066
REQUEST		My Techup - Fetch approved Techup	1676386668922	1676386670070	OK	 
USER	Summary API	START	1676386670256
USER	Summary API	END	1676386670530
USER	Summary API	START	1676386670589
USER	Summary API	END	1676386670743
USER	Summary API	END	1676386670776
USER	Summary API	END	1676386670821
USER	Summary API	START	1676386670922
REQUEST		My Techup - Fetch approved Techup	1676386669257	1676386671011	OK	 
REQUEST		My Techup - Fetch approved Techup	1676386669922	1676386671218	OK	 
REQUEST		My Techup - Fetch approved Techup	1676386669589	1676386671220	OK	 
USER	Summary API	START	1676386671256
USER	Summary API	END	1676386671556
USER	Summary API	END	1676386671559
USER	Summary API	START	1676386671589
REQUEST		Approval Techup - Fetch approval Techups	1676386670006	1676386671808	OK	 
USER	Summary API	END	1676386671810
REQUEST		My Techup - Fetch approved Techup	1676386670256	1676386671823	OK	 
USER	Summary API	START	1676386671922
REQUEST		Approval Techup - Fetch approval Techups	1676386670230	1676386671989	OK	 
REQUEST		My Techup - Fetch approved Techup	1676386670589	1676386672030	OK	 
REQUEST		Approval Techup - Fetch approval Techups	1676386670219	1676386672040	OK	 
REQUEST		Approval Techup - Fetch approval Techups	1676386670526	1676386672043	OK	 
REQUEST		AllTechup - Fetch all Techup	1676386670505	1676386672245	OK	 
USER	Summary API	START	1676386672256
USER	Summary API	END	1676386672568
USER	Summary API	START	1676386672588
USER	Summary API	END	1676386672728
USER	Summary API	END	1676386672730
REQUEST		AllTechup - Fetch all Techup	1676386670534	1676386672775	OK	 
REQUEST		My Techup - Fetch approved Techup	1676386670923	1676386672776	OK	 
REQUEST		AllTechup - Fetch all Techup	1676386670743	1676386672864	OK	 
REQUEST		Approval Techup - Fetch approval Techups	1676386670743	1676386672866	OK	 
USER	Summary API	START	1676386672921
REQUEST		My Techup - Fetch approved Techup	1676386671257	1676386672969	OK	 
REQUEST		Approval Techup - Fetch approval Techups	1676386671003	1676386672980	OK	 
REQUEST		AllTechup - Fetch all Techup	1676386670751	1676386673104	OK	 
REQUEST		My Techup - Fetch approved Techup	1676386671589	1676386673132	OK	 
USER	Summary API	START	1676386673255
REQUEST		AllTechup - Fetch all Techup	1676386671059	1676386673487	OK	 
REQUEST		AllTechup - Fetch all Techup	1676386671569	1676386673505	OK	 
REQUEST		Approval Techup - Fetch approval Techups	1676386671494	1676386673518	OK	 
REQUEST		Approval Techup - Fetch approval Techups	1676386671569	1676386673552	OK	 
USER	Summary API	START	1676386673589
REQUEST		AllTechup - Fetch all Techup	1676386671535	1676386673705	OK	 
REQUEST		My Techup - Fetch approved Techup	1676386671923	1676386673719	OK	 
USER	Summary API	START	1676386673922
REQUEST		AllTechup - Fetch all Techup	1676386671809	1676386674071	OK	 
REQUEST		AllTechup - Fetch all Techup	1676386672231	1676386674076	OK	 
REQUEST		My Techup - Fetch approved Techup	1676386672256	1676386674215	OK	 
REQUEST		Approval Techup - Fetch approval Techups	1676386672547	1676386674231	OK	 
USER	Summary API	START	1676386674256
REQUEST		Approval Techup - Fetch approval Techups	1676386672299	1676386674267	OK	 
REQUEST		My Techup - Fetch approved Techup	1676386672589	1676386674274	OK	 
REQUEST		Approval Techup - Fetch approval Techups	1676386672254	1676386674274	OK	 
REQUEST		AllTechup - Fetch all Techup	1676386672498	1676386674283	OK	 
REQUEST		My Techup - Fetch approved Techup	1676386672922	1676386674319	OK	 
USER	Summary API	START	1676386674589
USER	Summary API	START	1676386674922
USER	Summary API	END	1676386675247
REQUEST		My Techup - Fetch approved Techup	1676386673256	1676386675256	OK	 
USER	Summary API	START	1676386675256
REQUEST		Approval Techup - Fetch approval Techups	1676386673071	1676386675259	OK	 
REQUEST		My Techup - Fetch approved Techup	1676386673589	1676386675262	OK	 
USER	Summary API	START	1676386675588
USER	Summary API	END	1676386675777
USER	Summary API	END	1676386675865
USER	Summary API	START	1676386675921
REQUEST		Approval Techup - Fetch approval Techups	1676386674012	1676386676049	OK	 
REQUEST		My Techup - Fetch approved Techup	1676386673922	1676386676049	OK	 
REQUEST		My Techup - Fetch approved Techup	1676386674256	1676386676049	OK	 
REQUEST		Approval Techup - Fetch approval Techups	1676386674220	1676386676095	OK	 
REQUEST		My Techup - Fetch approved Techup	1676386674589	1676386676095	OK	 
USER	Summary API	END	1676386676105
USER	Summary API	START	1676386676255
REQUEST		My Techup - Fetch approved Techup	1676386674922	1676386676488	OK	 
USER	Summary API	END	1676386676489
USER	Summary API	END	1676386676507
USER	Summary API	START	1676386676588
USER	Summary API	END	1676386676707
REQUEST		Approval Techup - Fetch approval Techups	1676386674219	1676386676847	OK	 
REQUEST		Approval Techup - Fetch approval Techups	1676386675031	1676386676847	OK	 
REQUEST		AllTechup - Fetch all Techup	1676386675044	1676386676847	OK	 
REQUEST		AllTechup - Fetch all Techup	1676386674808	1676386676848	OK	 
USER	Summary API	START	1676386676921
REQUEST		AllTechup - Fetch all Techup	1676386675040	1676386677051	OK	 
REQUEST		My Techup - Fetch approved Techup	1676386675257	1676386677052	OK	 
REQUEST		Approval Techup - Fetch approval Techups	1676386674824	1676386677052	OK	 
USER	Summary API	END	1676386677072
USER	Summary API	END	1676386677077
REQUEST		AllTechup - Fetch all Techup	1676386674990	1676386677096	OK	 
USER	Summary API	START	1676386677255
REQUEST		My Techup - Fetch approved Techup	1676386675589	1676386677280	OK	 
USER	Summary API	END	1676386677284
USER	Summary API	START	1676386677588
USER	Summary API	START	1676386677922
USER	Summary API	START	1676386678256
REQUEST		My Techup - Fetch approved Techup	1676386675922	1676386678280	OK	 
REQUEST		Approval Techup - Fetch approval Techups	1676386675777	1676386678280	OK	 
REQUEST		My Techup - Fetch approved Techup	1676386676256	1676386678281	OK	 
REQUEST		Approval Techup - Fetch approval Techups	1676386675970	1676386678281	OK	 
REQUEST		AllTechup - Fetch all Techup	1676386675980	1676386678282	OK	 
REQUEST		Approval Techup - Fetch approval Techups	1676386676133	1676386678292	OK	 
REQUEST		AllTechup - Fetch all Techup	1676386675866	1676386678485	OK	 
REQUEST		My Techup - Fetch approved Techup	1676386676589	1676386678548	OK	 
USER	Summary API	START	1676386678588
REQUEST		My Techup - Fetch approved Techup	1676386676922	1676386678729	OK	 
REQUEST		Approval Techup - Fetch approval Techups	1676386676720	1676386678743	OK	 
REQUEST		My Techup - Fetch approved Techup	1676386677256	1676386678894	OK	 
USER	Summary API	START	1676386678922
REQUEST		AllTechup - Fetch all Techup	1676386676553	1676386678977	OK	 
REQUEST		AllTechup - Fetch all Techup	1676386676519	1676386679099	OK	 
USER	Summary API	START	1676386679255
REQUEST		My Techup - Fetch approved Techup	1676386677589	1676386679304	OK	 
REQUEST		AllTechup - Fetch all Techup	1676386677268	1676386679305	OK	 
REQUEST		Approval Techup - Fetch approval Techups	1676386677320	1676386679305	OK	 
REQUEST		AllTechup - Fetch all Techup	1676386677233	1676386679319	OK	 
REQUEST		Approval Techup - Fetch approval Techups	1676386677274	1676386679520	OK	 
REQUEST		Approval Techup - Fetch approval Techups	1676386677216	1676386679521	OK	 
REQUEST		AllTechup - Fetch all Techup	1676386677275	1676386679521	OK	 
REQUEST		My Techup - Fetch approved Techup	1676386677922	1676386679521	OK	 
USER	Summary API	START	1676386679588
REQUEST		My Techup - Fetch approved Techup	1676386678256	1676386679724	OK	 
REQUEST		Approval Techup - Fetch approval Techups	1676386678263	1676386679732	OK	 
REQUEST		Approval Techup - Fetch approval Techups	1676386678257	1676386679742	OK	 
USER	Summary API	END	1676386679848
USER	Summary API	END	1676386679849
USER	Summary API	START	1676386679921
USER	Summary API	END	1676386680053
USER	Summary API	END	1676386680097
USER	Summary API	START	1676386680255
REQUEST		My Techup - Fetch approved Techup	1676386678589	1676386680281	OK	 
REQUEST		Approval Techup - Fetch approval Techups	1676386679050	1676386680300	OK	 
REQUEST		AllTechup - Fetch all Techup	1676386678260	1676386680301	OK	 
REQUEST		My Techup - Fetch approved Techup	1676386678922	1676386680303	OK	 
REQUEST		Approval Techup - Fetch approval Techups	1676386679096	1676386680307	OK	 
REQUEST		AllTechup - Fetch all Techup	1676386679096	1676386680312	OK	 
REQUEST		Approval Techup - Fetch approval Techups	1676386679050	1676386680314	OK	 
REQUEST		AllTechup - Fetch all Techup	1676386679050	1676386680322	OK	 
REQUEST		My Techup - Fetch approved Techup	1676386679256	1676386680327	OK	 
REQUEST		Approval Techup - Fetch approval Techups	1676386679489	1676386680476	OK	 
REQUEST		My Techup - Fetch approved Techup	1676386679589	1676386680562	OK	 
REQUEST		AllTechup - Fetch all Techup	1676386679848	1676386680571	OK	 
USER	Summary API	START	1676386680588
REQUEST		AllTechup - Fetch all Techup	1676386680053	1676386680816	OK	 
REQUEST		AllTechup - Fetch all Techup	1676386679848	1676386680816	OK	 
USER	Summary API	START	1676386680921
REQUEST		Approval Techup - Fetch approval Techups	1676386680053	1676386680966	OK	 
REQUEST		Approval Techup - Fetch approval Techups	1676386680280	1676386681038	OK	 
USER	Summary API	START	1676386681256
USER	Summary API	END	1676386681283
USER	Summary API	END	1676386681487
REQUEST		My Techup - Fetch approved Techup	1676386680256	1676386681525	OK	 
USER	Summary API	START	1676386681589
USER	Summary API	START	1676386681922
USER	Summary API	END	1676386681978
USER	Summary API	END	1676386682100
REQUEST		My Techup - Fetch approved Techup	1676386680589	1676386682103	OK	 
USER	Summary API	START	1676386682256
USER	Summary API	END	1676386682306
USER	Summary API	END	1676386682321
REQUEST		My Techup - Fetch approved Techup	1676386680921	1676386682462	OK	 
USER	Summary API	END	1676386682522
USER	Summary API	START	1676386682589
REQUEST		My Techup - Fetch approved Techup	1676386681256	1676386682706	OK	 
REQUEST		Approval Techup - Fetch approval Techups	1676386681281	1676386682715	OK	 
REQUEST		AllTechup - Fetch all Techup	1676386681293	1676386682729	OK	 
REQUEST		Approval Techup - Fetch approval Techups	1676386681282	1676386682736	OK	 
REQUEST		AllTechup - Fetch all Techup	1676386681282	1676386682786	OK	 
REQUEST		My Techup - Fetch approved Techup	1676386681589	1676386682804	OK	 
REQUEST		Approval Techup - Fetch approval Techups	1676386681549	1676386682808	OK	 
REQUEST		AllTechup - Fetch all Techup	1676386681281	1676386682813	OK	 
USER	Summary API	START	1676386682922
REQUEST		Approval Techup - Fetch approval Techups	1676386681730	1676386682970	OK	 
REQUEST		Approval Techup - Fetch approval Techups	1676386681895	1676386682982	OK	 
REQUEST		AllTechup - Fetch all Techup	1676386681744	1676386683224	OK	 
USER	Summary API	START	1676386683256
USER	Summary API	END	1676386683302
USER	Summary API	END	1676386683313
USER	Summary API	END	1676386683323
REQUEST		My Techup - Fetch approved Techup	1676386681923	1676386683557	OK	 
USER	Summary API	END	1676386683572
USER	Summary API	START	1676386683588
REQUEST		AllTechup - Fetch all Techup	1676386682305	1676386683758	OK	 
REQUEST		Approval Techup - Fetch approval Techups	1676386682305	1676386683785	OK	 
USER	Summary API	END	1676386683817
USER	Summary API	END	1676386683817
USER	Summary API	START	1676386683921
USER	Summary API	START	1676386684255
USER	Summary API	START	1676386684589
REQUEST		Approval Techup - Fetch approval Techups	1676386682522	1676386684858	OK	 
REQUEST		My Techup - Fetch approved Techup	1676386682256	1676386684885	OK	 
USER	Summary API	START	1676386684922
REQUEST		My Techup - Fetch approved Techup	1676386682590	1676386684973	OK	 
REQUEST		AllTechup - Fetch all Techup	1676386682521	1676386685003	OK	 
USER	Summary API	START	1676386685256
REQUEST		My Techup - Fetch approved Techup	1676386683257	1676386685302	OK	 
REQUEST		Approval Techup - Fetch approval Techups	1676386682725	1676386685319	OK	 
REQUEST		My Techup - Fetch approved Techup	1676386682923	1676386685329	OK	 
REQUEST		AllTechup - Fetch all Techup	1676386682521	1676386685333	OK	 
REQUEST		Approval Techup - Fetch approval Techups	1676386683282	1676386685565	OK	 
REQUEST		My Techup - Fetch approved Techup	1676386683589	1676386685583	OK	 
USER	Summary API	START	1676386685588
USER	Summary API	END	1676386685730
USER	Summary API	END	1676386685787
REQUEST		AllTechup - Fetch all Techup	1676386683308	1676386685796	OK	 
REQUEST		AllTechup - Fetch all Techup	1676386682733	1676386685800	OK	 
USER	Summary API	END	1676386685814
USER	Summary API	START	1676386685922
REQUEST		My Techup - Fetch approved Techup	1676386683922	1676386686071	OK	 
REQUEST		AllTechup - Fetch all Techup	1676386683315	1676386686128	OK	 
USER	Summary API	END	1676386686225
USER	Summary API	START	1676386686255
REQUEST		AllTechup - Fetch all Techup	1676386682743	1676386686292	OK	 
REQUEST		Approval Techup - Fetch approval Techups	1676386683562	1676386686327	OK	 
USER	Summary API	START	1676386686588
USER	Summary API	END	1676386686759
USER	Summary API	START	1676386686921
REQUEST		Approval Techup - Fetch approval Techups	1676386683328	1676386687011	OK	 
REQUEST		My Techup - Fetch approved Techup	1676386684256	1676386687012	OK	 
REQUEST		Approval Techup - Fetch approval Techups	1676386683304	1676386687014	OK	 
USER	Summary API	START	1676386687255
USER	Summary API	START	1676386687589
USER	Summary API	START	1676386687922
USER	Summary API	END	1676386688004
USER	Summary API	START	1676386688256
USER	Summary API	END	1676386688334
USER	Summary API	START	1676386688588
USER	Summary API	END	1676386688798
USER	Summary API	END	1676386688801
REQUEST		My Techup - Fetch approved Techup	1676386685589	1676386688801	OK	 
USER	Summary API	START	1676386688921
REQUEST		AllTechup - Fetch all Techup	1676386683301	1676386689076	OK	 
REQUEST		My Techup - Fetch approved Techup	1676386684589	1676386689077	OK	 
USER	Summary API	END	1676386689129
REQUEST		My Techup - Fetch approved Techup	1676386684922	1676386689132	OK	 
USER	Summary API	START	1676386689255
USER	Summary API	END	1676386689293
REQUEST		My Techup - Fetch approved Techup	1676386679922	1676386689345	KO	status.find.is(204), but actually found 400
USER	Summary API	START	1676386689589
REQUEST		My Techup - Fetch approved Techup	1676386685922	1676386689680	OK	 
REQUEST		AllTechup - Fetch all Techup	1676386683477	1676386689724	OK	 
REQUEST		AllTechup - Fetch all Techup	1676386685809	1676386689756	OK	 
REQUEST		My Techup - Fetch approved Techup	1676386687256	1676386689786	OK	 
REQUEST		AllTechup - Fetch all Techup	1676386685983	1676386689796	OK	 
REQUEST		My Techup - Fetch approved Techup	1676386686922	1676386689797	OK	 
REQUEST		My Techup - Fetch approved Techup	1676386685256	1676386689810	OK	 
REQUEST		AllTechup - Fetch all Techup	1676386684039	1676386689810	OK	 
REQUEST		Approval Techup - Fetch approval Techups	1676386685462	1676386689849	OK	 
REQUEST		My Techup - Fetch approved Techup	1676386686588	1676386689855	OK	 
USER	Summary API	START	1676386689921
REQUEST		AllTechup - Fetch all Techup	1676386683967	1676386689991	OK	 
USER	Summary API	START	1676386690255
REQUEST		My Techup - Fetch approved Techup	1676386686256	1676386690359	OK	 
REQUEST		Approval Techup - Fetch approval Techups	1676386684526	1676386690439	OK	 
USER	Summary API	START	1676386690589
REQUEST		AllTechup - Fetch all Techup	1676386685716	1676386690747	OK	 
REQUEST		My Techup - Fetch approved Techup	1676386687589	1676386690748	OK	 
REQUEST		AllTechup - Fetch all Techup	1676386685737	1676386690748	OK	 
REQUEST		Approval Techup - Fetch approval Techups	1676386685804	1676386690821	OK	 
REQUEST		Approval Techup - Fetch approval Techups	1676386685104	1676386690896	OK	 
USER	Summary API	START	1676386690922
USER	Summary API	START	1676386691256
REQUEST		My Techup - Fetch approved Techup	1676386688588	1676386691338	OK	 
USER	Summary API	START	1676386691589
REQUEST		Approval Techup - Fetch approval Techups	1676386686558	1676386691797	OK	 
REQUEST		My Techup - Fetch approved Techup	1676386688257	1676386691852	OK	 
REQUEST		My Techup - Fetch approved Techup	1676386689256	1676386691871	OK	 
USER	Summary API	START	1676386691922
USER	Summary API	END	1676386692077
USER	Summary API	START	1676386692256
REQUEST		AllTechup - Fetch all Techup	1676386686786	1676386692420	OK	 
REQUEST		AllTechup - Fetch all Techup	1676386687859	1676386692420	OK	 
REQUEST		My Techup - Fetch approved Techup	1676386688922	1676386692420	OK	 
REQUEST		My Techup - Fetch approved Techup	1676386687922	1676386692464	OK	 
REQUEST		Approval Techup - Fetch approval Techups	1676386685706	1676386692466	OK	 
REQUEST		Approval Techup - Fetch approval Techups	1676386687974	1676386692466	OK	 
USER	Summary API	START	1676386692589
USER	Summary API	END	1676386692725
USER	Summary API	END	1676386692758
USER	Summary API	END	1676386692797
USER	Summary API	END	1676386692811
USER	Summary API	START	1676386692922
USER	Summary API	END	1676386692992
USER	Summary API	START	1676386693256
REQUEST		Approval Techup - Fetch approval Techups	1676386688303	1676386693276	OK	 
REQUEST		Approval Techup - Fetch approval Techups	1676386689072	1676386693278	OK	 
REQUEST		Approval Techup - Fetch approval Techups	1676386688330	1676386693492	OK	 
REQUEST		AllTechup - Fetch all Techup	1676386685971	1676386693512	OK	 
REQUEST		Approval Techup - Fetch approval Techups	1676386688584	1676386693555	OK	 
USER	Summary API	START	1676386693588
REQUEST		My Techup - Fetch approved Techup	1676386689589	1676386693604	OK	 
USER	Summary API	END	1676386693749
USER	Summary API	END	1676386693749
REQUEST		Approval Techup - Fetch approval Techups	1676386687886	1676386693751	OK	 
REQUEST		AllTechup - Fetch all Techup	1676386690012	1676386693775	OK	 
REQUEST		My Techup - Fetch approved Techup	1676386690589	1676386693839	OK	 
USER	Summary API	START	1676386693921
USER	Summary API	START	1676386694256
REQUEST		My Techup - Fetch approved Techup	1676386692256	1676386694527	OK	 
REQUEST		My Techup - Fetch approved Techup	1676386690922	1676386694529	OK	 
REQUEST		AllTechup - Fetch all Techup	1676386689327	1676386694530	OK	 
REQUEST		My Techup - Fetch approved Techup	1676386691589	1676386694530	OK	 
USER	Summary API	START	1676386694589
REQUEST		My Techup - Fetch approved Techup	1676386691256	1676386694617	OK	 
REQUEST		My Techup - Fetch approved Techup	1676386691922	1676386694770	OK	 
REQUEST		My Techup - Fetch approved Techup	1676386690256	1676386694876	OK	 
USER	Summary API	START	1676386694922
REQUEST		Approval Techup - Fetch approval Techups	1676386692133	1676386695022	OK	 
REQUEST		Approval Techup - Fetch approval Techups	1676386690012	1676386695034	OK	 
REQUEST		My Techup - Fetch approved Techup	1676386692922	1676386695070	OK	 
REQUEST		AllTechup - Fetch all Techup	1676386688320	1676386695216	OK	 
REQUEST		Approval Techup - Fetch approval Techups	1676386692348	1676386695217	OK	 
REQUEST		My Techup - Fetch approved Techup	1676386689922	1676386695222	OK	 
USER	Summary API	START	1676386695256
REQUEST		AllTechup - Fetch all Techup	1676386688565	1676386695261	OK	 
REQUEST		AllTechup - Fetch all Techup	1676386690014	1676386695356	OK	 
REQUEST		My Techup - Fetch approved Techup	1676386693256	1676386695388	OK	 
USER	Summary API	END	1676386695422
USER	Summary API	END	1676386695422
REQUEST		Approval Techup - Fetch approval Techups	1676386692797	1676386695427	OK	 
USER	Summary API	START	1676386695588
REQUEST		Approval Techup - Fetch approval Techups	1676386691802	1676386695669	OK	 
USER	Summary API	START	1676386695921
USER	Summary API	START	1676386696255
USER	Summary API	END	1676386696513
USER	Summary API	START	1676386696588
USER	Summary API	END	1676386696776
USER	Summary API	START	1676386696921
REQUEST		Approval Techup - Fetch approval Techups	1676386692856	1676386696977	OK	 
REQUEST		My Techup - Fetch approved Techup	1676386693589	1676386697024	OK	 
REQUEST		Approval Techup - Fetch approval Techups	1676386692787	1676386697072	OK	 
REQUEST		AllTechup - Fetch all Techup	1676386692849	1676386697080	OK	 
REQUEST		Approval Techup - Fetch approval Techups	1676386693749	1676386697234	OK	 
REQUEST		My Techup - Fetch approved Techup	1676386692589	1676386697234	OK	 
USER	Summary API	START	1676386697256
REQUEST		My Techup - Fetch approved Techup	1676386693922	1676386697258	OK	 
REQUEST		Approval Techup - Fetch approval Techups	1676386692680	1676386697258	OK	 
REQUEST		Approval Techup - Fetch approval Techups	1676386693360	1676386697260	OK	 
REQUEST		AllTechup - Fetch all Techup	1676386693440	1676386697268	OK	 
REQUEST		My Techup - Fetch approved Techup	1676386694589	1676386697308	OK	 
REQUEST		My Techup - Fetch approved Techup	1676386694256	1676386697428	OK	 
REQUEST		Approval Techup - Fetch approval Techups	1676386692811	1676386697432	OK	 
USER	Summary API	END	1676386697531
USER	Summary API	START	1676386697588
REQUEST		Approval Techup - Fetch approval Techups	1676386692077	1676386697602	OK	 
USER	Summary API	START	1676386697921
USER	Summary API	END	1676386698217
USER	Summary API	START	1676386698255
USER	Summary API	END	1676386698262
USER	Summary API	END	1676386698357
REQUEST		Approval Techup - Fetch approval Techups	1676386694854	1676386698463	OK	 
REQUEST		My Techup - Fetch approved Techup	1676386695589	1676386698468	OK	 
REQUEST		My Techup - Fetch approved Techup	1676386695922	1676386698468	OK	 
REQUEST		Approval Techup - Fetch approval Techups	1676386694871	1676386698470	OK	 
REQUEST		My Techup - Fetch approved Techup	1676386696256	1676386698487	OK	 
REQUEST		My Techup - Fetch approved Techup	1676386694922	1676386698488	OK	 
USER	Summary API	START	1676386698589
REQUEST		Approval Techup - Fetch approval Techups	1676386694339	1676386698763	OK	 
REQUEST		AllTechup - Fetch all Techup	1676386694798	1676386698763	OK	 
REQUEST		AllTechup - Fetch all Techup	1676386693822	1676386698764	OK	 
REQUEST		My Techup - Fetch approved Techup	1676386695256	1676386698765	OK	 
REQUEST		AllTechup - Fetch all Techup	1676386693897	1676386698829	OK	 
USER	Summary API	START	1676386698922
REQUEST		My Techup - Fetch approved Techup	1676386696588	1676386698962	OK	 
REQUEST		My Techup - Fetch approved Techup	1676386696921	1676386699208	OK	 
USER	Summary API	START	1676386699256
REQUEST		AllTechup - Fetch all Techup	1676386696276	1676386699533	OK	 
USER	Summary API	START	1676386699588
REQUEST		Approval Techup - Fetch approval Techups	1676386695465	1676386699722	OK	 
REQUEST		AllTechup - Fetch all Techup	1676386696279	1676386699723	OK	 
REQUEST		AllTechup - Fetch all Techup	1676386696752	1676386699732	OK	 
REQUEST		Approval Techup - Fetch approval Techups	1676386697528	1676386699765	OK	 
REQUEST		My Techup - Fetch approved Techup	1676386697589	1676386699768	OK	 
REQUEST		Approval Techup - Fetch approval Techups	1676386695422	1676386699808	OK	 
REQUEST		AllTechup - Fetch all Techup	1676386695467	1676386699809	OK	 
REQUEST		AllTechup - Fetch all Techup	1676386695467	1676386699810	OK	 
REQUEST		My Techup - Fetch approved Techup	1676386697256	1676386699811	OK	 
USER	Summary API	START	1676386699921
REQUEST		Approval Techup - Fetch approval Techups	1676386696840	1676386700049	OK	 
USER	Summary API	END	1676386700081
USER	Summary API	START	1676386700255
USER	Summary API	END	1676386700269
REQUEST		My Techup - Fetch approved Techup	1676386697922	1676386700269	OK	 
REQUEST		AllTechup - Fetch all Techup	1676386696493	1676386700269	OK	 
REQUEST		Approval Techup - Fetch approval Techups	1676386697531	1676386700472	OK	 
REQUEST		My Techup - Fetch approved Techup	1676386698256	1676386700516	OK	 
REQUEST		AllTechup - Fetch all Techup	1676386696555	1676386700516	OK	 
USER	Summary API	START	1676386700588
REQUEST		Approval Techup - Fetch approval Techups	1676386696604	1676386700716	OK	 
REQUEST		Approval Techup - Fetch approval Techups	1676386697530	1676386700762	OK	 
REQUEST		Approval Techup - Fetch approval Techups	1676386698070	1676386700800	OK	 
USER	Summary API	START	1676386700921
REQUEST		AllTechup - Fetch all Techup	1676386698035	1676386701217	OK	 
REQUEST		AllTechup - Fetch all Techup	1676386698022	1676386701222	OK	 
USER	Summary API	START	1676386701255
REQUEST		Approval Techup - Fetch approval Techups	1676386697877	1676386701259	OK	 
REQUEST		My Techup - Fetch approved Techup	1676386698922	1676386701447	OK	 
USER	Summary API	START	1676386701588
REQUEST		AllTechup - Fetch all Techup	1676386698669	1676386701719	OK	 
REQUEST		My Techup - Fetch approved Techup	1676386699256	1676386701723	OK	 
REQUEST		AllTechup - Fetch all Techup	1676386698428	1676386701725	OK	 
REQUEST		Approval Techup - Fetch approval Techups	1676386698389	1676386701727	OK	 
USER	Summary API	END	1676386701764
USER	Summary API	END	1676386701764
USER	Summary API	END	1676386701830
USER	Summary API	START	1676386701921
USER	Summary API	START	1676386702256
REQUEST		Approval Techup - Fetch approval Techups	1676386697618	1676386702317	OK	 
USER	Summary API	END	1676386702534
REQUEST		My Techup - Fetch approved Techup	1676386700255	1676386702535	OK	 
REQUEST		My Techup - Fetch approved Techup	1676386699588	1676386702585	OK	 
USER	Summary API	START	1676386702589
USER	Summary API	END	1676386702724
USER	Summary API	END	1676386702733
REQUEST		My Techup - Fetch approved Techup	1676386700588	1676386702763	OK	 
REQUEST		My Techup - Fetch approved Techup	1676386699922	1676386702775	OK	 
REQUEST		My Techup - Fetch approved Techup	1676386700921	1676386702797	OK	 
USER	Summary API	END	1676386702810
USER	Summary API	END	1676386702810
REQUEST		Approval Techup - Fetch approval Techups	1676386698223	1676386702813	OK	 
USER	Summary API	START	1676386702922
REQUEST		My Techup - Fetch approved Techup	1676386701589	1676386703010	OK	 
REQUEST		My Techup - Fetch approved Techup	1676386701256	1676386703032	OK	 
USER	Summary API	START	1676386703256
USER	Summary API	END	1676386703270
REQUEST		My Techup - Fetch approved Techup	1676386698589	1676386703285	OK	 
REQUEST		Approval Techup - Fetch approval Techups	1676386700429	1676386703289	OK	 
REQUEST		Approval Techup - Fetch approval Techups	1676386700024	1676386703290	OK	 
REQUEST		Approval Techup - Fetch approval Techups	1676386700259	1676386703291	OK	 
REQUEST		AllTechup - Fetch all Techup	1676386700073	1676386703292	OK	 
REQUEST		Approval Techup - Fetch approval Techups	1676386701488	1676386703294	OK	 
REQUEST		Approval Techup - Fetch approval Techups	1676386697771	1676386703302	OK	 
REQUEST		AllTechup - Fetch all Techup	1676386699978	1676386703306	OK	 
REQUEST		My Techup - Fetch approved Techup	1676386701921	1676386703310	OK	 
REQUEST		AllTechup - Fetch all Techup	1676386700261	1676386703471	OK	 
REQUEST		AllTechup - Fetch all Techup	1676386700603	1676386703472	OK	 
REQUEST		AllTechup - Fetch all Techup	1676386701470	1676386703476	OK	 
REQUEST		Approval Techup - Fetch approval Techups	1676386701468	1676386703480	OK	 
REQUEST		AllTechup - Fetch all Techup	1676386701464	1676386703492	OK	 
REQUEST		Approval Techup - Fetch approval Techups	1676386700308	1676386703492	OK	 
REQUEST		AllTechup - Fetch all Techup	1676386700259	1676386703505	OK	 
USER	Summary API	END	1676386703517
REQUEST		AllTechup - Fetch all Techup	1676386700433	1676386703526	OK	 
REQUEST		Approval Techup - Fetch approval Techups	1676386701488	1676386703526	OK	 
USER	Summary API	START	1676386703588
REQUEST		Approval Techup - Fetch approval Techups	1676386701469	1676386703631	OK	 
USER	Summary API	START	1676386703922
USER	Summary API	END	1676386704218
USER	Summary API	END	1676386704222
USER	Summary API	START	1676386704256
REQUEST		Approval Techup - Fetch approval Techups	1676386701962	1676386704472	OK	 
REQUEST		Approval Techup - Fetch approval Techups	1676386702209	1676386704558	OK	 
REQUEST		AllTechup - Fetch all Techup	1676386698217	1676386704563	OK	 
REQUEST		My Techup - Fetch approved Techup	1676386702256	1676386704574	OK	 
USER	Summary API	START	1676386704588
REQUEST		My Techup - Fetch approved Techup	1676386702589	1676386704617	OK	 
REQUEST		AllTechup - Fetch all Techup	1676386701763	1676386704626	OK	 
REQUEST		Approval Techup - Fetch approval Techups	1676386701766	1676386704628	OK	 
USER	Summary API	END	1676386704721
USER	Summary API	END	1676386704726
REQUEST		My Techup - Fetch approved Techup	1676386702922	1676386704782	OK	 
USER	Summary API	START	1676386704921
REQUEST		My Techup - Fetch approved Techup	1676386703256	1676386704981	OK	 
REQUEST		Approval Techup - Fetch approval Techups	1676386702769	1676386705031	OK	 
REQUEST		Approval Techup - Fetch approval Techups	1676386702811	1676386705055	OK	 
USER	Summary API	START	1676386705256
REQUEST		AllTechup - Fetch all Techup	1676386702766	1676386705339	OK	 
REQUEST		AllTechup - Fetch all Techup	1676386702723	1676386705341	OK	 
REQUEST		AllTechup - Fetch all Techup	1676386703717	1676386705489	OK	 
REQUEST		AllTechup - Fetch all Techup	1676386703800	1676386705490	OK	 
REQUEST		AllTechup - Fetch all Techup	1676386702809	1676386705490	OK	 
REQUEST		Approval Techup - Fetch approval Techups	1676386703517	1676386705501	OK	 
REQUEST		AllTechup - Fetch all Techup	1676386703050	1676386705504	OK	 
REQUEST		My Techup - Fetch approved Techup	1676386703589	1676386705542	OK	 
REQUEST		My Techup - Fetch approved Techup	1676386703922	1676386705545	OK	 
USER	Summary API	START	1676386705589
REQUEST		AllTechup - Fetch all Techup	1676386700234	1676386705747	OK	 
USER	Summary API	START	1676386705922
REQUEST		AllTechup - Fetch all Techup	1676386703763	1676386705972	OK	 
REQUEST		AllTechup - Fetch all Techup	1676386703473	1676386706014	OK	 
REQUEST		Approval Techup - Fetch approval Techups	1676386703270	1676386706132	OK	 
REQUEST		AllTechup - Fetch all Techup	1676386704259	1676386706132	OK	 
REQUEST		My Techup - Fetch approved Techup	1676386704256	1676386706132	OK	 
USER	Summary API	START	1676386706256
USER	Summary API	END	1676386706293
USER	Summary API	END	1676386706308
REQUEST		My Techup - Fetch approved Techup	1676386704922	1676386706336	OK	 
REQUEST		Approval Techup - Fetch approval Techups	1676386700235	1676386706336	OK	 
REQUEST		My Techup - Fetch approved Techup	1676386704589	1676386706336	OK	 
REQUEST		Approval Techup - Fetch approval Techups	1676386704447	1676386706336	OK	 
REQUEST		Approval Techup - Fetch approval Techups	1676386704723	1676386706336	OK	 
USER	Summary API	END	1676386706472
USER	Summary API	END	1676386706472
USER	Summary API	END	1676386706477
REQUEST		AllTechup - Fetch all Techup	1676386704728	1676386706489	OK	 
REQUEST		My Techup - Fetch approved Techup	1676386705256	1676386706491	OK	 
USER	Summary API	END	1676386706492
USER	Summary API	END	1676386706506
USER	Summary API	END	1676386706527
USER	Summary API	START	1676386706588
REQUEST		AllTechup - Fetch all Techup	1676386705318	1676386706608	OK	 
REQUEST		Approval Techup - Fetch approval Techups	1676386705764	1676386706608	OK	 
REQUEST		Approval Techup - Fetch approval Techups	1676386705776	1676386706608	OK	 
REQUEST		Approval Techup - Fetch approval Techups	1676386705585	1676386706609	OK	 
REQUEST		My Techup - Fetch approved Techup	1676386705589	1676386706609	OK	 
REQUEST		Approval Techup - Fetch approval Techups	1676386706011	1676386706609	OK	 
REQUEST		AllTechup - Fetch all Techup	1676386705813	1676386706609	OK	 
REQUEST		Approval Techup - Fetch approval Techups	1676386705535	1676386706609	OK	 
REQUEST		Approval Techup - Fetch approval Techups	1676386705798	1676386706609	OK	 
REQUEST		Approval Techup - Fetch approval Techups	1676386706032	1676386706713	OK	 
USER	Summary API	START	1676386706922
USER	Summary API	START	1676386707255
REQUEST		My Techup - Fetch approved Techup	1676386705922	1676386707516	OK	 
USER	Summary API	END	1676386707564
USER	Summary API	START	1676386707589
USER	Summary API	END	1676386707627
USER	Summary API	START	1676386707922
REQUEST		AllTechup - Fetch all Techup	1676386706302	1676386708256	OK	 
USER	Summary API	START	1676386708256
REQUEST		Approval Techup - Fetch approval Techups	1676386706286	1676386708276	OK	 
REQUEST		Approval Techup - Fetch approval Techups	1676386706310	1676386708276	OK	 
REQUEST		AllTechup - Fetch all Techup	1676386706526	1676386708276	OK	 
REQUEST		AllTechup - Fetch all Techup	1676386706289	1676386708287	OK	 
REQUEST		AllTechup - Fetch all Techup	1676386706290	1676386708295	OK	 
REQUEST		AllTechup - Fetch all Techup	1676386706492	1676386708295	OK	 
REQUEST		AllTechup - Fetch all Techup	1676386706294	1676386708296	OK	 
REQUEST		AllTechup - Fetch all Techup	1676386706480	1676386708297	OK	 
REQUEST		AllTechup - Fetch all Techup	1676386706292	1676386708297	OK	 
REQUEST		My Techup - Fetch approved Techup	1676386706256	1676386708303	OK	 
REQUEST		My Techup - Fetch approved Techup	1676386706589	1676386708306	OK	 
REQUEST		My Techup - Fetch approved Techup	1676386706922	1676386708326	OK	 
USER	Summary API	END	1676386708340
USER	Summary API	END	1676386708342
USER	Summary API	END	1676386708491
USER	Summary API	END	1676386708491
USER	Summary API	END	1676386708491
USER	Summary API	END	1676386708505
USER	Summary API	START	1676386708589
REQUEST		My Techup - Fetch approved Techup	1676386707256	1676386708745	OK	 
USER	Summary API	END	1676386708748
USER	Summary API	START	1676386708922
USER	Summary API	END	1676386708973
USER	Summary API	END	1676386709015
USER	Summary API	END	1676386709133
USER	Summary API	START	1676386709256
USER	Summary API	END	1676386709490
USER	Summary API	START	1676386709589
USER	Summary API	END	1676386709610
USER	Summary API	END	1676386709610
REQUEST		Approval Techup - Fetch approval Techups	1676386707618	1676386709718	OK	 
REQUEST		AllTechup - Fetch all Techup	1676386707559	1676386709835	OK	 
USER	Summary API	START	1676386709922
REQUEST		AllTechup - Fetch all Techup	1676386706631	1676386709950	OK	 
USER	Summary API	START	1676386710256
USER	Summary API	START	1676386710588
REQUEST		AllTechup - Fetch all Techup	1676386707473	1676386710804	OK	 
REQUEST		My Techup - Fetch approved Techup	1676386707589	1676386710809	OK	 
REQUEST		Approval Techup - Fetch approval Techups	1676386707574	1676386710820	OK	 
REQUEST		My Techup - Fetch approved Techup	1676386707922	1676386710829	OK	 
REQUEST		My Techup - Fetch approved Techup	1676386708589	1676386710870	OK	 
USER	Summary API	START	1676386710921
REQUEST		My Techup - Fetch approved Techup	1676386708256	1676386711126	OK	 
REQUEST		My Techup - Fetch approved Techup	1676386708922	1676386711126	OK	 
USER	Summary API	END	1676386711258
USER	Summary API	START	1676386711255
USER	Summary API	END	1676386711277
USER	Summary API	END	1676386711288
USER	Summary API	END	1676386711296
USER	Summary API	END	1676386711296
USER	Summary API	END	1676386711297
USER	Summary API	END	1676386711297
USER	Summary API	END	1676386711298
REQUEST		Approval Techup - Fetch approval Techups	1676386707981	1676386711459	OK	 
REQUEST		Approval Techup - Fetch approval Techups	1676386707782	1676386711466	OK	 
REQUEST		My Techup - Fetch approved Techup	1676386709256	1676386711473	OK	 
REQUEST		AllTechup - Fetch all Techup	1676386707628	1676386711476	OK	 
REQUEST		AllTechup - Fetch all Techup	1676386708055	1676386711477	OK	 
REQUEST		AllTechup - Fetch all Techup	1676386708032	1676386711482	OK	 
USER	Summary API	START	1676386711589
USER	Summary API	START	1676386711922
USER	Summary API	START	1676386712256
REQUEST		My Techup - Fetch approved Techup	1676386709589	1676386712574	OK	 
USER	Summary API	START	1676386712588
REQUEST		Approval Techup - Fetch approval Techups	1676386709132	1676386712742	OK	 
USER	Summary API	END	1676386712836
USER	Summary API	START	1676386712921
USER	Summary API	END	1676386712951
USER	Summary API	START	1676386713255
REQUEST		My Techup - Fetch approved Techup	1676386709922	1676386713268	OK	 
USER	Summary API	START	1676386713588
REQUEST		AllTechup - Fetch all Techup	1676386709609	1676386713721	OK	 
USER	Summary API	END	1676386713805
USER	Summary API	START	1676386713922
REQUEST		AllTechup - Fetch all Techup	1676386709609	1676386714140	OK	 
USER	Summary API	START	1676386714255
USER	Summary API	END	1676386714477
USER	Summary API	END	1676386714478
USER	Summary API	END	1676386714483
USER	Summary API	START	1676386714588
USER	Summary API	START	1676386714922
REQUEST		AllTechup - Fetch all Techup	1676386709337	1676386714949	OK	 
USER	Summary API	START	1676386715255
REQUEST		AllTechup - Fetch all Techup	1676386709337	1676386715293	OK	 
REQUEST		AllTechup - Fetch all Techup	1676386709610	1676386715512	OK	 
REQUEST		AllTechup - Fetch all Techup	1676386709713	1676386715526	OK	 
USER	Summary API	START	1676386715588
REQUEST		AllTechup - Fetch all Techup	1676386709609	1676386715856	OK	 
USER	Summary API	START	1676386715921
USER	Summary API	START	1676386716255
REQUEST		My Techup - Fetch approved Techup	1676386711589	1676386716291	OK	 
REQUEST		My Techup - Fetch approved Techup	1676386710922	1676386716329	OK	 
REQUEST		My Techup - Fetch approved Techup	1676386711922	1676386716563	OK	 
USER	Summary API	START	1676386716588
USER	Summary API	END	1676386716722
REQUEST		AllTechup - Fetch all Techup	1676386709337	1676386716746	OK	 
REQUEST		Approval Techup - Fetch approval Techups	1676386709609	1676386716813	OK	 
USER	Summary API	START	1676386716921
REQUEST		Approval Techup - Fetch approval Techups	1676386708543	1676386716956	OK	 
REQUEST		AllTechup - Fetch all Techup	1676386708502	1676386716958	OK	 
REQUEST		Approval Techup - Fetch approval Techups	1676386709337	1676386716960	OK	 
REQUEST		Approval Techup - Fetch approval Techups	1676386710516	1676386716966	OK	 
REQUEST		AllTechup - Fetch all Techup	1676386709609	1676386716967	OK	 
REQUEST		AllTechup - Fetch all Techup	1676386709132	1676386716973	OK	 
REQUEST		My Techup - Fetch approved Techup	1676386712256	1676386716974	OK	 
REQUEST		Approval Techup - Fetch approval Techups	1676386708545	1676386716975	OK	 
REQUEST		My Techup - Fetch approved Techup	1676386713589	1676386716976	OK	 
REQUEST		Approval Techup - Fetch approval Techups	1676386709337	1676386716979	OK	 
REQUEST		My Techup - Fetch approved Techup	1676386712922	1676386717003	OK	 
REQUEST		My Techup - Fetch approved Techup	1676386713922	1676386717030	OK	 
REQUEST		My Techup - Fetch approved Techup	1676386713256	1676386717031	OK	 
REQUEST		AllTechup - Fetch all Techup	1676386709610	1676386717036	OK	 
REQUEST		My Techup - Fetch approved Techup	1676386710256	1676386717042	OK	 
REQUEST		Approval Techup - Fetch approval Techups	1676386709492	1676386717113	OK	 
USER	Summary API	END	1676386717141
USER	Summary API	START	1676386717255
REQUEST		My Techup - Fetch approved Techup	1676386714255	1676386717339	OK	 
REQUEST		My Techup - Fetch approved Techup	1676386711256	1676386717584	OK	 
REQUEST		AllTechup - Fetch all Techup	1676386711277	1676386717586	OK	 
USER	Summary API	START	1676386717588
REQUEST		My Techup - Fetch approved Techup	1676386714589	1676386717732	OK	 
REQUEST		Approval Techup - Fetch approval Techups	1676386713870	1676386717782	OK	 
REQUEST		Approval Techup - Fetch approval Techups	1676386714127	1676386717812	OK	 
USER	Summary API	START	1676386717922
USER	Summary API	END	1676386717950
REQUEST		Approval Techup - Fetch approval Techups	1676386714127	1676386718009	OK	 
REQUEST		AllTechup - Fetch all Techup	1676386711277	1676386718042	OK	 
REQUEST		My Techup - Fetch approved Techup	1676386716255	1676386718249	OK	 
REQUEST		Approval Techup - Fetch approval Techups	1676386711304	1676386718255	OK	 
USER	Summary API	START	1676386718255
USER	Summary API	END	1676386718294
USER	Summary API	END	1676386718513
USER	Summary API	END	1676386718527
USER	Summary API	START	1676386718589
USER	Summary API	END	1676386718857
USER	Summary API	START	1676386718922
REQUEST		My Techup - Fetch approved Techup	1676386715256	1676386719112	OK	 
USER	Summary API	START	1676386719256
REQUEST		My Techup - Fetch approved Techup	1676386710588	1676386719315	OK	 
REQUEST		AllTechup - Fetch all Techup	1676386714466	1676386719316	OK	 
REQUEST		My Techup - Fetch approved Techup	1676386716589	1676386719316	OK	 
REQUEST		My Techup - Fetch approved Techup	1676386715921	1676386719317	OK	 
USER	Summary API	START	1676386719589
USER	Summary API	END	1676386719747
USER	Summary API	START	1676386719922
USER	Summary API	END	1676386719958
USER	Summary API	END	1676386719968
USER	Summary API	END	1676386719974
REQUEST		My Techup - Fetch approved Techup	1676386716921	1676386720025	OK	 
USER	Summary API	END	1676386720037
REQUEST		AllTechup - Fetch all Techup	1676386715742	1676386720232	OK	 
USER	Summary API	START	1676386720256
REQUEST		My Techup - Fetch approved Techup	1676386717922	1676386720312	OK	 
USER	Summary API	END	1676386720586
USER	Summary API	START	1676386720588
USER	Summary API	START	1676386720921
USER	Summary API	END	1676386721043
REQUEST		AllTechup - Fetch all Techup	1676386713820	1676386721082	OK	 
USER	Summary API	START	1676386721255
REQUEST		AllTechup - Fetch all Techup	1676386712719	1676386721563	OK	 
USER	Summary API	START	1676386721589
REQUEST		My Techup - Fetch approved Techup	1676386712589	1676386721666	KO	status.find.is(204), but actually found 400
REQUEST		My Techup - Fetch approved Techup	1676386718589	1676386721738	OK	 
REQUEST		My Techup - Fetch approved Techup	1676386715588	1676386721751	OK	 
REQUEST		My Techup - Fetch approved Techup	1676386718255	1676386721755	OK	 
USER	Summary API	START	1676386721922
USER	Summary API	START	1676386722256
USER	Summary API	END	1676386722317
REQUEST		My Techup - Fetch approved Techup	1676386718922	1676386722545	OK	 
USER	Summary API	START	1676386722589
REQUEST		My Techup - Fetch approved Techup	1676386719256	1676386722800	OK	 
REQUEST		My Techup - Fetch approved Techup	1676386717256	1676386722800	OK	 
USER	Summary API	START	1676386722922
USER	Summary API	END	1676386723233
USER	Summary API	START	1676386723256
REQUEST		Approval Techup - Fetch approval Techups	1676386711327	1676386723407	OK	 
USER	Summary API	START	1676386723589
USER	Summary API	START	1676386723922
REQUEST		AllTechup - Fetch all Techup	1676386721255	1676386723961	OK	 
REQUEST		My Techup - Fetch approved Techup	1676386719922	1676386723977	OK	 
USER	Summary API	END	1676386724083
REQUEST		Approval Techup - Fetch approval Techups	1676386715574	1676386724155	KO	status.find.is(204), but actually found 500
REQUEST		My Techup - Fetch approved Techup	1676386714922	1676386724182	KO	status.find.is(204), but actually found 400
REQUEST		Approval Techup - Fetch approval Techups	1676386711307	1676386724183	KO	status.find.is(204), but actually found 400
REQUEST		My Techup - Fetch approved Techup	1676386720922	1676386724243	OK	 
USER	Summary API	START	1676386724256
REQUEST		Approval Techup - Fetch approval Techups	1676386719291	1676386724282	OK	 
REQUEST		My Techup - Fetch approved Techup	1676386721922	1676386724318	OK	 
REQUEST		Approval Techup - Fetch approval Techups	1676386713830	1676386724469	OK	 
USER	Summary API	END	1676386724564
USER	Summary API	START	1676386724589
REQUEST		My Techup - Fetch approved Techup	1676386722256	1676386724719	OK	 
REQUEST		My Techup - Fetch approved Techup	1676386721256	1676386724737	OK	 
USER	Summary API	START	1676386724921
REQUEST		My Techup - Fetch approved Techup	1676386722589	1676386725010	OK	 
USER	Summary API	START	1676386725255
USER	Summary API	START	1676386725588
USER	Summary API	START	1676386725921
REQUEST		My Techup - Fetch approved Techup	1676386721589	1676386726012	OK	 
REQUEST		Approval Techup - Fetch approval Techups	1676386716268	1676386726036	OK	 
USER	Summary API	START	1676386726255
REQUEST		Approval Techup - Fetch approval Techups	1676386719975	1676386726323	OK	 
REQUEST		Approval Techup - Fetch approval Techups	1676386720339	1676386726327	OK	 
REQUEST		Approval Techup - Fetch approval Techups	1676386714474	1676386726348	KO	status.find.is(204), but actually found 400
REQUEST		AllTechup - Fetch all Techup	1676386719980	1676386726458	OK	 
REQUEST		Approval Techup - Fetch approval Techups	1676386723025	1676386726505	OK	 
USER	Summary API	START	1676386726589
USER	Summary API	START	1676386726922
USER	Summary API	END	1676386726962
REQUEST		My Techup - Fetch approved Techup	1676386723256	1676386727044	OK	 
REQUEST		AllTechup - Fetch all Techup	1676386714460	1676386727044	OK	 
REQUEST		AllTechup - Fetch all Techup	1676386719967	1676386727045	OK	 
REQUEST		My Techup - Fetch approved Techup	1676386723922	1676386727045	OK	 
REQUEST		My Techup - Fetch approved Techup	1676386717588	1676386727046	OK	 
REQUEST		My Techup - Fetch approved Techup	1676386724256	1676386727047	OK	 
REQUEST		My Techup - Fetch approved Techup	1676386723589	1676386727057	OK	 
REQUEST		My Techup - Fetch approved Techup	1676386720588	1676386727080	OK	 
REQUEST		My Techup - Fetch approved Techup	1676386724922	1676386727215	OK	 
REQUEST		Approval Techup - Fetch approval Techups	1676386719976	1676386727219	OK	 
REQUEST		My Techup - Fetch approved Techup	1676386724589	1676386727220	OK	 
USER	Summary API	START	1676386727256
REQUEST		AllTechup - Fetch all Techup	1676386719975	1676386727310	OK	 
REQUEST		AllTechup - Fetch all Techup	1676386719960	1676386727315	OK	 
REQUEST		Approval Techup - Fetch approval Techups	1676386711746	1676386727363	KO	status.find.is(204), but actually found 400
USER	Summary API	START	1676386727589
REQUEST		Approval Techup - Fetch approval Techups	1676386713809	1676386727589	KO	status.find.is(204), but actually found 400
REQUEST		Approval Techup - Fetch approval Techups	1676386720043	1676386727752	OK	 
USER	Summary API	START	1676386727922
REQUEST		Approval Techup - Fetch approval Techups	1676386722317	1676386727990	OK	 
REQUEST		Approval Techup - Fetch approval Techups	1676386719564	1676386727990	OK	 
REQUEST		Approval Techup - Fetch approval Techups	1676386719330	1676386727995	OK	 
REQUEST		Approval Techup - Fetch approval Techups	1676386720031	1676386728149	OK	 
REQUEST		Approval Techup - Fetch approval Techups	1676386720031	1676386728151	OK	 
REQUEST		My Techup - Fetch approved Techup	1676386725256	1676386728217	OK	 
REQUEST		Approval Techup - Fetch approval Techups	1676386722316	1676386728217	OK	 
REQUEST		AllTechup - Fetch all Techup	1676386719813	1676386728218	OK	 
REQUEST		Approval Techup - Fetch approval Techups	1676386721250	1676386728233	OK	 
REQUEST		AllTechup - Fetch all Techup	1676386720113	1676386728239	OK	 
USER	Summary API	START	1676386728256
REQUEST		Approval Techup - Fetch approval Techups	1676386720004	1676386728312	OK	 
REQUEST		AllTechup - Fetch all Techup	1676386719957	1676386728478	OK	 
REQUEST		Approval Techup - Fetch approval Techups	1676386723312	1676386728480	OK	 
REQUEST		My Techup - Fetch approved Techup	1676386725589	1676386728512	OK	 
USER	Summary API	START	1676386728588
REQUEST		My Techup - Fetch approved Techup	1676386719589	1676386728685	KO	status.find.is(204), but actually found 400
REQUEST		My Techup - Fetch approved Techup	1676386722922	1676386728759	OK	 
REQUEST		My Techup - Fetch approved Techup	1676386725922	1676386728768	OK	 
REQUEST		Approval Techup - Fetch approval Techups	1676386720585	1676386728782	OK	 
USER	Summary API	START	1676386728921
REQUEST		Approval Techup - Fetch approval Techups	1676386722113	1676386728993	OK	 
REQUEST		My Techup - Fetch approved Techup	1676386726256	1676386729227	OK	 
USER	Summary API	START	1676386729255
REQUEST		My Techup - Fetch approved Techup	1676386726922	1676386729262	OK	 
REQUEST		Approval Techup - Fetch approval Techups	1676386724738	1676386729278	OK	 
REQUEST		My Techup - Fetch approved Techup	1676386727256	1676386729278	OK	 
REQUEST		Approval Techup - Fetch approval Techups	1676386724752	1676386729280	OK	 
REQUEST		Approval Techup - Fetch approval Techups	1676386725800	1676386729295	OK	 
REQUEST		Approval Techup - Fetch approval Techups	1676386722317	1676386729319	OK	 
REQUEST		Approval Techup - Fetch approval Techups	1676386724667	1676386729329	OK	 
USER	Summary API	END	1676386729459
REQUEST		Approval Techup - Fetch approval Techups	1676386724756	1676386729487	OK	 
REQUEST		Approval Techup - Fetch approval Techups	1676386720732	1676386729494	KO	status.find.is(204), but actually found 500
REQUEST		AllTechup - Fetch all Techup	1676386720813	1676386729513	KO	status.find.is(200), but actually found 400
REQUEST		AllTechup - Fetch all Techup	1676386720783	1676386729514	KO	status.find.is(200), but actually found 400
REQUEST		My Techup - Fetch approved Techup	1676386720256	1676386729526	KO	status.find.is(204), but actually found 400
REQUEST		My Techup - Fetch approved Techup	1676386726589	1676386729540	OK	 
REQUEST		AllTechup - Fetch all Techup	1676386726407	1676386729540	OK	 
REQUEST		My Techup - Fetch approved Techup	1676386727922	1676386729576	OK	 
USER	Summary API	START	1676386729589
REQUEST		AllTechup - Fetch all Techup	1676386721009	1676386729606	KO	status.find.is(200), but actually found 400
USER	Summary API	START	1676386729922
USER	Summary API	END	1676386730045
USER	Summary API	END	1676386730046
REQUEST		Approval Techup - Fetch approval Techups	1676386726977	1676386730242	OK	 
REQUEST		Approval Techup - Fetch approval Techups	1676386727243	1676386730244	OK	 
USER	Summary API	START	1676386730256
USER	Summary API	END	1676386730311
USER	Summary API	END	1676386730316
USER	Summary API	START	1676386730589
USER	Summary API	START	1676386730922
USER	Summary API	END	1676386731219
USER	Summary API	END	1676386731240
USER	Summary API	START	1676386731256
USER	Summary API	END	1676386731479
USER	Summary API	START	1676386731588
REQUEST		Approval Techup - Fetch approval Techups	1676386725800	1676386731801	OK	 
REQUEST		Approval Techup - Fetch approval Techups	1676386725546	1676386731886	OK	 
USER	Summary API	START	1676386731922
USER	Summary API	START	1676386732256
USER	Summary API	END	1676386732514
USER	Summary API	END	1676386732515
USER	Summary API	END	1676386732541
USER	Summary API	START	1676386732589
USER	Summary API	END	1676386732607
USER	Summary API	START	1676386732922
REQUEST		Approval Techup - Fetch approval Techups	1676386728010	1676386732985	OK	 
REQUEST		Approval Techup - Fetch approval Techups	1676386727738	1676386733012	OK	 
REQUEST		My Techup - Fetch approved Techup	1676386727589	1676386733030	OK	 
REQUEST		AllTechup - Fetch all Techup	1676386727469	1676386733032	OK	 
REQUEST		AllTechup - Fetch all Techup	1676386727156	1676386733033	OK	 
REQUEST		Approval Techup - Fetch approval Techups	1676386727720	1676386733059	OK	 
REQUEST		My Techup - Fetch approved Techup	1676386728256	1676386733239	OK	 
REQUEST		My Techup - Fetch approved Techup	1676386729255	1676386733240	OK	 
REQUEST		My Techup - Fetch approved Techup	1676386728588	1676386733244	OK	 
USER	Summary API	START	1676386733256
REQUEST		My Techup - Fetch approved Techup	1676386728921	1676386733551	OK	 
USER	Summary API	START	1676386733588
USER	Summary API	START	1676386733921
REQUEST		AllTechup - Fetch all Techup	1676386729328	1676386734232	OK	 
USER	Summary API	START	1676386734255
REQUEST		My Techup - Fetch approved Techup	1676386730922	1676386734571	OK	 
USER	Summary API	START	1676386734589
REQUEST		AllTechup - Fetch all Techup	1676386729348	1676386734738	OK	 
REQUEST		AllTechup - Fetch all Techup	1676386729323	1676386734753	OK	 
USER	Summary API	START	1676386734922
REQUEST		My Techup - Fetch approved Techup	1676386731922	1676386735087	OK	 
REQUEST		Approval Techup - Fetch approval Techups	1676386729012	1676386735087	OK	 
USER	Summary API	START	1676386735256
USER	Summary API	START	1676386735589
REQUEST		My Techup - Fetch approved Techup	1676386732256	1676386735804	OK	 
REQUEST		My Techup - Fetch approved Techup	1676386732589	1676386735840	OK	 
USER	Summary API	START	1676386735922
USER	Summary API	END	1676386736032
USER	Summary API	END	1676386736034
REQUEST		AllTechup - Fetch all Techup	1676386727183	1676386736074	OK	 
REQUEST		AllTechup - Fetch all Techup	1676386729505	1676386736243	OK	 
USER	Summary API	START	1676386736256
REQUEST		Approval Techup - Fetch approval Techups	1676386731759	1676386736555	OK	 
REQUEST		Approval Techup - Fetch approval Techups	1676386732577	1676386736555	OK	 
REQUEST		AllTechup - Fetch all Techup	1676386732488	1676386736555	OK	 
REQUEST		Approval Techup - Fetch approval Techups	1676386730057	1676386736555	OK	 
REQUEST		AllTechup - Fetch all Techup	1676386730991	1676386736556	OK	 
REQUEST		My Techup - Fetch approved Techup	1676386733256	1676386736556	OK	 
USER	Summary API	START	1676386736588
REQUEST		AllTechup - Fetch all Techup	1676386730996	1676386736721	OK	 
REQUEST		My Techup - Fetch approved Techup	1676386733588	1676386736852	OK	 
USER	Summary API	START	1676386736921
REQUEST		Approval Techup - Fetch approval Techups	1676386727182	1676386737056	OK	 
REQUEST		My Techup - Fetch approved Techup	1676386732922	1676386737057	OK	 
REQUEST		My Techup - Fetch approved Techup	1676386734256	1676386737057	OK	 
REQUEST		My Techup - Fetch approved Techup	1676386731589	1676386737057	OK	 
REQUEST		Approval Techup - Fetch approval Techups	1676386731685	1676386737067	OK	 
USER	Summary API	END	1676386737232
USER	Summary API	START	1676386737255
REQUEST		My Techup - Fetch approved Techup	1676386734589	1676386737281	OK	 
REQUEST		AllTechup - Fetch all Techup	1676386732495	1676386737282	OK	 
REQUEST		AllTechup - Fetch all Techup	1676386733243	1676386737319	OK	 
REQUEST		Approval Techup - Fetch approval Techups	1676386732541	1676386737475	OK	 
USER	Summary API	START	1676386737588
USER	Summary API	END	1676386737739
REQUEST		My Techup - Fetch approved Techup	1676386735589	1676386737742	OK	 
USER	Summary API	END	1676386737754
REQUEST		My Techup - Fetch approved Techup	1676386733921	1676386737765	OK	 
REQUEST		AllTechup - Fetch all Techup	1676386733244	1676386737803	OK	 
REQUEST		AllTechup - Fetch all Techup	1676386731151	1676386737804	OK	 
REQUEST		Approval Techup - Fetch approval Techups	1676386730047	1676386737805	OK	 
REQUEST		Approval Techup - Fetch approval Techups	1676386732228	1676386737826	OK	 
USER	Summary API	START	1676386737921
USER	Summary API	START	1676386738255
REQUEST		AllTechup - Fetch all Techup	1676386732329	1676386738265	OK	 
REQUEST		AllTechup - Fetch all Techup	1676386732295	1676386738530	OK	 
REQUEST		AllTechup - Fetch all Techup	1676386731149	1676386738549	OK	 
USER	Summary API	START	1676386738588
REQUEST		Approval Techup - Fetch approval Techups	1676386736240	1676386738772	OK	 
REQUEST		AllTechup - Fetch all Techup	1676386730753	1676386738772	OK	 
REQUEST		AllTechup - Fetch all Techup	1676386734886	1676386738775	OK	 
REQUEST		My Techup - Fetch approved Techup	1676386735922	1676386738794	OK	 
REQUEST		AllTechup - Fetch all Techup	1676386731993	1676386738798	OK	 
REQUEST		AllTechup - Fetch all Techup	1676386730219	1676386738814	OK	 
USER	Summary API	START	1676386738922
REQUEST		AllTechup - Fetch all Techup	1676386732281	1676386738969	OK	 
REQUEST		My Techup - Fetch approved Techup	1676386734923	1676386738975	OK	 
USER	Summary API	END	1676386739075
USER	Summary API	END	1676386739244
REQUEST		My Techup - Fetch approved Techup	1676386736256	1676386739252	OK	 
USER	Summary API	START	1676386739256
REQUEST		My Techup - Fetch approved Techup	1676386737255	1676386739319	OK	 
REQUEST		Approval Techup - Fetch approval Techups	1676386730044	1676386739474	OK	 
USER	Summary API	END	1676386739556
USER	Summary API	END	1676386739556
USER	Summary API	START	1676386739589
USER	Summary API	END	1676386739722
USER	Summary API	START	1676386739922
USER	Summary API	START	1676386740256
USER	Summary API	END	1676386740283
USER	Summary API	END	1676386740320
REQUEST		My Techup - Fetch approved Techup	1676386729922	1676386740400	KO	status.find.is(204), but actually found 400
REQUEST		My Techup - Fetch approved Techup	1676386731256	1676386740407	KO	status.find.is(204), but actually found 400
REQUEST		AllTechup - Fetch all Techup	1676386730590	1676386740407	KO	status.find.is(200), but actually found 400
REQUEST		My Techup - Fetch approved Techup	1676386729589	1676386740409	KO	status.find.is(204), but actually found 400
REQUEST		AllTechup - Fetch all Techup	1676386731480	1676386740409	KO	status.find.is(200), but actually found 400
REQUEST		AllTechup - Fetch all Techup	1676386730991	1676386740410	KO	status.find.is(200), but actually found 400
REQUEST		My Techup - Fetch approved Techup	1676386730589	1676386740410	KO	status.find.is(204), but actually found 400
USER	Summary API	START	1676386740588
REQUEST		AllTechup - Fetch all Techup	1676386729036	1676386740777	OK	 
USER	Summary API	END	1676386740804
USER	Summary API	END	1676386740805
REQUEST		My Techup - Fetch approved Techup	1676386735256	1676386740822	OK	 
USER	Summary API	START	1676386740922
REQUEST		My Techup - Fetch approved Techup	1676386737922	1676386740982	OK	 
REQUEST		Approval Techup - Fetch approval Techups	1676386730047	1676386741087	OK	 
USER	Summary API	START	1676386741255
USER	Summary API	END	1676386741266
REQUEST		Approval Techup - Fetch approval Techups	1676386736239	1676386741307	OK	 
REQUEST		My Techup - Fetch approved Techup	1676386736588	1676386741308	OK	 
REQUEST		Approval Techup - Fetch approval Techups	1676386736551	1676386741308	OK	 
REQUEST		AllTechup - Fetch all Techup	1676386732319	1676386741318	OK	 
REQUEST		AllTechup - Fetch all Techup	1676386734802	1676386741318	OK	 
REQUEST		Approval Techup - Fetch approval Techups	1676386730220	1676386741320	OK	 
REQUEST		AllTechup - Fetch all Techup	1676386727282	1676386741435	KO	status.find.is(200), but actually found 500
REQUEST		Approval Techup - Fetch approval Techups	1676386727319	1676386741454	KO	status.find.is(204), but actually found 400
REQUEST		Approval Techup - Fetch approval Techups	1676386732263	1676386741471	OK	 
REQUEST		Approval Techup - Fetch approval Techups	1676386730046	1676386741475	OK	 
REQUEST		My Techup - Fetch approved Techup	1676386730256	1676386741475	OK	 
USER	Summary API	END	1676386741531
USER	Summary API	END	1676386741550
USER	Summary API	START	1676386741589
REQUEST		My Techup - Fetch approved Techup	1676386736921	1676386741666	OK	 
REQUEST		My Techup - Fetch approved Techup	1676386737588	1676386741684	OK	 
REQUEST		My Techup - Fetch approved Techup	1676386738922	1676386741748	OK	 
USER	Summary API	END	1676386741773
USER	Summary API	END	1676386741776
REQUEST		My Techup - Fetch approved Techup	1676386738255	1676386741777	OK	 
REQUEST		My Techup - Fetch approved Techup	1676386739256	1676386741783	OK	 
REQUEST		Approval Techup - Fetch approval Techups	1676386730080	1676386741787	OK	 
REQUEST		AllTechup - Fetch all Techup	1676386732279	1676386741787	OK	 
USER	Summary API	END	1676386741799
REQUEST		Approval Techup - Fetch approval Techups	1676386730216	1676386741802	OK	 
USER	Summary API	END	1676386741815
USER	Summary API	START	1676386741922
USER	Summary API	END	1676386741970
USER	Summary API	START	1676386742256
REQUEST		AllTechup - Fetch all Techup	1676386738087	1676386742473	OK	 
REQUEST		Approval Techup - Fetch approval Techups	1676386736245	1676386742575	OK	 
USER	Summary API	START	1676386742588
REQUEST		Approval Techup - Fetch approval Techups	1676386732279	1676386742766	OK	 
REQUEST		My Techup - Fetch approved Techup	1676386739922	1676386742766	OK	 
REQUEST		My Techup - Fetch approved Techup	1676386738589	1676386742766	OK	 
REQUEST		My Techup - Fetch approved Techup	1676386739589	1676386742766	OK	 
REQUEST		Approval Techup - Fetch approval Techups	1676386731217	1676386742766	OK	 
REQUEST		Approval Techup - Fetch approval Techups	1676386739557	1676386742802	OK	 
USER	Summary API	START	1676386742921
REQUEST		AllTechup - Fetch all Techup	1676386731233	1676386742975	OK	 
REQUEST		AllTechup - Fetch all Techup	1676386740067	1676386742975	OK	 
REQUEST		AllTechup - Fetch all Techup	1676386740057	1676386742977	OK	 
REQUEST		Approval Techup - Fetch approval Techups	1676386740057	1676386742977	OK	 
REQUEST		Approval Techup - Fetch approval Techups	1676386740057	1676386742994	OK	 
REQUEST		AllTechup - Fetch all Techup	1676386739556	1676386742996	OK	 
REQUEST		AllTechup - Fetch all Techup	1676386739556	1676386743001	OK	 
REQUEST		AllTechup - Fetch all Techup	1676386739557	1676386743007	OK	 
REQUEST		Approval Techup - Fetch approval Techups	1676386737571	1676386743024	OK	 
REQUEST		Approval Techup - Fetch approval Techups	1676386732526	1676386743225	KO	status.find.is(204), but actually found 400
USER	Summary API	START	1676386743256
USER	Summary API	END	1676386743408
USER	Summary API	END	1676386743410
USER	Summary API	END	1676386743410
REQUEST		AllTechup - Fetch all Techup	1676386731783	1676386743505	OK	 
REQUEST		My Techup - Fetch approved Techup	1676386740589	1676386743542	OK	 
USER	Summary API	START	1676386743588
REQUEST		AllTechup - Fetch all Techup	1676386740476	1676386743730	OK	 
USER	Summary API	END	1676386743778
USER	Summary API	START	1676386743922
USER	Summary API	START	1676386744256
USER	Summary API	END	1676386744319
USER	Summary API	END	1676386744319
USER	Summary API	END	1676386744436
USER	Summary API	START	1676386744588
USER	Summary API	END	1676386744788
USER	Summary API	START	1676386744921
USER	Summary API	START	1676386745255
REQUEST		AllTechup - Fetch all Techup	1676386731218	1676386745395	KO	status.find.is(200), but actually found 500
REQUEST		AllTechup - Fetch all Techup	1676386730364	1676386745396	KO	status.find.is(200), but actually found 500
REQUEST		Approval Techup - Fetch approval Techups	1676386736030	1676386745396	KO	status.find.is(204), but actually found 500
REQUEST		AllTechup - Fetch all Techup	1676386736012	1676386745404	KO	status.find.is(200), but actually found 400
REQUEST		AllTechup - Fetch all Techup	1676386735985	1676386745406	KO	status.find.is(200), but actually found 400
REQUEST		AllTechup - Fetch all Techup	1676386736059	1676386745411	KO	status.find.is(200), but actually found 400
REQUEST		My Techup - Fetch approved Techup	1676386741922	1676386745413	OK	 
USER	Summary API	END	1676386745474
USER	Summary API	START	1676386745589
REQUEST		Approval Techup - Fetch approval Techups	1676386738805	1676386745771	OK	 
REQUEST		Approval Techup - Fetch approval Techups	1676386738087	1676386745798	OK	 
USER	Summary API	START	1676386745922
USER	Summary API	END	1676386745976
USER	Summary API	END	1676386745976
USER	Summary API	END	1676386745978
USER	Summary API	END	1676386745997
USER	Summary API	END	1676386746001
USER	Summary API	END	1676386746008
REQUEST		Approval Techup - Fetch approval Techups	1676386740765	1676386746042	OK	 
REQUEST		My Techup - Fetch approved Techup	1676386743589	1676386746043	OK	 
REQUEST		My Techup - Fetch approved Techup	1676386740256	1676386746043	OK	 
REQUEST		My Techup - Fetch approved Techup	1676386740922	1676386746043	OK	 
REQUEST		My Techup - Fetch approved Techup	1676386742256	1676386746044	OK	 
REQUEST		Approval Techup - Fetch approval Techups	1676386731513	1676386746088	OK	 
REQUEST		AllTechup - Fetch all Techup	1676386731312	1676386746109	OK	 
REQUEST		Approval Techup - Fetch approval Techups	1676386740282	1676386746236	OK	 
REQUEST		Approval Techup - Fetch approval Techups	1676386738840	1676386746238	OK	 
REQUEST		Approval Techup - Fetch approval Techups	1676386731768	1676386746240	OK	 
REQUEST		My Techup - Fetch approved Techup	1676386742589	1676386746248	OK	 
REQUEST		My Techup - Fetch approved Techup	1676386743922	1676386746252	OK	 
REQUEST		My Techup - Fetch approved Techup	1676386743256	1676386746254	OK	 
USER	Summary API	START	1676386746256
REQUEST		My Techup - Fetch approved Techup	1676386742922	1676386746265	OK	 
USER	Summary API	END	1676386746505
USER	Summary API	START	1676386746588
USER	Summary API	END	1676386746731
USER	Summary API	START	1676386746921
REQUEST		My Techup - Fetch approved Techup	1676386741256	1676386747024	OK	 
REQUEST		My Techup - Fetch approved Techup	1676386744256	1676386747241	OK	 
USER	Summary API	START	1676386747255
USER	Summary API	START	1676386747589
REQUEST		AllTechup - Fetch all Techup	1676386740827	1676386747720	OK	 
REQUEST		AllTechup - Fetch all Techup	1676386744320	1676386747757	OK	 
USER	Summary API	START	1676386747922
REQUEST		AllTechup - Fetch all Techup	1676386742475	1676386747969	OK	 
REQUEST		AllTechup - Fetch all Techup	1676386744475	1676386748042	OK	 
USER	Summary API	START	1676386748256
USER	Summary API	END	1676386748396
USER	Summary API	END	1676386748397
USER	Summary API	END	1676386748405
USER	Summary API	END	1676386748406
USER	Summary API	END	1676386748412
USER	Summary API	START	1676386748588
REQUEST		Approval Techup - Fetch approval Techups	1676386744783	1676386748827	OK	 
USER	Summary API	START	1676386748921
REQUEST		AllTechup - Fetch all Techup	1676386744802	1676386748980	OK	 
REQUEST		Approval Techup - Fetch approval Techups	1676386744748	1676386748989	OK	 
REQUEST		Approval Techup - Fetch approval Techups	1676386740743	1676386748994	OK	 
REQUEST		Approval Techup - Fetch approval Techups	1676386743400	1676386748999	OK	 
USER	Summary API	END	1676386749110
USER	Summary API	START	1676386749255
REQUEST		AllTechup - Fetch all Techup	1676386744308	1676386749264	OK	 
REQUEST		AllTechup - Fetch all Techup	1676386744087	1676386749283	OK	 
REQUEST		Approval Techup - Fetch approval Techups	1676386743822	1676386749283	OK	 
REQUEST		Approval Techup - Fetch approval Techups	1676386744308	1676386749286	OK	 
REQUEST		My Techup - Fetch approved Techup	1676386745589	1676386749288	OK	 
USER	Summary API	START	1676386749589
REQUEST		My Techup - Fetch approved Techup	1676386747922	1676386749785	OK	 
REQUEST		My Techup - Fetch approved Techup	1676386744588	1676386749796	OK	 
REQUEST		AllTechup - Fetch all Techup	1676386744472	1676386749802	OK	 
USER	Summary API	START	1676386749922
REQUEST		My Techup - Fetch approved Techup	1676386745922	1676386750004	OK	 
REQUEST		My Techup - Fetch approved Techup	1676386746588	1676386750005	OK	 
REQUEST		AllTechup - Fetch all Techup	1676386745978	1676386750008	OK	 
REQUEST		AllTechup - Fetch all Techup	1676386745994	1676386750319	OK	 
REQUEST		AllTechup - Fetch all Techup	1676386746024	1676386750320	OK	 
REQUEST		AllTechup - Fetch all Techup	1676386746226	1676386750328	OK	 
REQUEST		Approval Techup - Fetch approval Techups	1676386741975	1676386750673	KO	status.find.is(204), but actually found 500
REQUEST		My Techup - Fetch approved Techup	1676386741589	1676386750684	KO	status.find.is(204), but actually found 400
USER	Summary API	END	1676386750721
REQUEST		Approval Techup - Fetch approval Techups	1676386742252	1676386750753	KO	status.find.is(204), but actually found 500
REQUEST		Approval Techup - Fetch approval Techups	1676386739852	1676386750753	KO	status.find.is(204), but actually found 400
USER	Summary API	END	1676386750758
REQUEST		Approval Techup - Fetch approval Techups	1676386740057	1676386750774	KO	status.find.is(204), but actually found 400
REQUEST		AllTechup - Fetch all Techup	1676386744308	1676386750796	OK	 
REQUEST		My Techup - Fetch approved Techup	1676386746256	1676386750810	OK	 
REQUEST		Approval Techup - Fetch approval Techups	1676386742319	1676386750835	KO	status.find.is(204), but actually found 500
USER	Summary API	END	1676386750970
REQUEST		Approval Techup - Fetch approval Techups	1676386744777	1676386751039	OK	 
USER	Summary API	END	1676386751042
REQUEST		My Techup - Fetch approved Techup	1676386747255	1676386751382	OK	 
REQUEST		AllTechup - Fetch all Techup	1676386744454	1676386751832	OK	 
USER	Summary API	END	1676386751982
REQUEST		My Techup - Fetch approved Techup	1676386749255	1676386752211	OK	 
USER	Summary API	END	1676386752265
USER	Summary API	END	1676386752284
REQUEST		Approval Techup - Fetch approval Techups	1676386744685	1676386752634	OK	 
REQUEST		My Techup - Fetch approved Techup	1676386748256	1676386752692	OK	 
USER	Summary API	END	1676386752803
REQUEST		My Techup - Fetch approved Techup	1676386748922	1676386752826	OK	 
USER	Summary API	END	1676386753009
USER	Summary API	END	1676386753320
USER	Summary API	END	1676386753320
USER	Summary API	END	1676386753329
REQUEST		Approval Techup - Fetch approval Techups	1676386744667	1676386753645	OK	 
REQUEST		Approval Techup - Fetch approval Techups	1676386746543	1676386753645	OK	 
REQUEST		Approval Techup - Fetch approval Techups	1676386741794	1676386753645	OK	 
USER	Summary API	END	1676386753797
REQUEST		Approval Techup - Fetch approval Techups	1676386743982	1676386754055	KO	status.find.is(204), but actually found 400
REQUEST		My Techup - Fetch approved Techup	1676386749923	1676386754071	OK	 
REQUEST		My Techup - Fetch approved Techup	1676386744921	1676386754271	KO	status.find.is(204), but actually found 400
REQUEST		AllTechup - Fetch all Techup	1676386740805	1676386754300	KO	status.find.is(200), but actually found 500
REQUEST		Approval Techup - Fetch approval Techups	1676386745767	1676386754324	KO	status.find.is(204), but actually found 500
REQUEST		Approval Techup - Fetch approval Techups	1676386745767	1676386754328	KO	status.find.is(204), but actually found 500
REQUEST		Approval Techup - Fetch approval Techups	1676386744475	1676386754331	KO	status.find.is(204), but actually found 400
REQUEST		My Techup - Fetch approved Techup	1676386746921	1676386754333	OK	 
REQUEST		AllTechup - Fetch all Techup	1676386745767	1676386754333	KO	status.find.is(200), but actually found 400
REQUEST		Approval Techup - Fetch approval Techups	1676386745767	1676386754469	KO	status.find.is(204), but actually found 500
REQUEST		AllTechup - Fetch all Techup	1676386745767	1676386754469	KO	status.find.is(200), but actually found 400
REQUEST		My Techup - Fetch approved Techup	1676386745255	1676386754469	KO	status.find.is(204), but actually found 400
REQUEST		Approval Techup - Fetch approval Techups	1676386743407	1676386754469	KO	status.find.is(204), but actually found 400
REQUEST		AllTechup - Fetch all Techup	1676386745803	1676386754469	KO	status.find.is(200), but actually found 400
REQUEST		AllTechup - Fetch all Techup	1676386741773	1676386754470	KO	status.find.is(200), but actually found 500
REQUEST		Approval Techup - Fetch approval Techups	1676386743410	1676386754470	KO	status.find.is(204), but actually found 400
REQUEST		My Techup - Fetch approved Techup	1676386749589	1676386754789	OK	 
USER	Summary API	END	1676386754832
REQUEST		My Techup - Fetch approved Techup	1676386748588	1676386754970	OK	 
REQUEST		Approval Techup - Fetch approval Techups	1676386743410	1676386754973	OK	 
REQUEST		AllTechup - Fetch all Techup	1676386748798	1676386755227	OK	 
REQUEST		AllTechup - Fetch all Techup	1676386744787	1676386755463	KO	status.find.is(200), but actually found 500
REQUEST		Approval Techup - Fetch approval Techups	1676386749252	1676386755725	OK	 
REQUEST		Approval Techup - Fetch approval Techups	1676386748413	1676386755755	OK	 
REQUEST		Approval Techup - Fetch approval Techups	1676386749044	1676386755830	OK	 
REQUEST		Approval Techup - Fetch approval Techups	1676386749044	1676386756328	OK	 
REQUEST		AllTechup - Fetch all Techup	1676386745576	1676386756398	KO	status.find.is(200), but actually found 500
REQUEST		My Techup - Fetch approved Techup	1676386747589	1676386756794	KO	status.find.is(204), but actually found 400
REQUEST		AllTechup - Fetch all Techup	1676386748771	1676386756986	OK	 
REQUEST		AllTechup - Fetch all Techup	1676386749089	1676386757148	OK	 
REQUEST		Approval Techup - Fetch approval Techups	1676386749043	1676386757168	OK	 
REQUEST		Approval Techup - Fetch approval Techups	1676386749249	1676386757288	OK	 
USER	Summary API	END	1676386757300
USER	Summary API	END	1676386757334
REQUEST		AllTechup - Fetch all Techup	1676386748397	1676386757350	OK	 
USER	Summary API	END	1676386757470
USER	Summary API	END	1676386757470
USER	Summary API	END	1676386757471
REQUEST		Approval Techup - Fetch approval Techups	1676386750241	1676386757495	OK	 
REQUEST		AllTechup - Fetch all Techup	1676386751995	1676386757500	OK	 
REQUEST		Approval Techup - Fetch approval Techups	1676386753684	1676386757500	OK	 
REQUEST		Approval Techup - Fetch approval Techups	1676386754382	1676386757793	OK	 
USER	Summary API	END	1676386758228
REQUEST		AllTechup - Fetch all Techup	1676386749236	1676386758229	KO	status.find.is(200), but actually found 400
REQUEST		AllTechup - Fetch all Techup	1676386749241	1676386758230	KO	status.find.is(200), but actually found 400
REQUEST		Approval Techup - Fetch approval Techups	1676386749254	1676386758230	KO	status.find.is(204), but actually found 500
REQUEST		AllTechup - Fetch all Techup	1676386749238	1676386758230	KO	status.find.is(200), but actually found 400
USER	Summary API	END	1676386758464
REQUEST		Approval Techup - Fetch approval Techups	1676386749043	1676386758494	OK	 
REQUEST		Approval Techup - Fetch approval Techups	1676386750024	1676386758529	OK	 
USER	Summary API	END	1676386759399
REQUEST		AllTechup - Fetch all Techup	1676386751990	1676386759872	OK	 
USER	Summary API	END	1676386759986
USER	Summary API	END	1676386760149
USER	Summary API	END	1676386760351
USER	Summary API	END	1676386760500
REQUEST		AllTechup - Fetch all Techup	1676386751828	1676386760600	KO	status.find.is(200), but actually found 400
REQUEST		Approval Techup - Fetch approval Techups	1676386752288	1676386760992	KO	status.find.is(204), but actually found 500
USER	Summary API	END	1676386761230
USER	Summary API	END	1676386761231
USER	Summary API	END	1676386761231
REQUEST		AllTechup - Fetch all Techup	1676386752283	1676386761271	OK	 
REQUEST		AllTechup - Fetch all Techup	1676386749042	1676386762043	OK	 
REQUEST		Approval Techup - Fetch approval Techups	1676386752797	1676386762045	OK	 
REQUEST		AllTechup - Fetch all Techup	1676386753754	1676386762045	OK	 
REQUEST		AllTechup - Fetch all Techup	1676386753753	1676386762045	OK	 
REQUEST		Approval Techup - Fetch approval Techups	1676386755692	1676386762325	OK	 
USER	Summary API	END	1676386762873
REQUEST		AllTechup - Fetch all Techup	1676386754040	1676386763245	KO	status.find.is(200), but actually found 400
USER	Summary API	END	1676386763601
REQUEST		Approval Techup - Fetch approval Techups	1676386749265	1676386763605	OK	 
REQUEST		AllTechup - Fetch all Techup	1676386752287	1676386764075	KO	status.find.is(200), but actually found 500
USER	Summary API	END	1676386764272
REQUEST		Approval Techup - Fetch approval Techups	1676386752786	1676386764326	KO	status.find.is(204), but actually found 400
REQUEST		Approval Techup - Fetch approval Techups	1676386753004	1676386764326	KO	status.find.is(204), but actually found 400
REQUEST		Approval Techup - Fetch approval Techups	1676386753005	1676386764577	KO	status.find.is(204), but actually found 400
REQUEST		Approval Techup - Fetch approval Techups	1676386755826	1676386764577	KO	status.find.is(204), but actually found 500
REQUEST		AllTechup - Fetch all Techup	1676386752000	1676386764637	OK	 
REQUEST		Approval Techup - Fetch approval Techups	1676386755212	1676386765039	OK	 
USER	Summary API	END	1676386765044
USER	Summary API	END	1676386765045
USER	Summary API	END	1676386765045
REQUEST		AllTechup - Fetch all Techup	1676386757055	1676386765678	KO	status.find.is(200), but actually found 400
REQUEST		Approval Techup - Fetch approval Techups	1676386757071	1676386765681	KO	status.find.is(204), but actually found 500
REQUEST		AllTechup - Fetch all Techup	1676386753674	1676386765699	KO	status.find.is(200), but actually found 500
USER	Summary API	END	1676386766247
REQUEST		AllTechup - Fetch all Techup	1676386757973	1676386766483	KO	status.find.is(200), but actually found 400
USER	Summary API	END	1676386767075
USER	Summary API	END	1676386767639
REQUEST		Approval Techup - Fetch approval Techups	1676386757790	1676386768167	KO	status.find.is(204), but actually found 500
REQUEST		Approval Techup - Fetch approval Techups	1676386757970	1676386768267	KO	status.find.is(204), but actually found 500
USER	Summary API	END	1676386768679
USER	Summary API	END	1676386768700
REQUEST		AllTechup - Fetch all Techup	1676386760168	1676386768783	KO	status.find.is(200), but actually found 400
REQUEST		AllTechup - Fetch all Techup	1676386760289	1676386768853	KO	status.find.is(200), but actually found 400
REQUEST		AllTechup - Fetch all Techup	1676386760495	1676386769004	KO	status.find.is(200), but actually found 400
REQUEST		AllTechup - Fetch all Techup	1676386760501	1676386769004	KO	status.find.is(200), but actually found 400
REQUEST		Approval Techup - Fetch approval Techups	1676386757333	1676386769288	KO	status.find.is(204), but actually found 400
USER	Summary API	END	1676386769484
REQUEST		AllTechup - Fetch all Techup	1676386761230	1676386769799	KO	status.find.is(200), but actually found 400
REQUEST		AllTechup - Fetch all Techup	1676386761495	1676386770003	KO	status.find.is(200), but actually found 400
REQUEST		AllTechup - Fetch all Techup	1676386761529	1676386770045	KO	status.find.is(200), but actually found 400
REQUEST		Approval Techup - Fetch approval Techups	1676386757470	1676386770313	KO	status.find.is(204), but actually found 400
REQUEST		AllTechup - Fetch all Techup	1676386753774	1676386770314	KO	status.find.is(200), but actually found 500
REQUEST		Approval Techup - Fetch approval Techups	1676386757271	1676386770926	KO	status.find.is(204), but actually found 400
REQUEST		AllTechup - Fetch all Techup	1676386757470	1676386771066	KO	status.find.is(200), but actually found 500
REQUEST		AllTechup - Fetch all Techup	1676386757329	1676386771090	KO	status.find.is(200), but actually found 500
REQUEST		AllTechup - Fetch all Techup	1676386753835	1676386771152	KO	status.find.is(200), but actually found 500
REQUEST		AllTechup - Fetch all Techup	1676386757332	1676386771153	KO	status.find.is(200), but actually found 500
REQUEST		AllTechup - Fetch all Techup	1676386757325	1676386771163	KO	status.find.is(200), but actually found 500
REQUEST		AllTechup - Fetch all Techup	1676386757471	1676386771164	KO	status.find.is(200), but actually found 500
USER	Summary API	END	1676386771783
REQUEST		Approval Techup - Fetch approval Techups	1676386759795	1676386771814	KO	status.find.is(204), but actually found 400
REQUEST		AllTechup - Fetch all Techup	1676386757470	1676386771814	KO	status.find.is(200), but actually found 500
REQUEST		Approval Techup - Fetch approval Techups	1676386753810	1676386771814	KO	status.find.is(204), but actually found 400
USER	Summary API	END	1676386771854
USER	Summary API	END	1676386772004
USER	Summary API	END	1676386772005
REQUEST		AllTechup - Fetch all Techup	1676386759328	1676386772293	KO	status.find.is(200), but actually found 500
REQUEST		AllTechup - Fetch all Techup	1676386756646	1676386772294	KO	status.find.is(200), but actually found 500
REQUEST		AllTechup - Fetch all Techup	1676386763993	1676386772564	KO	status.find.is(200), but actually found 400
USER	Summary API	END	1676386772800
USER	Summary API	END	1676386773004
USER	Summary API	END	1676386773045
REQUEST		AllTechup - Fetch all Techup	1676386755635	1676386773280	KO	status.find.is(200), but actually found 500
REQUEST		AllTechup - Fetch all Techup	1676386756646	1676386773280	KO	status.find.is(200), but actually found 500
REQUEST		AllTechup - Fetch all Techup	1676386758725	1676386773280	KO	status.find.is(200), but actually found 500
REQUEST		AllTechup - Fetch all Techup	1676386756646	1676386773280	KO	status.find.is(200), but actually found 500
USER	Summary API	END	1676386773314
REQUEST		AllTechup - Fetch all Techup	1676386765045	1676386773738	KO	status.find.is(200), but actually found 400
REQUEST		AllTechup - Fetch all Techup	1676386758755	1676386773738	KO	status.find.is(200), but actually found 500
REQUEST		AllTechup - Fetch all Techup	1676386765325	1676386773930	KO	status.find.is(200), but actually found 400
USER	Summary API	END	1676386774066
USER	Summary API	END	1676386774090
USER	Summary API	END	1676386774153
USER	Summary API	END	1676386774153
USER	Summary API	END	1676386774164
USER	Summary API	END	1676386774165
USER	Summary API	END	1676386774814
REQUEST		AllTechup - Fetch all Techup	1676386766606	1676386775124	KO	status.find.is(200), but actually found 400
USER	Summary API	END	1676386775294
USER	Summary API	END	1676386775295
USER	Summary API	END	1676386775564
REQUEST		AllTechup - Fetch all Techup	1676386767327	1676386775943	KO	status.find.is(200), but actually found 400
REQUEST		AllTechup - Fetch all Techup	1676386767327	1676386775943	KO	status.find.is(200), but actually found 400
REQUEST		AllTechup - Fetch all Techup	1676386767578	1676386776147	KO	status.find.is(200), but actually found 400
REQUEST		AllTechup - Fetch all Techup	1676386767578	1676386776147	KO	status.find.is(200), but actually found 400
USER	Summary API	END	1676386776281
USER	Summary API	END	1676386776281
USER	Summary API	END	1676386776281
USER	Summary API	END	1676386776281
REQUEST		AllTechup - Fetch all Techup	1676386768040	1676386776557	KO	status.find.is(200), but actually found 400
USER	Summary API	END	1676386776739
USER	Summary API	END	1676386776739
USER	Summary API	END	1676386776931
REQUEST		AllTechup - Fetch all Techup	1676386768682	1676386777182	KO	status.find.is(200), but actually found 400
USER	Summary API	END	1676386778125
USER	Summary API	END	1676386778944
USER	Summary API	END	1676386778944
USER	Summary API	END	1676386779148
USER	Summary API	END	1676386779148
USER	Summary API	END	1676386779558
REQUEST		AllTechup - Fetch all Techup	1676386771167	1676386779664	KO	status.find.is(200), but actually found 400
REQUEST		AllTechup - Fetch all Techup	1676386771268	1676386779763	KO	status.find.is(200), but actually found 400
USER	Summary API	END	1676386780183
REQUEST		AllTechup - Fetch all Techup	1676386772289	1676386780858	KO	status.find.is(200), but actually found 400
REQUEST		AllTechup - Fetch all Techup	1676386773314	1676386781892	KO	status.find.is(200), but actually found 400
REQUEST		AllTechup - Fetch all Techup	1676386773926	1676386782527	KO	status.find.is(200), but actually found 400
USER	Summary API	END	1676386782665
USER	Summary API	END	1676386782764
REQUEST		AllTechup - Fetch all Techup	1676386774814	1676386783315	KO	status.find.is(200), but actually found 400
REQUEST		AllTechup - Fetch all Techup	1676386774814	1676386783315	KO	status.find.is(200), but actually found 400
USER	Summary API	END	1676386783859
USER	Summary API	END	1676386784893
USER	Summary API	END	1676386785527
USER	Summary API	END	1676386786316
USER	Summary API	END	1676386786316
REQUEST		AllTechup - Fetch all Techup	1676386758830	1676386796393	KO	status.find.is(200), but actually found 400
USER	Summary API	END	1676386799394
REQUEST		AllTechup - Fetch all Techup	1676386760794	1676386808223	KO	status.find.is(200), but actually found 400
USER	Summary API	END	1676386811224
