RUN	Simulations.Create	create	1673275361128	 	3.5.1
USER	Create  Scenario	START	1673275366958
USER	Create  Scenario	START	1673275367001
USER	Create  Scenario	START	1673275367053
USER	Create  Scenario	START	1673275367104
USER	Create  Scenario	START	1673275367155
USER	Create  Scenario	START	1673275367206
USER	Create  Scenario	START	1673275367256
USER	Create  Scenario	START	1673275367306
USER	Create  Scenario	START	1673275367357
USER	Create  Scenario	START	1673275367407
USER	Create  Scenario	START	1673275367457
USER	Create  Scenario	START	1673275367508
USER	Create  Scenario	START	1673275367558
USER	Create  Scenario	START	1673275367608
USER	Create  Scenario	START	1673275367659
USER	Create  Scenario	START	1673275367709
USER	Create  Scenario	START	1673275367759
USER	Create  Scenario	START	1673275367809
USER	Create  Scenario	START	1673275367859
USER	Create  Scenario	START	1673275367909
USER	Create  Scenario	START	1673275367959
USER	Create  Scenario	START	1673275368002
USER	Create  Scenario	START	1673275368052
USER	Create  Scenario	START	1673275368102
USER	Create  Scenario	START	1673275368152
USER	Create  Scenario	START	1673275368202
USER	Create  Scenario	START	1673275368252
USER	Create  Scenario	START	1673275368302
USER	Create  Scenario	START	1673275368353
USER	Create  Scenario	START	1673275368403
USER	Create  Scenario	START	1673275368453
USER	Create  Scenario	START	1673275368503
USER	Create  Scenario	START	1673275368553
USER	Create  Scenario	START	1673275368603
USER	Create  Scenario	START	1673275368653
USER	Create  Scenario	START	1673275368703
USER	Create  Scenario	START	1673275368753
USER	Create  Scenario	START	1673275368803
USER	Create  Scenario	START	1673275368854
USER	Create  Scenario	START	1673275368903
USER	Create  Scenario	START	1673275368954
USER	Create  Scenario	START	1673275369001
USER	Create  Scenario	START	1673275369052
USER	Create  Scenario	START	1673275369102
USER	Create  Scenario	START	1673275369152
USER	Create  Scenario	START	1673275369202
USER	Create  Scenario	START	1673275369252
USER	Create  Scenario	START	1673275369302
USER	Create  Scenario	START	1673275369352
USER	Create  Scenario	START	1673275369402
USER	Create  Scenario	START	1673275369452
USER	Create  Scenario	START	1673275369502
USER	Create  Scenario	START	1673275369552
USER	Create  Scenario	START	1673275369602
USER	Create  Scenario	START	1673275369652
USER	Create  Scenario	START	1673275369702
USER	Create  Scenario	START	1673275369753
USER	Create  Scenario	START	1673275369803
USER	Create  Scenario	START	1673275369853
USER	Create  Scenario	START	1673275369903
USER	Create  Scenario	START	1673275369953
USER	Create  Scenario	START	1673275370001
USER	Create  Scenario	START	1673275370052
USER	Create  Scenario	START	1673275370102
USER	Create  Scenario	START	1673275370152
USER	Create  Scenario	START	1673275370202
USER	Create  Scenario	START	1673275370252
USER	Create  Scenario	START	1673275370302
USER	Create  Scenario	START	1673275370352
USER	Create  Scenario	START	1673275370402
USER	Create  Scenario	START	1673275370452
USER	Create  Scenario	START	1673275370502
USER	Create  Scenario	START	1673275370553
USER	Create  Scenario	START	1673275370603
USER	Create  Scenario	START	1673275370653
USER	Create  Scenario	START	1673275370703
USER	Create  Scenario	START	1673275370753
USER	Create  Scenario	START	1673275370803
USER	Create  Scenario	START	1673275370853
USER	Create  Scenario	START	1673275370903
USER	Create  Scenario	START	1673275370953
USER	Create  Scenario	START	1673275371002
USER	Create  Scenario	START	1673275371052
USER	Create  Scenario	START	1673275371102
USER	Create  Scenario	START	1673275371152
USER	Create  Scenario	START	1673275371202
USER	Create  Scenario	START	1673275371252
USER	Create  Scenario	START	1673275371302
USER	Create  Scenario	START	1673275371352
USER	Create  Scenario	START	1673275371402
USER	Create  Scenario	START	1673275371452
USER	Create  Scenario	START	1673275371502
USER	Create  Scenario	START	1673275371552
USER	Create  Scenario	START	1673275371603
USER	Create  Scenario	START	1673275371652
USER	Create  Scenario	START	1673275371703
USER	Create  Scenario	START	1673275371753
USER	Create  Scenario	START	1673275371803
USER	Create  Scenario	START	1673275371853
USER	Create  Scenario	START	1673275371904
REQUEST		my Proposal	1673275367105	1673275376479	OK	 
REQUEST		my Proposal	1673275368654	1673275378940	KO	i.n.h.s.SslHandshakeTimeoutException: handshake timed out after 10000ms
USER	Create  Scenario	END	1673275379500
REQUEST		my Proposal	1673275369653	1673275379654	KO	i.n.c.ConnectTimeoutException: connection timed out: backend-qa.knoldus.com/34.132.142.94:443
REQUEST		my Proposal	1673275369453	1673275379800	KO	i.n.h.s.SslHandshakeTimeoutException: handshake timed out after 10000ms
REQUEST		my Proposal	1673275369853	1673275380230	KO	i.n.h.s.SslHandshakeTimeoutException: handshake timed out after 10000ms
REQUEST		my Proposal	1673275371403	1673275381243	OK	 
REQUEST		my Proposal	1673275371102	1673275381473	KO	i.n.h.s.SslHandshakeTimeoutException: handshake timed out after 10000ms
USER	Create  Scenario	END	1673275381942
REQUEST		my Proposal	1673275371803	1673275382181	KO	i.n.h.s.SslHandshakeTimeoutException: handshake timed out after 10000ms
REQUEST		my Proposal	1673275371904	1673275382281	KO	i.n.h.s.SslHandshakeTimeoutException: handshake timed out after 10000ms
USER	Create  Scenario	END	1673275382655
USER	Create  Scenario	END	1673275382800
USER	Create  Scenario	END	1673275383231
USER	Create  Scenario	END	1673275384244
REQUEST		my Proposal	1673275368854	1673275384304	OK	 
USER	Create  Scenario	END	1673275384473
REQUEST		my Proposal	1673275368103	1673275384874	OK	 
USER	Create  Scenario	END	1673275385182
USER	Create  Scenario	END	1673275385282
REQUEST		my Proposal	1673275367408	1673275386169	OK	 
REQUEST		my Proposal	1673275367257	1673275386186	OK	 
USER	Create  Scenario	END	1673275387305
USER	Create  Scenario	END	1673275387875
REQUEST		my Proposal	1673275368954	1673275388440	OK	 
REQUEST		my Proposal	1673275367809	1673275388994	OK	 
USER	Create  Scenario	END	1673275389171
USER	Create  Scenario	END	1673275389187
REQUEST		my Proposal	1673275367357	1673275389724	OK	 
REQUEST		my Proposal	1673275369503	1673275390006	OK	 
REQUEST		my Proposal	1673275368253	1673275391074	OK	 
REQUEST		my Proposal	1673275367910	1673275391277	OK	 
USER	Create  Scenario	END	1673275391441
REQUEST		my Proposal	1673275367609	1673275391610	OK	 
REQUEST		my Proposal	1673275367709	1673275391921	OK	 
USER	Create  Scenario	END	1673275391995
REQUEST		my Proposal	1673275371252	1673275392617	OK	 
USER	Create  Scenario	END	1673275392725
USER	Create  Scenario	END	1673275393007
REQUEST		my Proposal	1673275369703	1673275393310	OK	 
REQUEST		my Proposal	1673275369553	1673275393829	OK	 
USER	Create  Scenario	END	1673275394075
REQUEST		my Proposal	1673275368753	1673275394125	OK	 
USER	Create  Scenario	END	1673275394278
REQUEST		my Proposal	1673275371503	1673275394356	OK	 
REQUEST		my Proposal	1673275369052	1673275394542	OK	 
USER	Create  Scenario	END	1673275394611
REQUEST		my Proposal	1673275370302	1673275394629	OK	 
USER	Create  Scenario	END	1673275394922
REQUEST		my Proposal	1673275370453	1673275395089	OK	 
USER	Create  Scenario	END	1673275395619
REQUEST		my Proposal	1673275368203	1673275395827	OK	 
REQUEST		my Proposal	1673275370503	1673275395888	OK	 
USER	Create  Scenario	END	1673275396311
USER	Create  Scenario	END	1673275396830
USER	Create  Scenario	END	1673275397127
USER	Create  Scenario	END	1673275397357
USER	Create  Scenario	END	1673275397543
USER	Create  Scenario	END	1673275397631
USER	Create  Scenario	END	1673275398090
REQUEST		my Proposal	1673275368553	1673275398760	OK	 
USER	Create  Scenario	END	1673275398828
USER	Create  Scenario	END	1673275398889
REQUEST		my Proposal	1673275370352	1673275398942	OK	 
REQUEST		my Proposal	1673275371302	1673275399910	OK	 
REQUEST		my Proposal	1673275371753	1673275400342	OK	 
REQUEST		my Proposal	1673275370152	1673275401361	OK	 
USER	Create  Scenario	END	1673275401761
REQUEST		my Proposal	1673275367002	1673275401917	OK	 
USER	Create  Scenario	END	1673275401943
USER	Create  Scenario	END	1673275402911
USER	Create  Scenario	END	1673275403343
USER	Create  Scenario	END	1673275404362
USER	Create  Scenario	END	1673275404919
REQUEST		my Proposal	1673275371653	1673275411289	OK	 
REQUEST		my Proposal	1673275369903	1673275413127	OK	 
USER	Create  Scenario	END	1673275414290
USER	Create  Scenario	END	1673275416128
REQUEST		my Proposal	1673275367054	1673275417899	OK	 
USER	Create  Scenario	END	1673275420900
REQUEST		my Proposal	1673275370903	1673275423245	OK	 
USER	Create  Scenario	END	1673275426247
REQUEST		my Proposal	1673275366982	1673275426983	KO	i.g.h.c.i.RequestTimeoutException: Request timeout to backend-qa.knoldus.com/34.132.142.94:443 after 60000 ms
REQUEST		my Proposal	1673275367155	1673275427156	KO	i.g.h.c.i.RequestTimeoutException: Request timeout to backend-qa.knoldus.com/34.132.142.94:443 after 60000 ms
REQUEST		my Proposal	1673275367206	1673275427207	KO	i.g.h.c.i.RequestTimeoutException: Request timeout to backend-qa.knoldus.com/34.132.142.94:443 after 60000 ms
REQUEST		my Proposal	1673275367307	1673275427307	KO	i.g.h.c.i.RequestTimeoutException: Request timeout to backend-qa.knoldus.com/34.132.142.94:443 after 60000 ms
REQUEST		my Proposal	1673275367458	1673275427458	KO	i.g.h.c.i.RequestTimeoutException: Request timeout to backend-qa.knoldus.com/34.132.142.94:443 after 60000 ms
REQUEST		my Proposal	1673275367508	1673275427508	KO	i.g.h.c.i.RequestTimeoutException: Request timeout to backend-qa.knoldus.com/34.132.142.94:443 after 60000 ms
REQUEST		my Proposal	1673275367559	1673275427559	KO	i.g.h.c.i.RequestTimeoutException: Request timeout to backend-qa.knoldus.com/34.132.142.94:443 after 60000 ms
REQUEST		my Proposal	1673275367659	1673275427659	KO	i.g.h.c.i.RequestTimeoutException: Request timeout to backend-qa.knoldus.com/34.132.142.94:443 after 60000 ms
REQUEST		my Proposal	1673275367759	1673275427760	KO	i.g.h.c.i.RequestTimeoutException: Request timeout to backend-qa.knoldus.com/34.132.142.94:443 after 60000 ms
REQUEST		my Proposal	1673275367860	1673275427860	KO	i.g.h.c.i.RequestTimeoutException: Request timeout to backend-qa.knoldus.com/34.132.142.94:443 after 60000 ms
REQUEST		my Proposal	1673275367960	1673275427960	KO	i.g.h.c.i.RequestTimeoutException: Request timeout to backend-qa.knoldus.com/34.132.142.94:443 after 60000 ms
REQUEST		my Proposal	1673275368002	1673275428002	KO	i.g.h.c.i.RequestTimeoutException: Request timeout to backend-qa.knoldus.com/34.132.142.94:443 after 60000 ms
REQUEST		my Proposal	1673275368052	1673275428053	KO	i.g.h.c.i.RequestTimeoutException: Request timeout to backend-qa.knoldus.com/34.132.142.94:443 after 60000 ms
REQUEST		my Proposal	1673275368152	1673275428153	KO	i.g.h.c.i.RequestTimeoutException: Request timeout to backend-qa.knoldus.com/34.132.142.94:443 after 60000 ms
REQUEST		my Proposal	1673275368303	1673275428303	KO	i.g.h.c.i.RequestTimeoutException: Request timeout to backend-qa.knoldus.com/34.132.142.94:443 after 60000 ms
REQUEST		my Proposal	1673275368353	1673275428353	KO	i.g.h.c.i.RequestTimeoutException: Request timeout to backend-qa.knoldus.com/34.132.142.94:443 after 60000 ms
REQUEST		my Proposal	1673275368403	1673275428403	KO	i.g.h.c.i.RequestTimeoutException: Request timeout to backend-qa.knoldus.com/34.132.142.94:443 after 60000 ms
REQUEST		my Proposal	1673275368453	1673275428453	KO	i.g.h.c.i.RequestTimeoutException: Request timeout to backend-qa.knoldus.com/34.132.142.94:443 after 60000 ms
REQUEST		my Proposal	1673275368503	1673275428503	KO	i.g.h.c.i.RequestTimeoutException: Request timeout to backend-qa.knoldus.com/34.132.142.94:443 after 60000 ms
REQUEST		my Proposal	1673275368604	1673275428604	KO	i.g.h.c.i.RequestTimeoutException: Request timeout to backend-qa.knoldus.com/34.132.142.94:443 after 60000 ms
REQUEST		my Proposal	1673275368704	1673275428704	KO	i.g.h.c.i.RequestTimeoutException: Request timeout to backend-qa.knoldus.com/34.132.142.94:443 after 60000 ms
REQUEST		my Proposal	1673275368804	1673275428804	KO	i.g.h.c.i.RequestTimeoutException: Request timeout to backend-qa.knoldus.com/34.132.142.94:443 after 60000 ms
REQUEST		my Proposal	1673275368904	1673275428904	KO	i.g.h.c.i.RequestTimeoutException: Request timeout to backend-qa.knoldus.com/34.132.142.94:443 after 60000 ms
REQUEST		my Proposal	1673275369002	1673275429002	KO	i.g.h.c.i.RequestTimeoutException: Request timeout to backend-qa.knoldus.com/34.132.142.94:443 after 60000 ms
REQUEST		my Proposal	1673275369102	1673275429102	KO	i.g.h.c.i.RequestTimeoutException: Request timeout to backend-qa.knoldus.com/34.132.142.94:443 after 60000 ms
REQUEST		my Proposal	1673275369152	1673275429152	KO	i.g.h.c.i.RequestTimeoutException: Request timeout to backend-qa.knoldus.com/34.132.142.94:443 after 60000 ms
REQUEST		my Proposal	1673275369202	1673275429202	KO	i.g.h.c.i.RequestTimeoutException: Request timeout to backend-qa.knoldus.com/34.132.142.94:443 after 60000 ms
REQUEST		my Proposal	1673275369252	1673275429252	KO	i.g.h.c.i.RequestTimeoutException: Request timeout to backend-qa.knoldus.com/34.132.142.94:443 after 60000 ms
REQUEST		my Proposal	1673275371853	1673275429266	OK	 
REQUEST		my Proposal	1673275369302	1673275429303	KO	i.g.h.c.i.RequestTimeoutException: Request timeout to backend-qa.knoldus.com/34.132.142.94:443 after 60000 ms
REQUEST		my Proposal	1673275369353	1673275429353	KO	i.g.h.c.i.RequestTimeoutException: Request timeout to backend-qa.knoldus.com/34.132.142.94:443 after 60000 ms
REQUEST		my Proposal	1673275369402	1673275429403	KO	i.g.h.c.i.RequestTimeoutException: Request timeout to backend-qa.knoldus.com/34.132.142.94:443 after 60000 ms
REQUEST		my Proposal	1673275369603	1673275429603	KO	i.g.h.c.i.RequestTimeoutException: Request timeout to backend-qa.knoldus.com/34.132.142.94:443 after 60000 ms
REQUEST		my Proposal	1673275369753	1673275429753	KO	i.g.h.c.i.RequestTimeoutException: Request timeout to backend-qa.knoldus.com/34.132.142.94:443 after 60000 ms
REQUEST		my Proposal	1673275369803	1673275429803	KO	i.g.h.c.i.RequestTimeoutException: Request timeout to backend-qa.knoldus.com/34.132.142.94:443 after 60000 ms
REQUEST		my Proposal	1673275369954	1673275429954	KO	i.g.h.c.i.RequestTimeoutException: Request timeout to backend-qa.knoldus.com/34.132.142.94:443 after 60000 ms
USER	Create  Scenario	END	1673275429984
REQUEST		my Proposal	1673275370002	1673275430002	KO	i.g.h.c.i.RequestTimeoutException: Request timeout to backend-qa.knoldus.com/34.132.142.94:443 after 60000 ms
REQUEST		my Proposal	1673275370052	1673275430052	KO	i.g.h.c.i.RequestTimeoutException: Request timeout to backend-qa.knoldus.com/34.132.142.94:443 after 60000 ms
REQUEST		my Proposal	1673275370102	1673275430102	KO	i.g.h.c.i.RequestTimeoutException: Request timeout to backend-qa.knoldus.com/34.132.142.94:443 after 60000 ms
USER	Create  Scenario	END	1673275430156
REQUEST		my Proposal	1673275370202	1673275430202	KO	i.g.h.c.i.RequestTimeoutException: Request timeout to backend-qa.knoldus.com/34.132.142.94:443 after 60000 ms
USER	Create  Scenario	END	1673275430207
REQUEST		my Proposal	1673275370252	1673275430252	KO	i.g.h.c.i.RequestTimeoutException: Request timeout to backend-qa.knoldus.com/34.132.142.94:443 after 60000 ms
USER	Create  Scenario	END	1673275430308
REQUEST		my Proposal	1673275370402	1673275430403	KO	i.g.h.c.i.RequestTimeoutException: Request timeout to backend-qa.knoldus.com/34.132.142.94:443 after 60000 ms
USER	Create  Scenario	END	1673275430459
USER	Create  Scenario	END	1673275430509
REQUEST		my Proposal	1673275370553	1673275430553	KO	i.g.h.c.i.RequestTimeoutException: Request timeout to backend-qa.knoldus.com/34.132.142.94:443 after 60000 ms
USER	Create  Scenario	END	1673275430559
REQUEST		my Proposal	1673275370603	1673275430603	KO	i.g.h.c.i.RequestTimeoutException: Request timeout to backend-qa.knoldus.com/34.132.142.94:443 after 60000 ms
REQUEST		my Proposal	1673275370653	1673275430653	KO	i.g.h.c.i.RequestTimeoutException: Request timeout to backend-qa.knoldus.com/34.132.142.94:443 after 60000 ms
USER	Create  Scenario	END	1673275430660
REQUEST		my Proposal	1673275370703	1673275430703	KO	i.g.h.c.i.RequestTimeoutException: Request timeout to backend-qa.knoldus.com/34.132.142.94:443 after 60000 ms
REQUEST		my Proposal	1673275370753	1673275430754	KO	i.g.h.c.i.RequestTimeoutException: Request timeout to backend-qa.knoldus.com/34.132.142.94:443 after 60000 ms
USER	Create  Scenario	END	1673275430760
REQUEST		my Proposal	1673275370803	1673275430804	KO	i.g.h.c.i.RequestTimeoutException: Request timeout to backend-qa.knoldus.com/34.132.142.94:443 after 60000 ms
REQUEST		my Proposal	1673275370853	1673275430854	KO	i.g.h.c.i.RequestTimeoutException: Request timeout to backend-qa.knoldus.com/34.132.142.94:443 after 60000 ms
USER	Create  Scenario	END	1673275430860
REQUEST		my Proposal	1673275370954	1673275430954	KO	i.g.h.c.i.RequestTimeoutException: Request timeout to backend-qa.knoldus.com/34.132.142.94:443 after 60000 ms
USER	Create  Scenario	END	1673275430960
REQUEST		my Proposal	1673275371002	1673275431002	KO	i.g.h.c.i.RequestTimeoutException: Request timeout to backend-qa.knoldus.com/34.132.142.94:443 after 60000 ms
USER	Create  Scenario	END	1673275431003
REQUEST		my Proposal	1673275371052	1673275431053	KO	i.g.h.c.i.RequestTimeoutException: Request timeout to backend-qa.knoldus.com/34.132.142.94:443 after 60000 ms
USER	Create  Scenario	END	1673275431053
REQUEST		my Proposal	1673275371152	1673275431153	KO	i.g.h.c.i.RequestTimeoutException: Request timeout to backend-qa.knoldus.com/34.132.142.94:443 after 60000 ms
USER	Create  Scenario	END	1673275431153
REQUEST		my Proposal	1673275371202	1673275431202	KO	i.g.h.c.i.RequestTimeoutException: Request timeout to backend-qa.knoldus.com/34.132.142.94:443 after 60000 ms
USER	Create  Scenario	END	1673275431304
REQUEST		my Proposal	1673275371352	1673275431353	KO	i.g.h.c.i.RequestTimeoutException: Request timeout to backend-qa.knoldus.com/34.132.142.94:443 after 60000 ms
USER	Create  Scenario	END	1673275431354
USER	Create  Scenario	END	1673275431404
REQUEST		my Proposal	1673275371453	1673275431453	KO	i.g.h.c.i.RequestTimeoutException: Request timeout to backend-qa.knoldus.com/34.132.142.94:443 after 60000 ms
USER	Create  Scenario	END	1673275431454
USER	Create  Scenario	END	1673275431504
REQUEST		my Proposal	1673275371553	1673275431553	KO	i.g.h.c.i.RequestTimeoutException: Request timeout to backend-qa.knoldus.com/34.132.142.94:443 after 60000 ms
REQUEST		my Proposal	1673275371603	1673275431603	KO	i.g.h.c.i.RequestTimeoutException: Request timeout to backend-qa.knoldus.com/34.132.142.94:443 after 60000 ms
USER	Create  Scenario	END	1673275431604
REQUEST		my Proposal	1673275371703	1673275431703	KO	i.g.h.c.i.RequestTimeoutException: Request timeout to backend-qa.knoldus.com/34.132.142.94:443 after 60000 ms
USER	Create  Scenario	END	1673275431704
USER	Create  Scenario	END	1673275431805
USER	Create  Scenario	END	1673275431905
USER	Create  Scenario	END	1673275432002
USER	Create  Scenario	END	1673275432103
USER	Create  Scenario	END	1673275432153
USER	Create  Scenario	END	1673275432203
USER	Create  Scenario	END	1673275432253
USER	Create  Scenario	END	1673275432267
USER	Create  Scenario	END	1673275432303
USER	Create  Scenario	END	1673275432353
USER	Create  Scenario	END	1673275432403
USER	Create  Scenario	END	1673275432604
USER	Create  Scenario	END	1673275432754
USER	Create  Scenario	END	1673275432804
USER	Create  Scenario	END	1673275432955
USER	Create  Scenario	END	1673275433003
USER	Create  Scenario	END	1673275433053
USER	Create  Scenario	END	1673275433103
USER	Create  Scenario	END	1673275433203
USER	Create  Scenario	END	1673275433253
USER	Create  Scenario	END	1673275433403
USER	Create  Scenario	END	1673275433554
USER	Create  Scenario	END	1673275433604
USER	Create  Scenario	END	1673275433654
USER	Create  Scenario	END	1673275433704
USER	Create  Scenario	END	1673275433754
USER	Create  Scenario	END	1673275433804
USER	Create  Scenario	END	1673275433854
USER	Create  Scenario	END	1673275433955
USER	Create  Scenario	END	1673275434003
USER	Create  Scenario	END	1673275434053
USER	Create  Scenario	END	1673275434153
USER	Create  Scenario	END	1673275434203
USER	Create  Scenario	END	1673275434353
USER	Create  Scenario	END	1673275434454
USER	Create  Scenario	END	1673275434554
USER	Create  Scenario	END	1673275434604
USER	Create  Scenario	END	1673275434704
