RUN	Simulations.Create	create	1672816661849	 	3.5.1
USER	Create  Scenario	START	1672816668042
USER	Create  Scenario	START	1672816668235
USER	Create  Scenario	START	1672816668436
USER	Create  Scenario	START	1672816668637
USER	Create  Scenario	START	1672816668837
USER	Create  Scenario	START	1672816669038
USER	Create  Scenario	START	1672816669235
USER	Create  Scenario	START	1672816669435
USER	Create  Scenario	START	1672816669636
USER	Create  Scenario	START	1672816669836
USER	Create  Scenario	START	1672816670037
USER	Create  Scenario	START	1672816670235
USER	Create  Scenario	START	1672816670436
USER	Create  Scenario	START	1672816670636
USER	Create  Scenario	START	1672816670836
USER	Create  Scenario	START	1672816671037
USER	Create  Scenario	START	1672816671235
USER	Create  Scenario	START	1672816671435
USER	Create  Scenario	START	1672816671635
USER	Create  Scenario	START	1672816671835
USER	Create  Scenario	START	1672816672035
USER	Create  Scenario	START	1672816672235
USER	Create  Scenario	START	1672816672435
USER	Create  Scenario	START	1672816672635
USER	Create  Scenario	START	1672816672835
USER	Create  Scenario	START	1672816673035
USER	Create  Scenario	START	1672816673234
USER	Create  Scenario	START	1672816673435
USER	Create  Scenario	START	1672816673635
USER	Create  Scenario	START	1672816673835
USER	Create  Scenario	START	1672816674035
USER	Create  Scenario	START	1672816674235
USER	Create  Scenario	START	1672816674435
USER	Create  Scenario	START	1672816674635
USER	Create  Scenario	START	1672816674835
USER	Create  Scenario	START	1672816675035
USER	Create  Scenario	START	1672816675234
USER	Create  Scenario	START	1672816675435
USER	Create  Scenario	START	1672816675635
USER	Create  Scenario	START	1672816675835
USER	Create  Scenario	START	1672816676035
USER	Create  Scenario	START	1672816676235
USER	Create  Scenario	START	1672816676435
USER	Create  Scenario	START	1672816676636
USER	Create  Scenario	START	1672816676836
USER	Create  Scenario	START	1672816677036
USER	Create  Scenario	START	1672816677235
USER	Create  Scenario	START	1672816677435
USER	Create  Scenario	START	1672816677635
USER	Create  Scenario	START	1672816677835
USER	Create  Scenario	START	1672816678036
REQUEST		Proposal	1672816668437	1672816678214	OK	 
USER	Create  Scenario	START	1672816678234
USER	Create  Scenario	START	1672816678434
USER	Create  Scenario	START	1672816678634
REQUEST		Proposal	1672816670236	1672816678816	OK	 
USER	Create  Scenario	START	1672816678835
USER	Create  Scenario	START	1672816679035
USER	Create  Scenario	START	1672816679235
USER	Create  Scenario	START	1672816679435
USER	Create  Scenario	START	1672816679635
REQUEST		Proposal	1672816668838	1672816679719	OK	 
USER	Create  Scenario	START	1672816679835
USER	Create  Scenario	START	1672816680035
USER	Create  Scenario	START	1672816680234
USER	Create  Scenario	START	1672816680435
USER	Create  Scenario	START	1672816680635
USER	Create  Scenario	START	1672816680834
USER	Create  Scenario	START	1672816681034
USER	Create  Scenario	END	1672816681238
USER	Create  Scenario	START	1672816681239
USER	Create  Scenario	START	1672816681435
USER	Create  Scenario	START	1672816681635
USER	Create  Scenario	END	1672816681818
USER	Create  Scenario	START	1672816681835
USER	Create  Scenario	START	1672816682035
USER	Create  Scenario	START	1672816682235
USER	Create  Scenario	START	1672816682435
USER	Create  Scenario	START	1672816682635
REQUEST		Proposal	1672816668065	1672816682656	OK	 
USER	Create  Scenario	END	1672816682720
USER	Create  Scenario	START	1672816682835
USER	Create  Scenario	START	1672816683035
USER	Create  Scenario	START	1672816683234
USER	Create  Scenario	START	1672816683434
USER	Create  Scenario	START	1672816683634
USER	Create  Scenario	START	1672816683834
USER	Create  Scenario	START	1672816684035
USER	Create  Scenario	START	1672816684235
USER	Create  Scenario	START	1672816684435
USER	Create  Scenario	START	1672816684635
USER	Create  Scenario	START	1672816684835
USER	Create  Scenario	START	1672816685035
USER	Create  Scenario	START	1672816685235
USER	Create  Scenario	START	1672816685435
USER	Create  Scenario	START	1672816685635
USER	Create  Scenario	END	1672816685657
USER	Create  Scenario	START	1672816685835
REQUEST		Proposal	1672816678835	1672816685891	OK	 
USER	Create  Scenario	START	1672816686035
USER	Create  Scenario	START	1672816686234
USER	Create  Scenario	START	1672816686435
USER	Create  Scenario	START	1672816686634
USER	Create  Scenario	START	1672816686835
USER	Create  Scenario	START	1672816687035
USER	Create  Scenario	START	1672816687234
USER	Create  Scenario	START	1672816687435
USER	Create  Scenario	START	1672816687634
REQUEST		Proposal	1672816671435	1672816687656	OK	 
REQUEST		Proposal	1672816674435	1672816687719	KO	i.n.h.s.SslHandshakeTimeoutException: handshake timed out after 10000ms
USER	Create  Scenario	START	1672816687835
REQUEST		Proposal	1672816673836	1672816687840	OK	 
REQUEST		Proposal	1672816677436	1672816688197	OK	 
USER	Create  Scenario	END	1672816688892
REQUEST		Proposal	1672816674036	1672816689354	OK	 
USER	Create  Scenario	END	1672816690658
USER	Create  Scenario	END	1672816690723
USER	Create  Scenario	END	1672816690841
USER	Create  Scenario	END	1672816691198
REQUEST		Proposal	1672816670038	1672816691695	OK	 
USER	Create  Scenario	END	1672816692355
USER	Create  Scenario	END	1672816694696
REQUEST		Proposal	1672816672635	1672816694944	OK	 
REQUEST		Proposal	1672816679636	1672816695094	OK	 
REQUEST		Proposal	1672816673036	1672816695248	OK	 
REQUEST		Proposal	1672816676036	1672816696019	OK	 
REQUEST		Proposal	1672816682235	1672816696198	OK	 
REQUEST		Proposal	1672816680435	1672816697932	OK	 
USER	Create  Scenario	END	1672816697945
USER	Create  Scenario	END	1672816698096
USER	Create  Scenario	END	1672816698249
REQUEST		Proposal	1672816681636	1672816698289	OK	 
USER	Create  Scenario	END	1672816699020
REQUEST		Proposal	1672816678234	1672816699045	OK	 
REQUEST		Proposal	1672816671636	1672816699099	OK	 
USER	Create  Scenario	END	1672816699199
USER	Create  Scenario	END	1672816700933
USER	Create  Scenario	END	1672816701290
USER	Create  Scenario	END	1672816702046
USER	Create  Scenario	END	1672816702100
REQUEST		Proposal	1672816681035	1672816702385	OK	 
REQUEST		Proposal	1672816685236	1672816703054	OK	 
REQUEST		Proposal	1672816676636	1672816703092	OK	 
REQUEST		Proposal	1672816681435	1672816703136	OK	 
REQUEST		Proposal	1672816680835	1672816703142	OK	 
REQUEST		Proposal	1672816683835	1672816705333	OK	 
USER	Create  Scenario	END	1672816705386
USER	Create  Scenario	END	1672816706054
USER	Create  Scenario	END	1672816706093
USER	Create  Scenario	END	1672816706137
USER	Create  Scenario	END	1672816706143
USER	Create  Scenario	END	1672816708334
REQUEST		Proposal	1672816668637	1672816722628	OK	 
USER	Create  Scenario	END	1672816725630
REQUEST		Proposal	1672816669235	1672816727547	OK	 
REQUEST		Proposal	1672816668236	1672816728237	KO	i.g.h.c.i.RequestTimeoutException: Request timeout to backend-qa.knoldus.com/34.132.142.94:443 after 60000 ms
REQUEST		Proposal	1672816669038	1672816729038	KO	i.g.h.c.i.RequestTimeoutException: Request timeout to backend-qa.knoldus.com/34.132.142.94:443 after 60000 ms
REQUEST		Proposal	1672816669436	1672816729436	KO	i.g.h.c.i.RequestTimeoutException: Request timeout to backend-qa.knoldus.com/34.132.142.94:443 after 60000 ms
REQUEST		Proposal	1672816669637	1672816729637	KO	i.g.h.c.i.RequestTimeoutException: Request timeout to backend-qa.knoldus.com/34.132.142.94:443 after 60000 ms
REQUEST		Proposal	1672816669837	1672816729837	KO	i.g.h.c.i.RequestTimeoutException: Request timeout to backend-qa.knoldus.com/34.132.142.94:443 after 60000 ms
REQUEST		Proposal	1672816670436	1672816730436	KO	i.g.h.c.i.RequestTimeoutException: Request timeout to backend-qa.knoldus.com/34.132.142.94:443 after 60000 ms
USER	Create  Scenario	END	1672816730548
REQUEST		Proposal	1672816670636	1672816730637	KO	i.g.h.c.i.RequestTimeoutException: Request timeout to backend-qa.knoldus.com/34.132.142.94:443 after 60000 ms
REQUEST		Proposal	1672816670837	1672816730837	KO	i.g.h.c.i.RequestTimeoutException: Request timeout to backend-qa.knoldus.com/34.132.142.94:443 after 60000 ms
REQUEST		Proposal	1672816671037	1672816731037	KO	i.g.h.c.i.RequestTimeoutException: Request timeout to backend-qa.knoldus.com/34.132.142.94:443 after 60000 ms
REQUEST		Proposal	1672816671235	1672816731235	KO	i.g.h.c.i.RequestTimeoutException: Request timeout to backend-qa.knoldus.com/34.132.142.94:443 after 60000 ms
USER	Create  Scenario	END	1672816731238
REQUEST		Proposal	1672816671835	1672816731836	KO	i.g.h.c.i.RequestTimeoutException: Request timeout to backend-qa.knoldus.com/34.132.142.94:443 after 60000 ms
REQUEST		Proposal	1672816672036	1672816732036	KO	i.g.h.c.i.RequestTimeoutException: Request timeout to backend-qa.knoldus.com/34.132.142.94:443 after 60000 ms
USER	Create  Scenario	END	1672816732039
REQUEST		Proposal	1672816672235	1672816732235	KO	i.g.h.c.i.RequestTimeoutException: Request timeout to backend-qa.knoldus.com/34.132.142.94:443 after 60000 ms
REQUEST		Proposal	1672816672435	1672816732435	KO	i.g.h.c.i.RequestTimeoutException: Request timeout to backend-qa.knoldus.com/34.132.142.94:443 after 60000 ms
USER	Create  Scenario	END	1672816732437
USER	Create  Scenario	END	1672816732637
REQUEST		Proposal	1672816672836	1672816732836	KO	i.g.h.c.i.RequestTimeoutException: Request timeout to backend-qa.knoldus.com/34.132.142.94:443 after 60000 ms
USER	Create  Scenario	END	1672816732837
REQUEST		Proposal	1672816673235	1672816733235	KO	i.g.h.c.i.RequestTimeoutException: Request timeout to backend-qa.knoldus.com/34.132.142.94:443 after 60000 ms
REQUEST		Proposal	1672816673435	1672816733435	KO	i.g.h.c.i.RequestTimeoutException: Request timeout to backend-qa.knoldus.com/34.132.142.94:443 after 60000 ms
USER	Create  Scenario	END	1672816733437
REQUEST		Proposal	1672816673635	1672816733635	KO	i.g.h.c.i.RequestTimeoutException: Request timeout to backend-qa.knoldus.com/34.132.142.94:443 after 60000 ms
USER	Create  Scenario	END	1672816733637
USER	Create  Scenario	END	1672816733838
USER	Create  Scenario	END	1672816734038
REQUEST		Proposal	1672816674235	1672816734235	KO	i.g.h.c.i.RequestTimeoutException: Request timeout to backend-qa.knoldus.com/34.132.142.94:443 after 60000 ms
USER	Create  Scenario	END	1672816734236
REQUEST		Proposal	1672816674636	1672816734636	KO	i.g.h.c.i.RequestTimeoutException: Request timeout to backend-qa.knoldus.com/34.132.142.94:443 after 60000 ms
REQUEST		Proposal	1672816674836	1672816734836	KO	i.g.h.c.i.RequestTimeoutException: Request timeout to backend-qa.knoldus.com/34.132.142.94:443 after 60000 ms
USER	Create  Scenario	END	1672816734836
REQUEST		Proposal	1672816675036	1672816735036	KO	i.g.h.c.i.RequestTimeoutException: Request timeout to backend-qa.knoldus.com/34.132.142.94:443 after 60000 ms
USER	Create  Scenario	END	1672816735036
REQUEST		Proposal	1672816675235	1672816735235	KO	i.g.h.c.i.RequestTimeoutException: Request timeout to backend-qa.knoldus.com/34.132.142.94:443 after 60000 ms
USER	Create  Scenario	END	1672816735236
REQUEST		Proposal	1672816675435	1672816735435	KO	i.g.h.c.i.RequestTimeoutException: Request timeout to backend-qa.knoldus.com/34.132.142.94:443 after 60000 ms
USER	Create  Scenario	END	1672816735436
REQUEST		Proposal	1672816675635	1672816735635	KO	i.g.h.c.i.RequestTimeoutException: Request timeout to backend-qa.knoldus.com/34.132.142.94:443 after 60000 ms
REQUEST		Proposal	1672816675835	1672816735835	KO	i.g.h.c.i.RequestTimeoutException: Request timeout to backend-qa.knoldus.com/34.132.142.94:443 after 60000 ms
USER	Create  Scenario	END	1672816735836
REQUEST		Proposal	1672816680035	1672816736026	OK	 
USER	Create  Scenario	END	1672816736236
REQUEST		Proposal	1672816676236	1672816736236	KO	i.g.h.c.i.RequestTimeoutException: Request timeout to backend-qa.knoldus.com/34.132.142.94:443 after 60000 ms
USER	Create  Scenario	END	1672816736436
REQUEST		Proposal	1672816676436	1672816736436	KO	i.g.h.c.i.RequestTimeoutException: Request timeout to backend-qa.knoldus.com/34.132.142.94:443 after 60000 ms
USER	Create  Scenario	END	1672816736636
REQUEST		Proposal	1672816676836	1672816736836	KO	i.g.h.c.i.RequestTimeoutException: Request timeout to backend-qa.knoldus.com/34.132.142.94:443 after 60000 ms
REQUEST		Proposal	1672816677036	1672816737036	KO	i.g.h.c.i.RequestTimeoutException: Request timeout to backend-qa.knoldus.com/34.132.142.94:443 after 60000 ms
REQUEST		Proposal	1672816677235	1672816737235	KO	i.g.h.c.i.RequestTimeoutException: Request timeout to backend-qa.knoldus.com/34.132.142.94:443 after 60000 ms
USER	Create  Scenario	END	1672816737236
REQUEST		Proposal	1672816677636	1672816737636	KO	i.g.h.c.i.RequestTimeoutException: Request timeout to backend-qa.knoldus.com/34.132.142.94:443 after 60000 ms
USER	Create  Scenario	END	1672816737636
REQUEST		Proposal	1672816677836	1672816737836	KO	i.g.h.c.i.RequestTimeoutException: Request timeout to backend-qa.knoldus.com/34.132.142.94:443 after 60000 ms
USER	Create  Scenario	END	1672816737836
REQUEST		Proposal	1672816687235	1672816737858	OK	 
REQUEST		Proposal	1672816683435	1672816737937	OK	 
REQUEST		Proposal	1672816678036	1672816738036	KO	i.g.h.c.i.RequestTimeoutException: Request timeout to backend-qa.knoldus.com/34.132.142.94:443 after 60000 ms
USER	Create  Scenario	END	1672816738036
USER	Create  Scenario	END	1672816738236
REQUEST		Proposal	1672816686635	1672816738323	OK	 
REQUEST		Proposal	1672816678435	1672816738435	KO	i.g.h.c.i.RequestTimeoutException: Request timeout to backend-qa.knoldus.com/34.132.142.94:443 after 60000 ms
USER	Create  Scenario	END	1672816738436
REQUEST		Proposal	1672816678635	1672816738635	KO	i.g.h.c.i.RequestTimeoutException: Request timeout to backend-qa.knoldus.com/34.132.142.94:443 after 60000 ms
USER	Create  Scenario	END	1672816738636
USER	Create  Scenario	END	1672816738836
USER	Create  Scenario	END	1672816739027
REQUEST		Proposal	1672816679035	1672816739035	KO	i.g.h.c.i.RequestTimeoutException: Request timeout to backend-qa.knoldus.com/34.132.142.94:443 after 60000 ms
REQUEST		Proposal	1672816679235	1672816739235	KO	i.g.h.c.i.RequestTimeoutException: Request timeout to backend-qa.knoldus.com/34.132.142.94:443 after 60000 ms
USER	Create  Scenario	END	1672816739237
REQUEST		Proposal	1672816687835	1672816739387	OK	 
REQUEST		Proposal	1672816679435	1672816739436	KO	i.g.h.c.i.RequestTimeoutException: Request timeout to backend-qa.knoldus.com/34.132.142.94:443 after 60000 ms
USER	Create  Scenario	END	1672816739437
REQUEST		Proposal	1672816679836	1672816739836	KO	i.g.h.c.i.RequestTimeoutException: Request timeout to backend-qa.knoldus.com/34.132.142.94:443 after 60000 ms
USER	Create  Scenario	END	1672816739837
REQUEST		Proposal	1672816684435	1672816739957	OK	 
USER	Create  Scenario	END	1672816740037
REQUEST		Proposal	1672816680235	1672816740235	KO	i.g.h.c.i.RequestTimeoutException: Request timeout to backend-qa.knoldus.com/34.132.142.94:443 after 60000 ms
USER	Create  Scenario	END	1672816740236
REQUEST		Proposal	1672816687435	1672816740558	OK	 
REQUEST		Proposal	1672816680635	1672816740635	KO	i.g.h.c.i.RequestTimeoutException: Request timeout to backend-qa.knoldus.com/34.132.142.94:443 after 60000 ms
USER	Create  Scenario	END	1672816740636
USER	Create  Scenario	END	1672816740837
USER	Create  Scenario	END	1672816740860
USER	Create  Scenario	END	1672816740939
USER	Create  Scenario	END	1672816741037
REQUEST		Proposal	1672816682036	1672816741195	OK	 
REQUEST		Proposal	1672816685635	1672816741223	OK	 
REQUEST		Proposal	1672816681239	1672816741239	KO	i.g.h.c.i.RequestTimeoutException: Request timeout to backend-qa.knoldus.com/34.132.142.94:443 after 60000 ms
USER	Create  Scenario	END	1672816741324
USER	Create  Scenario	END	1672816741436
USER	Create  Scenario	END	1672816741636
REQUEST		Proposal	1672816684635	1672816741755	OK	 
REQUEST		Proposal	1672816681836	1672816741836	KO	i.g.h.c.i.RequestTimeoutException: Request timeout to backend-qa.knoldus.com/34.132.142.94:443 after 60000 ms
REQUEST		Proposal	1672816684235	1672816741955	OK	 
REQUEST		Proposal	1672816682635	1672816741962	OK	 
USER	Create  Scenario	END	1672816742036
USER	Create  Scenario	END	1672816742236
USER	Create  Scenario	END	1672816742389
REQUEST		Proposal	1672816682435	1672816742436	KO	i.g.h.c.i.RequestTimeoutException: Request timeout to backend-qa.knoldus.com/34.132.142.94:443 after 60000 ms
USER	Create  Scenario	END	1672816742436
REQUEST		Proposal	1672816685435	1672816742452	OK	 
REQUEST		Proposal	1672816682835	1672816742772	OK	 
USER	Create  Scenario	END	1672816742836
USER	Create  Scenario	END	1672816742958
REQUEST		Proposal	1672816683035	1672816743036	KO	i.g.h.c.i.RequestTimeoutException: Request timeout to backend-qa.knoldus.com/34.132.142.94:443 after 60000 ms
REQUEST		Proposal	1672816684835	1672816743042	OK	 
REQUEST		Proposal	1672816687635	1672816743208	OK	 
REQUEST		Proposal	1672816683235	1672816743235	KO	i.g.h.c.i.RequestTimeoutException: Request timeout to backend-qa.knoldus.com/34.132.142.94:443 after 60000 ms
USER	Create  Scenario	END	1672816743236
REQUEST		Proposal	1672816685835	1672816743423	OK	 
REQUEST		Proposal	1672816686835	1672816743478	OK	 
USER	Create  Scenario	END	1672816743559
REQUEST		Proposal	1672816683635	1672816743635	KO	i.g.h.c.i.RequestTimeoutException: Request timeout to backend-qa.knoldus.com/34.132.142.94:443 after 60000 ms
USER	Create  Scenario	END	1672816743636
REQUEST		Proposal	1672816686035	1672816743947	OK	 
REQUEST		Proposal	1672816686435	1672816743980	OK	 
REQUEST		Proposal	1672816685036	1672816743981	OK	 
REQUEST		Proposal	1672816684035	1672816744035	KO	i.g.h.c.i.RequestTimeoutException: Request timeout to backend-qa.knoldus.com/34.132.142.94:443 after 60000 ms
USER	Create  Scenario	END	1672816744197
USER	Create  Scenario	END	1672816744224
USER	Create  Scenario	END	1672816744240
USER	Create  Scenario	END	1672816744756
USER	Create  Scenario	END	1672816744836
REQUEST		Proposal	1672816686235	1672816744932	OK	 
USER	Create  Scenario	END	1672816744957
USER	Create  Scenario	END	1672816744963
USER	Create  Scenario	END	1672816745436
USER	Create  Scenario	END	1672816745453
USER	Create  Scenario	END	1672816745773
USER	Create  Scenario	END	1672816746036
USER	Create  Scenario	END	1672816746043
USER	Create  Scenario	END	1672816746210
USER	Create  Scenario	END	1672816746236
USER	Create  Scenario	END	1672816746424
REQUEST		Proposal	1672816687035	1672816746458	OK	 
USER	Create  Scenario	END	1672816746479
USER	Create  Scenario	END	1672816746636
USER	Create  Scenario	END	1672816746948
USER	Create  Scenario	END	1672816746981
USER	Create  Scenario	END	1672816746982
USER	Create  Scenario	END	1672816747036
USER	Create  Scenario	END	1672816747933
USER	Create  Scenario	END	1672816749460
