RUN	Simulations.Create	create	1673438953281	 	3.5.1
USER	Create  Scenario	START	1673438959298
USER	Create  Scenario	START	1673438959494
USER	Create  Scenario	START	1673438959695
USER	Create  Scenario	START	1673438959896
USER	Create  Scenario	START	1673438960096
USER	Create  Scenario	START	1673438960296
REQUEST		Fetch contribution	1673438959315	1673438960463	OK	 
USER	Create  Scenario	START	1673438960494
REQUEST		Fetch contribution	1673438959495	1673438960634	OK	 
USER	Create  Scenario	START	1673438960695
REQUEST		Fetch contribution	1673438959696	1673438960829	OK	 
USER	Create  Scenario	START	1673438960895
REQUEST		Fetch contribution	1673438959896	1673438961040	OK	 
USER	Create  Scenario	START	1673438961095
REQUEST		Fetch contribution	1673438960096	1673438961240	OK	 
USER	Create  Scenario	START	1673438961296
REQUEST		Fetch contribution	1673438960297	1673438961420	OK	 
USER	Create  Scenario	START	1673438961495
REQUEST		Fetch contribution	1673438960495	1673438961629	OK	 
USER	Create  Scenario	START	1673438961695
REQUEST		Fetch contribution	1673438960695	1673438961839	OK	 
USER	Create  Scenario	START	1673438961896
REQUEST		Fetch contribution	1673438960896	1673438962020	OK	 
USER	Create  Scenario	START	1673438962096
REQUEST		Fetch contribution	1673438961096	1673438962222	OK	 
USER	Create  Scenario	START	1673438962296
REQUEST		Fetch contribution	1673438961296	1673438962427	OK	 
USER	Create  Scenario	START	1673438962495
REQUEST		Fetch contribution	1673438961496	1673438962614	OK	 
USER	Create  Scenario	START	1673438962695
REQUEST		Fetch contribution	1673438961696	1673438962837	OK	 
USER	Create  Scenario	START	1673438962895
REQUEST		Fetch contribution	1673438961896	1673438963014	OK	 
USER	Create  Scenario	START	1673438963095
REQUEST		Fetch contribution	1673438962096	1673438963226	OK	 
USER	Create  Scenario	START	1673438963295
REQUEST		Fetch contribution	1673438962296	1673438963428	OK	 
USER	Create  Scenario	END	1673438963482
USER	Create  Scenario	START	1673438963495
REQUEST		Fetch contribution	1673438962496	1673438963601	OK	 
USER	Create  Scenario	END	1673438963635
USER	Create  Scenario	START	1673438963695
REQUEST		Fetch contribution	1673438962695	1673438963813	OK	 
USER	Create  Scenario	END	1673438963831
USER	Create  Scenario	START	1673438963895
REQUEST		Fetch contribution	1673438962896	1673438964016	OK	 
USER	Create  Scenario	END	1673438964041
USER	Create  Scenario	START	1673438964095
REQUEST		Fetch contribution	1673438963095	1673438964227	OK	 
USER	Create  Scenario	END	1673438964241
USER	Create  Scenario	START	1673438964295
USER	Create  Scenario	END	1673438964421
REQUEST		Fetch contribution	1673438963295	1673438964431	OK	 
USER	Create  Scenario	START	1673438964495
REQUEST		Fetch contribution	1673438963495	1673438964631	OK	 
USER	Create  Scenario	END	1673438964631
USER	Create  Scenario	START	1673438964695
REQUEST		Fetch contribution	1673438963695	1673438964827	OK	 
USER	Create  Scenario	END	1673438964840
USER	Create  Scenario	START	1673438964895
USER	Create  Scenario	END	1673438965021
REQUEST		Fetch contribution	1673438963896	1673438965023	OK	 
USER	Create  Scenario	START	1673438965095
USER	Create  Scenario	END	1673438965223
REQUEST		Fetch contribution	1673438964096	1673438965266	OK	 
USER	Create  Scenario	START	1673438965295
USER	Create  Scenario	END	1673438965428
REQUEST		Fetch contribution	1673438964296	1673438965442	OK	 
USER	Create  Scenario	START	1673438965495
USER	Create  Scenario	END	1673438965616
REQUEST		Fetch contribution	1673438964495	1673438965633	OK	 
USER	Create  Scenario	START	1673438965695
REQUEST		Fetch contribution	1673438964695	1673438965813	OK	 
USER	Create  Scenario	END	1673438965838
USER	Create  Scenario	START	1673438965895
USER	Create  Scenario	END	1673438966015
REQUEST		Fetch contribution	1673438964896	1673438966031	OK	 
USER	Create  Scenario	START	1673438966095
REQUEST		Fetch contribution	1673438965096	1673438966219	OK	 
USER	Create  Scenario	END	1673438966227
USER	Create  Scenario	START	1673438966295
USER	Create  Scenario	END	1673438966430
REQUEST		Fetch contribution	1673438965296	1673438966454	OK	 
USER	Create  Scenario	START	1673438966495
USER	Create  Scenario	END	1673438966602
REQUEST		Fetch contribution	1673438965495	1673438966628	OK	 
USER	Create  Scenario	START	1673438966695
USER	Create  Scenario	END	1673438966815
REQUEST		Fetch contribution	1673438965695	1673438966821	OK	 
USER	Create  Scenario	START	1673438966895
USER	Create  Scenario	END	1673438967018
REQUEST		Fetch contribution	1673438965896	1673438967040	OK	 
USER	Create  Scenario	START	1673438967095
USER	Create  Scenario	END	1673438967229
REQUEST		Fetch contribution	1673438966095	1673438967243	OK	 
USER	Create  Scenario	START	1673438967296
REQUEST		Fetch contribution	1673438966295	1673438967430	OK	 
USER	Create  Scenario	END	1673438967433
USER	Create  Scenario	START	1673438967495
REQUEST		Fetch contribution	1673438966495	1673438967616	OK	 
USER	Create  Scenario	END	1673438967632
USER	Create  Scenario	START	1673438967694
USER	Create  Scenario	END	1673438967829
REQUEST		Fetch contribution	1673438966695	1673438967830	OK	 
USER	Create  Scenario	START	1673438967897
REQUEST		Fetch contribution	1673438966895	1673438968008	OK	 
USER	Create  Scenario	END	1673438968024
USER	Create  Scenario	START	1673438968095
REQUEST		Fetch contribution	1673438967096	1673438968208	OK	 
USER	Create  Scenario	END	1673438968268
USER	Create  Scenario	START	1673438968295
REQUEST		Fetch contribution	1673438967296	1673438968418	OK	 
USER	Create  Scenario	END	1673438968443
USER	Create  Scenario	START	1673438968495
REQUEST		Fetch contribution	1673438967495	1673438968613	OK	 
USER	Create  Scenario	END	1673438968635
USER	Create  Scenario	START	1673438968695
USER	Create  Scenario	END	1673438968814
REQUEST		Fetch contribution	1673438967695	1673438968867	OK	 
USER	Create  Scenario	START	1673438968895
REQUEST		Fetch contribution	1673438967898	1673438969015	OK	 
USER	Create  Scenario	END	1673438969033
USER	Create  Scenario	START	1673438969095
REQUEST		Fetch contribution	1673438968095	1673438969211	OK	 
USER	Create  Scenario	END	1673438969220
USER	Create  Scenario	START	1673438969295
REQUEST		Fetch contribution	1673438968295	1673438969415	OK	 
USER	Create  Scenario	END	1673438969456
USER	Create  Scenario	START	1673438969495
REQUEST		Fetch contribution	1673438968495	1673438969626	OK	 
USER	Create  Scenario	END	1673438969630
USER	Create  Scenario	START	1673438969695
USER	Create  Scenario	END	1673438969822
REQUEST		Fetch contribution	1673438968696	1673438969827	OK	 
USER	Create  Scenario	START	1673438969895
REQUEST		Fetch contribution	1673438968896	1673438970014	OK	 
USER	Create  Scenario	END	1673438970041
USER	Create  Scenario	START	1673438970095
REQUEST		Fetch contribution	1673438969096	1673438970232	OK	 
USER	Create  Scenario	END	1673438970245
USER	Create  Scenario	START	1673438970295
REQUEST		Fetch contribution	1673438969296	1673438970428	OK	 
USER	Create  Scenario	END	1673438970431
USER	Create  Scenario	START	1673438970495
REQUEST		Fetch contribution	1673438969496	1673438970614	OK	 
USER	Create  Scenario	END	1673438970617
USER	Create  Scenario	START	1673438970695
REQUEST		Fetch contribution	1673438969695	1673438970820	OK	 
USER	Create  Scenario	END	1673438970832
USER	Create  Scenario	START	1673438970895
USER	Create  Scenario	END	1673438971009
REQUEST		Fetch contribution	1673438969896	1673438971010	OK	 
USER	Create  Scenario	START	1673438971095
USER	Create  Scenario	END	1673438971210
REQUEST		Fetch contribution	1673438970096	1673438971225	OK	 
USER	Create  Scenario	START	1673438971295
REQUEST		Fetch contribution	1673438970296	1673438971413	OK	 
USER	Create  Scenario	END	1673438971419
USER	Create  Scenario	START	1673438971494
REQUEST		Fetch contribution	1673438970495	1673438971611	OK	 
USER	Create  Scenario	END	1673438971614
USER	Create  Scenario	START	1673438971694
REQUEST		Fetch contribution	1673438970695	1673438971812	OK	 
USER	Create  Scenario	END	1673438971868
USER	Create  Scenario	START	1673438971894
USER	Create  Scenario	END	1673438972016
REQUEST		Fetch contribution	1673438970895	1673438972020	OK	 
USER	Create  Scenario	START	1673438972095
USER	Create  Scenario	END	1673438972212
REQUEST		Fetch contribution	1673438971095	1673438972221	OK	 
USER	Create  Scenario	START	1673438972295
USER	Create  Scenario	END	1673438972418
REQUEST		Fetch contribution	1673438971295	1673438972434	OK	 
USER	Create  Scenario	START	1673438972495
REQUEST		Fetch contribution	1673438971495	1673438972612	OK	 
USER	Create  Scenario	END	1673438972627
USER	Create  Scenario	START	1673438972695
USER	Create  Scenario	END	1673438972828
REQUEST		Fetch contribution	1673438971695	1673438972848	OK	 
USER	Create  Scenario	START	1673438972895
REQUEST		Fetch contribution	1673438971895	1673438973009	OK	 
USER	Create  Scenario	END	1673438973015
USER	Create  Scenario	START	1673438973095
USER	Create  Scenario	END	1673438973233
REQUEST		Fetch contribution	1673438972095	1673438973288	OK	 
USER	Create  Scenario	START	1673438973296
REQUEST		Fetch contribution	1673438972295	1673438973423	OK	 
USER	Create  Scenario	END	1673438973429
USER	Create  Scenario	START	1673438973495
USER	Create  Scenario	END	1673438973616
REQUEST		Fetch contribution	1673438972495	1673438973643	OK	 
USER	Create  Scenario	START	1673438973695
REQUEST		Fetch contribution	1673438972695	1673438973811	OK	 
USER	Create  Scenario	END	1673438973821
USER	Create  Scenario	START	1673438973895
USER	Create  Scenario	END	1673438974012
REQUEST		Fetch contribution	1673438972895	1673438974016	OK	 
USER	Create  Scenario	START	1673438974095
REQUEST		Fetch contribution	1673438973095	1673438974211	OK	 
USER	Create  Scenario	END	1673438974226
USER	Create  Scenario	START	1673438974295
USER	Create  Scenario	END	1673438974414
REQUEST		Fetch contribution	1673438973296	1673438974427	OK	 
USER	Create  Scenario	START	1673438974495
USER	Create  Scenario	END	1673438974612
REQUEST		Fetch contribution	1673438973495	1673438974622	OK	 
USER	Create  Scenario	START	1673438974695
USER	Create  Scenario	END	1673438974813
REQUEST		Fetch contribution	1673438973695	1673438974841	OK	 
USER	Create  Scenario	START	1673438974895
USER	Create  Scenario	END	1673438975021
REQUEST		Fetch contribution	1673438973896	1673438975022	OK	 
USER	Create  Scenario	START	1673438975095
USER	Create  Scenario	END	1673438975222
REQUEST		Fetch contribution	1673438974095	1673438975222	OK	 
USER	Create  Scenario	START	1673438975295
REQUEST		Fetch contribution	1673438974295	1673438975432	OK	 
USER	Create  Scenario	END	1673438975435
USER	Create  Scenario	START	1673438975495
USER	Create  Scenario	END	1673438975613
REQUEST		Fetch contribution	1673438974495	1673438975616	OK	 
USER	Create  Scenario	START	1673438975695
REQUEST		Fetch contribution	1673438974696	1673438975845	OK	 
USER	Create  Scenario	END	1673438975849
USER	Create  Scenario	START	1673438975895
USER	Create  Scenario	END	1673438976010
REQUEST		Fetch contribution	1673438974895	1673438976041	OK	 
USER	Create  Scenario	START	1673438976095
REQUEST		Fetch contribution	1673438975096	1673438976216	OK	 
USER	Create  Scenario	END	1673438976289
USER	Create  Scenario	START	1673438976295
REQUEST		Fetch contribution	1673438975296	1673438976420	OK	 
USER	Create  Scenario	END	1673438976424
USER	Create  Scenario	START	1673438976495
REQUEST		Fetch contribution	1673438975495	1673438976604	OK	 
USER	Create  Scenario	END	1673438976644
USER	Create  Scenario	START	1673438976695
USER	Create  Scenario	END	1673438976813
REQUEST		Fetch contribution	1673438975695	1673438976837	OK	 
USER	Create  Scenario	START	1673438976895
REQUEST		Fetch contribution	1673438975895	1673438977017	OK	 
USER	Create  Scenario	END	1673438977017
USER	Create  Scenario	START	1673438977095
USER	Create  Scenario	END	1673438977213
REQUEST		Fetch contribution	1673438976096	1673438977245	OK	 
USER	Create  Scenario	START	1673438977295
USER	Create  Scenario	END	1673438977428
REQUEST		Fetch contribution	1673438976296	1673438977434	OK	 
USER	Create  Scenario	START	1673438977494
USER	Create  Scenario	END	1673438977623
REQUEST		Fetch contribution	1673438976495	1673438977628	OK	 
USER	Create  Scenario	START	1673438977694
REQUEST		Fetch contribution	1673438976695	1673438977821	OK	 
USER	Create  Scenario	END	1673438977842
USER	Create  Scenario	START	1673438977894
USER	Create  Scenario	END	1673438978023
REQUEST		Fetch contribution	1673438976895	1673438978041	OK	 
USER	Create  Scenario	START	1673438978094
USER	Create  Scenario	END	1673438978223
REQUEST		Fetch contribution	1673438977095	1673438978234	OK	 
USER	Create  Scenario	START	1673438978294
REQUEST		Fetch contribution	1673438977295	1673438978424	OK	 
USER	Create  Scenario	END	1673438978434
USER	Create  Scenario	START	1673438978494
USER	Create  Scenario	END	1673438978617
REQUEST		Fetch contribution	1673438977495	1673438978619	OK	 
USER	Create  Scenario	START	1673438978695
REQUEST		Fetch contribution	1673438977695	1673438978825	OK	 
USER	Create  Scenario	END	1673438978846
USER	Create  Scenario	START	1673438978895
REQUEST		Fetch contribution	1673438977895	1673438979006	OK	 
USER	Create  Scenario	END	1673438979042
USER	Create  Scenario	START	1673438979095
REQUEST		Fetch contribution	1673438978095	1673438979212	OK	 
USER	Create  Scenario	END	1673438979218
USER	Create  Scenario	START	1673438979295
USER	Create  Scenario	END	1673438979422
REQUEST		Fetch contribution	1673438978295	1673438979429	OK	 
USER	Create  Scenario	START	1673438979495
USER	Create  Scenario	END	1673438979606
REQUEST		Fetch contribution	1673438978495	1673438979624	OK	 
USER	Create  Scenario	START	1673438979695
REQUEST		Fetch contribution	1673438978695	1673438979826	OK	 
USER	Create  Scenario	END	1673438979838
USER	Create  Scenario	START	1673438979895
USER	Create  Scenario	END	1673438980018
REQUEST		Fetch contribution	1673438978895	1673438980025	OK	 
USER	Create  Scenario	START	1673438980095
REQUEST		Fetch contribution	1673438979095	1673438980227	OK	 
USER	Create  Scenario	END	1673438980247
USER	Create  Scenario	START	1673438980295
REQUEST		Fetch contribution	1673438979295	1673438980411	OK	 
USER	Create  Scenario	END	1673438980436
USER	Create  Scenario	START	1673438980494
USER	Create  Scenario	END	1673438980630
REQUEST		Fetch contribution	1673438979495	1673438980642	OK	 
USER	Create  Scenario	START	1673438980695
USER	Create  Scenario	END	1673438980822
REQUEST		Fetch contribution	1673438979695	1673438980835	OK	 
USER	Create  Scenario	START	1673438980895
REQUEST		Fetch contribution	1673438979895	1673438981015	OK	 
USER	Create  Scenario	END	1673438981043
USER	Create  Scenario	START	1673438981095
REQUEST		Fetch contribution	1673438980095	1673438981233	OK	 
USER	Create  Scenario	END	1673438981235
USER	Create  Scenario	START	1673438981295
REQUEST		Fetch contribution	1673438980295	1673438981417	OK	 
USER	Create  Scenario	END	1673438981426
USER	Create  Scenario	START	1673438981495
USER	Create  Scenario	END	1673438981620
REQUEST		Fetch contribution	1673438980495	1673438981637	OK	 
USER	Create  Scenario	START	1673438981695
REQUEST		Fetch contribution	1673438980695	1673438981810	OK	 
USER	Create  Scenario	END	1673438981826
USER	Create  Scenario	START	1673438981895
USER	Create  Scenario	END	1673438982007
REQUEST		Fetch contribution	1673438980895	1673438982020	OK	 
USER	Create  Scenario	START	1673438982095
REQUEST		Fetch contribution	1673438981095	1673438982212	OK	 
USER	Create  Scenario	END	1673438982212
USER	Create  Scenario	START	1673438982295
REQUEST		Fetch contribution	1673438981295	1673438982422	OK	 
USER	Create  Scenario	END	1673438982430
USER	Create  Scenario	START	1673438982494
REQUEST		Fetch contribution	1673438981495	1673438982607	OK	 
USER	Create  Scenario	END	1673438982625
USER	Create  Scenario	START	1673438982694
USER	Create  Scenario	END	1673438982827
REQUEST		Fetch contribution	1673438981695	1673438982830	OK	 
USER	Create  Scenario	START	1673438982894
REQUEST		Fetch contribution	1673438981895	1673438983012	OK	 
USER	Create  Scenario	END	1673438983026
USER	Create  Scenario	START	1673438983094
REQUEST		Fetch contribution	1673438982095	1673438983210	OK	 
USER	Create  Scenario	END	1673438983229
USER	Create  Scenario	START	1673438983294
USER	Create  Scenario	END	1673438983413
REQUEST		Fetch contribution	1673438982295	1673438983429	OK	 
USER	Create  Scenario	START	1673438983494
REQUEST		Fetch contribution	1673438982495	1673438983627	OK	 
USER	Create  Scenario	END	1673438983643
USER	Create  Scenario	START	1673438983694
REQUEST		Fetch contribution	1673438982695	1673438983822	OK	 
USER	Create  Scenario	END	1673438983837
USER	Create  Scenario	START	1673438983894
USER	Create  Scenario	END	1673438984016
REQUEST		Fetch contribution	1673438982895	1673438984037	OK	 
USER	Create  Scenario	START	1673438984094
REQUEST		Fetch contribution	1673438983095	1673438984211	OK	 
USER	Create  Scenario	END	1673438984235
USER	Create  Scenario	START	1673438984294
USER	Create  Scenario	END	1673438984419
REQUEST		Fetch contribution	1673438983295	1673438984430	OK	 
USER	Create  Scenario	START	1673438984495
REQUEST		Fetch contribution	1673438983495	1673438984637	OK	 
USER	Create  Scenario	END	1673438984638
USER	Create  Scenario	START	1673438984695
USER	Create  Scenario	END	1673438984811
REQUEST		Fetch contribution	1673438983694	1673438984845	OK	 
USER	Create  Scenario	START	1673438984895
USER	Create  Scenario	END	1673438985021
REQUEST		Fetch contribution	1673438983895	1673438985030	OK	 
USER	Create  Scenario	START	1673438985095
USER	Create  Scenario	END	1673438985213
REQUEST		Fetch contribution	1673438984095	1673438985216	OK	 
USER	Create  Scenario	START	1673438985295
USER	Create  Scenario	END	1673438985423
REQUEST		Fetch contribution	1673438984295	1673438985427	OK	 
USER	Create  Scenario	START	1673438985495
USER	Create  Scenario	END	1673438985608
REQUEST		Fetch contribution	1673438984495	1673438985615	OK	 
USER	Create  Scenario	START	1673438985695
REQUEST		Fetch contribution	1673438984696	1673438985830	OK	 
USER	Create  Scenario	END	1673438985831
USER	Create  Scenario	START	1673438985895
USER	Create  Scenario	END	1673438986014
REQUEST		Fetch contribution	1673438984895	1673438986030	OK	 
USER	Create  Scenario	START	1673438986095
USER	Create  Scenario	END	1673438986211
REQUEST		Fetch contribution	1673438985095	1673438986230	OK	 
USER	Create  Scenario	START	1673438986295
REQUEST		Fetch contribution	1673438985296	1673438986415	OK	 
USER	Create  Scenario	END	1673438986430
USER	Create  Scenario	START	1673438986495
REQUEST		Fetch contribution	1673438985495	1673438986604	OK	 
USER	Create  Scenario	END	1673438986628
USER	Create  Scenario	START	1673438986695
USER	Create  Scenario	END	1673438986823
REQUEST		Fetch contribution	1673438985695	1673438986850	OK	 
USER	Create  Scenario	START	1673438986895
REQUEST		Fetch contribution	1673438985895	1673438987013	OK	 
USER	Create  Scenario	END	1673438987038
USER	Create  Scenario	START	1673438987095
USER	Create  Scenario	END	1673438987212
REQUEST		Fetch contribution	1673438986095	1673438987221	OK	 
USER	Create  Scenario	START	1673438987295
REQUEST		Fetch contribution	1673438986296	1673438987426	OK	 
USER	Create  Scenario	END	1673438987432
USER	Create  Scenario	START	1673438987495
REQUEST		Fetch contribution	1673438986495	1673438987605	OK	 
USER	Create  Scenario	END	1673438987638
USER	Create  Scenario	START	1673438987695
REQUEST		Fetch contribution	1673438986695	1673438987830	OK	 
USER	Create  Scenario	END	1673438987846
USER	Create  Scenario	START	1673438987895
REQUEST		Fetch contribution	1673438986896	1673438988027	OK	 
USER	Create  Scenario	END	1673438988032
USER	Create  Scenario	START	1673438988095
USER	Create  Scenario	END	1673438988217
REQUEST		Fetch contribution	1673438987095	1673438988235	OK	 
USER	Create  Scenario	START	1673438988295
REQUEST		Fetch contribution	1673438987295	1673438988406	OK	 
USER	Create  Scenario	END	1673438988428
USER	Create  Scenario	START	1673438988494
USER	Create  Scenario	END	1673438988617
REQUEST		Fetch contribution	1673438987495	1673438988652	OK	 
USER	Create  Scenario	START	1673438988695
USER	Create  Scenario	END	1673438988832
REQUEST		Fetch contribution	1673438987695	1673438988852	OK	 
USER	Create  Scenario	START	1673438988895
USER	Create  Scenario	END	1673438989031
REQUEST		Fetch contribution	1673438987895	1673438989059	OK	 
USER	Create  Scenario	START	1673438989095
USER	Create  Scenario	END	1673438989231
REQUEST		Fetch contribution	1673438988095	1673438989238	OK	 
USER	Create  Scenario	START	1673438989295
REQUEST		Fetch contribution	1673438988295	1673438989411	OK	 
USER	Create  Scenario	END	1673438989416
USER	Create  Scenario	START	1673438989494
USER	Create  Scenario	END	1673438989605
REQUEST		Fetch contribution	1673438988495	1673438989633	OK	 
USER	Create  Scenario	START	1673438989694
REQUEST		Fetch contribution	1673438988695	1673438989851	OK	 
USER	Create  Scenario	END	1673438989852
USER	Create  Scenario	START	1673438989895
USER	Create  Scenario	END	1673438990014
REQUEST		Fetch contribution	1673438988895	1673438990015	OK	 
USER	Create  Scenario	START	1673438990094
USER	Create  Scenario	END	1673438990222
REQUEST		Fetch contribution	1673438989095	1673438990232	OK	 
USER	Create  Scenario	START	1673438990294
USER	Create  Scenario	END	1673438990427
REQUEST		Fetch contribution	1673438989295	1673438990439	OK	 
USER	Create  Scenario	START	1673438990495
USER	Create  Scenario	END	1673438990606
REQUEST		Fetch contribution	1673438989495	1673438990624	OK	 
USER	Create  Scenario	START	1673438990695
USER	Create  Scenario	END	1673438990831
REQUEST		Fetch contribution	1673438989695	1673438990848	OK	 
USER	Create  Scenario	START	1673438990895
REQUEST		Fetch contribution	1673438989895	1673438991012	OK	 
USER	Create  Scenario	END	1673438991028
USER	Create  Scenario	START	1673438991095
REQUEST		Fetch contribution	1673438990095	1673438991222	OK	 
USER	Create  Scenario	END	1673438991236
USER	Create  Scenario	START	1673438991295
REQUEST		Fetch contribution	1673438990295	1673438991407	OK	 
USER	Create  Scenario	END	1673438991407
USER	Create  Scenario	START	1673438991494
REQUEST		Fetch contribution	1673438990495	1673438991640	OK	 
USER	Create  Scenario	END	1673438991653
USER	Create  Scenario	START	1673438991694
REQUEST		Fetch contribution	1673438990695	1673438991819	OK	 
USER	Create  Scenario	END	1673438991853
USER	Create  Scenario	START	1673438991894
REQUEST		Fetch contribution	1673438990895	1673438992029	OK	 
USER	Create  Scenario	END	1673438992061
USER	Create  Scenario	START	1673438992094
REQUEST		Fetch contribution	1673438991095	1673438992229	OK	 
USER	Create  Scenario	END	1673438992239
USER	Create  Scenario	START	1673438992294
REQUEST		Fetch contribution	1673438991295	1673438992408	OK	 
USER	Create  Scenario	END	1673438992412
USER	Create  Scenario	START	1673438992495
USER	Create  Scenario	END	1673438992634
REQUEST		Fetch contribution	1673438991495	1673438992640	OK	 
USER	Create  Scenario	START	1673438992695
REQUEST		Fetch contribution	1673438991695	1673438992823	OK	 
USER	Create  Scenario	END	1673438992852
USER	Create  Scenario	START	1673438992895
REQUEST		Fetch contribution	1673438991895	1673438993007	OK	 
USER	Create  Scenario	END	1673438993016
USER	Create  Scenario	START	1673438993095
USER	Create  Scenario	END	1673438993234
REQUEST		Fetch contribution	1673438992095	1673438993239	OK	 
USER	Create  Scenario	START	1673438993295
REQUEST		Fetch contribution	1673438992294	1673438993420	OK	 
USER	Create  Scenario	END	1673438993440
USER	Create  Scenario	START	1673438993495
USER	Create  Scenario	END	1673438993625
REQUEST		Fetch contribution	1673438992495	1673438993639	OK	 
USER	Create  Scenario	START	1673438993695
USER	Create  Scenario	END	1673438993849
REQUEST		Fetch contribution	1673438992695	1673438993864	OK	 
USER	Create  Scenario	START	1673438993895
USER	Create  Scenario	END	1673438994013
REQUEST		Fetch contribution	1673438992895	1673438994026	OK	 
USER	Create  Scenario	START	1673438994095
USER	Create  Scenario	END	1673438994223
REQUEST		Fetch contribution	1673438993095	1673438994257	OK	 
USER	Create  Scenario	START	1673438994295
USER	Create  Scenario	END	1673438994408
REQUEST		Fetch contribution	1673438993296	1673438994422	OK	 
USER	Create  Scenario	START	1673438994495
REQUEST		Fetch contribution	1673438993495	1673438994632	OK	 
USER	Create  Scenario	END	1673438994641
USER	Create  Scenario	START	1673438994695
USER	Create  Scenario	END	1673438994820
REQUEST		Fetch contribution	1673438993695	1673438994842	OK	 
USER	Create  Scenario	START	1673438994895
REQUEST		Fetch contribution	1673438993895	1673438995015	OK	 
USER	Create  Scenario	END	1673438995030
USER	Create  Scenario	START	1673438995095
USER	Create  Scenario	END	1673438995230
REQUEST		Fetch contribution	1673438994095	1673438995253	OK	 
USER	Create  Scenario	START	1673438995295
USER	Create  Scenario	END	1673438995409
REQUEST		Fetch contribution	1673438994295	1673438995412	OK	 
USER	Create  Scenario	START	1673438995494
REQUEST		Fetch contribution	1673438994495	1673438995629	OK	 
USER	Create  Scenario	END	1673438995641
USER	Create  Scenario	START	1673438995695
REQUEST		Fetch contribution	1673438994695	1673438995823	OK	 
USER	Create  Scenario	END	1673438995824
USER	Create  Scenario	START	1673438995895
USER	Create  Scenario	END	1673438996009
REQUEST		Fetch contribution	1673438994895	1673438996018	OK	 
USER	Create  Scenario	START	1673438996094
REQUEST		Fetch contribution	1673438995095	1673438996216	OK	 
USER	Create  Scenario	END	1673438996240
USER	Create  Scenario	START	1673438996295
REQUEST		Fetch contribution	1673438995295	1673438996409	OK	 
USER	Create  Scenario	END	1673438996422
USER	Create  Scenario	START	1673438996495
REQUEST		Fetch contribution	1673438995495	1673438996624	OK	 
USER	Create  Scenario	END	1673438996640
USER	Create  Scenario	START	1673438996694
REQUEST		Fetch contribution	1673438995695	1673438996823	OK	 
USER	Create  Scenario	END	1673438996865
USER	Create  Scenario	START	1673438996895
REQUEST		Fetch contribution	1673438995895	1673438997026	OK	 
USER	Create  Scenario	END	1673438997027
USER	Create  Scenario	START	1673438997095
REQUEST		Fetch contribution	1673438996095	1673438997219	OK	 
USER	Create  Scenario	END	1673438997258
USER	Create  Scenario	START	1673438997295
REQUEST		Fetch contribution	1673438996295	1673438997417	OK	 
USER	Create  Scenario	END	1673438997423
USER	Create  Scenario	START	1673438997495
REQUEST		Fetch contribution	1673438996495	1673438997618	OK	 
USER	Create  Scenario	END	1673438997633
USER	Create  Scenario	START	1673438997695
USER	Create  Scenario	END	1673438997843
REQUEST		Fetch contribution	1673438996695	1673438997857	OK	 
USER	Create  Scenario	START	1673438997895
USER	Create  Scenario	END	1673438998016
REQUEST		Fetch contribution	1673438996895	1673438998029	OK	 
USER	Create  Scenario	START	1673438998095
REQUEST		Fetch contribution	1673438997095	1673438998244	OK	 
USER	Create  Scenario	END	1673438998254
USER	Create  Scenario	START	1673438998295
REQUEST		Fetch contribution	1673438997295	1673438998406	OK	 
USER	Create  Scenario	END	1673438998413
USER	Create  Scenario	START	1673438998494
REQUEST		Fetch contribution	1673438997495	1673438998611	OK	 
USER	Create  Scenario	END	1673438998630
USER	Create  Scenario	START	1673438998694
USER	Create  Scenario	END	1673438998824
REQUEST		Fetch contribution	1673438997695	1673438998827	OK	 
USER	Create  Scenario	START	1673438998895
USER	Create  Scenario	END	1673438999020
REQUEST		Fetch contribution	1673438997895	1673438999020	OK	 
USER	Create  Scenario	START	1673438999094
USER	Create  Scenario	END	1673438999218
REQUEST		Fetch contribution	1673438998095	1673438999242	OK	 
USER	Create  Scenario	START	1673438999294
USER	Create  Scenario	END	1673438999410
REQUEST		Fetch contribution	1673438998295	1673438999424	OK	 
USER	Create  Scenario	START	1673438999495
USER	Create  Scenario	END	1673438999625
REQUEST		Fetch contribution	1673438998495	1673438999637	OK	 
USER	Create  Scenario	START	1673438999695
REQUEST		Fetch contribution	1673438998695	1673438999810	OK	 
USER	Create  Scenario	END	1673438999824
USER	Create  Scenario	START	1673438999895
USER	Create  Scenario	END	1673439000027
REQUEST		Fetch contribution	1673438998895	1673439000050	OK	 
USER	Create  Scenario	START	1673439000095
USER	Create  Scenario	END	1673439000220
REQUEST		Fetch contribution	1673438999095	1673439000236	OK	 
USER	Create  Scenario	START	1673439000295
USER	Create  Scenario	END	1673439000419
REQUEST		Fetch contribution	1673438999295	1673439000423	OK	 
USER	Create  Scenario	START	1673439000495
USER	Create  Scenario	END	1673439000619
REQUEST		Fetch contribution	1673438999495	1673439000636	OK	 
USER	Create  Scenario	START	1673439000695
REQUEST		Fetch contribution	1673438999695	1673439000811	OK	 
USER	Create  Scenario	END	1673439000859
USER	Create  Scenario	START	1673439000895
REQUEST		Fetch contribution	1673438999896	1673439001028	OK	 
USER	Create  Scenario	END	1673439001030
USER	Create  Scenario	START	1673439001095
REQUEST		Fetch contribution	1673439000095	1673439001217	OK	 
USER	Create  Scenario	END	1673439001245
USER	Create  Scenario	START	1673439001295
USER	Create  Scenario	END	1673439001407
REQUEST		Fetch contribution	1673439000295	1673439001415	OK	 
USER	Create  Scenario	START	1673439001494
USER	Create  Scenario	END	1673439001612
REQUEST		Fetch contribution	1673439000495	1673439001621	OK	 
USER	Create  Scenario	START	1673439001695
USER	Create  Scenario	END	1673439001828
REQUEST		Fetch contribution	1673439000695	1673439001842	OK	 
USER	Create  Scenario	START	1673439001895
USER	Create  Scenario	END	1673439002021
REQUEST		Fetch contribution	1673439000895	1673439002021	OK	 
USER	Create  Scenario	START	1673439002095
REQUEST		Fetch contribution	1673439001095	1673439002232	OK	 
USER	Create  Scenario	END	1673439002243
USER	Create  Scenario	START	1673439002295
USER	Create  Scenario	END	1673439002425
REQUEST		Fetch contribution	1673439001295	1673439002426	OK	 
USER	Create  Scenario	START	1673439002494
REQUEST		Fetch contribution	1673439001495	1673439002611	OK	 
USER	Create  Scenario	END	1673439002638
USER	Create  Scenario	START	1673439002694
USER	Create  Scenario	END	1673439002811
REQUEST		Fetch contribution	1673439001695	1673439002830	OK	 
USER	Create  Scenario	START	1673439002894
REQUEST		Fetch contribution	1673439001895	1673439003022	OK	 
USER	Create  Scenario	END	1673439003051
USER	Create  Scenario	START	1673439003094
USER	Create  Scenario	END	1673439003237
REQUEST		Fetch contribution	1673439002095	1673439003237	OK	 
USER	Create  Scenario	START	1673439003295
REQUEST		Fetch contribution	1673439002295	1673439003415	OK	 
USER	Create  Scenario	END	1673439003424
USER	Create  Scenario	START	1673439003494
REQUEST		Fetch contribution	1673439002495	1673439003611	OK	 
USER	Create  Scenario	END	1673439003637
USER	Create  Scenario	START	1673439003694
REQUEST		Fetch contribution	1673439002694	1673439003805	OK	 
USER	Create  Scenario	END	1673439003812
USER	Create  Scenario	START	1673439003894
REQUEST		Fetch contribution	1673439002895	1673439004016	OK	 
USER	Create  Scenario	END	1673439004029
USER	Create  Scenario	START	1673439004094
USER	Create  Scenario	END	1673439004219
REQUEST		Fetch contribution	1673439003095	1673439004236	OK	 
USER	Create  Scenario	START	1673439004294
USER	Create  Scenario	END	1673439004416
REQUEST		Fetch contribution	1673439003295	1673439004422	OK	 
USER	Create  Scenario	START	1673439004494
REQUEST		Fetch contribution	1673439003495	1673439004616	OK	 
USER	Create  Scenario	END	1673439004622
USER	Create  Scenario	START	1673439004694
REQUEST		Fetch contribution	1673439003694	1673439004831	OK	 
USER	Create  Scenario	END	1673439004843
USER	Create  Scenario	START	1673439004895
USER	Create  Scenario	END	1673439005022
REQUEST		Fetch contribution	1673439003895	1673439005029	OK	 
USER	Create  Scenario	START	1673439005095
USER	Create  Scenario	END	1673439005233
REQUEST		Fetch contribution	1673439004095	1673439005259	OK	 
USER	Create  Scenario	START	1673439005295
USER	Create  Scenario	END	1673439005426
REQUEST		Fetch contribution	1673439004295	1673439005445	OK	 
USER	Create  Scenario	START	1673439005495
USER	Create  Scenario	END	1673439005612
REQUEST		Fetch contribution	1673439004495	1673439005627	OK	 
USER	Create  Scenario	START	1673439005695
REQUEST		Fetch contribution	1673439004695	1673439005828	OK	 
USER	Create  Scenario	END	1673439005831
USER	Create  Scenario	START	1673439005895
REQUEST		Fetch contribution	1673439004895	1673439006002	OK	 
USER	Create  Scenario	END	1673439006023
USER	Create  Scenario	START	1673439006095
REQUEST		Fetch contribution	1673439005095	1673439006223	OK	 
USER	Create  Scenario	END	1673439006238
USER	Create  Scenario	START	1673439006295
USER	Create  Scenario	END	1673439006416
REQUEST		Fetch contribution	1673439005295	1673439006435	OK	 
USER	Create  Scenario	START	1673439006494
USER	Create  Scenario	END	1673439006612
REQUEST		Fetch contribution	1673439005495	1673439006613	OK	 
USER	Create  Scenario	START	1673439006694
USER	Create  Scenario	END	1673439006806
REQUEST		Fetch contribution	1673439005695	1673439006836	OK	 
USER	Create  Scenario	START	1673439006894
USER	Create  Scenario	END	1673439007017
REQUEST		Fetch contribution	1673439005895	1673439007024	OK	 
USER	Create  Scenario	START	1673439007094
REQUEST		Fetch contribution	1673439006095	1673439007221	OK	 
USER	Create  Scenario	END	1673439007237
USER	Create  Scenario	START	1673439007294
USER	Create  Scenario	END	1673439007422
REQUEST		Fetch contribution	1673439006295	1673439007428	OK	 
USER	Create  Scenario	START	1673439007495
REQUEST		Fetch contribution	1673439006494	1673439007615	OK	 
USER	Create  Scenario	END	1673439007616
USER	Create  Scenario	START	1673439007695
USER	Create  Scenario	END	1673439007832
REQUEST		Fetch contribution	1673439006695	1673439007861	OK	 
USER	Create  Scenario	START	1673439007895
USER	Create  Scenario	END	1673439008030
REQUEST		Fetch contribution	1673439006895	1673439008032	OK	 
USER	Create  Scenario	START	1673439008095
REQUEST		Fetch contribution	1673439007095	1673439008226	OK	 
USER	Create  Scenario	END	1673439008260
USER	Create  Scenario	START	1673439008295
REQUEST		Fetch contribution	1673439007295	1673439008411	OK	 
USER	Create  Scenario	END	1673439008446
USER	Create  Scenario	START	1673439008494
REQUEST		Fetch contribution	1673439007495	1673439008602	OK	 
USER	Create  Scenario	END	1673439008628
USER	Create  Scenario	START	1673439008694
USER	Create  Scenario	END	1673439008829
REQUEST		Fetch contribution	1673439007695	1673439008837	OK	 
USER	Create  Scenario	START	1673439008894
USER	Create  Scenario	END	1673439009003
REQUEST		Fetch contribution	1673439007895	1673439009024	OK	 
USER	Create  Scenario	START	1673439009094
REQUEST		Fetch contribution	1673439008095	1673439009224	OK	 
USER	Create  Scenario	END	1673439009224
USER	Create  Scenario	START	1673439009294
REQUEST		Fetch contribution	1673439008295	1673439009429	OK	 
USER	Create  Scenario	END	1673439009436
USER	Create  Scenario	START	1673439009494
USER	Create  Scenario	END	1673439009614
REQUEST		Fetch contribution	1673439008495	1673439009619	OK	 
USER	Create  Scenario	START	1673439009694
REQUEST		Fetch contribution	1673439008695	1673439009804	OK	 
USER	Create  Scenario	END	1673439009837
USER	Create  Scenario	START	1673439009895
REQUEST		Fetch contribution	1673439008895	1673439010024	OK	 
USER	Create  Scenario	END	1673439010025
USER	Create  Scenario	START	1673439010095
USER	Create  Scenario	END	1673439010222
REQUEST		Fetch contribution	1673439009095	1673439010238	OK	 
USER	Create  Scenario	START	1673439010295
REQUEST		Fetch contribution	1673439009295	1673439010420	OK	 
USER	Create  Scenario	END	1673439010429
USER	Create  Scenario	START	1673439010494
USER	Create  Scenario	END	1673439010616
REQUEST		Fetch contribution	1673439009495	1673439010636	OK	 
USER	Create  Scenario	START	1673439010694
REQUEST		Fetch contribution	1673439009695	1673439010830	OK	 
USER	Create  Scenario	END	1673439010862
USER	Create  Scenario	START	1673439010894
REQUEST		Fetch contribution	1673439009895	1673439011017	OK	 
USER	Create  Scenario	END	1673439011033
USER	Create  Scenario	START	1673439011094
USER	Create  Scenario	END	1673439011227
REQUEST		Fetch contribution	1673439010095	1673439011230	OK	 
USER	Create  Scenario	START	1673439011294
REQUEST		Fetch contribution	1673439010295	1673439011412	OK	 
USER	Create  Scenario	END	1673439011413
USER	Create  Scenario	START	1673439011495
USER	Create  Scenario	END	1673439011603
REQUEST		Fetch contribution	1673439010494	1673439011608	OK	 
USER	Create  Scenario	START	1673439011695
REQUEST		Fetch contribution	1673439010694	1673439011821	OK	 
USER	Create  Scenario	END	1673439011838
USER	Create  Scenario	START	1673439011895
REQUEST		Fetch contribution	1673439010895	1673439012016	OK	 
USER	Create  Scenario	END	1673439012025
USER	Create  Scenario	START	1673439012095
REQUEST		Fetch contribution	1673439011095	1673439012214	OK	 
USER	Create  Scenario	END	1673439012225
USER	Create  Scenario	START	1673439012295
REQUEST		Fetch contribution	1673439011295	1673439012426	OK	 
USER	Create  Scenario	END	1673439012430
USER	Create  Scenario	START	1673439012495
REQUEST		Fetch contribution	1673439011495	1673439012603	OK	 
USER	Create  Scenario	END	1673439012620
USER	Create  Scenario	START	1673439012695
USER	Create  Scenario	END	1673439012805
REQUEST		Fetch contribution	1673439011695	1673439012827	OK	 
USER	Create  Scenario	START	1673439012895
REQUEST		Fetch contribution	1673439011895	1673439013023	OK	 
USER	Create  Scenario	END	1673439013024
USER	Create  Scenario	START	1673439013095
REQUEST		Fetch contribution	1673439012095	1673439013231	OK	 
USER	Create  Scenario	END	1673439013239
USER	Create  Scenario	START	1673439013295
USER	Create  Scenario	END	1673439013421
REQUEST		Fetch contribution	1673439012295	1673439013476	OK	 
USER	Create  Scenario	START	1673439013495
REQUEST		Fetch contribution	1673439012495	1673439013608	OK	 
USER	Create  Scenario	END	1673439013637
USER	Create  Scenario	START	1673439013695
REQUEST		Fetch contribution	1673439012695	1673439013816	OK	 
USER	Create  Scenario	END	1673439013832
USER	Create  Scenario	START	1673439013895
REQUEST		Fetch contribution	1673439012895	1673439014014	OK	 
USER	Create  Scenario	END	1673439014018
USER	Create  Scenario	START	1673439014095
REQUEST		Fetch contribution	1673439013095	1673439014223	OK	 
USER	Create  Scenario	END	1673439014231
USER	Create  Scenario	START	1673439014295
USER	Create  Scenario	END	1673439014414
REQUEST		Fetch contribution	1673439013295	1673439014422	OK	 
USER	Create  Scenario	START	1673439014494
USER	Create  Scenario	END	1673439014609
REQUEST		Fetch contribution	1673439013495	1673439014637	OK	 
USER	Create  Scenario	START	1673439014694
USER	Create  Scenario	END	1673439014823
REQUEST		Fetch contribution	1673439013695	1673439014835	OK	 
USER	Create  Scenario	START	1673439014894
USER	Create  Scenario	END	1673439015017
REQUEST		Fetch contribution	1673439013895	1673439015036	OK	 
USER	Create  Scenario	START	1673439015094
USER	Create  Scenario	END	1673439015215
REQUEST		Fetch contribution	1673439014095	1673439015234	OK	 
USER	Create  Scenario	START	1673439015294
USER	Create  Scenario	END	1673439015427
REQUEST		Fetch contribution	1673439014295	1673439015430	OK	 
USER	Create  Scenario	START	1673439015495
USER	Create  Scenario	END	1673439015604
REQUEST		Fetch contribution	1673439014494	1673439015625	OK	 
USER	Create  Scenario	START	1673439015695
REQUEST		Fetch contribution	1673439014694	1673439015809	OK	 
USER	Create  Scenario	END	1673439015828
USER	Create  Scenario	START	1673439015895
REQUEST		Fetch contribution	1673439014895	1673439016005	OK	 
USER	Create  Scenario	END	1673439016024
USER	Create  Scenario	START	1673439016095
USER	Create  Scenario	END	1673439016232
REQUEST		Fetch contribution	1673439015094	1673439016236	OK	 
USER	Create  Scenario	START	1673439016295
REQUEST		Fetch contribution	1673439015294	1673439016419	OK	 
USER	Create  Scenario	END	1673439016477
USER	Create  Scenario	START	1673439016495
USER	Create  Scenario	END	1673439016609
REQUEST		Fetch contribution	1673439015495	1673439016620	OK	 
USER	Create  Scenario	START	1673439016695
USER	Create  Scenario	END	1673439016817
REQUEST		Fetch contribution	1673439015695	1673439016837	OK	 
USER	Create  Scenario	START	1673439016896
USER	Create  Scenario	END	1673439017015
REQUEST		Fetch contribution	1673439015895	1673439017054	OK	 
USER	Create  Scenario	START	1673439017095
USER	Create  Scenario	END	1673439017224
REQUEST		Fetch contribution	1673439016095	1673439017235	OK	 
USER	Create  Scenario	START	1673439017295
REQUEST		Fetch contribution	1673439016295	1673439017421	OK	 
USER	Create  Scenario	END	1673439017423
USER	Create  Scenario	START	1673439017494
USER	Create  Scenario	END	1673439017638
REQUEST		Fetch contribution	1673439016495	1673439017639	OK	 
USER	Create  Scenario	START	1673439017695
USER	Create  Scenario	END	1673439017836
REQUEST		Fetch contribution	1673439016695	1673439017847	OK	 
USER	Create  Scenario	START	1673439017895
USER	Create  Scenario	END	1673439018037
REQUEST		Fetch contribution	1673439016896	1673439018044	OK	 
USER	Create  Scenario	START	1673439018095
REQUEST		Fetch contribution	1673439017095	1673439018220	OK	 
USER	Create  Scenario	END	1673439018236
USER	Create  Scenario	START	1673439018294
REQUEST		Fetch contribution	1673439017295	1673439018412	OK	 
USER	Create  Scenario	END	1673439018431
USER	Create  Scenario	START	1673439018494
USER	Create  Scenario	END	1673439018626
REQUEST		Fetch contribution	1673439017494	1673439018636	OK	 
USER	Create  Scenario	START	1673439018694
USER	Create  Scenario	END	1673439018810
REQUEST		Fetch contribution	1673439017695	1673439018825	OK	 
USER	Create  Scenario	START	1673439018894
USER	Create  Scenario	END	1673439019006
REQUEST		Fetch contribution	1673439017895	1673439019024	OK	 
USER	Create  Scenario	START	1673439019094
REQUEST		Fetch contribution	1673439018095	1673439019222	OK	 
USER	Create  Scenario	END	1673439019237
USER	Create  Scenario	START	1673439019294
REQUEST		Fetch contribution	1673439018295	1673439019412	OK	 
USER	Create  Scenario	END	1673439019420
USER	Create  Scenario	START	1673439019495
REQUEST		Fetch contribution	1673439018494	1673439019615	OK	 
USER	Create  Scenario	END	1673439019621
USER	Create  Scenario	START	1673439019695
REQUEST		Fetch contribution	1673439018695	1673439019807	OK	 
USER	Create  Scenario	END	1673439019838
USER	Create  Scenario	START	1673439019895
REQUEST		Fetch contribution	1673439018895	1673439020019	OK	 
USER	Create  Scenario	END	1673439020055
USER	Create  Scenario	START	1673439020095
USER	Create  Scenario	END	1673439020237
REQUEST		Fetch contribution	1673439019094	1673439020237	OK	 
USER	Create  Scenario	START	1673439020295
USER	Create  Scenario	END	1673439020421
REQUEST		Fetch contribution	1673439019295	1673439020456	OK	 
USER	Create  Scenario	START	1673439020494
REQUEST		Fetch contribution	1673439019495	1673439020625	OK	 
USER	Create  Scenario	END	1673439020640
USER	Create  Scenario	START	1673439020694
REQUEST		Fetch contribution	1673439019695	1673439020846	OK	 
USER	Create  Scenario	END	1673439020848
USER	Create  Scenario	START	1673439020894
REQUEST		Fetch contribution	1673439019895	1673439021030	OK	 
USER	Create  Scenario	END	1673439021045
USER	Create  Scenario	START	1673439021094
USER	Create  Scenario	END	1673439021221
REQUEST		Fetch contribution	1673439020095	1673439021239	OK	 
USER	Create  Scenario	START	1673439021294
USER	Create  Scenario	END	1673439021413
REQUEST		Fetch contribution	1673439020295	1673439021423	OK	 
USER	Create  Scenario	START	1673439021494
REQUEST		Fetch contribution	1673439020494	1673439021617	OK	 
USER	Create  Scenario	END	1673439021636
USER	Create  Scenario	START	1673439021694
USER	Create  Scenario	END	1673439021826
REQUEST		Fetch contribution	1673439020694	1673439021844	OK	 
USER	Create  Scenario	START	1673439021895
REQUEST		Fetch contribution	1673439020895	1673439022011	OK	 
USER	Create  Scenario	END	1673439022025
USER	Create  Scenario	START	1673439022094
USER	Create  Scenario	END	1673439022222
REQUEST		Fetch contribution	1673439021095	1673439022251	OK	 
USER	Create  Scenario	START	1673439022294
USER	Create  Scenario	END	1673439022413
REQUEST		Fetch contribution	1673439021295	1673439022420	OK	 
USER	Create  Scenario	START	1673439022494
USER	Create  Scenario	END	1673439022617
REQUEST		Fetch contribution	1673439021495	1673439022625	OK	 
USER	Create  Scenario	START	1673439022694
USER	Create  Scenario	END	1673439022808
REQUEST		Fetch contribution	1673439021695	1673439022847	OK	 
USER	Create  Scenario	START	1673439022894
REQUEST		Fetch contribution	1673439021895	1673439023012	OK	 
USER	Create  Scenario	END	1673439023020
USER	Create  Scenario	START	1673439023094
REQUEST		Fetch contribution	1673439022095	1673439023230	OK	 
USER	Create  Scenario	END	1673439023238
USER	Create  Scenario	START	1673439023294
REQUEST		Fetch contribution	1673439022295	1673439023420	OK	 
USER	Create  Scenario	END	1673439023458
USER	Create  Scenario	START	1673439023495
REQUEST		Fetch contribution	1673439022494	1673439023610	OK	 
USER	Create  Scenario	END	1673439023626
USER	Create  Scenario	START	1673439023695
REQUEST		Fetch contribution	1673439022694	1673439023815	OK	 
USER	Create  Scenario	END	1673439023847
USER	Create  Scenario	START	1673439023895
REQUEST		Fetch contribution	1673439022895	1673439024013	OK	 
USER	Create  Scenario	END	1673439024031
USER	Create  Scenario	START	1673439024095
REQUEST		Fetch contribution	1673439023095	1673439024215	OK	 
USER	Create  Scenario	END	1673439024240
USER	Create  Scenario	START	1673439024295
REQUEST		Fetch contribution	1673439023295	1673439024403	OK	 
USER	Create  Scenario	END	1673439024424
USER	Create  Scenario	START	1673439024495
USER	Create  Scenario	END	1673439024619
REQUEST		Fetch contribution	1673439023495	1673439024632	OK	 
USER	Create  Scenario	START	1673439024695
REQUEST		Fetch contribution	1673439023695	1673439024812	OK	 
USER	Create  Scenario	END	1673439024844
USER	Create  Scenario	START	1673439024895
USER	Create  Scenario	END	1673439025012
REQUEST		Fetch contribution	1673439023895	1673439025013	OK	 
USER	Create  Scenario	START	1673439025095
USER	Create  Scenario	END	1673439025252
REQUEST		Fetch contribution	1673439024095	1673439025256	OK	 
USER	Create  Scenario	START	1673439025295
REQUEST		Fetch contribution	1673439024295	1673439025413	OK	 
USER	Create  Scenario	END	1673439025421
USER	Create  Scenario	START	1673439025494
USER	Create  Scenario	END	1673439025626
REQUEST		Fetch contribution	1673439024495	1673439025643	OK	 
USER	Create  Scenario	START	1673439025694
REQUEST		Fetch contribution	1673439024695	1673439025812	OK	 
USER	Create  Scenario	END	1673439025848
USER	Create  Scenario	START	1673439025894
USER	Create  Scenario	END	1673439026014
REQUEST		Fetch contribution	1673439024895	1673439026017	OK	 
USER	Create  Scenario	START	1673439026094
USER	Create  Scenario	END	1673439026231
REQUEST		Fetch contribution	1673439025095	1673439026242	OK	 
USER	Create  Scenario	START	1673439026294
USER	Create  Scenario	END	1673439026421
REQUEST		Fetch contribution	1673439025295	1673439026441	OK	 
USER	Create  Scenario	START	1673439026495
USER	Create  Scenario	END	1673439026611
REQUEST		Fetch contribution	1673439025494	1673439026640	OK	 
USER	Create  Scenario	START	1673439026695
USER	Create  Scenario	END	1673439026816
REQUEST		Fetch contribution	1673439025694	1673439026840	OK	 
USER	Create  Scenario	START	1673439026895
USER	Create  Scenario	END	1673439027014
REQUEST		Fetch contribution	1673439025895	1673439027024	OK	 
USER	Create  Scenario	START	1673439027095
USER	Create  Scenario	END	1673439027216
REQUEST		Fetch contribution	1673439026094	1673439027218	OK	 
USER	Create  Scenario	START	1673439027295
USER	Create  Scenario	END	1673439027403
REQUEST		Fetch contribution	1673439026294	1673439027426	OK	 
USER	Create  Scenario	START	1673439027495
REQUEST		Fetch contribution	1673439026495	1673439027632	OK	 
USER	Create  Scenario	END	1673439027633
USER	Create  Scenario	START	1673439027694
USER	Create  Scenario	END	1673439027812
REQUEST		Fetch contribution	1673439026695	1673439027850	OK	 
USER	Create  Scenario	START	1673439027895
REQUEST		Fetch contribution	1673439026895	1673439028010	OK	 
USER	Create  Scenario	END	1673439028014
USER	Create  Scenario	START	1673439028095
REQUEST		Fetch contribution	1673439027095	1673439028223	OK	 
USER	Create  Scenario	END	1673439028256
USER	Create  Scenario	START	1673439028295
REQUEST		Fetch contribution	1673439027295	1673439028407	OK	 
USER	Create  Scenario	END	1673439028414
USER	Create  Scenario	START	1673439028494
REQUEST		Fetch contribution	1673439027495	1673439028619	OK	 
USER	Create  Scenario	END	1673439028644
USER	Create  Scenario	START	1673439028694
USER	Create  Scenario	END	1673439028813
REQUEST		Fetch contribution	1673439027695	1673439028825	OK	 
USER	Create  Scenario	START	1673439028894
REQUEST		Fetch contribution	1673439027895	1673439029014	OK	 
USER	Create  Scenario	END	1673439029018
USER	Create  Scenario	START	1673439029094
REQUEST		Fetch contribution	1673439028095	1673439029220	OK	 
USER	Create  Scenario	END	1673439029243
USER	Create  Scenario	START	1673439029295
REQUEST		Fetch contribution	1673439028295	1673439029422	OK	 
USER	Create  Scenario	END	1673439029442
USER	Create  Scenario	START	1673439029495
REQUEST		Fetch contribution	1673439028494	1673439029621	OK	 
USER	Create  Scenario	END	1673439029641
USER	Create  Scenario	START	1673439029695
USER	Create  Scenario	END	1673439029840
REQUEST		Fetch contribution	1673439028694	1673439029848	OK	 
USER	Create  Scenario	START	1673439029895
REQUEST		Fetch contribution	1673439028895	1673439030022	OK	 
USER	Create  Scenario	END	1673439030025
USER	Create  Scenario	START	1673439030095
USER	Create  Scenario	END	1673439030220
REQUEST		Fetch contribution	1673439029094	1673439030223	OK	 
USER	Create  Scenario	START	1673439030295
USER	Create  Scenario	END	1673439030427
REQUEST		Fetch contribution	1673439029295	1673439030430	OK	 
USER	Create  Scenario	START	1673439030494
REQUEST		Fetch contribution	1673439029495	1673439030612	OK	 
USER	Create  Scenario	END	1673439030634
USER	Create  Scenario	START	1673439030694
USER	Create  Scenario	END	1673439030851
REQUEST		Fetch contribution	1673439029695	1673439030857	OK	 
USER	Create  Scenario	START	1673439030894
USER	Create  Scenario	END	1673439031011
REQUEST		Fetch contribution	1673439029895	1673439031013	OK	 
USER	Create  Scenario	START	1673439031094
USER	Create  Scenario	END	1673439031225
REQUEST		Fetch contribution	1673439030095	1673439031225	OK	 
USER	Create  Scenario	START	1673439031294
USER	Create  Scenario	END	1673439031408
REQUEST		Fetch contribution	1673439030295	1673439031417	OK	 
USER	Create  Scenario	START	1673439031495
USER	Create  Scenario	END	1673439031620
REQUEST		Fetch contribution	1673439030494	1673439031630	OK	 
USER	Create  Scenario	START	1673439031694
REQUEST		Fetch contribution	1673439030694	1673439031821	OK	 
USER	Create  Scenario	END	1673439031826
USER	Create  Scenario	START	1673439031894
USER	Create  Scenario	END	1673439032015
REQUEST		Fetch contribution	1673439030895	1673439032033	OK	 
USER	Create  Scenario	START	1673439032094
REQUEST		Fetch contribution	1673439031094	1673439032206	OK	 
USER	Create  Scenario	END	1673439032221
USER	Create  Scenario	START	1673439032294
USER	Create  Scenario	END	1673439032423
REQUEST		Fetch contribution	1673439031294	1673439032425	OK	 
USER	Create  Scenario	START	1673439032494
USER	Create  Scenario	END	1673439032622
REQUEST		Fetch contribution	1673439031495	1673439032622	OK	 
USER	Create  Scenario	START	1673439032694
REQUEST		Fetch contribution	1673439031694	1673439032842	OK	 
USER	Create  Scenario	END	1673439032849
USER	Create  Scenario	START	1673439032894
REQUEST		Fetch contribution	1673439031894	1673439033022	OK	 
USER	Create  Scenario	END	1673439033022
USER	Create  Scenario	START	1673439033094
USER	Create  Scenario	END	1673439033224
REQUEST		Fetch contribution	1673439032095	1673439033258	OK	 
USER	Create  Scenario	START	1673439033294
REQUEST		Fetch contribution	1673439032295	1673439033415	OK	 
USER	Create  Scenario	END	1673439033431
USER	Create  Scenario	START	1673439033494
USER	Create  Scenario	END	1673439033612
REQUEST		Fetch contribution	1673439032494	1673439033618	OK	 
USER	Create  Scenario	START	1673439033694
REQUEST		Fetch contribution	1673439032694	1673439033818	OK	 
USER	Create  Scenario	END	1673439033857
USER	Create  Scenario	START	1673439033894
REQUEST		Fetch contribution	1673439032895	1673439034010	OK	 
USER	Create  Scenario	END	1673439034014
USER	Create  Scenario	START	1673439034095
USER	Create  Scenario	END	1673439034226
REQUEST		Fetch contribution	1673439033094	1673439034232	OK	 
USER	Create  Scenario	START	1673439034294
USER	Create  Scenario	END	1673439034418
REQUEST		Fetch contribution	1673439033294	1673439034423	OK	 
USER	Create  Scenario	START	1673439034495
REQUEST		Fetch contribution	1673439033495	1673439034619	OK	 
USER	Create  Scenario	END	1673439034631
USER	Create  Scenario	START	1673439034695
REQUEST		Fetch contribution	1673439033695	1673439034810	OK	 
USER	Create  Scenario	END	1673439034821
USER	Create  Scenario	START	1673439034895
REQUEST		Fetch contribution	1673439033895	1673439035019	OK	 
USER	Create  Scenario	END	1673439035034
USER	Create  Scenario	START	1673439035095
USER	Create  Scenario	END	1673439035207
REQUEST		Fetch contribution	1673439034095	1673439035262	OK	 
USER	Create  Scenario	START	1673439035295
USER	Create  Scenario	END	1673439035426
REQUEST		Fetch contribution	1673439034295	1673439035447	OK	 
USER	Create  Scenario	START	1673439035494
USER	Create  Scenario	END	1673439035623
REQUEST		Fetch contribution	1673439034495	1673439035631	OK	 
USER	Create  Scenario	START	1673439035694
REQUEST		Fetch contribution	1673439034695	1673439035823	OK	 
USER	Create  Scenario	END	1673439035843
USER	Create  Scenario	START	1673439035894
REQUEST		Fetch contribution	1673439034895	1673439036018	OK	 
USER	Create  Scenario	END	1673439036023
USER	Create  Scenario	START	1673439036094
REQUEST		Fetch contribution	1673439035095	1673439036225	OK	 
USER	Create  Scenario	END	1673439036259
USER	Create  Scenario	START	1673439036294
USER	Create  Scenario	END	1673439036416
REQUEST		Fetch contribution	1673439035295	1673439036432	OK	 
USER	Create  Scenario	START	1673439036494
USER	Create  Scenario	END	1673439036620
REQUEST		Fetch contribution	1673439035494	1673439036644	OK	 
USER	Create  Scenario	START	1673439036694
REQUEST		Fetch contribution	1673439035695	1673439036818	OK	 
USER	Create  Scenario	END	1673439036819
USER	Create  Scenario	START	1673439036894
USER	Create  Scenario	END	1673439037011
REQUEST		Fetch contribution	1673439035895	1673439037020	OK	 
USER	Create  Scenario	START	1673439037094
REQUEST		Fetch contribution	1673439036095	1673439037216	OK	 
USER	Create  Scenario	END	1673439037233
USER	Create  Scenario	START	1673439037294
USER	Create  Scenario	END	1673439037424
REQUEST		Fetch contribution	1673439036294	1673439037425	OK	 
USER	Create  Scenario	START	1673439037495
USER	Create  Scenario	END	1673439037620
REQUEST		Fetch contribution	1673439036494	1673439037629	OK	 
USER	Create  Scenario	START	1673439037695
REQUEST		Fetch contribution	1673439036694	1673439037805	OK	 
USER	Create  Scenario	END	1673439037811
USER	Create  Scenario	START	1673439037895
USER	Create  Scenario	END	1673439038019
REQUEST		Fetch contribution	1673439036894	1673439038038	OK	 
USER	Create  Scenario	START	1673439038095
REQUEST		Fetch contribution	1673439037094	1673439038220	OK	 
USER	Create  Scenario	END	1673439038262
USER	Create  Scenario	START	1673439038295
REQUEST		Fetch contribution	1673439037294	1673439038407	OK	 
USER	Create  Scenario	END	1673439038447
USER	Create  Scenario	START	1673439038494
REQUEST		Fetch contribution	1673439037495	1673439038629	OK	 
USER	Create  Scenario	END	1673439038632
USER	Create  Scenario	START	1673439038694
REQUEST		Fetch contribution	1673439037695	1673439038821	OK	 
USER	Create  Scenario	END	1673439038823
USER	Create  Scenario	START	1673439038894
USER	Create  Scenario	END	1673439039019
REQUEST		Fetch contribution	1673439037895	1673439039030	OK	 
USER	Create  Scenario	START	1673439039094
REQUEST		Fetch contribution	1673439038095	1673439039213	OK	 
USER	Create  Scenario	END	1673439039226
USER	Create  Scenario	START	1673439039294
REQUEST		Fetch contribution	1673439038295	1673439039412	OK	 
USER	Create  Scenario	END	1673439039432
USER	Create  Scenario	START	1673439039495
REQUEST		Fetch contribution	1673439038495	1673439039628	OK	 
USER	Create  Scenario	END	1673439039644
USER	Create  Scenario	START	1673439039694
REQUEST		Fetch contribution	1673439038694	1673439039800	OK	 
USER	Create  Scenario	END	1673439039818
USER	Create  Scenario	START	1673439039895
REQUEST		Fetch contribution	1673439038894	1673439040014	OK	 
USER	Create  Scenario	END	1673439040021
USER	Create  Scenario	START	1673439040095
USER	Create  Scenario	END	1673439040216
REQUEST		Fetch contribution	1673439039094	1673439040231	OK	 
USER	Create  Scenario	START	1673439040295
USER	Create  Scenario	END	1673439040426
REQUEST		Fetch contribution	1673439039295	1673439040426	OK	 
USER	Create  Scenario	START	1673439040494
REQUEST		Fetch contribution	1673439039496	1673439040613	OK	 
USER	Create  Scenario	END	1673439040630
USER	Create  Scenario	START	1673439040694
USER	Create  Scenario	END	1673439040806
REQUEST		Fetch contribution	1673439039695	1673439040814	OK	 
USER	Create  Scenario	START	1673439040894
REQUEST		Fetch contribution	1673439039895	1673439041010	OK	 
USER	Create  Scenario	END	1673439041040
USER	Create  Scenario	START	1673439041094
REQUEST		Fetch contribution	1673439040095	1673439041220	OK	 
USER	Create  Scenario	END	1673439041220
USER	Create  Scenario	START	1673439041294
USER	Create  Scenario	END	1673439041408
REQUEST		Fetch contribution	1673439040295	1673439041424	OK	 
USER	Create  Scenario	START	1673439041494
REQUEST		Fetch contribution	1673439040494	1673439041620	OK	 
USER	Create  Scenario	END	1673439041630
USER	Create  Scenario	START	1673439041694
REQUEST		Fetch contribution	1673439040694	1673439041815	OK	 
USER	Create  Scenario	END	1673439041821
USER	Create  Scenario	START	1673439041894
REQUEST		Fetch contribution	1673439040894	1673439042015	OK	 
USER	Create  Scenario	END	1673439042031
USER	Create  Scenario	START	1673439042094
REQUEST		Fetch contribution	1673439041094	1673439042211	OK	 
USER	Create  Scenario	END	1673439042214
USER	Create  Scenario	START	1673439042294
USER	Create  Scenario	END	1673439042413
REQUEST		Fetch contribution	1673439041294	1673439042415	OK	 
USER	Create  Scenario	START	1673439042495
REQUEST		Fetch contribution	1673439041494	1673439042611	OK	 
USER	Create  Scenario	END	1673439042628
USER	Create  Scenario	START	1673439042695
USER	Create  Scenario	END	1673439042801
REQUEST		Fetch contribution	1673439041694	1673439042842	OK	 
USER	Create  Scenario	START	1673439042895
USER	Create  Scenario	END	1673439043015
REQUEST		Fetch contribution	1673439041894	1673439043030	OK	 
USER	Create  Scenario	START	1673439043095
REQUEST		Fetch contribution	1673439042094	1673439043224	OK	 
USER	Create  Scenario	END	1673439043232
USER	Create  Scenario	START	1673439043295
REQUEST		Fetch contribution	1673439042294	1673439043410	OK	 
USER	Create  Scenario	END	1673439043427
USER	Create  Scenario	START	1673439043495
USER	Create  Scenario	END	1673439043614
REQUEST		Fetch contribution	1673439042495	1673439043636	OK	 
USER	Create  Scenario	START	1673439043695
USER	Create  Scenario	END	1673439043814
REQUEST		Fetch contribution	1673439042695	1673439043843	OK	 
USER	Create  Scenario	START	1673439043895
USER	Create  Scenario	END	1673439044011
REQUEST		Fetch contribution	1673439042895	1673439044030	OK	 
USER	Create  Scenario	START	1673439044095
REQUEST		Fetch contribution	1673439043095	1673439044214	OK	 
USER	Create  Scenario	END	1673439044221
USER	Create  Scenario	START	1673439044295
USER	Create  Scenario	END	1673439044424
REQUEST		Fetch contribution	1673439043295	1673439044432	OK	 
USER	Create  Scenario	START	1673439044495
REQUEST		Fetch contribution	1673439043495	1673439044607	OK	 
USER	Create  Scenario	END	1673439044621
USER	Create  Scenario	START	1673439044696
REQUEST		Fetch contribution	1673439043695	1673439044811	OK	 
USER	Create  Scenario	END	1673439044816
USER	Create  Scenario	START	1673439044895
REQUEST		Fetch contribution	1673439043895	1673439045015	OK	 
USER	Create  Scenario	END	1673439045016
USER	Create  Scenario	START	1673439045095
USER	Create  Scenario	END	1673439045212
REQUEST		Fetch contribution	1673439044095	1673439045251	OK	 
USER	Create  Scenario	START	1673439045295
USER	Create  Scenario	END	1673439045417
REQUEST		Fetch contribution	1673439044295	1673439045448	OK	 
USER	Create  Scenario	START	1673439045494
USER	Create  Scenario	END	1673439045611
REQUEST		Fetch contribution	1673439044495	1673439045651	OK	 
USER	Create  Scenario	START	1673439045694
REQUEST		Fetch contribution	1673439044696	1673439045815	OK	 
USER	Create  Scenario	END	1673439045843
USER	Create  Scenario	START	1673439045894
REQUEST		Fetch contribution	1673439044895	1673439046006	OK	 
USER	Create  Scenario	END	1673439046031
USER	Create  Scenario	START	1673439046094
USER	Create  Scenario	END	1673439046225
REQUEST		Fetch contribution	1673439045095	1673439046240	OK	 
USER	Create  Scenario	START	1673439046294
USER	Create  Scenario	END	1673439046411
REQUEST		Fetch contribution	1673439045295	1673439046411	OK	 
USER	Create  Scenario	START	1673439046494
REQUEST		Fetch contribution	1673439045494	1673439046610	OK	 
USER	Create  Scenario	END	1673439046636
USER	Create  Scenario	START	1673439046694
REQUEST		Fetch contribution	1673439045694	1673439046844	OK	 
USER	Create  Scenario	END	1673439046844
USER	Create  Scenario	START	1673439046894
REQUEST		Fetch contribution	1673439045894	1673439047025	OK	 
USER	Create  Scenario	END	1673439047031
USER	Create  Scenario	START	1673439047094
USER	Create  Scenario	END	1673439047215
REQUEST		Fetch contribution	1673439046094	1673439047232	OK	 
USER	Create  Scenario	START	1673439047294
USER	Create  Scenario	END	1673439047434
REQUEST		Fetch contribution	1673439046294	1673439047438	OK	 
USER	Create  Scenario	START	1673439047494
USER	Create  Scenario	END	1673439047608
REQUEST		Fetch contribution	1673439046494	1673439047627	OK	 
USER	Create  Scenario	START	1673439047694
USER	Create  Scenario	END	1673439047812
REQUEST		Fetch contribution	1673439046694	1673439047818	OK	 
USER	Create  Scenario	START	1673439047894
REQUEST		Fetch contribution	1673439046895	1673439048015	OK	 
USER	Create  Scenario	END	1673439048016
USER	Create  Scenario	START	1673439048094
REQUEST		Fetch contribution	1673439047094	1673439048228	OK	 
USER	Create  Scenario	END	1673439048252
USER	Create  Scenario	START	1673439048294
REQUEST		Fetch contribution	1673439047295	1673439048425	OK	 
USER	Create  Scenario	END	1673439048449
USER	Create  Scenario	START	1673439048494
REQUEST		Fetch contribution	1673439047494	1673439048630	OK	 
USER	Create  Scenario	END	1673439048651
USER	Create  Scenario	START	1673439048694
USER	Create  Scenario	END	1673439048816
REQUEST		Fetch contribution	1673439047694	1673439048821	OK	 
USER	Create  Scenario	START	1673439048895
USER	Create  Scenario	END	1673439049007
REQUEST		Fetch contribution	1673439047895	1673439049018	OK	 
USER	Create  Scenario	START	1673439049095
REQUEST		Fetch contribution	1673439048094	1673439049238	OK	 
USER	Create  Scenario	END	1673439049240
USER	Create  Scenario	START	1673439049295
REQUEST		Fetch contribution	1673439048294	1673439049402	OK	 
USER	Create  Scenario	END	1673439049412
USER	Create  Scenario	START	1673439049494
REQUEST		Fetch contribution	1673439048495	1673439049608	OK	 
USER	Create  Scenario	END	1673439049610
USER	Create  Scenario	START	1673439049694
REQUEST		Fetch contribution	1673439048695	1673439049831	OK	 
USER	Create  Scenario	END	1673439049845
USER	Create  Scenario	START	1673439049894
USER	Create  Scenario	END	1673439050026
REQUEST		Fetch contribution	1673439048895	1673439050052	OK	 
USER	Create  Scenario	START	1673439050094
USER	Create  Scenario	END	1673439050233
REQUEST		Fetch contribution	1673439049095	1673439050250	OK	 
USER	Create  Scenario	START	1673439050294
REQUEST		Fetch contribution	1673439049295	1673439050414	OK	 
USER	Create  Scenario	END	1673439050439
USER	Create  Scenario	START	1673439050494
USER	Create  Scenario	END	1673439050628
REQUEST		Fetch contribution	1673439049495	1673439050646	OK	 
USER	Create  Scenario	START	1673439050694
USER	Create  Scenario	END	1673439050819
REQUEST		Fetch contribution	1673439049695	1673439050868	OK	 
USER	Create  Scenario	START	1673439050894
USER	Create  Scenario	END	1673439051016
REQUEST		Fetch contribution	1673439049895	1673439051056	OK	 
USER	Create  Scenario	START	1673439051094
REQUEST		Fetch contribution	1673439050095	1673439051226	OK	 
USER	Create  Scenario	END	1673439051229
USER	Create  Scenario	START	1673439051294
USER	Create  Scenario	END	1673439051426
REQUEST		Fetch contribution	1673439050295	1673439051443	OK	 
USER	Create  Scenario	START	1673439051494
USER	Create  Scenario	END	1673439051631
REQUEST		Fetch contribution	1673439050494	1673439051657	OK	 
USER	Create  Scenario	START	1673439051695
REQUEST		Fetch contribution	1673439050694	1673439051818	OK	 
USER	Create  Scenario	END	1673439051822
USER	Create  Scenario	START	1673439051895
REQUEST		Fetch contribution	1673439050895	1673439052012	OK	 
USER	Create  Scenario	END	1673439052019
USER	Create  Scenario	START	1673439052095
REQUEST		Fetch contribution	1673439051095	1673439052218	OK	 
USER	Create  Scenario	END	1673439052239
USER	Create  Scenario	START	1673439052295
USER	Create  Scenario	END	1673439052403
REQUEST		Fetch contribution	1673439051295	1673439052430	OK	 
USER	Create  Scenario	START	1673439052495
USER	Create  Scenario	END	1673439052609
REQUEST		Fetch contribution	1673439051495	1673439052610	OK	 
USER	Create  Scenario	START	1673439052695
USER	Create  Scenario	END	1673439052831
REQUEST		Fetch contribution	1673439051695	1673439052833	OK	 
USER	Create  Scenario	START	1673439052895
REQUEST		Fetch contribution	1673439051895	1673439053016	OK	 
USER	Create  Scenario	END	1673439053053
USER	Create  Scenario	START	1673439053095
REQUEST		Fetch contribution	1673439052095	1673439053203	OK	 
USER	Create  Scenario	END	1673439053251
USER	Create  Scenario	START	1673439053295
REQUEST		Fetch contribution	1673439052295	1673439053407	OK	 
USER	Create  Scenario	END	1673439053415
USER	Create  Scenario	START	1673439053494
REQUEST		Fetch contribution	1673439052495	1673439053631	OK	 
USER	Create  Scenario	END	1673439053647
USER	Create  Scenario	START	1673439053694
REQUEST		Fetch contribution	1673439052695	1673439053822	OK	 
USER	Create  Scenario	END	1673439053869
USER	Create  Scenario	START	1673439053894
REQUEST		Fetch contribution	1673439052895	1673439054010	OK	 
USER	Create  Scenario	END	1673439054057
USER	Create  Scenario	START	1673439054094
USER	Create  Scenario	END	1673439054227
REQUEST		Fetch contribution	1673439053095	1673439054235	OK	 
USER	Create  Scenario	START	1673439054294
USER	Create  Scenario	END	1673439054444
REQUEST		Fetch contribution	1673439053295	1673439054445	OK	 
USER	Create  Scenario	START	1673439054494
REQUEST		Fetch contribution	1673439053494	1673439054636	OK	 
USER	Create  Scenario	END	1673439054658
USER	Create  Scenario	START	1673439054694
REQUEST		Fetch contribution	1673439053694	1673439054806	OK	 
USER	Create  Scenario	END	1673439054819
USER	Create  Scenario	START	1673439054894
USER	Create  Scenario	END	1673439055013
REQUEST		Fetch contribution	1673439053895	1673439055020	OK	 
USER	Create  Scenario	START	1673439055094
USER	Create  Scenario	END	1673439055219
REQUEST		Fetch contribution	1673439054094	1673439055263	OK	 
USER	Create  Scenario	START	1673439055294
REQUEST		Fetch contribution	1673439054294	1673439055412	OK	 
USER	Create  Scenario	END	1673439055431
USER	Create  Scenario	START	1673439055494
USER	Create  Scenario	END	1673439055611
REQUEST		Fetch contribution	1673439054495	1673439055624	OK	 
USER	Create  Scenario	START	1673439055694
REQUEST		Fetch contribution	1673439054695	1673439055819	OK	 
USER	Create  Scenario	END	1673439055834
USER	Create  Scenario	START	1673439055894
REQUEST		Fetch contribution	1673439054895	1673439056009	OK	 
USER	Create  Scenario	END	1673439056018
USER	Create  Scenario	START	1673439056094
USER	Create  Scenario	END	1673439056204
REQUEST		Fetch contribution	1673439055095	1673439056235	OK	 
USER	Create  Scenario	START	1673439056294
USER	Create  Scenario	END	1673439056408
REQUEST		Fetch contribution	1673439055295	1673439056408	OK	 
USER	Create  Scenario	START	1673439056495
REQUEST		Fetch contribution	1673439055494	1673439056625	OK	 
USER	Create  Scenario	END	1673439056632
USER	Create  Scenario	START	1673439056695
USER	Create  Scenario	END	1673439056822
REQUEST		Fetch contribution	1673439055694	1673439056833	OK	 
USER	Create  Scenario	START	1673439056895
USER	Create  Scenario	END	1673439057011
REQUEST		Fetch contribution	1673439055895	1673439057052	OK	 
USER	Create  Scenario	START	1673439057095
REQUEST		Fetch contribution	1673439056095	1673439057208	OK	 
USER	Create  Scenario	END	1673439057236
USER	Create  Scenario	START	1673439057295
REQUEST		Fetch contribution	1673439056294	1673439057423	OK	 
USER	Create  Scenario	END	1673439057446
USER	Create  Scenario	START	1673439057495
REQUEST		Fetch contribution	1673439056495	1673439057625	OK	 
USER	Create  Scenario	END	1673439057637
USER	Create  Scenario	START	1673439057695
USER	Create  Scenario	END	1673439057807
REQUEST		Fetch contribution	1673439056695	1673439057825	OK	 
USER	Create  Scenario	START	1673439057895
REQUEST		Fetch contribution	1673439056895	1673439058016	OK	 
USER	Create  Scenario	END	1673439058021
USER	Create  Scenario	START	1673439058095
REQUEST		Fetch contribution	1673439057095	1673439058255	OK	 
USER	Create  Scenario	END	1673439058264
USER	Create  Scenario	START	1673439058295
USER	Create  Scenario	END	1673439058413
REQUEST		Fetch contribution	1673439057295	1673439058424	OK	 
USER	Create  Scenario	START	1673439058494
REQUEST		Fetch contribution	1673439057495	1673439058623	OK	 
USER	Create  Scenario	END	1673439058624
USER	Create  Scenario	START	1673439058694
USER	Create  Scenario	END	1673439058820
REQUEST		Fetch contribution	1673439057695	1673439058823	OK	 
USER	Create  Scenario	START	1673439058895
USER	Create  Scenario	END	1673439059010
REQUEST		Fetch contribution	1673439057895	1673439059025	OK	 
USER	Create  Scenario	START	1673439059096
REQUEST		Fetch contribution	1673439058095	1673439059221	OK	 
USER	Create  Scenario	END	1673439059236
USER	Create  Scenario	END	1673439059409
REQUEST		Fetch contribution	1673439058295	1673439059436	OK	 
USER	Create  Scenario	END	1673439059626
REQUEST		Fetch contribution	1673439058495	1673439059636	OK	 
USER	Create  Scenario	END	1673439059834
REQUEST		Fetch contribution	1673439058695	1673439059836	OK	 
REQUEST		Fetch contribution	1673439058895	1673439060025	OK	 
USER	Create  Scenario	END	1673439060053
USER	Create  Scenario	END	1673439060209
REQUEST		Fetch contribution	1673439059096	1673439060230	OK	 
USER	Create  Scenario	END	1673439060424
USER	Create  Scenario	END	1673439060626
USER	Create  Scenario	END	1673439060826
USER	Create  Scenario	END	1673439061018
USER	Create  Scenario	END	1673439061255
USER	Create  Scenario	END	1673439061424
USER	Create  Scenario	END	1673439061624
USER	Create  Scenario	END	1673439061824
USER	Create  Scenario	END	1673439062026
USER	Create  Scenario	END	1673439062222
USER	Create  Scenario	END	1673439062437
USER	Create  Scenario	END	1673439062638
USER	Create  Scenario	END	1673439062838
USER	Create  Scenario	END	1673439063026
USER	Create  Scenario	END	1673439063231
