RUN	Simulations.Create	create	1672996605948	 	3.5.1
ERROR	my Proposal: Failed to build request: No attribute named 'access_token' is defined 	1672996612135
USER	Create  Scenario	START	1672996612117
ERROR	my Proposal: Failed to build request: No attribute named 'access_token' is defined 	1672996613112
USER	Create  Scenario	START	1672996613112
ERROR	my Proposal: Failed to build request: No attribute named 'access_token' is defined 	1672996614112
USER	Create  Scenario	START	1672996614112
ERROR	my Proposal: Failed to build request: No attribute named 'access_token' is defined 	1672996615112
USER	Create  Scenario	START	1672996615112
USER	Create  Scenario	END	1672996615144
ERROR	my Proposal: Failed to build request: No attribute named 'access_token' is defined 	1672996616112
USER	Create  Scenario	START	1672996616111
USER	Create  Scenario	END	1672996616113
ERROR	my Proposal: Failed to build request: No attribute named 'access_token' is defined 	1672996617112
USER	Create  Scenario	START	1672996617111
USER	Create  Scenario	END	1672996617113
ERROR	my Proposal: Failed to build request: No attribute named 'access_token' is defined 	1672996618112
USER	Create  Scenario	START	1672996618112
USER	Create  Scenario	END	1672996618113
ERROR	my Proposal: Failed to build request: No attribute named 'access_token' is defined 	1672996619112
USER	Create  Scenario	START	1672996619112
USER	Create  Scenario	END	1672996619114
ERROR	my Proposal: Failed to build request: No attribute named 'access_token' is defined 	1672996620112
USER	Create  Scenario	START	1672996620112
USER	Create  Scenario	END	1672996620113
ERROR	my Proposal: Failed to build request: No attribute named 'access_token' is defined 	1672996621112
USER	Create  Scenario	END	1672996621113
USER	Create  Scenario	START	1672996621112
ERROR	my Proposal: Failed to build request: No attribute named 'access_token' is defined 	1672996622112
USER	Create  Scenario	START	1672996622112
USER	Create  Scenario	END	1672996622113
ERROR	my Proposal: Failed to build request: No attribute named 'access_token' is defined 	1672996623112
USER	Create  Scenario	START	1672996623112
USER	Create  Scenario	END	1672996623113
ERROR	my Proposal: Failed to build request: No attribute named 'access_token' is defined 	1672996624112
USER	Create  Scenario	START	1672996624112
USER	Create  Scenario	END	1672996624113
ERROR	my Proposal: Failed to build request: No attribute named 'access_token' is defined 	1672996625111
USER	Create  Scenario	START	1672996625111
USER	Create  Scenario	END	1672996625113
ERROR	my Proposal: Failed to build request: No attribute named 'access_token' is defined 	1672996626112
USER	Create  Scenario	END	1672996626113
USER	Create  Scenario	START	1672996626112
ERROR	my Proposal: Failed to build request: No attribute named 'access_token' is defined 	1672996627112
USER	Create  Scenario	START	1672996627112
USER	Create  Scenario	END	1672996627113
ERROR	my Proposal: Failed to build request: No attribute named 'access_token' is defined 	1672996628112
USER	Create  Scenario	END	1672996628112
USER	Create  Scenario	START	1672996628112
ERROR	my Proposal: Failed to build request: No attribute named 'access_token' is defined 	1672996629111
USER	Create  Scenario	START	1672996629111
USER	Create  Scenario	END	1672996629114
ERROR	my Proposal: Failed to build request: No attribute named 'access_token' is defined 	1672996630112
USER	Create  Scenario	START	1672996630112
USER	Create  Scenario	END	1672996630113
ERROR	my Proposal: Failed to build request: No attribute named 'access_token' is defined 	1672996631112
USER	Create  Scenario	START	1672996631112
USER	Create  Scenario	END	1672996631113
ERROR	my Proposal: Failed to build request: No attribute named 'access_token' is defined 	1672996632112
USER	Create  Scenario	END	1672996632112
USER	Create  Scenario	START	1672996632112
ERROR	my Proposal: Failed to build request: No attribute named 'access_token' is defined 	1672996633112
USER	Create  Scenario	START	1672996633112
USER	Create  Scenario	END	1672996633113
ERROR	my Proposal: Failed to build request: No attribute named 'access_token' is defined 	1672996634112
USER	Create  Scenario	START	1672996634112
USER	Create  Scenario	END	1672996634113
ERROR	my Proposal: Failed to build request: No attribute named 'access_token' is defined 	1672996635111
USER	Create  Scenario	START	1672996635111
USER	Create  Scenario	END	1672996635113
ERROR	my Proposal: Failed to build request: No attribute named 'access_token' is defined 	1672996636112
USER	Create  Scenario	START	1672996636112
USER	Create  Scenario	END	1672996636113
ERROR	my Proposal: Failed to build request: No attribute named 'access_token' is defined 	1672996637112
USER	Create  Scenario	START	1672996637111
USER	Create  Scenario	END	1672996637113
USER	Create  Scenario	END	1672996638112
ERROR	my Proposal: Failed to build request: No attribute named 'access_token' is defined 	1672996638113
USER	Create  Scenario	START	1672996638112
ERROR	my Proposal: Failed to build request: No attribute named 'access_token' is defined 	1672996639112
USER	Create  Scenario	START	1672996639112
USER	Create  Scenario	END	1672996639113
ERROR	my Proposal: Failed to build request: No attribute named 'access_token' is defined 	1672996640112
USER	Create  Scenario	START	1672996640112
USER	Create  Scenario	END	1672996640113
ERROR	my Proposal: Failed to build request: No attribute named 'access_token' is defined 	1672996641112
USER	Create  Scenario	START	1672996641112
USER	Create  Scenario	END	1672996641113
ERROR	my Proposal: Failed to build request: No attribute named 'access_token' is defined 	1672996642111
USER	Create  Scenario	START	1672996642111
USER	Create  Scenario	END	1672996642113
ERROR	my Proposal: Failed to build request: No attribute named 'access_token' is defined 	1672996643112
USER	Create  Scenario	START	1672996643111
USER	Create  Scenario	END	1672996643113
ERROR	my Proposal: Failed to build request: No attribute named 'access_token' is defined 	1672996644112
USER	Create  Scenario	START	1672996644111
USER	Create  Scenario	END	1672996644113
ERROR	my Proposal: Failed to build request: No attribute named 'access_token' is defined 	1672996645112
USER	Create  Scenario	START	1672996645111
USER	Create  Scenario	END	1672996645112
ERROR	my Proposal: Failed to build request: No attribute named 'access_token' is defined 	1672996646112
USER	Create  Scenario	START	1672996646112
USER	Create  Scenario	END	1672996646113
ERROR	my Proposal: Failed to build request: No attribute named 'access_token' is defined 	1672996647112
USER	Create  Scenario	END	1672996647112
USER	Create  Scenario	START	1672996647112
USER	Create  Scenario	END	1672996648112
ERROR	my Proposal: Failed to build request: No attribute named 'access_token' is defined 	1672996648113
USER	Create  Scenario	START	1672996648112
ERROR	my Proposal: Failed to build request: No attribute named 'access_token' is defined 	1672996649112
USER	Create  Scenario	START	1672996649112
USER	Create  Scenario	END	1672996649113
ERROR	my Proposal: Failed to build request: No attribute named 'access_token' is defined 	1672996650111
USER	Create  Scenario	START	1672996650111
USER	Create  Scenario	END	1672996650112
ERROR	my Proposal: Failed to build request: No attribute named 'access_token' is defined 	1672996651112
USER	Create  Scenario	START	1672996651112
USER	Create  Scenario	END	1672996651113
ERROR	my Proposal: Failed to build request: No attribute named 'access_token' is defined 	1672996652112
USER	Create  Scenario	START	1672996652111
USER	Create  Scenario	END	1672996652112
USER	Create  Scenario	END	1672996653113
ERROR	my Proposal: Failed to build request: No attribute named 'access_token' is defined 	1672996653113
USER	Create  Scenario	START	1672996653113
ERROR	my Proposal: Failed to build request: No attribute named 'access_token' is defined 	1672996654112
USER	Create  Scenario	END	1672996654112
USER	Create  Scenario	START	1672996654112
ERROR	my Proposal: Failed to build request: No attribute named 'access_token' is defined 	1672996655112
USER	Create  Scenario	START	1672996655112
USER	Create  Scenario	END	1672996655112
ERROR	my Proposal: Failed to build request: No attribute named 'access_token' is defined 	1672996656112
USER	Create  Scenario	START	1672996656111
USER	Create  Scenario	END	1672996656114
ERROR	my Proposal: Failed to build request: No attribute named 'access_token' is defined 	1672996657112
USER	Create  Scenario	START	1672996657112
USER	Create  Scenario	END	1672996657113
ERROR	my Proposal: Failed to build request: No attribute named 'access_token' is defined 	1672996658112
USER	Create  Scenario	END	1672996658113
USER	Create  Scenario	START	1672996658112
ERROR	my Proposal: Failed to build request: No attribute named 'access_token' is defined 	1672996659112
USER	Create  Scenario	END	1672996659112
USER	Create  Scenario	START	1672996659112
ERROR	my Proposal: Failed to build request: No attribute named 'access_token' is defined 	1672996660112
USER	Create  Scenario	START	1672996660112
USER	Create  Scenario	END	1672996660112
ERROR	my Proposal: Failed to build request: No attribute named 'access_token' is defined 	1672996661112
USER	Create  Scenario	START	1672996661111
USER	Create  Scenario	END	1672996661113
ERROR	my Proposal: Failed to build request: No attribute named 'access_token' is defined 	1672996662112
USER	Create  Scenario	START	1672996662111
USER	Create  Scenario	END	1672996662113
ERROR	my Proposal: Failed to build request: No attribute named 'access_token' is defined 	1672996663111
USER	Create  Scenario	START	1672996663111
USER	Create  Scenario	END	1672996663112
ERROR	my Proposal: Failed to build request: No attribute named 'access_token' is defined 	1672996664112
USER	Create  Scenario	START	1672996664111
USER	Create  Scenario	END	1672996664112
ERROR	my Proposal: Failed to build request: No attribute named 'access_token' is defined 	1672996665112
USER	Create  Scenario	END	1672996665112
USER	Create  Scenario	START	1672996665111
ERROR	my Proposal: Failed to build request: No attribute named 'access_token' is defined 	1672996666112
USER	Create  Scenario	END	1672996666112
USER	Create  Scenario	START	1672996666112
ERROR	my Proposal: Failed to build request: No attribute named 'access_token' is defined 	1672996667112
USER	Create  Scenario	END	1672996667112
USER	Create  Scenario	START	1672996667112
USER	Create  Scenario	END	1672996668112
ERROR	my Proposal: Failed to build request: No attribute named 'access_token' is defined 	1672996668113
USER	Create  Scenario	START	1672996668113
ERROR	my Proposal: Failed to build request: No attribute named 'access_token' is defined 	1672996669112
USER	Create  Scenario	START	1672996669111
USER	Create  Scenario	END	1672996669112
ERROR	my Proposal: Failed to build request: No attribute named 'access_token' is defined 	1672996670112
USER	Create  Scenario	START	1672996670112
USER	Create  Scenario	END	1672996670113
ERROR	my Proposal: Failed to build request: No attribute named 'access_token' is defined 	1672996671111
USER	Create  Scenario	START	1672996671111
USER	Create  Scenario	END	1672996671114
ERROR	my Proposal: Failed to build request: No attribute named 'access_token' is defined 	1672996672112
USER	Create  Scenario	END	1672996672112
USER	Create  Scenario	START	1672996672112
ERROR	my Proposal: Failed to build request: No attribute named 'access_token' is defined 	1672996673112
USER	Create  Scenario	START	1672996673112
USER	Create  Scenario	END	1672996673113
USER	Create  Scenario	END	1672996674112
ERROR	my Proposal: Failed to build request: No attribute named 'access_token' is defined 	1672996674112
USER	Create  Scenario	START	1672996674112
ERROR	my Proposal: Failed to build request: No attribute named 'access_token' is defined 	1672996675112
USER	Create  Scenario	START	1672996675111
USER	Create  Scenario	END	1672996675113
ERROR	my Proposal: Failed to build request: No attribute named 'access_token' is defined 	1672996676112
USER	Create  Scenario	START	1672996676112
USER	Create  Scenario	END	1672996676113
ERROR	my Proposal: Failed to build request: No attribute named 'access_token' is defined 	1672996677112
USER	Create  Scenario	START	1672996677112
USER	Create  Scenario	END	1672996677113
ERROR	my Proposal: Failed to build request: No attribute named 'access_token' is defined 	1672996678112
USER	Create  Scenario	END	1672996678112
USER	Create  Scenario	START	1672996678111
ERROR	my Proposal: Failed to build request: No attribute named 'access_token' is defined 	1672996679112
USER	Create  Scenario	START	1672996679111
USER	Create  Scenario	END	1672996679113
ERROR	my Proposal: Failed to build request: No attribute named 'access_token' is defined 	1672996680112
USER	Create  Scenario	START	1672996680111
USER	Create  Scenario	END	1672996680113
ERROR	my Proposal: Failed to build request: No attribute named 'access_token' is defined 	1672996681112
USER	Create  Scenario	END	1672996681113
USER	Create  Scenario	START	1672996681112
ERROR	my Proposal: Failed to build request: No attribute named 'access_token' is defined 	1672996682112
USER	Create  Scenario	START	1672996682112
USER	Create  Scenario	END	1672996682112
ERROR	my Proposal: Failed to build request: No attribute named 'access_token' is defined 	1672996683112
USER	Create  Scenario	END	1672996683113
USER	Create  Scenario	START	1672996683112
ERROR	my Proposal: Failed to build request: No attribute named 'access_token' is defined 	1672996684112
USER	Create  Scenario	START	1672996684112
USER	Create  Scenario	END	1672996684113
ERROR	my Proposal: Failed to build request: No attribute named 'access_token' is defined 	1672996685112
USER	Create  Scenario	END	1672996685112
USER	Create  Scenario	START	1672996685112
ERROR	my Proposal: Failed to build request: No attribute named 'access_token' is defined 	1672996686112
USER	Create  Scenario	START	1672996686112
USER	Create  Scenario	END	1672996686113
ERROR	my Proposal: Failed to build request: No attribute named 'access_token' is defined 	1672996687112
USER	Create  Scenario	START	1672996687112
USER	Create  Scenario	END	1672996687113
ERROR	my Proposal: Failed to build request: No attribute named 'access_token' is defined 	1672996688112
USER	Create  Scenario	START	1672996688111
USER	Create  Scenario	END	1672996688113
ERROR	my Proposal: Failed to build request: No attribute named 'access_token' is defined 	1672996689112
USER	Create  Scenario	START	1672996689112
USER	Create  Scenario	END	1672996689113
ERROR	my Proposal: Failed to build request: No attribute named 'access_token' is defined 	1672996690111
USER	Create  Scenario	START	1672996690111
USER	Create  Scenario	END	1672996690112
ERROR	my Proposal: Failed to build request: No attribute named 'access_token' is defined 	1672996691113
USER	Create  Scenario	END	1672996691113
USER	Create  Scenario	START	1672996691112
ERROR	my Proposal: Failed to build request: No attribute named 'access_token' is defined 	1672996692112
USER	Create  Scenario	START	1672996692112
USER	Create  Scenario	END	1672996692112
USER	Create  Scenario	END	1672996693112
ERROR	my Proposal: Failed to build request: No attribute named 'access_token' is defined 	1672996693113
USER	Create  Scenario	START	1672996693113
ERROR	my Proposal: Failed to build request: No attribute named 'access_token' is defined 	1672996694112
USER	Create  Scenario	START	1672996694112
USER	Create  Scenario	END	1672996694113
ERROR	my Proposal: Failed to build request: No attribute named 'access_token' is defined 	1672996695112
USER	Create  Scenario	END	1672996695112
USER	Create  Scenario	START	1672996695112
ERROR	my Proposal: Failed to build request: No attribute named 'access_token' is defined 	1672996696112
USER	Create  Scenario	START	1672996696111
USER	Create  Scenario	END	1672996696113
ERROR	my Proposal: Failed to build request: No attribute named 'access_token' is defined 	1672996697111
USER	Create  Scenario	START	1672996697111
USER	Create  Scenario	END	1672996697113
ERROR	my Proposal: Failed to build request: No attribute named 'access_token' is defined 	1672996698112
USER	Create  Scenario	START	1672996698111
USER	Create  Scenario	END	1672996698113
ERROR	my Proposal: Failed to build request: No attribute named 'access_token' is defined 	1672996699112
USER	Create  Scenario	END	1672996699112
USER	Create  Scenario	START	1672996699112
ERROR	my Proposal: Failed to build request: No attribute named 'access_token' is defined 	1672996700112
USER	Create  Scenario	START	1672996700111
USER	Create  Scenario	END	1672996700112
ERROR	my Proposal: Failed to build request: No attribute named 'access_token' is defined 	1672996701112
USER	Create  Scenario	START	1672996701112
USER	Create  Scenario	END	1672996701113
ERROR	my Proposal: Failed to build request: No attribute named 'access_token' is defined 	1672996702112
USER	Create  Scenario	START	1672996702112
USER	Create  Scenario	END	1672996702113
USER	Create  Scenario	END	1672996703112
ERROR	my Proposal: Failed to build request: No attribute named 'access_token' is defined 	1672996703112
USER	Create  Scenario	START	1672996703112
ERROR	my Proposal: Failed to build request: No attribute named 'access_token' is defined 	1672996704112
USER	Create  Scenario	START	1672996704112
USER	Create  Scenario	END	1672996704113
ERROR	my Proposal: Failed to build request: No attribute named 'access_token' is defined 	1672996705112
USER	Create  Scenario	START	1672996705112
USER	Create  Scenario	END	1672996705113
ERROR	my Proposal: Failed to build request: No attribute named 'access_token' is defined 	1672996706112
USER	Create  Scenario	START	1672996706112
USER	Create  Scenario	END	1672996706113
ERROR	my Proposal: Failed to build request: No attribute named 'access_token' is defined 	1672996707111
USER	Create  Scenario	START	1672996707111
USER	Create  Scenario	END	1672996707113
ERROR	my Proposal: Failed to build request: No attribute named 'access_token' is defined 	1672996708112
USER	Create  Scenario	START	1672996708111
USER	Create  Scenario	END	1672996708113
ERROR	my Proposal: Failed to build request: No attribute named 'access_token' is defined 	1672996709111
USER	Create  Scenario	START	1672996709111
USER	Create  Scenario	END	1672996709113
USER	Create  Scenario	END	1672996710112
ERROR	my Proposal: Failed to build request: No attribute named 'access_token' is defined 	1672996710113
USER	Create  Scenario	START	1672996710112
ERROR	my Proposal: Failed to build request: No attribute named 'access_token' is defined 	1672996711112
USER	Create  Scenario	START	1672996711112
USER	Create  Scenario	END	1672996711112
USER	Create  Scenario	END	1672996712112
ERROR	my Proposal: Failed to build request: No attribute named 'access_token' is defined 	1672996712112
USER	Create  Scenario	START	1672996712112
ERROR	my Proposal: Failed to build request: No attribute named 'access_token' is defined 	1672996713111
USER	Create  Scenario	START	1672996713111
USER	Create  Scenario	END	1672996713114
ERROR	my Proposal: Failed to build request: No attribute named 'access_token' is defined 	1672996714112
USER	Create  Scenario	START	1672996714112
USER	Create  Scenario	END	1672996714112
ERROR	my Proposal: Failed to build request: No attribute named 'access_token' is defined 	1672996715112
USER	Create  Scenario	START	1672996715111
USER	Create  Scenario	END	1672996715112
USER	Create  Scenario	END	1672996716112
ERROR	my Proposal: Failed to build request: No attribute named 'access_token' is defined 	1672996716112
USER	Create  Scenario	START	1672996716112
ERROR	my Proposal: Failed to build request: No attribute named 'access_token' is defined 	1672996717112
USER	Create  Scenario	START	1672996717112
USER	Create  Scenario	END	1672996717112
ERROR	my Proposal: Failed to build request: No attribute named 'access_token' is defined 	1672996718112
USER	Create  Scenario	START	1672996718111
USER	Create  Scenario	END	1672996718112
ERROR	my Proposal: Failed to build request: No attribute named 'access_token' is defined 	1672996719112
USER	Create  Scenario	START	1672996719111
USER	Create  Scenario	END	1672996719113
ERROR	my Proposal: Failed to build request: No attribute named 'access_token' is defined 	1672996720112
USER	Create  Scenario	START	1672996720111
USER	Create  Scenario	END	1672996720112
ERROR	my Proposal: Failed to build request: No attribute named 'access_token' is defined 	1672996721111
USER	Create  Scenario	START	1672996721111
USER	Create  Scenario	END	1672996721112
ERROR	my Proposal: Failed to build request: No attribute named 'access_token' is defined 	1672996722111
USER	Create  Scenario	START	1672996722111
USER	Create  Scenario	END	1672996722112
ERROR	my Proposal: Failed to build request: No attribute named 'access_token' is defined 	1672996723112
USER	Create  Scenario	END	1672996723112
USER	Create  Scenario	START	1672996723112
ERROR	my Proposal: Failed to build request: No attribute named 'access_token' is defined 	1672996724112
USER	Create  Scenario	END	1672996724112
USER	Create  Scenario	START	1672996724112
USER	Create  Scenario	END	1672996725112
ERROR	my Proposal: Failed to build request: No attribute named 'access_token' is defined 	1672996725112
USER	Create  Scenario	START	1672996725112
ERROR	my Proposal: Failed to build request: No attribute named 'access_token' is defined 	1672996726112
USER	Create  Scenario	START	1672996726111
USER	Create  Scenario	END	1672996726113
ERROR	my Proposal: Failed to build request: No attribute named 'access_token' is defined 	1672996727112
USER	Create  Scenario	START	1672996727112
USER	Create  Scenario	END	1672996727113
ERROR	my Proposal: Failed to build request: No attribute named 'access_token' is defined 	1672996728112
USER	Create  Scenario	START	1672996728112
USER	Create  Scenario	END	1672996728113
ERROR	my Proposal: Failed to build request: No attribute named 'access_token' is defined 	1672996729112
USER	Create  Scenario	START	1672996729111
USER	Create  Scenario	END	1672996729113
ERROR	my Proposal: Failed to build request: No attribute named 'access_token' is defined 	1672996730113
USER	Create  Scenario	END	1672996730113
USER	Create  Scenario	START	1672996730113
ERROR	my Proposal: Failed to build request: No attribute named 'access_token' is defined 	1672996731111
USER	Create  Scenario	START	1672996731111
USER	Create  Scenario	END	1672996731113
ERROR	my Proposal: Failed to build request: No attribute named 'access_token' is defined 	1672996732112
USER	Create  Scenario	START	1672996732111
USER	Create  Scenario	END	1672996732112
ERROR	my Proposal: Failed to build request: No attribute named 'access_token' is defined 	1672996733111
USER	Create  Scenario	START	1672996733111
USER	Create  Scenario	END	1672996733114
ERROR	my Proposal: Failed to build request: No attribute named 'access_token' is defined 	1672996734112
USER	Create  Scenario	END	1672996734112
USER	Create  Scenario	START	1672996734112
ERROR	my Proposal: Failed to build request: No attribute named 'access_token' is defined 	1672996735112
USER	Create  Scenario	START	1672996735111
USER	Create  Scenario	END	1672996735112
ERROR	my Proposal: Failed to build request: No attribute named 'access_token' is defined 	1672996736111
USER	Create  Scenario	END	1672996736112
USER	Create  Scenario	START	1672996736111
USER	Create  Scenario	END	1672996737112
ERROR	my Proposal: Failed to build request: No attribute named 'access_token' is defined 	1672996737112
USER	Create  Scenario	START	1672996737112
ERROR	my Proposal: Failed to build request: No attribute named 'access_token' is defined 	1672996738112
USER	Create  Scenario	START	1672996738111
USER	Create  Scenario	END	1672996738112
ERROR	my Proposal: Failed to build request: No attribute named 'access_token' is defined 	1672996739112
USER	Create  Scenario	END	1672996739112
USER	Create  Scenario	START	1672996739111
ERROR	my Proposal: Failed to build request: No attribute named 'access_token' is defined 	1672996740112
USER	Create  Scenario	START	1672996740112
USER	Create  Scenario	END	1672996740113
ERROR	