RUN	Simulations.Runner.Runner	runner	1673528218189	 	3.5.1
USER	Create  Scenario	START	1673528224452
USER	Create  Scenario	START	1673528224947
USER	Create  Scenario	START	1673528225448
REQUEST		Reputation	1673528224481	1673528225631	OK	 
USER	Create  Scenario	START	1673528225947
REQUEST		Reputation	1673528224947	1673528226103	OK	 
USER	Create  Scenario	START	1673528226448
REQUEST		Reputation	1673528225449	1673528226638	OK	 
USER	Create  Scenario	START	1673528226947
REQUEST		Reputation	1673528225948	1673528227252	OK	 
USER	Create  Scenario	START	1673528227448
REQUEST		Reputation	1673528226449	1673528227576	OK	 
USER	Create  Scenario	START	1673528227947
REQUEST		Reputation	1673528226948	1673528228113	OK	 
USER	Create  Scenario	START	1673528228448
REQUEST		Reputation	1673528227448	1673528228582	OK	 
REQUEST		Last Contribution	1673528228646	1673528228944	OK	 
USER	Create  Scenario	START	1673528228947
REQUEST		Reputation	1673528227947	1673528229067	OK	 
REQUEST		Last Contribution	1673528229104	1673528229402	OK	 
USER	Create  Scenario	START	1673528229447
REQUEST		Reputation	1673528228448	1673528229594	OK	 
REQUEST		Last Contribution	1673528229639	1673528229937	OK	 
USER	Create  Scenario	START	1673528229946
REQUEST		Reputation	1673528228947	1673528230082	OK	 
USER	Create  Scenario	START	1673528230447
REQUEST		Reputation	1673528229448	1673528230566	OK	 
REQUEST		Last Contribution	1673528230254	1673528230569	OK	 
REQUEST		Last Contribution	1673528230577	1673528230882	OK	 
USER	Create  Scenario	START	1673528230947
REQUEST		Reputation	1673528229947	1673528231078	OK	 
REQUEST		Last Contribution	1673528231114	1673528231406	OK	 
USER	Create  Scenario	START	1673528231447
REQUEST		Reputation	1673528230448	1673528231598	OK	 
REQUEST		Last Contribution	1673528231583	1673528231879	OK	 
USER	Create  Scenario	START	1673528231947
REQUEST		Reputation	1673528230947	1673528232085	OK	 
REQUEST		Reputation Twelve months	1673528231945	1673528232270	OK	 
REQUEST		Last Contribution	1673528232068	1673528232359	OK	 
USER	Create  Scenario	START	1673528232447
REQUEST		Reputation	1673528231448	1673528232578	OK	 
REQUEST		Reputation Twelve months	1673528232403	1673528232707	OK	 
REQUEST		Last Contribution	1673528232595	1673528232891	OK	 
USER	Create  Scenario	START	1673528232946
REQUEST		Reputation	1673528231947	1673528233122	OK	 
REQUEST		Reputation Twelve months	1673528232938	1673528233322	OK	 
REQUEST		Last Contribution	1673528233083	1673528233382	OK	 
USER	Create  Scenario	START	1673528233447
REQUEST		Reputation	1673528232448	1673528233599	OK	 
REQUEST		Last Contribution	1673528233568	1673528233863	OK	 
REQUEST		Reputation Twelve months	1673528233571	1673528233872	OK	 
USER	Create  Scenario	START	1673528233947
REQUEST		Reputation	1673528232947	1673528234080	OK	 
REQUEST		Reputation Twelve months	1673528233883	1673528234191	OK	 
REQUEST		Last Contribution	1673528234080	1673528234373	OK	 
REQUEST		Reputation	1673528233447	1673528234573	OK	 
REQUEST		Reputation Twelve months	1673528234408	1673528234715	OK	 
REQUEST		Last Contribution	1673528234599	1673528234917	OK	 
REQUEST		Reputation	1673528233948	1673528235104	OK	 
REQUEST		Reputation Twelve months	1673528234880	1673528235238	OK	 
REQUEST		Last Contribution	1673528235086	1673528235397	OK	 
REQUEST		Knolder ID	1673528235278	1673528235584	OK	 
REQUEST		Reputation Twelve months	1673528235360	1673528235680	OK	 
REQUEST		Last Contribution	1673528235579	1673528235883	OK	 
REQUEST		Knolder ID	1673528235708	1673528235993	OK	 
REQUEST		Reputation Twelve months	1673528235892	1673528236202	OK	 
REQUEST		Last Contribution	1673528236123	1673528236415	OK	 
REQUEST		Knolder ID	1673528236323	1673528236620	OK	 
REQUEST		Reputation Twelve months	1673528236383	1673528236681	OK	 
REQUEST		Last Contribution	1673528236600	1673528236901	OK	 
REQUEST		Knolder ID	1673528236873	1673528237159	OK	 
REQUEST		Reputation Twelve months	1673528236864	1673528237187	OK	 
REQUEST		Last Contribution	1673528237081	1673528237388	OK	 
REQUEST		Knolder ID	1673528237192	1673528237490	OK	 
REQUEST		Reputation Twelve months	1673528237374	1673528237688	OK	 
REQUEST		Last Contribution	1673528237574	1673528237864	OK	 
REQUEST		Knolder ID	1673528237716	1673528238011	OK	 
REQUEST		Reputation Twelve months	1673528237918	1673528238237	OK	 
REQUEST		Last Contribution	1673528238105	1673528238401	OK	 
REQUEST		Knolder ID	1673528238239	1673528238534	OK	 
REQUEST		Reputation Twelve months	1673528238398	1673528238706	OK	 
REQUEST		Knolder ID	1673528238681	1673528238967	OK	 
REQUEST		Reputation Twelve months	1673528238884	1673528239212	OK	 
REQUEST		Knolder ID	1673528239203	1673528239494	OK	 
REQUEST		Reputation Twelve months	1673528239416	1673528239748	OK	 
REQUEST		Knolder ID	1673528239683	1673528240002	OK	 
REQUEST		Get All Rewards	1673528238585	1673528240021	OK	 
REQUEST		Reputation Twelve months	1673528239902	1673528240250	OK	 
REQUEST		Get All Rewards	1673528238995	1673528240394	OK	 
REQUEST		Knolder ID	1673528240188	1673528240473	OK	 
REQUEST		Reputation Twelve months	1673528240389	1673528240734	OK	 
REQUEST		Knolder ID	1673528240689	1673528240979	OK	 
REQUEST		Get All Rewards	1673528239621	1673528241013	OK	 
REQUEST		Reputation Twelve months	1673528240865	1673528241199	OK	 
REQUEST		Knolder ID	1673528241238	1673528241525	OK	 
REQUEST		Get All Rewards	1673528240160	1673528241552	OK	 
REQUEST		Reputation Twelve months	1673528241402	1673528241715	OK	 
REQUEST		Get All Rewards	1673528240491	1673528241885	OK	 
REQUEST		Knolder ID	1673528241708	1673528241996	OK	 
REQUEST		Knolder ID	1673528242213	1673528242512	OK	 
REQUEST		Get All Rewards	1673528241013	1673528242615	OK	 
USER	Create  Scenario	END	1673528243026
REQUEST		Get All Rewards	1673528241535	1673528243046	OK	 
REQUEST		Knolder ID	1673528242750	1673528243057	OK	 
REQUEST		Get All Rewards	1673528241968	1673528243361	OK	 
USER	Create  Scenario	END	1673528243396
REQUEST		Knolder ID	1673528243252	1673528243543	OK	 
REQUEST		Get All Rewards	1673528242495	1673528243898	OK	 
USER	Create  Scenario	END	1673528244014
REQUEST		Knolder ID	1673528243735	1673528244034	OK	 
REQUEST		Get All Rewards	1673528243003	1673528244402	OK	 
REQUEST		Knolder ID	1673528244200	1673528244486	OK	 
USER	Create  Scenario	END	1673528244553
REQUEST		Get All Rewards	1673528243474	1673528244854	OK	 
USER	Create  Scenario	END	1673528244887
REQUEST		Knolder ID	1673528244717	1673528245016	OK	 
REQUEST		Get All Rewards	1673528243980	1673528245435	OK	 
USER	Create  Scenario	END	1673528245616
USER	Create  Scenario	END	1673528246047
REQUEST		Get All Rewards	1673528244526	1673528246068	OK	 
USER	Create  Scenario	END	1673528246362
REQUEST		Get All Rewards	1673528244998	1673528246625	OK	 
USER	Create  Scenario	END	1673528246899
REQUEST		Get All Rewards	1673528245513	1673528247057	OK	 
USER	Create  Scenario	END	1673528247403
REQUEST		Get All Rewards	1673528246059	1673528247734	OK	 
USER	Create  Scenario	END	1673528247856
REQUEST		Get All Rewards	1673528246544	1673528248345	OK	 
USER	Create  Scenario	END	1673528248437
REQUEST		Get All Rewards	1673528247035	1673528248929	OK	 
REQUEST		Get All Rewards	1673528247487	1673528248991	OK	 
USER	Create  Scenario	END	1673528249070
USER	Create  Scenario	END	1673528249626
REQUEST		Get All Rewards	1673528248017	1673528249882	OK	 
USER	Create  Scenario	END	1673528250059
USER	Create  Scenario	END	1673528250735
USER	Create  Scenario	END	1673528251346
USER	Create  Scenario	END	1673528251931
USER	Create  Scenario	END	1673528251992
USER	Create  Scenario	END	1673528252884
