RUN	Simulations.Create	create	1672997202223	 	3.5.1
USER	Create  Scenario	START	1672997208448
REQUEST		Get access token	1672997208471	1672997209104	OK	 
USER	Create  Scenario	START	1672997209440
REQUEST		Get access token	1672997209441	1672997210189	OK	 
REQUEST		Get access token Redirect 1	1672997209118	1672997210372	KO	status.find.in(200,201,202,203,204,205,206,207,208,209,304), found 400
USER	Create  Scenario	END	1672997210419
USER	Create  Scenario	START	1672997210441
REQUEST		Get access token	1672997210441	1672997211107	OK	 
REQUEST		Get access token Redirect 1	1672997210190	1672997211108	KO	status.find.in(200,201,202,203,204,205,206,207,208,209,304), found 400
USER	Create  Scenario	END	1672997211110
USER	Create  Scenario	START	1672997211441
REQUEST		Get access token	1672997211442	1672997212016	OK	 
REQUEST		Get access token Redirect 1	1672997211108	1672997212017	KO	status.find.in(200,201,202,203,204,205,206,207,208,209,304), found 400
USER	Create  Scenario	END	1672997212019
USER	Create  Scenario	START	1672997212441
REQUEST		Get access token Redirect 1	1672997212016	1672997212933	KO	status.find.in(200,201,202,203,204,205,206,207,208,209,304), found 400
USER	Create  Scenario	END	1672997212935
REQUEST		Get access token	1672997212442	1672997213039	OK	 
USER	Create  Scenario	START	1672997213441
REQUEST		Get access token Redirect 1	1672997213040	1672997213976	KO	status.find.in(200,201,202,203,204,205,206,207,208,209,304), found 400
USER	Create  Scenario	END	1672997213978
REQUEST		Get access token	1672997213441	1672997214056	OK	 
USER	Create  Scenario	START	1672997214441
REQUEST		Get access token Redirect 1	1672997214057	1672997214999	KO	status.find.in(200,201,202,203,204,205,206,207,208,209,304), found 400
USER	Create  Scenario	END	1672997215001
REQUEST		Get access token	1672997214442	1672997215033	OK	 
USER	Create  Scenario	START	1672997215441
REQUEST		Get access token Redirect 1	1672997215034	1672997215903	KO	status.find.in(200,201,202,203,204,205,206,207,208,209,304), found 400
USER	Create  Scenario	END	1672997215905
REQUEST		Get access token	1672997215442	1672997216071	OK	 
USER	Create  Scenario	START	1672997216441
REQUEST		Get access token	1672997216441	1672997217020	OK	 
REQUEST		Get access token Redirect 1	1672997216072	1672997217022	KO	status.find.in(200,201,202,203,204,205,206,207,208,209,304), found 400
USER	Create  Scenario	END	1672997217024
USER	Create  Scenario	START	1672997217440
REQUEST		Get access token Redirect 1	1672997217021	1672997217951	KO	status.find.in(200,201,202,203,204,205,206,207,208,209,304), found 400
USER	Create  Scenario	END	1672997217953
REQUEST		Get access token	1672997217441	1672997218016	OK	 
USER	Create  Scenario	START	1672997218441
REQUEST		Get access token Redirect 1	1672997218017	1672997218882	KO	status.find.in(200,201,202,203,204,205,206,207,208,209,304), found 400
USER	Create  Scenario	END	1672997218884
REQUEST		Get access token	1672997218442	1672997219078	OK	 
USER	Create  Scenario	START	1672997219441
REQUEST		Get access token Redirect 1	1672997219079	1672997220001	KO	status.find.in(200,201,202,203,204,205,206,207,208,209,304), found 400
USER	Create  Scenario	END	1672997220003
REQUEST		Get access token	1672997219441	1672997220018	OK	 
USER	Create  Scenario	START	1672997220441
REQUEST		Get access token Redirect 1	1672997220018	1672997220937	KO	status.find.in(200,201,202,203,204,205,206,207,208,209,304), found 400
USER	Create  Scenario	END	1672997220939
REQUEST		Get access token	1672997220442	1672997221027	OK	 
USER	Create  Scenario	START	1672997221441
REQUEST		Get access token Redirect 1	1672997221027	1672997222072	KO	status.find.in(200,201,202,203,204,205,206,207,208,209,304), found 400
USER	Create  Scenario	END	1672997222074
REQUEST		Get access token	1672997221442	1672997222076	OK	 
USER	Create  Scenario	START	1672997222441
REQUEST		Get access token Redirect 1	1672997222076	1672997222958	KO	status.find.in(200,201,202,203,204,205,206,207,208,209,304), found 400
USER	Create  Scenario	END	1672997222959
REQUEST		Get access token	1672997222442	1672997223018	OK	 
USER	Create  Scenario	START	1672997223440
REQUEST		Get access token Redirect 1	1672997223019	1672997223905	KO	status.find.in(200,201,202,203,204,205,206,207,208,209,304), found 400
USER	Create  Scenario	END	1672997223906
REQUEST		Get access token	1672997223441	1672997224086	OK	 
USER	Create  Scenario	START	1672997224441
REQUEST		Get access token Redirect 1	1672997224087	1672997224968	KO	status.find.in(200,201,202,203,204,205,206,207,208,209,304), found 400
USER	Create  Scenario	END	1672997224969
REQUEST		Get access token	1672997224442	1672997225023	OK	 
USER	Create  Scenario	START	1672997225441
REQUEST		Get access token Redirect 1	1672997225023	1672997225953	KO	status.find.in(200,201,202,203,204,205,206,207,208,209,304), found 400
USER	Create  Scenario	END	1672997225956
REQUEST		Get access token	1672997225441	1672997226017	OK	 
USER	Create  Scenario	START	1672997226441
REQUEST		Get access token Redirect 1	1672997226018	1672997226982	KO	status.find.in(200,201,202,203,204,205,206,207,208,209,304), found 400
USER	Create  Scenario	END	1672997226984
REQUEST		Get access token	1672997226441	1672997227042	OK	 
USER	Create  Scenario	START	1672997227441
REQUEST		Get access token	1672997227441	1672997228106	OK	 
REQUEST		Get access token Redirect 1	1672997227043	1672997228106	KO	status.find.in(200,201,202,203,204,205,206,207,208,209,304), found 400
USER	Create  Scenario	END	1672997228108
USER	Create  Scenario	START	1672997228441
REQUEST		Get access token	1672997228441	1672997229233	OK	 
REQUEST		Get access token Redirect 1	1672997228107	1672997229233	KO	status.find.in(200,201,202,203,204,205,206,207,208,209,304), found 400
USER	Create  Scenario	END	1672997229235
USER	Create  Scenario	START	1672997229441
REQUEST		Get access token	1672997229441	1672997230060	OK	 
REQUEST		Get access token Redirect 1	1672997229234	1672997230100	KO	status.find.in(200,201,202,203,204,205,206,207,208,209,304), found 400
USER	Create  Scenario	END	1672997230102
USER	Create  Scenario	START	1672997230441
REQUEST		Get access token	1672997230442	1672997231032	OK	 
REQUEST		Get access token Redirect 1	1672997230060	1672997231061	KO	status.find.in(200,201,202,203,204,205,206,207,208,209,304), found 400
USER	Create  Scenario	END	1672997231062
USER	Create  Scenario	START	1672997231440
REQUEST		Get access token Redirect 1	1672997231033	1672997231998	KO	status.find.in(200,201,202,203,204,205,206,207,208,209,304), found 400
USER	Create  Scenario	END	1672997232000
REQUEST		Get access token	1672997231441	1672997232010	OK	 
USER	Create  Scenario	START	1672997232441
REQUEST		Get access token Redirect 1	1672997232010	1672997232900	KO	status.find.in(200,201,202,203,204,205,206,207,208,209,304), found 400
USER	Create  Scenario	END	1672997232902
REQUEST		Get access token	1672997232441	1672997233135	OK	 
USER	Create  Scenario	START	1672997233441
REQUEST		Get access token	1672997233441	1672997234251	OK	 
REQUEST		Get access token Redirect 1	1672997233136	1672997234251	KO	status.find.in(200,201,202,203,204,205,206,207,208,209,304), found 400
USER	Create  Scenario	END	1672997234252
USER	Create  Scenario	START	1672997234440
REQUEST		Get access token	1672997234441	1672997235273	OK	 
REQUEST		Get access token Redirect 1	1672997234251	1672997235274	KO	status.find.in(200,201,202,203,204,205,206,207,208,209,304), found 400
USER	Create  Scenario	END	1672997235275
USER	Create  Scenario	START	1672997235441
REQUEST		Get access token	1672997235441	1672997236033	OK	 
REQUEST		Get access token Redirect 1	1672997235273	1672997236205	KO	status.find.in(200,201,202,203,204,205,206,207,208,209,304), found 400
USER	Create  Scenario	END	1672997236207
USER	Create  Scenario	START	1672997236440
REQUEST		Get access token Redirect 1	1672997236033	1672997236966	KO	status.find.in(200,201,202,203,204,205,206,207,208,209,304), found 400
USER	Create  Scenario	END	1672997236968
REQUEST		Get access token	1672997236441	1672997237023	OK	 
USER	Create  Scenario	START	1672997237441
REQUEST		Get access token Redirect 1	1672997237024	1672997237980	KO	