RUN	Simulations.Create	create	1673338543883	 	3.5.1
USER	Create  Scenario	START	1673338549812
USER	Create  Scenario	START	1673338550055
USER	Create  Scenario	START	1673338550305
USER	Create  Scenario	START	1673338550556
REQUEST		Edit Proposal	1673338549833	1673338550787	OK	 
USER	Create  Scenario	START	1673338550806
REQUEST		Edit Proposal	1673338550056	1673338551021	OK	 
USER	Create  Scenario	START	1673338551055
REQUEST		Edit Proposal	1673338550306	1673338551273	OK	 
USER	Create  Scenario	START	1673338551305
REQUEST		Edit Proposal	1673338550557	1673338551497	OK	 
USER	Create  Scenario	START	1673338551555
REQUEST		Edit Proposal	1673338550807	1673338551742	OK	 
USER	Create  Scenario	START	1673338551806
USER	Create  Scenario	START	1673338552055
REQUEST		Edit Proposal	1673338551055	1673338552062	OK	 
REQUEST		Edit Proposal	1673338551306	1673338552303	OK	 
USER	Create  Scenario	START	1673338552306
USER	Create  Scenario	START	1673338552557
REQUEST		Edit Proposal	1673338551556	1673338552577	OK	 
REQUEST		Edit Proposal	1673338551807	1673338552776	OK	 
USER	Create  Scenario	START	1673338552807
REQUEST		Edit Proposal	1673338552056	1673338552977	OK	 
USER	Create  Scenario	START	1673338553055
USER	Create  Scenario	START	1673338553305
REQUEST		Edit Proposal	1673338552306	1673338553326	OK	 
REQUEST		Edit Proposal	1673338552557	1673338553511	OK	 
USER	Create  Scenario	START	1673338553555
USER	Create  Scenario	END	1673338553801
USER	Create  Scenario	START	1673338553805
REQUEST		Edit Proposal	1673338552808	1673338553825	OK	 
USER	Create  Scenario	END	1673338554023
REQUEST		Edit Proposal	1673338553056	1673338554050	OK	 
USER	Create  Scenario	START	1673338554055
USER	Create  Scenario	END	1673338554274
USER	Create  Scenario	START	1673338554305
REQUEST		Edit Proposal	1673338553306	1673338554309	OK	 
USER	Create  Scenario	END	1673338554499
REQUEST		Edit Proposal	1673338553556	1673338554502	OK	 
USER	Create  Scenario	START	1673338554556
USER	Create  Scenario	END	1673338554744
REQUEST		Edit Proposal	1673338553806	1673338554752	OK	 
USER	Create  Scenario	START	1673338554806
REQUEST		Edit Proposal	1673338554055	1673338555016	OK	 
USER	Create  Scenario	START	1673338555054
USER	Create  Scenario	END	1673338555063
REQUEST		Edit Proposal	1673338554306	1673338555279	OK	 
USER	Create  Scenario	START	1673338555305
USER	Create  Scenario	END	1673338555307
REQUEST		Edit Proposal	1673338554556	1673338555522	OK	 
USER	Create  Scenario	START	1673338555555
USER	Create  Scenario	END	1673338555579
USER	Create  Scenario	END	1673338555778
USER	Create  Scenario	START	1673338555805
REQUEST		Edit Proposal	1673338554807	1673338555809	OK	 
REQUEST		Edit Proposal	1673338555055	1673338555976	OK	 
USER	Create  Scenario	END	1673338555978
USER	Create  Scenario	START	1673338556055
USER	Create  Scenario	START	1673338556306
REQUEST		Edit Proposal	1673338555305	1673338556309	OK	 
USER	Create  Scenario	END	1673338556327
USER	Create  Scenario	END	1673338556513
USER	Create  Scenario	START	1673338556556
REQUEST		Edit Proposal	1673338555556	1673338556573	OK	 
REQUEST		Edit Proposal	1673338555806	1673338556736	OK	 
USER	Create  Scenario	START	1673338556806
USER	Create  Scenario	END	1673338556827
REQUEST		Edit Proposal	1673338556056	1673338556972	OK	 
USER	Create  Scenario	END	1673338557052
USER	Create  Scenario	START	1673338557055
REQUEST		Edit Proposal	1673338556306	1673338557232	OK	 
USER	Create  Scenario	START	1673338557305
USER	Create  Scenario	END	1673338557311
REQUEST		Edit Proposal	1673338556556	1673338557491	OK	 
USER	Create  Scenario	END	1673338557504
USER	Create  Scenario	START	1673338557555
REQUEST		Edit Proposal	1673338556807	1673338557720	OK	 
USER	Create  Scenario	END	1673338557754
USER	Create  Scenario	START	1673338557805
REQUEST		Edit Proposal	1673338557055	1673338557981	OK	 
USER	Create  Scenario	END	1673338558018
USER	Create  Scenario	START	1673338558054
REQUEST		Edit Proposal	1673338557305	1673338558262	OK	 
USER	Create  Scenario	END	1673338558280
USER	Create  Scenario	START	1673338558305
USER	Create  Scenario	END	1673338558523
USER	Create  Scenario	START	1673338558555
REQUEST		Edit Proposal	1673338557556	1673338558617	OK	 
REQUEST		Edit Proposal	1673338557806	1673338558772	OK	 
USER	Create  Scenario	START	1673338558805
USER	Create  Scenario	END	1673338558810
USER	Create  Scenario	END	1673338558977
USER	Create  Scenario	START	1673338559054
REQUEST		Edit Proposal	1673338558055	1673338559234	OK	 
USER	Create  Scenario	START	1673338559305
USER	Create  Scenario	END	1673338559311
REQUEST		Edit Proposal	1673338558305	1673338559450	OK	 
USER	Create  Scenario	START	1673338559555
USER	Create  Scenario	END	1673338559575
REQUEST		Edit Proposal	1673338558555	1673338559617	OK	 
USER	Create  Scenario	END	1673338559737
USER	Create  Scenario	START	1673338559805
REQUEST		Edit Proposal	1673338558805	1673338559962	OK	 
USER	Create  Scenario	END	1673338559973
USER	Create  Scenario	START	1673338560055
REQUEST		Edit Proposal	1673338559055	1673338560101	OK	 
USER	Create  Scenario	END	1673338560233
REQUEST		Edit Proposal	1673338559305	1673338560296	OK	 
USER	Create  Scenario	START	1673338560305
USER	Create  Scenario	END	1673338560492
REQUEST		Edit Proposal	1673338559555	1673338560521	OK	 
USER	Create  Scenario	START	1673338560555
USER	Create  Scenario	END	1673338560721
REQUEST		Edit Proposal	1673338559805	1673338560767	OK	 
USER	Create  Scenario	START	1673338560805
USER	Create  Scenario	END	1673338560983
REQUEST		Edit Proposal	1673338560055	1673338561056	OK	 
USER	Create  Scenario	START	1673338561055
REQUEST		Edit Proposal	1673338560305	1673338561243	OK	 
USER	Create  Scenario	END	1673338561264
USER	Create  Scenario	START	1673338561305
REQUEST		Edit Proposal	1673338560556	1673338561498	OK	 
USER	Create  Scenario	START	1673338561555
USER	Create  Scenario	END	1673338561618
REQUEST		Edit Proposal	1673338560806	1673338561765	OK	 
USER	Create  Scenario	END	1673338561774
USER	Create  Scenario	START	1673338561805
REQUEST		Edit Proposal	1673338561055	1673338562031	OK	 
USER	Create  Scenario	START	1673338562055
USER	Create  Scenario	END	1673338562236
REQUEST		Edit Proposal	1673338561305	1673338562296	OK	 
USER	Create  Scenario	START	1673338562305
USER	Create  Scenario	END	1673338562452
USER	Create  Scenario	START	1673338562555
USER	Create  Scenario	END	1673338562619
REQUEST		Edit Proposal	1673338561555	1673338562706	OK	 
REQUEST		Edit Proposal	1673338561805	1673338562780	OK	 
USER	Create  Scenario	START	1673338562805
USER	Create  Scenario	END	1673338562963
USER	Create  Scenario	START	1673338563055
REQUEST		Edit Proposal	1673338562055	1673338563069	OK	 
USER	Create  Scenario	END	1673338563102
REQUEST		Edit Proposal	1673338562305	1673338563251	OK	 
USER	Create  Scenario	END	1673338563297
USER	Create  Scenario	START	1673338563305
USER	Create  Scenario	END	1673338563522
REQUEST		Edit Proposal	1673338562555	1673338563550	OK	 
USER	Create  Scenario	START	1673338563555
USER	Create  Scenario	END	1673338563769
REQUEST		Edit Proposal	1673338562805	1673338563788	OK	 
USER	Create  Scenario	START	1673338563804
REQUEST		Edit Proposal	1673338563055	1673338564001	OK	 
USER	Create  Scenario	START	1673338564055
USER	Create  Scenario	END	1673338564057
USER	Create  Scenario	END	1673338564244
REQUEST		Edit Proposal	1673338563305	1673338564266	OK	 
USER	Create  Scenario	START	1673338564305
USER	Create  Scenario	END	1673338564499
REQUEST		Edit Proposal	1673338563555	1673338564535	OK	 
USER	Create  Scenario	START	1673338564555
REQUEST		Edit Proposal	1673338563805	1673338564751	OK	 
USER	Create  Scenario	END	1673338564766
USER	Create  Scenario	START	1673338564805
REQUEST		Edit Proposal	1673338564055	1673338565006	OK	 
USER	Create  Scenario	END	1673338565032
USER	Create  Scenario	START	1673338565054
REQUEST		Edit Proposal	1673338564305	1673338565216	OK	 
USER	Create  Scenario	END	1673338565297
USER	Create  Scenario	START	1673338565305
REQUEST		Edit Proposal	1673338564556	1673338565515	OK	 
USER	Create  Scenario	START	1673338565555
USER	Create  Scenario	END	1673338565708
USER	Create  Scenario	END	1673338565782
REQUEST		Edit Proposal	1673338564806	1673338565792	OK	 
USER	Create  Scenario	START	1673338565805
REQUEST		Edit Proposal	1673338565055	1673338566049	OK	 
USER	Create  Scenario	START	1673338566055
USER	Create  Scenario	END	1673338566070
USER	Create  Scenario	END	1673338566253
REQUEST		Edit Proposal	1673338565305	1673338566277	OK	 
USER	Create  Scenario	START	1673338566305
REQUEST		Edit Proposal	1673338565556	1673338566546	OK	 
USER	Create  Scenario	END	1673338566551
USER	Create  Scenario	START	1673338566555
REQUEST		Edit Proposal	1673338565805	1673338566788	OK	 
USER	Create  Scenario	END	1673338566789
USER	Create  Scenario	START	1673338566805
USER	Create  Scenario	END	1673338567002
REQUEST		Edit Proposal	1673338566055	1673338567003	OK	 
USER	Create  Scenario	START	1673338567055
USER	Create  Scenario	END	1673338567267
REQUEST		Edit Proposal	1673338566305	1673338567280	OK	 
USER	Create  Scenario	START	1673338567305
REQUEST		Edit Proposal	1673338566555	1673338567484	OK	 
USER	Create  Scenario	END	1673338567537
USER	Create  Scenario	START	1673338567555
USER	Create  Scenario	END	1673338567753
REQUEST		Edit Proposal	1673338566806	1673338567795	OK	 
USER	Create  Scenario	START	1673338567805
USER	Create  Scenario	END	1673338568007
REQUEST		Edit Proposal	1673338567055	1673338568020	OK	 
USER	Create  Scenario	START	1673338568054
USER	Create  Scenario	END	1673338568217
REQUEST		Edit Proposal	1673338567305	1673338568225	OK	 
USER	Create  Scenario	START	1673338568304
USER	Create  Scenario	END	1673338568517
REQUEST		Edit Proposal	1673338567555	1673338568534	OK	 
USER	Create  Scenario	START	1673338568555
REQUEST		Edit Proposal	1673338567805	1673338568758	OK	 
USER	Create  Scenario	END	1673338568793
USER	Create  Scenario	START	1673338568804
REQUEST		Edit Proposal	1673338568055	1673338569015	OK	 
USER	Create  Scenario	END	1673338569050
USER	Create  Scenario	START	1673338569054
REQUEST		Edit Proposal	1673338568305	1673338569274	OK	 
USER	Create  Scenario	END	1673338569279
USER	Create  Scenario	START	1673338569304
REQUEST		Edit Proposal	1673338568555	1673338569485	OK	 
USER	Create  Scenario	END	1673338569547
USER	Create  Scenario	START	1673338569554
REQUEST		Edit Proposal	1673338568804	1673338569726	OK	 
USER	Create  Scenario	END	1673338569789
USER	Create  Scenario	START	1673338569804
REQUEST		Edit Proposal	1673338569055	1673338569949	OK	 
USER	Create  Scenario	END	1673338570004
USER	Create  Scenario	START	1673338570055
REQUEST		Edit Proposal	1673338569305	1673338570215	OK	 
USER	Create  Scenario	END	1673338570282
USER	Create  Scenario	START	1673338570305
REQUEST		Edit Proposal	1673338569555	1673338570473	OK	 
USER	Create  Scenario	END	1673338570485
USER	Create  Scenario	START	1673338570555
REQUEST		Edit Proposal	1673338569805	1673338570696	OK	 
USER	Create  Scenario	END	1673338570796
USER	Create  Scenario	START	1673338570805
REQUEST		Edit Proposal	1673338570055	1673338571013	OK	 
USER	Create  Scenario	END	1673338571021
USER	Create  Scenario	START	1673338571055
USER	Create  Scenario	END	1673338571226
REQUEST		Edit Proposal	1673338570305	1673338571243	OK	 
USER	Create  Scenario	START	1673338571305
USER	Create  Scenario	END	1673338571535
USER	Create  Scenario	START	1673338571555
REQUEST		Edit Proposal	1673338570555	1673338571611	OK	 
REQUEST		Edit Proposal	1673338570806	1673338571744	OK	 
USER	Create  Scenario	END	1673338571759
USER	Create  Scenario	START	1673338571805
USER	Create  Scenario	END	1673338572017
REQUEST		Edit Proposal	1673338571055	1673338572043	OK	 
USER	Create  Scenario	START	1673338572054
USER	Create  Scenario	END	1673338572275
USER	Create  Scenario	START	1673338572305
REQUEST		Edit Proposal	1673338571305	1673338572316	OK	 
USER	Create  Scenario	END	1673338572486
REQUEST		Edit Proposal	1673338571555	1673338572547	OK	 
USER	Create  Scenario	START	1673338572555
USER	Create  Scenario	END	1673338572728
USER	Create  Scenario	START	1673338572805
REQUEST		Edit Proposal	1673338571805	1673338572833	OK	 
USER	Create  Scenario	END	1673338572950
REQUEST		Edit Proposal	1673338572055	1673338573019	OK	 
USER	Create  Scenario	START	1673338573054
USER	Create  Scenario	END	1673338573217
USER	Create  Scenario	START	1673338573304
REQUEST		Edit Proposal	1673338572305	1673338573339	OK	 
USER	Create  Scenario	END	1673338573474
USER	Create  Scenario	START	1673338573554
REQUEST		Edit Proposal	1673338572555	1673338573578	OK	 
USER	Create  Scenario	END	1673338573697
USER	Create  Scenario	START	1673338573804
REQUEST		Edit Proposal	1673338572805	1673338573842	OK	 
REQUEST		Edit Proposal	1673338573055	1673338573995	OK	 
USER	Create  Scenario	END	1673338574015
USER	Create  Scenario	START	1673338574055
USER	Create  Scenario	END	1673338574245
USER	Create  Scenario	START	1673338574305
REQUEST		Edit Proposal	1673338573305	1673338574391	OK	 
USER	Create  Scenario	START	1673338574555
USER	Create  Scenario	END	1673338574613
USER	Create  Scenario	END	1673338574746
REQUEST		Edit Proposal	1673338573555	1673338574799	OK	 
USER	Create  Scenario	START	1673338574805
REQUEST		Edit Proposal	1673338573805	1673338575001	OK	 
USER	Create  Scenario	END	1673338575045
USER	Create  Scenario	START	1673338575055
REQUEST		Edit Proposal	1673338574056	1673338575207	OK	 
USER	Create  Scenario	START	1673338575305
USER	Create  Scenario	END	1673338575317
REQUEST		Edit Proposal	1673338574305	1673338575413	OK	 
USER	Create  Scenario	END	1673338575548
USER	Create  Scenario	START	1673338575555
REQUEST		Edit Proposal	1673338574556	1673338575616	OK	 
USER	Create  Scenario	START	1673338575805
USER	Create  Scenario	END	1673338575834
USER	Create  Scenario	END	1673338576020
REQUEST		Edit Proposal	1673338574806	1673338576027	OK	 
USER	Create  Scenario	START	1673338576055
REQUEST		Edit Proposal	1673338575056	1673338576232	OK	 
USER	Create  Scenario	START	1673338576305
USER	Create  Scenario	END	1673338576340
REQUEST		Edit Proposal	1673338575306	1673338576442	OK	 
USER	Create  Scenario	START	1673338576555
USER	Create  Scenario	END	1673338576579
REQUEST		Edit Proposal	1673338575556	1673338576642	OK	 
USER	Create  Scenario	START	1673338576805
USER	Create  Scenario	END	1673338576843
REQUEST		Edit Proposal	1673338575806	1673338576859	OK	 
USER	Create  Scenario	END	1673338576996
USER	Create  Scenario	START	1673338577055
REQUEST		Edit Proposal	1673338576055	1673338577186	OK	 
REQUEST		Edit Proposal	1673338576305	1673338577240	OK	 
USER	Create  Scenario	START	1673338577305
USER	Create  Scenario	END	1673338577392
REQUEST		Edit Proposal	1673338576555	1673338577526	OK	 
USER	Create  Scenario	START	1673338577555
USER	Create  Scenario	END	1673338577800
USER	Create  Scenario	START	1673338577805
REQUEST		Edit Proposal	1673338576805	1673338577812	OK	 
USER	Create  Scenario	END	1673338578003
REQUEST		Edit Proposal	1673338577055	1673338578049	OK	 
USER	Create  Scenario	START	1673338578054
USER	Create  Scenario	END	1673338578208
REQUEST		Edit Proposal	1673338577305	1673338578246	OK	 
USER	Create  Scenario	START	1673338578305
USER	Create  Scenario	END	1673338578414
REQUEST		Edit Proposal	1673338577556	1673338578522	OK	 
USER	Create  Scenario	START	1673338578555
USER	Create  Scenario	END	1673338578617
REQUEST		Edit Proposal	1673338577805	1673338578755	OK	 
USER	Create  Scenario	START	1673338578805
USER	Create  Scenario	END	1673338579029
REQUEST		Edit Proposal	1673338578055	1673338579039	OK	 
USER	Create  Scenario	START	1673338579055
USER	Create  Scenario	END	1673338579233
REQUEST		Edit Proposal	1673338578305	1673338579253	OK	 
USER	Create  Scenario	START	1673338579305
USER	Create  Scenario	END	1673338579443
REQUEST		Edit Proposal	1673338578555	1673338579484	OK	 
USER	Create  Scenario	START	1673338579555
USER	Create  Scenario	END	1673338579643
REQUEST		Edit Proposal	1673338578805	1673338579762	OK	 
USER	Create  Scenario	START	1673338579805
USER	Create  Scenario	END	1673338579860
REQUEST		Edit Proposal	1673338579055	1673338579963	OK	 
USER	Create  Scenario	START	1673338580055
USER	Create  Scenario	END	1673338580187
USER	Create  Scenario	END	1673338580241
REQUEST		Edit Proposal	1673338579306	1673338580296	OK	 
USER	Create  Scenario	START	1673338580305
USER	Create  Scenario	END	1673338580527
USER	Create  Scenario	START	1673338580555
REQUEST		Edit Proposal	1673338579556	1673338580580	OK	 
REQUEST		Edit Proposal	1673338579806	1673338580781	OK	 
USER	Create  Scenario	START	1673338580805
USER	Create  Scenario	END	1673338580814
USER	Create  Scenario	END	1673338581050
USER	Create  Scenario	START	1673338581055
REQUEST		Edit Proposal	1673338580055	1673338581067	OK	 
USER	Create  Scenario	END	1673338581247
REQUEST		Edit Proposal	1673338580305	1673338581302	OK	 
USER	Create  Scenario	START	1673338581305
USER	Create  Scenario	END	1673338581524
USER	Create  Scenario	START	1673338581555
REQUEST		Edit Proposal	1673338580556	1673338581558	OK	 
REQUEST		Edit Proposal	1673338580806	1673338581737	OK	 
USER	Create  Scenario	END	1673338581756
USER	Create  Scenario	START	1673338581805
REQUEST		Edit Proposal	1673338581056	1673338581999	OK	 
USER	Create  Scenario	END	1673338582040
USER	Create  Scenario	START	1673338582055
USER	Create  Scenario	END	1673338582254
USER	Create  Scenario	START	1673338582305
REQUEST		Edit Proposal	1673338581305	1673338582320	OK	 
USER	Create  Scenario	END	1673338582485
REQUEST		Edit Proposal	1673338581556	1673338582514	OK	 
USER	Create  Scenario	START	1673338582555
USER	Create  Scenario	END	1673338582763
REQUEST		Edit Proposal	1673338581806	1673338582776	OK	 
USER	Create  Scenario	START	1673338582805
USER	Create  Scenario	END	1673338582965
REQUEST		Edit Proposal	1673338582055	1673338583054	OK	 
USER	Create  Scenario	START	1673338583055
REQUEST		Edit Proposal	1673338582305	1673338583281	OK	 
USER	Create  Scenario	END	1673338583298
USER	Create  Scenario	START	1673338583305
REQUEST		Edit Proposal	1673338582555	1673338583547	OK	 
USER	Create  Scenario	START	1673338583555
USER	Create  Scenario	END	1673338583582
REQUEST		Edit Proposal	1673338582805	1673338583746	OK	 
USER	Create  Scenario	END	1673338583782
USER	Create  Scenario	START	1673338583805
USER	Create  Scenario	START	1673338584055
REQUEST		Edit Proposal	1673338583056	1673338584060	OK	 
USER	Create  Scenario	END	1673338584069
REQUEST		Edit Proposal	1673338583306	1673338584272	OK	 
USER	Create  Scenario	END	1673338584304
USER	Create  Scenario	START	1673338584304
REQUEST		Edit Proposal	1673338583556	1673338584502	OK	 
USER	Create  Scenario	START	1673338584555
USER	Create  Scenario	END	1673338584559
REQUEST		Edit Proposal	1673338583806	1673338584737	OK	 
USER	Create  Scenario	END	1673338584739
USER	Create  Scenario	START	1673338584805
USER	Create  Scenario	END	1673338585000
REQUEST		Edit Proposal	1673338584055	1673338585007	OK	 
USER	Create  Scenario	START	1673338585054
REQUEST		Edit Proposal	1673338584305	1673338585251	OK	 
USER	Create  Scenario	START	1673338585305
USER	Create  Scenario	END	1673338585322
REQUEST		Edit Proposal	1673338584555	1673338585454	OK	 
USER	Create  Scenario	END	1673338585515
USER	Create  Scenario	START	1673338585555
REQUEST		Edit Proposal	1673338584805	1673338585767	OK	 
USER	Create  Scenario	END	1673338585777
USER	Create  Scenario	START	1673338585805
REQUEST		Edit Proposal	1673338585055	1673338585978	OK	 
USER	Create  Scenario	START	1673338586055
USER	Create  Scenario	END	1673338586056
REQUEST		Edit Proposal	1673338585305	1673338586236	OK	 
USER	Create  Scenario	END	1673338586282
USER	Create  Scenario	START	1673338586304
REQUEST		Edit Proposal	1673338585555	1673338586484	OK	 
USER	Create  Scenario	END	1673338586548
USER	Create  Scenario	START	1673338586554
USER	Create  Scenario	END	1673338586747
USER	Create  Scenario	START	1673338586804
USER	Create  Scenario	START	1673338587055
USER	Create  Scenario	END	1673338587061
USER	Create  Scenario	END	1673338587273
REQUEST		Edit Proposal	1673338586305	1673338587287	OK	 
USER	Create  Scenario	START	1673338587304
USER	Create  Scenario	END	1673338587503
USER	Create  Scenario	START	1673338587555
REQUEST		Edit Proposal	1673338586555	1673338587585	OK	 
USER	Create  Scenario	END	1673338587738
REQUEST		Edit Proposal	1673338585805	1673338587746	OK	 
USER	Create  Scenario	START	1673338587805
REQUEST		Edit Proposal	1673338586805	1673338587820	OK	 
USER	Create  Scenario	END	1673338588008
USER	Create  Scenario	START	1673338588055
REQUEST		Edit Proposal	1673338587055	1673338588067	OK	 
REQUEST		Edit Proposal	1673338586055	1673338588170	OK	 
USER	Create  Scenario	END	1673338588252
USER	Create  Scenario	START	1673338588305
REQUEST		Edit Proposal	1673338587305	1673338588317	OK	 
USER	Create  Scenario	END	1673338588456
REQUEST		Edit Proposal	1673338587555	1673338588519	OK	 
USER	Create  Scenario	START	1673338588555
USER	Create  Scenario	END	1673338588768
USER	Create  Scenario	START	1673338588805
USER	Create  Scenario	END	1673338588980
REQUEST		Edit Proposal	1673338587805	1673338588997	OK	 
USER	Create  Scenario	START	1673338589054
REQUEST		Edit Proposal	1673338588055	1673338589076	OK	 
USER	Create  Scenario	END	1673338589237
USER	Create  Scenario	START	1673338589304
REQUEST		Edit Proposal	1673338588306	1673338589406	OK	 
USER	Create  Scenario	END	1673338589485
USER	Create  Scenario	START	1673338589554
REQUEST		Edit Proposal	1673338588556	1673338589671	OK	 
REQUEST		Edit Proposal	1673338588806	1673338589783	OK	 
USER	Create  Scenario	START	1673338589804
USER	Create  Scenario	START	1673338590055
REQUEST		Edit Proposal	1673338589305	1673338590228	OK	 
USER	Create  Scenario	END	1673338590288
USER	Create  Scenario	START	1673338590305
USER	Create  Scenario	START	1673338590555
USER	Create  Scenario	END	1673338590586
USER	Create  Scenario	END	1673338590747
REQUEST		Edit Proposal	1673338589805	1673338590772	OK	 
REQUEST		Edit Proposal	1673338589055	1673338590773	OK	 
USER	Create  Scenario	START	1673338590805
USER	Create  Scenario	END	1673338590821
USER	Create  Scenario	START	1673338591054
USER	Create  Scenario	END	1673338591068
REQUEST		Edit Proposal	1673338590055	1673338591093	OK	 
USER	Create  Scenario	END	1673338591171
USER	Create  Scenario	START	1673338591304
USER	Create  Scenario	END	1673338591318
USER	Create  Scenario	END	1673338591520
USER	Create  Scenario	START	1673338591554
REQUEST		Edit Proposal	1673338590555	1673338591588	OK	 
USER	Create  Scenario	START	1673338591804
REQUEST		Edit Proposal	1673338590805	1673338591823	OK	 
USER	Create  Scenario	END	1673338591998
USER	Create  Scenario	START	1673338592054
USER	Create  Scenario	END	1673338592077
REQUEST		Edit Proposal	1673338591055	1673338592080	OK	 
REQUEST		Edit Proposal	1673338591305	1673338592294	OK	 
USER	Create  Scenario	START	1673338592305
USER	Create  Scenario	END	1673338592407
USER	Create  Scenario	START	1673338592555
USER	Create  Scenario	END	1673338592672
USER	Create  Scenario	END	1673338592784
USER	Create  Scenario	START	1673338592805
REQUEST		Edit Proposal	1673338591555	1673338592962	OK	 
USER	Create  Scenario	START	1673338593055
REQUEST		Edit Proposal	1673338592055	1673338593123	OK	 
USER	Create  Scenario	END	1673338593229
REQUEST		Edit Proposal	1673338589555	1673338593292	OK	 
USER	Create  Scenario	START	1673338593305
REQUEST		Edit Proposal	1673338591805	1673338593363	OK	 
REQUEST		Edit Proposal	1673338592305	1673338593394	OK	 
REQUEST		Edit Proposal	1673338590305	1673338593402	OK	 
USER	Create  Scenario	START	1673338593555
USER	Create  Scenario	END	1673338593773
USER	Create  Scenario	END	1673338593774
REQUEST		Edit Proposal	1673338592805	1673338593790	OK	 
USER	Create  Scenario	START	1673338593805
REQUEST		Edit Proposal	1673338592555	1673338593935	OK	 
USER	Create  Scenario	START	1673338594055
REQUEST		Edit Proposal	1673338593055	1673338594089	OK	 
USER	Create  Scenario	END	1673338594094
USER	Create  Scenario	START	1673338594305
USER	Create  Scenario	START	1673338594555
REQUEST		Edit Proposal	1673338593556	1673338594574	OK	 
USER	Create  Scenario	END	1673338594589
REQUEST		Edit Proposal	1673338593305	1673338594773	OK	 
USER	Create  Scenario	START	1673338594805
USER	Create  Scenario	END	1673338594825
REQUEST		Edit Proposal	1673338594055	1673338595035	OK	 
USER	Create  Scenario	START	1673338595054
USER	Create  Scenario	END	1673338595081
REQUEST		Edit Proposal	1673338593805	1673338595128	OK	 
USER	Create  Scenario	END	1673338595295
REQUEST		Edit Proposal	1673338594305	1673338595296	OK	 
USER	Create  Scenario	START	1673338595305
USER	Create  Scenario	START	1673338595555
REQUEST		Edit Proposal	1673338594555	1673338595591	OK	 
USER	Create  Scenario	START	1673338595805
REQUEST		Edit Proposal	1673338594805	1673338595874	OK	 
USER	Create  Scenario	END	1673338595963
USER	Create  Scenario	START	1673338596054
USER	Create  Scenario	END	1673338596124
USER	Create  Scenario	END	1673338596293
USER	Create  Scenario	START	1673338596305
REQUEST		Edit Proposal	1673338595305	1673338596308	OK	 
USER	Create  Scenario	END	1673338596364
USER	Create  Scenario	END	1673338596395
USER	Create  Scenario	END	1673338596402
USER	Create  Scenario	START	1673338596555
USER	Create  Scenario	END	1673338596792
USER	Create  Scenario	START	1673338596805
USER	Create  Scenario	END	1673338596936
REQUEST		Edit Proposal	1673338596055	1673338597055	OK	 
USER	Create  Scenario	START	1673338597054
USER	Create  Scenario	END	1673338597090
USER	Create  Scenario	START	1673338597305
REQUEST		Edit Proposal	1673338596306	1673338597444	OK	 
USER	Create  Scenario	START	1673338597555
USER	Create  Scenario	END	1673338597575
REQUEST		Edit Proposal	1673338595555	1673338597664	OK	 
USER	Create  Scenario	END	1673338597774
USER	Create  Scenario	START	1673338597804
REQUEST		Edit Proposal	1673338596805	1673338597869	OK	 
USER	Create  Scenario	END	1673338598036
USER	Create  Scenario	START	1673338598055
REQUEST		Edit Proposal	1673338597055	1673338598125	OK	 
USER	Create  Scenario	END	1673338598129
REQUEST		Edit Proposal	1673338595805	1673338598286	OK	 
USER	Create  Scenario	END	1673338598297
USER	Create  Scenario	START	1673338598305
USER	Create  Scenario	START	1673338598555
USER	Create  Scenario	END	1673338598592
REQUEST		Edit Proposal	1673338595055	1673338598601	OK	 
REQUEST		Edit Proposal	1673338596555	1673338598745	OK	 
USER	Create  Scenario	START	1673338598805
REQUEST		Edit Proposal	1673338597305	1673338598806	OK	 
USER	Create  Scenario	END	1673338598874
REQUEST		Edit Proposal	1673338597555	1673338598930	OK	 
USER	Create  Scenario	START	1673338599055
REQUEST		Edit Proposal	1673338598055	1673338599098	OK	 
REQUEST		Edit Proposal	1673338598306	1673338599273	OK	 
USER	Create  Scenario	START	1673338599305
USER	Create  Scenario	END	1673338599309
USER	Create  Scenario	START	1673338599555
REQUEST		Edit Proposal	1673338598556	1673338599566	OK	 
REQUEST		Edit Proposal	1673338597805	1673338599644	OK	 
USER	Create  Scenario	START	1673338599805
REQUEST		Edit Proposal	1673338599055	1673338600037	OK	 
USER	Create  Scenario	START	1673338600055
USER	Create  Scenario	END	1673338600057
USER	Create  Scenario	START	1673338600305
REQUEST		Edit Proposal	1673338598806	1673338600307	OK	 
REQUEST		Edit Proposal	1673338599305	1673338600336	OK	 
USER	Create  Scenario	END	1673338600445
REQUEST		Edit Proposal	1673338599555	1673338600556	OK	 
USER	Create  Scenario	START	1673338600555
USER	Create  Scenario	END	1673338600665
USER	Create  Scenario	START	1673338600805
REQUEST		Edit Proposal	1673338599805	1673338600830	OK	 
USER	Create  Scenario	END	1673338600870
USER	Create  Scenario	START	1673338601054
USER	Create  Scenario	END	1673338601126
USER	Create  Scenario	END	1673338601287
USER	Create  Scenario	START	1673338601304
USER	Create  Scenario	START	1673338601555
USER	Create  Scenario	END	1673338601602
REQUEST		Edit Proposal	1673338600556	1673338601654	OK	 
USER	Create  Scenario	END	1673338601746
REQUEST		Edit Proposal	1673338600305	1673338601778	OK	 
USER	Create  Scenario	START	1673338601805
USER	Create  Scenario	END	1673338601807
USER	Create  Scenario	END	1673338601932
USER	Create  Scenario	START	1673338602054
USER	Create  Scenario	END	1673338602099
USER	Create  Scenario	END	1673338602274
USER	Create  Scenario	START	1673338602305
USER	Create  Scenario	START	1673338602555
USER	Create  Scenario	END	1673338602567
USER	Create  Scenario	END	1673338602645
REQUEST		Edit Proposal	1673338601305	1673338602655	OK	 
USER	Create  Scenario	START	1673338602805
USER	Create  Scenario	END	1673338603039
USER	Create  Scenario	START	1673338603054
USER	Create  Scenario	START	1673338603304
USER	Create  Scenario	END	1673338603308
USER	Create  Scenario	END	1673338603337
REQUEST		Edit Proposal	1673338600806	1673338603489	OK	 
USER	Create  Scenario	START	1673338603554
USER	Create  Scenario	END	1673338603557
REQUEST		Edit Proposal	1673338602555	1673338603622	OK	 
USER	Create  Scenario	START	1673338603805
USER	Create  Scenario	END	1673338603831
REQUEST		Edit Proposal	1673338602805	1673338603932	OK	 
REQUEST		Edit Proposal	1673338601805	1673338604042	OK	 
USER	Create  Scenario	START	1673338604055
USER	Create  Scenario	START	1673338604305
REQUEST		Edit Proposal	1673338603305	1673338604474	OK	 
REQUEST		Edit Proposal	1673338602305	1673338604513	OK	 
USER	Create  Scenario	START	1673338604554
REQUEST		Edit Proposal	1673338601555	1673338604653	OK	 
USER	Create  Scenario	END	1673338604655
REQUEST		Edit Proposal	1673338602055	1673338604704	OK	 
REQUEST		Edit Proposal	1673338603055	1673338604776	OK	 
USER	Create  Scenario	END	1673338604779
REQUEST		Edit Proposal	1673338603555	1673338604799	OK	 
USER	Create  Scenario	START	1673338604804
REQUEST		Edit Proposal	1673338601055	1673338604929	OK	 
USER	Create  Scenario	START	1673338605055
REQUEST		Edit Proposal	1673338604055	1673338605090	OK	 
REQUEST		Edit Proposal	1673338600055	1673338605303	OK	 
USER	Create  Scenario	START	1673338605305
USER	Create  Scenario	START	1673338605555
REQUEST		Edit Proposal	1673338604555	1673338605600	OK	 
USER	Create  Scenario	END	1673338605656
USER	Create  Scenario	START	1673338605805
REQUEST		Edit Proposal	1673338604805	1673338605834	OK	 
REQUEST		Edit Proposal	1673338605055	1673338606054	OK	 
USER	Create  Scenario	START	1673338606055
USER	Create  Scenario	START	1673338606305
REQUEST		Edit Proposal	1673338604305	1673338606465	OK	 
USER	Create  Scenario	END	1673338606491
USER	Create  Scenario	START	1673338606555
USER	Create  Scenario	END	1673338606623
USER	Create  Scenario	START	1673338606805
REQUEST		Edit Proposal	1673338605805	1673338606866	OK	 
USER	Create  Scenario	END	1673338606934
REQUEST		Edit Proposal	1673338605555	1673338607027	OK	 
USER	Create  Scenario	END	1673338607043
USER	Create  Scenario	START	1673338607054
REQUEST		Edit Proposal	1673338605305	1673338607080	OK	 
REQUEST		Edit Proposal	1673338606055	1673338607160	OK	 
USER	Create  Scenario	START	1673338607304
REQUEST		Edit Proposal	1673338606305	1673338607386	OK	 
USER	Create  Scenario	END	1673338607475
USER	Create  Scenario	END	1673338607514
USER	Create  Scenario	START	1673338607554
REQUEST		Edit Proposal	1673338606555	1673338607602	OK	 
USER	Create  Scenario	END	1673338607654
USER	Create  Scenario	END	1673338607705
USER	Create  Scenario	END	1673338607776
REQUEST		Edit Proposal	1673338606805	1673338607795	OK	 
USER	Create  Scenario	END	1673338607799
USER	Create  Scenario	START	1673338607804
USER	Create  Scenario	END	1673338607930
USER	Create  Scenario	START	1673338608054
USER	Create  Scenario	END	1673338608091
USER	Create  Scenario	END	1673338608304
USER	Create  Scenario	START	1673338608304
REQUEST		Edit Proposal	1673338607305	1673338608320	OK	 
REQUEST		Edit Proposal	1673338607555	1673338608555	OK	 
USER	Create  Scenario	START	1673338608555
USER	Create  Scenario	END	1673338608601
REQUEST		Edit Proposal	1673338603805	1673338608783	OK	 
USER	Create  Scenario	START	1673338608804
REQUEST		Edit Proposal	1673338607805	1673338608818	OK	 
USER	Create  Scenario	END	1673338608835
USER	Create  Scenario	END	1673338609055
USER	Create  Scenario	START	1673338609055
REQUEST		Edit Proposal	1673338608055	1673338609057	OK	 
USER	Create  Scenario	START	1673338609305
REQUEST		Edit Proposal	1673338608305	1673338609348	OK	 
USER	Create  Scenario	END	1673338609466
USER	Create  Scenario	START	1673338609555
USER	Create  Scenario	START	1673338609805
USER	Create  Scenario	END	1673338609866
REQUEST		Edit Proposal	1673338608555	1673338609967	OK	 
USER	Create  Scenario	END	1673338610028
USER	Create  Scenario	START	1673338610055
USER	Create  Scenario	END	1673338610081
REQUEST		Edit Proposal	1673338607054	1673338610088	OK	 
USER	Create  Scenario	END	1673338610161
USER	Create  Scenario	START	1673338610305
USER	Create  Scenario	END	1673338610386
REQUEST		Edit Proposal	1673338609305	1673338610404	OK	 
USER	Create  Scenario	START	1673338610555
USER	Create  Scenario	END	1673338610603
REQUEST		Edit Proposal	1673338609556	1673338610678	OK	 
USER	Create  Scenario	END	1673338610796
USER	Create  Scenario	START	1673338610805
REQUEST		Edit Proposal	1673338608805	1673338610921	OK	 
USER	Create  Scenario	START	1673338611055
REQUEST		Edit Proposal	1673338610055	1673338611166	OK	 
USER	Create  Scenario	START	1673338611305
USER	Create  Scenario	END	1673338611321
REQUEST		Edit Proposal	1673338610305	1673338611352	OK	 
REQUEST		Edit Proposal	1673338610555	1673338611512	OK	 
USER	Create  Scenario	START	1673338611555
USER	Create  Scenario	END	1673338611556
REQUEST		Edit Proposal	1673338609056	1673338611740	OK	 
REQUEST		Edit Proposal	1673338610805	1673338611759	OK	 
USER	Create  Scenario	END	1673338611784
USER	Create  Scenario	START	1673338611805
USER	Create  Scenario	END	1673338611819
USER	Create  Scenario	START	1673338612054
USER	Create  Scenario	END	1673338612057
REQUEST		Edit Proposal	1673338611055	1673338612260	OK	 
USER	Create  Scenario	START	1673338612305
REQUEST		Edit Proposal	1673338611305	1673338612346	OK	 
USER	Create  Scenario	END	1673338612348
USER	Create  Scenario	START	1673338612555
REQUEST		Edit Proposal	1673338611555	1673338612589	OK	 
USER	Create  Scenario	START	1673338612805
USER	Create  Scenario	END	1673338612968
USER	Create  Scenario	START	1673338613055
USER	Create  Scenario	END	1673338613089
USER	Create  Scenario	START	1673338613305
USER	Create  Scenario	END	1673338613405
USER	Create  Scenario	START	1673338613555
REQUEST		Edit Proposal	1673338612555	1673338613648	OK	 
USER	Create  Scenario	END	1673338613680
USER	Create  Scenario	START	1673338613805
REQUEST		Edit Proposal	1673338612805	1673338613825	OK	 
USER	Create  Scenario	END	1673338613922
USER	Create  Scenario	START	1673338614055
USER	Create  Scenario	END	1673338614167
REQUEST		Edit Proposal	1673338612055	1673338614182	OK	 
USER	Create  Scenario	START	1673338614305
REQUEST		Edit Proposal	1673338613305	1673338614352	OK	 
USER	Create  Scenario	END	1673338614353
REQUEST		Edit Proposal	1673338613055	1673338614507	OK	 
USER	Create  Scenario	END	1673338614513
USER	Create  Scenario	START	1673338614555
REQUEST		Edit Proposal	1673338612305	1673338614612	OK	 
USER	Create  Scenario	END	1673338614741
USER	Create  Scenario	END	1673338614760
USER	Create  Scenario	START	1673338614805
REQUEST		Edit Proposal	1673338613805	1673338614850	OK	 
REQUEST		Edit Proposal	1673338609806	1673338615008	OK	 
USER	Create  Scenario	START	1673338615054
USER	Create  Scenario	END	1673338615261
USER	Create  Scenario	START	1673338615304
USER	Create  Scenario	END	1673338615347
REQUEST		Edit Proposal	1673338614306	1673338615418	OK	 
USER	Create  Scenario	START	1673338615554
REQUEST		Edit Proposal	1673338611805	1673338615567	OK	 
USER	Create  Scenario	END	1673338615590
USER	Create  Scenario	START	1673338615804
USER	Create  Scenario	START	1673338616054
USER	Create  Scenario	START	1673338616304
USER	Create  Scenario	START	1673338616554
REQUEST		Edit Proposal	1673338614556	1673338616608	OK	 
REQUEST		Edit Proposal	1673338615305	1673338616648	OK	 
USER	Create  Scenario	END	1673338616649
REQUEST		Edit Proposal	1673338614056	1673338616785	OK	 
USER	Create  Scenario	START	1673338616805
USER	Create  Scenario	END	1673338616827
REQUEST		Edit Proposal	1673338615805	1673338616927	OK	 
USER	Create  Scenario	START	1673338617054
USER	Create  Scenario	END	1673338617184
USER	Create  Scenario	START	1673338617305
USER	Create  Scenario	END	1673338617353
USER	Create  Scenario	END	1673338617508
USER	Create  Scenario	START	1673338617555
USER	Create  Scenario	END	1673338617613
USER	Create  Scenario	START	1673338617805
USER	Create  Scenario	END	1673338617851
REQUEST		Edit Proposal	1673338614806	1673338617860	OK	 
USER	Create  Scenario	END	1673338618010
USER	Create  Scenario	START	1673338618054
REQUEST		Edit Proposal	1673338616055	1673338618136	OK	 
REQUEST		Edit Proposal	1673338617054	1673338618165	OK	 
REQUEST		Edit Proposal	1673338616805	1673338618228	OK	 
REQUEST		Edit Proposal	1673338617305	1673338618289	OK	 
REQUEST		Edit Proposal	1673338613556	1673338618292	OK	 
USER	Create  Scenario	START	1673338618304
REQUEST		Edit Proposal	1673338615555	1673338618420	OK	 
USER	Create  Scenario	END	1673338618420
USER	Create  Scenario	START	1673338618554
USER	Create  Scenario	END	1673338618568
REQUEST		Edit Proposal	1673338615055	1673338618623	OK	 
REQUEST		Edit Proposal	1673338617555	1673338618623	OK	 
REQUEST		Edit Proposal	1673338616555	1673338618691	OK	 
USER	Create  Scenario	START	1673338618804
REQUEST		Edit Proposal	1673338617805	1673338618909	OK	 
USER	Create  Scenario	START	1673338619055
REQUEST		Edit Proposal	1673338618055	1673338619182	OK	 
USER	Create  Scenario	START	1673338619305
USER	Create  Scenario	START	1673338619555
USER	Create  Scenario	END	1673338619609
USER	Create  Scenario	END	1673338619649
REQUEST		Edit Proposal	1673338618555	1673338619664	OK	 
REQUEST		Edit Proposal	1673338616305	1673338619685	OK	 
USER	Create  Scenario	END	1673338619786
USER	Create  Scenario	START	1673338619805
USER	Create  Scenario	END	1673338619928
USER	Create  Scenario	START	1673338620055
USER	Create  Scenario	START	1673338620305
USER	Create  Scenario	START	1673338620555
USER	Create  Scenario	START	1673338620805
REQUEST		Edit Proposal	1673338619805	1673338620823	OK	 
USER	Create  Scenario	END	1673338620861
REQUEST		Edit Proposal	1673338620055	1673338621037	OK	 
USER	Create  Scenario	START	1673338621055
USER	Create  Scenario	END	1673338621137
USER	Create  Scenario	END	1673338621166
USER	Create  Scenario	END	1673338621229
REQUEST		Edit Proposal	1673338620305	1673338621282	OK	 
USER	Create  Scenario	END	1673338621290
USER	Create  Scenario	END	1673338621293
USER	Create  Scenario	START	1673338621305
USER	Create  Scenario	END	1673338621421
REQUEST		Edit Proposal	1673338619305	1673338621438	OK	 
USER	Create  Scenario	START	1673338621555
REQUEST		Edit Proposal	1673338620555	1673338621575	OK	 
REQUEST		Edit Proposal	1673338619055	1673338621606	OK	 
USER	Create  Scenario	END	1673338621624
USER	Create  Scenario	END	1673338621624
USER	Create  Scenario	END	1673338621692
USER	Create  Scenario	START	1673338621805
USER	Create  Scenario	END	1673338621910
REQUEST		Edit Proposal	1673338618805	1673338621978	OK	 
USER	Create  Scenario	START	1673338622054
USER	Create  Scenario	END	1673338622183
REQUEST		Edit Proposal	1673338619555	1673338622296	OK	 
USER	Create  Scenario	START	1673338622304
REQUEST		Edit Proposal	1673338620806	1673338622370	OK	 
USER	Create  Scenario	START	1673338622555
USER	Create  Scenario	END	1673338622665
USER	Create  Scenario	END	1673338622686
REQUEST		Edit Proposal	1673338621055	1673338622772	OK	 
USER	Create  Scenario	START	1673338622805
USER	Create  Scenario	START	1673338623055
REQUEST		Edit Proposal	1673338621305	1673338623165	OK	 
USER	Create  Scenario	START	1673338623305
REQUEST		Edit Proposal	1673338622305	1673338623416	OK	 
REQUEST		Edit Proposal	1673338622555	1673338623532	OK	 
USER	Create  Scenario	START	1673338623555
USER	Create  Scenario	START	1673338623805
REQUEST		Edit Proposal	1673338622806	1673338623815	OK	 
USER	Create  Scenario	END	1673338623824
REQUEST		Edit Proposal	1673338621555	1673338623963	OK	 
USER	Create  Scenario	END	1673338624038
USER	Create  Scenario	START	1673338624055
USER	Create  Scenario	END	1673338624283
USER	Create  Scenario	START	1673338624305
REQUEST		Edit Proposal	1673338623305	1673338624340	OK	 
USER	Create  Scenario	END	1673338624439
USER	Create  Scenario	START	1673338624555
USER	Create  Scenario	END	1673338624577
REQUEST		Edit Proposal	1673338623555	1673338624577	OK	 
USER	Create  Scenario	END	1673338624607
REQUEST		Edit Proposal	1673338618304	1673338624651	OK	 
USER	Create  Scenario	START	1673338624805
REQUEST		Edit Proposal	1673338623805	1673338624807	OK	 
REQUEST		Edit Proposal	1673338622055	1673338624911	OK	 
USER	Create  Scenario	END	1673338624979
USER	Create  Scenario	START	1673338625055
REQUEST		Edit Proposal	1673338624055	1673338625099	OK	 
REQUEST		Edit Proposal	1673338623055	1673338625233	OK	 
USER	Create  Scenario	END	1673338625297
USER	Create  Scenario	START	1673338625305
USER	Create  Scenario	END	1673338625371
REQUEST		Edit Proposal	1673338621805	1673338625425	OK	 
USER	Create  Scenario	START	1673338625555
USER	Create  Scenario	END	1673338625773
USER	Create  Scenario	START	1673338625805
REQUEST		Edit Proposal	1673338624805	1673338625816	OK	 
REQUEST		Edit Proposal	1673338624556	1673338625915	OK	 
USER	Create  Scenario	START	1673338626055
REQUEST		Edit Proposal	1673338625055	1673338626123	OK	 
USER	Create  Scenario	END	1673338626166
USER	Create  Scenario	START	1673338626305
REQUEST		Edit Proposal	1673338625305	1673338626374	OK	 
USER	Create  Scenario	END	1673338626417
USER	Create  Scenario	END	1673338626533
USER	Create  Scenario	START	1673338626555
USER	Create  Scenario	START	1673338626805
USER	Create  Scenario	END	1673338626816
USER	Create  Scenario	END	1673338626964
USER	Create  Scenario	START	1673338627055
REQUEST		Edit Proposal	1673338626055	1673338627091	OK	 
USER	Create  Scenario	START	1673338627304
USER	Create  Scenario	END	1673338627341
REQUEST		Edit Proposal	1673338626305	1673338627366	OK	 
USER	Create  Scenario	START	1673338627555
USER	Create  Scenario	END	1673338627578
USER	Create  Scenario	END	1673338627652
REQUEST		Edit Proposal	1673338624305	1673338627665	OK	 
REQUEST		Edit Proposal	1673338626555	1673338627665	OK	 
USER	Create  Scenario	START	1673338627805
USER	Create  Scenario	END	1673338627808
USER	Create  Scenario	END	1673338627912
REQUEST		Edit Proposal	1673338626805	1673338627934	OK	 
USER	Create  Scenario	START	1673338628055
USER	Create  Scenario	END	1673338628100
USER	Create  Scenario	END	1673338628234
USER	Create  Scenario	START	1673338628305
REQUEST		Edit Proposal	1673338625555	1673338628310	OK	 
REQUEST		Edit Proposal	1673338627305	1673338628425	OK	 
USER	Create  Scenario	END	1673338628426
REQUEST		Edit Proposal	1673338627055	1673338628505	OK	 
USER	Create  Scenario	START	1673338628555
USER	Create  Scenario	START	1673338628805
USER	Create  Scenario	END	1673338628817
REQUEST		Edit Proposal	1673338627555	1673338628865	OK	 
REQUEST		Edit Proposal	1673338627805	1673338628901	OK	 
USER	Create  Scenario	END	1673338628916
USER	Create  Scenario	START	1673338629055
USER	Create  Scenario	END	1673338629124
REQUEST		Edit Proposal	1673338628055	1673338629131	OK	 
USER	Create  Scenario	START	1673338629305
USER	Create  Scenario	END	1673338629375
REQUEST		Edit Proposal	1673338628305	1673338629401	OK	 
USER	Create  Scenario	START	1673338629555
REQUEST		Edit Proposal	1673338628555	1673338629580	OK	 
USER	Create  Scenario	START	1673338629805
REQUEST		Edit Proposal	1673338628805	1673338629818	OK	 
REQUEST		Edit Proposal	1673338629056	1673338630026	OK	 
USER	Create  Scenario	START	1673338630054
USER	Create  Scenario	END	1673338630092
USER	Create  Scenario	START	1673338630304
REQUEST		Edit Proposal	1673338629305	1673338630325	OK	 
USER	Create  Scenario	END	1673338630367
USER	Create  Scenario	START	1673338630554
USER	Create  Scenario	END	1673338630666
USER	Create  Scenario	END	1673338630666
USER	Create  Scenario	START	1673338630804
REQUEST		Edit Proposal	1673338629806	1673338630869	OK	 
USER	Create  Scenario	END	1673338630935
USER	Create  Scenario	START	1673338631054
USER	Create  Scenario	START	1673338631304
USER	Create  Scenario	END	1673338631311
REQUEST		Edit Proposal	1673338630305	1673338631325	OK	 
USER	Create  Scenario	END	1673338631426
REQUEST		Edit Proposal	1673338630055	1673338631494	OK	 
USER	Create  Scenario	END	1673338631506
USER	Create  Scenario	START	1673338631554
USER	Create  Scenario	START	1673338631804
REQUEST		Edit Proposal	1673338630805	1673338631858	OK	 
USER	Create  Scenario	END	1673338631866
USER	Create  Scenario	END	1673338631902
USER	Create  Scenario	START	1673338632055
USER	Create  Scenario	END	1673338632132
USER	Create  Scenario	START	1673338632305
USER	Create  Scenario	END	1673338632402
USER	Create  Scenario	START	1673338632555
USER	Create  Scenario	END	1673338632581
REQUEST		Edit Proposal	1673338630555	1673338632715	OK	 
REQUEST		Edit Proposal	1673338631055	1673338632748	OK	 
USER	Create  Scenario	START	1673338632805
USER	Create  Scenario	END	1673338632819
REQUEST		Edit Proposal	1673338631555	1673338632928	OK	 
USER	Create  Scenario	END	1673338633027
USER	Create  Scenario	START	1673338633054
USER	Create  Scenario	START	1673338633304
USER	Create  Scenario	END	1673338633326
USER	Create  Scenario	START	1673338633554
REQUEST		Edit Proposal	1673338629556	1673338633641	OK	 
USER	Create  Scenario	START	1673338633804
REQUEST		Edit Proposal	1673338632305	1673338633857	OK	 
USER	Create  Scenario	END	1673338633870
REQUEST		Edit Proposal	1673338632805	1673338634040	OK	 
USER	Create  Scenario	START	1673338634055
REQUEST		Edit Proposal	1673338633055	1673338634201	OK	 
REQUEST		Edit Proposal	1673338632055	1673338634212	OK	 
USER	Create  Scenario	START	1673338634305
USER	Create  Scenario	END	1673338634326
REQUEST		Edit Proposal	1673338631305	1673338634344	OK	 
USER	Create  Scenario	END	1673338634495
REQUEST		Edit Proposal	1673338625805	1673338634528	OK	 
USER	Create  Scenario	START	1673338634555
REQUEST		Edit Proposal	1673338632555	1673338634773	OK	 
USER	Create  Scenario	START	1673338634805
USER	Create  Scenario	END	1673338634859
USER	Create  Scenario	START	1673338635055
REQUEST		Edit Proposal	1673338634055	1673338635135	OK	 
REQUEST		Edit Proposal	1673338634305	1673338635298	OK	 
USER	Create  Scenario	START	1673338635305
USER	Create  Scenario	START	1673338635555
REQUEST		Edit Proposal	1673338634555	1673338635577	OK	 
USER	Create  Scenario	END	1673338635716
USER	Create  Scenario	END	1673338635749
REQUEST		Edit Proposal	1673338634805	1673338635791	OK	 
USER	Create  Scenario	START	1673338635805
REQUEST		Edit Proposal	1673338633305	1673338635832	OK	 
USER	Create  Scenario	END	1673338635930
USER	Create  Scenario	START	1673338636055
REQUEST		Edit Proposal	1673338633554	1673338636137	OK	 
USER	Create  Scenario	START	1673338636305
REQUEST		Edit Proposal	1673338635305	1673338636341	OK	 
USER	Create  Scenario	START	1673338636555
REQUEST		Edit Proposal	1673338635556	1673338636557	OK	 
USER	Create  Scenario	END	1673338636642
USER	Create  Scenario	START	1673338636805
REQUEST		Edit Proposal	1673338635806	1673338636811	OK	 
USER	Create  Scenario	END	1673338636858
USER	Create  Scenario	END	1673338637041
USER	Create  Scenario	START	1673338637055
USER	Create  Scenario	END	1673338637201
USER	Create  Scenario	END	1673338637213
REQUEST		Edit Proposal	1673338635055	1673338637247	OK	 
USER	Create  Scenario	START	1673338637305
REQUEST		Edit Proposal	1673338636306	1673338637320	OK	 
REQUEST		Edit Proposal	1673338631805	1673338637335	OK	 
USER	Create  Scenario	END	1673338637345
REQUEST		Edit Proposal	1673338633805	1673338637418	OK	 
REQUEST		Edit Proposal	1673338636055	1673338637493	OK	 
USER	Create  Scenario	END	1673338637529
USER	Create  Scenario	START	1673338637555
USER	Create  Scenario	END	1673338637774
USER	Create  Scenario	START	1673338637805
USER	Create  Scenario	START	1673338638055
USER	Create  Scenario	END	1673338638137
USER	Create  Scenario	END	1673338638299
USER	Create  Scenario	START	1673338638305
REQUEST		Edit Proposal	1673338637305	1673338638311	OK	 
USER	Create  Scenario	START	1673338638555
REQUEST		Edit Proposal	1673338637555	1673338638556	OK	 
USER	Create  Scenario	END	1673338638577
REQUEST		Edit Proposal	1673338636556	1673338638707	OK	 
USER	Create  Scenario	END	1673338638792
USER	Create  Scenario	START	1673338638805
REQUEST		Edit Proposal	1673338637805	1673338638821	OK	 
USER	Create  Scenario	END	1673338638833
USER	Create  Scenario	START	1673338639054
USER	Create  Scenario	END	1673338639138
REQUEST		Edit Proposal	1673338638055	1673338639182	OK	 
USER	Create  Scenario	START	1673338639304
REQUEST		Edit Proposal	1673338638305	1673338639342	OK	 
USER	Create  Scenario	END	1673338639342
USER	Create  Scenario	START	1673338639554
USER	Create  Scenario	END	1673338639558
USER	Create  Scenario	START	1673338639804
USER	Create  Scenario	END	1673338639812
USER	Create  Scenario	START	1673338640055
USER	Create  Scenario	END	1673338640248
USER	Create  Scenario	START	1673338640305
USER	Create  Scenario	END	1673338640320
USER	Create  Scenario	END	1673338640336
USER	Create  Scenario	END	1673338640419
USER	Create  Scenario	END	1673338640495
USER	Create  Scenario	START	1673338640555
REQUEST		Edit Proposal	1673338639555	1673338640751	OK	 
USER	Create  Scenario	START	1673338640805
REQUEST		Edit Proposal	1673338636805	1673338641002	OK	 
USER	Create  Scenario	START	1673338641055
USER	Create  Scenario	START	1673338641305
USER	Create  Scenario	END	1673338641312
REQUEST		Edit Proposal	1673338640306	1673338641326	OK	 
REQUEST		Edit Proposal	1673338638555	1673338641349	OK	 
REQUEST		Edit Proposal	1673338640556	1673338641505	OK	 
REQUEST		Edit Proposal	1673338639305	1673338641520	OK	 
USER	Create  Scenario	START	1673338641555
USER	Create  Scenario	END	1673338641557
REQUEST		Edit Proposal	1673338637055	1673338641641	OK	 
USER	Create  Scenario	END	1673338641708
REQUEST		Edit Proposal	1673338640806	1673338641749	OK	 
USER	Create  Scenario	START	1673338641805
USER	Create  Scenario	END	1673338641822
REQUEST		Edit Proposal	1673338638805	1673338641927	OK	 
USER	Create  Scenario	START	1673338642054
REQUEST		Edit Proposal	1673338640055	1673338642083	OK	 
USER	Create  Scenario	END	1673338642183
USER	Create  Scenario	START	1673338642305
USER	Create  Scenario	END	1673338642343
REQUEST		Edit Proposal	1673338641055	1673338642480	OK	 
USER	Create  Scenario	START	1673338642555
REQUEST		Edit Proposal	1673338641305	1673338642656	OK	 
USER	Create  Scenario	START	1673338642805
REQUEST		Edit Proposal	1673338639805	1673338642956	OK	 
USER	Create  Scenario	START	1673338643054
REQUEST		Edit Proposal	1673338641806	1673338643126	OK	 
REQUEST		Edit Proposal	1673338639055	1673338643213	OK	 
REQUEST		Edit Proposal	1673338641556	1673338643294	OK	 
USER	Create  Scenario	START	1673338643304
USER	Create  Scenario	START	1673338643554
USER	Create  Scenario	END	1673338643752
REQUEST		Edit Proposal	1673338642805	1673338643779	OK	 
USER	Create  Scenario	START	1673338643804
REQUEST		Edit Proposal	1673338642555	1673338643963	OK	 
USER	Create  Scenario	END	1673338644003
REQUEST		Edit Proposal	1673338643054	1673338644045	OK	 
USER	Create  Scenario	START	1673338644054
USER	Create  Scenario	START	1673338644304
USER	Create  Scenario	END	1673338644327
USER	Create  Scenario	END	1673338644350
USER	Create  Scenario	END	1673338644506
USER	Create  Scenario	END	1673338644521
USER	Create  Scenario	START	1673338644554
USER	Create  Scenario	END	1673338644642
USER	Create  Scenario	END	1673338644750
USER	Create  Scenario	START	1673338644804
USER	Create  Scenario	END	1673338644928
REQUEST		Edit Proposal	1673338643555	1673338644929	OK	 
USER	Create  Scenario	START	1673338645054
USER	Create  Scenario	END	1673338645084
REQUEST		Edit Proposal	1673338642055	1673338645200	OK	 
USER	Create  Scenario	START	1673338645304
REQUEST		Edit Proposal	1673338644305	1673338645315	OK	 
REQUEST		Edit Proposal	1673338644055	1673338645454	OK	 
REQUEST		Edit Proposal	1673338643305	1673338645455	OK	 
REQUEST		Edit Proposal	1673338642305	1673338645464	OK	 
USER	Create  Scenario	END	1673338645481
USER	Create  Scenario	START	1673338645554
USER	Create  Scenario	END	1673338645657
REQUEST		Edit Proposal	1673338644805	1673338645773	OK	 
USER	Create  Scenario	START	1673338645804
USER	Create  Scenario	END	1673338645957
USER	Create  Scenario	START	1673338646054
USER	Create  Scenario	END	1673338646127
USER	Create  Scenario	END	1673338646214
USER	Create  Scenario	END	1673338646295
USER	Create  Scenario	START	1673338646304
REQUEST		Edit Proposal	1673338645305	1673338646423	OK	 
REQUEST		Edit Proposal	1673338643805	1673338646453	OK	 
USER	Create  Scenario	START	1673338646554
USER	Create  Scenario	END	1673338646780
USER	Create  Scenario	START	1673338646804
REQUEST		Edit Proposal	1673338645805	1673338646835	OK	 
USER	Create  Scenario	END	1673338646964
USER	Create  Scenario	END	1673338647046
REQUEST		Edit Proposal	1673338646055	1673338647054	OK	 
USER	Create  Scenario	START	1673338647055
REQUEST		Edit Proposal	1673338645055	1673338647147	OK	 
USER	Create  Scenario	START	1673338647305
REQUEST		Edit Proposal	1673338646305	1673338647369	OK	 
USER	Create  Scenario	START	1673338647555
USER	Create  Scenario	START	1673338647805
REQUEST		Edit Proposal	1673338645555	1673338647902	OK	 
USER	Create  Scenario	END	1673338647930
USER	Create  Scenario	START	1673338648055
USER	Create  Scenario	END	1673338648200
USER	Create  Scenario	START	1673338648305
USER	Create  Scenario	END	1673338648316
REQUEST		Edit Proposal	1673338647305	1673338648323	OK	 
USER	Create  Scenario	END	1673338648455
USER	Create  Scenario	END	1673338648456
USER	Create  Scenario	END	1673338648465
USER	Create  Scenario	START	1673338648555
REQUEST		Edit Proposal	1673338647055	1673338648599	OK	 
USER	Create  Scenario	END	1673338648774
USER	Create  Scenario	START	1673338648805
REQUEST		Edit Proposal	1673338647805	1673338648810	OK	 
REQUEST		Edit Proposal	1673338646805	1673338648975	OK	 
USER	Create  Scenario	START	1673338649055
USER	Create  Scenario	START	1673338649305
REQUEST		Edit Proposal	1673338644555	1673338649347	OK	 
USER	Create  Scenario	END	1673338649424
USER	Create  Scenario	END	1673338649454
REQUEST		Edit Proposal	1673338648305	1673338649549	OK	 
USER	Create  Scenario	START	1673338649555
REQUEST		Edit Proposal	1673338647556	1673338649805	OK	 
USER	Create  Scenario	END	1673338649836
USER	Create  Scenario	END	1673338650055
USER	Create  Scenario	END	1673338650148
REQUEST		Edit Proposal	1673338648555	1673338650163	OK	 
REQUEST		Edit Proposal	1673338649055	1673338650369	OK	 
USER	Create  Scenario	END	1673338650370
REQUEST		Edit Proposal	1673338649305	1673338650573	OK	 
REQUEST		Edit Proposal	1673338646555	1673338650777	OK	 
USER	Create  Scenario	END	1673338650904
REQUEST		Edit Proposal	1673338648055	1673338650986	OK	 
USER	Create  Scenario	END	1673338651324
USER	Create  Scenario	END	1673338651600
REQUEST		Edit Proposal	1673338648805	1673338651601	OK	 
USER	Create  Scenario	END	1673338651811
USER	Create  Scenario	END	1673338651976
USER	Create  Scenario	END	1673338652348
USER	Create  Scenario	END	1673338652550
USER	Create  Scenario	END	1673338652806
USER	Create  Scenario	END	1673338653164
USER	Create  Scenario	END	1673338653370
USER	Create  Scenario	END	1673338653574
REQUEST		Edit Proposal	1673338649556	1673338653575	OK	 
USER	Create  Scenario	END	1673338653778
USER	Create  Scenario	END	1673338653987
USER	Create  Scenario	END	1673338654602
USER	Create  Scenario	END	1673338656576
