RUN	Simulations.Runner.Go1percent	go1percent	1675874497179	 	3.5.1
USER	Leaderboard API	START	1675874501080
USER	Leaderboard API	START	1675874501400
USER	Leaderboard API	START	1675874501734
REQUEST		/studios/score?studioId=1- Fetch reward score by studio score	1675874501105	1675874501954	KO	status.find.is(200), but actually found 403
USER	Leaderboard API	START	1675874502069
REQUEST		/studios/score?studioId=1- Fetch reward score by studio score	1675874501401	1675874502228	KO	status.find.is(200), but actually found 403
USER	Leaderboard API	START	1675874502402
REQUEST		/studios/score?studioId=1- Fetch reward score by studio score	1675874501735	1675874502569	KO	status.find.is(200), but actually found 403
USER	Leaderboard API	START	1675874502735
REQUEST		/studios/score?studioId=1- Fetch reward score by studio score	1675874502070	1675874502979	KO	status.find.is(200), but actually found 403
USER	Leaderboard API	START	1675874503070
REQUEST		/studios/score?studioId=1- Fetch reward score by studio score	1675874502403	1675874503287	KO	status.find.is(200), but actually found 403
USER	Leaderboard API	START	1675874503396
REQUEST		/studios/score?studioId=1- Fetch reward score by studio score	1675874502736	1675874503593	KO	status.find.is(200), but actually found 403
USER	Leaderboard API	START	1675874503730
REQUEST		/studios/score?studioId=1- Fetch reward score by studio score	1675874503070	1675874504003	KO	status.find.is(200), but actually found 403
USER	Leaderboard API	START	1675874504064
REQUEST		/studios/score?studioId=1- Fetch reward score by studio score	1675874503397	1675874504311	KO	status.find.is(200), but actually found 403
USER	Leaderboard API	START	1675874504397
REQUEST		/studios/score?studioId=1- Fetch reward score by studio score	1675874503731	1675874504598	KO	status.find.is(200), but actually found 403
USER	Leaderboard API	START	1675874504731
REQUEST		/studios/score?studioId=1- Fetch reward score by studio score	1675874504065	1675874504924	KO	status.find.is(200), but actually found 403
USER	Leaderboard API	START	1675874505065
REQUEST		/studios/score?studioId=1- Fetch reward score by studio score	1675874504398	1675874505216	KO	status.find.is(200), but actually found 403
REQUEST		/studios/1- Get Studio details by Studio Id	1675874504974	1675874505253	KO	status.find.is(200), but actually found 403
USER	Leaderboard API	START	1675874505397
REQUEST		/studios/1- Get Studio details by Studio Id	1675874505230	1675874505508	KO	status.find.is(200), but actually found 403
REQUEST		/studios/score?studioId=1- Fetch reward score by studio score	1675874504731	1675874505549	KO	status.find.is(200), but actually found 403
USER	Leaderboard API	START	1675874505730
REQUEST		/studios/1- Get Studio details by Studio Id	1675874505570	1675874505849	KO	status.find.is(200), but actually found 403
REQUEST		/studios/score?studioId=1- Fetch reward score by studio score	1675874505066	1675874505883	KO	status.find.is(200), but actually found 403
USER	Leaderboard API	START	1675874506065
REQUEST		/studios/score?studioId=1- Fetch reward score by studio score	1675874505398	1675874506255	KO	status.find.is(200), but actually found 403
REQUEST		/studios/1- Get Studio details by Studio Id	1675874505981	1675874506263	KO	status.find.is(200), but actually found 403
USER	Leaderboard API	START	1675874506396
REQUEST		/studios/score?studioId=1- Fetch reward score by studio score	1675874505731	1675874506550	KO	status.find.is(200), but actually found 403
REQUEST		/studios/1- Get Studio details by Studio Id	1675874506289	1675874506570	KO	status.find.is(200), but actually found 403
USER	Leaderboard API	START	1675874506730
REQUEST		/studios/1- Get Studio details by Studio Id	1675874506594	1675874506878	KO	status.find.is(200), but actually found 403
REQUEST		/studios/score?studioId=1- Fetch reward score by studio score	1675874506065	1675874506884	KO	status.find.is(200), but actually found 403
USER	Leaderboard API	START	1675874507065
REQUEST		/studios/score?studioId=1- Fetch reward score by studio score	1675874506397	1675874507227	KO	status.find.is(200), but actually found 403
REQUEST		/studios/1- Get Studio details by Studio Id	1675874507005	1675874507284	KO	status.find.is(200), but actually found 403
USER	Leaderboard API	START	1675874507397
REQUEST		/studios/score?studioId=1- Fetch reward score by studio score	1675874506731	1675874507549	KO	status.find.is(200), but actually found 403
REQUEST		/studios/1- Get Studio details by Studio Id	1675874507312	1675874507599	KO	status.find.is(200), but actually found 403
USER	Leaderboard API	START	1675874507730
REQUEST		/studios/1- Get Studio details by Studio Id	1675874507599	1675874507894	KO	status.find.is(200), but actually found 403
REQUEST		/studios/score?studioId=1- Fetch reward score by studio score	1675874507065	1675874507903	KO	status.find.is(200), but actually found 403
USER	Leaderboard API	START	1675874508064
REQUEST		/studios/1- Get Studio details by Studio Id	1675874507926	1675874508213	KO	status.find.is(200), but actually found 403
REQUEST		/studios/score?studioId=1- Fetch reward score by studio score	1675874507397	1675874508224	KO	status.find.is(200), but actually found 403
USER	Leaderboard API	START	1675874508396
REQUEST		/studios/1- Get Studio details by Studio Id	1675874508217	1675874508494	KO	status.find.is(200), but actually found 403
REQUEST		/getStudioCharter?studioId=1- Fetch charter(Image) on the basis of studio Id	1675874508255	1675874508536	KO	status.find.is(200), but actually found 403
REQUEST		/studios/score?studioId=1- Fetch reward score by studio score	1675874507730	1675874508549	KO	status.find.is(200), but actually found 403
USER	Leaderboard API	START	1675874508730
REQUEST		/getStudioCharter?studioId=1- Fetch charter(Image) on the basis of studio Id	1675874508509	1675874508796	KO	status.find.is(200), but actually found 403
REQUEST		/studios/1- Get Studio details by Studio Id	1675874508550	1675874508824	KO	status.find.is(200), but actually found 403
REQUEST		/studios/score?studioId=1- Fetch reward score by studio score	1675874508065	1675874508917	KO	status.find.is(200), but actually found 403
USER	Leaderboard API	START	1675874509064
REQUEST		/getStudioCharter?studioId=1- Fetch charter(Image) on the basis of studio Id	1675874508850	1675874509129	KO	status.find.is(200), but actually found 403
REQUEST		/studios/1- Get Studio details by Studio Id	1675874508885	1675874509161	KO	status.find.is(200), but actually found 403
REQUEST		/studios/score?studioId=1- Fetch reward score by studio score	1675874508397	1675874509234	KO	status.find.is(200), but actually found 403
USER	Leaderboard API	START	1675874509397
REQUEST		/studios/1- Get Studio details by Studio Id	1675874509256	1675874509533	KO	status.find.is(200), but actually found 403
REQUEST		/getStudioCharter?studioId=1- Fetch charter(Image) on the basis of studio Id	1675874509265	1675874509547	KO	status.find.is(200), but actually found 403
REQUEST		/studios/score?studioId=1- Fetch reward score by studio score	1675874508730	1675874509551	KO	status.find.is(200), but actually found 403
USER	Leaderboard API	START	1675874509730
REQUEST		/studios/1- Get Studio details by Studio Id	1675874509552	1675874509827	KO	status.find.is(200), but actually found 403
REQUEST		/getStudioCharter?studioId=1- Fetch charter(Image) on the basis of studio Id	1675874509572	1675874509851	KO	status.find.is(200), but actually found 403
REQUEST		/studios/score?studioId=1- Fetch reward score by studio score	1675874509064	1675874509910	KO	status.find.is(200), but actually found 403
USER	Leaderboard API	START	1675874510065
REQUEST		/getStudioCharter?studioId=1- Fetch charter(Image) on the basis of studio Id	1675874509880	1675874510163	KO	status.find.is(200), but actually found 403
REQUEST		/studios/1- Get Studio details by Studio Id	1675874509885	1675874510163	KO	status.find.is(200), but actually found 403
REQUEST		/studios/score?studioId=1- Fetch reward score by studio score	1675874509398	1675874510224	KO	status.find.is(200), but actually found 403
USER	Leaderboard API	START	1675874510397
REQUEST		/studios/1- Get Studio details by Studio Id	1675874510228	1675874510506	KO	status.find.is(200), but actually found 403
REQUEST		/studios/score?studioId=1- Fetch reward score by studio score	1675874509731	1675874510554	KO	status.find.is(200), but actually found 403
REQUEST		/getStudioCharter?studioId=1- Fetch charter(Image) on the basis of studio Id	1675874510285	1675874510565	KO	status.find.is(200), but actually found 403
USER	Leaderboard API	START	1675874510730
REQUEST		/studios/1- Get Studio details by Studio Id	1675874510551	1675874510829	KO	status.find.is(200), but actually found 403
REQUEST		/getStudioCharter?studioId=1- Fetch charter(Image) on the basis of studio Id	1675874510601	1675874510889	KO	status.find.is(200), but actually found 403
REQUEST		/studios/score?studioId=1- Fetch reward score by studio score	1675874510065	1675874510911	KO	status.find.is(200), but actually found 403
USER	Leaderboard API	START	1675874511064
REQUEST		/getStudioCharter?studioId=1- Fetch charter(Image) on the basis of studio Id	1675874510895	1675874511218	KO	status.find.is(200), but actually found 403
REQUEST		/studios/1- Get Studio details by Studio Id	1675874510904	1675874511219	KO	status.find.is(200), but actually found 403
REQUEST		/studios/score?studioId=1- Fetch reward score by studio score	1675874510397	1675874511222	KO	status.find.is(200), but actually found 403
USER	Leaderboard API	START	1675874511396
REQUEST		/getStudioCharter?studioId=1- Fetch charter(Image) on the basis of studio Id	1675874511215	1675874511504	KO	status.find.is(200), but actually found 403
REQUEST		/studios/1- Get Studio details by Studio Id	1675874511225	1675874511505	KO	status.find.is(200), but actually found 403
REQUEST		/studios/score?studioId=1- Fetch reward score by studio score	1675874510730	1675874511582	KO	status.find.is(200), but actually found 403
USER	Leaderboard API	START	1675874511729
REQUEST		/getStudioCharter?studioId=1- Fetch charter(Image) on the basis of studio Id	1675874511495	1675874511773	KO	status.find.is(200), but actually found 403
REQUEST		/studioDetails- Fetch all Studio Ids and Studio names	1675874511537	1675874511818	KO	status.find.is(200), but actually found 403
REQUEST		/studios/1- Get Studio details by Studio Id	1675874511550	1675874511830	KO	status.find.is(200), but actually found 403
REQUEST		/studios/score?studioId=1- Fetch reward score by studio score	1675874511064	1675874511880	KO	status.find.is(200), but actually found 403
USER	Leaderboard API	START	1675874512064
REQUEST		/studioDetails- Fetch all Studio Ids and Studio names	1675874511798	1675874512076	KO	status.find.is(200), but actually found 403
REQUEST		/getStudioCharter?studioId=1- Fetch charter(Image) on the basis of studio Id	1675874511825	1675874512102	KO	status.find.is(200), but actually found 403
REQUEST		/studios/1- Get Studio details by Studio Id	1675874511918	1675874512205	KO	status.find.is(200), but actually found 403
REQUEST		/studios/score?studioId=1- Fetch reward score by studio score	1675874511397	1675874512215	KO	status.find.is(200), but actually found 403
USER	Leaderboard API	START	1675874512397
REQUEST		/studioDetails- Fetch all Studio Ids and Studio names	1675874512130	1675874512408	KO	status.find.is(200), but actually found 403
REQUEST		/getStudioCharter?studioId=1- Fetch charter(Image) on the basis of studio Id	1675874512162	1675874512436	KO	status.find.is(200), but actually found 403
REQUEST		/studios/1- Get Studio details by Studio Id	1675874512235	1675874512517	KO	status.find.is(200), but actually found 403
REQUEST		/studios/score?studioId=1- Fetch reward score by studio score	1675874511730	1675874512579	KO	status.find.is(200), but actually found 403
USER	Leaderboard API	START	1675874512730
REQUEST		/getStudioCharter?studioId=1- Fetch charter(Image) on the basis of studio Id	1675874512535	1675874512817	KO	status.find.is(200), but actually found 403
REQUEST		/studios/1- Get Studio details by Studio Id	1675874512552	1675874512828	KO	status.find.is(200), but actually found 403
REQUEST		/studioDetails- Fetch all Studio Ids and Studio names	1675874512548	1675874512830	KO	status.find.is(200), but actually found 403
REQUEST		/studios/score?studioId=1- Fetch reward score by studio score	1675874512064	1675874512912	KO	status.find.is(200), but actually found 403
USER	Leaderboard API	START	1675874513064
REQUEST		/getStudioCharter?studioId=1- Fetch charter(Image) on the basis of studio Id	1675874512829	1675874513104	KO	status.find.is(200), but actually found 403
REQUEST		/studioDetails- Fetch all Studio Ids and Studio names	1675874512852	1675874513131	KO	status.find.is(200), but actually found 403
REQUEST		/studios/1- Get Studio details by Studio Id	1675874512911	1675874513199	KO	status.find.is(200), but actually found 403
REQUEST		/studios/score?studioId=1- Fetch reward score by studio score	1675874512397	1675874513217	KO	status.find.is(200), but actually found 403
USER	Leaderboard API	START	1675874513397
REQUEST		/getStudioCharter?studioId=1- Fetch charter(Image) on the basis of studio Id	1675874513164	1675874513441	KO	status.find.is(200), but actually found 403
REQUEST		/studioDetails- Fetch all Studio Ids and Studio names	1675874513164	1675874513445	KO	status.find.is(200), but actually found 403
REQUEST		/studios/1- Get Studio details by Studio Id	1675874513226	1675874513506	KO	status.find.is(200), but actually found 403
REQUEST		/studios/score?studioId=1- Fetch reward score by studio score	1675874512730	1675874513560	KO	status.find.is(200), but actually found 403
USER	Leaderboard API	START	1675874513730
REQUEST		/getStudioCharter?studioId=1- Fetch charter(Image) on the basis of studio Id	1675874513507	1675874513784	KO	status.find.is(200), but actually found 403
REQUEST		/studios/1- Get Studio details by Studio Id	1675874513555	1675874513835	KO	status.find.is(200), but actually found 403
REQUEST		/studioDetails- Fetch all Studio Ids and Studio names	1675874513567	1675874513844	KO	status.find.is(200), but actually found 403
REQUEST		/studios/score?studioId=1- Fetch reward score by studio score	1675874513065	1675874513888	KO	status.find.is(200), but actually found 403
USER	Leaderboard API	START	1675874514064
REQUEST		/getStudioCharter?studioId=1- Fetch charter(Image) on the basis of studio Id	1675874513830	1675874514106	KO	status.find.is(200), but actually found 403
REQUEST		/studioDetails- Fetch all Studio Ids and Studio names	1675874513890	1675874514178	KO	status.find.is(200), but actually found 403
REQUEST		/studios/1- Get Studio details by Studio Id	1675874513913	1675874514196	KO	status.find.is(200), but actually found 403
REQUEST		/studios/score?studioId=1- Fetch reward score by studio score	1675874513397	1675874514224	KO	status.find.is(200), but actually found 403
USER	Leaderboard API	START	1675874514397
REQUEST		/studios/1- Get Studio details by Studio Id	1675874514223	1675874514502	KO	status.find.is(200), but actually found 403
REQUEST		/getStudioCharter?studioId=1- Fetch charter(Image) on the basis of studio Id	1675874514220	1675874514503	KO	status.find.is(200), but actually found 403
REQUEST		/studioDetails- Fetch all Studio Ids and Studio names	1675874514220	1675874514503	KO	status.find.is(200), but actually found 403
REQUEST		/studios/score?studioId=1- Fetch reward score by studio score	1675874513730	1675874514584	KO	status.find.is(200), but actually found 403
USER	Leaderboard API	START	1675874514730
REQUEST		/getStudioCharter?studioId=1- Fetch charter(Image) on the basis of studio Id	1675874514505	1675874514782	KO	status.find.is(200), but actually found 403
REQUEST		/studioDetails- Fetch all Studio Ids and Studio names	1675874514505	1675874514791	KO	status.find.is(200), but actually found 403
REQUEST		/studios/1- Get Studio details by Studio Id	1675874514583	1675874514870	KO	status.find.is(200), but actually found 403
REQUEST		/studios/score?studioId=1- Fetch reward score by studio score	1675874514064	1675874514885	KO	status.find.is(200), but actually found 403
REQUEST		/studioDetails- Fetch all Studio Ids and Studio names	1675874514774	1675874515050	KO	status.find.is(200), but actually found 403
USER	Leaderboard API	START	1675874515064
REQUEST		/studios-Get list of studio head all information like total members, monthly score, studio type	1675874514819	1675874515098	KO	status.find.is(200), but actually found 403
REQUEST		/getStudioCharter?studioId=1- Fetch charter(Image) on the basis of studio Id	1675874514831	1675874515107	KO	status.find.is(200), but actually found 403
REQUEST		/studios/1- Get Studio details by Studio Id	1675874514881	1675874515157	KO	status.find.is(200), but actually found 403
REQUEST		/studios/score?studioId=1- Fetch reward score by studio score	1675874514397	1675874515224	KO	status.find.is(200), but actually found 403
REQUEST		/studios-Get list of studio head all information like total members, monthly score, studio type	1675874515077	1675874515354	KO	status.find.is(200), but actually found 403
REQUEST		/studioDetails- Fetch all Studio Ids and Studio names	1675874515104	1675874515378	KO	status.find.is(200), but actually found 403
USER	Leaderboard API	START	1675874515397
REQUEST		/studios/1- Get Studio details by Studio Id	1675874515216	1675874515492	KO	status.find.is(200), but actually found 403
REQUEST		/getStudioCharter?studioId=1- Fetch charter(Image) on the basis of studio Id	1675874515206	1675874515493	KO	status.find.is(200), but actually found 403
REQUEST		/studios/score?studioId=1- Fetch reward score by studio score	1675874514730	1675874515559	KO	status.find.is(200), but actually found 403
REQUEST		/studios-Get list of studio head all information like total members, monthly score, studio type	1675874515409	1675874515694	KO	status.find.is(200), but actually found 403
REQUEST		/studioDetails- Fetch all Studio Ids and Studio names	1675874515437	1675874515712	KO	status.find.is(200), but actually found 403
USER	Leaderboard API	START	1675874515730
REQUEST		/getStudioCharter?studioId=1- Fetch charter(Image) on the basis of studio Id	1675874515518	1675874515799	KO	status.find.is(200), but actually found 403
REQUEST		/studios/1- Get Studio details by Studio Id	1675874515580	1675874515863	KO	status.find.is(200), but actually found 403
REQUEST		/studios/score?studioId=1- Fetch reward score by studio score	1675874515064	1675874515894	KO	status.find.is(200), but actually found 403
USER	Leaderboard API	START	1675874516064
REQUEST		/studioDetails- Fetch all Studio Ids and Studio names	1675874515819	1675874516095	KO	status.find.is(200), but actually found 403
REQUEST		/getStudioCharter?studioId=1- Fetch charter(Image) on the basis of studio Id	1675874515829	1675874516107	KO	status.find.is(200), but actually found 403
REQUEST		/studios-Get list of studio head all information like total members, monthly score, studio type	1675874515830	1675874516117	KO	status.find.is(200), but actually found 403
REQUEST		/studios/1- Get Studio details by Studio Id	1675874515913	1675874516198	KO	status.find.is(200), but actually found 403
REQUEST		/studios/score?studioId=1- Fetch reward score by studio score	1675874515397	1675874516219	KO	status.find.is(200), but actually found 403
USER	Leaderboard API	START	1675874516397
REQUEST		/studioDetails- Fetch all Studio Ids and Studio names	1675874516105	1675874516405	KO	status.find.is(200), but actually found 403
REQUEST		/studios-Get list of studio head all information like total members, monthly score, studio type	1675874516132	1675874516420	KO	status.find.is(200), but actually found 403
REQUEST		/getStudioCharter?studioId=1- Fetch charter(Image) on the basis of studio Id	1675874516200	1675874516487	KO	status.find.is(200), but actually found 403
REQUEST		/studios/1- Get Studio details by Studio Id	1675874516218	1675874516494	KO	status.find.is(200), but actually found 403
REQUEST		/studios/score?studioId=1- Fetch reward score by studio score	1675874515730	1675874516563	KO	status.find.is(200), but actually found 403
REQUEST		/studioDetails- Fetch all Studio Ids and Studio names	1675874516442	1675874516718	KO	status.find.is(200), but actually found 403
REQUEST		/studios-Get list of studio head all information like total members, monthly score, studio type	1675874516446	1675874516727	KO	status.find.is(200), but actually found 403
USER	Leaderboard API	START	1675874516731
REQUEST		/getStudioCharter?studioId=1- Fetch charter(Image) on the basis of studio Id	1675874516507	1675874516786	KO	status.find.is(200), but actually found 403
REQUEST		/studios/1- Get Studio details by Studio Id	1675874516561	1675874516841	KO	status.find.is(200), but actually found 403
REQUEST		/studios/score?studioId=1- Fetch reward score by studio score	1675874516065	1675874516966	KO	status.find.is(200), but actually found 403
REQUEST		/studioDetails- Fetch all Studio Ids and Studio names	1675874516785	1675874517062	KO	status.find.is(200), but actually found 403
USER	Leaderboard API	START	1675874517065
REQUEST		/studios-Get list of studio head all information like total members, monthly score, studio type	1675874516845	1675874517126	KO	status.find.is(200), but actually found 403
REQUEST		/getStudioCharter?studioId=1- Fetch charter(Image) on the basis of studio Id	1675874516836	1675874517128	KO	status.find.is(200), but actually found 403
REQUEST		/studios/1- Get Studio details by Studio Id	1675874516889	1675874517176	KO	status.find.is(200), but actually found 403
REQUEST		/studios/score?studioId=1- Fetch reward score by studio score	1675874516398	1675874517224	KO	status.find.is(200), but actually found 403
REQUEST		/studioDetails- Fetch all Studio Ids and Studio names	1675874517107	1675874517383	KO	status.find.is(200), but actually found 403
USER	Leaderboard API	START	1675874517397
REQUEST		/studios-Get list of studio head all information like total members, monthly score, studio type	1675874517179	1675874517465	KO	status.find.is(200), but actually found 403
REQUEST		/getStudioCharter?studioId=1- Fetch charter(Image) on the basis of studio Id	1675874517198	1675874517485	KO	status.find.is(200), but actually found 403
REQUEST		/studios/1- Get Studio details by Studio Id	1675874517225	1675874517507	KO	status.find.is(200), but actually found 403
REQUEST		/studios/score?studioId=1- Fetch reward score by studio score	1675874516731	1675874517574	KO	status.find.is(200), but actually found 403
USER	Leaderboard API	START	1675874517730
REQUEST		/getStudioCharter?studioId=1- Fetch charter(Image) on the basis of studio Id	1675874517503	1675874517783	KO	status.find.is(200), but actually found 403
REQUEST		/studios-Get list of studio head all information like total members, monthly score, studio type	1675874517504	1675874517788	KO	status.find.is(200), but actually found 403
REQUEST		/studioDetails- Fetch all Studio Ids and Studio names	1675874517504	1675874517790	KO	status.find.is(200), but actually found 403
REQUEST		/studios/1- Get Studio details by Studio Id	1675874517585	1675874517874	KO	status.find.is(200), but actually found 403
REQUEST		/studios/score?studioId=1- Fetch reward score by studio score	1675874517065	1675874517890	KO	status.find.is(200), but actually found 403
REQUEST		/studioDetails- Fetch all Studio Ids and Studio names	1675874517782	1675874518060	KO	status.find.is(200), but actually found 403
USER	Leaderboard API	START	1675874518064
REQUEST		/studios-Get list of studio head all information like total members, monthly score, studio type	1675874517792	1675874518078	KO	status.find.is(200), but actually found 403
REQUEST		/getStudioCharter?studioId=1- Fetch charter(Image) on the basis of studio Id	1675874517871	1675874518160	KO	status.find.is(200), but actually found 403
REQUEST		/studios/1- Get Studio details by Studio Id	1675874517886	1675874518171	KO	status.find.is(200), but actually found 403
REQUEST		/studios/score?studioId=1- Fetch reward score by studio score	1675874517397	1675874518218	KO	status.find.is(200), but actually found 403
REQUEST		/studios-Get list of studio head all information like total members, monthly score, studio type	1675874518051	1675874518326	KO	status.find.is(200), but actually found 403
REQUEST		/studio/1?month=March&year=2021- Get monthly contribution score for particular studio-	1675874518099	1675874518379	KO	status.find.is(200), but actually found 403
REQUEST		/studioDetails- Fetch all Studio Ids and Studio names	1675874518108	1675874518383	KO	status.find.is(200), but actually found 403
USER	Leaderboard API	START	1675874518397
REQUEST		/getStudioCharter?studioId=1- Fetch charter(Image) on the basis of studio Id	1675874518158	1675874518433	KO	status.find.is(200), but actually found 403
REQUEST		/studios/1- Get Studio details by Studio Id	1675874518224	1675874518503	KO	status.find.is(200), but actually found 403
REQUEST		/studios/score?studioId=1- Fetch reward score by studio score	1675874517730	1675874518549	KO	status.find.is(200), but actually found 403
REQUEST		/studio/1?month=March&year=2021- Get monthly contribution score for particular studio-	1675874518355	1675874518632	KO	status.find.is(200), but actually found 403
REQUEST		/studios-Get list of studio head all information like total members, monthly score, studio type	1675874518380	1675874518656	KO	status.find.is(200), but actually found 403
USER	Leaderboard API	START	1675874518730
REQUEST		/getStudioCharter?studioId=1- Fetch charter(Image) on the basis of studio Id	1675874518493	1675874518770	KO	status.find.is(200), but actually found 403
REQUEST		/studioDetails- Fetch all Studio Ids and Studio names	1675874518494	1675874518781	KO	status.find.is(200), but actually found 403
REQUEST		/studios/1- Get Studio details by Studio Id	1675874518560	1675874518839	KO	status.find.is(200), but actually found 403
REQUEST		/studios/score?studioId=1- Fetch reward score by studio score	1675874518064	1675874518890	KO	status.find.is(200), but actually found 403
REQUEST		/studio/1?month=March&year=2021- Get monthly contribution score for particular studio-	1675874518695	1675874518973	KO	status.find.is(200), but actually found 403
REQUEST		/studios-Get list of studio head all information like total members, monthly score, studio type	1675874518713	1675874518986	KO	status.find.is(200), but actually found 403
USER	Leaderboard API	START	1675874519064
REQUEST		/studioDetails- Fetch all Studio Ids and Studio names	1675874518800	1675874519083	KO	status.find.is(200), but actually found 403
REQUEST		/getStudioCharter?studioId=1- Fetch charter(Image) on the basis of studio Id	1675874518864	1675874519147	KO	status.find.is(200), but actually found 403
REQUEST		/studios/1- Get Studio details by Studio Id	1675874518895	1675874519174	KO	status.find.is(200), but actually found 403
REQUEST		/studios/score?studioId=1- Fetch reward score by studio score	1675874518397	1675874519213	KO	status.find.is(200), but actually found 403
REQUEST		/studios-Get list of studio head all information like total members, monthly score, studio type	1675874519096	1675874519372	KO	status.find.is(200), but actually found 403
REQUEST		/studioDetails- Fetch all Studio Ids and Studio names	1675874519108	1675874519386	KO	status.find.is(200), but actually found 403
USER	Leaderboard API	START	1675874519396
REQUEST		/studio/1?month=March&year=2021- Get monthly contribution score for particular studio-	1675874519118	1675874519400	KO	status.find.is(200), but actually found 403
REQUEST		/getStudioCharter?studioId=1- Fetch charter(Image) on the basis of studio Id	1675874519199	1675874519486	KO	status.find.is(200), but actually found 403
REQUEST		/studios/1- Get Studio details by Studio Id	1675874519220	1675874519497	KO	status.find.is(200), but actually found 403
REQUEST		/studios/score?studioId=1- Fetch reward score by studio score	1675874518730	1675874519551	KO	status.find.is(200), but actually found 403
REQUEST		/studios-Get list of studio head all information like total members, monthly score, studio type	1675874519405	1675874519681	KO	status.find.is(200), but actually found 403
REQUEST		/studio/1?month=March&year=2021- Get monthly contribution score for particular studio-	1675874519421	1675874519701	KO	status.find.is(200), but actually found 403
USER	Leaderboard API	START	1675874519730
REQUEST		/getStudioCharter?studioId=1- Fetch charter(Image) on the basis of studio Id	1675874519495	1675874519771	KO	status.find.is(200), but actually found 403
REQUEST		/studioDetails- Fetch all Studio Ids and Studio names	1675874519488	1675874519774	KO	status.find.is(200), but actually found 403
REQUEST		/studios/1- Get Studio details by Studio Id	1675874519564	1675874519840	KO	status.find.is(200), but actually found 403
REQUEST		/studios/score?studioId=1- Fetch reward score by studio score	1675874519064	1675874519906	KO	status.find.is(200), but actually found 403
REQUEST		/studios-Get list of studio head all information like total members, monthly score, studio type	1675874519719	1675874519996	KO	status.find.is(200), but actually found 403
REQUEST		/studio/1?month=March&year=2021- Get monthly contribution score for particular studio-	1675874519728	1675874520011	KO	status.find.is(200), but actually found 403
USER	Leaderboard API	START	1675874520064
REQUEST		/studioDetails- Fetch all Studio Ids and Studio names	1675874519787	1675874520066	KO	status.find.is(200), but actually found 403
REQUEST		/getStudioCharter?studioId=1- Fetch charter(Image) on the basis of studio Id	1675874519842	1675874520123	KO	status.find.is(200), but actually found 403
REQUEST		/studios/score?studioId=1- Fetch reward score by studio score	1675874519397	1675874520223	KO	status.find.is(200), but actually found 403
REQUEST		/studios/1- Get Studio details by Studio Id	1675874519967	1675874520248	KO	status.find.is(200), but actually found 403
REQUEST		/studios-Get list of studio head all information like total members, monthly score, studio type	1675874520063	1675874520341	KO	status.find.is(200), but actually found 403
USER	Leaderboard API	START	1675874520396
REQUEST		/studioDetails- Fetch all Studio Ids and Studio names	1675874520129	1675874520413	KO	status.find.is(200), but actually found 403
REQUEST		/studio/1?month=March&year=2021- Get monthly contribution score for particular studio-	1675874520127	1675874520414	KO	status.find.is(200), but actually found 403
REQUEST		/getStudioCharter?studioId=1- Fetch charter(Image) on the basis of studio Id	1675874520177	1675874520453	KO	status.find.is(200), but actually found 403
REQUEST		/studios/1- Get Studio details by Studio Id	1675874520225	1675874520501	KO	status.find.is(200), but actually found 403
REQUEST		/studios/score?studioId=1- Fetch reward score by studio score	1675874519730	1675874520587	KO	status.find.is(200), but actually found 403
REQUEST		/studios-Get list of studio head all information like total members, monthly score, studio type	1675874520385	1675874520660	KO	status.find.is(200), but actually found 403
USER	Leaderboard API	START	1675874520729
REQUEST		/studio/1?month=March&year=2021- Get monthly contribution score for particular studio-	1675874520466	1675874520752	KO	status.find.is(200), but actually found 403
REQUEST		/studioDetails- Fetch all Studio Ids and Studio names	1675874520486	1675874520770	KO	status.find.is(200), but actually found 403
REQUEST		/getStudioCharter?studioId=1- Fetch charter(Image) on the basis of studio Id	1675874520507	1675874520790	KO	status.find.is(200), but actually found 403
REQUEST		/studios/1- Get Studio details by Studio Id	1675874520575	1675874520859	KO	status.find.is(200), but actually found 403
REQUEST		/studios/score?studioId=1- Fetch reward score by studio score	1675874520064	1675874520897	KO	status.find.is(200), but actually found 403
REQUEST		/studioDetails- Fetch all Studio Ids and Studio names	1675874520784	1675874521061	KO	status.find.is(200), but actually found 403
USER	Leaderboard API	START	1675874521063
REQUEST		/studio/1?month=March&year=2021- Get monthly contribution score for particular studio-	1675874520788	1675874521072	KO	status.find.is(200), but actually found 403
REQUEST		/studios-Get list of studio head all information like total members, monthly score, studio type	1675874520791	1675874521074	KO	status.find.is(200), but actually found 403
REQUEST		/getStudioCharter?studioId=1- Fetch charter(Image) on the basis of studio Id	1675874520875	1675874521161	KO	status.find.is(200), but actually found 403
REQUEST		/studios/1- Get Studio details by Studio Id	1675874520890	1675874521169	KO	status.find.is(200), but actually found 403
REQUEST		/studios/score?studioId=1- Fetch reward score by studio score	1675874520397	1675874521217	KO	status.find.is(200), but actually found 403
REQUEST		/studios-Get list of studio head all information like total members, monthly score, studio type	1675874521061	1675874521337	KO	status.find.is(200), but actually found 403
REQUEST		/studio/1?month=March&year=2021- Get monthly contribution score for particular studio-	1675874521079	1675874521365	KO	status.find.is(200), but actually found 403
USER	Leaderboard API	END	1675874521384
USER	Leaderboard API	START	1675874521396
REQUEST		/studioDetails- Fetch all Studio Ids and Studio names	1675874521161	1675874521448	KO	status.find.is(200), but actually found 403
REQUEST		/getStudioCharter?studioId=1- Fetch charter(Image) on the basis of studio Id	1675874521172	1675874521449	KO	status.find.is(200), but actually found 403
REQUEST		/studios/1- Get Studio details by Studio Id	1675874521219	1675874521496	KO	status.find.is(200), but actually found 403
REQUEST		/studios/score?studioId=1- Fetch reward score by studio score	1675874520730	1675874521551	KO	status.find.is(200), but actually found 403
REQUEST		/studio/1?month=March&year=2021- Get monthly contribution score for particular studio-	1675874521327	1675874521603	KO	status.find.is(200), but actually found 403
USER	Leaderboard API	END	1675874521633
REQUEST		/studios-Get list of studio head all information like total members, monthly score, studio type	1675874521384	1675874521660	KO	status.find.is(200), but actually found 403
REQUEST		/studioDetails- Fetch all Studio Ids and Studio names	1675874521434	1675874521709	KO	status.find.is(200), but actually found 403
USER	Leaderboard API	START	1675874521730
REQUEST		/getStudioCharter?studioId=1- Fetch charter(Image) on the basis of studio Id	1675874521503	1675874521783	KO	status.find.is(200), but actually found 403
REQUEST		/studios/1- Get Studio details by Studio Id	1675874521549	1675874521825	KO	status.find.is(200), but actually found 403
REQUEST		/studios/score?studioId=1- Fetch reward score by studio score	1675874521064	1675874521913	KO	status.find.is(200), but actually found 403
REQUEST		/studio/1?month=March&year=2021- Get monthly contribution score for particular studio-	1675874521657	1675874521933	KO	status.find.is(200), but actually found 403
USER	Leaderboard API	END	1675874521974
REQUEST		/studioDetails- Fetch all Studio Ids and Studio names	1675874521771	1675874522048	KO	status.find.is(200), but actually found 403
USER	Leaderboard API	START	1675874522064
REQUEST		/studios-Get list of studio head all information like total members, monthly score, studio type	1675874521781	1675874522067	KO	status.find.is(200), but actually found 403
REQUEST		/getStudioCharter?studioId=1- Fetch charter(Image) on the basis of studio Id	1675874521840	1675874522120	KO	status.find.is(200), but actually found 403
REQUEST		/studios/1- Get Studio details by Studio Id	1675874521891	1675874522172	KO	status.find.is(200), but actually found 403
REQUEST		/studios/score?studioId=1- Fetch reward score by studio score	1675874521397	1675874522213	KO	status.find.is(200), but actually found 403
REQUEST		/studio/1?month=March&year=2021- Get monthly contribution score for particular studio-	1675874521987	1675874522263	KO	status.find.is(200), but actually found 403
REQUEST		/studios-Get list of studio head all information like total members, monthly score, studio type	1675874522084	1675874522366	KO	status.find.is(200), but actually found 403
USER	Leaderboard API	START	1675874522397
USER	Leaderboard API	END	1675874522401
REQUEST		/studioDetails- Fetch all Studio Ids and Studio names	1675874522148	1675874522431	KO	status.find.is(200), but actually found 403
REQUEST		/getStudioCharter?studioId=1- Fetch charter(Image) on the basis of studio Id	1675874522175	1675874522460	KO	status.find.is(200), but actually found 403
REQUEST		/studios/1- Get Studio details by Studio Id	1675874522214	1675874522489	KO	status.find.is(200), but actually found 403
REQUEST		/studios/score?studioId=1- Fetch reward score by studio score	1675874521730	1675874522575	KO	status.find.is(200), but actually found 403
REQUEST		/studio/1?month=March&year=2021- Get monthly contribution score for particular studio-	1675874522373	1675874522651	KO	status.find.is(200), but actually found 403
REQUEST		/studios-Get list of studio head all information like total members, monthly score, studio type	1675874522387	1675874522665	KO	status.find.is(200), but actually found 403
USER	Leaderboard API	END	1675874522702
USER	Leaderboard API	START	1675874522730
REQUEST		/getStudioCharter?studioId=1- Fetch charter(Image) on the basis of studio Id	1675874522498	1675874522774	KO	status.find.is(200), but actually found 403
REQUEST		/studioDetails- Fetch all Studio Ids and Studio names	1675874522487	1675874522775	KO	status.find.is(200), but actually found 403
REQUEST		/studios/1- Get Studio details by Studio Id	1675874522552	1675874522830	KO	status.find.is(200), but actually found 403
REQUEST		/studios/score?studioId=1- Fetch reward score by studio score	1675874522064	1675874522882	KO	status.find.is(200), but actually found 403
REQUEST		/studio/1?month=March&year=2021- Get monthly contribution score for particular studio-	1675874522682	1675874522958	KO	status.find.is(200), but actually found 403
USER	Leaderboard API	END	1675874523013
REQUEST		/studioDetails- Fetch all Studio Ids and Studio names	1675874522772	1675874523050	KO	status.find.is(200), but actually found 403
REQUEST		/studios-Get list of studio head all information like total members, monthly score, studio type	1675874522775	1675874523061	KO	status.find.is(200), but actually found 403
USER	Leaderboard API	START	1675874523064
REQUEST		/getStudioCharter?studioId=1- Fetch charter(Image) on the basis of studio Id	1675874522841	1675874523117	KO	status.find.is(200), but actually found 403
REQUEST		/studios/1- Get Studio details by Studio Id	1675874522907	1675874523191	KO	status.find.is(200), but actually found 403
REQUEST		/studios/score?studioId=1- Fetch reward score by studio score	1675874522397	1675874523241	KO	status.find.is(200), but actually found 403
REQUEST		/studio/1?month=March&year=2021- Get monthly contribution score for particular studio-	1675874522997	1675874523274	KO	status.find.is(200), but actually found 403
REQUEST		/studios-Get list of studio head all information like total members, monthly score, studio type	1675874523067	1675874523349	KO	status.find.is(200), but actually found 403
USER	Leaderboard API	START	1675874523396
REQUEST		/studioDetails- Fetch all Studio Ids and Studio names	1675874523124	1675874523404	KO	status.find.is(200), but actually found 403
USER	Leaderboard API	END	1675874523415
REQUEST		/studios/1- Get Studio details by Studio Id	1675874523224	1675874523501	KO	status.find.is(200), but actually found 403
REQUEST		/getStudioCharter?studioId=1- Fetch charter(Image) on the basis of studio Id	1675874523249	1675874523532	KO	status.find.is(200), but actually found 403
REQUEST		/studios/score?studioId=1- Fetch reward score by studio score	1675874522730	1675874523555	KO	status.find.is(200), but actually found 403
REQUEST		/studio/1?month=March&year=2021- Get monthly contribution score for particular studio-	1675874523342	1675874523619	KO	status.find.is(200), but actually found 403
REQUEST		/studios-Get list of studio head all information like total members, monthly score, studio type	1675874523414	1675874523691	KO	status.find.is(200), but actually found 403
USER	Leaderboard API	START	1675874523729
REQUEST		/studioDetails- Fetch all Studio Ids and Studio names	1675874523454	1675874523732	KO	status.find.is(200), but actually found 403
USER	Leaderboard API	END	1675874523753
REQUEST		/getStudioCharter?studioId=1- Fetch charter(Image) on the basis of studio Id	1675874523502	1675874523780	KO	status.find.is(200), but actually found 403
REQUEST		/studios/1- Get Studio details by Studio Id	1675874523588	1675874523877	KO	status.find.is(200), but actually found 403
REQUEST		/studios/score?studioId=1- Fetch reward score by studio score	1675874523064	1675874523884	KO	status.find.is(200), but actually found 403
REQUEST		/studio/1?month=March&year=2021- Get monthly contribution score for particular studio-	1675874523661	1675874523938	KO	status.find.is(200), but actually found 403
REQUEST		/studios-Get list of studio head all information like total members, monthly score, studio type	1675874523771	1675874524056	KO	status.find.is(200), but actually found 403
USER	Leaderboard API	START	1675874524064
REQUEST		/studioDetails- Fetch all Studio Ids and Studio names	1675874523791	1675874524072	KO	status.find.is(200), but actually found 403
USER	Leaderboard API	END	1675874524073
REQUEST		/getStudioCharter?studioId=1- Fetch charter(Image) on the basis of studio Id	1675874523860	1675874524144	KO	status.find.is(200), but actually found 403
REQUEST		/studios/1- Get Studio details by Studio Id	1675874523898	1675874524180	KO	status.find.is(200), but actually found 403
REQUEST		/studios/score?studioId=1- Fetch reward score by studio score	1675874523397	1675874524222	KO	status.find.is(200), but actually found 403
REQUEST		/studios-Get list of studio head all information like total members, monthly score, studio type	1675874524061	1675874524338	KO	status.find.is(200), but actually found 403
REQUEST		/studio/1?month=March&year=2021- Get monthly contribution score for particular studio-	1675874524074	1675874524355	KO	status.find.is(200), but actually found 403
USER	Leaderboard API	END	1675874524365
USER	Leaderboard API	START	1675874524397
REQUEST		/studioDetails- Fetch all Studio Ids and Studio names	1675874524162	1675874524449	KO	status.find.is(200), but actually found 403
REQUEST		/getStudioCharter?studioId=1- Fetch charter(Image) on the basis of studio Id	1675874524170	1675874524449	KO	status.find.is(200), but actually found 403
REQUEST		/studios/1- Get Studio details by Studio Id	1675874524218	1675874524495	KO	status.find.is(200), but actually found 403
REQUEST		/studios/score?studioId=1- Fetch reward score by studio score	1675874523730	1675874524575	KO	status.find.is(200), but actually found 403
USER	Leaderboard API	END	1675874524604
REQUEST		/studio/1?month=March&year=2021- Get monthly contribution score for particular studio-	1675874524338	1675874524614	KO	status.find.is(200), but actually found 403
REQUEST		/studioDetails- Fetch all Studio Ids and Studio names	1675874524450	1675874524726	KO	status.find.is(200), but actually found 403
USER	Leaderboard API	START	1675874524730
REQUEST		/studios-Get list of studio head all information like total members, monthly score, studio type	1675874524449	1675874524735	KO	status.find.is(200), but actually found 403
REQUEST		/getStudioCharter?studioId=1- Fetch charter(Image) on the basis of studio Id	1675874524497	1675874524773	KO	status.find.is(200), but actually found 403
REQUEST		/studios/1- Get Studio details by Studio Id	1675874524552	1675874524829	KO	status.find.is(200), but actually found 403
REQUEST		/studios/score?studioId=1- Fetch reward score by studio score	1675874524064	1675874524884	KO	status.find.is(200), but actually found 403
USER	Leaderboard API	END	1675874524934
REQUEST		/studio/1?month=March&year=2021- Get monthly contribution score for particular studio-	1675874524661	1675874524937	KO	status.find.is(200), but actually found 403
REQUEST		/studios-Get list of studio head all information like total members, monthly score, studio type	1675874524711	1675874524990	KO	status.find.is(200), but actually found 403
REQUEST		/studioDetails- Fetch all Studio Ids and Studio names	1675874524784	1675874525063	KO	status.find.is(200), but actually found 403
USER	Leaderboard API	START	1675874525064
REQUEST		/getStudioCharter?studioId=1- Fetch charter(Image) on the basis of studio Id	1675874524826	1675874525101	KO	status.find.is(200), but actually found 403
REQUEST		/studios/1- Get Studio details by Studio Id	1675874524914	1675874525201	KO	status.find.is(200), but actually found 403
REQUEST		/studios/score?studioId=1- Fetch reward score by studio score	1675874524397	1675874525209	KO	status.find.is(200), but actually found 403
USER	Leaderboard API	END	1675874525264
REQUEST		/studios-Get list of studio head all information like total members, monthly score, studio type	1675874525049	1675874525324	KO	status.find.is(200), but actually found 403
REQUEST		/studio/1?month=March&year=2021- Get monthly contribution score for particular studio-	1675874525068	1675874525367	KO	status.find.is(200), but actually found 403
USER	Leaderboard API	START	1675874525397
REQUEST		/studioDetails- Fetch all Studio Ids and Studio names	1675874525121	1675874525402	KO	status.find.is(200), but actually found 403
REQUEST		/getStudioCharter?studioId=1- Fetch charter(Image) on the basis of studio Id	1675874525173	1675874525453	KO	status.find.is(200), but actually found 403
REQUEST		/studios/1- Get Studio details by Studio Id	1675874525214	1675874525488	KO	status.find.is(200), but actually found 403
REQUEST		/studios/score?studioId=1- Fetch reward score by studio score	1675874524730	1675874525563	KO	status.find.is(200), but actually found 403
REQUEST		/studio/1?month=March&year=2021- Get monthly contribution score for particular studio-	1675874525367	1675874525648	KO	status.find.is(200), but actually found 403
USER	Leaderboard API	END	1675874525653
REQUEST		/studios-Get list of studio head all information like total members, monthly score, studio type	1675874525432	1675874525716	KO	status.find.is(200), but actually found 403
USER	Leaderboard API	START	1675874525729
REQUEST		/studioDetails- Fetch all Studio Ids and Studio names	1675874525461	1675874525741	KO	status.find.is(200), but actually found 403
REQUEST		/getStudioCharter?studioId=1- Fetch charter(Image) on the basis of studio Id	1675874525489	1675874525767	KO	status.find.is(200), but actually found 403
REQUEST		/studios/1- Get Studio details by Studio Id	1675874525576	1675874525859	KO	status.find.is(200), but actually found 403
REQUEST		/studios/score?studioId=1- Fetch reward score by studio score	1675874525064	1675874525885	KO	status.find.is(200), but actually found 403
REQUEST		/studio/1?month=March&year=2021- Get monthly contribution score for particular studio-	1675874525666	1675874525942	KO	status.find.is(200), but actually found 403
USER	Leaderboard API	END	1675874525959
REQUEST		/studioDetails- Fetch all Studio Ids and Studio names	1675874525775	1675874526053	KO	status.find.is(200), but actually found 403
REQUEST		/studios-Get list of studio head all information like total members, monthly score, studio type	1675874525776	1675874526062	KO	status.find.is(200), but actually found 403
USER	Leaderboard API	START	1675874526063
REQUEST		/getStudioCharter?studioId=1- Fetch charter(Image) on the basis of studio Id	1675874525830	1675874526109	KO	status.find.is(200), but actually found 403
REQUEST		/studios/1- Get Studio details by Studio Id	1675874525883	1675874526158	KO	status.find.is(200), but actually found 403
REQUEST		/studios/score?studioId=1- Fetch reward score by studio score	1675874525397	1675874526231	KO	status.find.is(200), but actually found 403
USER	Leaderboard API	END	1675874526275
REQUEST		/studios-Get list of studio head all information like total members, monthly score, studio type	1675874526051	1675874526327	KO	status.find.is(200), but actually found 403
REQUEST		/studio/1?month=March&year=2021- Get monthly contribution score for particular studio-	1675874526061	1675874526346	KO	status.find.is(200), but actually found 403
REQUEST		/studioDetails- Fetch all Studio Ids and Studio names	1675874526118	1675874526392	KO	status.find.is(200), but actually found 403
USER	Leaderboard API	START	1675874526397
REQUEST		/getStudioCharter?studioId=1- Fetch charter(Image) on the basis of studio Id	1675874526192	1675874526475	KO	status.find.is(200), but actually found 403
REQUEST		/studios/1- Get Studio details by Studio Id	1675874526242	1675874526528	KO	status.find.is(200), but actually found 403
REQUEST		/studios/score?studioId=1- Fetch reward score by studio score	1675874525730	1675874526539	KO	status.find.is(200), but actually found 403
USER	Leaderboard API	END	1675874526620
REQUEST		/studio/1?month=March&year=2021- Get monthly contribution score for particular studio-	1675874526349	1675874526632	KO	status.find.is(200), but actually found 403
REQUEST		/studios-Get list of studio head all information like total members, monthly score, studio type	1675874526405	1675874526684	KO	status.find.is(200), but actually found 403
USER	Leaderboard API	START	1675874526729
REQUEST		/getStudioCharter?studioId=1- Fetch charter(Image) on the basis of studio Id	1675874526502	1675874526788	KO	status.find.is(200), but actually found 403
REQUEST		/studioDetails- Fetch all Studio Ids and Studio names	1675874526533	1675874526815	KO	status.find.is(200), but actually found 403
REQUEST		/studios/1- Get Studio details by Studio Id	1675874526557	1675874526835	KO	status.find.is(200), but actually found 403
REQUEST		/studios/score?studioId=1- Fetch reward score by studio score	1675874526064	1675874526886	KO	status.find.is(200), but actually found 403
USER	Leaderboard API	END	1675874526939
REQUEST		/studio/1?month=March&year=2021- Get monthly contribution score for particular studio-	1675874526692	1675874526971	KO	status.find.is(200), but actually found 403
REQUEST		/studios-Get list of studio head all information like total members, monthly score, studio type	1675874526733	1675874527010	KO	status.find.is(200), but actually found 403
REQUEST		/studioDetails- Fetch all Studio Ids and Studio names	1675874526781	1675874527059	KO	status.find.is(200), but actually found 403
USER	Leaderboard API	START	1675874527063
REQUEST		/studios/1- Get Studio details by Studio Id	1675874526885	1675874527172	KO	status.find.is(200), but actually found 403
REQUEST		/getStudioCharter?studioId=1- Fetch charter(Image) on the basis of studio Id	1675874526878	1675874527178	KO	status.find.is(200), but actually found 403
REQUEST		/studios/score?studioId=1- Fetch reward score by studio score	1675874526397	1675874527220	KO	status.find.is(200), but actually found 403
REQUEST		/studio/1?month=March&year=2021- Get monthly contribution score for particular studio-	1675874527058	1675874527342	KO	status.find.is(200), but actually found 403
REQUEST		/studios-Get list of studio head all information like total members, monthly score, studio type	1675874527073	1675874527351	KO	status.find.is(200), but actually found 403
USER	Leaderboard API	END	1675874527357
USER	Leaderboard API	START	1675874527397
REQUEST		/studioDetails- Fetch all Studio Ids and Studio names	1675874527145	1675874527430	KO	status.find.is(200), but actually found 403
REQUEST		/getStudioCharter?studioId=1- Fetch charter(Image) on the basis of studio Id	1675874527181	1675874527461	KO	status.find.is(200), but actually found 403
REQUEST		/studios/1- Get Studio details by Studio Id	1675874527222	1675874527500	KO	status.find.is(200), but actually found 403
REQUEST		/studios/score?studioId=1- Fetch reward score by studio score	1675874526730	1675874527559	KO	status.find.is(200), but actually found 403
USER	Leaderboard API	END	1675874527615
REQUEST		/studio/1?month=March&year=2021- Get monthly contribution score for particular studio-	1675874527339	1675874527617	KO	status.find.is(200), but actually found 403
REQUEST		/studioDetails- Fetch all Studio Ids and Studio names	1675874527450	1675874527728	KO	status.find.is(200), but actually found 403
USER	Leaderboard API	START	1675874527730
REQUEST		/studios-Get list of studio head all information like total members, monthly score, studio type	1675874527450	1675874527740	KO	status.find.is(200), but actually found 403
REQUEST		/getStudioCharter?studioId=1- Fetch charter(Image) on the basis of studio Id	1675874527496	1675874527775	KO	status.find.is(200), but actually found 403
REQUEST		/studios/1- Get Studio details by Studio Id	1675874527576	1675874527853	KO	status.find.is(200), but actually found 403
REQUEST		/studios/score?studioId=1- Fetch reward score by studio score	1675874527064	1675874527897	KO	status.find.is(200), but actually found 403
USER	Leaderboard API	END	1675874527938
REQUEST		/studios-Get list of studio head all information like total members, monthly score, studio type	1675874527727	1675874528003	KO	status.find.is(200), but actually found 403
REQUEST		/studio/1?month=March&year=2021- Get monthly contribution score for particular studio-	1675874527736	1675874528022	KO	status.find.is(200), but actually found 403
REQUEST		/studioDetails- Fetch all Studio Ids and Studio names	1675874527775	1675874528051	KO	status.find.is(200), but actually found 403
USER	Leaderboard API	START	1675874528064
REQUEST		/getStudioCharter?studioId=1- Fetch charter(Image) on the basis of studio Id	1675874527830	1675874528110	KO	status.find.is(200), but actually found 403
REQUEST		/studios/1- Get Studio details by Studio Id	1675874527885	1675874528162	KO	status.find.is(200), but actually found 403
REQUEST		/studios/score?studioId=1- Fetch reward score by studio score	1675874527397	1675874528208	KO	status.find.is(200), but actually found 403
REQUEST		/studio/1?month=March&year=2021- Get monthly contribution score for particular studio-	1675874527990	1675874528267	KO	status.find.is(200), but actually found 403
REQUEST		/studios-Get list of studio head all information like total members, monthly score, studio type	1675874528064	1675874528341	KO	status.find.is(200), but actually found 403
USER	Leaderboard API	END	1675874528368
REQUEST		/studioDetails- Fetch all Studio Ids and Studio names	1675874528102	1675874528378	KO	status.find.is(200), but actually found 403
USER	Leaderboard API	START	1675874528396
REQUEST		/studios/1- Get Studio details by Studio Id	1675874528210	1675874528485	KO	status.find.is(200), but actually found 403
REQUEST		/getStudioCharter?studioId=1- Fetch charter(Image) on the basis of studio Id	1675874528202	1675874528488	KO	status.find.is(200), but actually found 403
REQUEST		/studios/score?studioId=1- Fetch reward score by studio score	1675874527730	1675874528545	KO	status.find.is(200), but actually found 403
REQUEST		/studio/1?month=March&year=2021- Get monthly contribution score for particular studio-	1675874528325	1675874528600	KO	status.find.is(200), but actually found 403
USER	Leaderboard API	END	1675874528649
REQUEST		/studios-Get list of studio head all information like total members, monthly score, studio type	1675874528402	1675874528684	KO	status.find.is(200), but actually found 403
USER	Leaderboard API	START	1675874528729
REQUEST		/studioDetails- Fetch all Studio Ids and Studio names	1675874528454	1675874528733	KO	status.find.is(200), but actually found 403
REQUEST		/getStudioCharter?studioId=1- Fetch charter(Image) on the basis of studio Id	1675874528489	1675874528762	KO	status.find.is(200), but actually found 403
REQUEST		/studios/1- Get Studio details by Studio Id	1675874528564	1675874528854	KO	status.find.is(200), but actually found 403
REQUEST		/studios/score?studioId=1- Fetch reward score by studio score	1675874528064	1675874528898	KO	status.find.is(200), but actually found 403
USER	Leaderboard API	END	1675874528943
REQUEST		/studio/1?month=March&year=2021- Get monthly contribution score for particular studio-	1675874528716	1675874528999	KO	status.find.is(200), but actually found 403
REQUEST		/studios-Get list of studio head all information like total members, monthly score, studio type	1675874528742	1675874529022	KO	status.find.is(200), but actually found 403
REQUEST		/studioDetails- Fetch all Studio Ids and Studio names	1675874528768	1675874529043	KO	status.find.is(200), but actually found 403
USER	Leaderboard API	START	1675874529064
REQUEST		/getStudioCharter?studioId=1- Fetch charter(Image) on the basis of studio Id	1675874528860	1675874529143	KO	status.find.is(200), but actually found 403
REQUEST		/studios/1- Get Studio details by Studio Id	1675874528885	1675874529162	KO	status.find.is(200), but actually found 403
REQUEST		/studios/score?studioId=1- Fetch reward score by studio score	1675874528397	1675874529235	KO	status.find.is(200), but actually found 403
REQUEST		/studios-Get list of studio head all information like total members, monthly score, studio type	1675874529054	1675874529331	KO	status.find.is(200), but actually found 403
REQUEST		/studio/1?month=March&year=2021- Get monthly contribution score for particular studio-	1675874529063	1675874529347	KO	status.find.is(200), but actually found 403
USER	Leaderboard API	END	1675874529347
REQUEST		/studioDetails- Fetch all Studio Ids and Studio names	1675874529110	1675874529386	KO	status.find.is(200), but actually found 403
USER	Leaderboard API	START	1675874529396
REQUEST		/getStudioCharter?studioId=1- Fetch charter(Image) on the basis of studio Id	1675874529159	1675874529433	KO	status.find.is(200), but actually found 403
REQUEST		/studios/1- Get Studio details by Studio Id	1675874529231	1675874529511	KO	status.find.is(200), but actually found 403
REQUEST		/studios/score?studioId=1- Fetch reward score by studio score	1675874528730	1675874529553	KO	status.find.is(200), but actually found 403
REQUEST		/studio/1?month=March&year=2021- Get monthly contribution score for particular studio-	1675874529328	1675874529604	KO	status.find.is(200), but actually found 403
USER	Leaderboard API	END	1675874529633
REQUEST		/studios-Get list of studio head all information like total members, monthly score, studio type	1675874529392	1675874529668	KO	status.find.is(200), but actually found 403
USER	Leaderboard API	START	1675874529729
REQUEST		/studioDetails- Fetch all Studio Ids and Studio names	1675874529476	1675874529761	KO	status.find.is(200), but actually found 403
REQUEST		/getStudioCharter?studioId=1- Fetch charter(Image) on the basis of studio Id	1675874529529	1675874529813	KO	status.find.is(200), but actually found 403
REQUEST		/studios/1- Get Studio details by Studio Id	1675874529540	1675874529813	KO	status.find.is(200), but actually found 403
REQUEST		/studios/score?studioId=1- Fetch reward score by studio score	1675874529064	1675874529886	KO	status.find.is(200), but actually found 403
REQUEST		/studio/1?month=March&year=2021- Get monthly contribution score for particular studio-	1675874529685	1675874529965	KO	status.find.is(200), but actually found 403
USER	Leaderboard API	END	1675874529972
USER	Leaderboard API	START	1675874530063
REQUEST		/studioDetails- Fetch all Studio Ids and Studio names	1675874529789	1675874530067	KO	status.find.is(200), but actually found 403
REQUEST		/studios-Get list of studio head all information like total members, monthly score, studio type	1675874529816	1675874530099	KO	status.find.is(200), but actually found 403
REQUEST		/getStudioCharter?studioId=1- Fetch charter(Image) on the basis of studio Id	1675874529836	1675874530117	KO	status.find.is(200), but actually found 403
REQUEST		/studios/1- Get Studio details by Studio Id	1675874529887	1675874530165	KO	status.find.is(200), but actually found 403
REQUEST		/studios/score?studioId=1- Fetch reward score by studio score	1675874529397	1675874530225	KO	status.find.is(200), but actually found 403
REQUEST		/studio/1?month=March&year=2021- Get monthly contribution score for particular studio-	1675874530011	1675874530288	KO	status.find.is(200), but actually found 403
REQUEST		/studios-Get list of studio head all information like total members, monthly score, studio type	1675874530060	1675874530336	KO	status.find.is(200), but actually found 403
USER	Leaderboard API	END	1675874530343
USER	Leaderboard API	START	1675874530397
REQUEST		/getStudioCharter?studioId=1- Fetch charter(Image) on the basis of studio Id	1675874530173	1675874530450	KO	status.find.is(200), but actually found 403
REQUEST		/studioDetails- Fetch all Studio Ids and Studio names	1675874530179	1675874530467	KO	status.find.is(200), but actually found 403
REQUEST		/studios/1- Get Studio details by Studio Id	1675874530221	1675874530497	KO	status.find.is(200), but actually found 403
REQUEST		/studios/score?studioId=1- Fetch reward score by studio score	1675874529730	1675874530591	KO	status.find.is(200), but actually found 403
USER	Leaderboard API	END	1675874530618
REQUEST		/studio/1?month=March&year=2021- Get monthly contribution score for particular studio-	1675874530352	1675874530630	KO	status.find.is(200), but actually found 403
REQUEST		/studios-Get list of studio head all information like total members, monthly score, studio type	1675874530431	1675874530715	KO	status.find.is(200), but actually found 403
USER	Leaderboard API	START	1675874530730
REQUEST		/studioDetails- Fetch all Studio Ids and Studio names	1675874530462	1675874530743	KO	status.find.is(200), but actually found 403
REQUEST		/getStudioCharter?studioId=1- Fetch charter(Image) on the basis of studio Id	1675874530501	1675874530777	KO	status.find.is(200), but actually found 403
REQUEST		/studios/1- Get Studio details by Studio Id	1675874530560	1675874530840	KO	status.find.is(200), but actually found 403
REQUEST		/studios/score?studioId=1- Fetch reward score by studio score	1675874530064	1675874530920	KO	status.find.is(200), but actually found 403
REQUEST		/studios-Get list of studio head all information like total members, monthly score, studio type	1675874530729	1675874531007	KO	status.find.is(200), but actually found 403
USER	Leaderboard API	END	1675874531023
REQUEST		/studio/1?month=March&year=2021- Get monthly contribution score for particular studio-	1675874530741	1675874531039	KO	status.find.is(200), but actually found 403
REQUEST		/studioDetails- Fetch all Studio Ids and Studio names	1675874530776	1675874531053	KO	status.find.is(200), but actually found 403
USER	Leaderboard API	START	1675874531064
REQUEST		/getStudioCharter?studioId=1- Fetch charter(Image) on the basis of studio Id	1675874530854	1675874531132	KO	status.find.is(200), but actually found 403
REQUEST		/studios/1- Get Studio details by Studio Id	1675874530898	1675874531179	KO	status.find.is(200), but actually found 403
REQUEST		/studios/score?studioId=1- Fetch reward score by studio score	1675874530397	1675874531231	KO	status.find.is(200), but actually found 403
USER	Leaderboard API	END	1675874531268
REQUEST		/studio/1?month=March&year=2021- Get monthly contribution score for particular studio-	1675874531004	1675874531280	KO	status.find.is(200), but actually found 403
REQUEST		/studios-Get list of studio head all information like total members, monthly score, studio type	1675874531052	1675874531330	KO	status.find.is(200), but actually found 403
REQUEST		/studioDetails- Fetch all Studio Ids and Studio names	1675874531111	1675874531388	KO	status.find.is(200), but actually found 403
USER	Leaderboard API	START	1675874531396
REQUEST		/getStudioCharter?studioId=1- Fetch charter(Image) on the basis of studio Id	1675874531162	1675874531438	KO	status.find.is(200), but actually found 403
REQUEST		/studios/1- Get Studio details by Studio Id	1675874531209	1675874531482	KO	status.find.is(200), but actually found 403
REQUEST		/studios/score?studioId=1- Fetch reward score by studio score	1675874530730	1675874531547	KO	status.find.is(200), but actually found 403
USER	Leaderboard API	END	1675874531602
REQUEST		