RUN	Simulations.Runner.Go1percent	go1percent	1675874905981	 	3.5.1
ERROR	/studios/score?studioId=1- Fetch reward score by studio score: Failed to build request: No attribute named 'access_token' is defined 	1675874907071
USER	Leaderboard API	START	1675874907056
ERROR	/studios/score?studioId=1- Fetch reward score by studio score: Failed to build request: No attribute named 'access_token' is defined 	1675874907379
USER	Leaderboard API	START	1675874907379
ERROR	/studios/score?studioId=1- Fetch reward score by studio score: Failed to build request: No attribute named 'access_token' is defined 	1675874907713
USER	Leaderboard API	START	1675874907712
ERROR	/studios/score?studioId=1- Fetch reward score by studio score: Failed to build request: No attribute named 'access_token' is defined 	1675874908047
USER	Leaderboard API	START	1675874908047
ERROR	/studios/score?studioId=1- Fetch reward score by studio score: Failed to build request: No attribute named 'access_token' is defined 	1675874908381
USER	Leaderboard API	START	1675874908380
ERROR	/studios/score?studioId=1- Fetch reward score by studio score: Failed to build request: No attribute named 'access_token' is defined 	1675874908714
USER	Leaderboard API	START	1675874908714
ERROR	/studios/score?studioId=1- Fetch reward score by studio score: Failed to build request: No attribute named 'access_token' is defined 	1675874909048
USER	Leaderboard API	START	1675874909048
ERROR	/studios/score?studioId=1- Fetch reward score by studio score: Failed to build request: No attribute named 'access_token' is defined 	1675874909374
USER	Leaderboard API	START	1675874909374
ERROR	/studios/score?studioId=1- Fetch reward score by studio score: Failed to build request: No attribute named 'access_token' is defined 	1675874909708
USER	Leaderboard API	START	1675874909708
ERROR	/studios/score?studioId=1- Fetch reward score by studio score: Failed to build request: No attribute named 'access_token' is defined 	1675874910042
USER	Leaderboard API	START	1675874910042
ERROR	/studios/1- Get Studio details by Studio Id: Failed to build request: No attribute named 'access_token' is defined 	1675874910079
ERROR	/studios/score?studioId=1- Fetch reward score by studio score: Failed to build request: No attribute named 'access_token' is defined 	1675874910374
USER	Leaderboard API	START	1675874910373
ERROR	/studios/1- Get Studio details by Studio Id: Failed to build request: No attribute named 'access_token' is defined 	1675874910380
ERROR	/studios/score?studioId=1- Fetch reward score by studio score: Failed to build request: No attribute named 'access_token' is defined 	1675874910707
USER	Leaderboard API	START	1675874910707
ERROR	/studios/1- Get Studio details by Studio Id: Failed to build request: No attribute named 'access_token' is defined 	1675874910714
ERROR	/studios/score?studioId=1- Fetch reward score by studio score: Failed to build request: No attribute named 'access_token' is defined 	1675874911042
USER	Leaderboard API	START	1675874911042
ERROR	/studios/1- Get Studio details by Studio Id: Failed to build request: No attribute named 'access_token' is defined 	1675874911048
ERROR	/studios/score?studioId=1- Fetch reward score by studio score: Failed to build request: No attribute named 'access_token' is defined 	1675874911374
USER	Leaderboard API	START	1675874911373
ERROR	/studios/1- Get Studio details by Studio Id: Failed to build request: No attribute named 'access_token' is defined 	1675874911382
ERROR	/studios/score?studioId=1- Fetch reward score by studio score: Failed to build request: No attribute named 'access_token' is defined 	1675874911708
USER	Leaderboard API	START	1675874911707
ERROR	/studios/1- Get Studio details by Studio Id: Failed to build request: No attribute named 'access_token' is defined 	1675874911715
ERROR	/studios/score?studioId=1- Fetch reward score by studio score: Failed to build request: No attribute named 'access_token' is defined 	1675874912042
USER	Leaderboard API	START	1675874912042
ERROR	/studios/1- Get Studio details by Studio Id: Failed to build request: No attribute named 'access_token' is defined 	1675874912049
ERROR	/studios/score?studioId=1- Fetch reward score by studio score: Failed to build request: No attribute named 'access_token' is defined 	1675874912374
USER	Leaderboard API	START	1675874912374
ERROR	/studios/1- Get Studio details by Studio Id: Failed to build request: No attribute named 'access_token' is defined 	1675874912375
ERROR	/studios/score?studioId=1- Fetch reward score by studio score: Failed to build request: No attribute named 'access_token' is defined 	1675874912708
USER	Leaderboard API	START	1675874912708
ERROR	/studios/1- Get Studio details by Studio Id: Failed to build request: No attribute named 'access_token' is defined 	1675874912709
ERROR	/studios/score?studioId=1- Fetch reward score by studio score: Failed to build request: No attribute named 'access_token' is defined 	1675874913042
USER	Leaderboard API	START	1675874913042
ERROR	/studios/1- Get Studio details by Studio Id: Failed to build request: No attribute named 'access_token' is defined 	1675874913044
ERROR	/getStudioCharter?studioId=1- Fetch charter(Image) on the basis of studio Id: Failed to build request: No attribute named 'access_token' is defined 	1675874913080
ERROR	/studios/score?studioId=1- Fetch reward score by studio score: Failed to build request: No attribute named 'access_token' is defined 	1675874913374
ERROR	/studios/1- Get Studio details by Studio Id: Failed to build request: No attribute named 'access_token' is defined 	1675874913375
USER	Leaderboard API	START	1675874913374
ERROR	/getStudioCharter?studioId=1- Fetch charter(Image) on the basis of studio Id: Failed to build request: No attribute named 'access_token' is defined 	1675874913381
ERROR	/studios/score?studioId=1- Fetch reward score by studio score: Failed to build request: No attribute named 'access_token' is defined 	1675874913707
USER	Leaderboard API	START	1675874913707
ERROR	/studios/1- Get Studio details by Studio Id: Failed to build request: No attribute named 'access_token' is defined 	1675874913708
ERROR	/getStudioCharter?studioId=1- Fetch charter(Image) on the basis of studio Id: Failed to build request: No attribute named 'access_token' is defined 	1675874913715
ERROR	/studios/score?studioId=1- Fetch reward score by studio score: Failed to build request: No attribute named 'access_token' is defined 	1675874914041
USER	Leaderboard API	START	1675874914041
ERROR	/studios/1- Get Studio details by Studio Id: Failed to build request: No attribute named 'access_token' is defined 	1675874914043
ERROR	/getStudioCharter?studioId=1- Fetch charter(Image) on the basis of studio Id: Failed to build request: No attribute named 'access_token' is defined 	1675874914050
ERROR	/studios/score?studioId=1- Fetch reward score by studio score: Failed to build request: No attribute named 'access_token' is defined 	1675874914374
USER	Leaderboard API	START	1675874914374
ERROR	/studios/1- Get Studio details by Studio Id: Failed to build request: No attribute named 'access_token' is defined 	1675874914375
ERROR	/getStudioCharter?studioId=1- Fetch charter(Image) on the basis of studio Id: Failed to build request: No attribute named 'access_token' is defined 	1675874914383
ERROR	/studios/score?studioId=1- Fetch reward score by studio score: Failed to build request: No attribute named 'access_token' is defined 	1675874914707
USER	Leaderboard API	START	1675874914707
ERROR	/studios/1- Get Studio details by Studio Id: Failed to build request: No attribute named 'access_token' is defined 	1675874914709
ERROR	/getStudioCharter?studioId=1- Fetch charter(Image) on the basis of studio Id: Failed to build request: No attribute named 'access_token' is defined 	1675874914716
ERROR	/studios/score?studioId=1- Fetch reward score by studio score: Failed to build request: No attribute named 'access_token' is defined 	1675874915041
USER	Leaderboard API	START	1675874915041
ERROR	/studios/1- Get Studio details by Studio Id: Failed to build request: No attribute named 'access_token' is defined 	1675874915043
ERROR	/getStudioCharter?studioId=1- Fetch charter(Image) on the basis of studio Id: Failed to build request: No attribute named 'access_token' is defined 	1675874915050
ERROR	/studios/score?studioId=1- Fetch reward score by studio score: Failed to build request: No attribute named 'access_token' is defined 	1675874915374
USER	Leaderboard API	START	1675874915373
ERROR	/studios/1- Get Studio details by Studio Id: Failed to build request: No attribute named 'access_token' is defined 	1675874915375
ERROR	/getStudioCharter?studioId=1- Fetch charter(Image) on the basis of studio Id: Failed to build request: No attribute named 'access_token' is defined 	1675874915376
ERROR	/studios/score?studioId=1- Fetch reward score by studio score: Failed to build request: No attribute named 'access_token' is defined 	1675874915707
USER	Leaderboard API	START	1675874915707
ERROR	/studios/1- Get Studio details by Studio Id: Failed to build request: No attribute named 'access_token' is defined 	1675874915709
ERROR	/getStudioCharter?studioId=1- Fetch charter(Image) on the basis of studio Id: Failed to build request: No attribute named 'access_token' is defined 	1675874915710
ERROR	/studios/score?studioId=1- Fetch reward score by studio score: Failed to build request: No attribute named 'access_token' is defined 	1675874916041
USER	Leaderboard API	START	1675874916041
ERROR	/studios/1- Get Studio details by Studio Id: Failed to build request: No attribute named 'access_token' is defined 	1675874916043
ERROR	/getStudioCharter?studioId=1- Fetch charter(Image) on the basis of studio Id: Failed to build request: No attribute named 'access_token' is defined 	1675874916045
ERROR	/studioDetails- Fetch all Studio Ids and Studio names: Failed to build request: No attribute named 'access_token' is defined 	1675874916081
ERROR	/studios/score?studioId=1- Fetch reward score by studio score: Failed to build request: No attribute named 'access_token' is defined 	1675874916374
USER	Leaderboard API	START	1675874916374
ERROR	/studios/1- Get Studio details by Studio Id: Failed to build request: No attribute named 'access_token' is defined 	1675874916375
ERROR	/getStudioCharter?studioId=1- Fetch charter(Image) on the basis of studio Id: Failed to build request: No attribute named 'access_token' is defined 	1675874916376
ERROR	/studioDetails- Fetch all Studio Ids and Studio names: Failed to build request: No attribute named 'access_token' is defined 	1675874916382
ERROR	/studios/score?studioId=1- Fetch reward score by studio score: Failed to build request: No attribute named 'access_token' is defined 	1675874916707
USER	Leaderboard API	START	1675874916707
ERROR	/studios/1- Get Studio details by Studio Id: Failed to build request: No attribute named 'access_token' is defined 	1675874916709
ERROR	/getStudioCharter?studioId=1- Fetch charter(Image) on the basis of studio Id: Failed to build request: No attribute named 'access_token' is defined 	1675874916710
ERROR	/studioDetails- Fetch all Studio Ids and Studio names: Failed to build request: No attribute named 'access_token' is defined 	1675874916716
ERROR	/studios/score?studioId=1- Fetch reward score by studio score: Failed to build request: No attribute named 'access_token' is defined 	1675874917041
USER	Leaderboard API	START	1675874917041
ERROR	/studios/1- Get Studio details by Studio Id: Failed to build request: No attribute named 'access_token' is defined 	1675874917042
ERROR	/getStudioCharter?studioId=1- Fetch charter(Image) on the basis of studio Id: Failed to build request: No attribute named 'access_token' is defined 	1675874917044
ERROR	/studioDetails- Fetch all Studio Ids and Studio names: Failed to build request: No attribute named 'access_token' is defined 	1675874917051
ERROR	/studios/score?studioId=1- Fetch reward score by studio score: Failed to build request: No attribute named 'access_token' is defined 	1675874917374
USER	Leaderboard API	START	1675874917374
ERROR	/studios/1- Get Studio details by Studio Id: Failed to build request: No attribute named 'access_token' is defined 	1675874917375
ERROR	/getStudioCharter?studioId=1- Fetch charter(Image) on the basis of studio Id: Failed to build request: No attribute named 'access_token' is defined 	1675874917375
ERROR	/studioDetails- Fetch all Studio Ids and Studio names: Failed to build request: No attribute named 'access_token' is defined 	1675874917384
ERROR	/studios/score?studioId=1- Fetch reward score by studio score: Failed to build request: No attribute named 'access_token' is defined 	1675874917707
ERROR	/studios/1- Get Studio details by Studio Id: Failed to build request: No attribute named 'access_token' is defined 	1675874917708
USER	Leaderboard API	START	1675874917707
ERROR	/getStudioCharter?studioId=1- Fetch charter(Image) on the basis of studio Id: Failed to build request: No attribute named 'access_token' is defined 	1675874917710
ERROR	/studioDetails- Fetch all Studio Ids and Studio names: Failed to build request: No attribute named 'access_token' is defined 	1675874917717
ERROR	/studios/score?studioId=1- Fetch reward score by studio score: Failed to build request: No attribute named 'access_token' is defined 	1675874918041
USER	Leaderboard API	START	1675874918041
ERROR	/studios/1- Get Studio details by Studio Id: Failed to build request: No attribute named 'access_token' is defined 	1675874918042
ERROR	/getStudioCharter?studioId=1- Fetch charter(Image) on the basis of studio Id: Failed to build request: No attribute named 'access_token' is defined 	1675874918044
ERROR	/studioDetails- Fetch all Studio Ids and Studio names: Failed to build request: No attribute named 'access_token' is defined 	1675874918051
ERROR	/studios/score?studioId=1- Fetch reward score by studio score: Failed to build request: No attribute named 'access_token' is defined 	1675874918374
ERROR	/studios/1- Get Studio details by Studio Id: Failed to build request: No attribute named 'access_token' is defined 	1675874918375
USER	Leaderboard API	START	1675874918374
ERROR	/getStudioCharter?studioId=1- Fetch charter(Image) on the basis of studio Id: Failed to build request: No attribute named 'access_token' is defined 	1675874918376
ERROR	/studioDetails- Fetch all Studio Ids and Studio names: Failed to build request: No attribute named 'access_token' is defined 	1675874918377
ERROR	/studios/score?studioId=1- Fetch reward score by studio score: Failed to build request: No attribute named 'access_token' is defined 	1675874918708
ERROR	/studios/1- Get Studio details by Studio Id: Failed to build request: No attribute named 'access_token' is defined 	1675874918708
USER	Leaderboard API	START	1675874918707
ERROR	/getStudioCharter?studioId=1- Fetch charter(Image) on the basis of studio Id: Failed to build request: No attribute named 'access_token' is defined 	1675874918710
ERROR	/studioDetails- Fetch all Studio Ids and Studio names: Failed to build request: No attribute named 'access_token' is defined 	1675874918711
ERROR	/studios/score?studioId=1- Fetch reward score by studio score: Failed to build request: No attribute named 'access_token' is defined 	1675874919042
ERROR	/studios/1- Get Studio details by Studio Id: Failed to build request: No attribute named 'access_token' is defined 	1675874919042
USER	Leaderboard API	START	1675874919042
ERROR	