RUN	Simulations.Runner.Go1percent	go1percent	1675060628040	 	3.5.1
USER	Summary API	START	1675060629659
USER	Summary API	START	1675060629747
USER	Summary API	START	1675060629847
USER	Summary API	START	1675060629948
USER	Summary API	START	1675060630049
USER	Summary API	START	1675060630149
USER	Summary API	START	1675060630249
USER	Summary API	START	1675060630349
USER	Summary API	START	1675060630449
USER	Summary API	START	1675060630549
REQUEST		Monthly Contribution-Fetch monthly data of user like contributions done in a month and scored according to contribution	1675060629687	1675060630614	OK	 
USER	Summary API	START	1675060630650
REQUEST		Monthly Contribution-Fetch monthly data of user like contributions done in a month and scored according to contribution	1675060629748	1675060630655	OK	 
REQUEST		Monthly Contribution-Fetch monthly data of user like contributions done in a month and scored according to contribution	1675060629848	1675060630746	OK	 
USER	Summary API	START	1675060630750
USER	Summary API	START	1675060630850
REQUEST		Monthly Contribution-Fetch monthly data of user like contributions done in a month and scored according to contribution	1675060629948	1675060630856	OK	 
USER	Summary API	START	1675060630951
REQUEST		Monthly Contribution-Fetch monthly data of user like contributions done in a month and scored according to contribution	1675060630050	1675060630952	OK	 
USER	Summary API	START	1675060631051
REQUEST		Monthly Contribution-Fetch monthly data of user like contributions done in a month and scored according to contribution	1675060630149	1675060631061	OK	 
USER	Summary API	START	1675060631152
REQUEST		Monthly Contribution-Fetch monthly data of user like contributions done in a month and scored according to contribution	1675060630250	1675060631169	OK	 
REQUEST		Monthly Contribution-Fetch monthly data of user like contributions done in a month and scored according to contribution	1675060630350	1675060631228	OK	 
USER	Summary API	START	1675060631252
REQUEST		Monthly Contribution-Fetch monthly data of user like contributions done in a month and scored according to contribution	1675060630450	1675060631345	OK	 
USER	Summary API	START	1675060631352
USER	Summary API	START	1675060631452
USER	Summary API	START	1675060631552
REQUEST		Monthly Contribution-Fetch monthly data of user like contributions done in a month and scored according to contribution	1675060630650	1675060631566	OK	 
REQUEST		Monthly Contribution-Fetch monthly data of user like contributions done in a month and scored according to contribution	1675060630550	1675060631602	OK	 
REQUEST		Monthly Contribution-Fetch monthly data of user like contributions done in a month and scored according to contribution	1675060630751	1675060631644	OK	 
USER	Summary API	START	1675060631653
REQUEST		Monthly Contribution-Fetch monthly data of user like contributions done in a month and scored according to contribution	1675060630851	1675060631736	OK	 
USER	Summary API	START	1675060631743
REQUEST		Monthly Contribution-Fetch monthly data of user like contributions done in a month and scored according to contribution	1675060630951	1675060631838	OK	 
USER	Summary API	START	1675060631844
USER	Summary API	START	1675060631944
REQUEST		Monthly Contribution-Fetch monthly data of user like contributions done in a month and scored according to contribution	1675060631052	1675060631977	OK	 
REQUEST		Monthly Contribution-Fetch monthly data of user like contributions done in a month and scored according to contribution	1675060631152	1675060632040	OK	 
USER	Summary API	START	1675060632044
USER	Summary API	START	1675060632144
REQUEST		Monthly Contribution-Fetch monthly data of user like contributions done in a month and scored according to contribution	1675060631252	1675060632150	OK	 
USER	Summary API	START	1675060632244
REQUEST		Monthly Contribution-Fetch monthly data of user like contributions done in a month and scored according to contribution	1675060631353	1675060632246	OK	 
REQUEST		Monthly Contribution-Fetch monthly data of user like contributions done in a month and scored according to contribution	1675060631453	1675060632339	OK	 
USER	Summary API	START	1675060632344
USER	Summary API	START	1675060632444
REQUEST		Monthly Contribution-Fetch monthly data of user like contributions done in a month and scored according to contribution	1675060631553	1675060632480	OK	 
REQUEST		Monthly Contribution-Fetch monthly data of user like contributions done in a month and scored according to contribution	1675060631653	1675060632545	OK	 
USER	Summary API	START	1675060632545
REQUEST		Monthly Contribution-Fetch monthly data of user like contributions done in a month and scored according to contribution	1675060631744	1675060632637	OK	 
USER	Summary API	START	1675060632644
USER	Summary API	START	1675060632744
REQUEST		Monthly Contribution-Fetch monthly data of user like contributions done in a month and scored according to contribution	1675060631844	1675060632763	OK	 
REQUEST		Monthly Contribution-Fetch monthly data of user like contributions done in a month and scored according to contribution	1675060631944	1675060632826	OK	 
USER	Summary API	START	1675060632844
REQUEST		Monthly Contribution-Fetch monthly data of user like contributions done in a month and scored according to contribution	1675060632044	1675060632923	OK	 
USER	Summary API	START	1675060632944
USER	Summary API	START	1675060633044
REQUEST		Monthly Contribution-Fetch monthly data of user like contributions done in a month and scored according to contribution	1675060632245	1675060633135	OK	 
USER	Summary API	START	1675060633144
REQUEST		Monthly Contribution-Fetch monthly data of user like contributions done in a month and scored according to contribution	1675060632145	1675060633159	OK	 
USER	Summary API	START	1675060633244
REQUEST		Monthly Contribution-Fetch monthly data of user like contributions done in a month and scored according to contribution	1675060632344	1675060633252	OK	 
USER	Summary API	START	1675060633344
REQUEST		Monthly Contribution-Fetch monthly data of user like contributions done in a month and scored according to contribution	1675060632444	1675060633352	OK	 
REQUEST		Monthly Contribution-Fetch monthly data of user like contributions done in a month and scored according to contribution	1675060632545	1675060633426	OK	 
USER	Summary API	START	1675060633444
REQUEST		Monthly Contribution-Fetch monthly data of user like contributions done in a month and scored according to contribution	1675060632645	1675060633538	OK	 
USER	Summary API	START	1675060633544
REQUEST		Monthly Contribution-Fetch monthly data of user like contributions done in a month and scored according to contribution	1675060632744	1675060633636	OK	 
USER	Summary API	START	1675060633645
USER	Summary API	START	1675060633743
REQUEST		Monthly Contribution-Fetch monthly data of user like contributions done in a month and scored according to contribution	1675060632944	1675060633819	OK	 
REQUEST		Monthly Contribution-Fetch monthly data of user like contributions done in a month and scored according to contribution	1675060632844	1675060633840	OK	 
USER	Summary API	START	1675060633844
REQUEST		Monthly Contribution-Fetch monthly data of user like contributions done in a month and scored according to contribution	1675060633044	1675060633938	OK	 
USER	Summary API	START	1675060633943
USER	Summary API	START	1675060634044
REQUEST		Monthly Contribution-Fetch monthly data of user like contributions done in a month and scored according to contribution	1675060633145	1675060634045	OK	 
REQUEST		Monthly Contribution-Fetch monthly data of user like contributions done in a month and scored according to contribution	1675060633245	1675060634132	OK	 
USER	Summary API	START	1675060634144
REQUEST		Monthly Contribution-Fetch monthly data of user like contributions done in a month and scored according to contribution	1675060633345	1675060634235	OK	 
USER	Summary API	START	1675060634244
USER	Summary API	START	1675060634344
REQUEST		Monthly Contribution-Fetch monthly data of user like contributions done in a month and scored according to contribution	1675060633444	1675060634348	OK	 
USER	Summary API	START	1675060634445
REQUEST		Monthly Contribution-Fetch monthly data of user like contributions done in a month and scored according to contribution	1675060633545	1675060634453	OK	 
USER	Summary API	START	1675060634545
REQUEST		Monthly Contribution-Fetch monthly data of user like contributions done in a month and scored according to contribution	1675060633645	1675060634560	OK	 
USER	Summary API	START	1675060634645
USER	Summary API	START	1675060634743
REQUEST		Monthly Contribution-Fetch monthly data of user like contributions done in a month and scored according to contribution	1675060633744	1675060634747	OK	 
REQUEST		Monthly Contribution-Fetch monthly data of user like contributions done in a month and scored according to contribution	1675060633844	1675060634748	OK	 
USER	Summary API	START	1675060634844
USER	Summary API	START	1675060634944
REQUEST		Monthly Contribution-Fetch monthly data of user like contributions done in a month and scored according to contribution	1675060633944	1675060635030	OK	 
REQUEST		Monthly Contribution-Fetch monthly data of user like contributions done in a month and scored according to contribution	1675060634044	1675060635030	OK	 
USER	Summary API	START	1675060635044
REQUEST		Monthly Contribution-Fetch monthly data of user like contributions done in a month and scored according to contribution	1675060634144	1675060635080	OK	 
USER	Summary API	START	1675060635144
REQUEST		Reputation- Fetch monthly contributions and all-time contributions data	1675060633626	1675060635181	OK	 
REQUEST		Reputation- Fetch monthly contributions and all-time contributions data	1675060633656	1675060635181	OK	 
REQUEST		Monthly Contribution-Fetch monthly data of user like contributions done in a month and scored according to contribution	1675060634244	1675060635198	OK	 
USER	Summary API	START	1675060635244
REQUEST		Reputation- Fetch monthly contributions and all-time contributions data	1675060633747	1675060635327	OK	 
REQUEST		Monthly Contribution-Fetch monthly data of user like contributions done in a month and scored according to contribution	1675060634345	1675060635327	OK	 
USER	Summary API	START	1675060635344
REQUEST		Reputation- Fetch monthly contributions and all-time contributions data	1675060633857	1675060635363	OK	 
REQUEST		Monthly Contribution-Fetch monthly data of user like contributions done in a month and scored according to contribution	1675060634445	1675060635404	OK	 
USER	Summary API	START	1675060635444
REQUEST		Monthly Contribution-Fetch monthly data of user like contributions done in a month and scored according to contribution	1675060634545	1675060635514	OK	 
USER	Summary API	START	1675060635545
USER	Summary API	START	1675060635645
REQUEST		Reputation- Fetch monthly contributions and all-time contributions data	1675060633953	1675060635670	OK	 
USER	Summary API	START	1675060635744
REQUEST		Reputation- Fetch monthly contributions and all-time contributions data	1675060634062	1675060635749	OK	 
REQUEST		Monthly Contribution-Fetch monthly data of user like contributions done in a month and scored according to contribution	1675060634646	1675060635750	OK	 
USER	Summary API	START	1675060635844
REQUEST		Monthly Contribution-Fetch monthly data of user like contributions done in a month and scored according to contribution	1675060634744	1675060635862	OK	 
USER	Summary API	START	1675060635944
REQUEST		Monthly Contribution-Fetch monthly data of user like contributions done in a month and scored according to contribution	1675060634944	1675060635958	OK	 
USER	Summary API	START	1675060636044
REQUEST		Monthly Contribution-Fetch monthly data of user like contributions done in a month and scored according to contribution	1675060634845	1675060636117	OK	 
REQUEST		Reputation- Fetch monthly contributions and all-time contributions data	1675060634346	1675060636119	OK	 
USER	Summary API	START	1675060636144
USER	Summary API	START	1675060636244
REQUEST		Monthly Contribution-Fetch monthly data of user like contributions done in a month and scored according to contribution	1675060635145	1675060636283	OK	 
USER	Summary API	START	1675060636344
USER	Summary API	START	1675060636444
REQUEST		Reputation- Fetch monthly contributions and all-time contributions data	1675060634647	1675060636536	OK	 
USER	Summary API	START	1675060636544
REQUEST		Reputation- Fetch monthly contributions and all-time contributions data	1675060634567	1675060636577	OK	 
REQUEST		Monthly Contribution-Fetch monthly data of user like contributions done in a month and scored according to contribution	1675060635245	1675060636620	OK	 
USER	Summary API	START	1675060636644
REQUEST		Reputation- Fetch monthly contributions and all-time contributions data	1675060634738	1675060636647	OK	 
REQUEST		Reputation- Fetch monthly contributions and all-time contributions data	1675060634229	1675060636656	OK	 
REQUEST		Reputation- Fetch monthly contributions and all-time contributions data	1675060634603	1675060636712	OK	 
USER	Summary API	START	1675060636744
REQUEST		Monthly Contribution-Fetch monthly data of user like contributions done in a month and scored according to contribution	1675060635545	1675060636799	OK	 
REQUEST		Reputation- Fetch monthly contributions and all-time contributions data	1675060634170	1675060636799	OK	 
REQUEST		Monthly Contribution-Fetch monthly data of user like contributions done in a month and scored according to contribution	1675060635345	1675060636799	OK	 
REQUEST		Monthly Contribution-Fetch monthly data of user like contributions done in a month and scored according to contribution	1675060635445	1675060636800	OK	 
USER	Summary API	START	1675060636843
USER	Summary API	START	1675060636944
REQUEST		Reputation- Fetch monthly contributions and all-time contributions data	1675060634977	1675060636998	OK	 
USER	Summary API	START	1675060637044
REQUEST		Monthly Contribution-Fetch monthly data of user like contributions done in a month and scored according to contribution	1675060635645	1675060637081	OK	 
REQUEST		Monthly Contribution-Fetch monthly data of user like contributions done in a month and scored according to contribution	1675060635744	1675060637081	OK	 
REQUEST		Monthly Contribution-Fetch monthly data of user like contributions done in a month and scored according to contribution	1675060635944	1675060637126	OK	 
USER	Summary API	START	1675060637144
REQUEST		Monthly Contribution-Fetch monthly data of user like contributions done in a month and scored according to contribution	1675060635844	1675060637211	OK	 
REQUEST		Monthly Contribution-Fetch monthly data of user like contributions done in a month and scored according to contribution	1675060636044	1675060637211	OK	 
USER	Summary API	START	1675060637244
USER	Summary API	START	1675060637344
USER	Summary API	START	1675060637444
USER	Summary API	START	1675060637544
REQUEST		Monthly Contribution-Fetch monthly data of user like contributions done in a month and scored according to contribution	1675060636144	1675060637554	OK	 
REQUEST		Monthly Contribution-Fetch monthly data of user like contributions done in a month and scored according to contribution	1675060636244	1675060637554	OK	 
REQUEST		Monthly Contribution-Fetch monthly data of user like contributions done in a month and scored according to contribution	1675060636344	1675060637617	OK	 
REQUEST		Reputation- Fetch monthly contributions and all-time contributions data	1675060634839	1675060637642	OK	 
USER	Summary API	START	1675060637644
REQUEST		Monthly Contribution-Fetch monthly data of user like contributions done in a month and scored according to contribution	1675060636444	1675060637722	OK	 
USER	Summary API	START	1675060637743
USER	Summary API	START	1675060637843
REQUEST		Monthly Contribution-Fetch monthly data of user like contributions done in a month and scored according to contribution	1675060636544	1675060637859	OK	 
REQUEST		Reputation- Fetch monthly contributions and all-time contributions data	1675060635546	1675060637887	OK	 
REQUEST		Monthly Contribution-Fetch monthly data of user like contributions done in a month and scored according to contribution	1675060636645	1675060637902	OK	 
USER	Summary API	START	1675060637944
USER	Summary API	START	1675060638044
REQUEST		Reputation- Fetch monthly contributions and all-time contributions data	1675060635481	1675060638099	OK	 
REQUEST		Reputation- Fetch monthly contributions and all-time contributions data	1675060635764	1675060638127	OK	 
REQUEST		Monthly Contribution-Fetch monthly data of user like contributions done in a month and scored according to contribution	1675060636844	1675060638127	OK	 
REQUEST		Reputation- Fetch monthly contributions and all-time contributions data	1675060635923	1675060638130	OK	 
USER	Summary API	START	1675060638144
REQUEST		Reputation- Fetch monthly contributions and all-time contributions data	1675060635247	1675060638190	OK	 
USER	Summary API	START	1675060638244
REQUEST		Monthly Contribution-Fetch monthly data of user like contributions done in a month and scored according to contribution	1675060637044	1675060638257	OK	 
REQUEST		Monthly Contribution-Fetch monthly data of user like contributions done in a month and scored according to contribution	1675060636944	1675060638272	OK	 
USER	Summary API	START	1675060638344
REQUEST		Reputation- Fetch monthly contributions and all-time contributions data	1675060636136	1675060638436	OK	 
USER	Summary API	START	1675060638444
REQUEST		Reputation- Fetch monthly contributions and all-time contributions data	1675060635340	1675060638473	OK	 
REQUEST		Monthly Contribution-Fetch monthly data of user like contributions done in a month and scored according to contribution	1675060637244	1675060638501	OK	 
REQUEST		Reputation- Fetch monthly contributions and all-time contributions data	1675060635041	1675060638512	OK	 
REQUEST		Monthly Contribution-Fetch monthly data of user like contributions done in a month and scored according to contribution	1675060637144	1675060638516	OK	 
USER	Summary API	START	1675060638544
REQUEST		Reputation- Fetch monthly contributions and all-time contributions data	1675060636160	1675060638554	OK	 
REQUEST		Reputation- Fetch monthly contributions and all-time contributions data	1675060636352	1675060638577	OK	 
REQUEST		Monthly Contribution-Fetch monthly data of user like contributions done in a month and scored according to contribution	1675060637444	1675060638592	OK	 
REQUEST		Reputation- Fetch monthly contributions and all-time contributions data	1675060636253	1675060638596	OK	 
USER	Summary API	START	1675060638644
USER	Summary API	START	1675060638744
REQUEST		Reputation- Fetch monthly contributions and all-time contributions data	1675060636820	1675060638805	OK	 
REQUEST		Monthly Contribution-Fetch monthly data of user like contributions done in a month and scored according to contribution	1675060637644	1675060638828	OK	 
REQUEST		Monthly Contribution-Fetch monthly data of user like contributions done in a month and scored according to contribution	1675060637544	1675060638828	OK	 
USER	Summary API	START	1675060638844
REQUEST		Hall of Frame-Fetches the top five monthly rankers for all the months in each year	1675060638183	1675060638889	OK	 
REQUEST		Reputation- Fetch monthly contributions and all-time contributions data	1675060636939	1675060638910	OK	 
REQUEST		Reputation- Fetch monthly contributions and all-time contributions data	1675060636637	1675060638914	OK	 
REQUEST		Reputation- Fetch monthly contributions and all-time contributions data	1675060636538	1675060638922	OK	 
REQUEST		Hall of Frame-Fetches the top five monthly rankers for all the months in each year	1675060638182	1675060638922	OK	 
REQUEST		Monthly Contribution-Fetch monthly data of user like contributions done in a month and scored according to contribution	1675060637744	1675060638933	OK	 
REQUEST		Monthly Contribution-Fetch monthly data of user like contributions done in a month and scored according to contribution	1675060635044	1675060638933	OK	 
USER	Summary API	START	1675060638944
REQUEST		Monthly Contribution-Fetch monthly data of user like contributions done in a month and scored according to contribution	1675060637844	1675060638962	OK	 
REQUEST		Monthly Contribution-Fetch monthly data of user like contributions done in a month and scored according to contribution	1675060637944	1675060638963	OK	 
REQUEST		Hall of Frame-Fetches the top five monthly rankers for all the months in each year	1675060638328	1675060639014	OK	 
USER	Summary API	START	1675060639044
REQUEST		Monthly Contribution-Fetch monthly data of user like contributions done in a month and scored according to contribution	1675060638044	1675060639049	OK	 
REQUEST		Hall of Frame-Fetches the top five monthly rankers for all the months in each year	1675060638364	1675060639058	OK	 
USER	Summary API	START	1675060639144
REQUEST		Reputation- Fetch monthly contributions and all-time contributions data	1675060637348	1675060639234	OK	 
USER	Summary API	START	1675060639244
REQUEST		Reputation- Fetch monthly contributions and all-time contributions data	1675060637454	1675060639273	OK	 
REQUEST		Monthly Contribution-Fetch monthly data of user like contributions done in a month and scored according to contribution	1675060638144	1675060639291	OK	 
REQUEST		Reputation- Fetch monthly contributions and all-time contributions data	1675060637045	1675060639296	OK	 
USER	Summary API	START	1675060639344
REQUEST		Reputation- Fetch monthly contributions and all-time contributions data	1675060635827	1675060639394	OK	 
USER	Summary API	START	1675060639444
REQUEST		Monthly Contribution-Fetch monthly data of user like contributions done in a month and scored according to contribution	1675060638244	1675060639485	OK	 
REQUEST		Hall of Frame-Fetches the top five monthly rankers for all the months in each year	1675060638671	1675060639485	OK	 
REQUEST		Reputation- Fetch monthly contributions and all-time contributions data	1675060635151	1675060639485	OK	 
REQUEST		Hall of Frame-Fetches the top five monthly rankers for all the months in each year	1675060638750	1675060639525	OK	 
USER	Summary API	START	1675060639545
REQUEST		Reputation- Fetch monthly contributions and all-time contributions data	1675060636427	1675060639626	OK	 
REQUEST		Reputation- Fetch monthly contributions and all-time contributions data	1675060637560	1675060639687	OK	 
REQUEST		Reputation- Fetch monthly contributions and all-time contributions data	1675060637749	1675060639687	OK	 
REQUEST		Monthly Contribution-Fetch monthly data of user like contributions done in a month and scored according to contribution	1675060638444	1675060639687	OK	 
REQUEST		Reputation- Fetch monthly contributions and all-time contributions data	1675060637748	1675060639733	OK	 
REQUEST		Monthly Contribution-Fetch monthly data of user like contributions done in a month and scored according to contribution	1675060638644	1675060639747	OK	 
REQUEST		Monthly Contribution-Fetch monthly data of user like contributions done in a month and scored according to contribution	1675060638544	1675060639747	OK	 
REQUEST		Reputation- Fetch monthly contributions and all-time contributions data	1675060638080	1675060639886	OK	 
REQUEST		Monthly Contribution-Fetch monthly data of user like contributions done in a month and scored according to contribution	1675060638745	1675060639934	OK	 
REQUEST		Monthly Contribution-Fetch monthly data of user like contributions done in a month and scored according to contribution	1675060638344	1675060639974	OK	 
REQUEST		Hall of Frame-Fetches the top five monthly rankers for all the months in each year	1675060639119	1675060640014	OK	 
REQUEST		Reputation- Fetch monthly contributions and all-time contributions data	1675060635638	1675060640046	OK	 
REQUEST		Reputation- Fetch monthly contributions and all-time contributions data	1675060637133	1675060640089	OK	 
REQUEST		Reputation- Fetch monthly contributions and all-time contributions data	1675060638199	1675060640104	OK	 
REQUEST		Reputation- Fetch monthly contributions and all-time contributions data	1675060638328	1675060640149	OK	 
REQUEST		Monthly Contribution-Fetch monthly data of user like contributions done in a month and scored according to contribution	1675060638944	1675060640149	OK	 
REQUEST		Reputation- Fetch monthly contributions and all-time contributions data	1675060638031	1675060640210	OK	 
REQUEST		Monthly Contribution-Fetch monthly data of user like contributions done in a month and scored according to contribution	1675060639044	1675060640253	OK	 
REQUEST		Hall of Frame-Fetches the top five monthly rankers for all the months in each year	1675060639578	1675060640442	OK	 
REQUEST		Monthly Contribution-Fetch monthly data of user like contributions done in a month and scored according to contribution	1675060639144	1675060640449	OK	 
REQUEST		Reputation- Fetch monthly contributions and all-time contributions data	1675060637236	1675060640468	OK	 
REQUEST		Reputation- Fetch monthly contributions and all-time contributions data	1675060638515	1675060640468	OK	 
REQUEST		Monthly Contribution-Fetch monthly data of user like contributions done in a month and scored according to contribution	1675060639244	1675060640501	OK	 
REQUEST		Reputation- Fetch monthly contributions and all-time contributions data	1675060638404	1675060640538	OK	 
REQUEST		Hall of Frame-Fetches the top five monthly rankers for all the months in each year	1675060639713	1675060640634	OK	 
REQUEST		Monthly Contribution-Fetch monthly data of user like contributions done in a month and scored according to contribution	1675060639344	1675060640634	OK	 
REQUEST		Reputation- Fetch monthly contributions and all-time contributions data	1675060638031	1675060640698	OK	 
REQUEST		Hall of Frame-Fetches the top five monthly rankers for all the months in each year	1675060639800	1675060640726	OK	 
REQUEST		Monthly Contribution-Fetch monthly data of user like contributions done in a month and scored according to contribution	1675060639445	1675060640757	OK	 
REQUEST		Reputation- Fetch monthly contributions and all-time contributions data	1675060638750	1675060640757	OK	 
REQUEST		Hall of Frame-Fetches the top five monthly rankers for all the months in each year	1675060639998	1675060640832	OK	 
REQUEST		Reputation- Fetch monthly contributions and all-time contributions data	1675060638863	1675060640832	OK	 
REQUEST		Hall of Frame-Fetches the top five monthly rankers for all the months in each year	1675060639657	1675060640906	OK	 
REQUEST		Reputation- Fetch monthly contributions and all-time contributions data	1675060638958	1675060640967	OK	 
REQUEST		Reputation- Fetch monthly contributions and all-time contributions data	1675060639118	1675060641117	OK	 
REQUEST		Hall of Frame-Fetches the top five monthly rankers for all the months in each year	1675060639648	1675060641236	OK	 
REQUEST		Hall of Frame-Fetches the top five monthly rankers for all the months in each year	1675060639538	1675060641273	OK	 
REQUEST		Reputation- Fetch monthly contributions and all-time contributions data	1675060639284	1675060641288	OK	 
REQUEST		Hall of Frame-Fetches the top five monthly rankers for all the months in each year	1675060640642	1675060641301	OK	 
REQUEST		Monthly Contribution-Fetch monthly data of user like contributions done in a month and scored according to contribution	1675060637344	1675060641325	OK	 
REQUEST		Reputation- Fetch monthly contributions and all-time contributions data	1675060636841	1675060641413	OK	 
REQUEST		Reputation- Fetch monthly contributions and all-time contributions data	1675060639621	1675060641517	OK	 
REQUEST		Reputation- Fetch monthly contributions and all-time contributions data	1675060639800	1675060641609	OK	 
REQUEST		Hall of Frame-Fetches the top five monthly rankers for all the months in each year	1675060640888	1675060641664	OK	 
REQUEST		Reputation- Fetch monthly contributions and all-time contributions data	1675060639800	1675060641704	OK	 
REQUEST		Hall of Frame-Fetches the top five monthly rankers for all the months in each year	1675060641130	1675060641752	OK	 
REQUEST		Reputation- Fetch monthly contributions and all-time contributions data	1675060639800	1675060641778	OK	 
REQUEST		Monthly Contribution-Fetch monthly data of user like contributions done in a month and scored according to contribution	1675060636744	1675060641785	OK	 
REQUEST		Hall of Frame-Fetches the top five monthly rankers for all the months in each year	1675060641191	1675060641794	OK	 
REQUEST		Hall of Frame-Fetches the top five monthly rankers for all the months in each year	1675060641100	1675060641834	OK	 
REQUEST		Monthly Contribution-Fetch monthly data of user like contributions done in a month and scored according to contribution	1675060638845	1675060641842	OK	 
REQUEST		Reputation- Fetch monthly contributions and all-time contributions data	1675060640127	1675060641950	OK	 
REQUEST		Reputation- Fetch monthly contributions and all-time contributions data	1675060640082	1675060641995	OK	 
REQUEST		Hall of Frame-Fetches the top five monthly rankers for all the months in each year	1675060641127	1675060642042	OK	 
REQUEST		Reputation- Fetch monthly contributions and all-time contributions data	1675060640212	1675060642042	OK	 
REQUEST		Hall of Frame-Fetches the top five monthly rankers for all the months in each year	1675060641437	1675060642120	OK	 
REQUEST		Reputation- Fetch monthly contributions and all-time contributions data	1675060640212	1675060642145	OK	 
REQUEST		Dynamic Score -Fetches all the points of Contribution	1675060641890	1675060642186	OK	 
REQUEST		Reputation- Fetch monthly contributions and all-time contributions data	1675060640555	1675060642210	OK	 
REQUEST		Reputation- Fetch monthly contributions and all-time contributions data	1675060640555	1675060642231	OK	 
REQUEST		Dynamic Score -Fetches all the points of Contribution	1675060641923	1675060642241	OK	 
REQUEST		Dynamic Score -Fetches all the points of Contribution	1675060642015	1675060642349	OK	 
REQUEST		Reputation- Fetch monthly contributions and all-time contributions data	1675060640082	1675060642377	OK	 
REQUEST		Reputation- Fetch monthly contributions and all-time contributions data	1675060640618	1675060642450	OK	 
REQUEST		Dynamic Score -Fetches all the points of Contribution	1675060642059	1675060642464	OK	 
REQUEST		Hall of Frame-Fetches the top five monthly rankers for all the months in each year	1675060641513	1675060642465	OK	 
REQUEST		Reputation- Fetch monthly contributions and all-time contributions data	1675060640723	1675060642482	OK	 
REQUEST		Hall of Frame-Fetches the top five monthly rankers for all the months in each year	1675060641473	1675060642482	OK	 
REQUEST		Hall of Frame-Fetches the top five monthly rankers for all the months in each year	1675060641578	1675060642498	OK	 
REQUEST		Hall of Frame-Fetches the top five monthly rankers for all the months in each year	1675060641555	1675060642498	OK	 
REQUEST		Hall of Frame-Fetches the top five monthly rankers for all the months in each year	1675060641910	1675060642526	OK	 
REQUEST		Hall of Frame-Fetches the top five monthly rankers for all the months in each year	1675060641915	1675060642577	OK	 
REQUEST		Hall of Frame-Fetches the top five monthly rankers for all the months in each year	1675060641806	1675060642577	OK	 
REQUEST		Hall of Frame-Fetches the top five monthly rankers for all the months in each year	1675060641596	1675060642618	OK	 
REQUEST		Reputation- Fetch monthly contributions and all-time contributions data	1675060640902	1675060642676	OK	 
REQUEST		Reputation- Fetch monthly contributions and all-time contributions data	1675060640859	1675060642786	OK	 
REQUEST		Reputation- Fetch monthly contributions and all-time contributions data	1675060641127	1675060642797	OK	 
REQUEST		Dynamic Score -Fetches all the points of Contribution	1675060642486	1675060642806	OK	 
REQUEST		Hall of Frame-Fetches the top five monthly rankers for all the months in each year	1675060642296	1675060642987	OK	 
REQUEST		Hall of Frame-Fetches the top five monthly rankers for all the months in each year	1675060641923	1675060642992	OK	 
REQUEST		Hall of Frame-Fetches the top five monthly rankers for all the months in each year	1675060642274	1675060643012	OK	 
REQUEST		Hall of Frame-Fetches the top five monthly rankers for all the months in each year	1675060642235	1675060643012	OK	 
REQUEST		Reputation- Fetch monthly contributions and all-time contributions data	1675060641258	1675060643121	OK	 
REQUEST		Dynamic Score -Fetches all the points of Contribution	1675060642525	1675060643134	OK	 
REQUEST		Reputation- Fetch monthly contributions and all-time contributions data	1675060641501	1675060643189	OK	 
REQUEST		Reputation- Fetch monthly contributions and all-time contributions data	1675060641593	1675060643352	OK	 
REQUEST		Hall of Frame-Fetches the top five monthly rankers for all the months in each year	1675060642626	1675060643385	OK	 
REQUEST		Hall of Frame-Fetches the top five monthly rankers for all the months in each year	1675060642687	1675060643395	OK	 
REQUEST		Hall of Frame-Fetches the top five monthly rankers for all the months in each year	1675060642734	1675060643400	OK	 
REQUEST		Dynamic Score -Fetches all the points of Contribution	1675060643015	1675060643422	OK	 
REQUEST		Reputation- Fetch monthly contributions and all-time contributions data	1675060641273	1675060643472	OK	 
REQUEST		Reputation- Fetch monthly contributions and all-time contributions data	1675060641517	1675060643498	OK	 
REQUEST		Hall of Frame-Fetches the top five monthly rankers for all the months in each year	1675060642687	1675060643498	OK	 
REQUEST		Monthly Contribution-Fetch monthly data of user like contributions done in a month and scored according to contribution	1675060639545	1675060643522	OK	 
REQUEST		Hall of Frame-Fetches the top five monthly rankers for all the months in each year	1675060642886	1675060643522	OK	 
REQUEST		Reputation- Fetch monthly contributions and all-time contributions data	1675060641829	1675060643522	OK	 
REQUEST		Reputation- Fetch monthly contributions and all-time contributions data	1675060641934	1675060643663	OK	 
REQUEST		Reputation- Fetch monthly contributions and all-time contributions data	1675060641963	1675060643705	OK	 
REQUEST		Reputation- Fetch monthly contributions and all-time contributions data	1675060642050	1675060643715	OK	 
REQUEST		Dynamic Score -Fetches all the points of Contribution	1675060643442	1675060643755	OK	 
REQUEST		Hall of Frame-Fetches the top five monthly rankers for all the months in each year	1675060643210	1675060643827	OK	 
REQUEST		Hall of Frame-Fetches the top five monthly rankers for all the months in each year	1675060643105	1675060643833	OK	 
REQUEST		Dynamic Score -Fetches all the points of Contribution	1675060643635	1675060643942	OK	 
REQUEST		Reputation- Fetch monthly contributions and all-time contributions data	1675060642291	1675060643963	OK	 
REQUEST		Dynamic Score -Fetches all the points of Contribution	1675060643726	1675060644030	OK	 
REQUEST		Reputation- Fetch monthly contributions and all-time contributions data	1675060641934	1675060644060	OK	 
REQUEST		Reputation- Fetch monthly contributions and all-time contributions data	1675060642486	1675060644149	OK	 
REQUEST		Hall of Frame-Fetches the top five monthly rankers for all the months in each year	1675060643468	1675060644157	OK	 
REQUEST		Hall of Frame-Fetches the top five monthly rankers for all the months in each year	1675060643090	1675060644157	OK	 
REQUEST		Hall of Frame-Fetches the top five monthly rankers for all the months in each year	1675060643468	1675060644194	OK	 
REQUEST		Hall of Frame-Fetches the top five monthly rankers for all the months in each year	1675060643538	1675060644208	OK	 
REQUEST		Dynamic Score -Fetches all the points of Contribution	1675060643907	1675060644211	OK	 
REQUEST		Reputation- Fetch monthly contributions and all-time contributions data	1675060642748	1675060644318	OK	 
REQUEST		Dynamic Score -Fetches all the points of Contribution	1675060643832	1675060644318	OK	 
REQUEST		Hall of Frame-Fetches the top five monthly rankers for all the months in each year	1675060643758	1675060644381	OK	 
REQUEST		Reputation- Fetch monthly contributions and all-time contributions data	1675060641963	1675060644409	OK	 
REQUEST		Reputation- Fetch monthly contributions and all-time contributions data	1675060642935	1675060644449	OK	 
REQUEST		Hall of Frame-Fetches the top five monthly rankers for all the months in each year	1675060643833	1675060644505	OK	 
REQUEST		Reputation- Fetch monthly contributions and all-time contributions data	1675060642688	1675060644508	OK	 
REQUEST		Reputation- Fetch monthly contributions and all-time contributions data	1675060642748	1675060644527	OK	 
REQUEST		Hall of Frame-Fetches the top five monthly rankers for all the months in each year	1675060643967	1675060644592	OK	 
REQUEST		Dynamic Score -Fetches all the points of Contribution	1675060644274	1675060644594	OK	 
REQUEST		Hall of Frame-Fetches the top five monthly rankers for all the months in each year	1675060643699	1675060644603	OK	 
REQUEST		Hall of Frame-Fetches the top five monthly rankers for all the months in each year	1675060642395	1675060644609	OK	 
REQUEST		Dynamic Score -Fetches all the points of Contribution	1675060644301	1675060644612	OK	 
REQUEST		Dynamic Score -Fetches all the points of Contribution	1675060644237	1675060644642	OK	 
REQUEST		Reputation- Fetch monthly contributions and all-time contributions data	1675060641829	1675060644647	OK	 
REQUEST		Hall of Frame-Fetches the top five monthly rankers for all the months in each year	1675060644117	1675060644714	OK	 
REQUEST		Reputation- Fetch monthly contributions and all-time contributions data	1675060643254	1675060644806	OK	 
REQUEST		Hall of Frame-Fetches the top five monthly rankers for all the months in each year	1675060644289	1675060644910	OK	 
REQUEST		Reputation- Fetch monthly contributions and all-time contributions data	1675060643150	1675060644934	OK	 
REQUEST		Dynamic Score -Fetches all the points of Contribution	1675060644664	1675060644977	OK	 
REQUEST		Hall of Frame-Fetches the top five monthly rankers for all the months in each year	1675060644413	1675060645012	OK	 
REQUEST		Reputation- Fetch monthly contributions and all-time contributions data	1675060643450	1675060645042	OK	 
REQUEST		Dynamic Score -Fetches all the points of Contribution	1675060644752	1675060645052	OK	 
REQUEST		Dynamic Score -Fetches all the points of Contribution	1675060644794	1675060645096	OK	 
REQUEST		Reputation- Fetch monthly contributions and all-time contributions data	1675060643501	1675060645110	OK	 
REQUEST		Hall of Frame-Fetches the top five monthly rankers for all the months in each year	1675060644518	1675060645124	OK	 
REQUEST		Dynamic Score -Fetches all the points of Contribution	1675060644834	1675060645154	OK	 
REQUEST		Hall of Frame-Fetches the top five monthly rankers for all the months in each year	1675060644609	1675060645207	OK	 
REQUEST		Hall of Frame-Fetches the top five monthly rankers for all the months in each year	1675060643046	1675060645207	OK	 
REQUEST		Reputation- Fetch monthly contributions and all-time contributions data	1675060642974	1675060645218	OK	 
REQUEST		Reputation- Fetch monthly contributions and all-time contributions data	1675060643757	1675060645291	OK	 
REQUEST		Reputation- Fetch monthly contributions and all-time contributions data	1675060643635	1675060645310	OK	 
REQUEST		Hall of Frame-Fetches the top five monthly rankers for all the months in each year	1675060644705	1675060645313	OK	 
REQUEST		Dynamic Score -Fetches all the points of Contribution	1675060645042	1675060645355	OK	 
REQUEST		Hall of Frame-Fetches the top five monthly rankers for all the months in each year	1675060644778	1675060645398	OK	 
REQUEST		Dynamic Score -Fetches all the points of Contribution	1675060645120	1675060645419	OK	 
REQUEST		Individual Contribution-Retrieve the individual data of knolder like his email,contribution and the score of each contribution	1675060645187	1675060645487	OK	 
REQUEST		Hall of Frame-Fetches the top five monthly rankers for all the months in each year	1675060644951	1675060645554	OK	 
REQUEST		Individual Contribution-Retrieve the individual data of knolder like his email,contribution and the score of each contribution	1675060645242	1675060645554	OK	 
REQUEST		Hall of Frame-Fetches the top five monthly rankers for all the months in each year	1675060644996	1675060645621	OK	 
REQUEST		Hall of Frame-Fetches the top five monthly rankers for all the months in each year	1675060642486	1675060645624	OK	 
REQUEST		Hall of Frame-Fetches the top five monthly rankers for all the months in each year	1675060645042	1675060645650	OK	 
REQUEST		Individual Contribution-Retrieve the individual data of knolder like his email,contribution and the score of each contribution	1675060645349	1675060645652	OK	 
REQUEST		Dynamic Score -Fetches all the points of Contribution	1675060645466	1675060645795	OK	 
REQUEST		Individual Contribution-Retrieve the individual data of knolder like his email,contribution and the score of each contribution	1675060645465	1675060645795	OK	 
REQUEST		Hall of Frame-Fetches the top five monthly rankers for all the months in each year	1675060645146	1675060645795	OK	 
REQUEST		Dynamic Score -Fetches all the points of Contribution	1675060645498	1675060645810	OK	 
REQUEST		Dynamic Score -Fetches all the points of Contribution	1675060645483	1675060645810	OK	 
REQUEST		Dynamic Score -Fetches all the points of Contribution	1675060645498	1675060645810	OK	 
REQUEST		Hall of Frame-Fetches the top five monthly rankers for all the months in each year	1675060645211	1675060645824	OK	 
REQUEST		Hall of Frame-Fetches the top five monthly rankers for all the months in each year	1675060645232	1675060645831	OK	 
REQUEST		Hall of Frame-Fetches the top five monthly rankers for all the months in each year	1675060643150	1675060645840	OK	 
REQUEST		Dynamic Score -Fetches all the points of Contribution	1675060645578	1675060645872	OK	 
REQUEST		Dynamic Score -Fetches all the points of Contribution	1675060645578	1675060645882	OK	 
REQUEST		Dynamic Score -Fetches all the points of Contribution	1675060645618	1675060645925	OK	 
REQUEST		Dynamic Score -Fetches all the points of Contribution	1675060645527	1675060645942	OK	 
REQUEST		Hall of Frame-Fetches the top five monthly rankers for all the months in each year	1675060645377	1675060646013	OK	 
REQUEST		Reputation- Fetch monthly contributions and all-time contributions data	1675060644326	1675060646242	OK	 
REQUEST		Hall of Frame-Fetches the top five monthly rankers for all the months in each year	1675060645483	1675060646242	OK	 
REQUEST		Individual Contribution-Retrieve the individual data of knolder like his email,contribution and the score of each contribution	1675060645807	1675060646258	OK	 
REQUEST		Hall of Frame-Fetches the top five monthly rankers for all the months in each year	1675060645450	1675060646274	OK	 
REQUEST		Hall of Frame-Fetches the top five monthly rankers for all the months in each year	1675060645677	1675060646492	OK	 
REQUEST		Dynamic Score -Fetches all the points of Contribution	1675060645987	1675060646493	OK	 
REQUEST		Dynamic Score -Fetches all the points of Contribution	1675060645993	1675060646590	OK	 
REQUEST		Individual Contribution-Retrieve the individual data of knolder like his email,contribution and the score of each contribution	1675060646134	1675060646615	OK	 
REQUEST		Dynamic Score -Fetches all the points of Contribution	1675060646013	1675060646615	OK	 
REQUEST		Dynamic Score -Fetches all the points of Contribution	1675060646013	1675060646714	OK	 
REQUEST		Dynamic Score -Fetches all the points of Contribution	1675060646386	1675060646799	OK	 
REQUEST		Dynamic Score -Fetches all the points of Contribution	1675060646401	1675060646804	OK	 
REQUEST		Individual Contribution-Retrieve the individual data of knolder like his email,contribution and the score of each contribution	1675060646423	1675060646804	OK	 
REQUEST		Dynamic Score -Fetches all the points of Contribution	1675060646396	1675060646804	OK	 
REQUEST		Dynamic Score -Fetches all the points of Contribution	1675060646499	1675060647065	OK	 
REQUEST		Dynamic Score -Fetches all the points of Contribution	1675060646523	1675060647079	OK	 
REQUEST		Hall of Frame-Fetches the top five monthly rankers for all the months in each year	1675060646122	1675060647087	OK	 
REQUEST		Individual Contribution-Retrieve the individual data of knolder like his email,contribution and the score of each contribution	1675060646756	1675060647108	OK	 
REQUEST		Hall of Frame-Fetches the top five monthly rankers for all the months in each year	1675060646189	1675060647174	OK	 
REQUEST		Reputation- Fetch monthly contributions and all-time contributions data	1675060644842	1675060647182	OK	 
REQUEST		Hall of Frame-Fetches the top five monthly rankers for all the months in each year	1675060646352	1675060647190	OK	 
REQUEST		Dynamic Score -Fetches all the points of Contribution	1675060646827	1675060647253	OK	 
REQUEST		Dynamic Score -Fetches all the points of Contribution	1675060646834	1675060647260	OK	 
REQUEST		Individual Contribution-Retrieve the individual data of knolder like his email,contribution and the score of each contribution	1675060646942	1675060647262	OK	 
REQUEST		Hall of Frame-Fetches the top five monthly rankers for all the months in each year	1675060646499	1675060647447	OK	 
REQUEST		Individual Contribution-Retrieve the individual data of knolder like his email,contribution and the score of each contribution	1675060647031	1675060647473	OK	 
REQUEST		Hall of Frame-Fetches the top five monthly rankers for all the months in each year	1675060646716	1675060647522	OK	 
REQUEST		Hall of Frame-Fetches the top five monthly rankers for all the months in each year	1675060646663	1675060647545	OK	 
REQUEST		Hall of Frame-Fetches the top five monthly rankers for all the months in each year	1675060646473	1675060647552	OK	 
REQUEST		Dynamic Score -Fetches all the points of Contribution	1675060647157	1675060647565	OK	 
REQUEST		Hall of Frame-Fetches the top five monthly rankers for all the months in each year	1675060646705	1675060647565	OK	 
REQUEST		Dynamic Score -Fetches all the points of Contribution	1675060647195	1675060647565	OK	 
REQUEST		Dynamic Score -Fetches all the points of Contribution	1675060647157	1675060647565	OK	 
REQUEST		Hall of Frame-Fetches the top five monthly rankers for all the months in each year	1675060646964	1675060647583	OK	 
REQUEST		Dynamic Score -Fetches all the points of Contribution	1675060647209	1675060647658	OK	 
REQUEST		Individual Contribution-Retrieve the individual data of knolder like his email,contribution and the score of each contribution	1675060647212	1675060647658	OK	 
REQUEST		Individual Contribution-Retrieve the individual data of knolder like his email,contribution and the score of each contribution	1675060647318	1675060647770	OK	 
REQUEST		Hall of Frame-Fetches the top five monthly rankers for all the months in each year	1675060647149	1675060647879	OK	 
REQUEST		Hall of Frame-Fetches the top five monthly rankers for all the months in each year	1675060645786	1675060647888	OK	 
REQUEST		Dynamic Score -Fetches all the points of Contribution	1675060647592	1675060647894	OK	 
REQUEST		Dynamic Score -Fetches all the points of Contribution	1675060647603	1675060647911	OK	 
REQUEST		Individual Contribution-Retrieve the individual data of knolder like his email,contribution and the score of each contribution	1675060647613	1675060647913	OK	 
REQUEST		Dynamic Score -Fetches all the points of Contribution	1675060647610	1675060647920	OK	 
REQUEST		Dynamic Score -Fetches all the points of Contribution	1675060647506	1675060647937	OK	 
REQUEST		Individual Contribution-Retrieve the individual data of knolder like his email,contribution and the score of each contribution	1675060647642	1675060647943	OK	 
REQUEST		Hall of Frame-Fetches the top five monthly rankers for all the months in each year	1675060647318	1675060647984	OK	 
REQUEST		Hall of Frame-Fetches the top five monthly rankers for all the months in each year	1675060646523	1675060647985	OK	 
REQUEST		Individual Contribution-Retrieve the individual data of knolder like his email,contribution and the score of each contribution	1675060647594	1675060648001	OK	 
REQUEST		Dynamic Score -Fetches all the points of Contribution	1675060647714	1675060648034	OK	 
REQUEST		Hall of Frame-Fetches the top five monthly rankers for all the months in each year	1675060647450	1675060648145	OK	 
REQUEST		Hall of Frame-Fetches the top five monthly rankers for all the months in each year	1675060647061	1675060648185	OK	 
REQUEST		Hall of Frame-Fetches the top five monthly rankers for all the months in each year	1675060647509	1675060648186	OK	 
REQUEST		Hall of Frame-Fetches the top five monthly rankers for all the months in each year	1675060647527	1675060648247	OK	 
REQUEST		Hall of Frame-Fetches the top five monthly rankers for all the months in each year	1675060645798	1675060648247	OK	 
REQUEST		Dynamic Score -Fetches all the points of Contribution	1675060647911	1675060648247	OK	 
REQUEST		Dynamic Score -Fetches all the points of Contribution	1675060647381	1675060648346	OK	 
REQUEST		Individual Contribution-Retrieve the individual data of knolder like his email,contribution and the score of each contribution	1675060647977	1675060648398	OK	 
REQUEST		Hall of Frame-Fetches the top five monthly rankers for all the months in each year	1675060647648	1675060648398	OK	 
REQUEST		Individual Contribution-Retrieve the individual data of knolder like his email,contribution and the score of each contribution	1675060648053	1675060648399	OK	 
REQUEST		Individual Contribution-Retrieve the individual data of knolder like his email,contribution and the score of each contribution	1675060648097	1675060648413	OK	 
USER	Summary API	END	1675060648490
REQUEST		Dynamic Score -Fetches all the points of Contribution	1675060648013	1675060648497	OK	 
REQUEST		Hall of Frame-Fetches the top five monthly rankers for all the months in each year	1675060647409	1675060648521	OK	 
REQUEST		Hall of Frame-Fetches the top five monthly rankers for all the months in each year	1675060647806	1675060648525	OK	 
REQUEST		Dynamic Score -Fetches all the points of Contribution	1675060648124	1675060648545	OK	 
REQUEST		Individual Contribution-Retrieve the individual data of knolder like his email,contribution and the score of each contribution	1675060648155	1675060648545	OK	 
USER	Summary API	END	1675060648554
REQUEST		Dynamic Score -Fetches all the points of Contribution	1675060648207	1675060648570	OK	 
REQUEST		Dynamic Score -Fetches all the points of Contribution	1675060648207	1675060648649	OK	 
USER	Summary API	END	1675060648653
REQUEST		Dynamic Score -Fetches all the points of Contribution	1675060648314	1675060648657	OK	 
REQUEST		Hall of Frame-Fetches the top five monthly rankers for all the months in each year	1675060647934	1675060648714	OK	 
REQUEST		Dynamic Score -Fetches all the points of Contribution	1675060648399	1675060648731	OK	 
REQUEST		Individual Contribution-Retrieve the individual data of knolder like his email,contribution and the score of each contribution	1675060648356	1675060648735	OK	 
REQUEST		Individual Contribution-Retrieve the individual data of knolder like his email,contribution and the score of each contribution	1675060648420	1675060648737	OK	 
USER	Summary API	END	1675060648796
REQUEST		Hall of Frame-Fetches the top five monthly rankers for all the months in each year	1675060648043	1675060648828	OK	 
REQUEST		Hall of Frame-Fetches the top five monthly rankers for all the months in each year	1675060648111	1675060648922	OK	 
REQUEST		Dynamic Score -Fetches all the points of Contribution	1675060648624	1675060648953	OK	 
REQUEST		Dynamic Score -Fetches all the points of Contribution	1675060648622	1675060648953	OK	 
REQUEST		Hall of Frame-Fetches the top five monthly rankers for all the months in each year	1675060648310	1675060648982	OK	 
REQUEST		Dynamic Score -Fetches all the points of Contribution	1675060648651	1675060648991	OK	 
REQUEST		Hall of Frame-Fetches the top five monthly rankers for all the months in each year	1675060648292	1675060648991	OK	 
REQUEST		Dynamic Score -Fetches all the points of Contribution	1675060648554	1675060649026	OK	 
REQUEST		Individual Contribution-Retrieve the individual data of knolder like his email,contribution and the score of each contribution	1675060648796	1675060649103	OK	 
REQUEST		Dynamic Score -Fetches all the points of Contribution	1675060648796	1675060649116	OK	 
REQUEST		Dynamic Score -Fetches all the points of Contribution	1675060648825	1675060649164	OK	 
REQUEST		Dynamic Score -Fetches all the points of Contribution	1675060648841	1675060649167	OK	 
REQUEST		Individual Contribution-Retrieve the individual data of knolder like his email,contribution and the score of each contribution	1675060648810	1675060649167	OK	 
REQUEST		Dynamic Score -Fetches all the points of Contribution	1675060648832	1675060649167	OK	 
REQUEST		Individual Contribution-Retrieve the individual data of knolder like his email,contribution and the score of each contribution	1675060648810	1675060649167	OK	 
REQUEST		Individual Contribution-Retrieve the individual data of knolder like his email,contribution and the score of each contribution	1675060648810	1675060649167	OK	 
REQUEST		Individual Contribution-Retrieve the individual data of knolder like his email,contribution and the score of each contribution	1675060648872	1675060649184	OK	 
REQUEST		Individual Contribution-Retrieve the individual data of knolder like his email,contribution and the score of each contribution	1675060648882	1675060649195	OK	 
REQUEST		Reputation- Fetch monthly contributions and all-time contributions data	1675060646523	1675060649211	OK	 
REQUEST		Individual Contribution-Retrieve the individual data of knolder like his email,contribution and the score of each contribution	1675060648942	1675060649246	OK	 
REQUEST		Individual Contribution-Retrieve the individual data of knolder like his email,contribution and the score of each contribution	1675060648925	1675060649247	OK	 
USER	Summary API	END	1675060649258
REQUEST		Hall of Frame-Fetches the top five monthly rankers for all the months in each year	1675060648219	1675060649299	OK	 
REQUEST		Dynamic Score -Fetches all the points of Contribution	1675060649014	1675060649342	OK	 
REQUEST		Dynamic Score -Fetches all the points of Contribution	1675060649243	1675060649544	OK	 
REQUEST		Dynamic Score -Fetches all the points of Contribution	1675060649274	1675060649596	OK	 
USER	Summary API	END	1675060649616
REQUEST		Individual Contribution-Retrieve the individual data of knolder like his email,contribution and the score of each contribution	1675060649493	1675060649795	OK	 
REQUEST		Dynamic Score -Fetches all the points of Contribution	1675060649493	1675060649798	OK	 
USER	Summary API	END	1675060649804
REQUEST		Individual Contribution-Retrieve the individual data of knolder like his email,contribution and the score of each contribution	1675060649591	1675060649890	OK	 
REQUEST		Individual Contribution-Retrieve the individual data of knolder like his email,contribution and the score of each contribution	1675060649615	1675060649916	OK	 
REQUEST		Individual Contribution-Retrieve the individual data of knolder like his email,contribution and the score of each contribution	1675060649715	1675060650016	OK	 
REQUEST		Individual Contribution-Retrieve the individual data of knolder like his email,contribution and the score of each contribution	1675060649799	1675060650099	OK	 
REQUEST		Individual Contribution-Retrieve the individual data of knolder like his email,contribution and the score of each contribution	1675060649805	1675060650106	OK	 
REQUEST		Individual Contribution-Retrieve the individual data of knolder like his email,contribution and the score of each contribution	1675060649804	1675060650108	OK	 
USER	Summary API	END	1675060650109
REQUEST		Hall of Frame-Fetches the top five monthly rankers for all the months in each year	1675060649243	1675060650148	OK	 
USER	Summary API	END	1675060650263
REQUEST		Individual Contribution-Retrieve the individual data of knolder like his email,contribution and the score of each contribution	1675060650065	1675060650364	OK	 
REQUEST		Individual Contribution-Retrieve the individual data of knolder like his email,contribution and the score of each contribution	1675060650079	1675060650377	OK	 
REQUEST		Dynamic Score -Fetches all the points of Contribution	1675060650087	1675060650407	OK	 
USER	Summary API	END	1675060650474
REQUEST		Dynamic Score -Fetches all the points of Contribution	1675060650175	1675060650474	OK	 
REQUEST		Dynamic Score -Fetches all the points of Contribution	1675060650190	1675060650492	OK	 
REQUEST		Individual Contribution-Retrieve the individual data of knolder like his email,contribution and the score of each contribution	1675060650253	1675060650551	OK	 
REQUEST		Individual Contribution-Retrieve the individual data of knolder like his email,contribution and the score of each contribution	1675060650260	1675060650577	OK	 
REQUEST		Reputation- Fetch monthly contributions and all-time contributions data	1675060644786	1675060650639	OK	 
USER	Summary API	END	1675060650658
REQUEST		Dynamic Score -Fetches all the points of Contribution	1675060650447	1675060650749	OK	 
USER	Summary API	END	1675060650771
REQUEST		Dynamic Score -Fetches all the points of Contribution	1675060650522	1675060650824	OK	 
REQUEST		Dynamic Score -Fetches all the points of Contribution	1675060650545	1675060650842	OK	 
REQUEST		Dynamic Score -Fetches all the points of Contribution	1675060650553	1675060650852	OK	 
REQUEST		Individual Contribution-Retrieve the individual data of knolder like his email,contribution and the score of each contribution	1675060650566	1675060650864	OK	 
REQUEST		Individual Contribution-Retrieve the individual data of knolder like his email,contribution and the score of each contribution	1675060650566	1675060650866	OK	 
REQUEST		Individual Contribution-Retrieve the individual data of knolder like his email,contribution and the score of each contribution	1675060650566	1675060650874	OK	 
REQUEST		Dynamic Score -Fetches all the points of Contribution	1675060650566	1675060650882	OK	 
REQUEST		Dynamic Score -Fetches all the points of Contribution	1675060650583	1675060650885	OK	 
USER	Summary API	END	1675060650914
USER	Summary API	END	1675060650944
REQUEST		Individual Contribution-Retrieve the individual data of knolder like his email,contribution and the score of each contribution	1675060650658	1675060650967	OK	 
USER	Summary API	END	1675060651002
REQUEST		Hall of Frame-Fetches the top five monthly rankers for all the months in each year	1675060650182	1675060651076	OK	 
REQUEST		Dynamic Score -Fetches all the points of Contribution	1675060650879	1675060651174	OK	 
REQUEST		Individual Contribution-Retrieve the individual data of knolder like his email,contribution and the score of each contribution	1675060650895	1675060651191	OK	 
REQUEST		Dynamic Score -Fetches all the points of Contribution	1675060650888	1675060651195	OK	 
REQUEST		Individual Contribution-Retrieve the individual data of knolder like his email,contribution and the score of each contribution	1675060650920	1675060651226	OK	 
REQUEST		Individual Contribution-Retrieve the individual data of knolder like his email,contribution and the score of each contribution	1675060650938	1675060651237	OK	 
REQUEST		Dynamic Score -Fetches all the points of Contribution	1675060650984	1675060651302	OK	 
REQUEST		Dynamic Score -Fetches all the points of Contribution	1675060650986	1675060651305	OK	 
REQUEST		Individual Contribution-Retrieve the individual data of knolder like his email,contribution and the score of each contribution	1675060650911	1675060651333	OK	 
REQUEST		Individual Contribution-Retrieve the individual data of knolder like his email,contribution and the score of each contribution	1675060651034	1675060651337	OK	 
USER	Summary API	END	1675060651399
USER	Summary API	END	1675060651400
USER	Summary API	END	1675060651414
REQUEST		Dynamic Score -Fetches all the points of Contribution	1675060651145	1675060651449	OK	 
REQUEST		Dynamic Score -Fetches all the points of Contribution	1675060651186	1675060651490	OK	 
REQUEST		Dynamic Score -Fetches all the points of Contribution	1675060651185	1675060651494	OK	 
USER	Summary API	END	1675060651546
REQUEST		Individual Contribution-Retrieve the individual data of knolder like his email,contribution and the score of each contribution	1675060651247	1675060651550	OK	 
REQUEST		Dynamic Score -Fetches all the points of Contribution	1675060651247	1675060651550	OK	 
REQUEST		Dynamic Score -Fetches all the points of Contribution	1675060651247	1675060651550	OK	 
REQUEST		Individual Contribution-Retrieve the individual data of knolder like his email,contribution and the score of each contribution	1675060651347	1675060651648	OK	 
REQUEST		Dynamic Score -Fetches all the points of Contribution	1675060651399	1675060651701	OK	 
USER	Summary API	END	1675060651736
USER	Summary API	END	1675060651738
REQUEST		Individual Contribution-Retrieve the individual data of knolder like his email,contribution and the score of each contribution	1675060651498	1675060651814	OK	 
REQUEST		Dynamic Score -Fetches all the points of Contribution	1675060651522	1675060651841	OK	 
REQUEST		Dynamic Score -Fetches all the points of Contribution	1675060651526	1675060651846	OK	 
REQUEST		Individual Contribution-Retrieve the individual data of knolder like his email,contribution and the score of each contribution	1675060651546	1675060651856	OK	 
REQUEST		Individual Contribution-Retrieve the individual data of knolder like his email,contribution and the score of each contribution	1675060651571	1675060651868	OK	 
REQUEST		Individual Contribution-Retrieve the individual data of knolder like his email,contribution and the score of each contribution	1675060651650	1675060651950	OK	 
REQUEST		Individual Contribution-Retrieve the individual data of knolder like his email,contribution and the score of each contribution	1675060651657	1675060651960	OK	 
REQUEST		Dynamic Score -Fetches all the points of Contribution	1675060651714	1675060652018	OK	 
REQUEST		Individual Contribution-Retrieve the individual data of knolder like his email,contribution and the score of each contribution	1675060651731	1675060652044	OK	 
USER	Summary API	END	1675060652104
REQUEST		Dynamic Score -Fetches all the points of Contribution	1675060651828	1675060652141	OK	 
USER	Summary API	END	1675060652167
USER	Summary API	END	1675060652168
USER	Summary API	END	1675060652168
USER	Summary API	END	1675060652185
USER	Summary API	END	1675060652196
USER	Summary API	END	1675060652247
USER	Summary API	END	1675060652248
REQUEST		Dynamic Score -Fetches all the points of Contribution	1675060651923	1675060652252	OK	 
REQUEST		Individual Contribution-Retrieve the individual data of knolder like his email,contribution and the score of each contribution	1675060651953	1675060652268	OK	 
REQUEST		Individual Contribution-Retrieve the individual data of knolder like his email,contribution and the score of each contribution	1675060651954	1675060652288	OK	 
REQUEST		Dynamic Score -Fetches all the points of Contribution	1675060651983	1675060652290	OK	 
REQUEST		Individual Contribution-Retrieve the individual data of knolder like his email,contribution and the score of each contribution	1675060651992	1675060652296	OK	 
REQUEST		Dynamic Score -Fetches all the points of Contribution	1675060651992	1675060652297	OK	 
REQUEST		Individual Contribution-Retrieve the individual data of knolder like his email,contribution and the score of each contribution	1675060652026	1675060652357	OK	 
REQUEST		Individual Contribution-Retrieve the individual data of knolder like his email,contribution and the score of each contribution	1675060652117	1675060652427	OK	 
REQUEST		Individual Contribution-Retrieve the individual data of knolder like his email,contribution and the score of each contribution	1675060652167	1675060652473	OK	 
REQUEST		Individual Contribution-Retrieve the individual data of knolder like his email,contribution and the score of each contribution	1675060652164	1675060652474	OK	 
REQUEST		Individual Contribution-Retrieve the individual data of knolder like his email,contribution and the score of each contribution	1675060652167	1675060652479	OK	 
REQUEST		Dynamic Score -Fetches all the points of Contribution	1675060652300	1675060652656	OK	 
REQUEST		Individual Contribution-Retrieve the individual data of knolder like his email,contribution and the score of each contribution	1675060652343	1675060652666	OK	 
USER	Summary API	END	1675060652796
REQUEST		Individual Contribution-Retrieve the individual data of knolder like his email,contribution and the score of each contribution	1675060652545	1675060652848	OK	 
REQUEST		Hall of Frame-Fetches the top five monthly rankers for all the months in each year	1675060652211	1675060652865	OK	 
USER	Summary API	END	1675060652891
REQUEST		Individual Contribution-Retrieve the individual data of knolder like his email,contribution and the score of each contribution	1675060652596	1675060652900	OK	 
USER	Summary API	END	1675060652917
USER	Summary API	END	1675060653018
USER	Summary API	END	1675060653100
REQUEST		Individual Contribution-Retrieve the individual data of knolder like his email,contribution and the score of each contribution	1675060652799	1675060653101	OK	 
USER	Summary API	END	1675060653106
USER	Summary API	END	1675060653108
USER	Summary API	END	1675060653364
USER	Summary API	END	1675060653378
REQUEST		Dynamic Score -Fetches all the points of Contribution	1675060653149	1675060653479	OK	 
USER	Summary API	END	1675060653552
USER	Summary API	END	1675060653578
REQUEST		Individual Contribution-Retrieve the individual data of knolder like his email,contribution and the score of each contribution	1675060653408	1675060653715	OK	 
REQUEST		Individual Contribution-Retrieve the individual data of knolder like his email,contribution and the score of each contribution	1675060653474	1675060653784	OK	 
REQUEST		Individual Contribution-Retrieve the individual data of knolder like his email,contribution and the score of each contribution	1675060653493	1675060653788	OK	 
USER	Summary API	END	1675060653865
USER	Summary API	END	1675060653867
USER	Summary API	END	1675060653875
USER	Summary API	END	1675060653968
REQUEST		Individual Contribution-Retrieve the individual data of knolder like his email,contribution and the score of each contribution	1675060653749	1675060654050	OK	 
REQUEST		Individual Contribution-Retrieve the individual data of knolder like his email,contribution and the score of each contribution	1675060653825	1675060654134	OK	 
REQUEST		Individual Contribution-Retrieve the individual data of knolder like his email,contribution and the score of each contribution	1675060653843	1675060654138	OK	 
REQUEST		Individual Contribution-Retrieve the individual data of knolder like his email,contribution and the score of each contribution	1675060653853	1675060654153	OK	 
REQUEST		Individual Contribution-Retrieve the individual data of knolder like his email,contribution and the score of each contribution	1675060653885	1675060654183	OK	 
USER	Summary API	END	1675060654192
REQUEST		Individual Contribution-Retrieve the individual data of knolder like his email,contribution and the score of each contribution	1675060653882	1675060654195	OK	 
USER	Summary API	END	1675060654227
USER	Summary API	END	1675060654237
USER	Summary API	END	1675060654335
USER	Summary API	END	1675060654337
REQUEST		Dynamic Score -Fetches all the points of Contribution	1675060654076	1675060654401	OK	 
REQUEST		Individual Contribution-Retrieve the individual data of knolder like his email,contribution and the score of each contribution	1675060654174	1675060654470	OK	 
REQUEST		Individual Contribution-Retrieve the individual data of knolder like his email,contribution and the score of each contribution	1675060654196	1675060654498	OK	 
USER	Summary API	END	1675060654552
REQUEST		Individual Contribution-Retrieve the individual data of knolder like his email,contribution and the score of each contribution	1675060654302	1675060654609	OK	 
USER	Summary API	END	1675060654649
REQUEST		Individual Contribution-Retrieve the individual data of knolder like his email,contribution and the score of each contribution	1675060654305	1675060654714	OK	 
REQUEST		Individual Contribution-Retrieve the individual data of knolder like his email,contribution and the score of each contribution	1675060654450	1675060654749	OK	 
REQUEST		Individual Contribution-Retrieve the individual data of knolder like his email,contribution and the score of each contribution	1675060654490	1675060654805	OK	 
REQUEST		Individual Contribution-Retrieve the individual data of knolder like his email,contribution and the score of each contribution	1675060654495	1675060654814	OK	 
USER	Summary API	END	1675060654815
REQUEST		Hall of Frame-Fetches the top five monthly rankers for all the months in each year	1675060653640	1675060654819	OK	 
USER	Summary API	END	1675060654857
REQUEST		Individual Contribution-Retrieve the individual data of knolder like his email,contribution and the score of each contribution	1675060654551	1675060654859	OK	 
REQUEST		Individual Contribution-Retrieve the individual data of knolder like his email,contribution and the score of each contribution	1675060654551	1675060654859	OK	 
USER	Summary API	END	1675060654868
USER	Summary API	END	1675060654951
USER	Summary API	END	1675060654961
REQUEST		Individual Contribution-Retrieve the individual data of knolder like his email,contribution and the score of each contribution	1675060654701	1675060655018	OK	 
USER	Summary API	END	1675060655045
REQUEST		Individual Contribution-Retrieve the individual data of knolder like his email,contribution and the score of each contribution	1675060654842	1675060655156	OK	 
REQUEST		Individual Contribution-Retrieve the individual data of knolder like his email,contribution and the score of each contribution	1675060654846	1675060655156	OK	 
USER	Summary API	END	1675060655269
USER	Summary API	END	1675060655289
USER	Summary API	END	1675060655297
REQUEST		Individual Contribution-Retrieve the individual data of knolder like his email,contribution and the score of each contribution	1675060655019	1675060655322	OK	 
USER	Summary API	END	1675060655358
USER	Summary API	END	1675060655428
REQUEST		Individual Contribution-Retrieve the individual data of knolder like his email,contribution and the score of each contribution	1675060655142	1675060655442	OK	 
USER	Summary API	END	1675060655474
USER	Summary API	END	1675060655474
USER	Summary API	END	1675060655480
REQUEST		Individual Contribution-Retrieve the individual data of knolder like his email,contribution and the score of each contribution	1675060655252	1675060655551	OK	 
REQUEST		Individual Contribution-Retrieve the individual data of knolder like his email,contribution and the score of each contribution	1675060655290	1675060655616	OK	 
REQUEST		Individual Contribution-Retrieve the individual data of knolder like his email,contribution and the score of each contribution	1675060655298	1675060655629	OK	 
USER	Summary API	END	1675060655667
USER	Summary API	END	1675060655849
USER	Summary API	END	1675060655901
REQUEST		Individual Contribution-Retrieve the individual data of knolder like his email,contribution and the score of each contribution	1675060655657	1675060655957	OK	 
USER	Summary API	END	1675060656102
REQUEST		Dynamic Score -Fetches all the points of Contribution	1675060655865	1675060656168	OK	 
USER	Summary API	END	1675060656716
USER	Summary API	END	1675060656785
REQUEST		Individual Contribution-Retrieve the individual data of knolder like his email,contribution and the score of each contribution	1675060656479	1675060656788	OK	 
USER	Summary API	END	1675060656788
USER	Summary API	END	1675060657051
USER	Summary API	END	1675060657135
USER	Summary API	END	1675060657138
USER	Summary API	END	1675060657154
USER	Summary API	END	1675060657184
USER	Summary API	END	1675060657195
USER	Summary API	END	1675060657471
USER	Summary API	END	1675060657498
USER	Summary API	END	1675060657610
REQUEST		Individual Contribution-Retrieve the individual data of knolder like his email,contribution and the score of each contribution	1675060657401	1675060657699	OK	 
USER	Summary API	END	1675060657714
USER	Summary API	END	1675060657750
USER	Summary API	END	1675060657806
USER	Summary API	END	1675060657815
USER	Summary API	END	1675060657860
USER	Summary API	END	1675060657860
USER	Summary API	END	1675060658018
REQUEST		Dynamic Score -Fetches all the points of Contribution	1675060657819	1675060658117	OK	 
USER	Summary API	END	1675060658156
USER	Summary API	END	1675060658157
USER	Summary API	END	1675060658323
USER	Summary API	END	1675060658443
USER	Summary API	END	1675060658552
USER	Summary API	END	1675060658616
USER	Summary API	END	1675060658630
USER	Summary API	END	1675060658958
REQUEST		Individual Contribution-Retrieve the individual data of knolder like his email,contribution and the score of each contribution	1675060659168	1675060659470	OK	 
USER	Summary API	END	1675060659788
USER	Summary API	END	1675060660699
REQUEST		Individual Contribution-Retrieve the individual data of knolder like his email,contribution and the score of each contribution	1675060661117	1675060661417	OK	 
USER	Summary API	END	1675060662471
USER	Summary API	END	1675060664417
