RUN	Simulations.Create	create	1672897657778	 	3.5.1
USER	Create  Scenario	START	1672897663636
USER	Create  Scenario	START	1672897664631
USER	Create  Scenario	START	1672897665632
USER	Create  Scenario	START	1672897666631
USER	Create  Scenario	START	1672897667632
USER	Create  Scenario	START	1672897668632
USER	Create  Scenario	START	1672897669632
USER	Create  Scenario	START	1672897670632
USER	Create  Scenario	START	1672897671631
USER	Create  Scenario	START	1672897672632
USER	Create  Scenario	START	1672897673631
USER	Create  Scenario	START	1672897674631
REQUEST		my Proposal	1672897663658	1672897675171	OK	 
REQUEST		my Proposal	1672897665633	1672897675490	OK	 
USER	Create  Scenario	START	1672897675631
REQUEST		my Proposal	1672897664632	1672897675880	OK	 
USER	Create  Scenario	START	1672897676632
REQUEST		my Proposal	1672897667632	1672897677505	OK	 
USER	Create  Scenario	START	1672897677632
REQUEST		my Proposal	1672897666632	1672897678144	OK	 
REQUEST		Proposal	1672897678194	1672897678536	OK	 
USER	Create  Scenario	START	1672897678632
REQUEST		Proposal	1672897678491	1672897678812	OK	 
REQUEST		Proposal	1672897678882	1672897679188	OK	 
REQUEST		my Proposal	1672897669633	1672897679415	OK	 
USER	Create  Scenario	START	1672897679632
REQUEST		my Proposal	1672897670632	1672897680393	OK	 
USER	Create  Scenario	START	1672897680632
REQUEST		Proposal	1672897680507	1672897680806	OK	 
REQUEST		Proposal	1672897681145	1672897681549	OK	 
USER	Create  Scenario	START	1672897681632
USER	Create  Scenario	START	1672897682632
REQUEST		my Proposal	1672897672633	1672897682684	OK	 
REQUEST		Proposal	1672897682416	1672897682757	OK	 
USER	Create  Scenario	START	1672897683632
REQUEST		my Proposal	1672897673632	1672897683717	OK	 
REQUEST		Proposal	1672897683394	1672897683803	OK	 
USER	Create  Scenario	START	1672897684632
REQUEST		Proposals	1672897681537	1672897685519	OK	 
REQUEST		my Proposal	1672897668632	1672897685557	OK	 
USER	Create  Scenario	START	1672897685631
REQUEST		Proposal	1672897685684	1672897685998	OK	 
REQUEST		my Proposal	1672897674632	1672897686569	OK	 
USER	Create  Scenario	START	1672897686632
REQUEST		Proposal	1672897686718	1672897687075	OK	 
USER	Create  Scenario	START	1672897687631
USER	Create  Scenario	START	1672897688632
REQUEST		Edit Proposal	1672897688526	1672897688935	OK	 
REQUEST		Proposals	1672897685758	1672897689133	OK	 
REQUEST		Proposals	1672897683807	1672897689464	OK	 
REQUEST		Proposal	1672897688558	1672897689602	OK	 
USER	Create  Scenario	START	1672897689632
REQUEST		Proposal	1672897689570	1672897689874	OK	 
USER	Create  Scenario	START	1672897690632
USER	Create  Scenario	START	1672897691631
USER	Create  Scenario	END	1672897691938
REQUEST		Proposals	1672897688999	1672897692261	OK	 
REQUEST		Edit Proposal	1672897692134	1672897692447	OK	 
USER	Create  Scenario	START	1672897692632
REQUEST		Edit Proposal	1672897692466	1672897692784	OK	 
REQUEST		Proposals	1672897686804	1672897693152	OK	 
USER	Create  Scenario	START	1672897693632
REQUEST		my Proposal	1672897678632	1672897694285	OK	 
REQUEST		Proposals	1672897690076	1672897694606	OK	 
USER	Create  Scenario	START	1672897694631
REQUEST		my Proposal	1672897676633	1672897695202	OK	 
USER	Create  Scenario	END	1672897695448
USER	Create  Scenario	START	1672897695631
REQUEST		Edit Proposal	1672897695262	1672897695641	OK	 
USER	Create  Scenario	END	1672897695785
REQUEST		Edit Proposal	1672897696153	1672897696560	OK	 
USER	Create  Scenario	START	1672897696631
REQUEST		my Proposal	1672897686632	1672897697037	OK	 
REQUEST		Proposals	1672897681814	1672897697039	OK	 
REQUEST		Proposal	1672897697286	1672897697624	OK	 
USER	Create  Scenario	START	1672897697631
REQUEST		Edit Proposal	1672897697607	1672897697979	OK	 
REQUEST		my Proposal	1672897671632	1672897698105	OK	 
REQUEST		Proposal	1672897698203	1672897698572	OK	 
USER	Create  Scenario	START	1672897698632
USER	Create  Scenario	END	1672897698641
REQUEST		Proposals	1672897692875	1672897699016	OK	 
USER	Create  Scenario	END	1672897699561
USER	Create  Scenario	START	1672897699631
REQUEST		my Proposal	1672897688632	1672897699874	OK	 
REQUEST		my Proposal	1672897693632	1672897700205	OK	 
REQUEST		Proposal	1672897700038	1672897700367	OK	 
REQUEST		Edit Proposal	1672897700040	1672897700372	OK	 
USER	Create  Scenario	START	1672897700631
USER	Create  Scenario	END	1672897700980
REQUEST		Proposal	1672897701105	1672897701439	OK	 
USER	Create  Scenario	START	1672897701631
REQUEST		my Proposal	1672897697631	1672897702323	OK	 
REQUEST		Edit Proposal	1672897702017	1672897702395	OK	 
USER	Create  Scenario	START	1672897702632
REQUEST		my Proposal	1672897689632	1672897702702	OK	 
REQUEST		Proposals	1672897682189	1672897702863	OK	 
REQUEST		my Proposal	1672897692632	1672897702923	OK	 
REQUEST		Proposal	1672897702875	1672897703185	OK	 
USER	Create  Scenario	END	1672897703373
REQUEST		Proposal	1672897703206	1672897703507	OK	 
USER	Create  Scenario	START	1672897703632
USER	Create  Scenario	START	1672897704632
USER	Create  Scenario	END	1672897705396
USER	Create  Scenario	START	1672897705632
REQUEST		Proposal	1672897705703	1672897706071	OK	 
REQUEST		Edit Proposal	1672897705864	1672897706238	OK	 
REQUEST		Proposal	1672897705924	1672897706301	OK	 
REQUEST		Proposal	1672897705324	1672897706314	OK	 
REQUEST		my Proposal	1672897701632	1672897706356	OK	 
USER	Create  Scenario	START	1672897706631
REQUEST		Proposals	1672897703368	1672897707411	OK	 
USER	Create  Scenario	START	1672897707631
USER	Create  Scenario	START	1672897708631
USER	Create  Scenario	END	1672897709239
USER	Create  Scenario	START	1672897709632
REQUEST		Proposal	1672897709357	1672897709746	OK	 
REQUEST		Proposals	1672897700625	1672897710481	OK	 
USER	Create  Scenario	START	1672897710632
REQUEST		Edit Proposal	1672897710412	1672897710814	OK	 
REQUEST		Proposals	1672897706186	1672897711078	OK	 
REQUEST		Proposals	1672897706508	1672897711530	OK	 
USER	Create  Scenario	START	1672897711631
USER	Create  Scenario	START	1672897712631
REQUEST		my Proposal	1672897705632	1672897713437	OK	 
USER	Create  Scenario	START	1672897713632
USER	Create  Scenario	END	1672897713815
REQUEST		Edit Proposal	1672897713482	1672897713833	OK	 
REQUEST		Edit Proposal	1672897714079	1672897714469	OK	 
USER	Create  Scenario	START	1672897714631
REQUEST		Edit Proposal	1672897714531	1672897714944	OK	 
REQUEST		my Proposal	1672897709632	1672897715006	OK	 
REQUEST		Proposals	1672897709072	1672897715203	OK	 
USER	Create  Scenario	START	1672897715632
USER	Create  Scenario	START	1672897716631
USER	Create  Scenario	END	1672897716834
REQUEST		Proposal	1672897716437	1672897717417	OK	 
USER	Create  Scenario	END	1672897717470
USER	Create  Scenario	START	1672897717631
REQUEST		my Proposal	1672897708632	1672897717823	OK	 
REQUEST		my Proposal	1672897713632	1672897717850	OK	 
USER	Create  Scenario	END	1672897717945
REQUEST		Proposal	1672897718006	1672897718312	OK	 
REQUEST		Edit Proposal	1672897718204	1672897718553	OK	 
USER	Create  Scenario	START	1672897718632
USER	Create  Scenario	START	1672897719632
REQUEST		my Proposal	1672897675632	1672897719805	OK	 
REQUEST		my Proposal	1672897677633	1672897720581	OK	 
USER	Create  Scenario	START	1672897720632
REQUEST		Proposal	1672897720824	1672897721213	OK	 
REQUEST		Proposal	1672897720851	1672897721220	OK	 
REQUEST		my Proposal	1672897696632	1672897721247	OK	 
USER	Create  Scenario	END	1672897721554
USER	Create  Scenario	START	1672897721632
USER	Create  Scenario	START	1672897722632
REQUEST		my Proposal	1672897718632	1672897723028	OK	 
REQUEST		Proposal	1672897722806	1672897723172	OK	 
USER	Create  Scenario	START	1672897723632
REQUEST		Proposal	1672897723582	1672897723957	OK	 
USER	Create  Scenario	START	1672897724631
REQUEST		Proposal	1672897724249	1672897724671	OK	 
USER	Create  Scenario	START	1672897725632
REQUEST		my Proposal	1672897717631	1672897725740	OK	 
REQUEST		Proposals	1672897721312	1672897725844	OK	 
REQUEST		Proposal	1672897726029	1672897726353	OK	 
USER	Create  Scenario	START	1672897726631
USER	Create  Scenario	START	1672897727631
REQUEST		my Proposal	1672897698632	1672897727837	OK	 
USER	Create  Scenario	START	1672897728632
REQUEST		Proposal	1672897728741	1672897729122	OK	 
REQUEST		my Proposal	1672897723632	1672897729195	OK	 
REQUEST		Edit Proposal	1672897728845	1672897729203	OK	 
REQUEST		Proposals	1672897724220	1672897729407	OK	 
USER	Create  Scenario	START	1672897729631
REQUEST		Proposals	1672897724214	1672897729880	OK	 
REQUEST		my Proposal	1672897719632	1672897729997	OK	 
USER	Create  Scenario	START	1672897730632
REQUEST		my Proposal	1672897714632	1672897730660	OK	 
REQUEST		Proposal	1672897730838	1672897731242	OK	 
USER	Create  Scenario	START	1672897731632
USER	Create  Scenario	END	1672897732204
REQUEST		Proposal	1672897732196	1672897732575	OK	 
REQUEST		Proposals	1672897729353	1672897732593	OK	 
USER	Create  Scenario	START	1672897732632
REQUEST		Edit Proposal	1672897732408	1672897732727	OK	 
REQUEST		Edit Proposal	1672897732881	1672897733195	OK	 
REQUEST		Proposal	1672897732998	1672897733296	OK	 
USER	Create  Scenario	START	1672897733631
REQUEST		Proposal	1672897733661	1672897733971	OK	 
USER	Create  Scenario	START	1672897734632
USER	Create  Scenario	START	1672897735631
USER	Create  Scenario	END	1672897735728
REQUEST		Edit Proposal	1672897735594	1672897736093	OK	 
USER	Create  Scenario	END	1672897736196
USER	Create  Scenario	START	1672897736631
REQUEST		my Proposal	1672897702632	1672897737233	OK	 
USER	Create  Scenario	START	1672897737631
REQUEST		Proposals	1672897732123	1672897738009	OK	 
USER	Create  Scenario	START	1672897738631
REQUEST		my Proposal	1672897721632	1672897738790	OK	 
USER	Create  Scenario	END	1672897739094
USER	Create  Scenario	START	1672897739632
REQUEST		my Proposal	1672897679632	1672897739633	KO	i.g.h.c.i.RequestTimeoutException: Request timeout to backend-qa.knoldus.com/34.132.142.94:443 after 60000 ms
REQUEST		Proposal	1672897740233	1672897740614	OK	 
REQUEST		my Proposal	1672897680632	1672897740632	KO	i.g.h.c.i.RequestTimeoutException: Request timeout to backend-qa.knoldus.com/34.132.142.94:443 after 60000 ms
USER	Create  Scenario	START	1672897740632
REQUEST		Proposals	1672897735575	1672897741042	OK	 
REQUEST		my Proposal	1672897682632	1672897741073	OK	 
REQUEST		Edit Proposal	1672897741009	1672897741325	OK	 
USER	Create  Scenario	START	1672897741632
REQUEST		my Proposal	1672897681633	1672897741633	KO	i.g.h.c.i.RequestTimeoutException: Request timeout to backend-qa.knoldus.com/34.132.142.94:443 after 60000 ms
REQUEST		Proposal	1672897741791	1672897742239	OK	 
REQUEST		my Proposal	1672897729632	1672897742603	OK	 
USER	Create  Scenario	START	1672897742632
REQUEST		my Proposal	1672897710632	1672897743252	OK	 
REQUEST		my Proposal	1672897683632	1672897743632	KO	i.g.h.c.i.RequestTimeoutException: Request timeout to backend-qa.knoldus.com/34.132.142.94:443 after 60000 ms
USER	Create  Scenario	START	1672897743632
REQUEST		Proposal	1672897742636	1672897743719	OK	 
REQUEST		Proposals	1672897736297	1672897744186	OK	 
USER	Create  Scenario	END	1672897744326
REQUEST		Edit Proposal	1672897744043	1672897744403	OK	 
REQUEST		Proposal	1672897744074	1672897744421	OK	 
REQUEST		Proposals	1672897684550	1672897744550	KO	i.g.h.c.i.RequestTimeoutException: Request timeout to backend-qa.knoldus.com/34.132.142.94:443 after 60000 ms
REQUEST		my Proposal	1672897736632	1672897744564	OK	 
REQUEST		my Proposal	1672897684632	1672897744632	KO	i.g.h.c.i.RequestTimeoutException: Request timeout to backend-qa.knoldus.com/34.132.142.94:443 after 60000 ms
USER	Create  Scenario	START	1672897744632
REQUEST		Proposal	1672897743633	1672897744900	OK	 
REQUEST		my Proposal	1672897685632	1672897745632	KO	i.g.h.c.i.RequestTimeoutException: Request timeout to backend-qa.knoldus.com/34.132.142.94:443 after 60000 ms
USER	Create  Scenario	START	1672897745632
REQUEST		Proposal	1672897744633	1672897745656	OK	 
REQUEST		Proposal	1672897745604	1672897745930	OK	 
USER	Create  Scenario	START	1672897746631
REQUEST		Proposal	1672897746253	1672897746670	OK	 
REQUEST		my Proposal	1672897731632	1672897746905	OK	 
USER	Create  Scenario	END	1672897747404
REQUEST		my Proposal	1672897739632	1672897747436	OK	 
REQUEST		my Proposal	1672897716632	1672897747542	OK	 
REQUEST		Edit Proposal	1672897747187	1672897747554	OK	 
REQUEST		my Proposal	1672897687631	1672897747632	KO	i.g.h.c.i.RequestTimeoutException: Request timeout to backend-qa.knoldus.com/34.132.142.94:443 after 60000 ms
USER	Create  Scenario	START	1672897747632
REQUEST		Proposal	1672897746633	1672897747708	OK	 
REQUEST		Proposal	1672897747564	1672897747902	OK	 
REQUEST		Edit Proposal	1672897747551	1672897748622	OK	 
USER	Create  Scenario	START	1672897748631
REQUEST		Proposal	1672897747633	1672897748693	OK	 
REQUEST		my Proposal	1672897691632	1672897748824	OK	 
REQUEST		Proposals	1672897745240	1672897749142	OK	 
REQUEST		Proposal	1672897748632	1672897749602	OK	 
USER	Create  Scenario	START	1672897749631
REQUEST		Proposal	1672897749906	1672897750294	OK	 
USER	Create  Scenario	END	1672897750555
REQUEST		my Proposal	1672897690632	1672897750632	KO	i.g.h.c.i.RequestTimeoutException: Request timeout to backend-qa.knoldus.com/34.132.142.94:443 after 60000 ms
USER	Create  Scenario	START	1672897750632
REQUEST		Proposal	1672897750437	1672897750820	OK	 
REQUEST		Proposal	1672897750543	1672897750910	OK	 
USER	Create  Scenario	END	1672897751623
USER	Create  Scenario	START	1672897751631
REQUEST		Proposal	1672897751825	1672897752185	OK	 
REQUEST		Edit Proposal	1672897752144	1672897752539	OK	 
REQUEST		my Proposal	1672897747632	1672897752574	OK	 
REQUEST		Proposals	1672897692603	1672897752603	KO	i.g.h.c.i.RequestTimeoutException: Request timeout to backend-qa.knoldus.com/34.132.142.94:443 after 60000 ms
USER	Create  Scenario	START	1672897752631
REQUEST		Proposal	1672897750632	1672897752877	OK	 
USER	Create  Scenario	START	1672897753632
REQUEST		my Proposal	1672897694632	1672897754632	KO	i.g.h.c.i.RequestTimeoutException: Request timeout to backend-qa.knoldus.com/34.132.142.94:443 after 60000 ms
USER	Create  Scenario	START	1672897754631
REQUEST		my Proposal	1672897700632	1672897754731	OK	 
REQUEST		Proposal	1672897753633	1672897754748	OK	 
USER	Create  Scenario	END	1672897755541
REQUEST		my Proposal	1672897695632	1672897755632	KO	i.g.h.c.i.RequestTimeoutException: Request timeout to backend-qa.knoldus.com/34.132.142.94:443 after 60000 ms
USER	Create  Scenario	START	1672897755632
REQUEST		my Proposal	1672897743632	1672897755771	OK	 
REQUEST		Proposal	1672897755575	1672897755964	OK	 
USER	Create  Scenario	START	1672897756632
REQUEST		Edit Proposal	1672897755604	1672897756872	OK	 
USER	Create  Scenario	START	1672897757632
REQUEST		Proposals	1672897751694	1672897758573	OK	 
USER	Create  Scenario	START	1672897758631
REQUEST		my Proposal	1672897744632	1672897758697	OK	 
REQUEST		Proposal	1672897757732	1672897758734	OK	 
REQUEST		Proposal	1672897757632	1672897758736	OK	 
REQUEST		Proposal	1672897758772	1672897759135	OK	 
REQUEST		Proposals	1672897753294	1672897759142	OK	 
REQUEST		my Proposal	1672897699632	1672897759632	KO	i.g.h.c.i.RequestTimeoutException: Request timeout to backend-qa.knoldus.com/34.132.142.94:443 after 60000 ms
USER	Create  Scenario	START	1672897759632
REQUEST		Proposal	1672897758632	1672897759692	OK	 
USER	Create  Scenario	END	1672897759873
USER	Create  Scenario	START	1672897760632
REQUEST		Proposals	1672897701573	1672897761573	KO	i.g.h.c.i.RequestTimeoutException: Request timeout to backend-qa.knoldus.com/34.132.142.94:443 after 60000 ms
REQUEST		my Proposal	1672897746631	1672897761601	OK	 
USER	Create  Scenario	START	1672897761632
REQUEST		Edit Proposal	1672897761574	1672897761900	OK	 
REQUEST		Proposal	1672897761698	1672897762006	OK	 
REQUEST		Proposals	1672897750709	1672897762154	OK	 
REQUEST		Edit Proposal	1672897762142	1672897762558	OK	 
USER	Create  Scenario	START	1672897762632
REQUEST		my Proposal	1672897754632	1672897762666	OK	 
REQUEST		Proposals	1672897750902	1672897762882	OK	 
REQUEST		my Proposal	1672897703633	1672897763633	KO	i.g.h.c.i.RequestTimeoutException: Request timeout to backend-qa.knoldus.com/34.132.142.94:443 after 60000 ms
REQUEST		Proposal	1672897762632	1672897763641	OK	 
REQUEST		Proposals	1672897753821	1672897764386	OK	 
REQUEST		Proposals	1672897704439	1672897764440	KO	i.g.h.c.i.RequestTimeoutException: Request timeout to backend-qa.knoldus.com/34.132.142.94:443 after 60000 ms
REQUEST		my Proposal	1672897704632	1672897764632	KO	i.g.h.c.i.RequestTimeoutException: Request timeout to backend-qa.knoldus.com/34.132.142.94:443 after 60000 ms
USER	Create  Scenario	END	1672897764901
REQUEST		Proposal	1672897764602	1672897764928	OK	 
REQUEST		Edit Proposal	1672897765155	1672897765548	OK	 
USER	Create  Scenario	END	1672897765559
REQUEST		Edit Proposal	1672897764574	1672897765616	OK	 
REQUEST		Proposal	1672897765667	1672897766050	OK	 
REQUEST		Edit Proposal	1672897765883	1672897766270	OK	 
REQUEST		my Proposal	1672897706632	1672897766632	KO	i.g.h.c.i.RequestTimeoutException: Request timeout to backend-qa.knoldus.com/34.132.142.94:443 after 60000 ms
REQUEST		Proposals	1672897761737	1672897766743	OK	 
REQUEST		my Proposal	1672897707631	1672897767631	KO	i.g.h.c.i.RequestTimeoutException: Request timeout to backend-qa.knoldus.com/34.132.142.94:443 after 60000 ms
REQUEST		Proposal	1672897766633	1672897767660	OK	 
REQUEST		Edit Proposal	1672897767387	1672897767788	OK	 
USER	Create  Scenario	END	1672897768549
REQUEST		Edit Proposal	1672897767440	1672897768575	OK	 
USER	Create  Scenario	END	1672897768617
REQUEST		Proposal	1672897767633	1672897768719	OK	 
USER	Create  Scenario	END	1672897769271
REQUEST		Proposals	1672897709302	1672897769302	KO	i.g.h.c.i.RequestTimeoutException: Request timeout to backend-qa.knoldus.com/34.132.142.94:443 after 60000 ms
REQUEST		Proposals	1672897709315	1672897769315	KO	i.g.h.c.i.RequestTimeoutException: Request timeout to backend-qa.knoldus.com/34.132.142.94:443 after 60000 ms
REQUEST		Edit Proposal	1672897769744	1672897770148	OK	 
REQUEST		my Proposal	1672897760632	1672897770229	OK	 
REQUEST		Proposal	1672897769633	1672897770681	OK	 
USER	Create  Scenario	END	1672897770789
USER	Create  Scenario	END	1672897771576
REQUEST		my Proposal	1672897711632	1672897771632	KO	i.g.h.c.i.RequestTimeoutException: Request timeout to backend-qa.knoldus.com/34.132.142.94:443 after 60000 ms
REQUEST		Proposals	1672897758965	1672897771653	OK	 
REQUEST		Proposal	1672897770632	1672897771964	OK	 
REQUEST		my Proposal	1672897712632	1672897772632	KO	i.g.h.c.i.RequestTimeoutException: Request timeout to backend-qa.knoldus.com/34.132.142.94:443 after 60000 ms
REQUEST		Proposals	1672897712748	1672897772748	KO	i.g.h.c.i.RequestTimeoutException: Request timeout to backend-qa.knoldus.com/34.132.142.94:443 after 60000 ms
USER	Create  Scenario	END	1672897773149
REQUEST		Edit Proposal	1672897772315	1672897773373	OK	 
REQUEST		Proposals	1672897769051	1672897773507	OK	 
REQUEST		Proposal	1672897773230	1672897773534	OK	 
REQUEST		Edit Proposal	1672897772303	1672897774451	OK	 
REQUEST		Edit Proposal	1672897774654	1672897774998	OK	 
REQUEST		my Proposal	1672897759632	1672897775004	OK	 
REQUEST		my Proposal	1672897715632	1672897775632	KO	i.g.h.c.i.RequestTimeoutException: Request timeout to backend-qa.knoldus.com/34.132.142.94:443 after 60000 ms
REQUEST		Proposal	1672897774632	1672897776088	OK	 
USER	Create  Scenario	END	1672897776374
REQUEST		Proposals	1672897765007	1672897776486	OK	 
REQUEST		Proposal	1672897775632	1672897776759	OK	 
REQUEST		Edit Proposal	1672897775749	1672897776878	OK	 
REQUEST		Edit Proposal	1672897776508	1672897776898	OK	 
REQUEST		Proposals	1672897767929	1672897776911	OK	 
USER	Create  Scenario	END	1672897777452
USER	Create  Scenario	END	1672897777999
REQUEST		Proposal	1672897778005	1672897778388	OK	 
REQUEST		Proposals	1672897771720	1672897779261	OK	 
REQUEST		Proposals	1672897774965	1672897779367	OK	 
REQUEST		Proposal	1672897778633	1672897779637	OK	 
REQUEST		Edit Proposal	1672897779487	1672897779791	OK	 
USER	Create  Scenario	END	1672897779879
USER	Create  Scenario	END	1672897779899
REQUEST		Edit Proposal	1672897779911	1672897780225	OK	 
REQUEST		Proposals	1672897720418	1672897780418	KO	i.g.h.c.i.RequestTimeoutException: Request timeout to backend-qa.knoldus.com/34.132.142.94:443 after 60000 ms
REQUEST		my Proposal	1672897720632	1672897780632	KO	i.g.h.c.i.RequestTimeoutException: Request timeout to backend-qa.knoldus.com/34.132.142.94:443 after 60000 ms
REQUEST		Proposals	1672897776534	1672897781268	OK	 
REQUEST		my Proposal	1672897724631	1672897782218	OK	 
REQUEST		my Proposal	1672897722632	1672897782632	KO	i.g.h.c.i.RequestTimeoutException: Request timeout to backend-qa.knoldus.com/34.132.142.94:443 after 60000 ms
REQUEST		Edit Proposal	1672897782261	1672897782673	OK	 
REQUEST		Edit Proposal	1672897782368	1672897782757	OK	 
USER	Create  Scenario	END	1672897782792
REQUEST		Proposals	1672897779759	1672897783111	OK	 
USER	Create  Scenario	END	1672897783226
REQUEST		Edit Proposal	1672897783419	1672897784403	OK	 
REQUEST		Proposal	1672897783633	1672897784656	OK	 
REQUEST		Edit Proposal	1672897784269	1672897784693	OK	 
REQUEST		my Proposal	1672897737632	1672897785302	OK	 
REQUEST		Proposal	1672897785219	1672897785584	OK	 
REQUEST		Proposals	1672897773682	1672897785628	OK	 
REQUEST		my Proposal	1672897725632	1672897785632	KO	i.g.h.c.i.RequestTimeoutException: Request timeout to backend-qa.knoldus.com/34.132.142.94:443 after 60000 ms
USER	Create  Scenario	END	1672897785674
USER	Create  Scenario	END	1672897785758
REQUEST		Proposals	1672897726172	1672897786172	KO	i.g.h.c.i.RequestTimeoutException: Request timeout to backend-qa.knoldus.com/34.132.142.94:443 after 60000 ms
REQUEST		my Proposal	1672897726631	1672897786631	KO	i.g.h.c.i.RequestTimeoutException: Request timeout to backend-qa.knoldus.com/34.132.142.94:443 after 60000 ms
REQUEST		Proposal	1672897785633	1672897786698	OK	 
REQUEST		Proposals	1672897726957	1672897786958	KO	i.g.h.c.i.RequestTimeoutException: Request timeout to backend-qa.knoldus.com/34.132.142.94:443 after 60000 ms
REQUEST		Edit Proposal	1672897786112	1672897787102	OK	 
USER	Create  Scenario	END	1672897787404
REQUEST		my Proposal	1672897727631	1672897787631	KO	i.g.h.c.i.RequestTimeoutException: Request timeout to backend-qa.knoldus.com/34.132.142.94:443 after 60000 ms
REQUEST		Proposals	1672897727671	1672897787672	KO	i.g.h.c.i.RequestTimeoutException: Request timeout to backend-qa.knoldus.com/34.132.142.94:443 after 60000 ms
USER	Create  Scenario	END	1672897787694
REQUEST		Proposals	1672897748657	1672897787909	OK	 
REQUEST		my Proposal	1672897758632	1672897788120	OK	 
REQUEST		Proposal	1672897788303	1672897788605	OK	 
REQUEST		my Proposal	1672897728632	1672897788632	KO	i.g.h.c.i.RequestTimeoutException: Request timeout to backend-qa.knoldus.com/34.132.142.94:443 after 60000 ms
REQUEST		Proposals	1672897752603	1672897788874	OK	 
REQUEST		Edit Proposal	1672897788629	1672897788943	OK	 
REQUEST		Proposal	1672897788633	1672897789550	OK	 
USER	Create  Scenario	END	1672897790103
REQUEST		Edit Proposal	1672897789173	1672897790352	OK	 
REQUEST		my Proposal	1672897730632	1672897790633	KO	i.g.h.c.i.RequestTimeoutException: Request timeout to backend-qa.knoldus.com/34.132.142.94:443 after 60000 ms
REQUEST		Proposal	1672897789632	1672897790848	OK	 
REQUEST		Proposals	1672897782638	1672897790936	OK	 
REQUEST		Edit Proposal	1672897789959	1672897791040	OK	 
REQUEST		Edit Proposal	1672897790909	1672897791338	OK	 
REQUEST		Proposal	1672897791120	1672897791593	OK	 
REQUEST		Proposal	1672897790632	1672897791887	OK	 
USER	Create  Scenario	END	1672897791944
REQUEST		Edit Proposal	1672897790672	1672897791973	OK	 
REQUEST		Proposals	1672897787657	1672897792125	OK	 
REQUEST		Edit Proposal	1672897791875	1672897792368	OK	 
REQUEST		my Proposal	1672897732632	1672897792632	KO	i.g.h.c.i.RequestTimeoutException: Request timeout to backend-qa.knoldus.com/34.132.142.94:443 after 60000 ms
REQUEST		Proposal	1672897791633	1672897792633	OK	 
REQUEST		my Proposal	1672897734632	1672897793053	OK	 
USER	Create  Scenario	END	1672897793353
REQUEST		my Proposal	1672897733632	1672897793632	KO	i.g.h.c.i.RequestTimeoutException: Request timeout to backend-qa.knoldus.com/34.132.142.94:443 after 60000 ms
USER	Create  Scenario	END	1672897794041
REQUEST		Proposals	1672897734243	1672897794243	KO	i.g.h.c.i.RequestTimeoutException: Request timeout to backend-qa.knoldus.com/34.132.142.94:443 after 60000 ms
REQUEST		Edit Proposal	1672897793937	1672897794323	OK	 
USER	Create  Scenario	END	1672897794338
REQUEST		Proposal	1672897793633	1672897794657	OK	 
USER	Create  Scenario	END	1672897794974
USER	Create  Scenario	END	1672897795369
REQUEST		Edit Proposal	1672897795125	1672897795510	OK	 
REQUEST		my Proposal	1672897735632	1672897795632	KO	i.g.h.c.i.RequestTimeoutException: Request timeout to backend-qa.knoldus.com/34.132.142.94:443 after 60000 ms
REQUEST		my Proposal	1672897740632	1672897795700	OK	 
REQUEST		Proposal	1672897796053	1672897796415	OK	 
REQUEST		Proposal	1672897795633	1672897796706	OK	 
REQUEST		my Proposal	1672897755632	1672897796777	OK	 
REQUEST		Proposals	1672897736972	1672897796972	KO	i.g.h.c.i.RequestTimeoutException: Request timeout to backend-qa.knoldus.com/34.132.142.94:443 after 60000 ms
USER	Create  Scenario	END	1672897797324
REQUEST		Proposals	1672897792551	1672897797661	OK	 
REQUEST		Proposal	1672897796633	1672897798056	OK	 
REQUEST		Edit Proposal	1672897797244	1672897798188	OK	 
USER	Create  Scenario	END	1672897798511
REQUEST		my Proposal	1672897738632	1672897798632	KO	i.g.h.c.i.RequestTimeoutException: Request timeout to backend-qa.knoldus.com/34.132.142.94:443 after 60000 ms
REQUEST		Proposals	1672897762136	1672897798662	OK	 
REQUEST		Proposal	1672897798700	1672897799072	OK	 
REQUEST		Proposal	1672897798632	1672897799720	OK	 
REQUEST		Proposals	1672897761734	1672897800003	OK	 
REQUEST		Proposal	1672897799777	1672897800141	OK	 
REQUEST		Proposals	1672897762693	1672897800661	OK	 
REQUEST		Edit Proposal	1672897800662	1672897801051	OK	 
USER	Create  Scenario	END	1672897801190
REQUEST		my Proposal	1672897741632	1672897801632	KO	i.g.h.c.i.RequestTimeoutException: Request timeout to backend-qa.knoldus.com/34.132.142.94:443 after 60000 ms
REQUEST		Edit Proposal	1672897799973	1672897801634	OK	 
REQUEST		Proposals	1672897746719	1672897801682	OK	 
REQUEST		Proposals	1672897748931	1672897802032	OK	 
REQUEST		my Proposal	1672897762632	1672897802177	OK	 
REQUEST		Edit Proposal	1672897801663	1672897802177	OK	 
REQUEST		my Proposal	1672897742632	1672897802632	KO	i.g.h.c.i.RequestTimeoutException: Request timeout to backend-qa.knoldus.com/34.132.142.94:443 after 60000 ms
REQUEST		Proposals	1672897793849	1672897802806	OK	 
REQUEST		Proposal	1672897801632	1672897802806	OK	 
REQUEST		Edit Proposal	1672897803004	1672897803427	OK	 
REQUEST		Proposals	1672897743615	1672897803615	KO	i.g.h.c.i.RequestTimeoutException: Request timeout to backend-qa.knoldus.com/34.132.142.94:443 after 60000 ms
USER	Create  Scenario	END	1672897804052
REQUEST		Edit Proposal	1672897803662	1672897804062	OK	 
USER	Create  Scenario	END	1672897804635
REQUEST		Edit Proposal	1672897804683	1672897805099	OK	 
USER	Create  Scenario	END	1672897805178
REQUEST		Edit Proposal	1672897805033	1672897805353	OK	 
REQUEST		Proposals	1672897795634	1672897805403	OK	 
REQUEST		Proposal	1672897805178	1672897805500	OK	 
REQUEST		my Proposal	1672897745632	1672897805632	KO	i.g.h.c.i.RequestTimeoutException: Request timeout to backend-qa.knoldus.com/34.132.142.94:443 after 60000 ms
REQUEST		Proposals	1672897789699	1672897805674	OK	 
REQUEST		Proposal	1672897804633	1672897805682	OK	 
REQUEST		my Proposal	1672897756632	1672897806100	OK	 
REQUEST		Edit Proposal	1672897805807	1672897806127	OK	 
USER	Create  Scenario	END	1672897806428
REQUEST		Proposal	1672897805633	1672897806554	OK	 
USER	Create  Scenario	END	1672897807063
REQUEST		Proposals	1672897747422	1672897807422	KO	i.g.h.c.i.RequestTimeoutException: Request timeout to backend-qa.knoldus.com/34.132.142.94:443 after 60000 ms
REQUEST		Edit Proposal	1672897806615	1672897807700	OK	 
REQUEST		Proposals	1672897747901	1672897807901	KO	i.g.h.c.i.RequestTimeoutException: Request timeout to backend-qa.knoldus.com/34.132.142.94:443 after 60000 ms
REQUEST		Proposals	1672897755186	1672897807923	OK	 
REQUEST		Proposals	1672897757749	1672897808066	OK	 
USER	Create  Scenario	END	1672897808100
REQUEST		my Proposal	1672897751631	1672897808226	OK	 
USER	Create  Scenario	END	1672897808354
REQUEST		my Proposal	1672897748632	1672897808632	KO	i.g.h.c.i.RequestTimeoutException: Request timeout to backend-qa.knoldus.com/34.132.142.94:443 after 60000 ms
REQUEST		Edit Proposal	1672897808403	1672897808738	OK	 
REQUEST		Edit Proposal	1672897808675	1672897809032	OK	 
USER	Create  Scenario	END	1672897809128
REQUEST		Proposals	1672897794594	1672897809290	OK	 
REQUEST		Proposal	1672897809101	1672897809405	OK	 
REQUEST		Proposal	1672897808633	1672897809549	OK	 
REQUEST		my Proposal	1672897749632	1672897809632	KO	i.g.h.c.i.RequestTimeoutException: Request timeout to backend-qa.knoldus.com/34.132.142.94:443 after 60000 ms
REQUEST		Proposals	1672897749671	1672897809671	KO	i.g.h.c.i.RequestTimeoutException: Request timeout to backend-qa.knoldus.com/34.132.142.94:443 after 60000 ms
REQUEST		Proposals	1672897753911	1672897809794	OK	 
REQUEST		my Proposal	1672897757632	1672897809952	OK	 
REQUEST		Proposals	1672897797657	1672897810216	OK	 
REQUEST		my Proposal	1672897750632	1672897810632	KO	i.g.h.c.i.RequestTimeoutException: Request timeout to backend-qa.knoldus.com/34.132.142.94:443 after 60000 ms
USER	Create  Scenario	END	1672897810701
REQUEST		Edit Proposal	1672897810923	1672897811308	OK	 
REQUEST		Edit Proposal	1672897811067	1672897811444	OK	 
REQUEST		Proposals	1672897755878	1672897811495	OK	 
REQUEST		Proposal	1672897811226	1672897811565	OK	 
REQUEST		Edit Proposal	1672897810423	1672897811571	OK	 
REQUEST		Proposals	1672897779089	1672897811730	OK	 
USER	Create  Scenario	END	1672897811738
REQUEST		Edit Proposal	1672897810901	1672897811872	OK	 
USER	Create  Scenario	END	1672897812033
REQUEST		my Proposal	1672897752632	1672897812337	OK	 
REQUEST		Proposals	1672897802720	1672897812426	OK	 
REQUEST		Proposal	1672897811632	1672897812520	OK	 
REQUEST		Edit Proposal	1672897812291	1672897812616	OK	 
REQUEST		Proposals	1672897766642	1672897812801	OK	 
REQUEST		Proposals	1672897805807	1672897813018	OK	 
REQUEST		Edit Proposal	1672897812795	1672897813104	OK	 
REQUEST		Proposal	1672897812952	1672897813264	OK	 
REQUEST		Proposals	1672897803142	1672897813404	OK	 
REQUEST		Proposal	1672897812633	1672897813515	OK	 
REQUEST		Edit Proposal	1672897813216	1672897813546	OK	 
REQUEST		Edit Proposal	1672897812672	1672897813562	OK	 
REQUEST		my Proposal	1672897753632	1672897813632	KO	i.g.h.c.i.RequestTimeoutException: Request timeout to backend-qa.knoldus.com/34.132.142.94:443 after 60000 ms
REQUEST		Proposals	1672897808683	1672897814242	OK	 
USER	Create  Scenario	END	1672897814308
REQUEST		Proposals	1672897788585	1672897814380	OK	 
USER	Create  Scenario	END	1672897814445
REQUEST		Proposal	1672897813633	1672897814513	OK	 
USER	Create  Scenario	END	1672897814571
REQUEST		Edit Proposal	1672897814496	1672897814843	OK	 
USER	Create  Scenario	END	1672897814872
REQUEST		Edit Proposal	1672897814731	1672897815044	OK	 
USER	Create  Scenario	END	1672897815616
REQUEST		Proposal	1672897815337	1672897815637	OK	 
REQUEST		Edit Proposal	1672897815427	1672897815745	OK	 
USER	Create  Scenario	END	1672897816105
REQUEST		Edit Proposal	1672897815801	1672897816109	OK	 
REQUEST		Edit Proposal	1672897816018	1672897816510	OK	 
USER	Create  Scenario	END	1672897816547
USER	Create  Scenario	END	1672897816563
REQUEST		my Proposal	1672897761632	1672897816868	OK	 
REQUEST		Edit Proposal	1672897816405	1672897816989	OK	 
REQUEST		Proposals	1672897808501	1672897817534	OK	 
REQUEST		Proposals	1672897802073	1672897817551	OK	 
REQUEST		Edit Proposal	1672897817242	1672897817564	OK	 
REQUEST		Proposals	1672897791606	1672897817654	OK	 
REQUEST		Edit Proposal	1672897817380	1672897817701	OK	 
REQUEST		Proposal	1672897816632	1672897817788	OK	 
USER	Create  Scenario	END	1672897817843
USER	Create  Scenario	END	1672897818046
USER	Create  Scenario	END	1672897818745
USER	Create  Scenario	END	1672897819109
USER	Create  Scenario	END	1672897819511
USER	Create  Scenario	END	1672897819990
REQUEST		Proposals	1672897799707	1672897820084	OK	 
REQUEST		Proposal	1672897819869	1672897820234	OK	 
USER	Create  Scenario	END	1672897820565
REQUEST		Proposals	1672897816515	1672897820590	OK	 
USER	Create  Scenario	END	1672897820702
REQUEST		Edit Proposal	1672897820535	1672897820844	OK	 
REQUEST		Edit Proposal	1672897820552	1672897820887	OK	 
REQUEST		Edit Proposal	1672897820655	1672897820975	OK	 
REQUEST		Proposals	1672897814566	1672897821660	OK	 
REQUEST		Proposals	1672897816265	1672897822445	OK	 
REQUEST		Proposals	1672897815521	1672897822967	OK	 
REQUEST		Proposals	1672897781389	1672897823227	OK	 
REQUEST		Edit Proposal	1672897823085	1672897823404	OK	 
REQUEST		Proposals	1672897812550	1672897823620	OK	 
USER	Create  Scenario	END	1672897823845
USER	Create  Scenario	END	1672897823888
REQUEST		Edit Proposal	1672897823591	1672897823905	OK	 
REQUEST		Proposals	1672897812406	1672897823921	OK	 
USER	Create  Scenario	END	1672897823976
REQUEST		Proposals	1672897820789	1672897824499	OK	 
REQUEST		Edit Proposal	1672897824661	1672897824973	OK	 
REQUEST		Proposals	1672897770661	1672897825089	OK	 
REQUEST		Edit Proposal	1672897825446	1672897825814	OK	 
REQUEST		Proposals	1672897817514	1672897826115	OK	 
REQUEST		Proposals	1672897794887	1672897826168	OK	 
REQUEST		Edit Proposal	1672897825968	1672897826288	OK	 
USER	Create  Scenario	END	1672897826405
REQUEST		Proposals	1672897801057	1672897826462	OK	 
REQUEST		Edit Proposal	1672897826227	1672897826575	OK	 
USER	Create  Scenario	END	1672897826906
REQUEST		Edit Proposal	1672897826620	1672897826930	OK	 
REQUEST		Edit Proposal	1672897826922	1672897827256	OK	 
REQUEST		Edit Proposal	1672897827500	1672897827812	OK	 
USER	Create  Scenario	END	1672897827974
REQUEST		Edit Proposal	1672897828090	1672897828399	OK	 
REQUEST		Proposals	1672897809554	1672897828491	OK	 
USER	Create  Scenario	END	1672897828815
REQUEST		Proposals	1672897799416	1672897828833	OK	 
USER	Create  Scenario	END	1672897829289
REQUEST		Proposals	1672897823234	1672897829405	OK	 
REQUEST		Edit Proposal	1672897829116	1672897829436	OK	 
REQUEST		Edit Proposal	1672897829169	1672897829478	OK	 
USER	Create  Scenario	END	1672897829576
REQUEST		Edit Proposal	1672897829463	1672897829816	OK	 
USER	Create  Scenario	END	1672897829931
REQUEST		Proposals	1672897818637	1672897830209	OK	 
USER	Create  Scenario	END	1672897830257
USER	Create  Scenario	END	1672897830812
USER	Create  Scenario	END	1672897831400
REQUEST		Edit Proposal	1672897831492	1672897831814	OK	 
REQUEST		Edit Proposal	1672897831834	1672897832149	OK	 
USER	Create  Scenario	END	1672897832437
USER	Create  Scenario	END	1672897832479
REQUEST		Edit Proposal	1672897832405	1672897832724	OK	 
USER	Create  Scenario	END	1672897832817
REQUEST		Edit Proposal	1672897833209	1672897833551	OK	 
USER	Create  Scenario	END	1672897834815
USER	Create  Scenario	END	1672897835150
USER	Create  Scenario	END	1672897835725
USER	Create  Scenario	END	1672897836552
