RUN	Simulations.Runner.Go1percent	go1percent	1676269453416	 	3.5.1
USER	Summary API	START	1676269454306
REQUEST		Monthly Contribution-Fetch monthly data of user like contributions done in a month and scored according to contribution	1676269454325	1676269455179	OK	 
USER	Summary API	START	1676269455298
REQUEST		Monthly Contribution-Fetch monthly data of user like contributions done in a month and scored according to contribution	1676269455298	1676269456160	OK	 
USER	Summary API	START	1676269456298
REQUEST		Monthly Contribution-Fetch monthly data of user like contributions done in a month and scored according to contribution	1676269456299	1676269457193	OK	 
USER	Summary API	START	1676269457293
REQUEST		Monthly Contribution-Fetch monthly data of user like contributions done in a month and scored according to contribution	1676269457294	1676269458200	OK	 
USER	Summary API	START	1676269458293
REQUEST		Reputation- Fetch monthly contributions and all-time contributions data	1676269458198	1676269459136	OK	 
REQUEST		Monthly Contribution-Fetch monthly data of user like contributions done in a month and scored according to contribution	1676269458294	1676269459167	OK	 
USER	Summary API	START	1676269459293
REQUEST		Reputation- Fetch monthly contributions and all-time contributions data	1676269459161	1676269460091	OK	 
REQUEST		Monthly Contribution-Fetch monthly data of user like contributions done in a month and scored according to contribution	1676269459294	1676269460187	OK	 
USER	Summary API	START	1676269460293
REQUEST		Reputation- Fetch monthly contributions and all-time contributions data	1676269460194	1676269461097	OK	 
REQUEST		Monthly Contribution-Fetch monthly data of user like contributions done in a month and scored according to contribution	1676269460294	1676269461152	OK	 
USER	Summary API	START	1676269461293
REQUEST		Reputation- Fetch monthly contributions and all-time contributions data	1676269461202	1676269462070	OK	 
REQUEST		Monthly Contribution-Fetch monthly data of user like contributions done in a month and scored according to contribution	1676269461294	1676269462138	OK	 
USER	Summary API	START	1676269462293
REQUEST		Hall of Frame-Fetches the top five monthly rankers for all the months in each year	1676269462138	1676269462511	OK	 
REQUEST		Reputation- Fetch monthly contributions and all-time contributions data	1676269462169	1676269463019	OK	 
REQUEST		Monthly Contribution-Fetch monthly data of user like contributions done in a month and scored according to contribution	1676269462294	1676269463165	OK	 
USER	Summary API	START	1676269463293
REQUEST		Hall of Frame-Fetches the top five monthly rankers for all the months in each year	1676269463093	1676269463463	OK	 
REQUEST		Reputation- Fetch monthly contributions and all-time contributions data	1676269463188	1676269464071	OK	 
REQUEST		Monthly Contribution-Fetch monthly data of user like contributions done in a month and scored according to contribution	1676269463294	1676269464141	OK	 
USER	Summary API	START	1676269464293
REQUEST		Hall of Frame-Fetches the top five monthly rankers for all the months in each year	1676269464098	1676269464471	OK	 
REQUEST		Reputation- Fetch monthly contributions and all-time contributions data	1676269464153	1676269465050	OK	 
REQUEST		Monthly Contribution-Fetch monthly data of user like contributions done in a month and scored according to contribution	1676269464294	1676269465146	OK	 
USER	Summary API	START	1676269465293
REQUEST		Hall of Frame-Fetches the top five monthly rankers for all the months in each year	1676269465072	1676269465419	OK	 
REQUEST		Dynamic Score -Fetches all the points of Contribution	1676269465512	1676269465808	OK	 
REQUEST		Reputation- Fetch monthly contributions and all-time contributions data	1676269465139	1676269466031	OK	 
REQUEST		Monthly Contribution-Fetch monthly data of user like contributions done in a month and scored according to contribution	1676269465294	1676269466140	OK	 
USER	Summary API	START	1676269466293
REQUEST		Hall of Frame-Fetches the top five monthly rankers for all the months in each year	1676269466020	1676269466374	OK	 
REQUEST		Dynamic Score -Fetches all the points of Contribution	1676269466464	1676269466752	OK	 
REQUEST		Reputation- Fetch monthly contributions and all-time contributions data	1676269466167	1676269467025	OK	 
REQUEST		Monthly Contribution-Fetch monthly data of user like contributions done in a month and scored according to contribution	1676269466293	1676269467137	OK	 
USER	Summary API	START	1676269467293
REQUEST		Hall of Frame-Fetches the top five monthly rankers for all the months in each year	1676269467072	1676269467441	OK	 
REQUEST		Dynamic Score -Fetches all the points of Contribution	1676269467472	1676269467783	OK	 
REQUEST		Reputation- Fetch monthly contributions and all-time contributions data	1676269467142	1676269468046	OK	 
REQUEST		Monthly Contribution-Fetch monthly data of user like contributions done in a month and scored according to contribution	1676269467293	1676269468157	OK	 
USER	Summary API	START	1676269468293
REQUEST		Hall of Frame-Fetches the top five monthly rankers for all the months in each year	1676269468052	1676269468423	OK	 
REQUEST		Dynamic Score -Fetches all the points of Contribution	1676269468420	1676269468742	OK	 
REQUEST		Reputation- Fetch monthly contributions and all-time contributions data	1676269468147	1676269469015	OK	 
REQUEST		Individual Contribution-Retrieve the individual data of knolder like his email,contribution and the score of each contribution	1676269468809	1676269469099	OK	 
REQUEST		Monthly Contribution-Fetch monthly data of user like contributions done in a month and scored according to contribution	1676269468293	1676269469154	OK	 
USER	Summary API	START	1676269469293
REQUEST		Hall of Frame-Fetches the top five monthly rankers for all the months in each year	1676269469033	1676269469391	OK	 
REQUEST		Dynamic Score -Fetches all the points of Contribution	1676269469375	1676269469662	OK	 
REQUEST		Reputation- Fetch monthly contributions and all-time contributions data	1676269469141	1676269470023	OK	 
REQUEST		Individual Contribution-Retrieve the individual data of knolder like his email,contribution and the score of each contribution	1676269469754	1676269470039	OK	 
REQUEST		Monthly Contribution-Fetch monthly data of user like contributions done in a month and scored according to contribution	1676269469293	1676269470137	OK	 
USER	Summary API	START	1676269470293
REQUEST		Hall of Frame-Fetches the top five monthly rankers for all the months in each year	1676269470026	1676269470377	OK	 
REQUEST		Dynamic Score -Fetches all the points of Contribution	1676269470442	1676269470737	OK	 
REQUEST		Reputation- Fetch monthly contributions and all-time contributions data	1676269470138	1676269470995	OK	 
REQUEST		Individual Contribution-Retrieve the individual data of knolder like his email,contribution and the score of each contribution	1676269470784	1676269471070	OK	 
REQUEST		Monthly Contribution-Fetch monthly data of user like contributions done in a month and scored according to contribution	1676269470294	1676269471151	OK	 
USER	Summary API	START	1676269471293
REQUEST		Hall of Frame-Fetches the top five monthly rankers for all the months in each year	1676269471047	1676269471445	OK	 
REQUEST		Dynamic Score -Fetches all the points of Contribution	1676269471425	1676269471737	OK	 
REQUEST		Reputation- Fetch monthly contributions and all-time contributions data	1676269471158	1676269472005	OK	 
REQUEST		Individual Contribution-Retrieve the individual data of knolder like his email,contribution and the score of each contribution	1676269471743	1676269472039	OK	 
USER	Summary API	END	1676269472105
REQUEST		Monthly Contribution-Fetch monthly data of user like contributions done in a month and scored according to contribution	1676269471294	1676269472133	OK	 
USER	Summary API	START	1676269472293
REQUEST		Hall of Frame-Fetches the top five monthly rankers for all the months in each year	1676269472017	1676269472375	OK	 
REQUEST		Dynamic Score -Fetches all the points of Contribution	1676269472392	1676269472696	OK	 
REQUEST		Individual Contribution-Retrieve the individual data of knolder like his email,contribution and the score of each contribution	1676269472663	1676269472943	OK	 
REQUEST		Reputation- Fetch monthly contributions and all-time contributions data	1676269472155	1676269472998	OK	 
USER	Summary API	END	1676269473041
REQUEST		Monthly Contribution-Fetch monthly data of user like contributions done in a month and scored according to contribution	1676269472294	1676269473181	OK	 
USER	Summary API	START	1676269473293
REQUEST		Hall of Frame-Fetches the top five monthly rankers for all the months in each year	1676269473024	1676269473410	OK	 
REQUEST		Dynamic Score -Fetches all the points of Contribution	1676269473379	1676269473665	OK	 
REQUEST		Reputation- Fetch monthly contributions and all-time contributions data	1676269473138	1676269474005	OK	 
REQUEST		Individual Contribution-Retrieve the individual data of knolder like his email,contribution and the score of each contribution	1676269473738	1676269474031	OK	 
USER	Summary API	END	1676269474072
REQUEST		Monthly Contribution-Fetch monthly data of user like contributions done in a month and scored according to contribution	1676269473293	1676269474221	OK	 
USER	Summary API	START	1676269474293
REQUEST		Hall of Frame-Fetches the top five monthly rankers for all the months in each year	1676269473996	1676269474348	OK	 
REQUEST		Dynamic Score -Fetches all the points of Contribution	1676269474446	1676269474739	OK	 
REQUEST		Individual Contribution-Retrieve the individual data of knolder like his email,contribution and the score of each contribution	1676269474738	1676269475024	OK	 
REQUEST		Reputation- Fetch monthly contributions and all-time contributions data	1676269474153	1676269475027	OK	 
USER	Summary API	END	1676269475040
REQUEST		Monthly Contribution-Fetch monthly data of user like contributions done in a month and scored according to contribution	1676269474293	1676269475154	OK	 
USER	Summary API	START	1676269475293
REQUEST		Hall of Frame-Fetches the top five monthly rankers for all the months in each year	1676269475006	1676269475366	OK	 
REQUEST		Dynamic Score -Fetches all the points of Contribution	1676269475376	1676269475669	OK	 
USER	Summary API	END	1676269475944
REQUEST		Reputation- Fetch monthly contributions and all-time contributions data	1676269475134	1676269475996	OK	 
REQUEST		Individual Contribution-Retrieve the individual data of knolder like his email,contribution and the score of each contribution	1676269475697	1676269475996	OK	 
REQUEST		Monthly Contribution-Fetch monthly data of user like contributions done in a month and scored according to contribution	1676269475294	1676269476263	OK	 
USER	Summary API	START	1676269476293
REQUEST		Hall of Frame-Fetches the top five monthly rankers for all the months in each year	1676269476000	1676269476375	OK	 
REQUEST		Dynamic Score -Fetches all the points of Contribution	1676269476411	1676269476708	OK	 
REQUEST		Individual Contribution-Retrieve the individual data of knolder like his email,contribution and the score of each contribution	1676269476667	1676269476968	OK	 
USER	Summary API	END	1676269477033
REQUEST		Reputation- Fetch monthly contributions and all-time contributions data	1676269476182	1676269477037	OK	 
REQUEST		Monthly Contribution-Fetch monthly data of user like contributions done in a month and scored according to contribution	1676269476293	1676269477150	OK	 
USER	Summary API	START	1676269477293
REQUEST		Hall of Frame-Fetches the top five monthly rankers for all the months in each year	1676269477006	1676269477372	OK	 
REQUEST		Dynamic Score -Fetches all the points of Contribution	1676269477349	1676269477643	OK	 
USER	Summary API	END	1676269478025
REQUEST		Individual Contribution-Retrieve the individual data of knolder like his email,contribution and the score of each contribution	1676269477740	1676269478029	OK	 
REQUEST		Reputation- Fetch monthly contributions and all-time contributions data	1676269477223	1676269478181	OK	 
REQUEST		Monthly Contribution-Fetch monthly data of user like contributions done in a month and scored according to contribution	1676269477293	1676269478228	OK	 
USER	Summary API	START	1676269478293
REQUEST		Hall of Frame-Fetches the top five monthly rankers for all the months in each year	1676269478028	1676269478429	OK	 
REQUEST		Dynamic Score -Fetches all the points of Contribution	1676269478367	1676269478654	OK	 
USER	Summary API	END	1676269478998
REQUEST		Individual Contribution-Retrieve the individual data of knolder like his email,contribution and the score of each contribution	1676269478670	1676269479003	OK	 
REQUEST		Reputation- Fetch monthly contributions and all-time contributions data	1676269478155	1676269479009	OK	 
REQUEST		Monthly Contribution-Fetch monthly data of user like contributions done in a month and scored according to contribution	1676269478294	1676269479138	OK	 
USER	Summary API	START	1676269479293
REQUEST		Hall of Frame-Fetches the top five monthly rankers for all the months in each year	1676269478997	1676269479353	OK	 
REQUEST		Dynamic Score -Fetches all the points of Contribution	1676269479376	1676269479663	OK	 
USER	Summary API	END	1676269479969
REQUEST		Individual Contribution-Retrieve the individual data of knolder like his email,contribution and the score of each contribution	1676269479709	1676269480000	OK	 
REQUEST		Reputation- Fetch monthly contributions and all-time contributions data	1676269479264	1676269480129	OK	 
REQUEST		Monthly Contribution-Fetch monthly data of user like contributions done in a month and scored according to contribution	1676269479293	1676269480170	OK	 
USER	Summary API	START	1676269480293
REQUEST		Hall of Frame-Fetches the top five monthly rankers for all the months in each year	1676269480038	1676269480408	OK	 
REQUEST		Dynamic Score -Fetches all the points of Contribution	1676269480373	1676269480670	OK	 
REQUEST		Individual Contribution-Retrieve the individual data of knolder like his email,contribution and the score of each contribution	1676269480644	1676269480940	OK	 
REQUEST		Reputation- Fetch monthly contributions and all-time contributions data	1676269480151	1676269481015	OK	 
USER	Summary API	END	1676269481031
REQUEST		Monthly Contribution-Fetch monthly data of user like contributions done in a month and scored according to contribution	1676269480293	1676269481126	OK	 
USER	Summary API	START	1676269481293
REQUEST		Hall of Frame-Fetches the top five monthly rankers for all the months in each year	1676269481182	1676269481547	OK	 
REQUEST		Dynamic Score -Fetches all the points of Contribution	1676269481430	1676269481714	OK	 
REQUEST		Individual Contribution-Retrieve the individual data of knolder like his email,contribution and the score of each contribution	1676269481655	1676269481960	OK	 
USER	Summary API	END	1676269482005
REQUEST		Reputation- Fetch monthly contributions and all-time contributions data	1676269481229	1676269482175	OK	 
REQUEST		Monthly Contribution-Fetch monthly data of user like contributions done in a month and scored according to contribution	1676269481293	1676269482205	OK	 
USER	Summary API	START	1676269482292
REQUEST		Hall of Frame-Fetches the top five monthly rankers for all the months in each year	1676269482010	1676269482364	OK	 
REQUEST		Dynamic Score -Fetches all the points of Contribution	1676269482354	1676269482658	OK	 
REQUEST		Individual Contribution-Retrieve the individual data of knolder like his email,contribution and the score of each contribution	1676269482664	1676269482951	OK	 
REQUEST		Reputation- Fetch monthly contributions and all-time contributions data	1676269482139	1676269482982	OK	 
USER	Summary API	END	1676269483001
REQUEST		Monthly Contribution-Fetch monthly data of user like contributions done in a month and scored according to contribution	1676269482293	1676269483212	OK	 
USER	Summary API	START	1676269483293
REQUEST		Hall of Frame-Fetches the top five monthly rankers for all the months in each year	1676269483130	1676269483482	OK	 
REQUEST		Dynamic Score -Fetches all the points of Contribution	1676269483409	1676269483697	OK	 
USER	Summary API	END	1676269483941
REQUEST		Individual Contribution-Retrieve the individual data of knolder like his email,contribution and the score of each contribution	1676269483671	1676269483956	OK	 
REQUEST		Reputation- Fetch monthly contributions and all-time contributions data	1676269483171	1676269484052	OK	 
REQUEST		Monthly Contribution-Fetch monthly data of user like contributions done in a month and scored according to contribution	1676269483293	1676269484146	OK	 
USER	Summary API	START	1676269484292
REQUEST		Hall of Frame-Fetches the top five monthly rankers for all the months in each year	1676269484016	1676269484370	OK	 
REQUEST		Dynamic Score -Fetches all the points of Contribution	1676269484548	1676269484838	OK	 
USER	Summary API	END	1676269484961
REQUEST		Reputation- Fetch monthly contributions and all-time contributions data	1676269484127	1676269484991	OK	 
REQUEST		Individual Contribution-Retrieve the individual data of knolder like his email,contribution and the score of each contribution	1676269484715	1676269484998	OK	 
REQUEST		Monthly Contribution-Fetch monthly data of user like contributions done in a month and scored according to contribution	1676269484293	1676269485176	OK	 
USER	Summary API	START	1676269485292
REQUEST		Hall of Frame-Fetches the top five monthly rankers for all the months in each year	1676269485177	1676269485538	OK	 
REQUEST		Dynamic Score -Fetches all the points of Contribution	1676269485365	1676269485667	OK	 
REQUEST		Individual Contribution-Retrieve the individual data of knolder like his email,contribution and the score of each contribution	1676269485659	1676269485944	OK	 
USER	Summary API	END	1676269485952
REQUEST		Reputation- Fetch monthly contributions and all-time contributions data	1676269485205	1676269486062	OK	 
REQUEST		Monthly Contribution-Fetch monthly data of user like contributions done in a month and scored according to contribution	1676269485293	1676269486129	OK	 
USER	Summary API	START	1676269486292
REQUEST		Hall of Frame-Fetches the top five monthly rankers for all the months in each year	1676269485983	1676269486355	OK	 
REQUEST		Dynamic Score -Fetches all the points of Contribution	1676269486483	1676269486774	OK	 
USER	Summary API	END	1676269486957
REQUEST		Individual Contribution-Retrieve the individual data of knolder like his email,contribution and the score of each contribution	1676269486699	1676269487000	OK	 
REQUEST		Reputation- Fetch monthly contributions and all-time contributions data	1676269486213	1676269487088	OK	 
REQUEST		Monthly Contribution-Fetch monthly data of user like contributions done in a month and scored according to contribution	1676269486293	1676269487135	OK	 
USER	Summary API	START	1676269487292
REQUEST		Hall of Frame-Fetches the top five monthly rankers for all the months in each year	1676269487053	1676269487413	OK	 
REQUEST		Dynamic Score -Fetches all the points of Contribution	1676269487371	1676269487676	OK	 
REQUEST		Reputation- Fetch monthly contributions and all-time contributions data	1676269487148	1676269487994	OK	 
USER	Summary API	END	1676269488000
REQUEST		Monthly Contribution-Fetch monthly data of user like contributions done in a month and scored according to contribution	1676269487293	1676269488141	OK	 
REQUEST		Individual Contribution-Retrieve the individual data of knolder like his email,contribution and the score of each contribution	1676269487839	1676269488144	OK	 
USER	Summary API	START	1676269488293
REQUEST		Hall of Frame-Fetches the top five monthly rankers for all the months in each year	1676269487992	1676269488373	OK	 
REQUEST		Dynamic Score -Fetches all the points of Contribution	1676269488539	1676269488832	OK	 
USER	Summary API	END	1676269488945
REQUEST		Individual Contribution-Retrieve the individual data of knolder like his email,contribution and the score of each contribution	1676269488668	1676269488961	OK	 
REQUEST		Reputation- Fetch monthly contributions and all-time contributions data	1676269488177	1676269489045	OK	 
REQUEST		Monthly Contribution-Fetch monthly data of user like contributions done in a month and scored according to contribution	1676269488293	1676269489136	OK	 
USER	Summary API	START	1676269489292
REQUEST		Hall of Frame-Fetches the top five monthly rankers for all the months in each year	1676269489063	1676269489415	OK	 
REQUEST		Dynamic Score -Fetches all the points of Contribution	1676269489357	1676269489642	OK	 
REQUEST		Reputation- Fetch monthly contributions and all-time contributions data	1676269489130	1676269489965	OK	 
USER	Summary API	END	1676269490001
REQUEST		Individual Contribution-Retrieve the individual data of knolder like his email,contribution and the score of each contribution	1676269489775	1676269490068	OK	 
REQUEST		Monthly Contribution-Fetch monthly data of user like contributions done in a month and scored according to contribution	1676269489293	1676269490213	OK	 
USER	Summary API	START	1676269490293
REQUEST		Hall of Frame-Fetches the top five monthly rankers for all the months in each year	1676269490089	1676269490462	OK	 
REQUEST		Dynamic Score -Fetches all the points of Contribution	1676269490414	1676269490731	OK	 
REQUEST		Individual Contribution-Retrieve the individual data of knolder like his email,contribution and the score of each contribution	1676269490677	1676269490979	OK	 
REQUEST		Reputation- Fetch monthly contributions and all-time contributions data	1676269490136	1676269491009	OK	 
REQUEST		Monthly Contribution-Fetch monthly data of user like contributions done in a month and scored according to contribution	1676269490293	1676269491144	OK	 
USER	Summary API	END	1676269491145
USER	Summary API	START	1676269491293
REQUEST		Hall of Frame-Fetches the top five monthly rankers for all the months in each year	1676269490995	1676269491355	OK	 
REQUEST		Dynamic Score -Fetches all the points of Contribution	1676269491374	1676269491656	OK	 
USER	Summary API	END	1676269491962
REQUEST		Reputation- Fetch monthly contributions and all-time contributions data	1676269491142	1676269492012	OK	 
REQUEST		Individual Contribution-Retrieve the individual data of knolder like his email,contribution and the score of each contribution	1676269491833	1676269492137	OK	 
REQUEST		Monthly Contribution-Fetch monthly data of user like contributions done in a month and scored according to contribution	1676269491293	1676269492152	OK	 
USER	Summary API	START	1676269492293
REQUEST		Hall of Frame-Fetches the top five monthly rankers for all the months in each year	1676269492045	1676269492402	OK	 
REQUEST		Dynamic Score -Fetches all the points of Contribution	1676269492416	1676269492702	OK	 
REQUEST		Individual Contribution-Retrieve the individual data of knolder like his email,contribution and the score of each contribution	1676269492643	1676269492928	OK	 
REQUEST		Reputation- Fetch monthly contributions and all-time contributions data	1676269492137	1676269492992	OK	 
USER	Summary API	END	1676269493069
REQUEST		Monthly Contribution-Fetch monthly data of user like contributions done in a month and scored according to contribution	1676269492293	1676269493132	OK	 
USER	Summary API	START	1676269493292
REQUEST		Hall of Frame-Fetches the top five monthly rankers for all the months in each year	1676269492966	1676269493336	OK	 
REQUEST		Dynamic Score -Fetches all the points of Contribution	1676269493464	1676269493758	OK	 
USER	Summary API	END	1676269493980
REQUEST		Individual Contribution-Retrieve the individual data of knolder like his email,contribution and the score of each contribution	1676269493732	1676269494037	OK	 
REQUEST		Reputation- Fetch monthly contributions and all-time contributions data	1676269493214	1676269494060	OK	 
REQUEST		Monthly Contribution-Fetch monthly data of user like contributions done in a month and scored according to contribution	1676269493293	1676269494137	OK	 
USER	Summary API	START	1676269494293
REQUEST		Hall of Frame-Fetches the top five monthly rankers for all the months in each year	1676269494010	1676269494369	OK	 
REQUEST		Dynamic Score -Fetches all the points of Contribution	1676269494355	1676269494668	OK	 
REQUEST		Individual Contribution-Retrieve the individual data of knolder like his email,contribution and the score of each contribution	1676269494657	1676269494954	OK	 
REQUEST		Reputation- Fetch monthly contributions and all-time contributions data	1676269494144	1676269495009	OK	 
USER	Summary API	END	1676269495138
REQUEST		Monthly Contribution-Fetch monthly data of user like contributions done in a month and scored according to contribution	1676269494293	1676269495143	OK	 
USER	Summary API	START	1676269495293
REQUEST		Hall of Frame-Fetches the top five monthly rankers for all the months in each year	1676269495013	1676269495378	OK	 
REQUEST		Dynamic Score -Fetches all the points of Contribution	1676269495403	1676269495706	OK	 
USER	Summary API	END	1676269495930
REQUEST		Individual Contribution-Retrieve the individual data of knolder like his email,contribution and the score of each contribution	1676269495703	1676269495992	OK	 
REQUEST		Reputation- Fetch monthly contributions and all-time contributions data	1676269495153	1676269495996	OK	 
REQUEST		Monthly Contribution-Fetch monthly data of user like contributions done in a month and scored according to contribution	1676269495293	1676269496159	OK	 
USER	Summary API	START	1676269496292
REQUEST		Hall of Frame-Fetches the top five monthly rankers for all the months in each year	1676269495993	1676269496362	OK	 
REQUEST		Dynamic Score -Fetches all the points of Contribution	1676269496337	1676269496614	OK	 
REQUEST		Reputation- Fetch monthly contributions and all-time contributions data	1676269496133	1676269496990	OK	 
USER	Summary API	END	1676269497039
REQUEST		Individual Contribution-Retrieve the individual data of knolder like his email,contribution and the score of each contribution	1676269496759	1676269497043	OK	 
REQUEST		Monthly Contribution-Fetch monthly data of user like contributions done in a month and scored according to contribution	1676269496293	1676269497142	OK	 
USER	Summary API	START	1676269497292
REQUEST		Hall of Frame-Fetches the top five monthly rankers for all the months in each year	1676269497061	1676269497428	OK	 
REQUEST		Dynamic Score -Fetches all the points of Contribution	1676269497370	1676269497674	OK	 
USER	Summary API	END	1676269497955
REQUEST		Individual Contribution-Retrieve the individual data of knolder like his email,contribution and the score of each contribution	1676269497669	1676269497982	OK	 
REQUEST		Reputation- Fetch monthly contributions and all-time contributions data	1676269497138	1676269498008	OK	 
REQUEST		Monthly Contribution-Fetch monthly data of user like contributions done in a month and scored according to contribution	1676269497293	1676269498234	OK	 
USER	Summary API	START	1676269498292
REQUEST		Hall of Frame-Fetches the top five monthly rankers for all the months in each year	1676269498010	1676269498380	OK	 
REQUEST		Dynamic Score -Fetches all the points of Contribution	1676269498378	1676269498669	OK	 
REQUEST		Reputation- Fetch monthly contributions and all-time contributions data	1676269498143	1676269498982	OK	 
USER	Summary API	END	1676269498993
REQUEST		Individual Contribution-Retrieve the individual data of knolder like his email,contribution and the score of each contribution	1676269498707	1676269499001	OK	 
REQUEST		Monthly Contribution-Fetch monthly data of user like contributions done in a month and scored according to contribution	1676269498292	1676269499138	OK	 
USER	Summary API	START	1676269499292
REQUEST		Hall of Frame-Fetches the top five monthly rankers for all the months in each year	1676269498997	1676269499357	OK	 
REQUEST		Dynamic Score -Fetches all the points of Contribution	1676269499363	1676269499645	OK	 
REQUEST		Individual Contribution-Retrieve the individual data of knolder like his email,contribution and the score of each contribution	1676269499615	1676269499902	OK	 
REQUEST		Reputation- Fetch monthly contributions and all-time contributions data	1676269499160	1676269500012	OK	 
USER	Summary API	END	1676269500044
REQUEST		Monthly Contribution-Fetch monthly data of user like contributions done in a month and scored according to contribution	1676269499293	1676269500129	OK	 
USER	Summary API	START	1676269500293
REQUEST		Hall of Frame-Fetches the top five monthly rankers for all the months in each year	1676269499991	1676269500346	OK	 
REQUEST		Dynamic Score -Fetches all the points of Contribution	1676269500429	1676269500719	OK	 
REQUEST		Individual Contribution-Retrieve the individual data of knolder like his email,contribution and the score of each contribution	1676269500675	1676269500972	OK	 
USER	Summary API	END	1676269500983
REQUEST		Reputation- Fetch monthly contributions and all-time contributions data	1676269500142	1676269500992	OK	 
REQUEST		Monthly Contribution-Fetch monthly data of user like contributions done in a month and scored according to contribution	1676269500293	1676269501145	OK	 
USER	Summary API	START	1676269501293
REQUEST		Hall of Frame-Fetches the top five monthly rankers for all the months in each year	1676269501009	1676269501402	OK	 
REQUEST		Dynamic Score -Fetches all the points of Contribution	1676269501381	1676269501663	OK	 
REQUEST		Individual Contribution-Retrieve the individual data of knolder like his email,contribution and the score of each contribution	1676269501670	1676269501951	OK	 
USER	Summary API	END	1676269502002
REQUEST		Monthly Contribution-Fetch monthly data of user like contributions done in a month and scored according to contribution	1676269501293	1676269502129	OK	 
REQUEST		Reputation- Fetch monthly contributions and all-time contributions data	1676269501234	1676269502158	OK	 
USER	Summary API	START	1676269502293
REQUEST		Hall of Frame-Fetches the top five monthly rankers for all the months in each year	1676269501983	1676269502342	OK	 
REQUEST		Dynamic Score -Fetches all the points of Contribution	1676269502358	1676269502655	OK	 
USER	Summary API	END	1676269502904
REQUEST		Individual Contribution-Retrieve the individual data of knolder like his email,contribution and the score of each contribution	1676269502645	1676269502940	OK	 
REQUEST		Reputation- Fetch monthly contributions and all-time contributions data	1676269502139	1676269502993	OK	 
REQUEST		Monthly Contribution-Fetch monthly data of user like contributions done in a month and scored according to contribution	1676269502293	1676269503137	OK	 
USER	Summary API	START	1676269503293
REQUEST		Hall of Frame-Fetches the top five monthly rankers for all the months in each year	1676269503013	1676269503372	OK	 
REQUEST		Dynamic Score -Fetches all the points of Contribution	1676269503347	1676269503641	OK	 
REQUEST		Reputation- Fetch monthly contributions and all-time contributions data	1676269503129	1676269503969	OK	 
USER	Summary API	END	1676269503973
REQUEST		Individual Contribution-Retrieve the individual data of knolder like his email,contribution and the score of each contribution	1676269503719	1676269504011	OK	 
REQUEST		Monthly Contribution-Fetch monthly data of user like contributions done in a month and scored according to contribution	1676269503293	1676269504189	OK	 
USER	Summary API	START	1676269504293
REQUEST		Hall of Frame-Fetches the top five monthly rankers for all the months in each year	1676269503993	1676269504359	OK	 
REQUEST		Dynamic Score -Fetches all the points of Contribution	1676269504403	1676269504753	OK	 
USER	Summary API	END	1676269504952
REQUEST		Individual Contribution-Retrieve the individual data of knolder like his email,contribution and the score of each contribution	1676269504664	1676269505037	OK	 
REQUEST		Monthly Contribution-Fetch monthly data of user like contributions done in a month and scored according to contribution	1676269504293	1676269505293	OK	 
USER	Summary API	START	1676269505293
REQUEST		Hall of Frame-Fetches the top five monthly rankers for all the months in each year	1676269505159	1676269505556	OK	 
REQUEST		Dynamic Score -Fetches all the points of Contribution	1676269505343	1676269505623	OK	 
REQUEST		Reputation- Fetch monthly contributions and all-time contributions data	1676269504146	1676269505714	OK	 
REQUEST		Individual Contribution-Retrieve the individual data of knolder like his email,contribution and the score of each contribution	1676269505655	1676269505940	OK	 
USER	Summary API	END	1676269505942
REQUEST		Reputation- Fetch monthly contributions and all-time contributions data	1676269505129	1676269505997	OK	 
REQUEST		Monthly Contribution-Fetch monthly data of user like contributions done in a month and scored according to contribution	1676269505293	1676269506136	OK	 
USER	Summary API	START	1676269506293
REQUEST		Hall of Frame-Fetches the top five monthly rankers for all the months in each year	1676269505994	1676269506349	OK	 
REQUEST		Dynamic Score -Fetches all the points of Contribution	1676269506373	1676269506659	OK	 
REQUEST		Individual Contribution-Retrieve the individual data of knolder like his email,contribution and the score of each contribution	1676269506642	1676269506943	OK	 
REQUEST		Reputation- Fetch monthly contributions and all-time contributions data	1676269506138	1676269506991	OK	 
USER	Summary API	END	1676269507012
REQUEST		Monthly Contribution-Fetch monthly data of user like contributions done in a month and scored according to contribution	1676269506293	1676269507155	OK	 
USER	Summary API	START	1676269507293
REQUEST		Hall of Frame-Fetches the top five monthly rankers for all the months in each year	1676269506970	1676269507330	OK	 
REQUEST		Dynamic Score -Fetches all the points of Contribution	1676269507360	1676269507669	OK	 
USER	Summary API	END	1676269508038
REQUEST		Individual Contribution-Retrieve the individual data of knolder like his email,contribution and the score of each contribution	1676269507754	1676269508044	OK	 
REQUEST		Reputation- Fetch monthly contributions and all-time contributions data	1676269507190	1676269508064	OK	 
REQUEST		Monthly Contribution-Fetch monthly data of user like contributions done in a month and scored according to contribution	1676269507294	1676269508158	OK	 
USER	Summary API	START	1676269508293
REQUEST		Dynamic Score -Fetches all the points of Contribution	1676269508557	1676269508857	OK	 
REQUEST		Individual Contribution-Retrieve the individual data of knolder like his email,contribution and the score of each contribution	1676269508624	1676269508907	OK	 
USER	Summary API	END	1676269508942
REQUEST		Hall of Frame-Fetches the top five monthly rankers for all the months in each year	1676269508715	1676269509133	OK	 
REQUEST		Monthly Contribution-Fetch monthly data of user like contributions done in a month and scored according to contribution	1676269508293	1676269509139	OK	 
REQUEST		Reputation- Fetch monthly contributions and all-time contributions data	1676269508294	1676269509176	OK	 
USER	Summary API	START	1676269509292
REQUEST		Hall of Frame-Fetches the top five monthly rankers for all the months in each year	1676269508997	1676269509350	OK	 
REQUEST		Dynamic Score -Fetches all the points of Contribution	1676269509350	1676269509639	OK	 
REQUEST		Individual Contribution-Retrieve the individual data of knolder like his email,contribution and the score of each contribution	1676269509660	1676269509940	OK	 
USER	Summary API	END	1676269509944
REQUEST		Reputation- Fetch monthly contributions and all-time contributions data	1676269509137	1676269509986	OK	 
REQUEST		Monthly Contribution-Fetch monthly data of user like contributions done in a month and scored according to contribution	1676269509293	1676269510129	OK	 
USER	Summary API	START	1676269510293
REQUEST		Hall of Frame-Fetches the top five monthly rankers for all the months in each year	1676269509992	1676269510349	OK	 
REQUEST		Dynamic Score -Fetches all the points of Contribution	1676269510331	1676269510624	OK	 
REQUEST		Individual Contribution-Retrieve the individual data of knolder like his email,contribution and the score of each contribution	1676269510669	1676269510980	OK	 
REQUEST		Reputation- Fetch monthly contributions and all-time contributions data	1676269510155	1676269511016	OK	 
USER	Summary API	END	1676269511046
REQUEST		Monthly Contribution-Fetch monthly data of user like contributions done in a month and scored according to contribution	1676269510294	1676269511173	OK	 
USER	Summary API	START	1676269511293
REQUEST		Hall of Frame-Fetches the top five monthly rankers for all the months in each year	1676269511065	1676269511456	OK	 
USER	Summary API	END	1676269511908
REQUEST		Reputation- Fetch monthly contributions and all-time contributions data	1676269511159	1676269511994	OK	 
REQUEST		Monthly Contribution-Fetch monthly data of user like contributions done in a month and scored according to contribution	1676269511294	1676269512153	OK	 
REQUEST		Individual Contribution-Retrieve the individual data of knolder like his email,contribution and the score of each contribution	1676269511858	1676269512163	OK	 
USER	Summary API	START	1676269512293
REQUEST		Dynamic Score -Fetches all the points of Contribution	1676269512134	1676269512425	OK	 
REQUEST		Hall of Frame-Fetches the top five monthly rankers for all the months in each year	1676269512177	1676269512572	OK	 
REQUEST		Dynamic Score -Fetches all the points of Contribution	1676269512352	1676269512653	OK	 
USER	Summary API	END	1676269512941
REQUEST		Individual Contribution-Retrieve the individual data of knolder like his email,contribution and the score of each contribution	1676269512640	1676269513040	OK	 
REQUEST		Reputation- Fetch monthly contributions and all-time contributions data	1676269512140	1676269513040	OK	 
REQUEST		Monthly Contribution-Fetch monthly data of user like contributions done in a month and scored according to contribution	1676269512293	1676269513260	OK	 
USER	Summary API	START	1676269513292
REQUEST		Hall of Frame-Fetches the top five monthly rankers for all the months in each year	1676269512987	1676269513457	OK	 
REQUEST		Dynamic Score -Fetches all the points of Contribution	1676269513350	1676269513747	OK	 
REQUEST		Individual Contribution-Retrieve the individual data of knolder like his email,contribution and the score of each contribution	1676269513625	1676269513944	OK	 
USER	Summary API	END	1676269513981
REQUEST		Reputation- Fetch monthly contributions and all-time contributions data	1676269513130	1676269514074	OK	 
REQUEST		Monthly Contribution-Fetch monthly data of user like contributions done in a month and scored according to contribution	1676269513293	1676269514277	OK	 
USER	Summary API	START	1676269514292
REQUEST		Hall of Frame-Fetches the top five monthly rankers for all the months in each year	1676269514017	1676269514483	OK	 
REQUEST		Dynamic Score -Fetches all the points of Contribution	1676269514457	1676269514763	OK	 
USER	Summary API	END	1676269515164
REQUEST		Monthly Contribution-Fetch monthly data of user like contributions done in a month and scored according to contribution	1676269514292	1676269515299	OK	 
REQUEST		Reputation- Fetch monthly contributions and all-time contributions data	1676269514174	1676269515302	OK	 
USER	Summary API	START	1676269515292
REQUEST		Hall of Frame-Fetches the top five monthly rankers for all the months in each year	1676269514995	1676269515453	OK	 
REQUEST		Individual Contribution-Retrieve the individual data of knolder like his email,contribution and the score of each contribution	1676269515426	1676269515737	OK	 
REQUEST		Dynamic Score -Fetches all the points of Contribution	1676269515573	1676269515895	OK	 
REQUEST		Individual Contribution-Retrieve the individual data of knolder like his email,contribution and the score of each contribution	1676269515654	1676269515956	OK	 
REQUEST		Reputation- Fetch monthly contributions and all-time contributions data	1676269515154	1676269515988	OK	 
USER	Summary API	END	1676269516041
REQUEST		Monthly Contribution-Fetch monthly data of user like contributions done in a month and scored according to contribution	1676269515293	1676269516203	OK	 
USER	Summary API	START	1676269516292
REQUEST		Hall of Frame-Fetches the top five monthly rankers for all the months in each year	1676269516041	1676269516422	OK	 
REQUEST		Dynamic Score -Fetches all the points of Contribution	1676269516458	1676269516744	OK	 
USER	Summary API	END	1676269516945
REQUEST		Individual Contribution-Retrieve the individual data of knolder like his email,contribution and the score of each contribution	1676269516748	1676269517036	OK	 
REQUEST		Monthly Contribution-Fetch monthly data of user like contributions done in a month and scored according to contribution	1676269516293	1676269517184	OK	 
REQUEST		Reputation- Fetch monthly contributions and all-time contributions data	1676269516261	1676269517205	OK	 
USER	Summary API	START	1676269517293
REQUEST		Hall of Frame-Fetches the top five monthly rankers for all the months in each year	1676269517075	1676269517470	OK	 
REQUEST		Dynamic Score -Fetches all the points of Contribution	1676269517484	1676269517791	OK	 
REQUEST		Individual Contribution-Retrieve the individual data of knolder like his email,contribution and the score of each contribution	1676269517763	1676269518056	OK	 
REQUEST		Reputation- Fetch monthly contributions and all-time contributions data	1676269517278	1676269518161	OK	 
REQUEST		Monthly Contribution-Fetch monthly data of user like contributions done in a month and scored according to contribution	1676269517294	1676269518163	OK	 
USER	Summary API	START	1676269518292
REQUEST		Hall of Frame-Fetches the top five monthly rankers for all the months in each year	1676269518302	1676269518690	OK	 
REQUEST		Dynamic Score -Fetches all the points of Contribution	1676269518454	1676269518733	OK	 
USER	Summary API	END	1676269518738
USER	Summary API	END	1676269518957
REQUEST		Reputation- Fetch monthly contributions and all-time contributions data	1676269518300	1676269519155	OK	 
REQUEST		Monthly Contribution-Fetch monthly data of user like contributions done in a month and scored according to contribution	1676269518293	1676269519179	OK	 
REQUEST		Individual Contribution-Retrieve the individual data of knolder like his email,contribution and the score of each contribution	1676269518896	1676269519197	OK	 
USER	Summary API	START	1676269519292
REQUEST		Hall of Frame-Fetches the top five monthly rankers for all the months in each year	1676269518988	1676269519337	OK	 
REQUEST		Dynamic Score -Fetches all the points of Contribution	1676269519423	1676269519717	OK	 
REQUEST		Individual Contribution-Retrieve the individual data of knolder like his email,contribution and the score of each contribution	1676269519745	1676269520033	OK	 
USER	Summary API	END	1676269520037
REQUEST		Reputation- Fetch monthly contributions and all-time contributions data	1676269519204	1676269520054	OK	 
REQUEST		Monthly Contribution-Fetch monthly data of user like contributions done in a month and scored according to contribution	1676269519293	1676269520146	OK	 
USER	Summary API	START	1676269520292
REQUEST		Hall of Frame-Fetches the top five monthly rankers for all the months in each year	1676269520206	1676269520601	OK	 
REQUEST		Dynamic Score -Fetches all the points of Contribution	1676269520471	1676269520787	OK	 
USER	Summary API	END	1676269521057
REQUEST		Reputation- Fetch monthly contributions and all-time contributions data	1676269520185	1676269521073	OK	 
REQUEST		Individual Contribution-Retrieve the individual data of knolder like his email,contribution and the score of each contribution	1676269520792	1676269521089	OK	 
REQUEST		Monthly Contribution-Fetch monthly data of user like contributions done in a month and scored according to contribution	1676269520293	1676269521160	OK	 
USER	Summary API	START	1676269521293
REQUEST		Hall of Frame-Fetches the top five monthly rankers for all the months in each year	1676269521161	1676269521532	OK	 
REQUEST		Dynamic Score -Fetches all the points of Contribution	1676269521691	1676269522043	OK	 
REQUEST		Reputation- Fetch monthly contributions and all-time contributions data	1676269521164	1676269522044	OK	 
REQUEST		Individual Contribution-Retrieve the individual data of knolder like his email,contribution and the score of each contribution	1676269521733	1676269522135	OK	 
REQUEST		Monthly Contribution-Fetch monthly data of user like contributions done in a month and scored according to contribution	1676269521293	1676269522148	OK	 
USER	Summary API	END	1676269522198
USER	Summary API	START	1676269522293
REQUEST		Hall of Frame-Fetches the top five monthly rankers for all the months in each year	1676269522155	1676269522530	OK	 
REQUEST		Dynamic Score -Fetches all the points of Contribution	1676269522338	1676269522643	OK	 
REQUEST		Individual Contribution-Retrieve the individual data of knolder like his email,contribution and the score of each contribution	1676269522718	1676269523002	OK	 
USER	Summary API	END	1676269523034
REQUEST		Reputation- Fetch monthly contributions and all-time contributions data	1676269522179	1676269523101	OK	 
REQUEST		Monthly Contribution-Fetch monthly data of user like contributions done in a month and scored according to contribution	1676269522293	1676269523160	OK	 
USER	Summary API	START	1676269523292
REQUEST		Hall of Frame-Fetches the top five monthly rankers for all the months in each year	1676269523055	1676269523421	OK	 
REQUEST		Dynamic Score -Fetches all the points of Contribution	1676269523602	1676269523916	OK	 
REQUEST		Reputation- Fetch monthly contributions and all-time contributions data	1676269523147	1676269524051	OK	 
REQUEST		Individual Contribution-Retrieve the individual data of knolder like his email,contribution and the score of each contribution	1676269523787	1676269524070	OK	 
USER	Summary API	END	1676269524091
REQUEST		Monthly Contribution-Fetch monthly data of user like contributions done in a month and scored according to contribution	1676269523293	1676269524179	OK	 
USER	Summary API	START	1676269524292
REQUEST		Hall of Frame-Fetches the top five monthly rankers for all the months in each year	1676269524074	1676269524502	OK	 
REQUEST		Dynamic Score -Fetches all the points of Contribution	1676269524533	1676269524828	OK	 
REQUEST		Reputation- Fetch monthly contributions and all-time contributions data	1676269524161	1676269525077	OK	 
USER	Summary API	END	1676269525137
REQUEST		Monthly Contribution-Fetch monthly data of user like contributions done in a month and scored according to contribution	1676269524293	1676269525144	OK	 
USER	Summary API	START	1676269525293
REQUEST		Individual Contribution-Retrieve the individual data of knolder like his email,contribution and the score of each contribution	1676269525044	1676269525339	OK	 
REQUEST		Hall of Frame-Fetches the top five monthly rankers for all the months in each year	1676269525044	1676269525403	OK	 
REQUEST		Dynamic Score -Fetches all the points of Contribution	1676269525531	1676269525822	OK	 
REQUEST		Individual Contribution-Retrieve the individual data of knolder like his email,contribution and the score of each contribution	1676269525644	1676269525965	OK	 
USER	Summary API	END	1676269526003
REQUEST		Reputation- Fetch monthly contributions and all-time contributions data	1676269525149	1676269526015	OK	 
REQUEST		Monthly Contribution-Fetch monthly data of user like contributions done in a month and scored according to contribution	1676269525293	1676269526127	OK	 
USER	Summary API	START	1676269526293
REQUEST		Hall of Frame-Fetches the top five monthly rankers for all the months in each year	1676269526103	1676269526476	OK	 
REQUEST		Dynamic Score -Fetches all the points of Contribution	1676269526422	1676269526705	OK	 
REQUEST		Reputation- Fetch monthly contributions and all-time contributions data	1676269526161	1676269527025	OK	 
USER	Summary API	END	1676269527071
REQUEST		Monthly Contribution-Fetch monthly data of user like contributions done in a month and scored according to contribution	1676269526293	1676269527149	OK	 
REQUEST		Individual Contribution-Retrieve the individual data of knolder like his email,contribution and the score of each contribution	1676269526917	1676269527223	OK	 
USER	Summary API	START	1676269527293
REQUEST		Hall of Frame-Fetches the top five monthly rankers for all the months in each year	1676269527052	1676269527438	OK	 
REQUEST		Dynamic Score -Fetches all the points of Contribution	1676269527503	1676269527822	OK	 
REQUEST		Reputation- Fetch monthly contributions and all-time contributions data	1676269527180	1676269528059	OK	 
REQUEST		Individual Contribution-Retrieve the individual data of knolder like his email,contribution and the score of each contribution	1676269527829	1676269528135	OK	 
REQUEST		Monthly Contribution-Fetch monthly data of user like contributions done in a month and scored according to contribution	1676269527293	1676269528165	OK	 
USER	Summary API	START	1676269528293
USER	Summary API	END	1676269528340
REQUEST		Hall of Frame-Fetches the top five monthly rankers for all the months in each year	1676269528077	1676269528453	OK	 
REQUEST		Dynamic Score -Fetches all the points of Contribution	1676269528403	1676269528690	OK	 
USER	Summary API	END	1676269528966
REQUEST		Reputation- Fetch monthly contributions and all-time contributions data	1676269528145	1676269529010	OK	 
REQUEST		Individual Contribution-Retrieve the individual data of knolder like his email,contribution and the score of each contribution	1676269528823	1676269529114	OK	 
REQUEST		Monthly Contribution-Fetch monthly data of user like contributions done in a month and scored according to contribution	1676269528293	1676269529137	OK	 
USER	Summary API	START	1676269529293
REQUEST		Hall of Frame-Fetches the top five monthly rankers for all the months in each year	1676269529016	1676269529382	OK	 
REQUEST		Dynamic Score -Fetches all the points of Contribution	1676269529477	1676269529778	OK	 
REQUEST		Reputation- Fetch monthly contributions and all-time contributions data	1676269529128	1676269529990	OK	 
REQUEST		Individual Contribution-Retrieve the individual data of knolder like his email,contribution and the score of each contribution	1676269529706	1676269530006	OK	 
REQUEST		Monthly Contribution-Fetch monthly data of user like contributions done in a month and scored according to contribution	1676269529293	1676269530141	OK	 
USER	Summary API	END	1676269530224
USER	Summary API	START	1676269530293
REQUEST		Hall of Frame-Fetches the top five monthly rankers for all the months in each year	1676269530026	1676269530380	OK	 
REQUEST		Dynamic Score -Fetches all the points of Contribution	1676269530439	1676269530731	OK	 
REQUEST		Reputation- Fetch monthly contributions and all-time contributions data	1676269530150	1676269530995	OK	 
REQUEST		Individual Contribution-Retrieve the individual data of knolder like his email,contribution and the score of each contribution	1676269530823	1676269531134	OK	 
USER	Summary API	END	1676269531137
REQUEST		Monthly Contribution-Fetch monthly data of user like contributions done in a month and scored according to contribution	1676269530293	1676269531149	OK	 
USER	Summary API	START	1676269531293
REQUEST		Hall of Frame-Fetches the top five monthly rankers for all the months in each year	1676269531060	1676269531462	OK	 
REQUEST		Dynamic Score -Fetches all the points of Contribution	1676269531454	1676269531755	OK	 
REQUEST		Individual Contribution-Retrieve the individual data of knolder like his email,contribution and the score of each contribution	1676269531691	1676269531984	OK	 
REQUEST		Reputation- Fetch monthly contributions and all-time contributions data	1676269531166	1676269532011	OK	 
USER	Summary API	END	1676269532115
REQUEST		Monthly Contribution-Fetch monthly data of user like contributions done in a month and scored according to contribution	1676269531293	1676269532124	OK	 
USER	Summary API	START	1676269532293
REQUEST		Hall of Frame-Fetches the top five monthly rankers for all the months in each year	1676269532011	1676269532376	OK	 
REQUEST		Dynamic Score -Fetches all the points of Contribution	1676269532383	1676269532689	OK	 
REQUEST		Reputation- Fetch monthly contributions and all-time contributions data	1676269532138	1676269532973	OK	 
USER	Summary API	END	1676269533007
REQUEST		Individual Contribution-Retrieve the individual data of knolder like his email,contribution and the score of each contribution	1676269532779	1676269533097	OK	 
REQUEST		Monthly Contribution-Fetch monthly data of user like contributions done in a month and scored according to contribution	1676269532293	1676269533157	OK	 
USER	Summary API	START	1676269533293
REQUEST		Hall of Frame-Fetches the top five monthly rankers for all the months in each year	1676269532990	1676269533351	OK	 
REQUEST		Dynamic Score -Fetches all the points of Contribution	1676269533381	1676269533680	OK	 
REQUEST		Reputation- Fetch monthly contributions and all-time contributions data	1676269533142	1676269533983	OK	 
REQUEST		Individual Contribution-Retrieve the individual data of knolder like his email,contribution and the score of each contribution	1676269533732	1676269534023	OK	 
USER	Summary API	END	1676269534135
REQUEST		Monthly Contribution-Fetch monthly data of user like contributions done in a month and scored according to contribution	1676269533293	1676269534137	OK	 
USER	Summary API	START	1676269534293
REQUEST		Hall of Frame-Fetches the top five monthly rankers for all the months in each year	1676269533996	1676269534378	OK	 
REQUEST		Dynamic Score -Fetches all the points of Contribution	1676269534463	1676269534750	OK	 
USER	Summary API	END	1676269534985
REQUEST		Reputation- Fetch monthly contributions and all-time contributions data	1676269534149	1676269535006	OK	 
REQUEST		Individual Contribution-Retrieve the individual data of knolder like his email,contribution and the score of each contribution	1676269534756	1676269535045	OK	 
REQUEST		Monthly Contribution-Fetch monthly data of user like contributions done in a month and scored according to contribution	1676269534294	1676269535233	OK	 
USER	Summary API	START	1676269535293
REQUEST		Hall of Frame-Fetches the top five monthly rankers for all the months in each year	1676269535012	1676269535374	OK	 
REQUEST		Dynamic Score -Fetches all the points of Contribution	1676269535377	1676269535669	OK	 
REQUEST		Reputation- Fetch monthly contributions and all-time contributions data	1676269535125	1676269535975	OK	 
REQUEST		Individual Contribution-Retrieve the individual data of knolder like his email,contribution and the score of each contribution	1676269535690	1676269535975	OK	 
USER	Summary API	END	1676269536098
REQUEST		Monthly Contribution-Fetch monthly data of user like contributions done in a month and scored according to contribution	1676269535293	1676269536188	OK	 
USER	Summary API	START	1676269536293
REQUEST		Hall of Frame-Fetches the top five monthly rankers for all the months in each year	1676269535974	1676269536342	OK	 
REQUEST		Dynamic Score -Fetches all the points of Contribution	1676269536352	1676269536642	OK	 
REQUEST		Individual Contribution-Retrieve the individual data of knolder like his email,contribution and the score of each contribution	1676269536681	1676269536971	OK	 
REQUEST		Reputation- Fetch monthly contributions and all-time contributions data	1676269536158	1676269537004	OK	 
USER	Summary API	END	1676269537024
REQUEST		Monthly Contribution-Fetch monthly data of user like contributions done in a month and scored according to contribution	1676269536293	1676269537135	OK	 
USER	Summary API	START	1676269537293
REQUEST		Hall of Frame-Fetches the top five monthly rankers for all the months in each year	1676269536984	1676269537344	OK	 
REQUEST		Dynamic Score -Fetches all the points of Contribution	1676269537379	1676269537669	OK	 
REQUEST		Reputation- Fetch monthly contributions and all-time contributions data	1676269537138	1676269538011	OK	 
REQUEST		Individual Contribution-Retrieve the individual data of knolder like his email,contribution and the score of each contribution	1676269537751	1676269538029	OK	 
USER	Summary API	END	1676269538046
REQUEST		Monthly Contribution-Fetch monthly data of user like contributions done in a month and scored according to contribution	1676269537293	1676269538225	OK	 
USER	Summary API	START	1676269538293
REQUEST		Hall of Frame-Fetches the top five monthly rankers for all the months in each year	1676269538007	1676269538373	OK	 
REQUEST		Dynamic Score -Fetches all the points of Contribution	1676269538375	1676269538657	OK	 
USER	Summary API	END	1676269538976
REQUEST		Individual Contribution-Retrieve the individual data of knolder like his email,contribution and the score of each contribution	1676269538670	1676269538983	OK	 
REQUEST		Reputation- Fetch monthly contributions and all-time contributions data	1676269538234	1676269539255	OK	 
REQUEST		Monthly Contribution-Fetch monthly data of user like contributions done in a month and scored according to contribution	1676269538293	1676269539274	OK	 
USER	Summary API	START	1676269539292
REQUEST		Hall of Frame-Fetches the top five monthly rankers for all the months in each year	1676269538975	1676269539347	OK	 
REQUEST		Dynamic Score -Fetches all the points of Contribution	1676269539342	1676269539621	OK	 
REQUEST		Individual Contribution-Retrieve the individual data of knolder like his email,contribution and the score of each contribution	1676269539643	1676269539925	OK	 
USER	Summary API	END	1676269539972
REQUEST		Reputation- Fetch monthly contributions and all-time contributions data	1676269539188	1676269540144	OK	 
REQUEST		Monthly Contribution-Fetch monthly data of user like contributions done in a month and scored according to contribution	1676269539293	1676269540160	OK	 
USER	Summary API	START	1676269540292
REQUEST		Hall of Frame-Fetches the top five monthly rankers for all the months in each year	1676269540005	1676269540378	OK	 
REQUEST		Dynamic Score -Fetches all the points of Contribution	1676269540345	1676269540676	OK	 
REQUEST		Individual Contribution-Retrieve the individual data of knolder like his email,contribution and the score of each contribution	1676269540669	1676269540973	OK	 
REQUEST		Reputation- Fetch monthly contributions and all-time contributions data	1676269540136	1676269540983	OK	 
USER	Summary API	END	1676269541030
REQUEST		Monthly Contribution-Fetch monthly data of user like contributions done in a month and scored according to contribution	1676269540293	1676269541257	OK	 
USER	Summary API	START	1676269541293
REQUEST		Hall of Frame-Fetches the top five monthly rankers for all the months in each year	1676269541011	1676269541366	OK	 
REQUEST		Dynamic Score -Fetches all the points of Contribution	1676269541374	1676269541671	OK	 
REQUEST		Individual Contribution-Retrieve the individual data of knolder like his email,contribution and the score of each contribution	1676269541658	1676269541945	OK	 
USER	Summary API	END	1676269541985
REQUEST		Reputation- Fetch monthly contributions and all-time contributions data	1676269541226	1676269542216	OK	 
REQUEST		Monthly Contribution-Fetch monthly data of user like contributions done in a month and scored according to contribution	1676269541293	1676269542216	OK	 
USER	Summary API	START	1676269542292
REQUEST		Hall of Frame-Fetches the top five monthly rankers for all the months in each year	1676269542256	1676269542629	OK	 
REQUEST		Dynamic Score -Fetches all the points of Contribution	1676269542348	1676269542629	OK	 
REQUEST		Individual Contribution-Retrieve the individual data of knolder like his email,contribution and the score of each contribution	1676269542622	1676269542901	OK	 
USER	Summary API	END	1676269542926
REQUEST		Monthly Contribution-Fetch monthly data of user like contributions done in a month and scored according to contribution	1676269542293	1676269543118	OK	 
REQUEST		Reputation- Fetch monthly contributions and all-time contributions data	1676269542275	1676269543170	OK	 
USER	Summary API	START	1676269543293
REQUEST		Hall of Frame-Fetches the top five monthly rankers for all the months in each year	1676269543145	1676269543516	OK	 
REQUEST		Dynamic Score -Fetches all the points of Contribution	1676269543378	1676269543664	OK	 
REQUEST		Individual Contribution-Retrieve the individual data of knolder like his email,contribution and the score of each contribution	1676269543677	1676269543974	OK	 
USER	Summary API	END	1676269543974
REQUEST		Reputation- Fetch monthly contributions and all-time contributions data	1676269543161	1676269544019	OK	 
REQUEST		Monthly Contribution-Fetch monthly data of user like contributions done in a month and scored according to contribution	1676269543293	1676269544123	OK	 
USER	Summary API	START	1676269544293
REQUEST		Hall of Frame-Fetches the top five monthly rankers for all the months in each year	1676269543984	1676269544370	OK	 
REQUEST		Dynamic Score -Fetches all the points of Contribution	1676269544367	1676269544706	OK	 
USER	Summary API	END	1676269544946
REQUEST		Individual Contribution-Retrieve the individual data of knolder like his email,contribution and the score of each contribution	1676269544672	1676269544959	OK	 
REQUEST		Reputation- Fetch monthly contributions and all-time contributions data	1676269544257	1676269545171	OK	 
REQUEST		Monthly Contribution-Fetch monthly data of user like contributions done in a month and scored according to contribution	1676269544293	1676269545180	OK	 
USER	Summary API	START	1676269545293
REQUEST		Hall of Frame-Fetches the top five monthly rankers for all the months in each year	1676269545217	1676269545595	OK	 
USER	Summary API	END	1676269545902
REQUEST		Dynamic Score -Fetches all the points of Contribution	1676269545629	1676269545923	OK	 
REQUEST		Individual Contribution-Retrieve the individual data of knolder like his email,contribution and the score of each contribution	1676269545629	1676269545936	OK	 
REQUEST		Reputation- Fetch monthly contributions and all-time contributions data	1676269545217	1676269546083	OK	 
REQUEST		Monthly Contribution-Fetch monthly data of user like contributions done in a month and scored according to contribution	1676269545293	1676269546144	OK	 
USER	Summary API	START	1676269546293
REQUEST		Hall of Frame-Fetches the top five monthly rankers for all the months in each year	1676269546171	1676269546535	OK	 
REQUEST		Dynamic Score -Fetches all the points of Contribution	1676269546517	1676269546806	OK	 
REQUEST		Individual Contribution-Retrieve the individual data of knolder like his email,contribution and the score of each contribution	1676269546665	1676269546957	OK	 
USER	Summary API	END	1676269546975
REQUEST		Reputation- Fetch monthly contributions and all-time contributions data	1676269546119	1676269546975	OK	 
REQUEST		Monthly Contribution-Fetch monthly data of user like contributions done in a month and scored according to contribution	1676269546293	1676269547155	OK	 
USER	Summary API	START	1676269547293
REQUEST		Hall of Frame-Fetches the top five monthly rankers for all the months in each year	1676269547020	1676269547375	OK	 
REQUEST		Dynamic Score -Fetches all the points of Contribution	1676269547371	1676269547662	OK	 
USER	Summary API	END	1676269547960
REQUEST		Reputation- Fetch monthly contributions and all-time contributions data	1676269547124	1676269547992	OK	 
REQUEST		Individual Contribution-Retrieve the individual data of knolder like his email,contribution and the score of each contribution	1676269547707	1676269547996	OK	 
REQUEST		Monthly Contribution-Fetch monthly data of user like contributions done in a month and scored according to contribution	1676269547293	1676269548249	OK	 
USER	Summary API	START	1676269548293
REQUEST		Hall of Frame-Fetches the top five monthly rankers for all the months in each year	1676269548172	1676269548563	OK	 
REQUEST		Dynamic Score -Fetches all the points of Contribution	1676269548596	1676269548896	OK	 
USER	Summary API	END	1676269548937
REQUEST		Reputation- Fetch monthly contributions and all-time contributions data	1676269548181	1676269549149	OK	 
REQUEST		Monthly Contribution-Fetch monthly data of user like contributions done in a month and scored according to contribution	1676269548294	1676269549175	OK	 
REQUEST		Individual Contribution-Retrieve the individual data of knolder like his email,contribution and the score of each contribution	1676269548924	1676269549220	OK	 
USER	Summary API	START	1676269549293
REQUEST		Hall of Frame-Fetches the top five monthly rankers for all the months in each year	1676269549083	1676269549454	OK	 
REQUEST		Dynamic Score -Fetches all the points of Contribution	1676269549536	1676269549822	OK	 
USER	Summary API	END	1676269549958
REQUEST		Reputation- Fetch monthly contributions and all-time contributions data	1676269549144	1676269549979	OK	 
REQUEST		Individual Contribution-Retrieve the individual data of knolder like his email,contribution and the score of each contribution	1676269549807	1676269550124	OK	 
REQUEST		Monthly Contribution-Fetch monthly data of user like contributions done in a month and scored according to contribution	1676269549293	1676269550166	OK	 
USER	Summary API	START	1676269550292
REQUEST		Hall of Frame-Fetches the top five monthly rankers for all the months in each year	1676269549976	1676269550358	OK	 
REQUEST		Dynamic Score -Fetches all the points of Contribution	1676269550376	1676269550659	OK	 
REQUEST		Individual Contribution-Retrieve the individual data of knolder like his email,contribution and the score of each contribution	1676269550662	1676269550943	OK	 
USER	Summary API	END	1676269550997
REQUEST		Reputation- Fetch monthly contributions and all-time contributions data	1676269550155	1676269551039	OK	 
REQUEST		Monthly Contribution-Fetch monthly data of user like contributions done in a month and scored according to contribution	1676269550293	1676269551211	OK	 
USER	Summary API	START	1676269551293
REQUEST		Hall of Frame-Fetches the top five monthly rankers for all the months in each year	1676269550993	1676269551353	OK	 
REQUEST		Dynamic Score -Fetches all the points of Contribution	1676269551564	1676269551910	OK	 
REQUEST		Reputation- Fetch monthly contributions and all-time contributions data	1676269551250	1676269552195	OK	 
REQUEST		Individual Contribution-Retrieve the individual data of knolder like his email,contribution and the score of each contribution	1676269551897	1676269552196	OK	 
REQUEST		Monthly Contribution-Fetch monthly data of user like contributions done in a month and scored according to contribution	1676269551293	1676269552208	OK	 
USER	Summary API	END	1676269552221
USER	Summary API	START	1676269552293
REQUEST		Hall of Frame-Fetches the top five monthly rankers for all the months in each year	1676269552150	1676269552511	OK	 
REQUEST		Dynamic Score -Fetches all the points of Contribution	1676269552455	1676269552745	OK	 
REQUEST		Reputation- Fetch monthly contributions and all-time contributions data	1676269552176	1676269553068	OK	 
USER	Summary API	END	1676269553125
REQUEST		Individual Contribution-Retrieve the individual data of knolder like his email,contribution and the score of each contribution	1676269552823	1676269553149	OK	 
REQUEST		Monthly Contribution-Fetch monthly data of user like contributions done in a month and scored according to contribution	1676269552293	1676269553164	OK	 
USER	Summary API	START	1676269553293
REQUEST		Hall of Frame-Fetches the top five monthly rankers for all the months in each year	1676269552980	1676269553332	OK	 
REQUEST		Dynamic Score -Fetches all the points of Contribution	1676269553359	1676269553649	OK	 
USER	Summary API	END	1676269553944
REQUEST		Individual Contribution-Retrieve the individual data of knolder like his email,contribution and the score of each contribution	1676269553660	1676269553959	OK	 
REQUEST		Reputation- Fetch monthly contributions and all-time contributions data	1676269553167	1676269554035	OK	 
REQUEST		Monthly Contribution-Fetch monthly data of user like contributions done in a month and scored according to contribution	1676269553293	1676269554130	OK	 
REQUEST		Hall of Frame-Fetches the top five monthly rankers for all the months in each year	1676269554040	1676269554412	OK	 
REQUEST		Dynamic Score -Fetches all the points of Contribution	1676269554354	1676269554636	OK	 
REQUEST		Reputation- Fetch monthly contributions and all-time contributions data	1676269554212	1676269555192	OK	 
USER	Summary API	END	1676269555197
REQUEST		Individual Contribution-Retrieve the individual data of knolder like his email,contribution and the score of each contribution	1676269554911	1676269555198	OK	 
REQUEST		Hall of Frame-Fetches the top five monthly rankers for all the months in each year	1676269555195	1676269555572	OK	 
REQUEST		Dynamic Score -Fetches all the points of Contribution	1676269555512	1676269555810	OK	 
REQUEST		Individual Contribution-Retrieve the individual data of knolder like his email,contribution and the score of each contribution	1676269555745	1676269556038	OK	 
REQUEST		Reputation- Fetch monthly contributions and all-time contributions data	1676269555209	1676269556070	OK	 
USER	Summary API	END	1676269556150
REQUEST		Hall of Frame-Fetches the top five monthly rankers for all the months in each year	1676269556069	1676269556444	OK	 
REQUEST		Dynamic Score -Fetches all the points of Contribution	1676269556333	1676269556653	OK	 
REQUEST		Individual Contribution-Retrieve the individual data of knolder like his email,contribution and the score of each contribution	1676269556650	1676269556958	OK	 
USER	Summary API	END	1676269556960
REQUEST		Reputation- Fetch monthly contributions and all-time contributions data	1676269556165	1676269557003	OK	 
REQUEST		Hall of Frame-Fetches the top five monthly rankers for all the months in each year	1676269557036	1676269557404	OK	 
REQUEST		Dynamic Score -Fetches all the points of Contribution	1676269557413	1676269557708	OK	 
REQUEST		Individual Contribution-Retrieve the individual data of knolder like his email,contribution and the score of each contribution	1676269557637	1676269557932	OK	 
REQUEST		Reputation- Fetch monthly contributions and all-time contributions data	1676269557131	1676269557999	OK	 
USER	Summary API	END	1676269558199
REQUEST		Hall of Frame-Fetches the top five monthly rankers for all the months in each year	1676269558193	1676269558549	OK	 
REQUEST		Dynamic Score -Fetches all the points of Contribution	1676269558573	1676269558869	OK	 
USER	Summary API	END	1676269559039
REQUEST		Individual Contribution-Retrieve the individual data of knolder like his email,contribution and the score of each contribution	1676269558810	1676269559104	OK	 
REQUEST		Hall of Frame-Fetches the top five monthly rankers for all the months in each year	1676269559071	1676269559471	OK	 
REQUEST		Dynamic Score -Fetches all the points of Contribution	1676269559445	1676269559739	OK	 
REQUEST		Individual Contribution-Retrieve the individual data of knolder like his email,contribution and the score of each contribution	1676269559654	1676269559953	OK	 
USER	Summary API	END	1676269559959
REQUEST		Hall of Frame-Fetches the top five monthly rankers for all the months in each year	1676269560004	1676269560355	OK	 
REQUEST		Dynamic Score -Fetches all the points of Contribution	1676269560405	1676269560714	OK	 
USER	Summary API	END	1676269560933
REQUEST		Individual Contribution-Retrieve the individual data of knolder like his email,contribution and the score of each contribution	1676269560709	1676269561011	OK	 
REQUEST		Hall of Frame-Fetches the top five monthly rankers for all the months in each year	1676269561000	1676269561343	OK	 
REQUEST		Dynamic Score -Fetches all the points of Contribution	1676269561550	1676269561834	OK	 
USER	Summary API	END	1676269562105
REQUEST		Individual Contribution-Retrieve the individual data of knolder like his email,contribution and the score of each contribution	1676269561870	1676269562173	OK	 
REQUEST		Dynamic Score -Fetches all the points of Contribution	1676269562472	1676269562757	OK	 
USER	Summary API	END	1676269562954
REQUEST		Individual Contribution-Retrieve the individual data of knolder like his email,contribution and the score of each contribution	1676269562740	1676269563028	OK	 
REQUEST		Dynamic Score -Fetches all the points of Contribution	1676269563355	1676269563649	OK	 
USER	Summary API	END	1676269564013
REQUEST		Individual Contribution-Retrieve the individual data of knolder like his email,contribution and the score of each contribution	1676269563714	1676269564018	OK	 
REQUEST		Dynamic Score -Fetches all the points of Contribution	1676269564344	1676269564658	OK	 
REQUEST		Individual Contribution-Retrieve the individual data of knolder like his email,contribution and the score of each contribution	1676269564835	1676269565126	OK	 
USER	Summary API	END	1676269565174
USER	Summary API	END	1676269566029
REQUEST		Individual Contribution-Retrieve the individual data of knolder like his email,contribution and the score of each contribution	1676269565758	1676269566049	OK	 
REQUEST		Individual Contribution-Retrieve the individual data of knolder like his email,contribution and the score of each contribution	1676269566649	1676269566988	OK	 
USER	Summary API	END	1676269567020
REQUEST		Individual Contribution-Retrieve the individual data of knolder like his email,contribution and the score of each contribution	1676269567659	1676269568014	OK	 
USER	Summary API	END	1676269568127
USER	Summary API	END	1676269569050
USER	Summary API	END	1676269569989
USER	Summary API	END	1676269571015
