RUN	Simulations.Create	create	1672898156936	 	3.5.1
USER	Create  Scenario	START	1672898162881
USER	Create  Scenario	START	1672898163876
USER	Create  Scenario	START	1672898164876
USER	Create  Scenario	START	1672898165876
USER	Create  Scenario	START	1672898166876
REQUEST		my Proposal	1672898162894	1672898166907	OK	 
REQUEST		my Proposal	1672898163876	1672898167860	OK	 
USER	Create  Scenario	START	1672898167876
USER	Create  Scenario	START	1672898168876
REQUEST		my Proposal	1672898164876	1672898168987	OK	 
REQUEST		my Proposal	1672898165876	1672898169874	OK	 
USER	Create  Scenario	START	1672898169875
REQUEST		Proposal	1672898169925	1672898170229	OK	 
REQUEST		my Proposal	1672898166877	1672898170851	OK	 
USER	Create  Scenario	START	1672898170876
REQUEST		Proposal	1672898170861	1672898171161	OK	 
REQUEST		my Proposal	1672898167876	1672898171856	OK	 
USER	Create  Scenario	START	1672898171875
REQUEST		Proposal	1672898171988	1672898172297	OK	 
REQUEST		my Proposal	1672898168876	1672898172847	OK	 
USER	Create  Scenario	START	1672898172876
REQUEST		Proposal	1672898172875	1672898173184	OK	 
USER	Create  Scenario	END	1672898173234
REQUEST		my Proposal	1672898169876	1672898173820	OK	 
USER	Create  Scenario	START	1672898173876
REQUEST		Proposal	1672898173852	1672898174152	OK	 
USER	Create  Scenario	END	1672898174163
USER	Create  Scenario	START	1672898174876
REQUEST		my Proposal	1672898170876	1672898174887	OK	 
REQUEST		Proposal	1672898174858	1672898175159	OK	 
USER	Create  Scenario	END	1672898175298
REQUEST		my Proposal	1672898171876	1672898175865	OK	 
USER	Create  Scenario	START	1672898175875
REQUEST		Proposal	1672898175849	1672898176159	OK	 
USER	Create  Scenario	END	1672898176186
USER	Create  Scenario	START	1672898176876
USER	Create  Scenario	END	1672898177154
REQUEST		Proposal	1672898176821	1672898177241	OK	 
REQUEST		my Proposal	1672898172876	1672898177274	OK	 
USER	Create  Scenario	START	1672898177875
USER	Create  Scenario	END	1672898178160
REQUEST		Proposal	1672898177888	1672898178351	OK	 
REQUEST		my Proposal	1672898173877	1672898178672	OK	 
USER	Create  Scenario	START	1672898178875
USER	Create  Scenario	END	1672898179160
REQUEST		Proposal	1672898178866	1672898179269	OK	 
USER	Create  Scenario	START	1672898179876
USER	Create  Scenario	END	1672898180242
REQUEST		Proposal	1672898180275	1672898180576	OK	 
USER	Create  Scenario	START	1672898180875
USER	Create  Scenario	END	1672898181352
USER	Create  Scenario	START	1672898181876
REQUEST		Proposal	1672898181674	1672898182065	OK	 
USER	Create  Scenario	END	1672898182270
REQUEST		my Proposal	1672898174876	1672898182556	OK	 
USER	Create  Scenario	START	1672898182875
REQUEST		my Proposal	1672898177875	1672898182917	OK	 
USER	Create  Scenario	END	1672898183577
USER	Create  Scenario	START	1672898183876
REQUEST		my Proposal	1672898178876	1672898184486	OK	 
USER	Create  Scenario	START	1672898184875
USER	Create  Scenario	END	1672898185066
USER	Create  Scenario	START	1672898185876
REQUEST		Proposal	1672898185557	1672898185933	OK	 
REQUEST		Proposal	1672898185918	1672898186271	OK	 
REQUEST		my Proposal	1672898181876	1672898186443	OK	 
USER	Create  Scenario	START	1672898186875
REQUEST		my Proposal	1672898182876	1672898187435	OK	 
REQUEST		my Proposal	1672898179876	1672898187648	OK	 
REQUEST		Proposal	1672898187487	1672898187806	OK	 
USER	Create  Scenario	START	1672898187875
USER	Create  Scenario	START	1672898188876
USER	Create  Scenario	END	1672898188933
USER	Create  Scenario	END	1672898189271
REQUEST		my Proposal	1672898184875	1672898189301	OK	 
REQUEST		Proposal	1672898189444	1672898189757	OK	 
REQUEST		my Proposal	1672898175876	1672898189835	OK	 
USER	Create  Scenario	START	1672898189875
REQUEST		my Proposal	1672898185876	1672898190451	OK	 
REQUEST		Proposal	1672898190436	1672898190736	OK	 
USER	Create  Scenario	END	1672898190807
USER	Create  Scenario	START	1672898190876
REQUEST		Proposal	1672898190649	1672898190945	OK	 
REQUEST		my Proposal	1672898183876	1672898191332	OK	 
USER	Create  Scenario	START	1672898191875
REQUEST		Proposal	1672898192302	1672898192605	OK	 
USER	Create  Scenario	END	1672898192758
USER	Create  Scenario	START	1672898192876
REQUEST		Proposal	1672898192836	1672898193138	OK	 
REQUEST		my Proposal	1672898188876	1672898193640	OK	 
REQUEST		my Proposal	1672898186876	1672898193725	OK	 
USER	Create  Scenario	END	1672898193737
REQUEST		Proposal	1672898193452	1672898193776	OK	 
USER	Create  Scenario	START	1672898193876
USER	Create  Scenario	END	1672898193946
REQUEST		Proposal	1672898194333	1672898194637	OK	 
USER	Create  Scenario	START	1672898194876
USER	Create  Scenario	END	1672898195607
USER	Create  Scenario	START	1672898195876
USER	Create  Scenario	END	1672898196139
REQUEST		my Proposal	1672898176876	1672898196230	OK	 
REQUEST		my Proposal	1672898190876	1672898196439	OK	 
USER	Create  Scenario	END	1672898196777
REQUEST		my Proposal	1672898191875	1672898196779	OK	 
USER	Create  Scenario	START	1672898196875
REQUEST		Proposal	1672898196641	1672898196952	OK	 
REQUEST		Proposal	1672898196726	1672898197037	OK	 
USER	Create  Scenario	END	1672898197638
USER	Create  Scenario	START	1672898197876
REQUEST		my Proposal	1672898192876	1672898197915	OK	 
REQUEST		my Proposal	1672898189876	1672898198093	OK	 
USER	Create  Scenario	START	1672898198876
REQUEST		my Proposal	1672898187876	1672898199023	OK	 
REQUEST		Proposal	1672898199231	1672898199550	OK	 
REQUEST		Proposal	1672898199440	1672898199758	OK	 
USER	Create  Scenario	START	1672898199875
USER	Create  Scenario	END	1672898199953
REQUEST		my Proposal	1672898195876	1672898199964	OK	 
USER	Create  Scenario	END	1672898200038
REQUEST		Proposal	1672898199780	1672898200097	OK	 
REQUEST		my Proposal	1672898196875	1672898200858	OK	 
USER	Create  Scenario	START	1672898200876
REQUEST		Proposal	1672898200916	1672898201219	OK	 
REQUEST		Proposal	1672898201094	1672898201394	OK	 
REQUEST		my Proposal	1672898197876	1672898201828	OK	 
USER	Create  Scenario	START	1672898201876
REQUEST		Proposal	1672898202024	1672898202325	OK	 
USER	Create  Scenario	END	1672898202551
USER	Create  Scenario	END	1672898202760
USER	Create  Scenario	START	1672898202875
REQUEST		my Proposal	1672898198876	1672898202907	OK	 
USER	Create  Scenario	END	1672898203098
REQUEST		Proposal	1672898202965	1672898203280	OK	 
USER	Create  Scenario	START	1672898203875
REQUEST		Proposal	1672898203859	1672898204164	OK	 
USER	Create  Scenario	END	1672898204221
USER	Create  Scenario	END	1672898204395
REQUEST		my Proposal	1672898200876	1672898204855	OK	 
USER	Create  Scenario	START	1672898204876
REQUEST		Proposal	1672898204829	1672898205135	OK	 
USER	Create  Scenario	END	1672898205326
USER	Create  Scenario	START	1672898205876
REQUEST		my Proposal	1672898201876	1672898205943	OK	 
REQUEST		Proposal	1672898205908	1672898206207	OK	 
REQUEST		my Proposal	1672898193876	1672898206254	OK	 
USER	Create  Scenario	END	1672898206281
USER	Create  Scenario	START	1672898206875
REQUEST		my Proposal	1672898202876	1672898207003	OK	 
USER	Create  Scenario	END	1672898207165
USER	Create  Scenario	START	1672898207876
USER	Create  Scenario	END	1672898208136
REQUEST		Proposal	1672898207856	1672898208176	OK	 
REQUEST		my Proposal	1672898180876	1672898208744	OK	 
USER	Create  Scenario	START	1672898208875
USER	Create  Scenario	END	1672898209209
REQUEST		Proposal	1672898208944	1672898209326	OK	 
REQUEST		Proposal	1672898209255	1672898209628	OK	 
USER	Create  Scenario	START	1672898209876
REQUEST		my Proposal	1672898204876	1672898209972	OK	 
REQUEST		Proposal	1672898210003	1672898210299	OK	 
REQUEST		my Proposal	1672898203876	1672898210380	OK	 
USER	Create  Scenario	START	1672898210875
REQUEST		my Proposal	1672898205876	1672898210970	OK	 
USER	Create  Scenario	END	1672898211177
USER	Create  Scenario	START	1672898211876
REQUEST		my Proposal	1672898206876	1672898211879	OK	 
REQUEST		Proposal	1672898211745	1672898212042	OK	 
USER	Create  Scenario	END	1672898212327
USER	Create  Scenario	END	1672898212630
USER	Create  Scenario	START	1672898212875
REQUEST		Proposal	1672898212973	1672898213275	OK	 
USER	Create  Scenario	END	1672898213299
REQUEST		Proposal	1672898213381	1672898213683	OK	 
USER	Create  Scenario	START	1672898213875
REQUEST		my Proposal	1672898199876	1672898214014	OK	 
REQUEST		my Proposal	1672898209876	1672898214092	OK	 
REQUEST		Proposal	1672898213970	1672898214275	OK	 
REQUEST		my Proposal	1672898194876	1672898214726	OK	 
USER	Create  Scenario	START	1672898214876
REQUEST		my Proposal	1672898210875	1672898214908	OK	 
USER	Create  Scenario	END	1672898215044
REQUEST		Proposal	1672898214880	1672898215179	OK	 
USER	Create  Scenario	START	1672898215876
USER	Create  Scenario	END	1672898216276
USER	Create  Scenario	END	1672898216684
USER	Create  Scenario	START	1672898216876
REQUEST		my Proposal	1672898212876	1672898216975	OK	 
USER	Create  Scenario	END	1672898217276
REQUEST		Proposal	1672898217015	1672898217313	OK	 
REQUEST		Proposal	1672898217092	1672898217399	OK	 
USER	Create  Scenario	START	1672898217875
REQUEST		my Proposal	1672898213875	1672898217973	OK	 
REQUEST		Proposal	1672898217727	1672898218043	OK	 
USER	Create  Scenario	END	1672898218180
REQUEST		Proposal	1672898217909	1672898218209	OK	 
REQUEST		my Proposal	1672898211877	1672898218532	OK	 
USER	Create  Scenario	START	1672898218876
USER	Create  Scenario	START	1672898219876
REQUEST		my Proposal	1672898214876	1672898220000	OK	 
REQUEST		Proposal	1672898219976	1672898220279	OK	 
USER	Create  Scenario	END	1672898220314
USER	Create  Scenario	END	1672898220401
USER	Create  Scenario	START	1672898220875
REQUEST		my Proposal	1672898207876	1672898220997	OK	 
USER	Create  Scenario	END	1672898221044
USER	Create  Scenario	END	1672898221211
REQUEST		Proposal	1672898220974	1672898221310	OK	 
USER	Create  Scenario	START	1672898221876
REQUEST		Proposal	1672898221533	1672898222166	OK	 
REQUEST		my Proposal	1672898216876	1672898222421	OK	 
REQUEST		my Proposal	1672898217875	1672898222526	OK	 
USER	Create  Scenario	START	1672898222876
USER	Create  Scenario	END	1672898223280
REQUEST		Proposal	1672898223001	1672898223308	OK	 
USER	Create  Scenario	START	1672898223875
REQUEST		my Proposal	1672898218877	1672898224165	OK	 
USER	Create  Scenario	END	1672898224311
REQUEST		Proposal	1672898223998	1672898224327	OK	 
USER	Create  Scenario	START	1672898224875
REQUEST		my Proposal	1672898215876	1672898225154	OK	 
USER	Create  Scenario	END	1672898225167
REQUEST		my Proposal	1672898220875	1672898225656	OK	 
REQUEST		Proposal	1672898225422	1672898225720	OK	 
REQUEST		Proposal	1672898225526	1672898225826	OK	 
USER	Create  Scenario	START	1672898225875
REQUEST		my Proposal	1672898221876	1672898226096	OK	 
USER	Create  Scenario	END	1672898226309
USER	Create  Scenario	START	1672898226875
USER	Create  Scenario	END	1672898227328
REQUEST		Proposal	1672898227166	1672898227487	OK	 
USER	Create  Scenario	START	1672898227876
REQUEST		my Proposal	1672898223875	1672898228204	OK	 
REQUEST		Proposal	1672898228155	1672898228454	OK	 
USER	Create  Scenario	END	1672898228721
USER	Create  Scenario	END	1672898228827
USER	Create  Scenario	START	1672898228876
REQUEST		Proposal	1672898228657	1672898228964	OK	 
REQUEST		my Proposal	1672898224876	1672898229266	OK	 
REQUEST		Proposal	1672898229097	1672898229398	OK	 
USER	Create  Scenario	START	1672898229876
REQUEST		my Proposal	1672898208875	1672898230058	OK	 
USER	Create  Scenario	END	1672898230488
REQUEST		my Proposal	1672898225875	1672898230788	OK	 
USER	Create  Scenario	START	1672898230876
USER	Create  Scenario	END	1672898231456
REQUEST		Proposal	1672898231206	1672898231515	OK	 
USER	Create  Scenario	START	1672898231876
USER	Create  Scenario	END	1672898231965
USER	Create  Scenario	END	1672898232399
REQUEST		Proposal	1672898232267	1672898232581	OK	 
REQUEST		my Proposal	1672898228876	1672898232838	OK	 
USER	Create  Scenario	START	1672898232875
REQUEST		my Proposal	1672898219876	1672898233178	OK	 
REQUEST		Proposal	1672898233059	1672898233358	OK	 
USER	Create  Scenario	START	1672898233876
REQUEST		my Proposal	1672898227876	1672898233877	OK	 
REQUEST		Proposal	1672898233788	1672898234082	OK	 
USER	Create  Scenario	END	1672898234516
USER	Create  Scenario	START	1672898234876
USER	Create  Scenario	END	1672898235582
USER	Create  Scenario	START	1672898235876
REQUEST		my Proposal	1672898231876	1672898236004	OK	 
REQUEST		Proposal	1672898235839	1672898236143	OK	 
USER	Create  Scenario	END	1672898236359
REQUEST		Proposal	1672898236180	1672898236606	OK	 
REQUEST		my Proposal	1672898230877	1672898236628	OK	 
REQUEST		my Proposal	1672898226876	1672898236632	OK	 
USER	Create  Scenario	START	1672898236876
USER	Create  Scenario	END	1672898237083
REQUEST		Proposal	1672898236878	1672898237285	OK	 
USER	Create  Scenario	START	1672898237876
REQUEST		my Proposal	1672898232875	1672898238028	OK	 
REQUEST		my Proposal	1672898222876	1672898238779	OK	 
USER	Create  Scenario	START	1672898238876
USER	Create  Scenario	END	1672898239144
REQUEST		Proposal	1672898239005	1672898239304	OK	 
USER	Create  Scenario	END	1672898239606
USER	Create  Scenario	START	1672898239876
REQUEST		Proposal	1672898239632	1672898239933	OK	 
REQUEST		Proposal	1672898239629	1672898239943	OK	 
USER	Create  Scenario	END	1672898240286
USER	Create  Scenario	START	1672898240876
REQUEST		my Proposal	1672898236876	1672898241221	OK	 
REQUEST		Proposal	1672898241029	1672898241364	OK	 
USER	Create  Scenario	START	1672898241876
REQUEST		Proposal	1672898241780	1672898242085	OK	 
REQUEST		my Proposal	1672898237876	1672898242278	OK	 
USER	Create  Scenario	END	1672898242305
REQUEST		my Proposal	1672898234876	1672898242748	OK	 
USER	Create  Scenario	START	1672898242876
USER	Create  Scenario	END	1672898242934
USER	Create  Scenario	END	1672898242944
USER	Create  Scenario	START	1672898243875
USER	Create  Scenario	END	1672898244365
REQUEST		my Proposal	1672898239876	1672898244443	OK	 
REQUEST		Proposal	1672898244222	1672898244522	OK	 
REQUEST		my Proposal	1672898235876	1672898244524	OK	 
USER	Create  Scenario	START	1672898244875
USER	Create  Scenario	END	1672898245086
REQUEST		my Proposal	1672898240876	1672898245508	OK	 
REQUEST		Proposal	1672898245279	1672898245588	OK	 
USER	Create  Scenario	START	1672898245875
REQUEST		Proposal	1672898245748	1672898246048	OK	 
USER	Create  Scenario	START	1672898246875
USER	Create  Scenario	END	1672898247523
REQUEST		Proposal	1672898247444	1672898247801	OK	 
USER	Create  Scenario	START	1672898247875
REQUEST		Proposal	1672898247525	1672898247879	OK	 
REQUEST		my Proposal	1672898243876	1672898248376	OK	 
USER	Create  Scenario	END	1672898248589
REQUEST		Proposal	1672898248509	1672898248812	OK	 
USER	Create  Scenario	START	1672898248875
REQUEST		my Proposal	1672898241876	1672898248893	OK	 
USER	Create  Scenario	END	1672898249049
REQUEST		my Proposal	1672898242876	1672898249392	OK	 
REQUEST		my Proposal	1672898244876	1672898249828	OK	 
USER	Create  Scenario	START	1672898249875
REQUEST		my Proposal	1672898229876	1672898250176	OK	 
USER	Create  Scenario	END	1672898250802
USER	Create  Scenario	START	1672898250875
USER	Create  Scenario	END	1672898250880
USER	Create  Scenario	END	1672898251813
USER	Create  Scenario	START	1672898251876
REQUEST		Proposal	1672898251376	1672898251999	OK	 
REQUEST		Proposal	1672898251894	1672898252407	OK	 
REQUEST		my Proposal	1672898247875	1672898252408	OK	 
REQUEST		Proposal	1672898252392	1672898252812	OK	 
USER	Create  Scenario	START	1672898252875
REQUEST		Proposal	1672898252829	1672898253254	OK	 
REQUEST		Proposal	1672898253176	1672898253630	OK	 
REQUEST		my Proposal	1672898248875	1672898253639	OK	 
USER	Create  Scenario	START	1672898253876
REQUEST		my Proposal	1672898238876	1672898254442	OK	 
USER	Create  Scenario	START	1672898254875
USER	Create  Scenario	END	1672898254999
USER	Create  Scenario	END	1672898255408
REQUEST		Proposal	1672898255408	1672898255715	OK	 
USER	Create  Scenario	END	1672898255813
USER	Create  Scenario	START	1672898255875
USER	Create  Scenario	END	1672898256255
USER	Create  Scenario	END	1672898256631
USER	Create  Scenario	START	1672898256876
REQUEST		Proposal	1672898256639	1672898256966	OK	 
REQUEST		Proposal	1672898257442	1672898257767	OK	 
USER	Create  Scenario	START	1672898257875
REQUEST		my Proposal	1672898249875	1672898257965	OK	 
USER	Create  Scenario	END	1672898258716
USER	Create  Scenario	START	1672898258875
REQUEST		my Proposal	1672898253876	1672898259076	OK	 
REQUEST		my Proposal	1672898233876	1672898259237	OK	 
USER	Create  Scenario	START	1672898259875
REQUEST		my Proposal	1672898254876	1672898259891	OK	 
USER	Create  Scenario	END	1672898259967
USER	Create  Scenario	END	1672898260768
USER	Create  Scenario	START	1672898260875
REQUEST		Proposal	1672898260966	1672898261299	OK	 
USER	Create  Scenario	START	1672898261876
REQUEST		my Proposal	1672898250875	1672898261960	OK	 
REQUEST		my Proposal	1672898257876	1672898262276	OK	 
REQUEST		Proposal	1672898262077	1672898262391	OK	 
REQUEST		Proposal	1672898262238	1672898262536	OK	 
REQUEST		Proposal	1672898262892	1672898263220	OK	 
REQUEST		my Proposal	1672898251876	1672898263422	OK	 
REQUEST		my Proposal	1672898255876	1672898263652	OK	 
REQUEST		my Proposal	1672898258875	1672898263969	OK	 
USER	Create  Scenario	END	1672898264300
REQUEST		my Proposal	1672898256876	1672898264864	OK	 
REQUEST		my Proposal	1672898260876	1672898265013	OK	 
REQUEST		Proposal	1672898264960	1672898265267	OK	 
USER	Create  Scenario	END	1672898265392
USER	Create  Scenario	END	1672898265537
REQUEST		Proposal	1672898265277	1672898265576	OK	 
REQUEST		my Proposal	1672898245876	1672898265975	OK	 
USER	Create  Scenario	END	1672898266220
REQUEST		Proposal	1672898266424	1672898266869	OK	 
REQUEST		Proposal	1672898266653	1672898267029	OK	 
REQUEST		Proposal	1672898266970	1672898267294	OK	 
REQUEST		Proposal	1672898267865	1672898268162	OK	 
USER	Create  Scenario	END	1672898268268
REQUEST		Proposal	1672898268014	1672898268317	OK	 
REQUEST		my Proposal	1672898261876	1672898268437	OK	 
USER	Create  Scenario	END	1672898268577
REQUEST		Proposal	1672898268976	1672898269273	OK	 
USER	Create  Scenario	END	1672898269870
USER	Create  Scenario	END	1672898270030
USER	Create  Scenario	END	1672898270295
USER	Create  Scenario	END	1672898271164
USER	Create  Scenario	END	1672898271318
REQUEST		Proposal	1672898271438	1672898271758	OK	 
USER	Create  Scenario	END	1672898272275
REQUEST		my Proposal	1672898252875	1672898272671	OK	 
REQUEST		my Proposal	1672898259876	1672898272909	OK	 
USER	Create  Scenario	END	1672898274759
REQUEST		Proposal	1672898275672	1672898275973	OK	 
REQUEST		Proposal	1672898275909	1672898276208	OK	 
REQUEST		my Proposal	1672898246876	1672898276421	OK	 
USER	Create  Scenario	END	1672898278974
USER	Create  Scenario	END	1672898279209
REQUEST		Proposal	1672898279422	1672898279801	OK	 
USER	Create  Scenario	END	1672898282801
