RUN	Simulations.Runner.ContributionRunner	contributionrunner	1674663233296	 	3.5.1
USER	Contribution API	START	1674663234809
USER	Contribution API	START	1674663234902
USER	Contribution API	START	1674663235003
USER	Contribution API	START	1674663235103
USER	Contribution API	START	1674663235204
USER	Contribution API	START	1674663235304
USER	Contribution API	START	1674663235404
USER	Contribution API	START	1674663235504
USER	Contribution API	START	1674663235605
REQUEST		Add Contribution	1674663234838	1674663235670	KO	status.find.is(200), but actually found 405
REQUEST		Add Contribution	1674663234903	1674663235703	KO	status.find.is(200), but actually found 405
USER	Contribution API	START	1674663235705
USER	Contribution API	START	1674663235805
REQUEST		Add Contribution	1674663235004	1674663235814	KO	status.find.is(200), but actually found 405
USER	Contribution API	START	1674663235905
REQUEST		Add Contribution	1674663235103	1674663235913	KO	status.find.is(200), but actually found 405
USER	Contribution API	START	1674663236008
REQUEST		Add Contribution	1674663235204	1674663236017	KO	status.find.is(200), but actually found 405
USER	Contribution API	START	1674663236109
REQUEST		Add Contribution	1674663235305	1674663236117	KO	status.find.is(200), but actually found 405
USER	Contribution API	START	1674663236209
REQUEST		Add Contribution	1674663235405	1674663236221	KO	status.find.is(200), but actually found 405
REQUEST		Add Contribution	1674663235505	1674663236309	KO	status.find.is(200), but actually found 405
USER	Contribution API	START	1674663236309
USER	Contribution API	START	1674663236410
REQUEST		Add Contribution	1674663235605	1674663236422	KO	status.find.is(200), but actually found 405
USER	Contribution API	START	1674663236509
REQUEST		Add Contribution	1674663235705	1674663236512	KO	status.find.is(200), but actually found 405
USER	Contribution API	START	1674663236609
REQUEST		Add Contribution	1674663235806	1674663236632	KO	status.find.is(200), but actually found 405
REQUEST		Add Contribution	1674663235906	1674663236700	KO	status.find.is(200), but actually found 405
USER	Contribution API	START	1674663236709
USER	Contribution API	START	1674663236810
REQUEST		Add Contribution	1674663236009	1674663236812	KO	status.find.is(200), but actually found 405
USER	Contribution API	START	1674663236901
REQUEST		Add Contribution	1674663236110	1674663236937	KO	status.find.is(200), but actually found 405
USER	Contribution API	START	1674663237001
REQUEST		Add Contribution	1674663236210	1674663237016	KO	status.find.is(200), but actually found 405
USER	Contribution API	START	1674663237101
REQUEST		Add Contribution	1674663236310	1674663237136	KO	status.find.is(200), but actually found 405
USER	Contribution API	START	1674663237201
REQUEST		Add Contribution	1674663236410	1674663237230	KO	status.find.is(200), but actually found 405
USER	Contribution API	START	1674663237301
REQUEST		Add Contribution	1674663236510	1674663237319	KO	status.find.is(200), but actually found 405
USER	Contribution API	START	1674663237401
REQUEST		Add Contribution	1674663236610	1674663237420	KO	status.find.is(200), but actually found 405
USER	Contribution API	START	1674663237501
REQUEST		Add Contribution	1674663236710	1674663237527	KO	status.find.is(200), but actually found 405
USER	Contribution API	START	1674663237601
REQUEST		Add Contribution	1674663236810	1674663237613	KO	status.find.is(200), but actually found 405
USER	Contribution API	START	1674663237701
REQUEST		Add Contribution	1674663236901	1674663237711	KO	status.find.is(200), but actually found 405
USER	Contribution API	START	1674663237801
REQUEST		Add Contribution	1674663237002	1674663237814	KO	status.find.is(200), but actually found 405
USER	Contribution API	START	1674663237901
REQUEST		Add Contribution	1674663237102	1674663237915	KO	status.find.is(200), but actually found 405
USER	Contribution API	START	1674663238002
REQUEST		Add Contribution	1674663237201	1674663238004	KO	status.find.is(200), but actually found 405
USER	Contribution API	START	1674663238101
REQUEST		Add Contribution	1674663237301	1674663238106	KO	status.find.is(200), but actually found 405
REQUEST		Add Contribution	1674663237401	1674663238199	KO	status.find.is(200), but actually found 405
USER	Contribution API	START	1674663238201
USER	Contribution API	START	1674663238301
REQUEST		Add Contribution	1674663237501	1674663238305	KO	status.find.is(200), but actually found 405
USER	Contribution API	START	1674663238401
REQUEST		Add Contribution	1674663237601	1674663238410	KO	status.find.is(200), but actually found 405
USER	Contribution API	START	1674663238502
REQUEST		Add Contribution	1674663237702	1674663238505	KO	status.find.is(200), but actually found 405
USER	Contribution API	START	1674663238601
REQUEST		Add Contribution	1674663237801	1674663238608	KO	status.find.is(200), but actually found 405
USER	Contribution API	END	1674663238685
USER	Contribution API	START	1674663238701
USER	Contribution API	END	1674663238704
REQUEST		Add Contribution	1674663237902	1674663238708	KO	status.find.is(200), but actually found 405
USER	Contribution API	START	1674663238802
REQUEST		Add Contribution	1674663238002	1674663238807	KO	status.find.is(200), but actually found 405
USER	Contribution API	END	1674663238816
USER	Contribution API	START	1674663238901
REQUEST		Add Contribution	1674663238102	1674663238907	KO	status.find.is(200), but actually found 405
USER	Contribution API	END	1674663238915
USER	Contribution API	START	1674663239001
REQUEST		Add Contribution	1674663238201	1674663239011	KO	status.find.is(200), but actually found 405
USER	Contribution API	END	1674663239018
REQUEST		Add Contribution	1674663238302	1674663239097	KO	status.find.is(200), but actually found 405
USER	Contribution API	START	1674663239101
USER	Contribution API	END	1674663239118
REQUEST		Add Contribution	1674663238402	1674663239197	KO	status.find.is(200), but actually found 405
USER	Contribution API	START	1674663239201
USER	Contribution API	END	1674663239222
USER	Contribution API	START	1674663239301
REQUEST		Add Contribution	1674663238502	1674663239309	KO	status.find.is(200), but actually found 405
USER	Contribution API	END	1674663239311
USER	Contribution API	START	1674663239401
REQUEST		Add Contribution	1674663238602	1674663239408	KO	status.find.is(200), but actually found 405
USER	Contribution API	END	1674663239423
USER	Contribution API	START	1674663239502
REQUEST		Add Contribution	1674663238702	1674663239503	KO	status.find.is(200), but actually found 405
USER	Contribution API	END	1674663239514
USER	Contribution API	START	1674663239601
REQUEST		Add Contribution	1674663238803	1674663239606	KO	status.find.is(200), but actually found 405
USER	Contribution API	END	1674663239633
REQUEST		Add Contribution	1674663238901	1674663239701	KO	status.find.is(200), but actually found 405
USER	Contribution API	END	1674663239701
USER	Contribution API	START	1674663239701
USER	Contribution API	START	1674663239801
REQUEST		Add Contribution	1674663239001	1674663239802	KO	status.find.is(200), but actually found 405
USER	Contribution API	END	1674663239814
USER	Contribution API	START	1674663239901
REQUEST		Add Contribution	1674663239101	1674663239923	KO	status.find.is(200), but actually found 405
USER	Contribution API	END	1674663239938
USER	Contribution API	START	1674663240001
USER	Contribution API	END	1674663240018
REQUEST		Add Contribution	1674663239201	1674663240042	KO	status.find.is(200), but actually found 405
REQUEST		Add Contribution	1674663239302	1674663240098	KO	status.find.is(200), but actually found 405
USER	Contribution API	START	1674663240101
USER	Contribution API	END	1674663240138
USER	Contribution API	START	1674663240201
REQUEST		Add Contribution	1674663239401	1674663240208	KO	status.find.is(200), but actually found 405
USER	Contribution API	END	1674663240232
USER	Contribution API	START	1674663240302
REQUEST		Add Contribution	1674663239502	1674663240307	KO	status.find.is(200), but actually found 405
USER	Contribution API	END	1674663240321
USER	Contribution API	START	1674663240402
USER	Contribution API	END	1674663240421
REQUEST		Add Contribution	1674663239601	1674663240423	KO	status.find.is(200), but actually found 405
USER	Contribution API	START	1674663240502
REQUEST		Add Contribution	1674663239701	1674663240504	KO	status.find.is(200), but actually found 405
USER	Contribution API	END	1674663240528
USER	Contribution API	START	1674663240602
REQUEST		Add Contribution	1674663239801	1674663240605	KO	status.find.is(200), but actually found 405
USER	Contribution API	END	1674663240615
USER	Contribution API	START	1674663240702
USER	Contribution API	END	1674663240713
REQUEST		Add Contribution	1674663239902	1674663240714	KO	status.find.is(200), but actually found 405
USER	Contribution API	START	1674663240802
REQUEST		Add Contribution	1674663240002	1674663240804	KO	status.find.is(200), but actually found 405
USER	Contribution API	END	1674663240815
REQUEST		Add Contribution	1674663240102	1674663240899	KO	status.find.is(200), but actually found 405
USER	Contribution API	START	1674663240900
USER	Contribution API	END	1674663240915
USER	Contribution API	START	1674663241001
USER	Contribution API	END	1674663241005
REQUEST		Add Contribution	1674663240202	1674663241016	KO	status.find.is(200), but actually found 405
USER	Contribution API	START	1674663241100
REQUEST		Add Contribution	1674663240302	1674663241102	KO	status.find.is(200), but actually found 405
USER	Contribution API	END	1674663241106
USER	Contribution API	END	1674663241200
USER	Contribution API	START	1674663241201
REQUEST		Add Contribution	1674663240402	1674663241204	KO	status.find.is(200), but actually found 405
USER	Contribution API	START	1674663241300
REQUEST		Add Contribution	1674663240502	1674663241303	KO	status.find.is(200), but actually found 405
USER	Contribution API	END	1674663241307
USER	Contribution API	START	1674663241401
REQUEST		Add Contribution	1674663240603	1674663241407	KO	status.find.is(200), but actually found 405
USER	Contribution API	END	1674663241411
USER	Contribution API	START	1674663241501
USER	Contribution API	END	1674663241506
USER	Contribution API	START	1674663241601
REQUEST		Add Contribution	1674663240802	1674663241606	KO	status.find.is(200), but actually found 405
USER	Contribution API	END	1674663241609
REQUEST		Add Contribution	1674663240900	1674663241700	KO	status.find.is(200), but actually found 405
USER	Contribution API	START	1674663241701
USER	Contribution API	END	1674663241710
USER	Contribution API	START	1674663241801
REQUEST		Add Contribution	1674663241001	1674663241804	KO	status.find.is(200), but actually found 405
USER	Contribution API	END	1674663241808
USER	Contribution API	START	1674663241901
REQUEST		Add Contribution	1674663241101	1674663241902	KO	status.find.is(200), but actually found 405
USER	Contribution API	END	1674663241908
USER	Contribution API	START	1674663242001
REQUEST		Add Contribution	1674663241201	1674663242002	KO	status.find.is(200), but actually found 405
USER	Contribution API	END	1674663242013
USER	Contribution API	END	1674663242099
USER	Contribution API	START	1674663242101
REQUEST		Add Contribution	1674663241301	1674663242116	KO	status.find.is(200), but actually found 405
USER	Contribution API	END	1674663242199
USER	Contribution API	START	1674663242201
REQUEST		Add Contribution	1674663241401	1674663242204	KO	status.find.is(200), but actually found 405
REQUEST		Add Contribution	1674663241501	1674663242289	KO	status.find.is(200), but actually found 405
USER	Contribution API	START	1674663242301
USER	Contribution API	END	1674663242311
REQUEST		Add Contribution	1674663241601	1674663242394	KO	status.find.is(200), but actually found 405
USER	Contribution API	START	1674663242401
USER	Contribution API	END	1674663242409
USER	Contribution API	START	1674663242501
USER	Contribution API	END	1674663242504
REQUEST		Add Contribution	1674663241701	1674663242513	KO	status.find.is(200), but actually found 405
REQUEST		Add Contribution	1674663240702	1674663242525	KO	status.find.is(200), but actually found 405
USER	Contribution API	START	1674663242601
USER	Contribution API	END	1674663242607
REQUEST		Add Contribution	1674663241801	1674663242608	KO	status.find.is(200), but actually found 405
REQUEST		Add Contribution	1674663241901	1674663242696	KO	status.find.is(200), but actually found 405
USER	Contribution API	START	1674663242701
USER	Contribution API	END	1674663242702
USER	Contribution API	START	1674663242801
USER	Contribution API	END	1674663242803
REQUEST		Add Contribution	1674663242001	1674663242807	KO	status.find.is(200), but actually found 405
USER	Contribution API	START	1674663242901
REQUEST		Add Contribution	1674663242101	1674663242909	KO	status.find.is(200), but actually found 405
USER	Contribution API	END	1674663242924
USER	Contribution API	START	1674663243001
REQUEST		Add Contribution	1674663242201	1674663243002	KO	status.find.is(200), but actually found 405
USER	Contribution API	END	1674663243044
USER	Contribution API	END	1674663243099
USER	Contribution API	START	1674663243101
REQUEST		Add Contribution	1674663242301	1674663243114	KO	status.find.is(200), but actually found 405
USER	Contribution API	START	1674663243201
REQUEST		Add Contribution	1674663242401	1674663243206	KO	status.find.is(200), but actually found 405
USER	Contribution API	END	1674663243209
USER	Contribution API	START	1674663243301
USER	Contribution API	END	1674663243308
REQUEST		Add Contribution	1674663242502	1674663243310	KO	status.find.is(200), but actually found 405
USER	Contribution API	START	1674663243401
REQUEST		Add Contribution	1674663242601	1674663243404	KO	status.find.is(200), but actually found 405
USER	Contribution API	END	1674663243424
USER	Contribution API	START	1674663243501
REQUEST		Add Contribution	1674663242701	1674663243502	KO	status.find.is(200), but actually found 405
USER	Contribution API	END	1674663243505
USER	Contribution API	START	1674663243601
REQUEST		Add Contribution	1674663242801	1674663243603	KO	status.find.is(200), but actually found 405
USER	Contribution API	END	1674663243606
REQUEST		Add Contribution	1674663242901	1674663243696	KO	status.find.is(200), but actually found 405
USER	Contribution API	START	1674663243701
USER	Contribution API	END	1674663243716
REQUEST		Add Contribution	1674663243001	1674663243800	KO	status.find.is(200), but actually found 405
USER	Contribution API	START	1674663243801
USER	Contribution API	END	1674663243805
USER	Contribution API	END	1674663243900
USER	Contribution API	START	1674663243900
REQUEST		Add Contribution	1674663243101	1674663243903	KO	status.find.is(200), but actually found 405
USER	Contribution API	START	1674663244000
REQUEST		Add Contribution	1674663243201	1674663244009	KO	status.find.is(200), but actually found 405
USER	Contribution API	END	1674663244017
USER	Contribution API	START	1674663244101
USER	Contribution API	END	1674663244103
REQUEST		Add Contribution	1674663243301	1674663244125	KO	status.find.is(200), but actually found 405
USER	Contribution API	START	1674663244200
USER	Contribution API	END	1674663244205
REQUEST		Add Contribution	1674663243401	1674663244205	KO	status.find.is(200), but actually found 405
USER	Contribution API	END	1674663244304
USER	Contribution API	START	1674663244306
REQUEST		Add Contribution	1674663243501	1674663244314	KO	status.find.is(200), but actually found 405
USER	Contribution API	START	1674663244400
USER	Contribution API	END	1674663244408
REQUEST		Add Contribution	1674663243601	1674663244408	KO	status.find.is(200), but actually found 405
USER	Contribution API	START	1674663244501
REQUEST		Add Contribution	1674663243701	1674663244510	KO	status.find.is(200), but actually found 405
USER	Contribution API	START	1674663244601
REQUEST		Add Contribution	1674663243801	1674663244603	KO	status.find.is(200), but actually found 405
USER	Contribution API	END	1674663244607
USER	Contribution API	END	1674663244701
USER	Contribution API	START	1674663244701
REQUEST		Add Contribution	1674663243901	1674663244721	KO	status.find.is(200), but actually found 405
REQUEST		Add Contribution	1674663244001	1674663244797	KO	status.find.is(200), but actually found 405
USER	Contribution API	START	1674663244801
USER	Contribution API	END	1674663244805
USER	Contribution API	START	1674663244901
USER	Contribution API	END	1674663244903
REQUEST		Add Contribution	1674663244101	1674663244907	KO	status.find.is(200), but actually found 405
USER	Contribution API	START	1674663245001
USER	Contribution API	END	1674663245003
REQUEST		Add Contribution	1674663244200	1674663245023	KO	status.find.is(200), but actually found 405
USER	Contribution API	START	1674663245101
REQUEST		Add Contribution	1674663244306	1674663245110	KO	status.find.is(200), but actually found 405
USER	Contribution API	END	1674663245117
USER	Contribution API	START	1674663245201
USER	Contribution API	END	1674663245205
REQUEST		Add Contribution	1674663244401	1674663245207	KO	status.find.is(200), but actually found 405
USER	Contribution API	END	1674663245290
REQUEST		Add Contribution	1674663244501	1674663245292	KO	status.find.is(200), but actually found 405
USER	Contribution API	START	1674663245301
USER	Contribution API	END	1674663245396
REQUEST		Add Contribution	1674663244601	1674663245400	KO	status.find.is(200), but actually found 405
USER	Contribution API	START	1674663245401
REQUEST		Add Contribution	1674663244701	1674663245500	KO	status.find.is(200), but actually found 405
USER	Contribution API	START	1674663245501
USER	Contribution API	END	1674663245515
USER	Contribution API	END	1674663245526
USER	Contribution API	START	1674663245601
USER	Contribution API	END	1674663245609
REQUEST		Add Contribution	1674663244801	1674663245610	KO	status.find.is(200), but actually found 405
USER	Contribution API	END	1674663245698
USER	Contribution API	START	1674663245701
REQUEST		Add Contribution	1674663244901	1674663245702	KO	status.find.is(200), but actually found 405
USER	Contribution API	START	1674663245801
USER	Contribution API	END	1674663245808
REQUEST		Add Contribution	1674663245001	1674663245817	KO	status.find.is(200), but actually found 405
USER	Contribution API	START	1674663245900
REQUEST		Add Contribution	1674663245101	1674663245908	KO	status.find.is(200), but actually found 405
USER	Contribution API	END	1674663245911
USER	Contribution API	START	1674663246000
USER	Contribution API	END	1674663246003
REQUEST		Add Contribution	1674663245201	1674663246009	KO	status.find.is(200), but actually found 405
REQUEST		Add Contribution	1674663245301	1674663246098	KO	status.find.is(200), but actually found 405
USER	Contribution API	START	1674663246100
USER	Contribution API	END	1674663246115
USER	Contribution API	START	1674663246200
REQUEST		Add Contribution	1674663245401	1674663246204	KO	status.find.is(200), but actually found 405
USER	Contribution API	END	1674663246207
USER	Contribution API	START	1674663246300
REQUEST		Add Contribution	1674663245501	1674663246306	KO	status.find.is(200), but actually found 405
USER	Contribution API	END	1674663246312
USER	Contribution API	START	1674663246400
USER	Contribution API	END	1674663246405
REQUEST		Add Contribution	1674663245602	1674663246407	KO	status.find.is(200), but actually found 405
USER	Contribution API	START	1674663246500
USER	Contribution API	END	1674663246503
REQUEST		Add Contribution	1674663245701	1674663246506	KO	status.find.is(200), but actually found 405
USER	Contribution API	START	1674663246600
USER	Contribution API	END	1674663246604
REQUEST		Add Contribution	1674663245802	1674663246612	KO	status.find.is(200), but actually found 405
USER	Contribution API	END	1674663246698
USER	Contribution API	START	1674663246700
REQUEST		Add Contribution	1674663245901	1674663246707	KO	status.find.is(200), but actually found 405
USER	Contribution API	START	1674663246800
USER	Contribution API	END	1674663246801
REQUEST		Add Contribution	1674663246001	1674663246816	KO	status.find.is(200), but actually found 405
REQUEST		Add Contribution	1674663246101	1674663246897	KO	status.find.is(200), but actually found 405
USER	Contribution API	START	1674663246901
USER	Contribution API	END	1674663246904
REQUEST		Add Contribution	1674663246201	1674663246993	KO	status.find.is(200), but actually found 405
USER	Contribution API	START	1674663247001
USER	Contribution API	END	1674663247011
REQUEST		Add Contribution	1674663246301	1674663247091	KO	status.find.is(200), but actually found 405
USER	Contribution API	START	1674663247101
USER	Contribution API	END	1674663247126
USER	Contribution API	START	1674663247201
USER	Contribution API	END	1674663247205
REQUEST		Add Contribution	1674663246401	1674663247210	KO	status.find.is(200), but actually found 405
REQUEST		Add Contribution	1674663246501	1674663247295	KO	status.find.is(200), but actually found 405
USER	Contribution API	START	1674663247301
USER	Contribution API	END	1674663247316
USER	Contribution API	START	1674663247401
USER	Contribution API	END	1674663247411
REQUEST		Add Contribution	1674663246601	1674663247411	KO	status.find.is(200), but actually found 405
USER	Contribution API	START	1674663247501
REQUEST		Add Contribution	1674663246701	1674663247512	KO	status.find.is(200), but actually found 405
USER	Contribution API	END	1674663247513
REQUEST		Add Contribution	1674663246800	1674663247601	KO	status.find.is(200), but actually found 405
USER	Contribution API	START	1674663247601
USER	Contribution API	END	1674663247604
USER	Contribution API	START	1674663247701
REQUEST		Add Contribution	1674663246901	1674663247716	KO	status.find.is(200), but actually found 405
USER	Contribution API	END	1674663247722
USER	Contribution API	END	1674663247798
REQUEST		Add Contribution	1674663247001	1674663247800	KO	status.find.is(200), but actually found 405
USER	Contribution API	START	1674663247801
USER	Contribution API	START	1674663247900
USER	Contribution API	END	1674663247908
REQUEST		Add Contribution	1674663247101	1674663247910	KO	status.find.is(200), but actually found 405
USER	Contribution API	START	1674663248000
REQUEST		Add Contribution	1674663247201	1674663248010	KO	status.find.is(200), but actually found 405
USER	Contribution API	END	1674663248024
USER	Contribution API	START	1674663248101
REQUEST		Add Contribution	1674663247302	1674663248106	KO	status.find.is(200), but actually found 405
USER	Contribution API	END	1674663248111
USER	Contribution API	START	1674663248200
REQUEST		Add Contribution	1674663247401	1674663248206	KO	status.find.is(200), but actually found 405
USER	Contribution API	END	1674663248208
USER	Contribution API	END	1674663248294
REQUEST		Add Contribution	1674663247502	1674663248296	KO	status.find.is(200), but actually found 405
USER	Contribution API	START	1674663248300
USER	Contribution API	START	1674663248400
USER	Contribution API	END	1674663248401
REQUEST		Add Contribution	1674663247601	1674663248416	KO	status.find.is(200), but actually found 405
USER	Contribution API	START	1674663248500
USER	Contribution API	END	1674663248501
REQUEST		Add Contribution	1674663247702	1674663248523	KO	status.find.is(200), but actually found 405
USER	Contribution API	START	1674663248600
USER	Contribution API	END	1674663248612
REQUEST		Add Contribution	1674663247801	1674663248617	KO	status.find.is(200), but actually found 405
USER	Contribution API	START	1674663248700
USER	Contribution API	END	1674663248703
REQUEST		Add Contribution	1674663247901	1674663248708	KO	status.find.is(200), but actually found 405
REQUEST		Add Contribution	1674663248001	1674663248797	KO	status.find.is(200), but actually found 405
USER	Contribution API	START	1674663248801
USER	Contribution API	END	1674663248818
USER	Contribution API	START	1674663248901
REQUEST		Add Contribution	1674663248101	1674663248901	KO	status.find.is(200), but actually found 405
USER	Contribution API	END	1674663248909
USER	Contribution API	START	1674663249001
REQUEST		Add Contribution	1674663248201	1674663249004	KO	status.find.is(200), but actually found 405
USER	Contribution API	END	1674663249011
REQUEST		Add Contribution	1674663248300	1674663249094	KO	status.find.is(200), but actually found 405
USER	Contribution API	END	1674663249099
USER	Contribution API	START	1674663249101
REQUEST		Add Contribution	1674663248400	1674663249196	KO	status.find.is(200), but actually found 405
USER	Contribution API	START	1674663249201
USER	Contribution API	END	1674663249205
USER	Contribution API	START	1674663249301
REQUEST		Add Contribution	1674663248500	1674663249302	KO	status.find.is(200), but actually found 405
USER	Contribution API	END	1674663249307
USER	Contribution API	START	1674663249401
USER	Contribution API	END	1674663249408
REQUEST		Add Contribution	1674663248601	1674663249418	KO	status.find.is(200), but actually found 405
USER	Contribution API	START	1674663249501
USER	Contribution API	END	1674663249507
REQUEST		Add Contribution	1674663248701	1674663249510	KO	status.find.is(200), but actually found 405
USER	Contribution API	START	1674663249601
REQUEST		Add Contribution	1674663248801	1674663249604	KO	status.find.is(200), but actually found 405
USER	Contribution API	END	1674663249614
REQUEST		Add Contribution	1674663248901	1674663249696	KO	status.find.is(200), but actually found 405
USER	Contribution API	START	1674663249701
USER	Contribution API	END	1674663249708
REQUEST		Add Contribution	1674663249001	1674663249800	KO	status.find.is(200), but actually found 405
USER	Contribution API	START	1674663249801
USER	Contribution API	END	1674663249817
USER	Contribution API	END	1674663249898
REQUEST		Add Contribution	1674663249101	1674663249899	KO	status.find.is(200), but actually found 405
USER	Contribution API	START	1674663249901
REQUEST		Add Contribution	1674663249201	1674663249991	KO	status.find.is(200), but actually found 405
USER	Contribution API	END	1674663249995
USER	Contribution API	START	1674663250001
USER	Contribution API	END	1674663250092
USER	Contribution API	START	1674663250101
REQUEST		Add Contribution	1674663249301	1674663250115	KO	status.find.is(200), but actually found 405
USER	Contribution API	START	1674663250201
REQUEST		Add Contribution	1674663249401	1674663250210	KO	status.find.is(200), but actually found 405
USER	Contribution API	END	1674663250212
USER	Contribution API	END	1674663250297
REQUEST		Add Contribution	1674663249501	1674663250298	KO	status.find.is(200), but actually found 405
USER	Contribution API	START	1674663250301
USER	Contribution API	START	1674663250401
REQUEST		Add Contribution	1674663249601	1674663250409	KO	status.find.is(200), but actually found 405
USER	Contribution API	END	1674663250412
USER	Contribution API	START	1674663250501
REQUEST		Add Contribution	1674663249701	1674663250511	KO	status.find.is(200), but actually found 405
USER	Contribution API	END	1674663250514
REQUEST		Add Contribution	1674663249801	1674663250589	KO	status.find.is(200), but actually found 405
USER	Contribution API	END	1674663250602
USER	Contribution API	START	1674663250601
REQUEST		Add Contribution	1674663249901	1674663250696	KO	status.find.is(200), but actually found 405
USER	Contribution API	START	1674663250701
USER	Contribution API	END	1674663250718
USER	Contribution API	END	1674663250801
USER	Contribution API	START	1674663250801
REQUEST		Add Contribution	1674663250001	1674663250804	KO	status.find.is(200), but actually found 405
REQUEST		Add Contribution	1674663250101	1674663250896	KO	status.find.is(200), but actually found 405
USER	Contribution API	START	1674663250901
USER	Contribution API	END	1674663250912
REQUEST		Add Contribution	1674663250201	1674663250999	KO	status.find.is(200), but actually found 405
USER	Contribution API	START	1674663251001
USER	Contribution API	END	1674663251011
USER	Contribution API	START	1674663251101
USER	Contribution API	END	1674663251107
REQUEST		Add Contribution	1674663250301	1674663251119	KO	status.find.is(200), but actually found 405
USER	Contribution API	START	1674663251201
REQUEST		Add Contribution	1674663250401	1674663251205	KO	status.find.is(200), but actually found 405
USER	Contribution API	END	1674663251207
USER	Contribution API	END	1674663251298
USER	Contribution API	START	1674663251301
REQUEST		Add Contribution	1674663250501	1674663251313	KO	status.find.is(200), but actually found 405
USER	Contribution API	START	1674663251401
REQUEST		Add Contribution	1674663250602	1674663251409	KO	status.find.is(200), but actually found 405
USER	Contribution API	END	1674663251419
USER	Contribution API	START	1674663251501
REQUEST		Add Contribution	1674663250701	1674663251506	KO	status.find.is(200), but actually found 405
USER	Contribution API	END	1674663251525
USER	Contribution API	START	1674663251601
REQUEST		Add Contribution	1674663250801	1674663251612	KO	status.find.is(200), but actually found 405
USER	Contribution API	END	1674663251618
REQUEST		Add Contribution	1674663250901	1674663251693	KO	status.find.is(200), but actually found 405
USER	Contribution API	START	1674663251701
USER	Contribution API	END	1674663251709
USER	Contribution API	END	1674663251799
USER	Contribution API	START	1674663251801
REQUEST		Add Contribution	1674663251001	1674663251803	KO	status.find.is(200), but actually found 405
USER	Contribution API	START	1674663251901
USER	Contribution API	END	1674663251902
REQUEST		Add Contribution	1674663251101	1674663251908	KO	status.find.is(200), but actually found 405
USER	Contribution API	START	1674663252001
USER	Contribution API	END	1674663252005
REQUEST		Add Contribution	1674663251201	1674663252016	KO	status.find.is(200), but actually found 405
REQUEST		Add Contribution	1674663251301	1674663252091	KO	status.find.is(200), but actually found 405
USER	Contribution API	END	1674663252096
USER	Contribution API	START	1674663252101
USER	Contribution API	END	1674663252198
USER	Contribution API	START	1674663252201
REQUEST		Add Contribution	1674663251401	1674663252206	KO	status.find.is(200), but actually found 405
REQUEST		Add Contribution	1674663251501	1674663252292	KO	status.find.is(200), but actually found 405
USER	Contribution API	START	1674663252301
USER	Contribution API	END	1674663252303
USER	Contribution API	START	1674663252401
REQUEST		Add Contribution	1674663251601	1674663252413	KO	status.find.is(200), but actually found 405
USER	Contribution API	END	1674663252419
USER	Contribution API	START	1674663252501
REQUEST		Add Contribution	1674663251701	1674663252507	KO	status.find.is(200), but actually found 405
USER	Contribution API	END	1674663252511
USER	Contribution API	START	1674663252601
USER	Contribution API	END	1674663252605
REQUEST		Add Contribution	1674663251801	1674663252608	KO	status.find.is(200), but actually found 405
USER	Contribution API	END	1674663252698
USER	Contribution API	START	1674663252701
REQUEST		Add Contribution	1674663251901	1674663252714	KO	status.find.is(200), but actually found 405
USER	Contribution API	END	1674663252800
REQUEST		Add Contribution	1674663252001	1674663252801	KO	status.find.is(200), but actually found 405
USER	Contribution API	START	1674663252801
USER	Contribution API	END	1674663252900
USER	Contribution API	START	1674663252900
REQUEST		Add Contribution	1674663252101	1674663252912	KO	status.find.is(200), but actually found 405
USER	Contribution API	END	1674663252992
USER	Contribution API	START	1674663253000
REQUEST		Add Contribution	1674663252201	1674663253009	KO	status.find.is(200), but actually found 405
USER	Contribution API	START	1674663253101
USER	Contribution API	END	1674663253116
REQUEST		Add Contribution	1674663252302	1674663253128	KO	status.find.is(200), but actually found 405
USER	Contribution API	START	1674663253200
REQUEST		Add Contribution	1674663252401	1674663253203	KO	status.find.is(200), but actually found 405
USER	Contribution API	END	1674663253211
USER	Contribution API	END	1674663253300
USER	Contribution API	START	1674663253301
REQUEST		Add Contribution	1674663252501	1674663253312	KO	status.find.is(200), but actually found 405
USER	Contribution API	START	1674663253401
REQUEST		Add Contribution	1674663252601	1674663253409	KO	status.find.is(200), but actually found 405
USER	Contribution API	END	1674663253410
USER	Contribution API	START	1674663253501
USER	Contribution API	END	1674663253513
REQUEST		Add Contribution	1674663252702	1674663253519	KO	status.find.is(200), but actually found 405
USER	Contribution API	END	1674663253591
USER	Contribution API	START	1674663253601
REQUEST		Add Contribution	1674663252801	1674663253616	KO	status.find.is(200), but actually found 405
USER	Contribution API	END	1674663253698
USER	Contribution API	START	1674663253701
REQUEST		Add Contribution	1674663252901	1674663253708	KO	status.find.is(200), but actually found 405
REQUEST		Add Contribution	1674663253001	1674663253794	KO	status.find.is(200), but actually found 405
USER	Contribution API	START	1674663253801
USER	Contribution API	END	1674663253804
USER	Contribution API	END	1674663253898
USER	Contribution API	START	1674663253900
REQUEST		Add Contribution	1674663253101	1674663253907	KO	status.find.is(200), but actually found 405
USER	Contribution API	END	1674663253999
USER	Contribution API	START	1674663254000
REQUEST		Add Contribution	1674663253201	1674663254001	KO	status.find.is(200), but actually found 405
USER	Contribution API	START	1674663254100
REQUEST		Add Contribution	1674663253301	1674663254110	KO	status.find.is(200), but actually found 405
USER	Contribution API	END	1674663254120
USER	Contribution API	START	1674663254200
USER	Contribution API	END	1674663254206
REQUEST		Add Contribution	1674663253401	1674663254218	KO	status.find.is(200), but actually found 405
USER	Contribution API	START	1674663254300
REQUEST		Add Contribution	1674663253501	1674663254313	KO	status.find.is(200), but actually found 405
USER	Contribution API	END	1674663254315
USER	Contribution API	START	1674663254400
REQUEST		Add Contribution	1674663253601	1674663254402	KO	status.find.is(200), but actually found 405
USER	Contribution API	END	1674663254410
USER	Contribution API	START	1674663254500
USER	Contribution API	END	1674663254507
REQUEST		Add Contribution	1674663253701	1674663254510	KO	status.find.is(200), but actually found 405
USER	Contribution API	START	1674663254600
USER	Contribution API	END	1674663254614
REQUEST		Add Contribution	1674663253801	1674663254618	KO	status.find.is(200), but actually found 405
REQUEST		Add Contribution	1674663253901	1674663254689	KO	status.find.is(200), but actually found 405
USER	Contribution API	END	1674663254694
USER	Contribution API	START	1674663254700
REQUEST		Add Contribution	1674663254000	1674663254798	KO	status.find.is(200), but actually found 405
USER	Contribution API	START	1674663254800
USER	Contribution API	END	1674663254804
USER	Contribution API	START	1674663254901
REQUEST		Add Contribution	1674663254100	1674663254905	KO	status.find.is(200), but actually found 405
USER	Contribution API	END	1674663254909
REQUEST		Add Contribution	1674663254201	1674663254998	KO	status.find.is(200), but actually found 405
USER	Contribution API	START	1674663255001
USER	Contribution API	END	1674663255017
USER	Contribution API	END	1674663255092
REQUEST		Add Contribution	1674663254301	1674663255100	KO	status.find.is(200), but actually found 405
USER	Contribution API	START	1674663255101
USER	Contribution API	START	1674663255201
REQUEST		Add Contribution	1674663254401	1674663255204	KO	status.find.is(200), but actually found 405
USER	Contribution API	END	1674663255207
USER	Contribution API	END	1674663255293
USER	Contribution API	START	1674663255301
REQUEST		Add Contribution	1674663254501	1674663255307	KO	status.find.is(200), but actually found 405
USER	Contribution API	START	1674663255401
REQUEST		Add Contribution	1674663254601	1674663255405	KO	status.find.is(200), but actually found 405
USER	Contribution API	END	1674663255414
REQUEST		Add Contribution	1674663254701	1674663255501	KO	status.find.is(200), but actually found 405
USER	Contribution API	START	1674663255501
USER	Contribution API	END	1674663255507
USER	Contribution API	START	1674663255601
REQUEST		Add Contribution	1674663254801	1674663255602	KO	status.find.is(200), but actually found 405
USER	Contribution API	END	1674663255608
USER	Contribution API	START	1674663255701
REQUEST		Add Contribution	1674663254901	1674663255703	KO	status.find.is(200), but actually found 405
USER	Contribution API	END	1674663255716
USER	Contribution API	END	1674663255802
USER	Contribution API	START	1674663255801
REQUEST		Add Contribution	1674663255001	1674663255808	KO	status.find.is(200), but actually found 405
REQUEST		Add Contribution	1674663255101	1674663255899	KO	status.find.is(200), but actually found 405
USER	Contribution API	START	1674663255900
USER	Contribution API	END	1674663255913
USER	Contribution API	START	1674663256000
USER	Contribution API	END	1674663256010
REQUEST		Add Contribution	1674663255201	1674663256016	KO	status.find.is(200), but actually found 405
USER	Contribution API	START	1674663256100
REQUEST		Add Contribution	1674663255302	1674663256116	KO	status.find.is(200), but actually found 405
USER	Contribution API	END	1674663256129
USER	Contribution API	START	1674663256200
REQUEST		Add Contribution	1674663255402	1674663256204	KO	status.find.is(200), but actually found 405
USER	Contribution API	END	1674663256204
USER	Contribution API	START	1674663256300
REQUEST		Add Contribution	1674663255501	1674663256315	KO	status.find.is(200), but actually found 405
USER	Contribution API	END	1674663256315
USER	Contribution API	START	1674663256403
REQUEST		Add Contribution	1674663255601	1674663256404	KO	status.find.is(200), but actually found 405
USER	Contribution API	END	1674663256410
USER	Contribution API	START	1674663256501
REQUEST		Add Contribution	1674663255702	1674663256502	KO	status.find.is(200), but actually found 405
USER	Contribution API	END	1674663256520
USER	Contribution API	START	1674663256600
REQUEST		Add Contribution	1674663255802	1674663256614	KO	status.find.is(200), but actually found 405
USER	Contribution API	END	1674663256617
REQUEST		Add Contribution	1674663255901	1674663256695	KO	status.find.is(200), but actually found 405
USER	Contribution API	START	1674663256701
USER	Contribution API	END	1674663256708
USER	Contribution API	END	1674663256796
USER	Contribution API	START	1674663256800
REQUEST		Add Contribution	1674663256000	1674663256808	KO	status.find.is(200), but actually found 405
USER	Contribution API	START	1674663256901
USER	Contribution API	END	1674663256907
REQUEST		Add Contribution	1674663256101	1674663256918	KO	status.find.is(200), but actually found 405
REQUEST		Add Contribution	1674663256201	1674663256990	KO	status.find.is(200), but actually found 405
USER	Contribution API	START	1674663257001
USER	Contribution API	END	1674663257002
USER	Contribution API	START	1674663257101
USER	Contribution API	END	1674663257111
REQUEST		Add Contribution	1674663256301	1674663257123	KO	status.find.is(200), but actually found 405
USER	Contribution API	START	1674663257201
REQUEST		Add Contribution	1674663256403	1674663257217	KO	status.find.is(200), but actually found 405
USER	Contribution API	END	1674663257219
USER	Contribution API	START	1674663257301
USER	Contribution API	END	1674663257315
REQUEST		Add Contribution	1674663256501	1674663257320	KO	status.find.is(200), but actually found 405
REQUEST		Add Contribution	1674663256601	1674663257399	KO	status.find.is(200), but actually found 405
USER	Contribution API	START	1674663257401
USER	Contribution API	END	1674663257403
USER	Contribution API	START	1674663257501
USER	Contribution API	END	1674663257512
REQUEST		Add Contribution	1674663256701	1674663257518	KO	status.find.is(200), but actually found 405
USER	Contribution API	START	1674663257601
REQUEST		Add Contribution	1674663256801	1674663257602	KO	status.find.is(200), but actually found 405
USER	Contribution API	END	1674663257618
USER	Contribution API	END	1674663257690
REQUEST		Add Contribution	1674663256901	1674663257698	KO	status.find.is(200), but actually found 405
USER	Contribution API	START	1674663257701
USER	Contribution API	END	1674663257799
USER	Contribution API	START	1674663257801
REQUEST		Add Contribution	1674663257002	1674663257808	KO	status.find.is(200), but actually found 405
USER	Contribution API	START	1674663257901
USER	Contribution API	END	1674663257906
REQUEST		Add Contribution	1674663257101	1674663257918	KO	status.find.is(200), but actually found 405
REQUEST		Add Contribution	1674663257202	1674663257991	KO	status.find.is(200), but actually found 405
USER	Contribution API	END	1674663258000
USER	Contribution API	START	1674663258001
USER	Contribution API	END	1674663258101
USER	Contribution API	START	1674663258101
REQUEST		Add Contribution	1674663257301	1674663258102	KO	