RUN	Simulations.Runner.Runner	runner	1673881906055	 	3.5.1
USER	Leaderboard API	START	1673881912569
USER	Leaderboard API	START	1673881912662
USER	Leaderboard API	START	1673881912763
USER	Leaderboard API	START	1673881912864
USER	Leaderboard API	START	1673881912965
USER	Leaderboard API	START	1673881913065
USER	Leaderboard API	START	1673881913166
USER	Leaderboard API	START	1673881913266
USER	Leaderboard API	START	1673881913367
USER	Leaderboard API	START	1673881913467
USER	Leaderboard API	START	1673881913568
USER	Leaderboard API	START	1673881913662
REQUEST		Reputation	1673881912596	1673881913733	OK	 
USER	Leaderboard API	START	1673881913762
REQUEST		Reputation	1673881912662	1673881913775	OK	 
USER	Leaderboard API	START	1673881913862
REQUEST		Reputation	1673881912763	1673881913890	OK	 
USER	Leaderboard API	START	1673881913963
REQUEST		Reputation	1673881912865	1673881913983	OK	 
USER	Leaderboard API	START	1673881914063
REQUEST		Reputation	1673881912966	1673881914134	OK	 
USER	Leaderboard API	START	1673881914164
REQUEST		Reputation	1673881913066	1673881914195	OK	 
USER	Leaderboard API	START	1673881914264
REQUEST		Reputation	1673881913166	1673881914282	OK	 
USER	Leaderboard API	START	1673881914364
REQUEST		Reputation	1673881913267	1673881914414	OK	 
USER	Leaderboard API	START	1673881914464
REQUEST		Reputation	1673881913367	1673881914488	OK	 
USER	Leaderboard API	START	1673881914564
REQUEST		Reputation	1673881913468	1673881914599	OK	 
USER	Leaderboard API	START	1673881914662
REQUEST		Reputation	1673881913569	1673881914707	OK	 
USER	Leaderboard API	START	1673881914762
REQUEST		Reputation	1673881913662	1673881914809	OK	 
USER	Leaderboard API	START	1673881914862
REQUEST		Reputation	1673881913762	1673881914902	OK	 
USER	Leaderboard API	START	1673881914962
REQUEST		Reputation	1673881913863	1673881914978	OK	 
USER	Leaderboard API	START	1673881915063
REQUEST		Reputation	1673881913963	1673881915105	OK	 
USER	Leaderboard API	START	1673881915163
REQUEST		Reputation	1673881914064	1673881915203	OK	 
USER	Leaderboard API	START	1673881915263
REQUEST		Reputation	1673881914164	1673881915304	OK	 
USER	Leaderboard API	START	1673881915363
REQUEST		Reputation	1673881914264	1673881915391	OK	 
USER	Leaderboard API	START	1673881915463
REQUEST		Reputation	1673881914365	1673881915493	OK	 
USER	Leaderboard API	START	1673881915563
REQUEST		Reputation	1673881914465	1673881915590	OK	 
USER	Leaderboard API	START	1673881915662
REQUEST		Reputation	1673881914565	1673881915663	OK	 
USER	Leaderboard API	START	1673881915762
REQUEST		Reputation	1673881914663	1673881915777	OK	 
USER	Leaderboard API	START	1673881915863
REQUEST		Reputation	1673881914763	1673881915878	OK	 
USER	Leaderboard API	START	1673881915963
REQUEST		Reputation	1673881914863	1673881915974	OK	 
USER	Leaderboard API	START	1673881916063
REQUEST		Reputation	1673881914963	1673881916075	OK	 
USER	Leaderboard API	START	1673881916163
REQUEST		Reputation	1673881915063	1673881916178	OK	 
USER	Leaderboard API	START	1673881916263
REQUEST		Reputation	1673881915163	1673881916270	OK	 
USER	Leaderboard API	START	1673881916363
REQUEST		Reputation	1673881915263	1673881916387	OK	 
USER	Leaderboard API	START	1673881916463
REQUEST		Reputation	1673881915363	1673881916476	OK	 
USER	Leaderboard API	START	1673881916563
REQUEST		Reputation	1673881915463	1673881916581	OK	 
USER	Leaderboard API	START	1673881916662
REQUEST		Reputation	1673881915564	1673881916675	OK	 
USER	Leaderboard API	START	1673881916762
REQUEST		Reputation	1673881915663	1673881916771	OK	 
USER	Leaderboard API	START	1673881916862
REQUEST		Reputation	1673881915763	1673881916875	OK	 
USER	Leaderboard API	START	1673881916963
REQUEST		Reputation	1673881915863	1673881916985	OK	 
REQUEST		Last Contribution	1673881916754	1673881917041	OK	 
USER	Leaderboard API	START	1673881917062
REQUEST		Last Contribution	1673881916776	1673881917070	OK	 
REQUEST		Reputation	1673881915963	1673881917076	OK	 
USER	Leaderboard API	START	1673881917162
REQUEST		Last Contribution	1673881916891	1673881917179	OK	 
REQUEST		Reputation	1673881916063	1673881917184	OK	 
USER	Leaderboard API	START	1673881917262
REQUEST		Last Contribution	1673881916985	1673881917270	OK	 
REQUEST		Reputation	1673881916163	1673881917285	OK	 
USER	Leaderboard API	START	1673881917362
REQUEST		Reputation	1673881916263	1673881917383	OK	 
REQUEST		Last Contribution	1673881917136	1673881917422	OK	 
USER	Leaderboard API	START	1673881917463
REQUEST		Reputation	1673881916363	1673881917478	OK	 
REQUEST		Last Contribution	1673881917196	1673881917490	OK	 
USER	Leaderboard API	START	1673881917562
REQUEST		Last Contribution	1673881917284	1673881917573	OK	 
REQUEST		Reputation	1673881916463	1673881917578	OK	 
USER	Leaderboard API	START	1673881917662
REQUEST		Reputation	1673881916564	1673881917691	OK	 
REQUEST		Last Contribution	1673881917416	1673881917708	OK	 
USER	Leaderboard API	START	1673881917762
REQUEST		Reputation	1673881916662	1673881917775	OK	 
REQUEST		Last Contribution	1673881917490	1673881917782	OK	 
USER	Leaderboard API	START	1673881917862
REQUEST		Reputation	1673881916762	1673881917876	OK	 
REQUEST		Last Contribution	1673881917600	1673881917888	OK	 
USER	Leaderboard API	START	1673881917962
REQUEST		Reputation	1673881916862	1673881917993	OK	 
REQUEST		Last Contribution	1673881917708	1673881917999	OK	 
USER	Leaderboard API	START	1673881918063
REQUEST		Reputation	1673881916963	1673881918073	OK	 
REQUEST		Last Contribution	1673881917810	1673881918108	OK	 
USER	Leaderboard API	START	1673881918163
REQUEST		Reputation	1673881917062	1673881918182	OK	 
REQUEST		Last Contribution	1673881917903	1673881918192	OK	 
REQUEST		Last Contribution	1673881917979	1673881918264	OK	 
USER	Leaderboard API	START	1673881918263
REQUEST		Reputation	1673881917163	1673881918283	OK	 
REQUEST		Reputation	1673881917263	1673881918362	OK	 
USER	Leaderboard API	START	1673881918363
REQUEST		Last Contribution	1673881918106	1673881918397	OK	 
USER	Leaderboard API	START	1673881918463
REQUEST		Reputation	1673881917363	1673881918479	OK	 
REQUEST		Last Contribution	1673881918205	1673881918499	OK	 
USER	Leaderboard API	START	1673881918564
REQUEST		Reputation	1673881917463	1673881918572	OK	 
REQUEST		Last Contribution	1673881918305	1673881918597	OK	 
USER	Leaderboard API	START	1673881918662
REQUEST		Last Contribution	1673881918392	1673881918683	OK	 
REQUEST		Reputation	1673881917562	1673881918699	OK	 
USER	Leaderboard API	START	1673881918762
REQUEST		Reputation	1673881917663	1673881918770	OK	 
REQUEST		Last Contribution	1673881918494	1673881918782	OK	 
USER	Leaderboard API	START	1673881918862
REQUEST		Last Contribution	1673881918591	1673881918877	OK	 
REQUEST		Reputation	1673881917763	1673881918893	OK	 
REQUEST		Last Contribution	1673881918664	1673881918951	OK	 
USER	Leaderboard API	START	1673881918962
REQUEST		Reputation	1673881917863	1673881918974	OK	 
REQUEST		Last Contribution	1673881918778	1673881919063	OK	 
USER	Leaderboard API	START	1673881919062
REQUEST		Reputation	1673881917963	1673881919075	OK	 
USER	Leaderboard API	START	1673881919162
REQUEST		Last Contribution	1673881918879	1673881919166	OK	 
REQUEST		Reputation	1673881918063	1673881919186	OK	 
REQUEST		Last Contribution	1673881918975	1673881919260	OK	 
USER	Leaderboard API	START	1673881919262
REQUEST		Reputation	1673881918163	1673881919268	OK	 
REQUEST		Last Contribution	1673881919076	1673881919363	OK	 
USER	Leaderboard API	START	1673881919363
REQUEST		Reputation	1673881918263	1673881919396	OK	 
USER	Leaderboard API	START	1673881919462
REQUEST		Last Contribution	1673881919179	1673881919466	OK	 
REQUEST		Reputation	1673881918363	1673881919486	OK	 
REQUEST		Last Contribution	1673881919271	1673881919555	OK	 
USER	Leaderboard API	START	1673881919563
REQUEST		Reputation	1673881918463	1673881919591	OK	 
USER	Leaderboard API	START	1673881919662
REQUEST		Reputation	1673881918564	1673881919671	OK	 
REQUEST		Last Contribution	1673881919388	1673881919678	OK	 
USER	Leaderboard API	START	1673881919762
REQUEST		Last Contribution	1673881919477	1673881919764	OK	 
REQUEST		Reputation	1673881918662	1673881919794	OK	 
USER	Leaderboard API	START	1673881919862
REQUEST		Reputation	1673881918762	1673881919868	OK	 
REQUEST		Last Contribution	1673881919582	1673881919872	OK	 
USER	Leaderboard API	START	1673881919962
REQUEST		Last Contribution	1673881919676	1673881919963	OK	 
REQUEST		Reputation	1673881918862	1673881919998	OK	 
REQUEST		Last Contribution	1673881919772	1673881920056	OK	 
USER	Leaderboard API	START	1673881920062
REQUEST		Reputation	1673881918962	1673881920070	OK	 
REQUEST		Last Contribution	1673881919876	1673881920160	OK	 
USER	Leaderboard API	START	1673881920162
REQUEST		Reputation	1673881919062	1673881920166	OK	 
USER	Leaderboard API	START	1673881920262
REQUEST		Reputation	1673881919162	1673881920270	OK	 
REQUEST		Last Contribution	1673881919986	1673881920272	OK	 
USER	Leaderboard API	START	1673881920362
REQUEST		Last Contribution	1673881920078	1673881920364	OK	 
REQUEST		Reputation	1673881919263	1673881920380	OK	 
USER	Leaderboard API	START	1673881920462
REQUEST		Last Contribution	1673881920185	1673881920472	OK	 
REQUEST		Reputation	1673881919363	1673881920475	OK	 
USER	Leaderboard API	START	1673881920562
REQUEST		Last Contribution	1673881920286	1673881920576	OK	 
REQUEST		Reputation	1673881919463	1673881920581	OK	 
REQUEST		Fetch Profile picture	1673881920050	1673881920607	OK	 
REQUEST		Fetch Profile picture	1673881920070	1673881920621	OK	 
USER	Leaderboard API	START	1673881920661
REQUEST		Last Contribution	1673881920384	1673881920672	OK	 
REQUEST		Reputation	1673881919563	1673881920691	OK	 
REQUEST		Fetch Profile picture	1673881920180	1673881920735	OK	 
USER	Leaderboard API	START	1673881920761
REQUEST		Last Contribution	1673881920479	1673881920766	OK	 
REQUEST		Reputation	1673881919662	1673881920787	OK	 
REQUEST		Fetch Profile picture	1673881920271	1673881920822	OK	 
USER	Leaderboard API	START	1673881920862
REQUEST		Last Contribution	1673881920579	1673881920866	OK	 
REQUEST		Reputation	1673881919762	1673881920876	OK	 
USER	Leaderboard API	START	1673881920961
REQUEST		Reputation	1673881919862	1673881920970	OK	 
REQUEST		Fetch Profile picture	1673881920423	1673881920975	OK	 
REQUEST		Last Contribution	1673881920692	1673881920977	OK	 
REQUEST		Fetch Profile picture	1673881920491	1673881921044	OK	 
USER	Leaderboard API	START	1673881921062
REQUEST		Last Contribution	1673881920776	1673881921066	OK	 
REQUEST		Reputation	1673881919962	1673881921073	OK	 
REQUEST		Fetch Profile picture	1673881920574	1673881921128	OK	 
USER	Leaderboard API	START	1673881921162
REQUEST		Last Contribution	1673881920877	1673881921163	OK	 
REQUEST		Reputation	1673881920062	1673881921176	OK	 
USER	Leaderboard API	START	1673881921262
REQUEST		Reputation	1673881920162	1673881921266	OK	 
REQUEST		Fetch Profile picture	1673881920710	1673881921274	OK	 
REQUEST		Last Contribution	1673881920994	1673881921302	OK	 
REQUEST		Fetch Profile picture	1673881920783	1673881921341	OK	 
REQUEST		Last Contribution	1673881921074	1673881921359	OK	 
USER	Leaderboard API	START	1673881921362
REQUEST		Reputation	1673881920262	1673881921377	OK	 
REQUEST		Fetch Profile picture	1673881920888	1673881921442	OK	 
USER	Leaderboard API	START	1673881921462
REQUEST		Last Contribution	1673881921184	1673881921474	OK	 
REQUEST		Reputation	1673881920362	1673881921485	OK	 
USER	Leaderboard API	START	1673881921562
REQUEST		Fetch Profile picture	1673881921000	1673881921567	OK	 
REQUEST		Last Contribution	1673881921284	1673881921571	OK	 
REQUEST		Reputation	1673881920462	1673881921580	OK	 
REQUEST		Last Contribution	1673881921363	1673881921645	OK	 
USER	Leaderboard API	START	1673881921662
REQUEST		Fetch Profile picture	1673881921108	1673881921666	OK	 
REQUEST		Reputation	1673881920562	1673881921677	OK	 
REQUEST		Fetch Profile picture	1673881921193	1673881921752	OK	 
USER	Leaderboard API	START	1673881921762
REQUEST		Last Contribution	1673881921480	1673881921766	OK	 
REQUEST		Reputation	1673881920662	1673881921782	OK	 
REQUEST		Fetch Profile picture	1673881921265	1673881921811	OK	 
REQUEST		Last Contribution	1673881921573	1673881921858	OK	 
USER	Leaderboard API	START	1673881921862
REQUEST		Reputation	1673881920762	1673881921878	OK	 
REQUEST		Fetch Profile picture	1673881921398	1673881921954	OK	 
USER	Leaderboard API	START	1673881921963
REQUEST		Reputation	1673881920862	1673881921986	OK	 
REQUEST		Last Contribution	1673881921700	1673881921992	OK	 
REQUEST		Last Contribution	1673881921771	1673881922055	OK	 
REQUEST		Fetch Profile picture	1673881921500	1673881922058	OK	 
USER	Leaderboard API	START	1673881922062
REQUEST		Reputation	1673881920962	1673881922090	OK	 
USER	Leaderboard API	START	1673881922162
REQUEST		Fetch Profile picture	1673881921598	1673881922170	OK	 
REQUEST		Reputation	1673881921062	1673881922181	OK	 
REQUEST		Last Contribution	1673881921894	1673881922185	OK	 
REQUEST		Fetch Profile picture	1673881921684	1673881922239	OK	 
REQUEST		Last Contribution	1673881921975	1673881922259	OK	 
USER	Leaderboard API	START	1673881922262
REQUEST		Reputation	1673881921162	1673881922287	OK	 
REQUEST		Fetch Profile picture	1673881921783	1673881922339	OK	 
REQUEST		Last Contribution	1673881922076	1673881922362	OK	 
USER	Leaderboard API	START	1673881922362
REQUEST		Reputation	1673881921262	1673881922371	OK	 
REQUEST		Fetch Profile picture	1673881921877	1673881922433	OK	 
USER	Leaderboard API	START	1673881922463
REQUEST		Reputation	1673881921362	1673881922467	OK	 
REQUEST		Last Contribution	1673881922186	1673881922482	OK	 
REQUEST		Fetch Profile picture	1673881921952	1673881922497	OK	 
REQUEST		Last Contribution	1673881922269	1673881922555	OK	 
REQUEST		Reputation	1673881921462	1673881922568	OK	 
REQUEST		Fetch Profile picture	1673881922063	1673881922611	OK	 
REQUEST		Reputation	1673881921562	1673881922693	OK	 
REQUEST		Last Contribution	1673881922397	1673881922699	OK	 
REQUEST		Fetch Profile picture	1673881922167	1673881922725	OK	 
REQUEST		Last Contribution	1673881922487	1673881922772	OK	 
REQUEST		Reputation	1673881921663	1673881922775	OK	 
REQUEST		Fetch Profile picture	1673881922261	1673881922813	OK	 
REQUEST		Reputation	1673881921763	1673881922876	OK	 
REQUEST		Last Contribution	1673881922592	1673881922881	OK	 
REQUEST		Fetch Profile picture	1673881922364	1673881922916	OK	 
REQUEST		Last Contribution	1673881922672	1673881922959	OK	 
REQUEST		Reputation	1673881921862	1673881922980	OK	 
REQUEST		Fetch Profile picture	1673881922467	1673881923017	OK	 
REQUEST		Reputation	1673881921963	1673881923066	OK	 
REQUEST		Last Contribution	1673881922795	1673881923089	OK	 
REQUEST		Fetch Profile picture	1673881922556	1673881923103	OK	 
REQUEST		Last Contribution	1673881922869	1673881923155	OK	 
REQUEST		Reputation	1673881922063	1673881923185	OK	 
REQUEST		Fetch Profile picture	1673881922679	1673881923240	OK	 
REQUEST		Reputation	1673881922162	1673881923281	OK	 
REQUEST		Last Contribution	1673881923000	1673881923293	OK	 
REQUEST		Fetch Profile picture	1673881922764	1673881923317	OK	 
REQUEST		Last Contribution	1673881923071	1673881923355	OK	 
REQUEST		Reputation	1673881922262	1673881923375	OK	 
REQUEST		Fetch Profile picture	1673881922873	1673881923426	OK	 
REQUEST		Last Contribution	1673881923167	1673881923452	OK	 
REQUEST		Reputation	1673881922363	1673881923483	OK	 
REQUEST		Fetch Profile picture	1673881922964	1673881923521	OK	 
REQUEST		Last Contribution	1673881923271	1673881923568	OK	 
REQUEST		Reputation	1673881922463	1673881923569	OK	 
REQUEST		Fetch Profile picture	1673881923057	1673881923604	OK	 
REQUEST		Last Contribution	1673881923381	1673881923670	OK	 
REQUEST		Fetch Profile picture	1673881923161	1673881923712	OK	 
REQUEST		Last Contribution	1673881923475	1673881923764	OK	 
REQUEST		Fetch Profile picture	1673881923273	1673881923837	OK	 
REQUEST		Last Contribution	1673881923583	1673881923868	OK	 
REQUEST		Reputation Twelve months	1673881923608	1673881923904	OK	 
REQUEST		Reputation Twelve months	1673881923622	1673881923916	OK	 
REQUEST		Fetch Profile picture	1673881923364	1673881923919	OK	 
REQUEST		Last Contribution	1673881923692	1673881923983	OK	 
REQUEST		Fetch Profile picture	1673881923473	1673881924034	OK	 
REQUEST		Reputation Twelve months	1673881923736	1673881924036	OK	 
REQUEST		Last Contribution	1673881923788	1673881924079	OK	 
REQUEST		Reputation Twelve months	1673881923823	1673881924116	OK	 
REQUEST		Fetch Profile picture	1673881923577	1673881924138	OK	 
REQUEST		Last Contribution	1673881923877	1673881924160	OK	 
REQUEST		Fetch Profile picture	1673881923673	1673881924236	OK	 
REQUEST		Last Contribution	1673881923972	1673881924259	OK	 
REQUEST		Reputation Twelve months	1673881923977	1673881924270	OK	 
REQUEST		Fetch Profile picture	1673881923767	1673881924322	OK	 
REQUEST		Reputation Twelve months	1673881924045	1673881924337	OK	 
REQUEST		Last Contribution	1673881924074	1673881924357	OK	 
REQUEST		Reputation Twelve months	1673881924129	1673881924423	OK	 
REQUEST		Fetch Profile picture	1673881923867	1673881924426	OK	 
REQUEST		Last Contribution	1673881924177	1673881924463	OK	 
REQUEST		Fetch Profile picture	1673881923978	1673881924531	OK	 
REQUEST		Last Contribution	1673881924267	1673881924552	OK	 
REQUEST		Reputation Twelve months	1673881924275	1673881924578	OK	 
REQUEST		Fetch Profile picture	1673881924067	1673881924624	OK	 
REQUEST		Reputation Twelve months	1673881924342	1673881924639	OK	 
REQUEST		Last Contribution	1673881924378	1673881924679	OK	 
REQUEST		Fetch Profile picture	1673881924164	1673881924717	OK	 
REQUEST		Reputation Twelve months	1673881924442	1673881924741	OK	 
REQUEST		Last Contribution	1673881924486	1673881924776	OK	 
REQUEST		Reputation Twelve months	1673881924568	1673881924862	OK	 
REQUEST		Fetch Profile picture	1673881924303	1673881924863	OK	 
REQUEST		Last Contribution	1673881924581	1673881924867	OK	 
REQUEST		Fetch Profile picture	1673881924359	1673881924917	OK	 
REQUEST		Last Contribution	1673881924678	1673881924970	OK	 
REQUEST		Reputation Twelve months	1673881924667	1673881924971	OK	 
REQUEST		Fetch Profile picture	1673881924475	1673881925038	OK	 
REQUEST		Reputation Twelve months	1673881924753	1673881925062	OK	 
REQUEST		Last Contribution	1673881924783	1673881925073	OK	 
REQUEST		Reputation Twelve months	1673881924813	1673881925103	OK	 
REQUEST		Fetch Profile picture	1673881924571	1673881925120	OK	 
REQUEST		Last Contribution	1673881924879	1673881925164	OK	 
REQUEST		Fetch Profile picture	1673881924646	1673881925194	OK	 
REQUEST		Reputation Twelve months	1673881924955	1673881925258	OK	 
REQUEST		Last Contribution	1673881924987	1673881925276	OK	 
REQUEST		Fetch Profile picture	1673881924766	1673881925321	OK	 
REQUEST		Reputation Twelve months	1673881925059	1673881925356	OK	 
REQUEST		Last Contribution	1673881925091	1673881925382	OK	 
REQUEST		Fetch Profile picture	1673881924859	1673881925409	OK	 
REQUEST		Reputation Twelve months	1673881925171	1673881925468	OK	 
REQUEST		Last Contribution	1673881925182	1673881925469	OK	 
REQUEST		Reputation Twelve months	1673881925240	1673881925535	OK	 
REQUEST		Fetch Profile picture	1673881924993	1673881925550	OK	 
REQUEST		Last Contribution	1673881925288	1673881925575	OK	 
REQUEST		Fetch Profile picture	1673881925056	1673881925611	OK	 
REQUEST		Reputation Twelve months	1673881925340	1673881925634	OK	 
REQUEST		Last Contribution	1673881925372	1673881925666	OK	 
REQUEST		Reputation Twelve months	1673881925434	1673881925726	OK	 
REQUEST		Fetch Profile picture	1673881925186	1673881925748	OK	 
REQUEST		Last Contribution	1673881925468	1673881925762	OK	 
REQUEST		Reputation Twelve months	1673881925498	1673881925787	OK	 
REQUEST		Fetch Profile picture	1673881925259	1673881925808	OK	 
REQUEST		Last Contribution	1673881925569	1673881925853	OK	 
REQUEST		Reputation Twelve months	1673881925612	1673881925901	OK	 
REQUEST		Fetch Profile picture	1673881925363	1673881925914	OK	 
REQUEST		Last Contribution	1673881925694	1673881925982	OK	 
REQUEST		Reputation Twelve months	1673881925726	1673881926019	OK	 
REQUEST		Fetch Profile picture	1673881925483	1673881926040	OK	 
REQUEST		Last Contribution	1673881925776	1673881926060	OK	 
REQUEST		Reputation Twelve months	1673881925814	1673881926105	OK	 
REQUEST		Fetch Profile picture	1673881925556	1673881926108	OK	 
REQUEST		Last Contribution	1673881925877	1673881926161	OK	 
REQUEST		Reputation Twelve months	1673881925916	1673881926209	OK	 
REQUEST		Fetch Profile picture	1673881925700	1673881926257	OK	 
REQUEST		Last Contribution	1673881925981	1673881926268	OK	 
REQUEST		Reputation Twelve months	1673881926018	1673881926311	OK	 
REQUEST		Fetch Profile picture	1673881925773	1673881926326	OK	 
REQUEST		Last Contribution	1673881926067	1673881926355	OK	 
REQUEST		Reputation Twelve months	1673881926104	1673881926398	OK	 
REQUEST		Fetch Profile picture	1673881925881	1673881926438	OK	 
REQUEST		Last Contribution	1673881926186	1673881926475	OK	 
REQUEST		Fetch Profile picture	1673881925959	1673881926508	OK	 
REQUEST		Reputation Twelve months	1673881926241	1673881926538	OK	 
REQUEST		Last Contribution	1673881926283	1673881926577	OK	 
REQUEST		Reputation Twelve months	1673881926318	1673881926616	OK	 
REQUEST		Fetch Profile picture	1673881926089	1673881926657	OK	 
REQUEST		Last Contribution	1673881926376	1673881926663	OK	 
REQUEST		Fetch Profile picture	1673881926156	1673881926705	OK	 
REQUEST		Reputation Twelve months	1673881926427	1673881926721	OK	 
REQUEST		Last Contribution	1673881926484	1673881926782	OK	 
REQUEST		Reputation Twelve months	1673881926522	1673881926819	OK	 
REQUEST		Last Contribution	1673881926570	1673881926852	OK	 
REQUEST		Fetch Profile picture	1673881926294	1673881926861	OK	 
REQUEST		Reputation Twelve months	1673881926604	1673881926896	OK	 
REQUEST		Fetch Profile picture	1673881926356	1673881926909	OK	 
REQUEST		Fetch Profile picture	1673881926453	1673881927003	OK	 
REQUEST		Reputation Twelve months	1673881926713	1673881927003	OK	 
REQUEST		Fetch Profile picture	1673881926570	1673881927117	OK	 
REQUEST		Reputation Twelve months	1673881926838	1673881927129	OK	 
REQUEST		Knolder ID	1673881926905	1673881927186	OK	 
REQUEST		Knolder ID	1673881926917	1673881927199	OK	 
REQUEST		Reputation Twelve months	1673881926920	1673881927210	OK	 
REQUEST		Fetch Profile picture	1673881926671	1673881927228	OK	 
REQUEST		Fetch Profile picture	1673881926765	1673881927317	OK	 
REQUEST		Knolder ID	1673881927037	1673881927320	OK	 
REQUEST		Reputation Twelve months	1673881927035	1673881927331	OK	 
REQUEST		Knolder ID	1673881927117	1673881927399	OK	 
REQUEST		Fetch Profile picture	1673881926869	1673881927420	OK	 
REQUEST		Reputation Twelve months	1673881927139	1673881927464	OK	 
REQUEST		Reputation Twelve months	1673881927237	1673881927536	OK	 
REQUEST		Fetch Profile picture	1673881926984	1673881927541	OK	 
REQUEST		Knolder ID	1673881927271	1673881927552	OK	 
REQUEST		Reputation Twelve months	1673881927323	1673881927617	OK	 
REQUEST		Knolder ID	1673881927338	1673881927624	OK	 
REQUEST		Fetch Profile picture	1673881927080	1673881927637	OK	 
REQUEST		Knolder ID	1673881927423	1673881927705	OK	 
REQUEST		Fetch Profile picture	1673881927161	1673881927717	OK	 
REQUEST		Reputation Twelve months	1673881927426	1673881927718	OK	 
REQUEST		Fetch Profile picture	1673881927260	1673881927811	OK	 
REQUEST		Reputation Twelve months	1673881927532	1673881927826	OK	 
REQUEST		Knolder ID	1673881927578	1673881927867	OK	 
REQUEST		Fetch Profile picture	1673881927358	1673881927908	OK	 
REQUEST		Reputation Twelve months	1673881927625	1673881927924	OK	 
REQUEST		Knolder ID	1673881927640	1673881927931	OK	 
REQUEST		Reputation Twelve months	1673881927718	1673881928010	OK	 
REQUEST		Knolder ID	1673881927742	1673881928036	OK	 
REQUEST		Fetch Profile picture	1673881927463	1673881928051	OK	 
REQUEST		Fetch Profile picture	1673881927553	1673881928098	OK	 
REQUEST		Knolder ID	1673881927863	1673881928146	OK	 
REQUEST		Reputation Twelve months	1673881927864	1673881928158	OK	 
REQUEST		Reputation Twelve months	1673881927918	1673881928213	OK	 
REQUEST		Fetch Profile picture	1673881927680	1673881928234	OK	 
REQUEST		Knolder ID	1673881927971	1673881928255	OK	 
REQUEST		Reputation Twelve months	1673881928039	1673881928331	OK	 
REQUEST		Fetch Profile picture	1673881927777	1673881928338	OK	 
REQUEST		Knolder ID	1673881928063	1673881928347	OK	 
REQUEST		Knolder ID	1673881928104	1673881928382	OK	 
REQUEST		Reputation Twelve months	1673881928121	1673881928414	OK	 
REQUEST		Fetch Profile picture	1673881927868	1673881928416	OK	 
REQUEST		Reputation Twelve months	1673881928195	1673881928482	OK	 
REQUEST		Fetch Profile picture	1673881927971	1673881928520	OK	 
REQUEST		Knolder ID	1673881928258	1673881928546	OK	 
REQUEST		Reputation Twelve months	1673881928322	1673881928618	OK	 
REQUEST		Fetch Profile picture	1673881928074	1673881928628	OK	 
REQUEST		Knolder ID	1673881928357	1673881928640	OK	 
REQUEST		Reputation Twelve months	1673881928409	1673881928701	OK	 
REQUEST		Fetch Profile picture	1673881928165	1673881928713	OK	 
REQUEST		Knolder ID	1673881928469	1673881928762	OK	 
REQUEST		Knolder ID	1673881928536	1673881928820	OK	 
REQUEST		Fetch Profile picture	1673881928277	1673881928832	OK	 
REQUEST		Reputation Twelve months	1673881928551	1673881928846	OK	 
REQUEST		Reputation Twelve months	1673881928611	1673881928904	OK	 
REQUEST		Knolder ID	1673881928635	1673881928920	OK	 
REQUEST		Fetch Profile picture	1673881928384	1673881928944	OK	 
REQUEST		Knolder ID	1673881928726	1673881929017	OK	 
REQUEST		Fetch Profile picture	1673881928470	1673881929027	OK	 
REQUEST		Reputation Twelve months	1673881928750	1673881929048	OK	 
REQUEST		Knolder ID	1673881928788	1673881929066	OK	 
REQUEST		Reputation Twelve months	1673881928809	1673881929102	OK	 
REQUEST		Fetch Profile picture	1673881928576	1673881929131	OK	 
REQUEST		Knolder ID	1673881928902	1673881929181	OK	 
REQUEST		Reputation Twelve months	1673881928915	1673881929204	OK	 
REQUEST		Fetch Profile picture	1673881928667	1673881929227	OK	 
REQUEST		Knolder ID	1673881929020	1673881929302	OK	 
REQUEST		Fetch Profile picture	1673881928763	1673881929316	OK	 
REQUEST		Reputation Twelve months	1673881929041	1673881929334	OK	 
REQUEST		Knolder ID	1673881929106	1673881929387	OK	 
REQUEST		Reputation Twelve months	1673881929109	1673881929398	OK	 
REQUEST		Fetch Profile picture	1673881928853	1673881929404	OK	 
REQUEST		Knolder ID	1673881929210	1673881929491	OK	 
REQUEST		Fetch Profile picture	1673881928984	1673881929545	OK	 
REQUEST		Reputation Twelve months	1673881929258	1673881929552	OK	 
REQUEST		Knolder ID	1673881929311	1673881929593	OK	 
REQUEST		Fetch Profile picture	1673881929061	1673881929611	OK	 
REQUEST		Reputation Twelve months	1673881929327	1673881929618	OK	 
REQUEST		Knolder ID	1673881929399	1673881929684	OK	 
REQUEST		Fetch Profile picture	1673881929161	1673881929711	OK	 
REQUEST		Reputation Twelve months	1673881929438	1673881929736	OK	 
REQUEST		Reputation Twelve months	1673881929509	1673881929798	OK	 
REQUEST		Fetch Profile picture	1673881929269	1673881929824	OK	 
REQUEST		Knolder ID	1673881929539	1673881929825	OK	 
REQUEST		Knolder ID	1673881929617	1673881929898	OK	 
REQUEST		Fetch Profile picture	1673881929356	1673881929908	OK	 
REQUEST		Reputation Twelve months	1673881929657	1673881929961	OK	 
REQUEST		Reputation Twelve months	1673881929705	1673881929995	OK	 
REQUEST		Knolder ID	1673881929722	1673881930010	OK	 
REQUEST		Fetch Profile picture	1673881929476	1673881930035	OK	 
REQUEST		Knolder ID	1673881929820	1673881930103	OK	 
REQUEST		Fetch Profile picture	1673881929578	1673881930133	OK	 
REQUEST		Reputation Twelve months	1673881929862	1673881930159	OK	 
REQUEST		Knolder ID	1673881929897	1673881930176	OK	 
REQUEST		Reputation Twelve months	1673881929910	1673881930200	OK	 
REQUEST		Fetch Profile picture	1673881929664	1673881930219	OK	 
REQUEST		Knolder ID	1673881930004	1673881930283	OK	 
REQUEST		Reputation Twelve months	1673881930003	1673881930295	OK	 
REQUEST		Fetch Profile picture	1673881929784	1673881930352	OK	 
REQUEST		Fetch Profile picture	1673881929854	1673881930403	OK	 
REQUEST		Reputation Twelve months	1673881930117	1673881930408	OK	 
REQUEST		Knolder ID	1673881930130	1673881930413	OK	 
REQUEST		Knolder ID	1673881930211	1673881930496	OK	 
REQUEST		Reputation Twelve months	1673881930229	1673881930522	OK	 
REQUEST		Reputation Twelve months	1673881930318	1673881930610	OK	 
REQUEST		Knolder ID	1673881930332	1673881930619	OK	 
REQUEST		Reputation Twelve months	1673881930421	1673881930711	OK	 
REQUEST		Knolder ID	1673881930465	1673881930751	OK	 
REQUEST		Knolder ID	1673881930537	1673881930822	OK	 
REQUEST		Reputation Twelve months	1673881930542	1673881930844	OK	 
REQUEST		Knolder ID	1673881930618	1673881930904	OK	 
REQUEST		Reputation Twelve months	1673881930638	1673881930937	OK	 
REQUEST		Knolder ID	1673881930719	1673881931015	OK	 
REQUEST		Reputation Twelve months	1673881930718	1673881931024	OK	 
REQUEST		Reputation Twelve months	1673881930812	1673881931103	OK	 
REQUEST		Knolder ID	1673881930826	1673881931111	OK	 
REQUEST		Reputation Twelve months	1673881930909	1673881931208	OK	 
REQUEST		Knolder ID	1673881930924	1673881931208	OK	 
REQUEST		Knolder ID	1673881931011	1673881931304	OK	 
REQUEST		Reputation Twelve months	1673881931051	1673881931343	OK	 
REQUEST		Reputation Twelve months	1673881931099	1673881931388	OK	 
REQUEST		Knolder ID	1673881931159	1673881931446	OK	 
REQUEST		Knolder ID	1673881931214	1673881931496	OK	 
REQUEST		Reputation Twelve months	1673881931235	1673881931531	OK	 
REQUEST		Get All Rewards	1673881930187	1673881931569	OK	 
REQUEST		Get All Rewards	1673881930201	1673881931572	OK	 
REQUEST		Knolder ID	1673881931332	1673881931618	OK	 
REQUEST		Reputation Twelve months	1673881931339	1673881931635	OK	 
REQUEST		Knolder ID	1673881931415	1673881931695	OK	 
REQUEST		Get All Rewards	1673881930321	1673881931700	OK	 
REQUEST		Reputation Twelve months	1673881931417	1673881931712	OK	 
REQUEST		Knolder ID	1673881931484	1673881931762	OK	 
REQUEST		Get All Rewards	1673881930399	1673881931772	OK	 
REQUEST		Reputation Twelve months	1673881931521	1673881931824	OK	 
REQUEST		Knolder ID	1673881931618	1673881931906	OK	 
REQUEST		Reputation Twelve months	1673881931629	1673881931928	OK	 
REQUEST		Get All Rewards	1673881930553	1673881931932	OK	 
REQUEST		Knolder ID	1673881931701	1673881931994	OK	 
REQUEST		Get All Rewards	1673881930625	1673881931999	OK	 
REQUEST		Reputation Twelve months	1673881931714	1673881932007	OK	 
REQUEST		Get All Rewards	1673881930706	1673881932088	OK	 
REQUEST		Reputation Twelve months	1673881931833	1673881932130	OK	 
REQUEST		Knolder ID	1673881931847	1673881932133	OK	 
REQUEST		Knolder ID	1673881931905	1673881932198	OK	 
REQUEST		Reputation Twelve months	1673881931945	1673881932241	OK	 
REQUEST		Get All Rewards	1673881930867	1673881932282	OK	 
REQUEST		Get All Rewards	1673881930932	1673881932303	OK	 
REQUEST		Reputation Twelve months	1673881932028	1673881932324	OK	 
REQUEST		Knolder ID	1673881932049	1673881932336	OK	 
REQUEST		Knolder ID	1673881932103	1673881932386	OK	 
REQUEST		Get All Rewards	1673881931037	1673881932426	OK	 
REQUEST		Reputation Twelve months	1673881932132	1673881932452	OK	 
REQUEST		Knolder ID	1673881932205	1673881932492	OK	 
REQUEST		Reputation Twelve months	1673881932227	1673881932520	OK	 
REQUEST		Get All Rewards	1673881931147	1673881932529	OK	 
REQUEST		Reputation Twelve months	1673881932317	1673881932612	OK	 
REQUEST		Knolder ID	1673881932334	1673881932617	OK	 
REQUEST		Get All Rewards	1673881931256	1673881932650	OK	 
REQUEST		Knolder ID	1673881932399	1673881932687	OK	 
REQUEST		Reputation Twelve months	1673881932405	1673881932704	OK	 
REQUEST		Get All Rewards	1673881931348	1673881932747	OK	 
REQUEST		Get All Rewards	1673881931382	1673881932748	OK	 
REQUEST		Knolder ID	1673881932553	1673881932837	OK	 
REQUEST		Reputation Twelve months	1673881932546	1673881932841	OK	 
REQUEST		Knolder ID	1673881932619	1673881932903	OK	 
REQUEST		Reputation Twelve months	1673881932612	1673881932904	OK	 
REQUEST		Get All Rewards	1673881931547	1673881932954	OK	 
REQUEST		Reputation Twelve months	1673881932712	1673881933007	OK	 
REQUEST		Knolder ID	1673881932737	1673881933030	OK	 
REQUEST		Get All Rewards	1673881931641	1673881933044	OK	 
REQUEST		Knolder ID	1673881932799	1673881933082	OK	 
REQUEST		Reputation Twelve months	1673881932825	1673881933124	OK	 
REQUEST		Get All Rewards	1673881931763	1673881933169	OK	 
REQUEST		Reputation Twelve months	1673881932909	1673881933198	OK	 
REQUEST		Get All Rewards	1673881931821	1673881933222	OK	 
REQUEST		Knolder ID	1673881932962	1673881933246	OK	 
REQUEST		Knolder ID	1673881932995	1673881933279	OK	 
REQUEST		Get All Rewards	1673881931921	1673881933316	OK	 
REQUEST		Reputation Twelve months	1673881933035	1673881933329	OK	 
REQUEST		Get All Rewards	1673881932017	1673881933391	OK	 
REQUEST		Get All Rewards	1673881932067	1673881933420	OK	 
REQUEST		Reputation Twelve months	1673881933134	1673881933432	OK	 
REQUEST		Knolder ID	1673881933159	1673881933447	OK	 
REQUEST		Knolder ID	1673881933201	1673881933481	OK	 
REQUEST		Reputation Twelve months	1673881933221	1673881933513	OK	 
REQUEST		Get All Rewards	1673881932182	1673881933574	OK	 
REQUEST		Knolder ID	1673881933295	1673881933581	OK	 
REQUEST		Reputation Twelve months	1673881933354	1673881933647	OK	 
REQUEST		Get All Rewards	1673881932304	1673881933688	OK	 
REQUEST		Knolder ID	1673881933408	1673881933689	OK	 
REQUEST		Reputation Twelve months	1673881933404	1673881933697	OK	 
REQUEST		Get All Rewards	1673881932388	1673881933784	OK	 
REQUEST		Knolder ID	1673881933523	1673881933808	OK	 
REQUEST		Get All Rewards	1673881932492	1673881933872	OK	 
REQUEST		Knolder ID	1673881933611	1673881933891	OK	 
REQUEST		Get All Rewards	1673881932594	1673881933977	OK	 
REQUEST		Knolder ID	1673881933712	1673881933992	OK	 
REQUEST		Get All Rewards	1673881932685	1673881934077	OK	 
REQUEST		Knolder ID	1673881933844	1673881934136	OK	 
REQUEST		Get All Rewards	1673881932825	1673881934221	OK	 
REQUEST		Knolder ID	1673881933938	1673881934224	OK	 
REQUEST		Get All Rewards	1673881932899	1673881934286	OK	 
REQUEST		Knolder ID	1673881934024	1673881934305	OK	 
REQUEST		Knolder ID	1673881934104	1673881934386	OK	 
REQUEST		Get All Rewards	1673881933011	1673881934394	OK	 
REQUEST		Get All Rewards	1673881933104	1673881934487	OK	 
REQUEST		Knolder ID	1673881934209	1673881934490	OK	 
REQUEST		Get All Rewards	1673881933177	1673881934552	OK	 
USER	Leaderboard API	END	1673881934575
USER	Leaderboard API	END	1673881934575
REQUEST		Knolder ID	1673881934344	1673881934626	OK	 
REQUEST		Get All Rewards	1673881933284	1673881934662	OK	 
REQUEST		Knolder ID	1673881934389	1673881934675	OK	 
USER	Leaderboard API	END	1673881934701
USER	Leaderboard API	END	1673881934773
REQUEST		Get All Rewards	1673881933413	1673881934792	OK	 
REQUEST		Knolder ID	1673881934532	1673881934815	OK	 
REQUEST		Get All Rewards	1673881933496	1673881934882	OK	 
REQUEST		Knolder ID	1673881934636	1673881934922	OK	 
USER	Leaderboard API	END	1673881934934
REQUEST		Knolder ID	1673881934713	1673881934992	OK	 
REQUEST		Get All Rewards	1673881933619	1673881934999	OK	 
USER	Leaderboard API	END	1673881935000
USER	Leaderboard API	END	1673881935089
REQUEST		Knolder ID	1673881934825	1673881935105	OK	 
REQUEST		Get All Rewards	1673881933751	1673881935139	OK	 
REQUEST		Get All Rewards	1673881933823	1673881935210	OK	 
REQUEST		Knolder ID	1673881934929	1673881935214	OK	 
USER	Leaderboard API	END	1673881935283
REQUEST		Get All Rewards	1673881933904	1673881935297	OK	 
REQUEST		Knolder ID	1673881935008	1673881935300	OK	 
USER	Leaderboard API	END	1673881935304
REQUEST		Get All Rewards	1673881934016	1673881935401	OK	 
REQUEST		Knolder ID	1673881935131	1673881935417	OK	 
USER	Leaderboard API	END	1673881935427
REQUEST		Get All Rewards	1673881934111	1673881935502	OK	 
REQUEST		Knolder ID	1673881935242	1673881935529	OK	 
USER	Leaderboard API	END	1673881935530
REQUEST		Get All Rewards	1673881934209	1673881935585	OK	 
REQUEST		Knolder ID	1673881935325	1673881935612	OK	 
USER	Leaderboard API	END	1673881935652
REQUEST		Get All Rewards	1673881934305	1673881935679	OK	 
REQUEST		Knolder ID	1673881935454	1673881935739	OK	 
USER	Leaderboard API	END	1673881935748
USER	Leaderboard API	END	1673881935749
REQUEST		Knolder ID	1673881935521	1673881935807	OK	 
REQUEST		Get All Rewards	1673881934447	1673881935848	OK	 
REQUEST		Get All Rewards	1673881934496	1673881935873	OK	 
REQUEST		Knolder ID	1673881935613	1673881935893	OK	 
USER	Leaderboard API	END	1673881935955
REQUEST		Knolder ID	1673881935705	1673881935984	OK	 
REQUEST		Get All Rewards	1673881934619	1673881936008	OK	 
USER	Leaderboard API	END	1673881936045
REQUEST		Get All Rewards	1673881934695	1673881936065	OK	 
REQUEST		Get All Rewards	1673881934763	1673881936123	OK	 
REQUEST		Knolder ID	1673881935842	1673881936129	OK	 
USER	Leaderboard API	END	1673881936171
REQUEST		Knolder ID	1673881935905	1673881936189	OK	 
USER	Leaderboard API	END	1673881936223
REQUEST		Knolder ID	1673881936008	1673881936292	OK	 
REQUEST		Get All Rewards	1673881934907	1673881936295	OK	 
USER	Leaderboard API	END	1673881936317
REQUEST		Get All Rewards	1673881934994	1673881936372	OK	 
USER	Leaderboard API	END	1673881936392
REQUEST		Knolder ID	1673881936125	1673881936406	OK	 
USER	Leaderboard API	END	1673881936422
REQUEST		Knolder ID	1673881936198	1673881936479	OK	 
REQUEST		Get All Rewards	1673881935133	1673881936516	OK	 
USER	Leaderboard API	END	1673881936575
REQUEST		Get All Rewards	1673881935199	1673881936586	OK	 
REQUEST		Knolder ID	1673881936329	1673881936614	OK	 
USER	Leaderboard API	END	1673881936689
REQUEST		Knolder ID	1673881936433	1673881936715	OK	 
REQUEST		Get All Rewards	1673881935386	1673881936752	OK	 
REQUEST		Get All Rewards	1673881935337	1673881936757	OK	 
USER	Leaderboard API	END	1673881936785
REQUEST		Knolder ID	1673881936514	1673881936800	OK	 
REQUEST		Get All Rewards	1673881935493	1673881936864	OK	 
USER	Leaderboard API	END	1673881936873
REQUEST		Knolder ID	1673881936648	1673881936932	OK	 
USER	Leaderboard API	END	1673881936978
REQUEST		Knolder ID	1673881936698	1673881936981	OK	 
REQUEST		Get All Rewards	1673881935618	1673881936997	OK	 
REQUEST		Get All Rewards	1673881935688	1673881937047	OK	 
USER	Leaderboard API	END	1673881937078
USER	Leaderboard API	END	1673881937222
REQUEST		Get All Rewards	1673881935838	1673881937228	OK	 
REQUEST		Get All Rewards	1673881935904	1673881937285	OK	 
USER	Leaderboard API	END	1673881937288
USER	Leaderboard API	END	1673881937395
REQUEST		Get All Rewards	1673881936031	1673881937427	OK	 
REQUEST		Get All Rewards	1673881936083	1673881937455	OK	 
USER	Leaderboard API	END	1673881937488
USER	Leaderboard API	END	1673881937553
REQUEST		Get All Rewards	1673881936247	1673881937645	OK	 
REQUEST		Get All Rewards	1673881936279	1673881937653	OK	 
USER	Leaderboard API	END	1673881937663
USER	Leaderboard API	END	1673881937793
REQUEST		Get All Rewards	1673881936447	1673881937856	OK	 
REQUEST		Get All Rewards	1673881936482	1673881937860	OK	 
USER	Leaderboard API	END	1673881937883
REQUEST		Get All Rewards	1673881936582	1673881937957	OK	 
USER	Leaderboard API	END	1673881938000
REQUEST		Get All Rewards	1673881936689	1673881938070	OK	 
USER	Leaderboard API	END	1673881938140
REQUEST		Get All Rewards	1673881936808	1673881938198	OK	 
USER	Leaderboard API	END	1673881938211
REQUEST		Get All Rewards	1673881936892	1673881938269	OK	 
USER	Leaderboard API	END	1673881938299
REQUEST		Get All Rewards	1673881936993	1673881938381	OK	 
USER	Leaderboard API	END	1673881938402
USER	Leaderboard API	END	1673881938502
REQUEST		Get All Rewards	1673881937137	1673881938535	OK	 
USER	Leaderboard API	END	1673881938586
REQUEST		Get All Rewards	1673881937225	1673881938626	OK	 
USER	Leaderboard API	END	1673881938680
REQUEST		Get All Rewards	1673881937306	1673881938687	OK	 
REQUEST		Get All Rewards	1673881937387	1673881938757	OK	 
USER	Leaderboard API	END	1673881938849
REQUEST		Get All Rewards	1673881937490	1673881938858	OK	 
USER	Leaderboard API	END	1673881938874
REQUEST		Get All Rewards	1673881937627	1673881939000	OK	 
USER	Leaderboard API	END	1673881939009
REQUEST		Get All Rewards	1673881937675	1673881939043	OK	 
USER	Leaderboard API	END	1673881939066
USER	Leaderboard API	END	1673881939124
REQUEST		Get All Rewards	1673881937817	1673881939204	OK	 
USER	Leaderboard API	END	1673881939296
REQUEST		Get All Rewards	1673881937923	1673881939341	OK	 
REQUEST		Get All Rewards	1673881937993	1673881939367	OK	 
USER	Leaderboard API	END	1673881939372
REQUEST		Get All Rewards	1673881938105	1673881939485	OK	 
USER	Leaderboard API	END	1673881939517
USER	Leaderboard API	END	1673881939586
REQUEST		Get All Rewards	1673881938215	1673881939608	OK	 
REQUEST		Get All Rewards	1673881938300	1673881939675	OK	 
USER	Leaderboard API	END	1673881939753
USER	Leaderboard API	END	1673881939757
REQUEST		Get All Rewards	1673881938418	1673881939802	OK	 
USER	Leaderboard API	END	1673881939865
REQUEST		Get All Rewards	1673881938530	1673881939928	OK	 
REQUEST		Get All Rewards	1673881938613	1673881939991	OK	 
USER	Leaderboard API	END	1673881939998
USER	Leaderboard API	END	1673881940048
REQUEST		Get All Rewards	1673881938740	1673881940121	OK	 
REQUEST		Get All Rewards	1673881938808	1673881940191	OK	 
USER	Leaderboard API	END	1673881940229
REQUEST		Get All Rewards	1673881938894	1673881940273	OK	 
USER	Leaderboard API	END	1673881940286
REQUEST		Get All Rewards	1673881938985	1673881940355	OK	 
USER	Leaderboard API	END	1673881940428
USER	Leaderboard API	END	1673881940456
REQUEST		Get All Rewards	1673881939130	1673881940531	OK	 
REQUEST		Get All Rewards	1673881939190	1673881940559	OK	 
USER	Leaderboard API	END	1673881940646
USER	Leaderboard API	END	1673881940655
REQUEST		Get All Rewards	1673881939292	1673881940673	OK	 
REQUEST		Get All Rewards	1673881939407	1673881940785	OK	 
REQUEST		Get All Rewards	1673881939480	1673881940849	OK	 
USER	Leaderboard API	END	1673881940857
USER	Leaderboard API	END	1673881940860
USER	Leaderboard API	END	1673881940958
REQUEST		Get All Rewards	1673881939614	1673881941012	OK	 
USER	Leaderboard API	END	1673881941071
REQUEST		Get All Rewards	1673881939716	1673881941117	OK	 
REQUEST		Get All Rewards	1673881939802	1673881941178	OK	 
USER	Leaderboard API	END	1673881941200
USER	Leaderboard API	END	1673881941270
REQUEST		Get All Rewards	1673881939932	1673881941313	OK	 
REQUEST		Get All Rewards	1673881939982	1673881941344	OK	 
USER	Leaderboard API	END	1673881941382
USER	Leaderboard API	END	1673881941536
USER	Leaderboard API	END	1673881941627
USER	Leaderboard API	END	1673881941688
USER	Leaderboard API	END	1673881941758
USER	Leaderboard API	END	1673881941859
USER	Leaderboard API	END	1673881942001
USER	Leaderboard API	END	1673881942044
USER	Leaderboard API	END	1673881942206
USER	Leaderboard API	END	1673881942342
USER	Leaderboard API	END	1673881942369
USER	Leaderboard API	END	1673881942486
USER	Leaderboard API	END	1673881942609
USER	Leaderboard API	END	1673881942676
USER	Leaderboard API	END	1673881942803
USER	Leaderboard API	END	1673881942929
USER	Leaderboard API	END	1673881942992
USER	Leaderboard API	END	1673881943122
USER	Leaderboard API	END	1673881943192
USER	Leaderboard API	END	1673881943274
USER	Leaderboard API	END	1673881943356
USER	Leaderboard API	END	1673881943532
USER	Leaderboard API	END	1673881943560
USER	Leaderboard API	END	1673881943674
USER	Leaderboard API	END	1673881943786
USER	Leaderboard API	END	1673881943850
USER	Leaderboard API	END	1673881944013
USER	Leaderboard API	END	1673881944119
USER	Leaderboard API	END	1673881944179
USER	Leaderboard API	END	1673881944313
USER	Leaderboard API	END	1673881944345
