RUN	Simulations.Runner.RunnerTwo	runnertwo	1673528254689	 	3.5.1
USER	Create  Scenario	START	1673528260679
USER	Create  Scenario	START	1673528261174
USER	Create  Scenario	START	1673528261674
REQUEST		Reputation	1673528260704	1673528261929	OK	 
USER	Create  Scenario	START	1673528262173
REQUEST		Reputation	1673528261174	1673528262325	OK	 
USER	Create  Scenario	START	1673528262674
REQUEST		Reputation	1673528261674	1673528262891	OK	 
USER	Create  Scenario	START	1673528263172
REQUEST		Reputation	1673528262174	1673528263321	OK	 
USER	Create  Scenario	START	1673528263673
REQUEST		Reputation	1673528262674	1673528263807	OK	 
USER	Create  Scenario	START	1673528264173
REQUEST		Reputation	1673528263173	1673528264351	OK	 
USER	Create  Scenario	START	1673528264673
REQUEST		Reputation	1673528263674	1673528264934	OK	 
USER	Create  Scenario	START	1673528265172
REQUEST		Last Contribution	1673528264948	1673528265249	OK	 
REQUEST		Reputation	1673528264174	1673528265357	OK	 
REQUEST		Last Contribution	1673528265326	1673528265631	OK	 
USER	Create  Scenario	START	1673528265673
REQUEST		Reputation	1673528264674	1673528265819	OK	 
USER	Create  Scenario	START	1673528266173
REQUEST		Last Contribution	1673528265892	1673528266198	OK	 
REQUEST		Reputation	1673528265173	1673528266316	OK	 
REQUEST		Last Contribution	1673528266322	1673528266617	OK	 
USER	Create  Scenario	START	1673528266673
REQUEST		Reputation	1673528265673	1673528266801	OK	 
REQUEST		Last Contribution	1673528266809	1673528267102	OK	 
USER	Create  Scenario	START	1673528267173
REQUEST		Reputation	1673528266173	1673528267306	OK	 
REQUEST		Last Contribution	1673528267352	1673528267641	OK	 
USER	Create  Scenario	START	1673528267674
REQUEST		Reputation	1673528266674	1673528267849	OK	 
USER	Create  Scenario	START	1673528268172
REQUEST		Last Contribution	1673528267935	1673528268225	OK	 
REQUEST		Reputation	1673528267174	1673528268315	OK	 
REQUEST		Reputation Twelve months	1673528268251	1673528268552	OK	 
REQUEST		Last Contribution	1673528268358	1673528268656	OK	 
USER	Create  Scenario	START	1673528268673
REQUEST		Reputation	1673528267674	1673528268823	OK	 
REQUEST		Reputation Twelve months	1673528268632	1673528268965	OK	 
REQUEST		Last Contribution	1673528268820	1673528269114	OK	 
USER	Create  Scenario	START	1673528269172
REQUEST		Reputation	1673528268173	1673528269317	OK	 
REQUEST		Reputation Twelve months	1673528269199	1673528269513	OK	 
REQUEST		Last Contribution	1673528269317	1673528269623	OK	 
USER	Create  Scenario	START	1673528269672
REQUEST		Reputation	1673528268673	1673528269811	OK	 
REQUEST		Reputation Twelve months	1673528269618	1673528269978	OK	 
REQUEST		Last Contribution	1673528269802	1673528270117	OK	 
USER	Create  Scenario	START	1673528270172
REQUEST		Reputation	1673528269173	1673528270284	OK	 
REQUEST		Reputation Twelve months	1673528270104	1673528270416	OK	 
REQUEST		Last Contribution	1673528270307	1673528270611	OK	 
REQUEST		Reputation	1673528269673	1673528270849	OK	 
REQUEST		Reputation Twelve months	1673528270642	1673528270956	OK	 
REQUEST		Last Contribution	1673528270850	1673528271135	OK	 
REQUEST		Reputation	1673528270173	1673528271295	OK	 
REQUEST		Reputation Twelve months	1673528271226	1673528271567	OK	 
REQUEST		Last Contribution	1673528271316	1673528271605	OK	 
REQUEST		Knolder ID	1673528271560	1673528271866	OK	 
REQUEST		Reputation Twelve months	1673528271657	1673528271963	OK	 
REQUEST		Last Contribution	1673528271824	1673528272123	OK	 
REQUEST		Knolder ID	1673528271966	1673528272306	OK	 
REQUEST		Reputation Twelve months	1673528272115	1673528272510	OK	 
REQUEST		Last Contribution	1673528272318	1673528272613	OK	 
REQUEST		Knolder ID	1673528272514	1673528272817	OK	 
REQUEST		Reputation Twelve months	1673528272624	1673528272948	OK	 
REQUEST		Last Contribution	1673528272812	1673528273125	OK	 
REQUEST		Knolder ID	1673528272979	1673528273268	OK	 
REQUEST		Reputation Twelve months	1673528273117	1673528273431	OK	 
REQUEST		Last Contribution	1673528273285	1673528273616	OK	 
REQUEST		Knolder ID	1673528273418	1673528273704	OK	 
REQUEST		Reputation Twelve months	1673528273612	1673528273932	OK	 
REQUEST		Last Contribution	1673528273850	1673528274175	OK	 
REQUEST		Knolder ID	1673528273958	1673528274250	OK	 
REQUEST		Reputation Twelve months	1673528274137	1673528274495	OK	 
REQUEST		Last Contribution	1673528274296	1673528274651	OK	 
REQUEST		Knolder ID	1673528274568	1673528274886	OK	 
REQUEST		Reputation Twelve months	1673528274606	1673528274967	OK	 
REQUEST		Knolder ID	1673528274964	1673528275254	OK	 
REQUEST		Reputation Twelve months	1673528275124	1673528275480	OK	 
REQUEST		Knolder ID	1673528275511	1673528275806	OK	 
REQUEST		Reputation Twelve months	1673528275614	1673528275979	OK	 
REQUEST		Knolder ID	1673528275949	1673528276275	OK	 
REQUEST		Get All Rewards	1673528274867	1673528276445	OK	 
REQUEST		Reputation Twelve months	1673528276127	1673528276488	OK	 
REQUEST		Knolder ID	1673528276432	1673528276752	OK	 
REQUEST		Get All Rewards	1673528275307	1673528276877	OK	 
REQUEST		Reputation Twelve months	1673528276618	1673528276935	OK	 
REQUEST		Knolder ID	1673528276933	1673528277279	OK	 
REQUEST		Reputation Twelve months	1673528277176	1673528277507	OK	 
REQUEST		Get All Rewards	1673528276268	1673528277764	OK	 
REQUEST		Knolder ID	1673528277496	1673528277782	OK	 
REQUEST		Reputation Twelve months	1673528277652	1673528277959	OK	 
REQUEST		Get All Rewards	1673528275818	1673528278011	OK	 
REQUEST		Get All Rewards	1673528276706	1673528278136	OK	 
REQUEST		Knolder ID	1673528277968	1673528278255	OK	 
REQUEST		Get All Rewards	1673528277251	1673528278755	OK	 
REQUEST		Knolder ID	1673528278481	1673528278774	OK	 
REQUEST		Knolder ID	1673528278980	1673528279271	OK	 
REQUEST		Get All Rewards	1673528277887	1673528279310	OK	 
USER	Create  Scenario	END	1673528279449
REQUEST		Get All Rewards	1673528278255	1673528279665	OK	 
REQUEST		Knolder ID	1673528279489	1673528279860	OK	 
USER	Create  Scenario	END	1673528279879
REQUEST		Get All Rewards	1673528278807	1673528280274	OK	 
REQUEST		Knolder ID	1673528279935	1673528280291	OK	 
USER	Create  Scenario	END	1673528280765
REQUEST		Get All Rewards	1673528279276	1673528280830	OK	 
REQUEST		Knolder ID	1673528280508	1673528280905	OK	 
USER	Create  Scenario	END	1673528281013
USER	Create  Scenario	END	1673528281138
REQUEST		Knolder ID	1673528280960	1673528281440	OK	 
REQUEST		Get All Rewards	1673528279753	1673528281441	OK	 
USER	Create  Scenario	END	1673528281756
REQUEST		Get All Rewards	1673528280280	1673528281933	OK	 
USER	Create  Scenario	END	1673528282311
REQUEST		Get All Rewards	1673528280783	1673528282548	OK	 
USER	Create  Scenario	END	1673528282666
REQUEST		Get All Rewards	1673528281256	1673528282851	OK	 
USER	Create  Scenario	END	1673528283275
REQUEST		Get All Rewards	1673528281775	1673528283442	OK	 
REQUEST		Get All Rewards	1673528282272	1673528283779	OK	 
USER	Create  Scenario	END	1673528283831
REQUEST		Get All Rewards	1673528282861	1673528284388	OK	 
USER	Create  Scenario	END	1673528284442
REQUEST		Get All Rewards	1673528283292	1673528284698	OK	 
USER	Create  Scenario	END	1673528284935
REQUEST		Get All Rewards	1673528283907	1673528285309	OK	 
USER	Create  Scenario	END	1673528285549
USER	Create  Scenario	END	1673528285853
REQUEST		Get All Rewards	1673528284441	1673528285860	OK	 
USER	Create  Scenario	END	1673528286443
USER	Create  Scenario	END	1673528286781
USER	Create  Scenario	END	1673528287389
USER	Create  Scenario	END	1673528287700
USER	Create  Scenario	END	1673528288310
USER	Create  Scenario	END	1673528288861
