RUN	Simulations.Runner.Go1percent	go1percent	1674754539239	 	3.5.1
USER	Contribution API	START	1674754540264
USER	Contribution API	START	1674754540355
USER	Contribution API	START	1674754540456
USER	Contribution API	START	1674754540556
USER	Contribution API	START	1674754540656
USER	Contribution API	START	1674754540757
USER	Contribution API	START	1674754540857
USER	Contribution API	START	1674754540957
USER	Contribution API	START	1674754541057
REQUEST		/updateProposal?contributionId=12755-Helps us to edit the proposal contribution.	1674754540285	1674754541128	KO	status.find.is(200), but actually found 403
USER	Contribution API	START	1674754541157
REQUEST		/updateProposal?contributionId=12755-Helps us to edit the proposal contribution.	1674754540356	1674754541195	KO	status.find.is(200), but actually found 403
USER	Contribution API	START	1674754541258
REQUEST		/updateProposal?contributionId=12755-Helps us to edit the proposal contribution.	1674754540456	1674754541290	KO	status.find.is(200), but actually found 403
USER	Contribution API	START	1674754541358
REQUEST		/updateProposal?contributionId=12755-Helps us to edit the proposal contribution.	1674754540557	1674754541393	KO	status.find.is(200), but actually found 403
USER	Contribution API	START	1674754541459
REQUEST		/updateProposal?contributionId=12755-Helps us to edit the proposal contribution.	1674754540657	1674754541491	KO	status.find.is(200), but actually found 403
USER	Contribution API	START	1674754541559
REQUEST		/updateProposal?contributionId=12755-Helps us to edit the proposal contribution.	1674754540757	1674754541596	KO	status.find.is(200), but actually found 403
USER	Contribution API	START	1674754541659
REQUEST		/updateProposal?contributionId=12755-Helps us to edit the proposal contribution.	1674754540857	1674754541714	KO	status.find.is(200), but actually found 403
USER	Contribution API	START	1674754541759
REQUEST		/updateProposal?contributionId=12755-Helps us to edit the proposal contribution.	1674754540958	1674754541789	KO	status.find.is(200), but actually found 403
USER	Contribution API	START	1674754541859
REQUEST		/updateProposal?contributionId=12755-Helps us to edit the proposal contribution.	1674754541058	1674754541892	KO	status.find.is(200), but actually found 403
USER	Contribution API	START	1674754541959
REQUEST		/updateProposal?contributionId=12755-Helps us to edit the proposal contribution.	1674754541158	1674754541981	KO	status.find.is(200), but actually found 403
USER	Contribution API	START	1674754542059
REQUEST		/updateProposal?contributionId=12755-Helps us to edit the proposal contribution.	1674754541259	1674754542082	KO	status.find.is(200), but actually found 403
USER	Contribution API	START	1674754542159
REQUEST		/updateProposal?contributionId=12755-Helps us to edit the proposal contribution.	1674754541359	1674754542196	KO	status.find.is(200), but actually found 403
USER	Contribution API	START	1674754542259
USER	Contribution API	START	1674754542353
REQUEST		/updateProposal?contributionId=12755-Helps us to edit the proposal contribution.	1674754541559	1674754542431	KO	status.find.is(200), but actually found 403
USER	Contribution API	START	1674754542453
REQUEST		/updateProposal?contributionId=12755-Helps us to edit the proposal contribution.	1674754541659	1674754542504	KO	status.find.is(200), but actually found 403
USER	Contribution API	START	1674754542554
USER	Contribution API	START	1674754542654
REQUEST		/updateProposal?contributionId=12755-Helps us to edit the proposal contribution.	1674754541759	1674754542677	KO	status.find.is(200), but actually found 403
REQUEST		/updateProposal?contributionId=12755-Helps us to edit the proposal contribution.	1674754541859	1674754542718	KO	status.find.is(200), but actually found 403
USER	Contribution API	START	1674754542754
REQUEST		/updateProposal?contributionId=12755-Helps us to edit the proposal contribution.	1674754541960	1674754542809	KO	status.find.is(200), but actually found 403
USER	Contribution API	START	1674754542854
USER	Contribution API	START	1674754542954
REQUEST		/updateProposal?contributionId=12755-Helps us to edit the proposal contribution.	1674754542060	1674754542959	KO	status.find.is(200), but actually found 403
REQUEST		/updateProposal?contributionId=12755-Helps us to edit the proposal contribution.	1674754542160	1674754542984	KO	status.find.is(200), but actually found 403
USER	Contribution API	START	1674754543054
REQUEST		/updateProposal?contributionId=12755-Helps us to edit the proposal contribution.	1674754542260	1674754543094	KO	status.find.is(200), but actually found 403
USER	Contribution API	START	1674754543154
REQUEST		/updateProposal?contributionId=12755-Helps us to edit the proposal contribution.	1674754542354	1674754543188	KO	status.find.is(200), but actually found 403
USER	Contribution API	START	1674754543254
REQUEST		/updateProposal?contributionId=12755-Helps us to edit the proposal contribution.	1674754542454	1674754543288	KO	status.find.is(200), but actually found 403
USER	Contribution API	START	1674754543353
REQUEST		/updateProposal?contributionId=12755-Helps us to edit the proposal contribution.	1674754542554	1674754543393	KO	status.find.is(200), but actually found 403
USER	Contribution API	START	1674754543453
REQUEST		/updateProposal?contributionId=12755-Helps us to edit the proposal contribution.	1674754542654	1674754543489	KO	status.find.is(200), but actually found 403
REQUEST		/updateProposal?contributionId=12755-Helps us to edit the proposal contribution.	1674754541459	1674754543504	KO	status.find.is(200), but actually found 403
USER	Contribution API	START	1674754543553
REQUEST		/updateProposal?contributionId=12755-Helps us to edit the proposal contribution.	1674754542754	1674754543577	KO	status.find.is(200), but actually found 403
USER	Contribution API	START	1674754543654
REQUEST		/updateProposal?contributionId=12755-Helps us to edit the proposal contribution.	1674754542854	1674754543675	KO	status.find.is(200), but actually found 403
USER	Contribution API	START	1674754543754
REQUEST		/updateProposal?contributionId=12755-Helps us to edit the proposal contribution.	1674754542954	1674754543790	KO	status.find.is(200), but actually found 403
USER	Contribution API	START	1674754543854
REQUEST		/updateProposal?contributionId=12755-Helps us to edit the proposal contribution.	1674754543055	1674754543885	KO	status.find.is(200), but actually found 403
USER	Contribution API	START	1674754543954
REQUEST		/updateProposal?contributionId=12755-Helps us to edit the proposal contribution.	1674754543155	1674754544001	KO	status.find.is(200), but actually found 403
USER	Contribution API	START	1674754544054
REQUEST		/updateProposal?contributionId=12755-Helps us to edit the proposal contribution.	1674754543255	1674754544086	KO	status.find.is(200), but actually found 403
USER	Contribution API	END	1674754544148
USER	Contribution API	START	1674754544154
REQUEST		/updateProposal?contributionId=12755-Helps us to edit the proposal contribution.	1674754543353	1674754544179	KO	status.find.is(200), but actually found 403
USER	Contribution API	END	1674754544196
USER	Contribution API	START	1674754544255
REQUEST		/updateProposal?contributionId=12755-Helps us to edit the proposal contribution.	1674754543454	1674754544286	KO	status.find.is(200), but actually found 403
USER	Contribution API	END	1674754544292
USER	Contribution API	START	1674754544353
REQUEST		/updateProposal?contributionId=12755-Helps us to edit the proposal contribution.	1674754543554	1674754544376	KO	status.find.is(200), but actually found 403
USER	Contribution API	END	1674754544395
USER	Contribution API	START	1674754544453
REQUEST		/updateProposal?contributionId=12755-Helps us to edit the proposal contribution.	1674754543654	1674754544485	KO	status.find.is(200), but actually found 403
USER	Contribution API	END	1674754544493
USER	Contribution API	START	1674754544553
REQUEST		/updateProposal?contributionId=12755-Helps us to edit the proposal contribution.	1674754543754	1674754544590	KO	status.find.is(200), but actually found 403
USER	Contribution API	END	1674754544597
USER	Contribution API	START	1674754544654
REQUEST		/updateProposal?contributionId=12755-Helps us to edit the proposal contribution.	1674754543854	1674754544685	KO	status.find.is(200), but actually found 403
USER	Contribution API	END	1674754544715
USER	Contribution API	START	1674754544754
USER	Contribution API	END	1674754544790
REQUEST		/updateProposal?contributionId=12755-Helps us to edit the proposal contribution.	1674754543954	1674754544792	KO	status.find.is(200), but actually found 403
USER	Contribution API	START	1674754544854
REQUEST		/updateProposal?contributionId=12755-Helps us to edit the proposal contribution.	1674754544055	1674754544883	KO	status.find.is(200), but actually found 403
USER	Contribution API	END	1674754544893
USER	Contribution API	START	1674754544954
USER	Contribution API	END	1674754544983
REQUEST		/updateProposal?contributionId=12755-Helps us to edit the proposal contribution.	1674754544155	1674754544989	KO	status.find.is(200), but actually found 403
USER	Contribution API	START	1674754545054
USER	Contribution API	END	1674754545084
REQUEST		/updateProposal?contributionId=12755-Helps us to edit the proposal contribution.	1674754544255	1674754545093	KO	status.find.is(200), but actually found 403
USER	Contribution API	START	1674754545154
REQUEST		/updateProposal?contributionId=12755-Helps us to edit the proposal contribution.	1674754544354	1674754545191	KO	status.find.is(200), but actually found 403
USER	Contribution API	END	1674754545198
USER	Contribution API	START	1674754545254
REQUEST		/updateProposal?contributionId=12755-Helps us to edit the proposal contribution.	1674754544454	1674754545287	KO	status.find.is(200), but actually found 403
USER	Contribution API	START	1674754545352
REQUEST		/updateProposal?contributionId=12755-Helps us to edit the proposal contribution.	1674754544554	1674754545384	KO	status.find.is(200), but actually found 403
USER	Contribution API	END	1674754545433
USER	Contribution API	START	1674754545453
REQUEST		/updateProposal?contributionId=12755-Helps us to edit the proposal contribution.	1674754544654	1674754545483	KO	status.find.is(200), but actually found 403
USER	Contribution API	END	1674754545506
USER	Contribution API	START	1674754545553
REQUEST		/updateProposal?contributionId=12755-Helps us to edit the proposal contribution.	1674754544754	1674754545589	KO	status.find.is(200), but actually found 403
USER	Contribution API	START	1674754545653
USER	Contribution API	END	1674754545679
REQUEST		/updateProposal?contributionId=12755-Helps us to edit the proposal contribution.	1674754544854	1674754545690	KO	status.find.is(200), but actually found 403
USER	Contribution API	END	1674754545719
USER	Contribution API	START	1674754545753
REQUEST		/updateProposal?contributionId=12755-Helps us to edit the proposal contribution.	1674754544954	1674754545786	KO	status.find.is(200), but actually found 403
USER	Contribution API	END	1674754545811
USER	Contribution API	START	1674754545853
REQUEST		/updateProposal?contributionId=12755-Helps us to edit the proposal contribution.	1674754545054	1674754545891	KO	status.find.is(200), but actually found 403
USER	Contribution API	START	1674754545953
USER	Contribution API	END	1674754545960
USER	Contribution API	END	1674754545986
REQUEST		/updateProposal?contributionId=12755-Helps us to edit the proposal contribution.	1674754545154	1674754545994	KO	status.find.is(200), but actually found 403
USER	Contribution API	START	1674754546054
REQUEST		/updateProposal?contributionId=12755-Helps us to edit the proposal contribution.	1674754545255	1674754546069	KO	status.find.is(200), but actually found 403
USER	Contribution API	END	1674754546095
USER	Contribution API	START	1674754546154
REQUEST		/updateProposal?contributionId=12755-Helps us to edit the proposal contribution.	1674754545353	1674754546187	KO	status.find.is(200), but actually found 403
USER	Contribution API	END	1674754546190
USER	Contribution API	START	1674754546254
USER	Contribution API	END	1674754546289
REQUEST		/updateProposal?contributionId=12755-Helps us to edit the proposal contribution.	1674754545453	1674754546291	KO	status.find.is(200), but actually found 403
USER	Contribution API	START	1674754546352
REQUEST		/updateProposal?contributionId=12755-Helps us to edit the proposal contribution.	1674754545553	1674754546384	KO	status.find.is(200), but actually found 403
USER	Contribution API	END	1674754546394
USER	Contribution API	START	1674754546453
REQUEST		/updateProposal?contributionId=12755-Helps us to edit the proposal contribution.	1674754545653	1674754546477	KO	status.find.is(200), but actually found 403
USER	Contribution API	END	1674754546491
USER	Contribution API	END	1674754546505
USER	Contribution API	START	1674754546553
USER	Contribution API	END	1674754546579
REQUEST		/updateProposal?contributionId=12755-Helps us to edit the proposal contribution.	1674754545754	1674754546586	KO	status.find.is(200), but actually found 403
USER	Contribution API	START	1674754546653
USER	Contribution API	END	1674754546676
REQUEST		/updateProposal?contributionId=12755-Helps us to edit the proposal contribution.	1674754545854	1674754546682	KO	status.find.is(200), but actually found 403
USER	Contribution API	START	1674754546753
REQUEST		/updateProposal?contributionId=12755-Helps us to edit the proposal contribution.	1674754545954	1674754546778	KO	status.find.is(200), but actually found 403
USER	Contribution API	END	1674754546792
USER	Contribution API	START	1674754546853
USER	Contribution API	END	1674754546886
REQUEST		/updateProposal?contributionId=12755-Helps us to edit the proposal contribution.	1674754546054	1674754546890	KO	status.find.is(200), but actually found 403
USER	Contribution API	START	1674754546953
REQUEST		/updateProposal?contributionId=12755-Helps us to edit the proposal contribution.	1674754546154	1674754546978	KO	status.find.is(200), but actually found 403
USER	Contribution API	END	1674754547002
USER	Contribution API	START	1674754547053
REQUEST		/updateProposal?contributionId=12755-Helps us to edit the proposal contribution.	1674754546254	1674754547081	KO	status.find.is(200), but actually found 403
USER	Contribution API	END	1674754547088
USER	Contribution API	START	1674754547153
USER	Contribution API	END	1674754547181
REQUEST		/updateProposal?contributionId=12755-Helps us to edit the proposal contribution.	1674754546353	1674754547187	KO	status.find.is(200), but actually found 403
USER	Contribution API	START	1674754547253
REQUEST		/updateProposal?contributionId=12755-Helps us to edit the proposal contribution.	1674754546453	1674754547280	KO	status.find.is(200), but actually found 403
USER	Contribution API	END	1674754547287
USER	Contribution API	START	1674754547352
USER	Contribution API	END	1674754547378
REQUEST		/updateProposal?contributionId=12755-Helps us to edit the proposal contribution.	1674754546553	1674754547398	KO	status.find.is(200), but actually found 403
USER	Contribution API	START	1674754547453
USER	Contribution API	END	1674754547487
REQUEST		/updateProposal?contributionId=12755-Helps us to edit the proposal contribution.	1674754546653	1674754547488	KO	status.find.is(200), but actually found 403
USER	Contribution API	START	1674754547553
USER	Contribution API	END	1674754547592
REQUEST		/updateProposal?contributionId=12755-Helps us to edit the proposal contribution.	1674754546753	1674754547640	KO	status.find.is(200), but actually found 403
USER	Contribution API	START	1674754547653
USER	Contribution API	END	1674754547687
REQUEST		/updateProposal?contributionId=12755-Helps us to edit the proposal contribution.	1674754546854	1674754547699	KO	status.find.is(200), but actually found 403
USER	Contribution API	START	1674754547753
REQUEST		/updateProposal?contributionId=12755-Helps us to edit the proposal contribution.	1674754546954	1674754547786	KO	status.find.is(200), but actually found 403
USER	Contribution API	END	1674754547793
USER	Contribution API	START	1674754547853
USER	Contribution API	END	1674754547885
REQUEST		/updateProposal?contributionId=12755-Helps us to edit the proposal contribution.	1674754547054	1674754547931	KO	status.find.is(200), but actually found 403
USER	Contribution API	START	1674754547953
REQUEST		/updateProposal?contributionId=12755-Helps us to edit the proposal contribution.	1674754547154	1674754547985	KO	status.find.is(200), but actually found 403
USER	Contribution API	END	1674754547991
USER	Contribution API	START	1674754548053
REQUEST		/updateProposal?contributionId=12755-Helps us to edit the proposal contribution.	1674754547254	1674754548086	KO	status.find.is(200), but actually found 403
USER	Contribution API	END	1674754548094
USER	Contribution API	START	1674754548153
USER	Contribution API	END	1674754548192
USER	Contribution API	START	1674754548253
REQUEST		/updateProposal?contributionId=12755-Helps us to edit the proposal contribution.	1674754547353	1674754548263	KO	status.find.is(200), but actually found 403
USER	Contribution API	END	1674754548289
REQUEST		/updateProposal?contributionId=12755-Helps us to edit the proposal contribution.	1674754547453	1674754548311	KO	status.find.is(200), but actually found 403
USER	Contribution API	START	1674754548353
USER	Contribution API	END	1674754548386
REQUEST		/updateProposal?contributionId=12755-Helps us to edit the proposal contribution.	1674754547553	1674754548397	KO	status.find.is(200), but actually found 403
USER	Contribution API	START	1674754548453
USER	Contribution API	END	1674754548484
USER	Contribution API	START	1674754548553
REQUEST		/updateProposal?contributionId=12755-Helps us to edit the proposal contribution.	1674754547653	1674754548570	KO	status.find.is(200), but actually found 403
USER	Contribution API	END	1674754548591
USER	Contribution API	START	1674754548653
USER	Contribution API	END	1674754548691
REQUEST		/updateProposal?contributionId=12755-Helps us to edit the proposal contribution.	1674754547853	1674754548727	KO	status.find.is(200), but actually found 403
USER	Contribution API	START	1674754548754
USER	Contribution API	END	1674754548788
USER	Contribution API	START	1674754548853
USER	Contribution API	END	1674754548892
USER	Contribution API	START	1674754548953
REQUEST		/updateProposal?contributionId=12755-Helps us to edit the proposal contribution.	1674754547954	1674754548957	KO	status.find.is(200), but actually found 403
USER	Contribution API	END	1674754548996
REQUEST		/updateProposal?contributionId=12755-Helps us to edit the proposal contribution.	1674754548053	1674754549037	KO	status.find.is(200), but actually found 403
USER	Contribution API	START	1674754549053
REQUEST		/updateProposal?contributionId=12755-Helps us to edit the proposal contribution.	1674754547753	1674754549055	KO	status.find.is(200), but actually found 403
USER	Contribution API	END	1674754549070
USER	Contribution API	START	1674754549154
USER	Contribution API	END	1674754549189
REQUEST		/updateProposal?contributionId=12755-Helps us to edit the proposal contribution.	1674754548254	1674754549219	KO	status.find.is(200), but actually found 403
USER	Contribution API	START	1674754549254
USER	Contribution API	END	1674754549293
REQUEST		/updateProposal?contributionId=12755-Helps us to edit the proposal contribution.	1674754548353	1674754549352	KO	status.find.is(200), but actually found 403
REQUEST		/updateProposal?contributionId=12755-Helps us to edit the proposal contribution.	1674754548454	1674754549352	KO	status.find.is(200), but actually found 403
USER	Contribution API	START	1674754549352
USER	Contribution API	END	1674754549385
USER	Contribution API	START	1674754549452
USER	Contribution API	END	1674754549479
REQUEST		/updateProposal?contributionId=12755-Helps us to edit the proposal contribution.	1674754548554	1674754549534	KO	status.find.is(200), but actually found 403
USER	Contribution API	START	1674754549553
USER	Contribution API	END	1674754549588
USER	Contribution API	START	1674754549653
REQUEST		/updateProposal?contributionId=12755-Helps us to edit the proposal contribution.	1674754548654	1674754549671	KO	status.find.is(200), but actually found 403
USER	Contribution API	END	1674754549683
REQUEST		/updateProposal?contributionId=12755-Helps us to edit the proposal contribution.	1674754548754	1674754549746	KO	status.find.is(200), but actually found 403
USER	Contribution API	START	1674754549753
USER	Contribution API	END	1674754549779
REQUEST		/updateProposal?contributionId=12755-Helps us to edit the proposal contribution.	1674754548854	1674754549841	KO	status.find.is(200), but actually found 403
USER	Contribution API	START	1674754549853
USER	Contribution API	END	1674754549891
REQUEST		/updateProposal?contributionId=12755-Helps us to edit the proposal contribution.	1674754548954	1674754549901	KO	status.find.is(200), but actually found 403
USER	Contribution API	START	1674754549953
USER	Contribution API	END	1674754549979
REQUEST		/updateProposal?contributionId=12755-Helps us to edit the proposal contribution.	1674754549054	1674754549991	KO	status.find.is(200), but actually found 403
USER	Contribution API	START	1674754550053
USER	Contribution API	END	1674754550082
REQUEST		/updateProposal?contributionId=12755-Helps us to edit the proposal contribution.	1674754549154	1674754550091	KO	status.find.is(200), but actually found 403
REQUEST		/updateProposal?contributionId=12755-Helps us to edit the proposal contribution.	1674754549254	1674754550138	KO	status.find.is(200), but actually found 403
USER	Contribution API	START	1674754550153
USER	Contribution API	END	1674754550189
USER	Contribution API	START	1674754550253
REQUEST		/updateProposal?contributionId=12755-Helps us to edit the proposal contribution.	1674754549353	1674754550258	KO	status.find.is(200), but actually found 403
USER	Contribution API	END	1674754550282
REQUEST		/updateProposal?contributionId=12755-Helps us to edit the proposal contribution.	1674754549453	1674754550326	KO	status.find.is(200), but actually found 403
USER	Contribution API	START	1674754550353
REQUEST		/updateProposal?contributionId=12755-Helps us to edit the proposal contribution.	1674754548153	1674754550376	KO	status.find.is(200), but actually found 403
REQUEST		/updateProposal?contributionId=12755-Helps us to edit the proposal contribution.	1674754549553	1674754550389	KO	status.find.is(200), but actually found 403
USER	Contribution API	END	1674754550399
USER	Contribution API	START	1674754550453
USER	Contribution API	END	1674754550490
USER	Contribution API	START	1674754550553
REQUEST		/updateProposal?contributionId=12755-Helps us to edit the proposal contribution.	1674754549653	1674754550600	KO	status.find.is(200), but actually found 403
USER	Contribution API	END	1674754550642
REQUEST		/updateProposal?contributionId=12755-Helps us to edit the proposal contribution.	1674754549753	1674754550652	KO	status.find.is(200), but actually found 403
USER	Contribution API	START	1674754550653
REQUEST		/updateProposal?contributionId=12755-Helps us to edit the proposal contribution.	1674754549853	1674754550677	KO	status.find.is(200), but actually found 403
USER	Contribution API	END	1674754550700
USER	Contribution API	START	1674754550753
REQUEST		/updateProposal?contributionId=12755-Helps us to edit the proposal contribution.	1674754549953	1674754550786	KO	status.find.is(200), but actually found 403
USER	Contribution API	END	1674754550787
USER	Contribution API	START	1674754550853
USER	Contribution API	END	1674754550932
REQUEST		/updateProposal?contributionId=12755-Helps us to edit the proposal contribution.	1674754550053	1674754550947	KO	status.find.is(200), but actually found 403
USER	Contribution API	START	1674754550953
USER	Contribution API	END	1674754550986
REQUEST		