RUN	Simulations.Create	create	1673338297416	 	3.5.1
USER	Create  Scenario	START	1673338304022
USER	Create  Scenario	START	1673338304519
USER	Create  Scenario	START	1673338305020
REQUEST		Edit Proposal	1673338304051	1673338305369	KO	status.find.is(200), but actually found 405
REQUEST		Edit Proposal	1673338304519	1673338305395	KO	status.find.is(200), but actually found 405
USER	Create  Scenario	START	1673338305519
REQUEST		Edit Proposal	1673338305020	1673338305950	KO	status.find.is(200), but actually found 405
USER	Create  Scenario	START	1673338306019
REQUEST		Edit Proposal	1673338305520	1673338306435	KO	status.find.is(200), but actually found 405
USER	Create  Scenario	START	1673338306519
REQUEST		Edit Proposal	1673338306020	1673338306917	KO	status.find.is(200), but actually found 405
USER	Create  Scenario	START	1673338307019
REQUEST		Edit Proposal	1673338306520	1673338307478	KO	status.find.is(200), but actually found 405
USER	Create  Scenario	START	1673338307519
REQUEST		Edit Proposal	1673338307020	1673338307920	KO	status.find.is(200), but actually found 405
USER	Create  Scenario	START	1673338308019
USER	Create  Scenario	END	1673338308386
USER	Create  Scenario	END	1673338308396
REQUEST		Edit Proposal	1673338307519	1673338308413	KO	status.find.is(200), but actually found 405
USER	Create  Scenario	START	1673338308519
REQUEST		Edit Proposal	1673338308020	1673338308895	KO	status.find.is(200), but actually found 405
USER	Create  Scenario	END	1673338308951
USER	Create  Scenario	START	1673338309020
REQUEST		Edit Proposal	1673338308519	1673338309406	KO	status.find.is(200), but actually found 405
USER	Create  Scenario	END	1673338309436
USER	Create  Scenario	START	1673338309519
USER	Create  Scenario	END	1673338309918
REQUEST		Edit Proposal	1673338309021	1673338309947	KO	status.find.is(200), but actually found 405
USER	Create  Scenario	START	1673338310020
REQUEST		Edit Proposal	1673338309519	1673338310437	KO	status.find.is(200), but actually found 405
USER	Create  Scenario	END	1673338310479
USER	Create  Scenario	START	1673338310518
USER	Create  Scenario	END	1673338310922
REQUEST		Edit Proposal	1673338310020	1673338310965	KO	status.find.is(200), but actually found 405
USER	Create  Scenario	START	1673338311019
REQUEST		Edit Proposal	1673338310519	1673338311404	KO	status.find.is(200), but actually found 405
USER	Create  Scenario	END	1673338311414
USER	Create  Scenario	START	1673338311519
USER	Create  Scenario	END	1673338311896
REQUEST		Edit Proposal	1673338311019	1673338311917	KO	status.find.is(200), but actually found 405
USER	Create  Scenario	START	1673338312019
REQUEST		Edit Proposal	1673338311519	1673338312404	KO	status.find.is(200), but actually found 405
USER	Create  Scenario	END	1673338312407
USER	Create  Scenario	START	1673338312518
REQUEST		Edit Proposal	1673338312020	1673338312922	KO	status.find.is(200), but actually found 405
USER	Create  Scenario	END	1673338312948
USER	Create  Scenario	START	1673338313018
USER	Create  Scenario	END	1673338313438
REQUEST		Edit Proposal	1673338312519	1673338313442	KO	status.find.is(200), but actually found 405
USER	Create  Scenario	START	1673338313518
REQUEST		Edit Proposal	1673338313019	1673338313901	KO	status.find.is(200), but actually found 405
USER	Create  Scenario	END	1673338313966
USER	Create  Scenario	START	1673338314018
USER	Create  Scenario	END	1673338314405
REQUEST		Edit Proposal	1673338313519	1673338314431	KO	status.find.is(200), but actually found 405
USER	Create  Scenario	START	1673338314519
REQUEST		Edit Proposal	1673338314019	1673338314901	KO	status.find.is(200), but actually found 405
USER	Create  Scenario	END	1673338314918
USER	Create  Scenario	START	1673338315019
USER	Create  Scenario	END	1673338315405
REQUEST		Edit Proposal	1673338314519	1673338315409	KO	status.find.is(200), but actually found 405
USER	Create  Scenario	START	1673338315518
USER	Create  Scenario	END	1673338315923
REQUEST		Edit Proposal	1673338315019	1673338315934	KO	status.find.is(200), but actually found 405
USER	Create  Scenario	START	1673338316019
USER	Create  Scenario	END	1673338316444
REQUEST		Edit Proposal	1673338315519	1673338316465	KO	status.find.is(200), but actually found 405
USER	Create  Scenario	START	1673338316519
USER	Create  Scenario	END	1673338316902
USER	Create  Scenario	START	1673338317019
REQUEST		Edit Proposal	1673338316019	1673338317051	KO	status.find.is(200), but actually found 405
REQUEST		Edit Proposal	1673338316520	1673338317420	KO	status.find.is(200), but actually found 405
USER	Create  Scenario	END	1673338317433
USER	Create  Scenario	START	1673338317518
USER	Create  Scenario	END	1673338317902
REQUEST		Edit Proposal	1673338317019	1673338317919	KO	status.find.is(200), but actually found 405
USER	Create  Scenario	START	1673338318018
REQUEST		Edit Proposal	1673338317519	1673338318398	KO	status.find.is(200), but actually found 405
USER	Create  Scenario	END	1673338318410
USER	Create  Scenario	START	1673338318518
USER	Create  Scenario	END	1673338318935
USER	Create  Scenario	START	1673338319018
REQUEST		Edit Proposal	1673338318019	1673338319059	KO	status.find.is(200), but actually found 405
USER	Create  Scenario	END	1673338319466
USER	Create  Scenario	START	1673338319518
REQUEST		Edit Proposal	1673338318519	1673338319521	KO	status.find.is(200), but actually found 405
REQUEST		Edit Proposal	1673338319019	1673338320005	KO	status.find.is(200), but actually found 405
USER	Create  Scenario	START	1673338320018
USER	Create  Scenario	END	1673338320052
USER	Create  Scenario	END	1673338320423
REQUEST		Edit Proposal	1673338319519	1673338320427	KO	status.find.is(200), but actually found 405
USER	Create  Scenario	START	1673338320518
USER	Create  Scenario	END	1673338320921
USER	Create  Scenario	START	1673338321018
REQUEST		Edit Proposal	1673338320019	1673338321029	KO	status.find.is(200), but actually found 405
USER	Create  Scenario	END	1673338321400
REQUEST		Edit Proposal	1673338320519	1673338321412	KO	status.find.is(200), but actually found 405
USER	Create  Scenario	START	1673338321519
REQUEST		Edit Proposal	1673338321019	1673338321921	KO	status.find.is(200), but actually found 405
USER	Create  Scenario	START	1673338322019
USER	Create  Scenario	END	1673338322060
REQUEST		Edit Proposal	1673338321519	1673338322452	KO	status.find.is(200), but actually found 405
USER	Create  Scenario	START	1673338322518
USER	Create  Scenario	END	1673338322522
REQUEST		Edit Proposal	1673338322019	1673338322921	KO	status.find.is(200), but actually found 405
USER	Create  Scenario	END	1673338323006
USER	Create  Scenario	START	1673338323018
USER	Create  Scenario	END	1673338323429
USER	Create  Scenario	START	1673338323519
REQUEST		Edit Proposal	1673338323019	1673338323878	KO	status.find.is(200), but actually found 405
USER	Create  Scenario	START	1673338324019
USER	Create  Scenario	END	1673338324030
REQUEST		Edit Proposal	1673338322519	1673338324242	KO	status.find.is(200), but actually found 405
REQUEST		Edit Proposal	1673338323519	1673338324399	KO	status.find.is(200), but actually found 405
USER	Create  Scenario	END	1673338324413
USER	Create  Scenario	START	1673338324519
REQUEST		Edit Proposal	1673338324019	1673338324913	KO	status.find.is(200), but actually found 405
USER	Create  Scenario	END	1673338324922
USER	Create  Scenario	START	1673338325019
REQUEST		Edit Proposal	1673338324519	1673338325404	KO	status.find.is(200), but actually found 405
USER	Create  Scenario	END	1673338325454
USER	Create  Scenario	START	1673338325519
REQUEST		Edit Proposal	1673338325020	1673338325881	KO	status.find.is(200), but actually found 405
USER	Create  Scenario	END	1673338325922
USER	Create  Scenario	START	1673338326019
REQUEST		Edit Proposal	1673338325519	1673338326411	KO	status.find.is(200), but actually found 405
USER	Create  Scenario	START	1673338326519
USER	Create  Scenario	END	1673338326880
REQUEST		Edit Proposal	1673338326019	1673338326906	KO	status.find.is(200), but actually found 405
USER	Create  Scenario	START	1673338327019
USER	Create  Scenario	END	1673338327244
USER	Create  Scenario	END	1673338327400
REQUEST		Edit Proposal	1673338326519	1673338327478	KO	