RUN	Simulations.Create	create	1672830365933	 	3.5.1
USER	Create  Scenario	START	1672830372277
USER	Create  Scenario	START	1672830373271
USER	Create  Scenario	START	1672830374271
USER	Create  Scenario	START	1672830375271
USER	Create  Scenario	START	1672830376271
USER	Create  Scenario	START	1672830377271
REQUEST		Proposal	1672830373271	1672830377337	OK	 
REQUEST		Proposal	1672830372298	1672830377354	OK	 
USER	Create  Scenario	START	1672830378271
REQUEST		Proposal	1672830375271	1672830379254	OK	 
USER	Create  Scenario	START	1672830379271
REQUEST		Proposal	1672830376271	1672830380228	OK	 
USER	Create  Scenario	START	1672830380271
REQUEST		Contribution	1672830380361	1672830380668	KO	status.find.is(200), but actually found 405
REQUEST		Contribution	1672830380361	1672830380792	KO	status.find.is(200), but actually found 405
REQUEST		Proposal	1672830374272	1672830380852	OK	 
USER	Create  Scenario	START	1672830381271
REQUEST		Proposal	1672830377272	1672830381284	OK	 
USER	Create  Scenario	START	1672830382271
REQUEST		Contribution	1672830382255	1672830382561	KO	status.find.is(200), but actually found 405
REQUEST		Proposal	1672830378272	1672830382898	OK	 
USER	Create  Scenario	START	1672830383271
REQUEST		Proposal	1672830379271	1672830383396	OK	 
REQUEST		Contribution	1672830383229	1672830383546	KO	status.find.is(200), but actually found 405
USER	Create  Scenario	END	1672830383676
USER	Create  Scenario	END	1672830383793
REQUEST		Contribution	1672830383853	1672830384160	KO	status.find.is(200), but actually found 405
USER	Create  Scenario	START	1672830384270
REQUEST		Proposal	1672830380271	1672830384330	OK	 
REQUEST		Contribution	1672830384285	1672830384595	KO	status.find.is(200), but actually found 405
USER	Create  Scenario	START	1672830385271
REQUEST		Proposal	1672830381271	1672830385327	OK	 
USER	Create  Scenario	END	1672830385562
REQUEST		Contribution	1672830385899	1672830386205	KO	status.find.is(200), but actually found 405
USER	Create  Scenario	START	1672830386271
REQUEST		Proposal	1672830382271	1672830386310	OK	 
USER	Create  Scenario	END	1672830386548
REQUEST		Contribution	1672830386397	1672830386702	KO	status.find.is(200), but actually found 405
USER	Create  Scenario	END	1672830387162
USER	Create  Scenario	START	1672830387271
USER	Create  Scenario	END	1672830387597
REQUEST		Contribution	1672830387331	1672830387655	KO	status.find.is(200), but actually found 405
REQUEST		Proposal	1672830383271	1672830388169	OK	 
USER	Create  Scenario	START	1672830388271
REQUEST		Proposal	1672830384271	1672830388311	OK	 
REQUEST		Contribution	1672830388328	1672830388634	KO	status.find.is(200), but actually found 405
USER	Create  Scenario	END	1672830389207
REQUEST		Proposal	1672830385272	1672830389243	OK	 
USER	Create  Scenario	START	1672830389271
REQUEST		Contribution	1672830389312	1672830389616	KO	status.find.is(200), but actually found 405
USER	Create  Scenario	END	1672830389703
USER	Create  Scenario	START	1672830390271
USER	Create  Scenario	END	1672830390657
USER	Create  Scenario	START	1672830391271
REQUEST		Proposal	1672830387271	1672830391350	OK	 
REQUEST		Contribution	1672830391171	1672830391595	KO	status.find.is(200), but actually found 405
REQUEST		Contribution	1672830391313	1672830391630	KO	status.find.is(200), but actually found 405
USER	Create  Scenario	END	1672830391635
REQUEST		Proposal	1672830388271	1672830392183	OK	 
USER	Create  Scenario	START	1672830392270
REQUEST		Contribution	1672830392244	1672830392617	KO	status.find.is(200), but actually found 405
USER	Create  Scenario	END	1672830392618
REQUEST		Proposal	1672830386272	1672830392868	OK	 
USER	Create  Scenario	START	1672830393271
REQUEST		Proposal	1672830389272	1672830393556	OK	 
USER	Create  Scenario	START	1672830394271
USER	Create  Scenario	END	1672830394597
USER	Create  Scenario	END	1672830394632
REQUEST		Contribution	1672830394351	1672830394668	KO	status.find.is(200), but actually found 405
USER	Create  Scenario	START	1672830395271
REQUEST		Proposal	1672830390272	1672830395364	OK	 
REQUEST		Proposal	1672830391272	1672830395380	OK	 
REQUEST		Contribution	1672830395184	1672830395509	KO	status.find.is(200), but actually found 405
USER	Create  Scenario	END	1672830395619
REQUEST		Contribution	1672830395869	1672830396183	KO	status.find.is(200), but actually found 405
USER	Create  Scenario	START	1672830396271
REQUEST		Proposal	1672830392271	1672830396367	OK	 
REQUEST		Contribution	1672830396557	1672830396866	KO	status.find.is(200), but actually found 405
USER	Create  Scenario	START	1672830397271
USER	Create  Scenario	END	1672830397669
USER	Create  Scenario	START	1672830398270
REQUEST		Proposal	1672830394271	1672830398367	OK	 
USER	Create  Scenario	END	1672830398511
REQUEST		Contribution	1672830398365	1672830398671	KO	status.find.is(200), but actually found 405
REQUEST		Contribution	1672830398382	1672830398686	KO	status.find.is(200), but actually found 405
USER	Create  Scenario	END	1672830399185
USER	Create  Scenario	START	1672830399271
REQUEST		Contribution	1672830399368	1672830399675	KO	status.find.is(200), but actually found 405
USER	Create  Scenario	END	1672830399866
REQUEST		Proposal	1672830395271	1672830400059	OK	 
USER	Create  Scenario	START	1672830400271
REQUEST		Proposal	1672830396271	1672830400597	OK	 
USER	Create  Scenario	START	1672830401271
REQUEST		Proposal	1672830393271	1672830401389	OK	 
USER	Create  Scenario	END	1672830401673
REQUEST		Contribution	1672830401368	1672830401673	KO	status.find.is(200), but actually found 405
USER	Create  Scenario	END	1672830401687
REQUEST		Proposal	1672830397271	1672830401886	OK	 
USER	Create  Scenario	START	1672830402271
USER	Create  Scenario	END	1672830402676
USER	Create  Scenario	START	1672830403271
REQUEST		Contribution	1672830403060	1672830403423	KO	status.find.is(200), but actually found 405
REQUEST		Proposal	1672830399271	1672830403427	OK	 
REQUEST		Contribution	1672830403598	1672830403907	KO	status.find.is(200), but actually found 405
USER	Create  Scenario	START	1672830404271
REQUEST		Proposal	1672830398271	1672830404302	OK	 
REQUEST		Proposal	1672830400271	1672830404308	OK	 
USER	Create  Scenario	END	1672830404675
REQUEST		Contribution	1672830404390	1672830404713	KO	status.find.is(200), but actually found 405
REQUEST		Contribution	1672830404887	1672830405194	KO	status.find.is(200), but actually found 405
USER	Create  Scenario	START	1672830405271
REQUEST		Proposal	1672830401272	1672830406193	OK	 
USER	Create  Scenario	START	1672830406270
REQUEST		Proposal	1672830402271	1672830406289	OK	 
USER	Create  Scenario	END	1672830406424
REQUEST		Contribution	1672830406427	1672830406740	KO	status.find.is(200), but actually found 405
USER	Create  Scenario	END	1672830406908
USER	Create  Scenario	START	1672830407271
REQUEST		Contribution	1672830407303	1672830407611	KO	status.find.is(200), but actually found 405
REQUEST		Contribution	1672830407309	1672830407618	KO	status.find.is(200), but actually found 405
USER	Create  Scenario	END	1672830407714
REQUEST		Proposal	1672830403271	1672830407743	OK	 
USER	Create  Scenario	END	1672830408195
USER	Create  Scenario	START	1672830408271
REQUEST		Proposal	1672830404271	1672830409126	OK	 
REQUEST		Proposal	1672830405271	1672830409269	OK	 
USER	Create  Scenario	START	1672830409271
REQUEST		Contribution	1672830409194	1672830409499	KO	status.find.is(200), but actually found 405
REQUEST		Contribution	1672830409290	1672830409594	KO	status.find.is(200), but actually found 405
USER	Create  Scenario	END	1672830409741
REQUEST		Proposal	1672830406271	1672830410245	OK	 
USER	Create  Scenario	START	1672830410270
USER	Create  Scenario	END	1672830410612
USER	Create  Scenario	END	1672830410619
REQUEST		Contribution	1672830410744	1672830411049	KO	status.find.is(200), but actually found 405
USER	Create  Scenario	START	1672830411271
USER	Create  Scenario	START	1672830412271
REQUEST		Proposal	1672830408271	1672830412320	OK	 
REQUEST		Contribution	1672830412127	1672830412426	KO	status.find.is(200), but actually found 405
USER	Create  Scenario	END	1672830412500
REQUEST		Contribution	1672830412270	1672830412571	KO	status.find.is(200), but actually found 405
USER	Create  Scenario	END	1672830412595
USER	Create  Scenario	START	1672830413271
REQUEST		Contribution	1672830413246	1672830413552	KO	status.find.is(200), but actually found 405
USER	Create  Scenario	END	1672830414050
USER	Create  Scenario	START	1672830414270
REQUEST		Proposal	1672830410271	1672830414413	OK	 
REQUEST		Proposal	1672830407272	1672830414609	OK	 
REQUEST		Proposal	1672830409271	1672830414675	OK	 
USER	Create  Scenario	START	1672830415271
USER	Create  Scenario	END	1672830415427
USER	Create  Scenario	END	1672830415573
REQUEST		Contribution	1672830415321	1672830415626	KO	status.find.is(200), but actually found 405
REQUEST		Proposal	1672830411272	1672830416170	OK	 
USER	Create  Scenario	START	1672830416271
USER	Create  Scenario	END	1672830416553
USER	Create  Scenario	START	1672830417271
REQUEST		Proposal	1672830413271	1672830417298	OK	 
REQUEST		Contribution	1672830417415	1672830417720	KO	status.find.is(200), but actually found 405
REQUEST		Contribution	1672830417610	1672830417933	KO	status.find.is(200), but actually found 405
REQUEST		Contribution	1672830417676	1672830417980	KO	status.find.is(200), but actually found 405
REQUEST		Proposal	1672830414271	1672830418267	OK	 
USER	Create  Scenario	START	1672830418272
USER	Create  Scenario	END	1672830418628
REQUEST		Proposal	1672830415271	1672830419168	OK	 
USER	Create  Scenario	START	1672830419271
REQUEST		Contribution	1672830419171	1672830419475	KO	status.find.is(200), but actually found 405
USER	Create  Scenario	START	1672830420271
REQUEST		Contribution	1672830420299	1672830420602	KO	status.find.is(200), but actually found 405
USER	Create  Scenario	END	1672830420721
USER	Create  Scenario	END	1672830420934
USER	Create  Scenario	END	1672830420981
USER	Create  Scenario	START	1672830421271
REQUEST		Proposal	1672830412271	1672830421358	OK	 
REQUEST		Contribution	1672830421268	1672830421593	KO	status.find.is(200), but actually found 405
REQUEST		Proposal	1672830417272	1672830421761	OK	 
USER	Create  Scenario	START	1672830422271
REQUEST		Contribution	1672830422168	1672830422470	KO	status.find.is(200), but actually found 405
USER	Create  Scenario	END	1672830422476
REQUEST		Proposal	1672830416271	1672830422587	OK	 
REQUEST		Proposal	1672830418272	1672830422820	OK	 
USER	Create  Scenario	START	1672830423271
USER	Create  Scenario	END	1672830423603
REQUEST		Proposal	1672830420272	1672830424253	OK	 
USER	Create  Scenario	START	1672830424271
USER	Create  Scenario	END	1672830424595
REQUEST		Contribution	1672830424359	1672830424668	KO	status.find.is(200), but actually found 405
REQUEST		Contribution	1672830424762	1672830425067	KO	status.find.is(200), but actually found 405
REQUEST		Proposal	1672830421271	1672830425253	OK	 
USER	Create  Scenario	START	1672830425271
USER	Create  Scenario	END	1672830425472
REQUEST		Contribution	1672830425588	1672830425899	KO	status.find.is(200), but actually found 405
REQUEST		Contribution	1672830425821	1672830426131	KO	status.find.is(200), but actually found 405
REQUEST		Proposal	1672830422271	1672830426222	OK	 
USER	Create  Scenario	START	1672830426271
REQUEST		Proposal	1672830423271	1672830427247	OK	 
USER	Create  Scenario	START	1672830427271
REQUEST		Contribution	1672830427255	1672830427561	KO	status.find.is(200), but actually found 405
USER	Create  Scenario	END	1672830427670
USER	Create  Scenario	END	1672830428069
USER	Create  Scenario	START	1672830428271
REQUEST		Contribution	1672830428254	1672830428565	KO	status.find.is(200), but actually found 405
USER	Create  Scenario	END	1672830428900
USER	Create  Scenario	END	1672830429133
USER	Create  Scenario	START	1672830429271
REQUEST		Proposal	1672830425272	1672830429324	OK	 
REQUEST		Contribution	1672830429223	1672830429537	KO	status.find.is(200), but actually found 405
REQUEST		Proposal	1672830419271	1672830429787	OK	 
USER	Create  Scenario	START	1672830430271
REQUEST		Contribution	1672830430248	1672830430552	KO	status.find.is(200), but actually found 405
USER	Create  Scenario	END	1672830430563
REQUEST		Proposal	1672830426272	1672830430620	OK	 
REQUEST		Proposal	1672830424272	1672830430627	OK	 
USER	Create  Scenario	START	1672830431271
USER	Create  Scenario	END	1672830431566
USER	Create  Scenario	START	1672830432271
REQUEST		Proposal	1672830428272	1672830432391	OK	 
USER	Create  Scenario	END	1672830432538
REQUEST		Contribution	1672830432325	1672830432634	KO	status.find.is(200), but actually found 405
REQUEST		Contribution	1672830432788	1672830433093	KO	status.find.is(200), but actually found 405
USER	Create  Scenario	START	1672830433271
USER	Create  Scenario	END	1672830433553
REQUEST		Proposal	1672830427271	1672830433935	OK	 
REQUEST		Contribution	1672830433628	1672830433943	KO	status.find.is(200), but actually found 405
REQUEST		Contribution	1672830433621	1672830433994	KO	status.find.is(200), but actually found 405
USER	Create  Scenario	START	1672830434271
REQUEST		Proposal	1672830429271	1672830434331	OK	 
USER	Create  Scenario	START	1672830435270
USER	Create  Scenario	END	1672830435635
REQUEST		Contribution	1672830435392	1672830435693	KO	status.find.is(200), but actually found 405
USER	Create  Scenario	END	1672830436094
USER	Create  Scenario	START	1672830436271
REQUEST		Proposal	1672830432271	1672830436830	OK	 
USER	Create  Scenario	END	1672830436945
USER	Create  Scenario	END	1672830436995
REQUEST		Contribution	1672830436936	1672830437246	KO	status.find.is(200), but actually found 405
USER	Create  Scenario	START	1672830437271
REQUEST		Contribution	1672830437332	1672830437634	KO	status.find.is(200), but actually found 405
REQUEST		Proposal	1672830431271	1672830438237	OK	 
USER	Create  Scenario	START	1672830438271
USER	Create  Scenario	END	1672830438695
REQUEST		Proposal	1672830430271	1672830438913	OK	 
USER	Create  Scenario	START	1672830439271
REQUEST		Proposal	1672830435271	1672830439452	OK	 
REQUEST		Proposal	1672830433272	1672830440079	OK	 
REQUEST		Contribution	1672830439832	1672830440142	KO	status.find.is(200), but actually found 405
USER	Create  Scenario	END	1672830440247
USER	Create  Scenario	START	1672830440271
USER	Create  Scenario	END	1672830440635
USER	Create  Scenario	START	1672830441270
REQUEST		Proposal	1672830437271	1672830441281	OK	 
REQUEST		Contribution	1672830441238	1672830441548	KO	status.find.is(200), but actually found 405
REQUEST		Contribution	1672830441914	1672830442228	KO	status.find.is(200), but actually found 405
USER	Create  Scenario	START	1672830442271
REQUEST		Proposal	1672830438271	1672830442425	OK	 
REQUEST		Contribution	1672830442452	1672830442760	KO	status.find.is(200), but actually found 405
REQUEST		Proposal	1672830436271	1672830442981	OK	 
USER	Create  Scenario	END	1672830443144
USER	Create  Scenario	START	1672830443271
REQUEST		Contribution	1672830443080	1672830443391	KO	status.find.is(200), but actually found 405
USER	Create  Scenario	START	1672830444271
USER	Create  Scenario	END	1672830444550
REQUEST		Contribution	1672830444282	1672830444596	KO	status.find.is(200), but actually found 405
REQUEST		Proposal	1672830439271	1672830444951	OK	 
USER	Create  Scenario	END	1672830445229
REQUEST		Proposal	1672830441271	1672830445256	OK	 
USER	Create  Scenario	START	1672830445271
REQUEST		Contribution	1672830445426	1672830445731	KO	status.find.is(200), but actually found 405
USER	Create  Scenario	END	1672830445761
USER	Create  Scenario	START	1672830446271
REQUEST		Proposal	1672830442271	1672830446313	OK	 
REQUEST		Contribution	1672830445982	1672830446314	KO	status.find.is(200), but actually found 405
USER	Create  Scenario	END	1672830446392
USER	Create  Scenario	START	1672830447271
REQUEST		Proposal	1672830443271	1672830447298	OK	 
USER	Create  Scenario	END	1672830447597
REQUEST		Proposal	1672830434271	1672830447603	OK	 
REQUEST		Contribution	1672830447952	1672830448262	KO	status.find.is(200), but actually found 405
USER	Create  Scenario	START	1672830448270
REQUEST		Proposal	1672830444271	1672830448506	OK	 
REQUEST		Contribution	1672830448256	1672830448563	KO	status.find.is(200), but actually found 405
USER	Create  Scenario	END	1672830448732
USER	Create  Scenario	START	1672830449271
USER	Create  Scenario	END	1672830449315
REQUEST		Contribution	1672830449314	1672830449630	KO	status.find.is(200), but actually found 405
REQUEST		Proposal	1672830445271	1672830450192	OK	 
USER	Create  Scenario	START	1672830450271
REQUEST		Contribution	1672830450299	1672830450609	KO	status.find.is(200), but actually found 405
REQUEST		Contribution	1672830450604	1672830450931	KO	status.find.is(200), but actually found 405
REQUEST		Proposal	1672830447271	1672830451235	OK	 
USER	Create  Scenario	END	1672830451263
USER	Create  Scenario	START	1672830451271
USER	Create  Scenario	END	1672830451564
REQUEST		Contribution	1672830451507	1672830451820	KO	status.find.is(200), but actually found 405
USER	Create  Scenario	START	1672830452270
REQUEST		Proposal	1672830448271	1672830452309	OK	 
REQUEST		Proposal	1672830446271	1672830452331	OK	 
USER	Create  Scenario	END	1672830452632
USER	Create  Scenario	START	1672830453270
REQUEST		Proposal	1672830440272	1672830453352	OK	 
REQUEST		Contribution	1672830453193	1672830453502	KO	status.find.is(200), but actually found 405
USER	Create  Scenario	END	1672830453610
USER	Create  Scenario	END	1672830453933
REQUEST		Proposal	1672830449271	1672830454167	OK	 
USER	Create  Scenario	START	1672830454271
REQUEST		Contribution	1672830454236	1672830454536	KO	status.find.is(200), but actually found 405
USER	Create  Scenario	END	1672830454821
USER	Create  Scenario	START	1672830455271
REQUEST		Proposal	1672830451271	1672830455398	OK	 
REQUEST		Contribution	1672830455310	1672830455653	KO	status.find.is(200), but actually found 405
REQUEST		Contribution	1672830455332	1672830455653	KO	status.find.is(200), but actually found 405
REQUEST		Proposal	1672830452271	1672830456244	OK	 
USER	Create  Scenario	START	1672830456270
USER	Create  Scenario	END	1672830456503
REQUEST		Contribution	1672830456353	1672830456670	KO	status.find.is(200), but actually found 405
REQUEST		Proposal	1672830450272	1672830457002	OK	 
REQUEST		Proposal	1672830453271	1672830457239	OK	 
USER	Create  Scenario	START	1672830457271
REQUEST		Contribution	1672830457168	1672830457473	KO	status.find.is(200), but actually found 405
USER	Create  Scenario	END	1672830457538
USER	Create  Scenario	START	1672830458270
USER	Create  Scenario	END	1672830458654
USER	Create  Scenario	END	1672830458654
REQUEST		Contribution	1672830458399	1672830458763	KO	status.find.is(200), but actually found 405
USER	Create  Scenario	START	1672830459270
REQUEST		Proposal	1672830455271	1672830459296	OK	 
REQUEST		Contribution	1672830459245	1672830459543	KO	status.find.is(200), but actually found 405
USER	Create  Scenario	END	1672830459672
USER	Create  Scenario	START	1672830460271
REQUEST		Contribution	1672830460003	1672830460305	KO	status.find.is(200), but actually found 405
REQUEST		Proposal	1672830456270	1672830460395	OK	 
USER	Create  Scenario	END	1672830460474
REQUEST		Contribution	1672830460240	1672830460545	KO	status.find.is(200), but actually found 405
REQUEST		Proposal	1672830454271	1672830460823	OK	 
USER	Create  Scenario	START	1672830461271
USER	Create  Scenario	END	1672830461764
REQUEST		Proposal	1672830458271	1672830462209	OK	 
USER	Create  Scenario	START	1672830462270
USER	Create  Scenario	END	1672830462545
REQUEST		Contribution	1672830462297	1672830462603	KO	status.find.is(200), but actually found 405
REQUEST		Proposal	1672830459271	1672830463207	OK	 
USER	Create  Scenario	START	1672830463271
USER	Create  Scenario	END	1672830463307
USER	Create  Scenario	END	1672830463546
REQUEST		Proposal	1672830457272	1672830463684	OK	 
REQUEST		Contribution	1672830463396	1672830463699	KO	status.find.is(200), but actually found 405
REQUEST		Contribution	1672830463824	1672830464126	KO	status.find.is(200), but actually found 405
REQUEST		Proposal	1672830460272	1672830464259	OK	 
USER	Create  Scenario	START	1672830464271
USER	Create  Scenario	START	1672830465270
REQUEST		Contribution	1672830465210	1672830465517	KO	status.find.is(200), but actually found 405
USER	Create  Scenario	END	1672830465604
REQUEST		Proposal	1672830461271	1672830466110	OK	 
USER	Create  Scenario	START	1672830466271
REQUEST		Proposal	1672830462271	1672830466299	OK	 
REQUEST		Contribution	1672830466208	1672830466512	KO	status.find.is(200), but actually found 405
USER	Create  Scenario	END	1672830466700
REQUEST		Contribution	1672830466685	1672830466987	KO	status.find.is(200), but actually found 405
USER	Create  Scenario	END	1672830467128
REQUEST		Proposal	1672830463271	1672830467265	OK	 
USER	Create  Scenario	START	1672830467271
REQUEST		Contribution	1672830467260	1672830467570	KO	status.find.is(200), but actually found 405
USER	Create  Scenario	START	1672830468271
USER	Create  Scenario	END	1672830468518
REQUEST		Proposal	1672830465271	1672830469254	OK	 
USER	Create  Scenario	START	1672830469271
REQUEST		Contribution	1672830469111	1672830469446	KO	status.find.is(200), but actually found 405
USER	Create  Scenario	END	1672830469513
REQUEST		Contribution	1672830469300	1672830469618	KO	status.find.is(200), but actually found 405
USER	Create  Scenario	END	1672830469988
USER	Create  Scenario	START	1672830470271
REQUEST		Proposal	1672830466271	1672830470322	OK	 
REQUEST		Contribution	1672830470266	1672830470571	KO	status.find.is(200), but actually found 405
USER	Create  Scenario	END	1672830470571
REQUEST		Proposal	1672830464271	1672830470731	OK	 
REQUEST		Proposal	1672830467271	1672830471253	OK	 
USER	Create  Scenario	START	1672830471271
USER	Create  Scenario	END	1672830472448
REQUEST		Contribution	1672830472255	1672830472565	KO	status.find.is(200), but actually found 405
USER	Create  Scenario	END	1672830472619
REQUEST		Proposal	1672830469271	1672830473217	OK	 
USER	Create  Scenario	END	1672830473572
REQUEST		Contribution	1672830473323	1672830473642	KO	status.find.is(200), but actually found 405
REQUEST		Contribution	1672830473732	1672830474032	KO	status.find.is(200), but actually found 405
REQUEST		Proposal	1672830470271	1672830474161	OK	 
REQUEST		Contribution	1672830474254	1672830474553	KO	status.find.is(200), but actually found 405
REQUEST		Proposal	1672830468271	1672830474780	OK	 
REQUEST		Proposal	1672830471271	1672830475248	OK	 
USER	Create  Scenario	END	1672830475566
REQUEST		Contribution	1672830476218	1672830476609	KO	status.find.is(200), but actually found 405
USER	Create  Scenario	END	1672830476644
USER	Create  Scenario	END	1672830477033
REQUEST		Contribution	1672830477162	1672830477532	KO	status.find.is(200), but actually found 405
USER	Create  Scenario	END	1672830477554
REQUEST		Contribution	1672830477781	1672830478144	KO	status.find.is(200), but actually found 405
REQUEST		Contribution	1672830478249	1672830478554	KO	status.find.is(200), but actually found 405
USER	Create  Scenario	END	1672830479610
USER	Create  Scenario	END	1672830480533
USER	Create  Scenario	END	1672830481146
USER	Create  Scenario	END	1672830481555
