RUN	Simulations.Create	create	1672828538246	 	3.5.1
USER	Create  Scenario	START	1672828544545
USER	Create  Scenario	START	1672828545541
USER	Create  Scenario	START	1672828546541
USER	Create  Scenario	START	1672828547540
USER	Create  Scenario	START	1672828548541
USER	Create  Scenario	START	1672828549540
USER	Create  Scenario	START	1672828550541
USER	Create  Scenario	START	1672828551541
USER	Create  Scenario	START	1672828552541
USER	Create  Scenario	START	1672828553541
REQUEST		Proposal	1672828544568	1672828554418	OK	 
USER	Create  Scenario	START	1672828554540
REQUEST		Proposal	1672828545542	1672828555328	OK	 
USER	Create  Scenario	START	1672828555541
USER	Create  Scenario	START	1672828556541
REQUEST		Proposal	1672828546541	1672828556697	OK	 
USER	Create  Scenario	START	1672828557541
REQUEST		Contribution	1672828557445	1672828557783	KO	status.find.is(200), but actually found 405
REQUEST		Proposal	1672828548542	1672828558345	OK	 
USER	Create  Scenario	START	1672828558540
REQUEST		Contribution	1672828558330	1672828558644	KO	status.find.is(200), but actually found 405
REQUEST		Proposal	1672828547541	1672828558760	OK	 
REQUEST		Proposal	1672828549541	1672828559350	OK	 
USER	Create  Scenario	START	1672828559541
REQUEST		Contribution	1672828559699	1672828560017	KO	status.find.is(200), but actually found 405
REQUEST		Proposal	1672828550541	1672828560309	OK	 
USER	Create  Scenario	START	1672828560540
USER	Create  Scenario	END	1672828560790
REQUEST		Proposal	1672828551541	1672828561322	OK	 
USER	Create  Scenario	START	1672828561541
USER	Create  Scenario	END	1672828561646
REQUEST		Contribution	1672828561346	1672828561665	KO	status.find.is(200), but actually found 405
REQUEST		Contribution	1672828561762	1672828562081	KO	status.find.is(200), but actually found 405
USER	Create  Scenario	START	1672828562541
REQUEST		Contribution	1672828562352	1672828562667	KO	status.find.is(200), but actually found 405
USER	Create  Scenario	END	1672828563019
USER	Create  Scenario	START	1672828563540
REQUEST		Contribution	1672828563310	1672828563640	KO	status.find.is(200), but actually found 405
USER	Create  Scenario	START	1672828564540
REQUEST		Contribution	1672828564324	1672828564663	KO	status.find.is(200), but actually found 405
USER	Create  Scenario	END	1672828564666
USER	Create  Scenario	END	1672828565082
USER	Create  Scenario	START	1672828565541
USER	Create  Scenario	END	1672828565669
REQUEST		Proposal	1672828555542	1672828565750	OK	 
REQUEST		Proposal	1672828561542	1672828566436	OK	 
USER	Create  Scenario	START	1672828566540
USER	Create  Scenario	END	1672828566642
REQUEST		Proposal	1672828556541	1672828567092	OK	 
USER	Create  Scenario	START	1672828567540
USER	Create  Scenario	END	1672828567664
USER	Create  Scenario	START	1672828568541
REQUEST		Proposal	1672828562542	1672828569053	OK	 
REQUEST		Contribution	1672828568751	1672828569101	KO	status.find.is(200), but actually found 405
USER	Create  Scenario	START	1672828569540
REQUEST		Proposal	1672828564541	1672828569575	OK	 
REQUEST		Contribution	1672828569437	1672828569762	KO	status.find.is(200), but actually found 405
USER	Create  Scenario	START	1672828570541
REQUEST		Contribution	1672828570093	1672828570650	KO	status.find.is(200), but actually found 405
REQUEST		Proposal	1672828565541	1672828571533	OK	 
USER	Create  Scenario	START	1672828571540
REQUEST		Proposal	1672828559542	1672828571606	OK	 
REQUEST		Proposal	1672828552542	1672828572049	OK	 
USER	Create  Scenario	END	1672828572102
REQUEST		Contribution	1672828572054	1672828572371	KO	status.find.is(200), but actually found 405
USER	Create  Scenario	START	1672828572540
USER	Create  Scenario	END	1672828572764
REQUEST		Contribution	1672828572576	1672828572887	KO	status.find.is(200), but actually found 405
USER	Create  Scenario	START	1672828573541
USER	Create  Scenario	END	1672828573651
REQUEST		Proposal	1672828567541	1672828573891	OK	 
REQUEST		Proposal	1672828558541	1672828574127	OK	 
USER	Create  Scenario	START	1672828574541
REQUEST		Contribution	1672828574534	1672828574929	KO	status.find.is(200), but actually found 405
REQUEST		Contribution	1672828574607	1672828575001	KO	status.find.is(200), but actually found 405
USER	Create  Scenario	END	1672828575372
REQUEST		Contribution	1672828575050	1672828575401	KO	status.find.is(200), but actually found 405
USER	Create  Scenario	START	1672828575540
REQUEST		Proposal	1672828570541	1672828575645	OK	 
REQUEST		Proposal	1672828566541	1672828575858	OK	 
USER	Create  Scenario	END	1672828575889
REQUEST		Proposal	1672828571540	1672828576263	OK	 
USER	Create  Scenario	START	1672828576540
REQUEST		Contribution	1672828576892	1672828577210	KO	status.find.is(200), but actually found 405
REQUEST		Contribution	1672828577128	1672828577442	KO	status.find.is(200), but actually found 405
USER	Create  Scenario	START	1672828577541
USER	Create  Scenario	END	1672828577930
USER	Create  Scenario	END	1672828578002
USER	Create  Scenario	END	1672828578403
USER	Create  Scenario	START	1672828578541
REQUEST		Contribution	1672828578646	1672828578968	KO	status.find.is(200), but actually found 405
REQUEST		Contribution	1672828578859	1672828579172	KO	status.find.is(200), but actually found 405
USER	Create  Scenario	START	1672828579541
REQUEST		Contribution	1672828579264	1672828579625	KO	status.find.is(200), but actually found 405
USER	Create  Scenario	END	1672828580212
USER	Create  Scenario	END	1672828580444
USER	Create  Scenario	START	1672828580540
REQUEST		Proposal	1672828575541	1672828580769	OK	 
REQUEST		Proposal	1672828563541	1672828581176	OK	 
REQUEST		Proposal	1672828576541	1672828581423	OK	 
USER	Create  Scenario	START	1672828581540
USER	Create  Scenario	END	1672828581970
REQUEST		Proposal	1672828577541	1672828582135	OK	 
USER	Create  Scenario	END	1672828582173
USER	Create  Scenario	START	1672828582541
USER	Create  Scenario	END	1672828582626
REQUEST		Proposal	1672828568541	1672828582981	OK	 
USER	Create  Scenario	START	1672828583541
REQUEST		Proposal	1672828579541	1672828584223	OK	 
REQUEST		Contribution	1672828584177	1672828584486	KO	status.find.is(200), but actually found 405
USER	Create  Scenario	START	1672828584540
REQUEST		Contribution	1672828583770	1672828584663	KO	status.find.is(200), but actually found 405
REQUEST		Contribution	1672828584424	1672828584744	KO	status.find.is(200), but actually found 405
REQUEST		Proposal	1672828554541	1672828584791	OK	 
REQUEST		Proposal	1672828580541	1672828585158	OK	 
REQUEST		Contribution	1672828585136	1672828585458	KO	status.find.is(200), but actually found 405
USER	Create  Scenario	START	1672828585541
REQUEST		Contribution	1672828585982	1672828586297	KO	status.find.is(200), but actually found 405
REQUEST		Proposal	1672828581541	1672828586396	OK	 
USER	Create  Scenario	START	1672828586540
USER	Create  Scenario	END	1672828587487
REQUEST		Contribution	1672828587224	1672828587535	KO	status.find.is(200), but actually found 405
USER	Create  Scenario	START	1672828587541
USER	Create  Scenario	END	1672828587665
USER	Create  Scenario	END	1672828587746
REQUEST		Contribution	1672828587792	1672828588185	KO	status.find.is(200), but actually found 405
USER	Create  Scenario	END	1672828588459
REQUEST		Contribution	1672828588159	1672828588540	KO	status.find.is(200), but actually found 405
USER	Create  Scenario	START	1672828588540
REQUEST		Proposal	1672828553541	1672828588648	OK	 
REQUEST		Proposal	1672828560541	1672828588694	OK	 
REQUEST		Proposal	1672828572541	1672828588787	OK	 
USER	Create  Scenario	END	1672828589298
REQUEST		Proposal	1672828584541	1672828589457	OK	 
USER	Create  Scenario	START	1672828589540
REQUEST		Contribution	1672828589397	1672828589706	KO	status.find.is(200), but actually found 405
REQUEST		Proposal	1672828585542	1672828590095	OK	 
USER	Create  Scenario	END	1672828590536
USER	Create  Scenario	START	1672828590540
REQUEST		Proposal	1672828583541	1672828590874	OK	 
USER	Create  Scenario	END	1672828591186
USER	Create  Scenario	END	1672828591541
USER	Create  Scenario	START	1672828591541
REQUEST		Proposal	1672828557542	1672828591617	OK	 
REQUEST		Contribution	1672828591649	1672828591959	KO	status.find.is(200), but actually found 405
REQUEST		Contribution	1672828591695	1672828592005	KO	status.find.is(200), but actually found 405
REQUEST		Contribution	1672828591788	1672828592106	KO	status.find.is(200), but actually found 405
USER	Create  Scenario	START	1672828592541
USER	Create  Scenario	END	1672828592708
REQUEST		Proposal	1672828588541	1672828592847	OK	 
REQUEST		Contribution	1672828592458	1672828592848	KO	status.find.is(200), but actually found 405
REQUEST		Contribution	1672828593096	1672828593406	KO	status.find.is(200), but actually found 405
USER	Create  Scenario	START	1672828593541
REQUEST		Proposal	1672828574541	1672828593574	OK	 
REQUEST		Proposal	1672828589541	1672828594125	OK	 
REQUEST		Contribution	1672828593875	1672828594194	KO	status.find.is(200), but actually found 405
USER	Create  Scenario	START	1672828594541
REQUEST		Contribution	1672828594618	1672828594927	KO	status.find.is(200), but actually found 405
USER	Create  Scenario	END	1672828594961
USER	Create  Scenario	END	1672828595006
USER	Create  Scenario	END	1672828595107
USER	Create  Scenario	START	1672828595540
REQUEST		Proposal	1672828573541	1672828595764	OK	 
USER	Create  Scenario	END	1672828595849
REQUEST		Proposal	1672828578541	1672828595875	OK	 
REQUEST		Contribution	1672828595848	1672828596228	KO	status.find.is(200), but actually found 405
USER	Create  Scenario	END	1672828596407
USER	Create  Scenario	START	1672828596540
REQUEST		Proposal	1672828590540	1672828596900	OK	 
REQUEST		Contribution	1672828596575	1672828596916	KO	status.find.is(200), but actually found 405
USER	Create  Scenario	END	1672828597196
REQUEST		Proposal	1672828592541	1672828597230	OK	 
REQUEST		Contribution	1672828597126	1672828597432	KO	status.find.is(200), but actually found 405
USER	Create  Scenario	START	1672828597541
USER	Create  Scenario	END	1672828597928
REQUEST		Proposal	1672828593541	1672828598435	OK	 
USER	Create  Scenario	START	1672828598540
REQUEST		Contribution	1672828598765	1672828599085	KO	status.find.is(200), but actually found 405
REQUEST		Contribution	1672828598876	1672828599195	KO	status.find.is(200), but actually found 405
USER	Create  Scenario	END	1672828599229
USER	Create  Scenario	START	1672828599541
REQUEST		Proposal	1672828586541	1672828599867	OK	 
USER	Create  Scenario	END	1672828599917
REQUEST		Contribution	1672828599901	1672828600236	KO	status.find.is(200), but actually found 405
REQUEST		Proposal	1672828595541	1672828600373	OK	 
USER	Create  Scenario	END	1672828600434
REQUEST		Contribution	1672828600231	1672828600540	KO	status.find.is(200), but actually found 405
USER	Create  Scenario	START	1672828600540
REQUEST		Proposal	1672828582541	1672828600932	OK	 
REQUEST		Proposal	1672828596541	1672828601293	OK	 
USER	Create  Scenario	START	1672828601541
REQUEST		Contribution	1672828601436	1672828601745	KO	status.find.is(200), but actually found 405
USER	Create  Scenario	END	1672828602086
USER	Create  Scenario	END	1672828602196
USER	Create  Scenario	START	1672828602540
REQUEST		Contribution	1672828602868	1672828603195	KO	status.find.is(200), but actually found 405
USER	Create  Scenario	END	1672828603238
USER	Create  Scenario	END	1672828603541
USER	Create  Scenario	START	1672828603541
REQUEST		Contribution	1672828603374	1672828603763	KO	status.find.is(200), but actually found 405
REQUEST		Proposal	1672828599541	1672828603958	OK	 
REQUEST		Contribution	1672828603932	1672828604243	KO	status.find.is(200), but actually found 405
USER	Create  Scenario	START	1672828604541
REQUEST		Contribution	1672828604294	1672828604616	KO	status.find.is(200), but actually found 405
USER	Create  Scenario	END	1672828604747
REQUEST		Proposal	1672828600541	1672828605459	OK	 
REQUEST		Proposal	1672828587541	1672828605494	OK	 
USER	Create  Scenario	START	1672828605541
REQUEST		Proposal	1672828569541	1672828605600	OK	 
USER	Create  Scenario	END	1672828606196
REQUEST		Proposal	1672828598541	1672828606469	OK	 
USER	Create  Scenario	START	1672828606540
USER	Create  Scenario	END	1672828606764
USER	Create  Scenario	END	1672828607244
REQUEST		Proposal	1672828597541	1672828607281	OK	 
REQUEST		Contribution	1672828606959	1672828607318	KO	status.find.is(200), but actually found 405
USER	Create  Scenario	START	1672828607540
USER	Create  Scenario	END	1672828607617
REQUEST		Proposal	1672828603541	1672828607899	OK	 
REQUEST		Proposal	1672828601541	1672828608086	OK	 
USER	Create  Scenario	START	1672828608540
REQUEST		Contribution	1672828608460	1672828608766	KO	status.find.is(200), but actually found 405
REQUEST		Contribution	1672828608495	1672828608815	KO	status.find.is(200), but actually found 405
REQUEST		Contribution	1672828608601	1672828608913	KO	status.find.is(200), but actually found 405
REQUEST		Proposal	1672828604541	1672828609477	OK	 
USER	Create  Scenario	START	1672828609540
REQUEST		Contribution	1672828609470	1672828609817	KO	status.find.is(200), but actually found 405
REQUEST		Proposal	1672828605542	1672828609928	OK	 
REQUEST		Proposal	1672828591541	1672828610143	OK	 
USER	Create  Scenario	END	1672828610319
USER	Create  Scenario	START	1672828610540
REQUEST		Contribution	1672828610282	1672828610590	KO	status.find.is(200), but actually found 405
REQUEST		Proposal	1672828606541	1672828610875	OK	 
REQUEST		Contribution	1672828610900	1672828611206	KO	status.find.is(200), but actually found 405
REQUEST		Contribution	1672828611087	1672828611396	KO	status.find.is(200), but actually found 405
USER	Create  Scenario	START	1672828611541
USER	Create  Scenario	END	1672828611767
USER	Create  Scenario	END	1672828611816
USER	Create  Scenario	END	1672828611914
REQUEST		Proposal	1672828594542	1672828612304	OK	 
USER	Create  Scenario	START	1672828612541
REQUEST		Proposal	1672828607541	1672828612548	OK	 
REQUEST		Contribution	1672828612478	1672828612802	KO	status.find.is(200), but actually found 405
USER	Create  Scenario	END	1672828612819
REQUEST		Proposal	1672828608541	1672828612898	OK	 
REQUEST		Contribution	1672828612930	1672828613238	KO	status.find.is(200), but actually found 405
REQUEST		Contribution	1672828613144	1672828613461	KO	status.find.is(200), but actually found 405
USER	Create  Scenario	START	1672828613541
USER	Create  Scenario	END	1672828613592
REQUEST		Contribution	1672828613876	1672828614187	KO	status.find.is(200), but actually found 405
USER	Create  Scenario	END	1672828614208
USER	Create  Scenario	END	1672828614397
USER	Create  Scenario	START	1672828614540
REQUEST		Proposal	1672828609541	1672828614542	OK	 
USER	Create  Scenario	START	1672828615540
REQUEST		Contribution	1672828615305	1672828615621	KO	status.find.is(200), but actually found 405
USER	Create  Scenario	END	1672828615803
REQUEST		Contribution	1672828615549	1672828615972	KO	status.find.is(200), but actually found 405
REQUEST		Contribution	1672828615899	1672828616211	KO	status.find.is(200), but actually found 405
USER	Create  Scenario	END	1672828616239
REQUEST		Proposal	1672828611541	1672828616279	OK	 
USER	Create  Scenario	END	1672828616463
USER	Create  Scenario	START	1672828616540
REQUEST		Proposal	1672828612541	1672828616975	OK	 
REQUEST		Proposal	1672828610541	1672828617146	OK	 
USER	Create  Scenario	END	1672828617188
USER	Create  Scenario	START	1672828617541
REQUEST		Contribution	1672828617543	1672828617853	KO	status.find.is(200), but actually found 405
USER	Create  Scenario	START	1672828618541
USER	Create  Scenario	END	1672828618622
USER	Create  Scenario	END	1672828618973
USER	Create  Scenario	END	1672828619212
REQUEST		Proposal	1672828614541	1672828619238	OK	 
REQUEST		Proposal	1672828602541	1672828619438	OK	 
USER	Create  Scenario	START	1672828619541
REQUEST		Contribution	1672828619280	1672828619608	KO	status.find.is(200), but actually found 405
REQUEST		Proposal	1672828613541	1672828619626	OK	 
REQUEST		Proposal	1672828615541	1672828620134	OK	 
REQUEST		Contribution	1672828619976	1672828620285	KO	status.find.is(200), but actually found 405
REQUEST		Contribution	1672828620147	1672828620454	KO	status.find.is(200), but actually found 405
USER	Create  Scenario	START	1672828620540
REQUEST		Proposal	1672828616541	1672828620813	OK	 
USER	Create  Scenario	END	1672828620855
USER	Create  Scenario	START	1672828621540
USER	Create  Scenario	START	1672828622541
REQUEST		Contribution	1672828622240	1672828622555	KO	status.find.is(200), but actually found 405
USER	Create  Scenario	END	1672828622609
REQUEST		Contribution	1672828622439	1672828622757	KO	status.find.is(200), but actually found 405
REQUEST		Contribution	1672828622627	1672828622938	KO	status.find.is(200), but actually found 405
REQUEST		Proposal	1672828618541	1672828623119	OK	 
USER	Create  Scenario	END	1672828623286
REQUEST		Contribution	1672828623135	1672828623444	KO	status.find.is(200), but actually found 405
USER	Create  Scenario	END	1672828623455
USER	Create  Scenario	START	1672828623541
REQUEST		Contribution	1672828623814	1672828624133	KO	status.find.is(200), but actually found 405
USER	Create  Scenario	START	1672828624540
REQUEST		Proposal	1672828619541	1672828624987	OK	 
USER	Create  Scenario	START	1672828625541
USER	Create  Scenario	END	1672828625556
REQUEST		Proposal	1672828621540	1672828625742	OK	 
USER	Create  Scenario	END	1672828625759
USER	Create  Scenario	END	1672828625939
REQUEST		Contribution	1672828626120	1672828626435	KO	status.find.is(200), but actually found 405
USER	Create  Scenario	END	1672828626445
USER	Create  Scenario	START	1672828626541
USER	Create  Scenario	END	1672828627134
USER	Create  Scenario	START	1672828627540
REQUEST		Proposal	1672828623541	1672828628138	OK	 
REQUEST		Contribution	1672828627988	1672828628296	KO	status.find.is(200), but actually found 405
USER	Create  Scenario	START	1672828628541
REQUEST		Proposal	1672828624541	1672828629018	OK	 
REQUEST		Contribution	1672828628743	1672828629051	KO	status.find.is(200), but actually found 405
USER	Create  Scenario	END	1672828629437
USER	Create  Scenario	START	1672828629540
REQUEST		Proposal	1672828622541	1672828629699	OK	 
REQUEST		Proposal	1672828625541	1672828630443	OK	 
USER	Create  Scenario	START	1672828630541
USER	Create  Scenario	END	1672828631297
REQUEST		Contribution	1672828631139	1672828631451	KO	status.find.is(200), but actually found 405
USER	Create  Scenario	START	1672828631541
REQUEST		Proposal	1672828627541	1672828631611	OK	 
USER	Create  Scenario	END	1672828632052
REQUEST		Contribution	1672828632019	1672828632327	KO	status.find.is(200), but actually found 405
REQUEST		Proposal	1672828617541	1672828632383	OK	 
USER	Create  Scenario	START	1672828632540
REQUEST		Contribution	1672828632700	1672828633006	KO	status.find.is(200), but actually found 405
USER	Create  Scenario	START	1672828633541
REQUEST		Proposal	1672828629541	1672828633691	OK	 
REQUEST		Contribution	1672828633444	1672828633750	KO	status.find.is(200), but actually found 405
USER	Create  Scenario	END	1672828634452
USER	Create  Scenario	START	1672828634540
REQUEST		Proposal	1672828630542	1672828634572	OK	 
REQUEST		Contribution	1672828634613	1672828634918	KO	status.find.is(200), but actually found 405
USER	Create  Scenario	END	1672828635328
USER	Create  Scenario	START	1672828635541
REQUEST		Contribution	1672828635384	1672828635698	KO	status.find.is(200), but actually found 405
USER	Create  Scenario	END	1672828636008
USER	Create  Scenario	START	1672828636541
USER	Create  Scenario	END	1672828636752
REQUEST		Proposal	1672828631541	1672828636769	OK	 
REQUEST		Contribution	1672828636692	1672828637000	KO	status.find.is(200), but actually found 405
REQUEST		Proposal	1672828632541	1672828637078	OK	 
REQUEST		Proposal	1672828628541	1672828637100	OK	 
USER	Create  Scenario	START	1672828637540
REQUEST		Contribution	1672828637573	1672828637884	KO	status.find.is(200), but actually found 405
USER	Create  Scenario	END	1672828637919
USER	Create  Scenario	START	1672828638541
REQUEST		Proposal	1672828633541	1672828638678	OK	 
USER	Create  Scenario	END	1672828638700
REQUEST		Proposal	1672828620541	1672828639430	OK	 
USER	Create  Scenario	START	1672828639541
REQUEST		Proposal	1672828635541	1672828639873	OK	 
USER	Create  Scenario	END	1672828640001
REQUEST		Contribution	1672828639770	1672828640078	KO	status.find.is(200), but actually found 405
REQUEST		Contribution	1672828640079	1672828640385	KO	status.find.is(200), but actually found 405
REQUEST		Contribution	1672828640101	1672828640409	KO	status.find.is(200), but actually found 405
USER	Create  Scenario	START	1672828640540
REQUEST		Proposal	1672828636541	1672828640699	OK	 
REQUEST		Proposal	1672828626541	1672828640766	OK	 
USER	Create  Scenario	END	1672828640885
USER	Create  Scenario	START	1672828641540
REQUEST		Contribution	1672828641679	1672828641988	KO	status.find.is(200), but actually found 405
USER	Create  Scenario	START	1672828642541
REQUEST		Contribution	1672828642430	1672828642821	KO	status.find.is(200), but actually found 405
REQUEST		Proposal	1672828638541	1672828642826	OK	 
REQUEST		Proposal	1672828637541	1672828643047	OK	 
USER	Create  Scenario	END	1672828643079
REQUEST		Contribution	1672828642874	1672828643183	KO	status.find.is(200), but actually found 405
USER	Create  Scenario	END	1672828643386
USER	Create  Scenario	END	1672828643410
USER	Create  Scenario	START	1672828643540
REQUEST		Contribution	1672828643700	1672828644008	KO	status.find.is(200), but actually found 405
REQUEST		Contribution	1672828643767	1672828644073	KO	status.find.is(200), but actually found 405
REQUEST		Proposal	1672828639541	1672828644157	OK	 
USER	Create  Scenario	END	1672828644989
REQUEST		Proposal	1672828641541	1672828645789	OK	 
USER	Create  Scenario	END	1672828645822
REQUEST		Contribution	1672828645826	1672828646136	KO	status.find.is(200), but actually found 405
USER	Create  Scenario	END	1672828646184
REQUEST		Contribution	1672828646048	1672828646374	KO	status.find.is(200), but actually found 405
REQUEST		Proposal	1672828642541	1672828646642	OK	 
REQUEST		Proposal	1672828634541	1672828646797	OK	 
USER	Create  Scenario	END	1672828647009
USER	Create  Scenario	END	1672828647074
REQUEST		Contribution	1672828647158	1672828647461	KO	status.find.is(200), but actually found 405
REQUEST		Proposal	1672828643540	1672828647704	OK	 
REQUEST		Contribution	1672828648790	1672828649104	KO	status.find.is(200), but actually found 405
USER	Create  Scenario	END	1672828649136
USER	Create  Scenario	END	1672828649375
REQUEST		Proposal	1672828640541	1672828649402	OK	 
REQUEST		Contribution	1672828649643	1672828649988	KO	status.find.is(200), but actually found 405
REQUEST		Contribution	1672828649798	1672828650105	KO	status.find.is(200), but actually found 405
USER	Create  Scenario	END	1672828650462
REQUEST		Contribution	1672828650704	1672828651010	KO	status.find.is(200), but actually found 405
USER	Create  Scenario	END	1672828652105
REQUEST		Contribution	1672828652403	1672828652752	KO	status.find.is(200), but actually found 405
USER	Create  Scenario	END	1672828652989
USER	Create  Scenario	END	1672828653106
USER	Create  Scenario	END	1672828654011
USER	Create  Scenario	END	1672828655753
