RUN	Simulations.Create	create	1672835220472	 	3.5.1
USER	Create  Scenario	START	1672835226716
USER	Create  Scenario	START	1672835227711
USER	Create  Scenario	START	1672835228711
USER	Create  Scenario	START	1672835229711
USER	Create  Scenario	START	1672835230711
USER	Create  Scenario	START	1672835231711
USER	Create  Scenario	START	1672835232711
USER	Create  Scenario	START	1672835233711
USER	Create  Scenario	START	1672835234710
USER	Create  Scenario	START	1672835235711
REQUEST		my Proposal	1672835226741	1672835236568	OK	 
USER	Create  Scenario	START	1672835236711
USER	Create  Scenario	START	1672835237710
REQUEST		my Proposal	1672835227711	1672835238274	OK	 
REQUEST		my Proposal	1672835228712	1672835238401	OK	 
USER	Create  Scenario	START	1672835238711
USER	Create  Scenario	START	1672835239712
REQUEST		Proposal	1672835239593	1672835239901	OK	 
REQUEST		my Proposal	1672835229712	1672835240117	OK	 
USER	Create  Scenario	START	1672835240711
REQUEST		my Proposal	1672835230711	1672835240776	OK	 
REQUEST		Proposal	1672835241275	1672835241586	OK	 
USER	Create  Scenario	START	1672835241710
REQUEST		Proposal	1672835241403	1672835241715	OK	 
REQUEST		my Proposal	1672835231712	1672835242400	OK	 
REQUEST		my Proposal	1672835232712	1672835242466	OK	 
USER	Create  Scenario	START	1672835242711
REQUEST		Proposal	1672835242902	1672835243210	KO	status.find.is(200), but actually found 404
REQUEST		Proposal	1672835243118	1672835243420	OK	 
USER	Create  Scenario	START	1672835243711
REQUEST		Proposal	1672835243777	1672835244086	OK	 
REQUEST		my Proposal	1672835234711	1672835244373	OK	 
USER	Create  Scenario	START	1672835244711
REQUEST		Proposal	1672835244587	1672835244881	KO	status.find.is(200), but actually found 404
REQUEST		Proposal	1672835244716	1672835245009	KO	status.find.is(200), but actually found 404
REQUEST		Proposal	1672835245401	1672835245700	OK	 
USER	Create  Scenario	START	1672835245710
REQUEST		Proposal	1672835245467	1672835245780	OK	 
USER	Create  Scenario	END	1672835246216
USER	Create  Scenario	START	1672835246711
REQUEST		Proposal	1672835246421	1672835246721	KO	status.find.is(200), but actually found 404
REQUEST		Proposal	1672835247086	1672835247384	KO	status.find.is(200), but actually found 404
USER	Create  Scenario	START	1672835247711
REQUEST		Proposal	1672835247374	1672835247719	OK	 
USER	Create  Scenario	END	1672835247883
USER	Create  Scenario	END	1672835248011
USER	Create  Scenario	START	1672835248710
REQUEST		my Proposal	1672835237711	1672835248859	OK	 
REQUEST		Proposal	1672835248701	1672835249004	KO	status.find.is(200), but actually found 404
REQUEST		Proposal	1672835248781	1672835249078	KO	status.find.is(200), but actually found 404
REQUEST		my Proposal	1672835238711	1672835249167	OK	 
USER	Create  Scenario	START	1672835249711
USER	Create  Scenario	END	1672835249722
REQUEST		my Proposal	1672835236711	1672835249859	OK	 
REQUEST		my Proposal	1672835239712	1672835250299	OK	 
USER	Create  Scenario	END	1672835250386
REQUEST		my Proposal	1672835233711	1672835250554	OK	 
USER	Create  Scenario	START	1672835250710
REQUEST		Proposal	1672835250720	1672835251030	KO	status.find.is(200), but actually found 404
USER	Create  Scenario	START	1672835251711
USER	Create  Scenario	END	1672835252005
USER	Create  Scenario	END	1672835252079
REQUEST		Proposal	1672835251860	1672835252156	OK	 
REQUEST		Proposal	1672835252168	1672835252505	OK	 
USER	Create  Scenario	START	1672835252710
REQUEST		my Proposal	1672835247711	1672835252804	OK	 
REQUEST		my Proposal	1672835242711	1672835253102	OK	 
REQUEST		Proposal	1672835252860	1672835253163	OK	 
REQUEST		Proposal	1672835253300	1672835253607	OK	 
USER	Create  Scenario	START	1672835253711
REQUEST		Proposal	1672835253555	1672835253849	OK	 
USER	Create  Scenario	END	1672835254031
REQUEST		my Proposal	1672835249711	1672835254691	OK	 
USER	Create  Scenario	START	1672835254710
USER	Create  Scenario	START	1672835255710
REQUEST		Proposal	1672835255157	1672835256065	KO	status.find.is(200), but actually found 404
REQUEST		Proposal	1672835255805	1672835256185	OK	 
REQUEST		Proposal	1672835255506	1672835256349	KO	status.find.is(200), but actually found 404
REQUEST		Proposal	1672835256103	1672835256443	OK	 
REQUEST		Proposal	1672835256164	1672835256496	KO	status.find.is(200), but actually found 404
REQUEST		my Proposal	1672835248711	1672835256532	OK	 
REQUEST		my Proposal	1672835251711	1672835256573	OK	 
USER	Create  Scenario	START	1672835256711
REQUEST		Proposal	1672835256608	1672835256904	KO	status.find.is(200), but actually found 404
REQUEST		Proposal	1672835256850	1672835257146	KO	status.find.is(200), but actually found 404
REQUEST		my Proposal	1672835240711	1672835257273	OK	 
USER	Create  Scenario	START	1672835257711
REQUEST		Proposal	1672835257692	1672835257988	OK	 
REQUEST		my Proposal	1672835252711	1672835258040	OK	 
USER	Create  Scenario	START	1672835258710
USER	Create  Scenario	END	1672835259066
USER	Create  Scenario	END	1672835259351
REQUEST		Proposal	1672835259186	1672835259482	KO	status.find.is(200), but actually found 404
USER	Create  Scenario	END	1672835259497
USER	Create  Scenario	START	1672835259710
REQUEST		Proposal	1672835259444	1672835259734	KO	status.find.is(200), but actually found 404
REQUEST		Proposal	1672835259533	1672835259879	OK	 
REQUEST		Proposal	1672835259574	1672835259893	OK	 
USER	Create  Scenario	END	1672835259906
USER	Create  Scenario	END	1672835260147
REQUEST		Proposal	1672835260274	1672835260576	OK	 
REQUEST		my Proposal	1672835255711	1672835260643	OK	 
USER	Create  Scenario	START	1672835260710
REQUEST		Proposal	1672835260989	1672835261288	KO	status.find.is(200), but actually found 404
REQUEST		Proposal	1672835261041	1672835261350	OK	 
USER	Create  Scenario	START	1672835261710
REQUEST		my Proposal	1672835253711	1672835262155	OK	 
REQUEST		my Proposal	1672835250711	1672835262382	OK	 
USER	Create  Scenario	END	1672835262483
USER	Create  Scenario	START	1672835262710
USER	Create  Scenario	END	1672835262736
REQUEST		my Proposal	1672835257711	1672835263128	OK	 
REQUEST		Proposal	1672835262880	1672835263189	KO	status.find.is(200), but actually found 404
REQUEST		Proposal	1672835262894	1672835263201	KO	status.find.is(200), but actually found 404
USER	Create  Scenario	START	1672835263711
REQUEST		Proposal	1672835263577	1672835263883	KO	status.find.is(200), but actually found 404
REQUEST		Proposal	1672835263644	1672835263939	OK	 
REQUEST		my Proposal	1672835256711	1672835264241	OK	 
USER	Create  Scenario	END	1672835264289
REQUEST		Proposal	1672835264351	1672835264654	KO	status.find.is(200), but actually found 404
USER	Create  Scenario	START	1672835264710
REQUEST		Proposal	1672835265156	1672835265466	OK	 
REQUEST		my Proposal	1672835259711	1672835265466	OK	 
REQUEST		Proposal	1672835265383	1672835265685	OK	 
USER	Create  Scenario	START	1672835265711
REQUEST		my Proposal	1672835244712	1672835266065	OK	 
USER	Create  Scenario	END	1672835266190
USER	Create  Scenario	END	1672835266202
REQUEST		Proposal	1672835266129	1672835266478	OK	 
REQUEST		my Proposal	1672835260711	1672835266631	OK	 
USER	Create  Scenario	START	1672835266710
USER	Create  Scenario	END	1672835266884
REQUEST		Proposal	1672835266940	1672835267284	KO	status.find.is(200), but actually found 404
REQUEST		Proposal	1672835267242	1672835267585	OK	 
USER	Create  Scenario	END	1672835267655
USER	Create  Scenario	START	1672835267711
REQUEST		my Proposal	1672835262711	1672835267874	OK	 
REQUEST		my Proposal	1672835258711	1672835268044	OK	 
REQUEST		my Proposal	1672835243711	1672835268686	OK	 
USER	Create  Scenario	START	1672835268711
REQUEST		Proposal	1672835268467	1672835268775	KO	status.find.is(200), but actually found 404
REQUEST		Proposal	1672835268467	1672835268779	OK	 
REQUEST		my Proposal	1672835263711	1672835268883	OK	 
REQUEST		Proposal	1672835268686	1672835268987	KO	status.find.is(200), but actually found 404
REQUEST		Proposal	1672835269066	1672835269364	OK	 
USER	Create  Scenario	START	1672835269711
REQUEST		Proposal	1672835269479	1672835269777	KO	status.find.is(200), but actually found 404
REQUEST		Proposal	1672835269632	1672835269932	OK	 
REQUEST		my Proposal	1672835241711	1672835270145	OK	 
USER	Create  Scenario	END	1672835270285
REQUEST		my Proposal	1672835245711	1672835270626	OK	 
REQUEST		my Proposal	1672835235712	1672835270630	OK	 
USER	Create  Scenario	START	1672835270711
REQUEST		Proposal	1672835270586	1672835270893	KO	status.find.is(200), but actually found 404
REQUEST		my Proposal	1672835246711	1672835271074	OK	 
REQUEST		Proposal	1672835271045	1672835271392	OK	 
USER	Create  Scenario	START	1672835271711
REQUEST		my Proposal	1672835265712	1672835271729	OK	 
USER	Create  Scenario	END	1672835271776
REQUEST		Proposal	1672835270875	1672835271795	OK	 
USER	Create  Scenario	END	1672835271988
REQUEST		Proposal	1672835271686	1672835271989	OK	 
REQUEST		Proposal	1672835271780	1672835272079	KO	status.find.is(200), but actually found 404
REQUEST		Proposal	1672835271884	1672835272196	OK	 
REQUEST		Proposal	1672835272365	1672835272670	KO	status.find.is(200), but actually found 404
USER	Create  Scenario	START	1672835272710
USER	Create  Scenario	END	1672835272778
REQUEST		my Proposal	1672835268711	1672835272980	OK	 
REQUEST		Proposal	1672835273146	1672835273445	OK	 
REQUEST		my Proposal	1672835266711	1672835273673	OK	 
USER	Create  Scenario	START	1672835273711
REQUEST		Proposal	1672835272933	1672835273837	KO	status.find.is(200), but actually found 404
USER	Create  Scenario	END	1672835273894
REQUEST		Proposal	1672835273631	1672835273926	OK	 
REQUEST		Proposal	1672835273627	1672835273930	OK	 
REQUEST		Proposal	1672835274075	1672835274371	OK	 
USER	Create  Scenario	START	1672835274711
REQUEST		Proposal	1672835274393	1672835274734	KO	status.find.is(200), but actually found 404
REQUEST		my Proposal	1672835267711	1672835274904	OK	 
REQUEST		my Proposal	1672835270711	1672835275075	OK	 
USER	Create  Scenario	END	1672835275080
REQUEST		Proposal	1672835274730	1672835275118	OK	 
REQUEST		Proposal	1672835274796	1672835275170	KO	status.find.is(200), but actually found 404
REQUEST		Proposal	1672835274990	1672835275319	KO	status.find.is(200), but actually found 404
REQUEST		Proposal	1672835275197	1672835275496	KO	status.find.is(200), but actually found 404
USER	Create  Scenario	END	1672835275672
USER	Create  Scenario	START	1672835275711
REQUEST		my Proposal	1672835271711	1672835276038	OK	 
REQUEST		Proposal	1672835275981	1672835276276	OK	 
USER	Create  Scenario	START	1672835276711
REQUEST		Proposal	1672835276445	1672835276746	KO	status.find.is(200), but actually found 404
USER	Create  Scenario	END	1672835276838
REQUEST		Proposal	1672835276674	1672835276977	OK	 
REQUEST		Proposal	1672835276927	1672835277261	KO	status.find.is(200), but actually found 404
REQUEST		Proposal	1672835276931	1672835277261	KO	status.find.is(200), but actually found 404
USER	Create  Scenario	START	1672835277711
REQUEST		Proposal	1672835277372	1672835277729	KO	status.find.is(200), but actually found 404
USER	Create  Scenario	END	1672835277735
USER	Create  Scenario	END	1672835278171
REQUEST		Proposal	1672835277905	1672835278226	OK	 
USER	Create  Scenario	END	1672835278320
REQUEST		my Proposal	1672835269711	1672835278370	OK	 
REQUEST		Proposal	1672835278076	1672835278390	OK	 
REQUEST		Proposal	1672835278119	1672835278429	KO	status.find.is(200), but actually found 404
USER	Create  Scenario	END	1672835278497
USER	Create  Scenario	START	1672835278710
REQUEST		my Proposal	1672835274711	1672835279137	OK	 
REQUEST		my Proposal	1672835273711	1672835279226	OK	 
REQUEST		Proposal	1672835279039	1672835279336	OK	 
REQUEST		Proposal	1672835279277	1672835279570	KO	status.find.is(200), but actually found 404
USER	Create  Scenario	START	1672835279710
REQUEST		my Proposal	1672835272710	1672835279733	OK	 
USER	Create  Scenario	END	1672835279747
USER	Create  Scenario	END	1672835280262
USER	Create  Scenario	END	1672835280262
REQUEST		Proposal	1672835279978	1672835280280	KO	status.find.is(200), but actually found 404
REQUEST		my Proposal	1672835254711	1672835280468	OK	 
USER	Create  Scenario	START	1672835280710
USER	Create  Scenario	END	1672835280730
USER	Create  Scenario	END	1672835281431
REQUEST		Proposal	1672835281227	1672835281528	KO	status.find.is(200), but actually found 404
REQUEST		Proposal	1672835281371	1672835281676	OK	 
REQUEST		Proposal	1672835281391	1672835281686	KO	status.find.is(200), but actually found 404
USER	Create  Scenario	START	1672835281710
REQUEST		Proposal	1672835282137	1672835282440	OK	 
REQUEST		my Proposal	1672835275712	1672835282478	OK	 
REQUEST		Proposal	1672835282227	1672835282522	OK	 
USER	Create  Scenario	END	1672835282571
REQUEST		Proposal	1672835282337	1672835282635	KO	status.find.is(200), but actually found 404
USER	Create  Scenario	START	1672835282711
REQUEST		Proposal	1672835282734	1672835283037	OK	 
USER	Create  Scenario	END	1672835283281
REQUEST		my Proposal	1672835278711	1672835283304	OK	 
REQUEST		my Proposal	1672835261711	1672835283335	OK	 
USER	Create  Scenario	START	1672835283710
REQUEST		Proposal	1672835283469	1672835283788	OK	 
USER	Create  Scenario	END	1672835284529
USER	Create  Scenario	END	1672835284687
USER	Create  Scenario	START	1672835284711
REQUEST		Proposal	1672835284677	1672835284999	KO	status.find.is(200), but actually found 404
USER	Create  Scenario	END	1672835285636
REQUEST		my Proposal	1672835280711	1672835285660	OK	 
USER	Create  Scenario	START	1672835285711
REQUEST		Proposal	1672835285440	1672835285749	KO	status.find.is(200), but actually found 404
REQUEST		Proposal	1672835285479	1672835285784	OK	 
REQUEST		Proposal	1672835285523	1672835285817	KO	status.find.is(200), but actually found 404
REQUEST		my Proposal	1672835281711	1672835286315	OK	 
REQUEST		Proposal	1672835286038	1672835286333	KO	status.find.is(200), but actually found 404
REQUEST		Proposal	1672835286305	1672835286604	OK	 
REQUEST		Proposal	1672835286336	1672835286640	OK	 
USER	Create  Scenario	START	1672835286711
REQUEST		Proposal	1672835286790	1672835287089	KO	status.find.is(200), but actually found 404
REQUEST		my Proposal	1672835282712	1672835287596	OK	 
USER	Create  Scenario	START	1672835287710
USER	Create  Scenario	END	1672835288000
USER	Create  Scenario	START	1672835288711
USER	Create  Scenario	END	1672835288750
USER	Create  Scenario	END	1672835288817
REQUEST		Proposal	1672835288661	1672835289034	OK	 
REQUEST		Proposal	1672835288785	1672835289174	KO	status.find.is(200), but actually found 404
USER	Create  Scenario	END	1672835289334
REQUEST		my Proposal	1672835279710	1672835289394	OK	 
REQUEST		my Proposal	1672835284711	1672835289460	OK	 
REQUEST		Proposal	1672835289316	1672835289615	OK	 
USER	Create  Scenario	START	1672835289710
REQUEST		my Proposal	1672835277711	1672835289835	OK	 
REQUEST		Proposal	1672835289605	1672835289900	KO	status.find.is(200), but actually found 404
REQUEST		Proposal	1672835289641	1672835289934	KO	status.find.is(200), but actually found 404
USER	Create  Scenario	END	1672835290090
REQUEST		my Proposal	1672835285711	1672835290690	OK	 
USER	Create  Scenario	START	1672835290711
REQUEST		Proposal	1672835290597	1672835290899	OK	 
USER	Create  Scenario	START	1672835291711
USER	Create  Scenario	END	1672835292175
REQUEST		my Proposal	1672835283711	1672835292492	OK	 
REQUEST		Proposal	1672835292395	1672835292691	OK	 
USER	Create  Scenario	START	1672835292710
REQUEST		Proposal	1672835292461	1672835292762	OK	 
USER	Create  Scenario	END	1672835292901
REQUEST		Proposal	1672835292035	1672835292910	KO	status.find.is(200), but actually found 404
REQUEST		Proposal	1672835292615	1672835292915	KO	status.find.is(200), but actually found 404
USER	Create  Scenario	END	1672835292935
REQUEST		my Proposal	1672835286711	1672835292949	OK	 
REQUEST		Proposal	1672835292835	1672835293148	OK	 
REQUEST		my Proposal	1672835287711	1672835293204	OK	 
USER	Create  Scenario	START	1672835293710
REQUEST		my Proposal	1672835288711	1672835293985	OK	 
REQUEST		Proposal	1672835293691	1672835293994	OK	 
REQUEST		Proposal	1672835293900	1672835294192	KO	status.find.is(200), but actually found 404
USER	Create  Scenario	START	1672835294710
USER	Create  Scenario	START	1672835295710
REQUEST		my Proposal	1672835289711	1672835295777	OK	 
REQUEST		Proposal	1672835295493	1672835295791	OK	 
USER	Create  Scenario	END	1672835295911
USER	Create  Scenario	END	1672835295916
REQUEST		Proposal	1672835295692	1672835295988	KO	status.find.is(200), but actually found 404
REQUEST		Proposal	1672835295763	1672835296081	KO	status.find.is(200), but actually found 404
REQUEST		Proposal	1672835295950	1672835296245	OK	 
REQUEST		Proposal	1672835296149	1672835296445	KO	status.find.is(200), but actually found 404
REQUEST		my Proposal	1672835264711	1672835296498	OK	 
REQUEST		Proposal	1672835296205	1672835296518	OK	 
USER	Create  Scenario	START	1672835296711
REQUEST		my Proposal	1672835292710	1672835297001	OK	 
USER	Create  Scenario	END	1672835297193
REQUEST		Proposal	1672835296995	1672835297304	KO	status.find.is(200), but actually found 404
REQUEST		Proposal	1672835296985	1672835297305	OK	 
USER	Create  Scenario	START	1672835297711
REQUEST		my Proposal	1672835293711	1672835297953	OK	 
USER	Create  Scenario	START	1672835298711
REQUEST		my Proposal	1672835294711	1672835298931	OK	 
USER	Create  Scenario	END	1672835298989
REQUEST		Proposal	1672835298778	1672835299078	OK	 
USER	Create  Scenario	END	1672835299081
REQUEST		Proposal	1672835298792	1672835299088	KO	status.find.is(200), but actually found 404
USER	Create  Scenario	END	1672835299447
REQUEST		Proposal	1672835299245	1672835299566	KO	status.find.is(200), but actually found 404
USER	Create  Scenario	START	1672835299711
REQUEST		Proposal	1672835299499	1672835299854	OK	 
REQUEST		Proposal	1672835299519	1672835299889	KO	status.find.is(200), but actually found 404
REQUEST		my Proposal	1672835290711	1672835300060	OK	 
REQUEST		Proposal	1672835300002	1672835300303	OK	 
USER	Create  Scenario	END	1672835300305
REQUEST		my Proposal	1672835295711	1672835300381	OK	 
REQUEST		Proposal	1672835300306	1672835300602	KO	status.find.is(200), but actually found 404
USER	Create  Scenario	START	1672835300711
REQUEST		my Proposal	1672835296711	1672835301193	OK	 
REQUEST		Proposal	1672835300954	1672835301253	OK	 
USER	Create  Scenario	START	1672835301710
USER	Create  Scenario	END	1672835302090
REQUEST		Proposal	1672835301932	1672835302227	OK	 
REQUEST		Proposal	1672835302078	1672835302371	KO	status.find.is(200), but actually found 404
USER	Create  Scenario	END	1672835302567
USER	Create  Scenario	START	1672835302710
USER	Create  Scenario	END	1672835302890
REQUEST		Proposal	1672835302855	1672835303175	KO	status.find.is(200), but actually found 404
REQUEST		Proposal	1672835303061	1672835303358	OK	 
USER	Create  Scenario	END	1672835303603
REQUEST		Proposal	1672835303304	1672835303607	KO	status.find.is(200), but actually found 404
REQUEST		Proposal	1672835303382	1672835303682	OK	 
USER	Create  Scenario	START	1672835303710
REQUEST		my Proposal	1672835299711	1672835304130	OK	 
REQUEST		Proposal	1672835304194	1672835304499	OK	 
REQUEST		my Proposal	1672835297711	1672835304549	OK	 
REQUEST		Proposal	1672835304253	1672835304564	KO	status.find.is(200), but actually found 404
USER	Create  Scenario	START	1672835304711
USER	Create  Scenario	END	1672835305372
REQUEST		Proposal	1672835305228	1672835305540	KO	status.find.is(200), but actually found 404
USER	Create  Scenario	START	1672835305710
USER	Create  Scenario	END	1672835306176
REQUEST		my Proposal	1672835301711	1672835306434	OK	 
USER	Create  Scenario	END	1672835306609
REQUEST		my Proposal	1672835300711	1672835306637	OK	 
REQUEST		Proposal	1672835306359	1672835306662	KO	status.find.is(200), but actually found 404
USER	Create  Scenario	START	1672835306710
REQUEST		Proposal	1672835306683	1672835306979	KO	status.find.is(200), but actually found 404
REQUEST		Proposal	1672835307131	1672835307436	OK	 
USER	Create  Scenario	END	1672835307565
REQUEST		my Proposal	1672835302711	1672835307663	OK	 
USER	Create  Scenario	START	1672835307711
REQUEST		Proposal	1672835307500	1672835307796	KO	status.find.is(200), but actually found 404
REQUEST		Proposal	1672835307550	1672835307876	OK	 
REQUEST		my Proposal	1672835303711	1672835308243	OK	 
USER	Create  Scenario	END	1672835308541
USER	Create  Scenario	START	1672835308711
USER	Create  Scenario	END	1672835309663
USER	Create  Scenario	START	1672835309710
REQUEST		Proposal	1672835309435	1672835309735	OK	 
REQUEST		Proposal	1672835309637	1672835309934	OK	 
USER	Create  Scenario	END	1672835309980
REQUEST		my Proposal	1672835298711	1672835310595	OK	 
USER	Create  Scenario	START	1672835310711
USER	Create  Scenario	END	1672835310797
REQUEST		Proposal	1672835310437	1672835310812	KO	status.find.is(200), but actually found 404
REQUEST		Proposal	1672835310664	1672835311010	OK	 
REQUEST		my Proposal	1672835306711	1672835311011	OK	 
REQUEST		Proposal	1672835310877	1672835311173	KO	status.find.is(200), but actually found 404
REQUEST		my Proposal	1672835305711	1672835311230	OK	 
REQUEST		Proposal	1672835311244	1672835311543	OK	 
USER	Create  Scenario	START	1672835311711
REQUEST		my Proposal	1672835307711	1672835312272	OK	 
REQUEST		my Proposal	1672835276711	1672835312335	OK	 
USER	Create  Scenario	START	1672835312711
REQUEST		my Proposal	1672835291711	1672835312959	OK	 
REQUEST		Proposal	1672835312736	1672835313066	KO	status.find.is(200), but actually found 404
REQUEST		Proposal	1672835312935	1672835313236	KO	status.find.is(200), but actually found 404
USER	Create  Scenario	START	1672835313710
USER	Create  Scenario	END	1672835313813
REQUEST		Proposal	1672835313596	1672835313900	OK	 
REQUEST		my Proposal	1672835309710	1672835313961	OK	 
USER	Create  Scenario	END	1672835314174
REQUEST		Proposal	1672835314011	1672835314304	KO	status.find.is(200), but actually found 404
REQUEST		Proposal	1672835314012	1672835314307	OK	 
REQUEST		Proposal	1672835314231	1672835314533	OK	 
USER	Create  Scenario	START	1672835314710
REQUEST		Proposal	1672835314543	1672835314841	KO	status.find.is(200), but actually found 404
REQUEST		my Proposal	1672835310711	1672835314937	OK	 
REQUEST		Proposal	1672835315273	1672835315567	OK	 
REQUEST		Proposal	1672835315335	1672835315707	OK	 
USER	Create  Scenario	START	1672835315711
USER	Create  Scenario	END	1672835316068
USER	Create  Scenario	END	1672835316237
REQUEST		Proposal	1672835315960	1672835316283	OK	 
USER	Create  Scenario	START	1672835316710
REQUEST		my Proposal	1672835312711	1672835316980	OK	 
REQUEST		Proposal	1672835316901	1672835317199	KO	status.find.is(200), but actually found 404
REQUEST		Proposal	1672835316961	1672835317256	OK	 
USER	Create  Scenario	END	1672835317305
REQUEST		Proposal	1672835317308	1672835317608	KO	status.find.is(200), but actually found 404
USER	Create  Scenario	START	1672835317710
REQUEST		Proposal	1672835317534	1672835317830	KO	status.find.is(200), but actually found 404
USER	Create  Scenario	END	1672835317842
REQUEST		my Proposal	1672835313710	1672835317983	OK	 
REQUEST		my Proposal	1672835308711	1672835317993	OK	 
REQUEST		Proposal	1672835317938	1672835318241	OK	 
REQUEST		my Proposal	1672835311711	1672835318456	OK	 
USER	Create  Scenario	START	1672835318710
REQUEST		Proposal	1672835318568	1672835318866	KO	status.find.is(200), but actually found 404
REQUEST		Proposal	1672835318708	1672835319018	KO	status.find.is(200), but actually found 404
REQUEST		Proposal	1672835319284	1672835319589	KO	status.find.is(200), but actually found 404
USER	Create  Scenario	START	1672835319711
REQUEST		my Proposal	1672835315711	1672835320189	OK	 
USER	Create  Scenario	END	1672835320200
REQUEST		Proposal	1672835319980	1672835320285	OK	 
REQUEST		Proposal	1672835320257	1672835320556	KO	status.find.is(200), but actually found 404
USER	Create  Scenario	END	1672835320609
USER	Create  Scenario	START	1672835320710
USER	Create  Scenario	END	1672835320832
REQUEST		my Proposal	1672835316711	1672835320859	OK	 
REQUEST		Proposal	1672835320983	1672835321287	OK	 
REQUEST		Proposal	1672835320994	1672835321294	OK	 
REQUEST		Proposal	1672835321242	1672835321600	KO	status.find.is(200), but actually found 404
USER	Create  Scenario	START	1672835321710
REQUEST		Proposal	1672835321457	1672835321756	OK	 
USER	Create  Scenario	END	1672835321867
REQUEST		my Proposal	1672835317711	1672835321948	OK	 
USER	Create  Scenario	END	1672835322020
REQUEST		my Proposal	1672835304711	1672835322556	OK	 
USER	Create  Scenario	END	1672835322590
USER	Create  Scenario	START	1672835322710
REQUEST		my Proposal	1672835318711	1672835323026	OK	 
REQUEST		Proposal	1672835323190	1672835323501	OK	 
USER	Create  Scenario	END	1672835323557
REQUEST		Proposal	1672835323286	1672835323579	KO	status.find.is(200), but actually found 404
USER	Create  Scenario	START	1672835323711
REQUEST		Proposal	1672835323859	1672835324167	OK	 
REQUEST		my Proposal	1672835319712	1672835324553	OK	 
REQUEST		Proposal	1672835324288	1672835324588	KO	status.find.is(200), but actually found 404
USER	Create  Scenario	END	1672835324601
REQUEST		Proposal	1672835324295	1672835324606	KO	status.find.is(200), but actually found 404
USER	Create  Scenario	START	1672835324710
REQUEST		Proposal	1672835324756	1672835325059	KO	status.find.is(200), but actually found 404
REQUEST		my Proposal	1672835320711	1672835325228	OK	 
REQUEST		Proposal	1672835324949	1672835325245	OK	 
USER	Create  Scenario	START	1672835325711
REQUEST		Proposal	1672835325557	1672835325859	OK	 
REQUEST		my Proposal	1672835321711	1672835325869	OK	 
REQUEST		Proposal	1672835326027	1672835326349	OK	 
USER	Create  Scenario	END	1672835326579
REQUEST		Proposal	1672835326502	1672835326799	KO	status.find.is(200), but actually found 404
REQUEST		my Proposal	1672835322710	1672835327225	OK	 
REQUEST		Proposal	1672835327168	1672835327479	KO	status.find.is(200), but actually found 404
USER	Create  Scenario	END	1672835327589
USER	Create  Scenario	END	1672835327607
REQUEST		my Proposal	1672835323711	1672835327834	OK	 
REQUEST		Proposal	1672835327553	1672835327849	OK	 
REQUEST		my Proposal	1672835314711	1672835327970	OK	 
USER	Create  Scenario	END	1672835328059
REQUEST		Proposal	1672835328229	1672835328523	OK	 
REQUEST		Proposal	1672835328246	1672835328539	KO	status.find.is(200), but actually found 404
REQUEST		Proposal	1672835328859	1672835329155	KO	status.find.is(200), but actually found 404
REQUEST		Proposal	1672835328869	1672835329165	OK	 
REQUEST		my Proposal	1672835324711	1672835329605	OK	 
REQUEST		Proposal	1672835329349	1672835329659	KO	status.find.is(200), but actually found 404
USER	Create  Scenario	END	1672835329800
REQUEST		my Proposal	1672835325711	1672835329900	OK	 
USER	Create  Scenario	END	1672835330480
REQUEST		Proposal	1672835330225	1672835330525	OK	 
REQUEST		Proposal	1672835330835	1672835331135	OK	 
REQUEST		Proposal	1672835330849	1672835331140	KO	status.find.is(200), but actually found 404
REQUEST		Proposal	1672835330971	1672835331267	OK	 
USER	Create  Scenario	END	1672835331540
REQUEST		Proposal	1672835331524	1672835331818	KO	status.find.is(200), but actually found 404
USER	Create  Scenario	END	1672835332157
REQUEST		Proposal	1672835332166	1672835332460	KO	status.find.is(200), but actually found 404
USER	Create  Scenario	END	1672835332660
REQUEST		Proposal	1672835332606	1672835332904	OK	 
REQUEST		Proposal	1672835332901	1672835333196	OK	 
REQUEST		Proposal	1672835333526	1672835333825	KO	status.find.is(200), but actually found 404
USER	Create  Scenario	END	1672835334141
REQUEST		Proposal	1672835334136	1672835334441	KO	status.find.is(200), but actually found 404
REQUEST		Proposal	1672835334268	1672835334563	KO	status.find.is(200), but actually found 404
USER	Create  Scenario	END	1672835334819
USER	Create  Scenario	END	1672835335461
REQUEST		Proposal	1672835335905	1672835336202	KO	status.find.is(200), but actually found 404
REQUEST		Proposal	1672835336197	1672835336498	KO	status.find.is(200), but actually found 404
USER	Create  Scenario	END	1672835336826
USER	Create  Scenario	END	1672835337442
USER	Create  Scenario	END	1672835337564
USER	Create  Scenario	END	1672835339203
USER	Create  Scenario	END	1672835339499
