RUN	Simulations.Runner.Go1percent	go1percent	1675876678213	 	3.5.1
ERROR	/studios/score?studioId=1- Fetch reward score by studio score: Failed to build request: No attribute named 'access_tokenn' is defined 	1675876679391
USER	Leaderboard API	START	1675876679373
ERROR	/studios/score?studioId=1- Fetch reward score by studio score: Failed to build request: No attribute named 'access_tokenn' is defined 	1675876679699
USER	Leaderboard API	START	1675876679698
ERROR	/studios/score?studioId=1- Fetch reward score by studio score: Failed to build request: No attribute named 'access_tokenn' is defined 	1675876680032
USER	Leaderboard API	START	1675876680032
ERROR	/studios/score?studioId=1- Fetch reward score by studio score: Failed to build request: No attribute named 'access_tokenn' is defined 	1675876680368
USER	Leaderboard API	START	1675876680367
ERROR	/studios/score?studioId=1- Fetch reward score by studio score: Failed to build request: No attribute named 'access_tokenn' is defined 	1675876680701
USER	Leaderboard API	START	1675876680701
ERROR	/studios/score?studioId=1- Fetch reward score by studio score: Failed to build request: No attribute named 'access_tokenn' is defined 	1675876681035
USER	Leaderboard API	START	1675876681035
ERROR	/studios/score?studioId=1- Fetch reward score by studio score: Failed to build request: No attribute named 'access_tokenn' is defined 	1675876681369
USER	Leaderboard API	START	1675876681369
ERROR	/studios/score?studioId=1- Fetch reward score by studio score: Failed to build request: No attribute named 'access_tokenn' is defined 	1675876681694
USER	Leaderboard API	START	1675876681693
ERROR	/studios/score?studioId=1- Fetch reward score by studio score: Failed to build request: No attribute named 'access_tokenn' is defined 	1675876682027
USER	Leaderboard API	START	1675876682027
ERROR	/studios/score?studioId=1- Fetch reward score by studio score: Failed to build request: No attribute named 'access_tokenn' is defined 	1675876682362
USER	Leaderboard API	START	1675876682362
ERROR	/studios/1- Get Studio details by Studio Id: Failed to build request: No attribute named 'access_tokenn' is defined 	1675876682398
ERROR	/studios/score?studioId=1- Fetch reward score by studio score: Failed to build request: No attribute named 'access_tokenn' is defined 	1675876682694
USER	Leaderboard API	START	1675876682694
ERROR	/studios/1- Get Studio details by Studio Id: Failed to build request: No attribute named 'access_tokenn' is defined 	1675876682700
ERROR	/studios/score?studioId=1- Fetch reward score by studio score: Failed to build request: No attribute named 'access_tokenn' is defined 	1675876683028
USER	Leaderboard API	START	1675876683028
ERROR	/studios/1- Get Studio details by Studio Id: Failed to build request: No attribute named 'access_tokenn' is defined 	1675876683033
ERROR	/studios/score?studioId=1- Fetch reward score by studio score: Failed to build request: No attribute named 'access_tokenn' is defined 	1675876683363
USER	Leaderboard API	START	1675876683362
ERROR	/studios/1- Get Studio details by Studio Id: Failed to build request: No attribute named 'access_tokenn' is defined 	1675876683369
ERROR	/studios/score?studioId=1- Fetch reward score by studio score: Failed to build request: No attribute named 'access_tokenn' is defined 	1675876683694
USER	Leaderboard API	START	1675876683694
ERROR	/studios/1- Get Studio details by Studio Id: Failed to build request: No attribute named 'access_tokenn' is defined 	1675876683703
ERROR	/studios/score?studioId=1- Fetch reward score by studio score: Failed to build request: No attribute named 'access_tokenn' is defined 	1675876684028
USER	Leaderboard API	START	1675876684028
ERROR	/studios/1- Get Studio details by Studio Id: Failed to build request: No attribute named 'access_tokenn' is defined 	1675876684037
ERROR	/studios/score?studioId=1- Fetch reward score by studio score: Failed to build request: No attribute named 'access_tokenn' is defined 	1675876684363
USER	Leaderboard API	START	1675876684363
ERROR	/studios/1- Get Studio details by Studio Id: Failed to build request: No attribute named 'access_tokenn' is defined 	1675876684371
ERROR	/studios/score?studioId=1- Fetch reward score by studio score: Failed to build request: No attribute named 'access_tokenn' is defined 	1675876684694
ERROR	/studios/1- Get Studio details by Studio Id: Failed to build request: No attribute named 'access_tokenn' is defined 	1675876684695
USER	Leaderboard API	START	1675876684694
ERROR	/studios/score?studioId=1- Fetch reward score by studio score: Failed to build request: No attribute named 'access_tokenn' is defined 	1675876685027
USER	Leaderboard API	START	1675876685027
ERROR	/studios/1- Get Studio details by Studio Id: Failed to build request: No attribute named 'access_tokenn' is defined 	1675876685029
ERROR	/studios/score?studioId=1- Fetch reward score by studio score: Failed to build request: No attribute named 'access_tokenn' is defined 	1675876685362
USER	Leaderboard API	START	1675876685361
ERROR	/studios/1- Get Studio details by Studio Id: Failed to build request: No attribute named 'access_tokenn' is defined 	1675876685363
ERROR	/getStudioCharter?studioId=1- Fetch charter(Image) on the basis of studio Id: Failed to build request: No attribute named 'access_tokenn' is defined 	1675876685399
ERROR	/studios/score?studioId=1- Fetch reward score by studio score: Failed to build request: No attribute named 'access_tokenn' is defined 	1675876685694
USER	Leaderboard API	START	1675876685694
ERROR	/studios/1- Get Studio details by Studio Id: Failed to build request: No attribute named 'access_tokenn' is defined 	1675876685696
ERROR	/getStudioCharter?studioId=1- Fetch charter(Image) on the basis of studio Id: Failed to build request: No attribute named 'access_tokenn' is defined 	1675876685701
ERROR	/studios/score?studioId=1- Fetch reward score by studio score: Failed to build request: No attribute named 'access_tokenn' is defined 	1675876686027
USER	Leaderboard API	START	1675876686027
ERROR	/studios/1- Get Studio details by Studio Id: Failed to build request: No attribute named 'access_tokenn' is defined 	1675876686029
ERROR	/getStudioCharter?studioId=1- Fetch charter(Image) on the basis of studio Id: Failed to build request: No attribute named 'access_tokenn' is defined 	1675876686035
ERROR	/studios/score?studioId=1- Fetch reward score by studio score: Failed to build request: No attribute named 'access_tokenn' is defined 	1675876686362
USER	Leaderboard API	START	1675876686361
ERROR	/studios/1- Get Studio details by Studio Id: Failed to build request: No attribute named 'access_tokenn' is defined 	1675876686363
ERROR	/getStudioCharter?studioId=1- Fetch charter(Image) on the basis of studio Id: Failed to build request: No attribute named 'access_tokenn' is defined 	1675876686370
ERROR	/studios/score?studioId=1- Fetch reward score by studio score: Failed to build request: No attribute named 'access_tokenn' is defined 	1675876686693
USER	Leaderboard API	START	1675876686693
ERROR	/studios/1- Get Studio details by Studio Id: Failed to build request: No attribute named 'access_tokenn' is defined 	1675876686695
ERROR	/getStudioCharter?studioId=1- Fetch charter(Image) on the basis of studio Id: Failed to build request: No attribute named 'access_tokenn' is defined 	1675876686704
ERROR	/studios/score?studioId=1- Fetch reward score by studio score: Failed to build request: No attribute named 'access_tokenn' is defined 	1675876687027
USER	Leaderboard API	START	1675876687027
ERROR	/studios/1- Get Studio details by Studio Id: Failed to build request: No attribute named 'access_tokenn' is defined 	1675876687029
ERROR	