RUN	Simulations.Create	create	1672897419559	 	3.5.1
USER	Create  Scenario	START	1672897425708
REQUEST		Edit Proposal	1672897425726	1672897426661	KO	status.find.is(200), but actually found 400
USER	Create  Scenario	START	1672897426703
REQUEST		Edit Proposal	1672897426703	1672897427684	KO	status.find.is(200), but actually found 400
USER	Create  Scenario	START	1672897427702
REQUEST		Edit Proposal	1672897427703	1672897428604	KO	status.find.is(200), but actually found 400
USER	Create  Scenario	START	1672897428702
USER	Create  Scenario	END	1672897429682
USER	Create  Scenario	START	1672897429703
REQUEST		Edit Proposal	1672897428703	1672897430242	KO	status.find.is(200), but actually found 400
REQUEST		Edit Proposal	1672897429704	1672897430571	KO	status.find.is(200), but actually found 400
USER	Create  Scenario	END	1672897430685
USER	Create  Scenario	START	1672897430703
USER	Create  Scenario	END	1672897431605
REQUEST		Edit Proposal	1672897430704	1672897431675	KO	status.find.is(200), but actually found 400
USER	Create  Scenario	START	1672897431703
REQUEST		Edit Proposal	1672897431703	1672897432588	KO	status.find.is(200), but actually found 400
USER	Create  Scenario	START	1672897432707
USER	Create  Scenario	END	1672897433243
USER	Create  Scenario	END	1672897433572
REQUEST		Edit Proposal	1672897432707	1672897433621	KO	status.find.is(200), but actually found 400
USER	Create  Scenario	START	1672897433703
USER	Create  Scenario	END	1672897434676
USER	Create  Scenario	START	1672897434702
REQUEST		Edit Proposal	1672897433703	1672897434715	KO	status.find.is(200), but actually found 400
USER	Create  Scenario	END	1672897435589
REQUEST		Edit Proposal	1672897434703	1672897435656	KO	status.find.is(200), but actually found 400
USER	Create  Scenario	START	1672897435703
USER	Create  Scenario	END	1672897436623
REQUEST		Edit Proposal	1672897435703	1672897436695	KO	status.find.is(200), but actually found 400
USER	Create  Scenario	START	1672897436703
REQUEST		Edit Proposal	1672897436704	1672897437700	KO	status.find.is(200), but actually found 400
USER	Create  Scenario	START	1672897437703
USER	Create  Scenario	END	1672897437715
REQUEST		Edit Proposal	1672897437704	1672897438652	KO	status.find.is(200), but actually found 400
USER	Create  Scenario	END	1672897438657
USER	Create  Scenario	START	1672897438702
REQUEST		Edit Proposal	1672897438703	1672897439645	KO	status.find.is(200), but actually found 400
USER	Create  Scenario	END	1672897439696
USER	Create  Scenario	START	1672897439702
REQUEST		Edit Proposal	1672897439703	1672897440685	KO	status.find.is(200), but actually found 400
USER	Create  Scenario	END	1672897440700
USER	Create  Scenario	START	1672897440703
REQUEST		Edit Proposal	1672897440703	1672897441592	KO	status.find.is(200), but actually found 400
USER	Create  Scenario	END	1672897441653
USER	Create  Scenario	START	1672897441703
USER	Create  Scenario	END	1672897442646
USER	Create  Scenario	START	1672897442702
REQUEST		Edit Proposal	1672897441703	1672897442851	KO	status.find.is(200), but actually found 400
REQUEST		Edit Proposal	1672897442703	1672897443638	KO	status.find.is(200), but actually found 400
USER	Create  Scenario	END	1672897443686
USER	Create  Scenario	START	1672897443702
USER	Create  Scenario	END	1672897444593
REQUEST		Edit Proposal	1672897443704	1672897444678	KO	status.find.is(200), but actually found 400
USER	Create  Scenario	START	1672897444702
REQUEST		Edit Proposal	1672897444703	1672897445601	KO	status.find.is(200), but actually found 400
USER	Create  Scenario	START	1672897445703
USER	Create  Scenario	END	1672897445852
REQUEST		Edit Proposal	1672897445703	1672897446627	KO	status.find.is(200), but actually found 400
USER	Create  Scenario	END	1672897446638
USER	Create  Scenario	START	1672897446703
REQUEST		Edit Proposal	1672897446704	1672897447648	KO	status.find.is(200), but actually found 400
USER	Create  Scenario	END	1672897447679
USER	Create  Scenario	START	1672897447703
USER	Create  Scenario	END	1672897448602
REQUEST		Edit Proposal	1672897447703	1672897448651	KO	status.find.is(200), but actually found 400
USER	Create  Scenario	START	1672897448703
REQUEST		Edit Proposal	1672897448703	1672897449596	KO	status.find.is(200), but actually found 400
USER	Create  Scenario	END	1672897449627
USER	Create  Scenario	START	1672897449702
REQUEST		Edit Proposal	1672897449703	1672897450618	KO	status.find.is(200), but actually found 400
USER	Create  Scenario	END	1672897450649
USER	Create  Scenario	START	1672897450703
REQUEST		Edit Proposal	1672897450703	1672897451648	KO	status.find.is(200), but actually found 400
USER	Create  Scenario	END	1672897451652
USER	Create  Scenario	START	1672897451703
USER	Create  Scenario	END	1672897452597
USER	Create  Scenario	START	1672897452702
REQUEST		Edit Proposal	1672897451703	1672897452760	KO	status.find.is(200), but actually found 400
REQUEST		Edit Proposal	1672897452703	1672897453586	KO	status.find.is(200), but actually found 400
USER	Create  Scenario	END	1672897453619
USER	Create  Scenario	START	1672897453703
USER	Create  Scenario	END	1672897454649
USER	Create  Scenario	START	1672897454703
REQUEST		Edit Proposal	1672897453704	1672897454712	KO	status.find.is(200), but actually found 400
REQUEST		Edit Proposal	1672897454703	1672897455632	KO	status.find.is(200), but actually found 400
USER	Create  Scenario	START	1672897455703
USER	Create  Scenario	END	1672897455760
USER	Create  Scenario	END	1672897456587
USER	Create  Scenario	START	1672897456703
REQUEST		Edit Proposal	1672897455704	1672897456758	KO	status.find.is(200), but actually found 400
USER	Create  Scenario	START	1672897457703
USER	Create  Scenario	END	1672897457712
REQUEST		Edit Proposal	1672897456704	1672897457908	KO	status.find.is(200), but actually found 400
USER	Create  Scenario	END	1672897458633
USER	Create  Scenario	START	1672897458703
REQUEST		Edit Proposal	1672897457703	1672897458712	KO	status.find.is(200), but actually found 400
REQUEST		Edit Proposal	1672897458704	1672897459631	KO	status.find.is(200), but actually found 400
USER	Create  Scenario	START	1672897459703
USER	Create  Scenario	END	1672897459759
REQUEST		Edit Proposal	1672897459704	1672897460652	KO	status.find.is(200), but actually found 400
USER	Create  Scenario	START	1672897460703
USER	Create  Scenario	END	1672897460908
REQUEST		Edit Proposal	1672897460703	1672897461661	KO	status.find.is(200), but actually found 400
USER	Create  Scenario	START	1672897461703
USER	Create  Scenario	END	1672897461712
REQUEST		Edit Proposal	1672897461703	1672897462578	KO	status.find.is(200), but actually found 400
USER	Create  Scenario	END	1672897462632
USER	Create  Scenario	START	1672897462703
REQUEST		Edit Proposal	1672897462704	1672897463626	KO	status.find.is(200), but actually found 400
USER	Create  Scenario	END	1672897463653
USER	Create  Scenario	START	1672897463702
REQUEST		Edit Proposal	1672897463703	1672897464646	KO	status.find.is(200), but actually found 400
USER	Create  Scenario	END	1672897464662
USER	Create  Scenario	START	1672897464704
USER	Create  Scenario	END	1672897465579
REQUEST		Edit Proposal	1672897464705	1672897465672	KO	status.find.is(200), but actually found 400
USER	Create  Scenario	START	1672897465702
USER	Create  Scenario	END	1672897466627
REQUEST		Edit Proposal	1672897465702	1672897466678	KO	status.find.is(200), but actually found 400
USER	Create  Scenario	START	1672897466702
REQUEST		Edit Proposal	1672897466703	1672897467616	KO	status.find.is(200), but actually found 400
USER	Create  Scenario	END	1672897467647
USER	Create  Scenario	START	1672897467702
REQUEST		Edit Proposal	1672897467703	1672897468624	KO	status.find.is(200), but actually found 400
USER	Create  Scenario	END	1672897468672
USER	Create  Scenario	START	1672897468703
REQUEST		Edit Proposal	1672897468703	1672897469646	KO	status.find.is(200), but actually found 400
USER	Create  Scenario	END	1672897469679
USER	Create  Scenario	START	1672897469702
USER	Create  Scenario	END	1672897470617
REQUEST		Edit Proposal	1672897469703	1672897470688	KO	status.find.is(200), but actually found 400
USER	Create  Scenario	START	1672897470703
USER	Create  Scenario	END	1672897471625
USER	Create  Scenario	START	1672897471703
REQUEST		