RUN	Simulations.Runner.Go1percent	go1percent	1676446634602	 	3.5.1
USER	Summary API	START	1676446635505
USER	Summary API	START	1676446635999
USER	Summary API	START	1676446636499
REQUEST		My Techup - Fetch approved Techup	1676446635521	1676446636868	OK	 
USER	Summary API	START	1676446637000
REQUEST		My Techup - Fetch approved Techup	1676446635999	1676446637087	OK	 
USER	Summary API	START	1676446637500
REQUEST		My Techup - Fetch approved Techup	1676446636500	1676446637895	OK	 
USER	Summary API	START	1676446637995
REQUEST		My Techup - Fetch approved Techup	1676446637001	1676446638352	OK	 
USER	Summary API	START	1676446638496
REQUEST		My Techup - Fetch approved Techup	1676446637501	1676446638641	OK	 
USER	Summary API	START	1676446638995
REQUEST		My Techup - Fetch approved Techup	1676446637996	1676446639130	OK	 
USER	Summary API	START	1676446639496
USER	Summary API	START	1676446639996
REQUEST		My Techup - Fetch approved Techup	1676446638496	1676446640087	OK	 
REQUEST		My Techup - Fetch approved Techup	1676446638995	1676446640104	OK	 
USER	Summary API	START	1676446640497
REQUEST		My Techup - Fetch approved Techup	1676446639496	1676446640637	OK	 
REQUEST		Approval Techup - Fetch approval Techups	1676446640088	1676446640667	OK	 
USER	Summary API	START	1676446640996
USER	Summary API	START	1676446641496
USER	Summary API	START	1676446641997
REQUEST		Approval Techup - Fetch approval Techups	1676446639880	1676446642092	OK	 
REQUEST		My Techup - Fetch approved Techup	1676446639996	1676446642130	OK	 
REQUEST		Approval Techup - Fetch approval Techups	1676446640896	1676446642406	OK	 
USER	Summary API	START	1676446642496
REQUEST		Approval Techup - Fetch approval Techups	1676446641353	1676446642884	OK	 
REQUEST		My Techup - Fetch approved Techup	1676446640996	1676446642884	OK	 
REQUEST		My Techup - Fetch approved Techup	1676446641497	1676446642889	OK	 
USER	Summary API	START	1676446642996
REQUEST		Approval Techup - Fetch approval Techups	1676446641642	1676446643099	OK	 
REQUEST		My Techup - Fetch approved Techup	1676446641997	1676446643101	OK	 
REQUEST		My Techup - Fetch approved Techup	1676446640497	1676446643103	OK	 
USER	Summary API	START	1676446643495
REQUEST		My Techup - Fetch approved Techup	1676446642496	1676446643661	OK	 
USER	Summary API	START	1676446643996
REQUEST		Approval Techup - Fetch approval Techups	1676446642131	1676446644115	OK	 
REQUEST		Approval Techup - Fetch approval Techups	1676446643088	1676446644341	OK	 
USER	Summary API	START	1676446644496
REQUEST		Approval Techup - Fetch approval Techups	1676446643104	1676446644669	OK	 
REQUEST		Approval Techup - Fetch approval Techups	1676446643638	1676446644854	OK	 
REQUEST		My Techup - Fetch approved Techup	1676446642997	1676446644854	OK	 
REQUEST		AllTechup - Fetch all Techup	1676446643668	1676446644858	OK	 
REQUEST		My Techup - Fetch approved Techup	1676446643496	1676446644922	OK	 
USER	Summary API	START	1676446644996
REQUEST		My Techup - Fetch approved Techup	1676446643996	1676446645365	OK	 
USER	Summary API	START	1676446645496
USER	Summary API	START	1676446645996
USER	Summary API	START	1676446646496
USER	Summary API	START	1676446646996
REQUEST		AllTechup - Fetch all Techup	1676446645093	1676446647085	OK	 
USER	Summary API	START	1676446647496
USER	Summary API	START	1676446647996
USER	Summary API	START	1676446648496
USER	Summary API	START	1676446648996
REQUEST		Approval Techup - Fetch approval Techups	1676446645131	1676446649056	OK	 
USER	Summary API	START	1676446649496
REQUEST		My Techup - Fetch approved Techup	1676446644497	1676446649870	OK	 
USER	Summary API	START	1676446649995
REQUEST		My Techup - Fetch approved Techup	1676446644997	1676446650125	OK	 
USER	Summary API	START	1676446650496
REQUEST		My Techup - Fetch approved Techup	1676446645996	1676446650597	OK	 
REQUEST		My Techup - Fetch approved Techup	1676446645497	1676446650843	OK	 
USER	Summary API	START	1676446650996
USER	Summary API	START	1676446651495
USER	Summary API	START	1676446651996
REQUEST		My Techup - Fetch approved Techup	1676446646497	1676446652105	OK	 
REQUEST		Approval Techup - Fetch approval Techups	1676446645885	1676446652121	OK	 
REQUEST		My Techup - Fetch approved Techup	1676446646996	1676446652122	OK	 
USER	Summary API	START	1676446652496
USER	Summary API	START	1676446652996
USER	Summary API	START	1676446653496
USER	Summary API	START	1676446653995
USER	Summary API	START	1676446654496
USER	Summary API	START	1676446654996
USER	Summary API	START	1676446655496
REQUEST		AllTechup - Fetch all Techup	1676446645407	1676446655908	OK	 
USER	Summary API	START	1676446655996
USER	Summary API	START	1676446656496
USER	Summary API	START	1676446656996
REQUEST		AllTechup - Fetch all Techup	1676446646100	1676446657148	OK	 
USER	Summary API	START	1676446657495
REQUEST		AllTechup - Fetch all Techup	1676446645885	1676446657857	OK	 
USER	Summary API	START	1676446657996
USER	Summary API	START	1676446658496
USER	Summary API	START	1676446658996
USER	Summary API	START	1676446659496
USER	Summary API	START	1676446659995
USER	Summary API	START	1676446660496
USER	Summary API	START	1676446660996
USER	Summary API	START	1676446661496
USER	Summary API	START	1676446661996
REQUEST		My Techup - Fetch approved Techup	1676446650996	1676446662379	OK	 
USER	Summary API	START	1676446662496
REQUEST		Approval Techup - Fetch approval Techups	1676446646662	1676446662856	OK	 
REQUEST		My Techup - Fetch approved Techup	1676446647497	1676446662860	OK	 
REQUEST		Approval Techup - Fetch approval Techups	1676446646104	1676446662862	OK	 
REQUEST		My Techup - Fetch approved Techup	1676446647996	1676446662886	OK	 
USER	Summary API	START	1676446662995
REQUEST		Approval Techup - Fetch approval Techups	1676446647855	1676446663061	KO	status.find.is(204), but actually found 500
USER	Summary API	START	1676446663496
USER	Summary API	START	1676446663995
USER	Summary API	START	1676446664496
USER	Summary API	START	1676446664996
USER	Summary API	START	1676446665496
USER	Summary API	START	1676446665995
USER	Summary API	START	1676446666495
USER	Summary API	START	1676446666996
REQUEST		Approval Techup - Fetch approval Techups	1676446653126	1676446667138	KO	status.find.is(204), but actually found 500
REQUEST		Approval Techup - Fetch approval Techups	1676446653844	1676446667403	KO	status.find.is(204), but actually found 500
REQUEST		Approval Techup - Fetch approval Techups	1676446645890	1676446667419	OK	 
REQUEST		AllTechup - Fetch all Techup	1676446647670	1676446667423	KO	status.find.is(200), but actually found 500
USER	Summary API	START	1676446667496
REQUEST		My Techup - Fetch approved Techup	1676446651996	1676446667560	OK	 
REQUEST		Approval Techup - Fetch approval Techups	1676446646102	1676446667561	OK	 
REQUEST		My Techup - Fetch approved Techup	1676446648497	1676446667571	OK	 
USER	Summary API	START	1676446667996
REQUEST		My Techup - Fetch approved Techup	1676446649497	1676446668078	OK	 
USER	Summary API	START	1676446668496
USER	Summary API	START	1676446668995
USER	Summary API	START	1676446669495
REQUEST		AllTechup - Fetch all Techup	1676446647343	1676446669661	KO	status.find.is(200), but actually found 500
REQUEST		Approval Techup - Fetch dreft Techups	1676446647859	1676446669673	KO	status.find.is(200), but actually found 500
USER	Summary API	START	1676446669996
REQUEST		My Techup - Fetch approved Techup	1676446654496	1676446670160	OK	 
REQUEST		Approval Techup - Fetch approval Techups	1676446652871	1676446670171	OK	 
REQUEST		My Techup - Fetch approved Techup	1676446655996	1676446670172	OK	 
USER	Summary API	START	1676446670496
USER	Summary API	START	1676446670995
USER	Summary API	START	1676446671496
USER	Summary API	START	1676446671995
USER	Summary API	START	1676446672496
USER	Summary API	START	1676446672995
USER	Summary API	START	1676446673495
USER	Summary API	START	1676446673997
USER	Summary API	START	1676446674496
USER	Summary API	START	1676446674996
REQUEST		AllTechup - Fetch all Techup	1676446647855	1676446675074	OK	 
REQUEST		My Techup - Fetch approved Techup	1676446651496	1676446675078	OK	 
REQUEST		AllTechup - Fetch all Techup	1676446647116	1676446675090	OK	 
USER	Summary API	START	1676446675496
USER	Summary API	START	1676446675995
USER	