RUN	Simulations.Runner.CreateTwo	createtwo	1673449770360	 	3.5.1
USER	Create  Scenario	START	1673449776335
USER	Create  Scenario	START	1673449776428
USER	Create  Scenario	START	1673449776529
USER	Create  Scenario	START	1673449776630
USER	Create  Scenario	START	1673449776731
USER	Create  Scenario	START	1673449776832
USER	Create  Scenario	START	1673449776932
USER	Create  Scenario	START	1673449777032
USER	Create  Scenario	START	1673449777133
REQUEST		Proposal	1673449776370	1673449777213	OK	 
USER	Create  Scenario	START	1673449777232
REQUEST		Proposal	1673449776428	1673449777268	OK	 
USER	Create  Scenario	START	1673449777333
REQUEST		Proposal	1673449776530	1673449777366	OK	 
USER	Create  Scenario	START	1673449777428
REQUEST		Proposal	1673449776631	1673449777469	OK	 
USER	Create  Scenario	START	1673449777529
REQUEST		Proposal	1673449776732	1673449777570	OK	 
USER	Create  Scenario	START	1673449777629
REQUEST		Proposal	1673449776832	1673449777674	OK	 
USER	Create  Scenario	START	1673449777730
REQUEST		Proposal	1673449776932	1673449777767	OK	 
USER	Create  Scenario	START	1673449777830
REQUEST		Proposal	1673449777033	1673449777871	OK	 
USER	Create  Scenario	START	1673449777930
REQUEST		Proposal	1673449777133	1673449777969	OK	 
USER	Create  Scenario	START	1673449778030
REQUEST		Proposal	1673449777233	1673449778087	OK	 
USER	Create  Scenario	START	1673449778130
REQUEST		Proposal	1673449777334	1673449778187	OK	 
USER	Create  Scenario	START	1673449778231
REQUEST		Proposal	1673449777429	1673449778300	OK	 
USER	Create  Scenario	START	1673449778332
REQUEST		Proposal	1673449777529	1673449778367	OK	 
USER	Create  Scenario	START	1673449778428
REQUEST		Proposal	1673449777630	1673449778472	OK	 
USER	Create  Scenario	START	1673449778527
REQUEST		Proposal	1673449777730	1673449778566	OK	 
USER	Create  Scenario	START	1673449778628
REQUEST		Proposal	1673449777831	1673449778675	OK	 
USER	Create  Scenario	START	1673449778728
REQUEST		Proposal	1673449777931	1673449778790	OK	 
USER	Create  Scenario	START	1673449778828
REQUEST		Proposal	1673449778031	1673449778868	OK	 
USER	Create  Scenario	START	1673449778928
REQUEST		Proposal	1673449778131	1673449778986	OK	 
USER	Create  Scenario	START	1673449779028
REQUEST		Proposal	1673449778231	1673449779058	OK	 
USER	Create  Scenario	START	1673449779128
REQUEST		Proposal	1673449778332	1673449779164	OK	 
USER	Create  Scenario	START	1673449779228
REQUEST		Proposal	1673449778428	1673449779274	OK	 
USER	Create  Scenario	START	1673449779328
REQUEST		Proposal	1673449778528	1673449779362	OK	 
USER	Create  Scenario	START	1673449779428
REQUEST		Proposal	1673449778628	1673449779466	OK	 
USER	Create  Scenario	START	1673449779528
REQUEST		Proposal	1673449778728	1673449779587	OK	 
USER	Create  Scenario	START	1673449779628
REQUEST		Proposal	1673449778829	1673449779668	OK	 
USER	Create  Scenario	START	1673449779728
REQUEST		Proposal	1673449778929	1673449779790	OK	 
USER	Create  Scenario	START	1673449779828
REQUEST		Proposal	1673449779029	1673449779903	OK	 
USER	Create  Scenario	START	1673449779928
REQUEST		Proposal	1673449779129	1673449779965	OK	 
USER	Create  Scenario	START	1673449780028
REQUEST		Proposal	1673449779229	1673449780064	OK	 
USER	Create  Scenario	START	1673449780128
REQUEST		Proposal	1673449779329	1673449780195	OK	 
USER	Create  Scenario	START	1673449780228
REQUEST		Proposal	1673449779428	1673449780298	OK	 
USER	Create  Scenario	START	1673449780328
REQUEST		Proposal	1673449779528	1673449780367	OK	 
USER	Create  Scenario	START	1673449780428
REQUEST		Proposal	1673449779628	1673449780465	OK	 
USER	Create  Scenario	START	1673449780528
REQUEST		Proposal	1673449779729	1673449780571	OK	 
USER	Create  Scenario	START	1673449780628
REQUEST		Proposal	1673449779828	1673449780689	OK	 
USER	Create  Scenario	START	1673449780728
REQUEST		Proposal	1673449779928	1673449780755	OK	 
USER	Create  Scenario	START	1673449780829
REQUEST		Proposal	1673449780029	1673449780892	OK	 
USER	Create  Scenario	START	1673449780929
REQUEST		Proposal	1673449780129	1673449780994	OK	 
USER	Create  Scenario	START	1673449781029
REQUEST		Proposal	1673449780229	1673449781095	OK	 
USER	Create  Scenario	START	1673449781129
REQUEST		Proposal	1673449780329	1673449781163	OK	 
USER	Create  Scenario	START	1673449781229
REQUEST		Proposal	1673449780429	1673449781306	OK	 
USER	Create  Scenario	START	1673449781329
REQUEST		Proposal	1673449780529	1673449781371	OK	 
USER	Create  Scenario	START	1673449781428
REQUEST		Proposal	1673449780629	1673449781463	OK	 
USER	Create  Scenario	START	1673449781528
USER	Create  Scenario	START	1673449781628
REQUEST		Proposal	1673449780729	1673449781676	OK	 
USER	Create  Scenario	START	1673449781728
USER	Create  Scenario	START	1673449781828
REQUEST		Proposal	1673449780930	1673449781896	OK	 
USER	Create  Scenario	START	1673449781928
REQUEST		Proposal	1673449781029	1673449782002	OK	 
USER	Create  Scenario	START	1673449782029
USER	Create  Scenario	START	1673449782129
REQUEST		Proposal	1673449781129	1673449782157	OK	 
USER	Create  Scenario	START	1673449782229
USER	Create  Scenario	START	1673449782329
USER	Create  Scenario	START	1673449782428
REQUEST		Proposal	1673449781428	1673449782493	OK	 
USER	Create  Scenario	START	1673449782528
USER	Create  Scenario	START	1673449782628
REQUEST		Proposal	1673449781628	1673449782676	OK	 
USER	Create  Scenario	START	1673449782728
REQUEST		Proposal	1673449780829	1673449782803	OK	 
USER	Create  Scenario	START	1673449782828
USER	Create  Scenario	START	1673449782928
REQUEST		Proposal	1673449781929	1673449782981	OK	 
USER	Create  Scenario	START	1673449783028
USER	Create  Scenario	START	1673449783128
REQUEST		Proposal	1673449782129	1673449783165	OK	 
REQUEST		Proposal	1673449781729	1673449783181	OK	 
USER	Create  Scenario	START	1673449783228
REQUEST		Proposal	1673449782229	1673449783287	OK	 
USER	Create  Scenario	START	1673449783328
REQUEST		Proposal	1673449782330	1673449783376	OK	 
USER	Create  Scenario	START	1673449783427
USER	Create  Scenario	START	1673449783528
REQUEST		Proposal	1673449782528	1673449783596	OK	 
USER	Create  Scenario	START	1673449783627
REQUEST		Proposal	1673449782628	1673449783681	OK	 
USER	Create  Scenario	START	1673449783728
USER	Create  Scenario	START	1673449783828
REQUEST		Proposal	1673449781229	1673449783908	OK	 
USER	Create  Scenario	START	1673449783928
USER	Create  Scenario	START	1673449784028
REQUEST		Proposal	1673449782928	1673449784036	OK	 
USER	Create  Scenario	START	1673449784128
REQUEST		Proposal	1673449783128	1673449784212	OK	 
REQUEST		Proposal	1673449782728	1673449784213	OK	 
USER	Create  Scenario	START	1673449784228
USER	Create  Scenario	START	1673449784328
REQUEST		Proposal	1673449783228	1673449784375	OK	 
USER	Create  Scenario	START	1673449784427
USER	Create  Scenario	START	1673449784528
REQUEST		Proposal	1673449781330	1673449784572	OK	 
USER	Create  Scenario	START	1673449784628
REQUEST		Proposal	1673449783628	1673449784717	OK	 
USER	Create  Scenario	START	1673449784728
REQUEST		Proposal	1673449782428	1673449784762	OK	 
REQUEST		Proposal	1673449781829	1673449784770	OK	 
REQUEST		Proposal	1673449783728	1673449784822	OK	 
USER	Create  Scenario	START	1673449784828
REQUEST		Proposal	1673449783328	1673449784836	OK	 
USER	Create  Scenario	START	1673449784928
USER	Create  Scenario	START	1673449785028
REQUEST		Proposal	1673449783928	1673449785031	OK	 
USER	Create  Scenario	START	1673449785128
USER	Create  Scenario	START	1673449785228
USER	Create  Scenario	START	1673449785328
USER	Create  Scenario	START	1673449785428
REQUEST		Proposal	1673449784428	1673449785523	OK	 
USER	Create  Scenario	START	1673449785528
REQUEST		Proposal	1673449783028	1673449785550	OK	 
USER	Create  Scenario	START	1673449785628
REQUEST		Proposal	1673449784529	1673449785644	OK	 
USER	Create  Scenario	START	1673449785728
REQUEST		Proposals	1673449780269	1673449785817	OK	 
USER	Create  Scenario	START	1673449785828
USER	Create  Scenario	START	1673449785928
REQUEST		Proposal	1673449783428	1673449785980	OK	 
REQUEST		Proposal	1673449784928	1673449786028	OK	 
USER	Create  Scenario	START	1673449786028
USER	Create  Scenario	START	1673449786128
USER	Create  Scenario	START	1673449786228
REQUEST		Proposal	1673449785228	1673449786290	