RUN	Simulations.Runner.Go1percent	go1percent	1674754232512	 	3.5.1
USER	Contribution API	START	1674754233347
USER	Contribution API	START	1674754233438
USER	Contribution API	START	1674754233539
USER	Contribution API	START	1674754233639
USER	Contribution API	START	1674754233740
USER	Contribution API	START	1674754233840
USER	Contribution API	START	1674754233940
USER	Contribution API	START	1674754234040
USER	Contribution API	START	1674754234140
REQUEST		/updateProposal?contributionId=12755-Helps us to edit the proposal contribution.	1674754233368	1674754234217	KO	status.find.is(200), but actually found 405
USER	Contribution API	START	1674754234240
REQUEST		/updateProposal?contributionId=12755-Helps us to edit the proposal contribution.	1674754233439	1674754234281	KO	status.find.is(200), but actually found 405
USER	Contribution API	START	1674754234341
REQUEST		/updateProposal?contributionId=12755-Helps us to edit the proposal contribution.	1674754233540	1674754234376	KO	status.find.is(200), but actually found 405
USER	Contribution API	START	1674754234441
REQUEST		/updateProposal?contributionId=12755-Helps us to edit the proposal contribution.	1674754233640	1674754234463	KO	status.find.is(200), but actually found 405
USER	Contribution API	START	1674754234541
REQUEST		/updateProposal?contributionId=12755-Helps us to edit the proposal contribution.	1674754233740	1674754234579	KO	status.find.is(200), but actually found 405
USER	Contribution API	START	1674754234641
REQUEST		/updateProposal?contributionId=12755-Helps us to edit the proposal contribution.	1674754233840	1674754234666	KO	status.find.is(200), but actually found 405
USER	Contribution API	START	1674754234741
REQUEST		/updateProposal?contributionId=12755-Helps us to edit the proposal contribution.	1674754233941	1674754234769	KO	status.find.is(200), but actually found 405
USER	Contribution API	START	1674754234841
REQUEST		/updateProposal?contributionId=12755-Helps us to edit the proposal contribution.	1674754234041	1674754234865	KO	status.find.is(200), but actually found 405
USER	Contribution API	START	1674754234942
REQUEST		/updateProposal?contributionId=12755-Helps us to edit the proposal contribution.	1674754234141	1674754234972	KO	status.find.is(200), but actually found 405
USER	Contribution API	START	1674754235042
REQUEST		/updateProposal?contributionId=12755-Helps us to edit the proposal contribution.	1674754234241	1674754235091	KO	status.find.is(200), but actually found 405
USER	Contribution API	START	1674754235141
REQUEST		/updateProposal?contributionId=12755-Helps us to edit the proposal contribution.	1674754234342	1674754235184	KO	status.find.is(200), but actually found 405
USER	Contribution API	START	1674754235242
REQUEST		/updateProposal?contributionId=12755-Helps us to edit the proposal contribution.	1674754234442	1674754235273	KO	status.find.is(200), but actually found 405
USER	Contribution API	START	1674754235342
REQUEST		/updateProposal?contributionId=12755-Helps us to edit the proposal contribution.	1674754234542	1674754235371	KO	status.find.is(200), but actually found 405
USER	Contribution API	START	1674754235436
REQUEST		/updateProposal?contributionId=12755-Helps us to edit the proposal contribution.	1674754234642	1674754235474	KO	status.find.is(200), but actually found 405
USER	Contribution API	START	1674754235536
REQUEST		/updateProposal?contributionId=12755-Helps us to edit the proposal contribution.	1674754234742	1674754235570	KO	status.find.is(200), but actually found 405
USER	Contribution API	START	1674754235636
REQUEST		/updateProposal?contributionId=12755-Helps us to edit the proposal contribution.	1674754234842	1674754235666	KO	status.find.is(200), but actually found 405
USER	Contribution API	START	1674754235736
REQUEST		/updateProposal?contributionId=12755-Helps us to edit the proposal contribution.	1674754234942	1674754235764	KO	status.find.is(200), but actually found 405
USER	Contribution API	START	1674754235836
REQUEST		/updateProposal?contributionId=12755-Helps us to edit the proposal contribution.	1674754235042	1674754235874	KO	status.find.is(200), but actually found 405
USER	Contribution API	START	1674754235936
REQUEST		/updateProposal?contributionId=12755-Helps us to edit the proposal contribution.	1674754235142	1674754235970	KO	status.find.is(200), but actually found 405
USER	Contribution API	START	1674754236036
REQUEST		/updateProposal?contributionId=12755-Helps us to edit the proposal contribution.	1674754235242	1674754236068	KO	status.find.is(200), but actually found 405
USER	Contribution API	START	1674754236137
REQUEST		/updateProposal?contributionId=12755-Helps us to edit the proposal contribution.	1674754235342	1674754236188	KO	status.find.is(200), but actually found 405
USER	Contribution API	START	1674754236237
REQUEST		/updateProposal?contributionId=12755-Helps us to edit the proposal contribution.	1674754235436	1674754236262	KO	status.find.is(200), but actually found 405
USER	Contribution API	START	1674754236337
REQUEST		/updateProposal?contributionId=12755-Helps us to edit the proposal contribution.	1674754235536	1674754236375	KO	status.find.is(200), but actually found 405
USER	Contribution API	START	1674754236436
REQUEST		/updateProposal?contributionId=12755-Helps us to edit the proposal contribution.	1674754235637	1674754236467	KO	status.find.is(200), but actually found 405
USER	Contribution API	START	1674754236536
REQUEST		/updateProposal?contributionId=12755-Helps us to edit the proposal contribution.	1674754235736	1674754236585	KO	status.find.is(200), but actually found 405
USER	Contribution API	START	1674754236636
REQUEST		/updateProposal?contributionId=12755-Helps us to edit the proposal contribution.	1674754235837	1674754236662	KO	status.find.is(200), but actually found 405
USER	Contribution API	START	1674754236736
REQUEST		/updateProposal?contributionId=12755-Helps us to edit the proposal contribution.	1674754235937	1674754236770	KO	status.find.is(200), but actually found 405
USER	Contribution API	START	1674754236837
REQUEST		/updateProposal?contributionId=12755-Helps us to edit the proposal contribution.	1674754236037	1674754236866	KO	status.find.is(200), but actually found 405
USER	Contribution API	START	1674754236937
REQUEST		/updateProposal?contributionId=12755-Helps us to edit the proposal contribution.	1674754236137	1674754236958	KO	status.find.is(200), but actually found 405
USER	Contribution API	START	1674754237037
REQUEST		/updateProposal?contributionId=12755-Helps us to edit the proposal contribution.	1674754236237	1674754237064	KO	status.find.is(200), but actually found 405
USER	Contribution API	START	1674754237137
REQUEST		/updateProposal?contributionId=12755-Helps us to edit the proposal contribution.	1674754236337	1674754237168	KO	status.find.is(200), but actually found 405
USER	Contribution API	START	1674754237237
USER	Contribution API	END	1674754237239
REQUEST		/updateProposal?contributionId=12755-Helps us to edit the proposal contribution.	1674754236437	1674754237268	KO	status.find.is(200), but actually found 405
USER	Contribution API	END	1674754237283
USER	Contribution API	START	1674754237337
USER	Contribution API	END	1674754237377
REQUEST		/updateProposal?contributionId=12755-Helps us to edit the proposal contribution.	1674754236537	1674754237382	KO	status.find.is(200), but actually found 405
USER	Contribution API	START	1674754237436
REQUEST		/updateProposal?contributionId=12755-Helps us to edit the proposal contribution.	1674754236637	1674754237456	KO	status.find.is(200), but actually found 405
USER	Contribution API	END	1674754237464
USER	Contribution API	START	1674754237536
REQUEST		/updateProposal?contributionId=12755-Helps us to edit the proposal contribution.	1674754236737	1674754237567	KO	status.find.is(200), but actually found 405
USER	Contribution API	END	1674754237581
USER	Contribution API	START	1674754237636
REQUEST		/updateProposal?contributionId=12755-Helps us to edit the proposal contribution.	1674754236837	1674754237666	KO	status.find.is(200), but actually found 405
USER	Contribution API	END	1674754237668
USER	Contribution API	START	1674754237736
REQUEST		/updateProposal?contributionId=12755-Helps us to edit the proposal contribution.	1674754236937	1674754237761	KO	status.find.is(200), but actually found 405
USER	Contribution API	END	1674754237771
USER	Contribution API	START	1674754237836
USER	Contribution API	END	1674754237866
REQUEST		/updateProposal?contributionId=12755-Helps us to edit the proposal contribution.	1674754237037	1674754237873	KO	status.find.is(200), but actually found 405
USER	Contribution API	START	1674754237936
REQUEST		/updateProposal?contributionId=12755-Helps us to edit the proposal contribution.	1674754237137	1674754237967	KO	status.find.is(200), but actually found 405
USER	Contribution API	END	1674754237973
USER	Contribution API	START	1674754238037
REQUEST		/updateProposal?contributionId=12755-Helps us to edit the proposal contribution.	1674754237238	1674754238072	KO	status.find.is(200), but actually found 405
USER	Contribution API	END	1674754238093
USER	Contribution API	START	1674754238137
REQUEST		/updateProposal?contributionId=12755-Helps us to edit the proposal contribution.	1674754237338	1674754238160	KO	status.find.is(200), but actually found 405
USER	Contribution API	END	1674754238185
USER	Contribution API	START	1674754238237
USER	Contribution API	END	1674754238274
REQUEST		/updateProposal?contributionId=12755-Helps us to edit the proposal contribution.	1674754237436	1674754238276	KO	status.find.is(200), but actually found 405
USER	Contribution API	START	1674754238337
REQUEST		/updateProposal?contributionId=12755-Helps us to edit the proposal contribution.	1674754237537	1674754238355	KO	status.find.is(200), but actually found 405
USER	Contribution API	END	1674754238373
USER	Contribution API	START	1674754238435
REQUEST		/updateProposal?contributionId=12755-Helps us to edit the proposal contribution.	1674754237637	1674754238463	KO	status.find.is(200), but actually found 405
USER	Contribution API	END	1674754238475
USER	Contribution API	START	1674754238535
REQUEST		/updateProposal?contributionId=12755-Helps us to edit the proposal contribution.	1674754237737	1674754238562	KO	status.find.is(200), but actually found 405
USER	Contribution API	END	1674754238572
USER	Contribution API	START	1674754238635
REQUEST		/updateProposal?contributionId=12755-Helps us to edit the proposal contribution.	1674754237837	1674754238657	KO	status.find.is(200), but actually found 405
USER	Contribution API	END	1674754238667
USER	Contribution API	START	1674754238736
REQUEST		/updateProposal?contributionId=12755-Helps us to edit the proposal contribution.	1674754237937	1674754238752	KO	status.find.is(200), but actually found 405
USER	Contribution API	END	1674754238765
USER	Contribution API	START	1674754238836
REQUEST		/updateProposal?contributionId=12755-Helps us to edit the proposal contribution.	1674754238037	1674754238871	KO	status.find.is(200), but actually found 405
USER	Contribution API	END	1674754238875
USER	Contribution API	START	1674754238936
REQUEST		/updateProposal?contributionId=12755-Helps us to edit the proposal contribution.	1674754238137	1674754238969	KO	status.find.is(200), but actually found 405
USER	Contribution API	END	1674754238971
USER	Contribution API	START	1674754239036
USER	Contribution API	END	1674754239070
REQUEST		/updateProposal?contributionId=12755-Helps us to edit the proposal contribution.	1674754238237	1674754239075	KO	status.find.is(200), but actually found 405
USER	Contribution API	START	1674754239136
REQUEST		/updateProposal?contributionId=12755-Helps us to edit the proposal contribution.	1674754238337	1674754239159	KO	status.find.is(200), but actually found 405
USER	Contribution API	END	1674754239189
USER	Contribution API	START	1674754239236
REQUEST		/updateProposal?contributionId=12755-Helps us to edit the proposal contribution.	1674754238436	1674754239258	KO	status.find.is(200), but actually found 405
USER	Contribution API	END	1674754239263
USER	Contribution API	START	1674754239336
REQUEST		/updateProposal?contributionId=12755-Helps us to edit the proposal contribution.	1674754238536	1674754239364	KO	status.find.is(200), but actually found 405
USER	Contribution API	END	1674754239377
USER	Contribution API	START	1674754239436
USER	Contribution API	END	1674754239469
REQUEST		/updateProposal?contributionId=12755-Helps us to edit the proposal contribution.	1674754238636	1674754239479	KO	status.find.is(200), but actually found 405
USER	Contribution API	START	1674754239536
REQUEST		/updateProposal?contributionId=12755-Helps us to edit the proposal contribution.	1674754238736	1674754239577	KO	status.find.is(200), but actually found 405
USER	Contribution API	END	1674754239586
USER	Contribution API	START	1674754239636
REQUEST		/updateProposal?contributionId=12755-Helps us to edit the proposal contribution.	1674754238836	1674754239662	KO	status.find.is(200), but actually found 405
USER	Contribution API	END	1674754239663
USER	Contribution API	START	1674754239736
REQUEST		/updateProposal?contributionId=12755-Helps us to edit the proposal contribution.	1674754238936	1674754239752	KO	status.find.is(200), but actually found 405
USER	Contribution API	END	1674754239771
USER	Contribution API	START	1674754239836
REQUEST		/updateProposal?contributionId=12755-Helps us to edit the proposal contribution.	1674754239036	1674754239863	KO	status.find.is(200), but actually found 405
USER	Contribution API	END	1674754239867
USER	Contribution API	START	1674754239936
REQUEST		/updateProposal?contributionId=12755-Helps us to edit the proposal contribution.	1674754239136	1674754239957	KO	status.find.is(200), but actually found 405
USER	Contribution API	END	1674754239960
USER	Contribution API	START	1674754240036
REQUEST		/updateProposal?contributionId=12755-Helps us to edit the proposal contribution.	1674754239237	1674754240065	KO	status.find.is(200), but actually found 405
USER	Contribution API	END	1674754240065
USER	Contribution API	START	1674754240136
REQUEST		/updateProposal?contributionId=12755-Helps us to edit the proposal contribution.	1674754239337	1674754240157	KO	status.find.is(200), but actually found 405
USER	Contribution API	END	1674754240171
USER	Contribution API	START	1674754240236
REQUEST		/updateProposal?contributionId=12755-Helps us to edit the proposal contribution.	1674754239437	1674754240255	KO	status.find.is(200), but actually found 405
USER	Contribution API	END	1674754240269
USER	Contribution API	START	1674754240338
REQUEST		/updateProposal?contributionId=12755-Helps us to edit the proposal contribution.	1674754239536	1674754240366	KO	status.find.is(200), but actually found 405
USER	Contribution API	END	1674754240383
USER	Contribution API	START	1674754240435
REQUEST		/updateProposal?contributionId=12755-Helps us to edit the proposal contribution.	1674754239636	1674754240453	KO	status.find.is(200), but actually found 405
USER	Contribution API	END	1674754240457
USER	Contribution API	START	1674754240535
REQUEST		/updateProposal?contributionId=12755-Helps us to edit the proposal contribution.	1674754239736	1674754240564	KO	status.find.is(200), but actually found 405
USER	Contribution API	END	1674754240569
USER	Contribution API	START	1674754240635
REQUEST		/updateProposal?contributionId=12755-Helps us to edit the proposal contribution.	1674754239836	1674754240652	KO	status.find.is(200), but actually found 405
USER	Contribution API	END	1674754240667
USER	Contribution API	START	1674754240735
USER	Contribution API	END	1674754240763
REQUEST		/updateProposal?contributionId=12755-Helps us to edit the proposal contribution.	1674754239936	1674754240815	KO	status.find.is(200), but actually found 405
USER	Contribution API	START	1674754240835
REQUEST		/updateProposal?contributionId=12755-Helps us to edit the proposal contribution.	1674754240037	1674754240866	KO	status.find.is(200), but actually found 405
USER	Contribution API	END	1674754240874
USER	Contribution API	START	1674754240936
REQUEST		/updateProposal?contributionId=12755-Helps us to edit the proposal contribution.	1674754240137	1674754240966	KO	status.find.is(200), but actually found 405
USER	Contribution API	END	1674754240968
USER	Contribution API	START	1674754241036
USER	Contribution API	END	1674754241074
REQUEST		/updateProposal?contributionId=12755-Helps us to edit the proposal contribution.	1674754240237	1674754241103	KO	status.find.is(200), but actually found 405
USER	Contribution API	START	1674754241136
USER	Contribution API	END	1674754241161
REQUEST		/updateProposal?contributionId=12755-Helps us to edit the proposal contribution.	1674754240338	1674754241163	KO	status.find.is(200), but actually found 405
USER	Contribution API	START	1674754241236
USER	Contribution API	END	1674754241278
USER	Contribution API	START	1674754241336
REQUEST		/updateProposal?contributionId=12755-Helps us to edit the proposal contribution.	1674754240436	1674754241338	KO	status.find.is(200), but actually found 405
USER	Contribution API	END	1674754241356
REQUEST		/updateProposal?contributionId=12755-Helps us to edit the proposal contribution.	1674754240536	1674754241390	KO	status.find.is(200), but actually found 405
USER	Contribution API	START	1674754241436
USER	Contribution API	END	1674754241464
REQUEST		/updateProposal?contributionId=12755-Helps us to edit the proposal contribution.	1674754240636	1674754241471	KO	status.find.is(200), but actually found 405
USER	Contribution API	START	1674754241536
USER	Contribution API	END	1674754241563
REQUEST		/updateProposal?contributionId=12755-Helps us to edit the proposal contribution.	1674754240736	1674754241576	KO	status.find.is(200), but actually found 405
USER	Contribution API	START	1674754241636
USER	Contribution API	END	1674754241659
REQUEST		/updateProposal?contributionId=12755-Helps us to edit the proposal contribution.	1674754240836	1674754241664	KO	status.find.is(200), but actually found 405
USER	Contribution API	START	1674754241736
USER	Contribution API	END	1674754241753
REQUEST		/updateProposal?contributionId=12755-Helps us to edit the proposal contribution.	1674754240936	1674754241765	KO	status.find.is(200), but actually found 405
USER	Contribution API	START	1674754241836
REQUEST		/updateProposal?contributionId=12755-Helps us to edit the proposal contribution.	1674754241036	1674754241868	KO	status.find.is(200), but actually found 405
USER	Contribution API	END	1674754241872
USER	Contribution API	START	1674754241936
REQUEST		/updateProposal?contributionId=12755-Helps us to edit the proposal contribution.	1674754241136	1674754241963	KO	status.find.is(200), but actually found 405
USER	Contribution API	END	1674754241970
USER	Contribution API	START	1674754242036
REQUEST		/updateProposal?contributionId=12755-Helps us to edit the proposal contribution.	1674754241236	1674754242063	KO	status.find.is(200), but actually found 405
USER	Contribution API	END	1674754242076
USER	Contribution API	START	1674754242136
USER	Contribution API	END	1674754242160
REQUEST		/updateProposal?contributionId=12755-Helps us to edit the proposal contribution.	1674754241336	1674754242182	KO	status.find.is(200), but actually found 405
USER	Contribution API	START	1674754242236
REQUEST		/updateProposal?contributionId=12755-Helps us to edit the proposal contribution.	1674754241436	1674754242252	KO	status.find.is(200), but actually found 405
USER	Contribution API	END	1674754242259
USER	Contribution API	START	1674754242336
REQUEST		/updateProposal?contributionId=12755-Helps us to edit the proposal contribution.	1674754241536	1674754242361	KO	status.find.is(200), but actually found 405
USER	Contribution API	END	1674754242365
USER	Contribution API	START	1674754242436
REQUEST		/updateProposal?contributionId=12755-Helps us to edit the proposal contribution.	1674754241636	1674754242467	KO	status.find.is(200), but actually found 405
USER	Contribution API	END	1674754242480
USER	Contribution API	START	1674754242536
REQUEST		/updateProposal?contributionId=12755-Helps us to edit the proposal contribution.	1674754241736	1674754242557	KO	status.find.is(200), but actually found 405
USER	Contribution API	END	1674754242578
USER	Contribution API	START	1674754242636
REQUEST		/updateProposal?contributionId=12755-Helps us to edit the proposal contribution.	1674754241836	1674754242654	KO	status.find.is(200), but actually found 405
USER	Contribution API	END	1674754242663
USER	Contribution API	START	1674754242736
USER	Contribution API	END	1674754242754
REQUEST		/updateProposal?contributionId=12755-Helps us to edit the proposal contribution.	1674754241936	1674754242760	KO	status.find.is(200), but actually found 405
USER	Contribution API	START	1674754242836
USER	Contribution API	END	1674754242865
REQUEST		/updateProposal?contributionId=12755-Helps us to edit the proposal contribution.	1674754242036	1674754242869	KO	status.find.is(200), but actually found 405
USER	Contribution API	START	1674754242936
USER	Contribution API	END	1674754242958
REQUEST		/updateProposal?contributionId=12755-Helps us to edit the proposal contribution.	1674754242136	1674754242964	KO	status.find.is(200), but actually found 405
USER	Contribution API	START	1674754243036
REQUEST		/updateProposal?contributionId=12755-Helps us to edit the proposal contribution.	1674754242237	1674754243060	KO	status.find.is(200), but actually found 405
USER	Contribution API	END	1674754243067
USER	Contribution API	START	1674754243136
USER	Contribution API	END	1674754243159
REQUEST		/updateProposal?contributionId=12755-Helps us to edit the proposal contribution.	1674754242337	1674754243166	KO	status.find.is(200), but actually found 405
USER	Contribution API	START	1674754243236
USER	Contribution API	END	1674754243256
REQUEST		/updateProposal?contributionId=12755-Helps us to edit the proposal contribution.	1674754242436	1674754243270	KO	status.find.is(200), but actually found 405
USER	Contribution API	START	1674754243336
REQUEST		/updateProposal?contributionId=12755-Helps us to edit the proposal contribution.	1674754242536	1674754243364	KO	status.find.is(200), but actually found 405
USER	Contribution API	END	1674754243367
USER	Contribution API	START	1674754243435
USER	Contribution API	END	1674754243454
REQUEST		/updateProposal?contributionId=12755-Helps us to edit the proposal contribution.	1674754242636	1674754243460	KO	status.find.is(200), but actually found 405
USER	Contribution API	START	1674754243536
REQUEST		/updateProposal?contributionId=12755-Helps us to edit the proposal contribution.	1674754242736	1674754243564	KO	status.find.is(200), but actually found 405
USER	Contribution API	END	1674754243565
USER	Contribution API	START	1674754243636
USER	Contribution API	END	1674754243653
REQUEST		/updateProposal?contributionId=12755-Helps us to edit the proposal contribution.	1674754242836	1674754243668	KO	status.find.is(200), but actually found 405
USER	Contribution API	START	1674754243736
REQUEST		/updateProposal?contributionId=12755-Helps us to edit the proposal contribution.	1674754242936	1674754243773	KO	status.find.is(200), but actually found 405
USER	Contribution API	END	1674754243817
USER	Contribution API	START	1674754243836
REQUEST		/updateProposal?contributionId=12755-Helps us to edit the proposal contribution.	1674754243036	1674754243859	KO	status.find.is(200), but actually found 405
USER	Contribution API	END	1674754243867
USER	Contribution API	START	1674754243936
REQUEST		/updateProposal?contributionId=12755-Helps us to edit the proposal contribution.	1674754243136	1674754243959	KO	status.find.is(200), but actually found 405
USER	Contribution API	END	1674754243967
USER	Contribution API	START	1674754244036
REQUEST		/updateProposal?contributionId=12755-Helps us to edit the proposal contribution.	1674754243236	1674754244056	KO	status.find.is(200), but actually found 405
USER	Contribution API	END	1674754244104
USER	Contribution API	START	1674754244136
REQUEST		/updateProposal?contributionId=12755-Helps us to edit the proposal contribution.	1674754243336	1674754244159	KO	status.find.is(200), but actually found 405
USER	Contribution API	END	1674754244165
USER	Contribution API	START	1674754244236
REQUEST		/updateProposal?contributionId=12755-Helps us to edit the proposal contribution.	1674754243436	1674754244267	KO	status.find.is(200), but actually found 405
USER	Contribution API	START	1674754244336
USER	Contribution API	END	1674754244339
REQUEST		/updateProposal?contributionId=12755-Helps us to edit the proposal contribution.	1674754243536	1674754244359	KO	status.find.is(200), but actually found 405
USER	Contribution API	END	1674754244391
USER	Contribution API	START	1674754244436
REQUEST		/updateProposal?contributionId=12755-Helps us to edit the proposal contribution.	1674754243636	1674754244462	KO	status.find.is(200), but actually found 405
USER	Contribution API	END	1674754244472
USER	Contribution API	START	1674754244536
REQUEST		/updateProposal?contributionId=12755-Helps us to edit the proposal contribution.	1674754243736	1674754244561	KO	status.find.is(200), but actually found 405
USER	Contribution API	END	1674754244577
USER	Contribution API	START	1674754244636
REQUEST		/updateProposal?contributionId=12755-Helps us to edit the proposal contribution.	1674754243836	1674754244661	KO	status.find.is(200), but actually found 405
USER	Contribution API	END	1674754244666
USER	Contribution API	START	1674754244736
REQUEST		/updateProposal?contributionId=12755-Helps us to edit the proposal contribution.	1674754243936	1674754244762	KO	status.find.is(200), but actually found 405
USER	Contribution API	END	1674754244767
USER	Contribution API	START	1674754244836
USER	Contribution API	END	1674754244869
REQUEST		/updateProposal?contributionId=12755-Helps us to edit the proposal contribution.	1674754244036	1674754244870	KO	status.find.is(200), but actually found 405
USER	Contribution API	START	1674754244936
REQUEST		/updateProposal?contributionId=12755-Helps us to edit the proposal contribution.	1674754244136	1674754244959	KO	status.find.is(200), but actually found 405
USER	Contribution API	END	1674754244964
USER	Contribution API	START	1674754245036
REQUEST		/updateProposal?contributionId=12755-Helps us to edit the proposal contribution.	1674754244236	1674754245061	KO	status.find.is(200), but actually found 405
USER	Contribution API	END	1674754245064
USER	Contribution API	START	1674754245136
REQUEST		/updateProposal?contributionId=12755-Helps us to edit the proposal contribution.	1674754244336	1674754245167	KO	status.find.is(200), but actually found 405
USER	Contribution API	END	1674754245184
USER	Contribution API	START	1674754245236
USER	Contribution API	END	1674754245254
REQUEST		/updateProposal?contributionId=12755-Helps us to edit the proposal contribution.	1674754244436	1674754245257	KO	status.find.is(200), but actually found 405
USER	Contribution API	START	1674754245336
REQUEST		/updateProposal?contributionId=12755-Helps us to edit the proposal contribution.	1674754244537	1674754245359	KO	status.find.is(200), but actually found 405
USER	Contribution API	END	1674754245363
USER	Contribution API	START	1674754245435
USER	Contribution API	END	1674754245468
REQUEST		/updateProposal?contributionId=12755-Helps us to edit the proposal contribution.	1674754244637	1674754245472	KO	status.find.is(200), but actually found 405
USER	Contribution API	START	1674754245535
USER	Contribution API	END	1674754245558
REQUEST		/updateProposal?contributionId=12755-Helps us to edit the proposal contribution.	1674754244737	1674754245560	KO	status.find.is(200), but actually found 405
USER	Contribution API	START	1674754245636
USER	Contribution API	END	1674754245656
REQUEST		/updateProposal?contributionId=12755-Helps us to edit the proposal contribution.	1674754244837	1674754245659	KO	status.find.is(200), but actually found 405
USER	Contribution API	START	1674754245736
REQUEST		/updateProposal?contributionId=12755-Helps us to edit the proposal contribution.	1674754244937	1674754245758	KO	status.find.is(200), but actually found 405
USER	Contribution API	END	1674754245762
USER	Contribution API	START	1674754245836
REQUEST		/updateProposal?contributionId=12755-Helps us to edit the proposal contribution.	1674754245037	1674754245861	KO	status.find.is(200), but actually found 405
USER	Contribution API	END	1674754245870
USER	Contribution API	START	1674754245936
USER	Contribution API	END	1674754245965
REQUEST		/updateProposal?contributionId=12755-Helps us to edit the proposal contribution.	1674754245137	1674754245967	KO	status.find.is(200), but actually found 405
USER	Contribution API	START	1674754246036
USER	Contribution API	END	1674754246061
REQUEST		/updateProposal?contributionId=12755-Helps us to edit the proposal contribution.	1674754245237	1674754246061	KO	status.find.is(200), but actually found 405
USER	Contribution API	START	1674754246136
REQUEST		/updateProposal?contributionId=12755-Helps us to edit the proposal contribution.	1674754245337	1674754246158	KO	status.find.is(200), but actually found 405
USER	Contribution API	END	1674754246167
USER	Contribution API	START	1674754246236
REQUEST		/updateProposal?contributionId=12755-Helps us to edit the proposal contribution.	1674754245436	1674754246261	KO	status.find.is(200), but actually found 405
USER	Contribution API	END	1674754246271
USER	Contribution API	START	1674754246336
REQUEST		/updateProposal?contributionId=12755-Helps us to edit the proposal contribution.	1674754245536	1674754246361	KO	status.find.is(200), but actually found 405
USER	Contribution API	END	1674754246365
USER	Contribution API	START	1674754246435
USER	Contribution API	END	1674754246461
REQUEST		/updateProposal?contributionId=12755-Helps us to edit the proposal contribution.	1674754245636	1674754246465	KO	status.find.is(200), but actually found 405
USER	Contribution API	START	1674754246536
REQUEST		/updateProposal?contributionId=12755-Helps us to edit the proposal contribution.	1674754245736	1674754246558	KO	status.find.is(200), but actually found 405
USER	Contribution API	END	1674754246565
USER	Contribution API	START	1674754246636
REQUEST		/updateProposal?contributionId=12755-Helps us to edit the proposal contribution.	1674754245836	1674754246655	KO	status.find.is(200), but actually found 405
USER	Contribution API	END	1674754246670
USER	Contribution API	START	1674754246736
REQUEST		/updateProposal?contributionId=12755-Helps us to edit the proposal contribution.	1674754245936	1674754246761	KO	status.find.is(200), but actually found 405
USER	Contribution API	END	1674754246774
USER	Contribution API	START	1674754246836
USER	Contribution API	END	1674754246860
REQUEST		/updateProposal?contributionId=12755-Helps us to edit the proposal contribution.	1674754246037	1674754246861	KO	status.find.is(200), but actually found 405
USER	Contribution API	START	1674754246936
USER	Contribution API	END	1674754246960
REQUEST		/updateProposal?contributionId=12755-Helps us to edit the proposal contribution.	1674754246136	1674754246973	KO	status.find.is(200), but actually found 405
USER	Contribution API	START	1674754247036
REQUEST		/updateProposal?contributionId=12755-Helps us to edit the proposal contribution.	1674754246236	1674754247057	KO	status.find.is(200), but actually found 405
USER	Contribution API	END	1674754247058
USER	Contribution API	START	1674754247136
REQUEST		/updateProposal?contributionId=12755-Helps us to edit the proposal contribution.	1674754246337	1674754247154	KO	status.find.is(200), but actually found 405
USER	Contribution API	END	1674754247160
USER	Contribution API	START	1674754247236
USER	Contribution API	END	1674754247268
REQUEST		