RUN	Simulations.Runner.Go1percent	go1percent	1674824694141	 	3.5.1
USER	Contribution API	START	1674824695517
USER	Contribution API	START	1674824695597
USER	Contribution API	START	1674824695697
USER	Contribution API	START	1674824695797
USER	Contribution API	START	1674824695899
USER	Contribution API	START	1674824695999
USER	Contribution API	START	1674824696100
USER	Contribution API	START	1674824696200
USER	Contribution API	START	1674824696300
USER	Contribution API	START	1674824696400
REQUEST		/contribution/reject?title=fghgf&contributionType=book&sessionId=1-Helps us to edit the proposal contribution.	1674824695551	1674824696395	KO	status.find.is(200), but actually found 405
REQUEST		/contribution/reject?title=fghgf&contributionType=book&sessionId=1-Helps us to edit the proposal contribution.	1674824695597	1674824696438	KO	status.find.is(200), but actually found 405
USER	Contribution API	START	1674824696501
REQUEST		/contribution/reject?title=fghgf&contributionType=book&sessionId=1-Helps us to edit the proposal contribution.	1674824695697	1674824696523	KO	status.find.is(200), but actually found 405
USER	Contribution API	START	1674824696602
REQUEST		/contribution/reject?title=fghgf&contributionType=book&sessionId=1-Helps us to edit the proposal contribution.	1674824695797	1674824696624	KO	status.find.is(200), but actually found 405
USER	Contribution API	START	1674824696702
REQUEST		/contribution/reject?title=fghgf&contributionType=book&sessionId=1-Helps us to edit the proposal contribution.	1674824695900	1674824696724	KO	status.find.is(200), but actually found 405
USER	Contribution API	START	1674824696803
REQUEST		/contribution/reject?title=fghgf&contributionType=book&sessionId=1-Helps us to edit the proposal contribution.	1674824696000	1674824696832	KO	status.find.is(200), but actually found 405
USER	Contribution API	START	1674824696903
REQUEST		/contribution/reject?title=fghgf&contributionType=book&sessionId=1-Helps us to edit the proposal contribution.	1674824696100	1674824696917	KO	status.find.is(200), but actually found 405
USER	Contribution API	START	1674824697003
REQUEST		/contribution/reject?title=fghgf&contributionType=book&sessionId=1-Helps us to edit the proposal contribution.	1674824696201	1674824697026	KO	status.find.is(200), but actually found 405
USER	Contribution API	START	1674824697103
REQUEST		/contribution/reject?title=fghgf&contributionType=book&sessionId=1-Helps us to edit the proposal contribution.	1674824696301	1674824697128	KO	status.find.is(200), but actually found 405
USER	Contribution API	START	1674824697203
REQUEST		/contribution/reject?title=fghgf&contributionType=book&sessionId=1-Helps us to edit the proposal contribution.	1674824696401	1674824697231	KO	status.find.is(200), but actually found 405
USER	Contribution API	START	1674824697304
REQUEST		/contribution/reject?title=fghgf&contributionType=book&sessionId=1-Helps us to edit the proposal contribution.	1674824696502	1674824697329	KO	status.find.is(200), but actually found 405
USER	Contribution API	START	1674824697404
REQUEST		/contribution/reject?title=fghgf&contributionType=book&sessionId=1-Helps us to edit the proposal contribution.	1674824696602	1674824697429	KO	status.find.is(200), but actually found 405
USER	Contribution API	START	1674824697504
REQUEST		/contribution/reject?title=fghgf&contributionType=book&sessionId=1-Helps us to edit the proposal contribution.	1674824696703	1674824697534	KO	status.find.is(200), but actually found 405
USER	Contribution API	START	1674824697593
REQUEST		/contribution/reject?title=fghgf&contributionType=book&sessionId=1-Helps us to edit the proposal contribution.	1674824696803	1674824697614	KO	status.find.is(200), but actually found 405
USER	Contribution API	START	1674824697693
REQUEST		/contribution/reject?title=fghgf&contributionType=book&sessionId=1-Helps us to edit the proposal contribution.	1674824696904	1674824697737	KO	status.find.is(200), but actually found 405
USER	Contribution API	START	1674824697793
REQUEST		/contribution/reject?title=fghgf&contributionType=book&sessionId=1-Helps us to edit the proposal contribution.	1674824697004	1674824697834	KO	status.find.is(200), but actually found 405
USER	Contribution API	START	1674824697893
REQUEST		/contribution/reject?title=fghgf&contributionType=book&sessionId=1-Helps us to edit the proposal contribution.	1674824697104	1674824697928	KO	status.find.is(200), but actually found 405
USER	Contribution API	START	1674824697993
REQUEST		/contribution/reject?title=fghgf&contributionType=book&sessionId=1-Helps us to edit the proposal contribution.	1674824697204	1674824698040	KO	status.find.is(200), but actually found 405
USER	Contribution API	START	1674824698093
REQUEST		/contribution/reject?title=fghgf&contributionType=book&sessionId=1-Helps us to edit the proposal contribution.	1674824697304	1674824698136	KO	status.find.is(200), but actually found 405
USER	Contribution API	START	1674824698193
REQUEST		/contribution/reject?title=fghgf&contributionType=book&sessionId=1-Helps us to edit the proposal contribution.	1674824697404	1674824698231	KO	status.find.is(200), but actually found 405
USER	Contribution API	START	1674824698293
REQUEST		/contribution/reject?title=fghgf&contributionType=book&sessionId=1-Helps us to edit the proposal contribution.	1674824697505	1674824698327	KO	status.find.is(200), but actually found 405
USER	Contribution API	START	1674824698393
REQUEST		/contribution/reject?title=fghgf&contributionType=book&sessionId=1-Helps us to edit the proposal contribution.	1674824697594	1674824698417	KO	status.find.is(200), but actually found 405
USER	Contribution API	START	1674824698494
REQUEST		/contribution/reject?title=fghgf&contributionType=book&sessionId=1-Helps us to edit the proposal contribution.	1674824697694	1674824698531	KO	status.find.is(200), but actually found 405
USER	Contribution API	START	1674824698592
REQUEST		/contribution/reject?title=fghgf&contributionType=book&sessionId=1-Helps us to edit the proposal contribution.	1674824697794	1674824698618	KO	status.find.is(200), but actually found 405
USER	Contribution API	START	1674824698693
REQUEST		/contribution/reject?title=fghgf&contributionType=book&sessionId=1-Helps us to edit the proposal contribution.	1674824697894	1674824698720	KO	status.find.is(200), but actually found 405
USER	Contribution API	START	1674824698792
REQUEST		/contribution/reject?title=fghgf&contributionType=book&sessionId=1-Helps us to edit the proposal contribution.	1674824697994	1674824698820	KO	status.find.is(200), but actually found 405
USER	Contribution API	START	1674824698892
REQUEST		/contribution/reject?title=fghgf&contributionType=book&sessionId=1-Helps us to edit the proposal contribution.	1674824698094	1674824698929	KO	status.find.is(200), but actually found 405
USER	Contribution API	START	1674824698993
REQUEST		/contribution/reject?title=fghgf&contributionType=book&sessionId=1-Helps us to edit the proposal contribution.	1674824698194	1674824699012	KO	status.find.is(200), but actually found 405
USER	Contribution API	START	1674824699093
REQUEST		/contribution/reject?title=fghgf&contributionType=book&sessionId=1-Helps us to edit the proposal contribution.	1674824698294	1674824699117	KO	status.find.is(200), but actually found 405
USER	Contribution API	START	1674824699193
REQUEST		/contribution/reject?title=fghgf&contributionType=book&sessionId=1-Helps us to edit the proposal contribution.	1674824698394	1674824699219	KO	status.find.is(200), but actually found 405
USER	Contribution API	START	1674824699293
REQUEST		/contribution/reject?title=fghgf&contributionType=book&sessionId=1-Helps us to edit the proposal contribution.	1674824698494	1674824699320	KO	status.find.is(200), but actually found 405
USER	Contribution API	START	1674824699393
REQUEST		/contribution/reject?title=fghgf&contributionType=book&sessionId=1-Helps us to edit the proposal contribution.	1674824698593	1674824699425	KO	status.find.is(200), but actually found 405
USER	Contribution API	START	1674824699493
REQUEST		/contribution/reject?title=fghgf&contributionType=book&sessionId=1-Helps us to edit the proposal contribution.	1674824698693	1674824699511	KO	status.find.is(200), but actually found 405
USER	Contribution API	START	1674824699593
REQUEST		/contribution/reject?title=fghgf&contributionType=book&sessionId=1-Helps us to edit the proposal contribution.	1674824698793	1674824699615	KO	status.find.is(200), but actually found 405
USER	Contribution API	START	1674824699693
REQUEST		/contribution/reject?title=fghgf&contributionType=book&sessionId=1-Helps us to edit the proposal contribution.	1674824698893	1674824699715	KO	status.find.is(200), but actually found 405
REQUEST		/updateProposal?contributionId=12755-Helps us to edit the proposal contribution.	1674824699414	1674824699715	KO	status.find.is(200), but actually found 404
REQUEST		/updateProposal?contributionId=12755-Helps us to edit the proposal contribution.	1674824699439	1674824699728	KO	status.find.is(200), but actually found 404
USER	Contribution API	START	1674824699793
REQUEST		/updateProposal?contributionId=12755-Helps us to edit the proposal contribution.	1674824699524	1674824699808	KO	status.find.is(200), but actually found 404
REQUEST		/contribution/reject?title=fghgf&contributionType=book&sessionId=1-Helps us to edit the proposal contribution.	1674824698993	1674824699811	KO	status.find.is(200), but actually found 405
USER	Contribution API	START	1674824699893
REQUEST		/updateProposal?contributionId=12755-Helps us to edit the proposal contribution.	1674824699625	1674824699911	KO	status.find.is(200), but actually found 404
REQUEST		/contribution/reject?title=fghgf&contributionType=book&sessionId=1-Helps us to edit the proposal contribution.	1674824699094	1674824699918	KO	status.find.is(200), but actually found 405
USER	Contribution API	START	1674824699993
REQUEST		/updateProposal?contributionId=12755-Helps us to edit the proposal contribution.	1674824699725	1674824700009	KO	status.find.is(200), but actually found 404
REQUEST		/contribution/reject?title=fghgf&contributionType=book&sessionId=1-Helps us to edit the proposal contribution.	1674824699193	1674824700020	KO	status.find.is(200), but actually found 405
USER	Contribution API	START	1674824700093
REQUEST		/contribution/reject?title=fghgf&contributionType=book&sessionId=1-Helps us to edit the proposal contribution.	1674824699293	1674824700119	KO	status.find.is(200), but actually found 405
REQUEST		/updateProposal?contributionId=12755-Helps us to edit the proposal contribution.	1674824699834	1674824700122	KO	status.find.is(200), but actually found 404
USER	Contribution API	START	1674824700193
REQUEST		/updateProposal?contributionId=12755-Helps us to edit the proposal contribution.	1674824699918	1674824700200	KO	status.find.is(200), but actually found 404
REQUEST		/contribution/reject?title=fghgf&contributionType=book&sessionId=1-Helps us to edit the proposal contribution.	1674824699393	1674824700218	KO	status.find.is(200), but actually found 405
USER	Contribution API	START	1674824700294
REQUEST		/updateProposal?contributionId=12755-Helps us to edit the proposal contribution.	1674824700027	1674824700311	KO	status.find.is(200), but actually found 404
REQUEST		/contribution/reject?title=fghgf&contributionType=book&sessionId=1-Helps us to edit the proposal contribution.	1674824699494	1674824700321	KO	status.find.is(200), but actually found 405
USER	Contribution API	START	1674824700394
REQUEST		/updateProposal?contributionId=12755-Helps us to edit the proposal contribution.	1674824700129	1674824700414	KO	status.find.is(200), but actually found 404
REQUEST		/contribution/reject?title=fghgf&contributionType=book&sessionId=1-Helps us to edit the proposal contribution.	1674824699593	1674824700415	KO	status.find.is(200), but actually found 405
USER	Contribution API	START	1674824700494
REQUEST		/contribution/reject?title=fghgf&contributionType=book&sessionId=1-Helps us to edit the proposal contribution.	1674824699693	1674824700517	KO	status.find.is(200), but actually found 405
REQUEST		/updateProposal?contributionId=12755-Helps us to edit the proposal contribution.	1674824700233	1674824700522	KO	status.find.is(200), but actually found 404
USER	Contribution API	START	1674824700593
REQUEST		/contribution/reject?title=fghgf&contributionType=book&sessionId=1-Helps us to edit the proposal contribution.	1674824699794	1674824700610	KO	status.find.is(200), but actually found 405
REQUEST		/updateProposal?contributionId=12755-Helps us to edit the proposal contribution.	1674824700330	1674824700615	KO	status.find.is(200), but actually found 404
USER	Contribution API	START	1674824700693
REQUEST		/contribution/reject?title=fghgf&contributionType=book&sessionId=1-Helps us to edit the proposal contribution.	1674824699894	1674824700717	KO	status.find.is(200), but actually found 405
REQUEST		/updateProposal?contributionId=12755-Helps us to edit the proposal contribution.	1674824700430	1674824700724	KO	status.find.is(200), but actually found 404
USER	Contribution API	START	1674824700794
REQUEST		/contribution/reject?title=fghgf&contributionType=book&sessionId=1-Helps us to edit the proposal contribution.	1674824699994	1674824700818	KO	status.find.is(200), but actually found 405
REQUEST		/updateProposal?contributionId=12755-Helps us to edit the proposal contribution.	1674824700536	1674824700822	KO	status.find.is(200), but actually found 404
USER	Contribution API	START	1674824700894
REQUEST		/updateProposal?contributionId=12755-Helps us to edit the proposal contribution.	1674824700615	1674824700895	KO	status.find.is(200), but actually found 404
REQUEST		/contribution/reject?title=fghgf&contributionType=book&sessionId=1-Helps us to edit the proposal contribution.	1674824700094	1674824700915	KO	status.find.is(200), but actually found 405
USER	Contribution API	START	1674824700994
REQUEST		/contribution/reject?title=fghgf&contributionType=book&sessionId=1-Helps us to edit the proposal contribution.	1674824700194	1674824701020	KO	status.find.is(200), but actually found 405
REQUEST		/updateProposal?contributionId=12755-Helps us to edit the proposal contribution.	1674824700738	1674824701025	KO	status.find.is(200), but actually found 404
USER	Contribution API	START	1674824701094
REQUEST		/contribution/reject?title=fghgf&contributionType=book&sessionId=1-Helps us to edit the proposal contribution.	1674824700294	1674824701108	KO	status.find.is(200), but actually found 405
REQUEST		/updateProposal?contributionId=12755-Helps us to edit the proposal contribution.	1674824700835	1674824701123	KO	status.find.is(200), but actually found 404
USER	Contribution API	START	1674824701195
REQUEST		/updateProposal?contributionId=12755-Helps us to edit the proposal contribution.	1674824700930	1674824701213	KO	status.find.is(200), but actually found 404
REQUEST		/contribution/reject?title=fghgf&contributionType=book&sessionId=1-Helps us to edit the proposal contribution.	1674824700394	1674824701220	KO	status.find.is(200), but actually found 405
USER	Contribution API	START	1674824701294
REQUEST		/contribution/reject?title=fghgf&contributionType=book&sessionId=1-Helps us to edit the proposal contribution.	1674824700494	1674824701308	KO	status.find.is(200), but actually found 405
REQUEST		/updateProposal?contributionId=12755-Helps us to edit the proposal contribution.	1674824701042	1674824701330	KO	status.find.is(200), but actually found 404
USER	Contribution API	START	1674824701395
REQUEST		/contribution/reject?title=fghgf&contributionType=book&sessionId=1-Helps us to edit the proposal contribution.	1674824700594	1674824701418	KO	status.find.is(200), but actually found 405
REQUEST		/updateProposal?contributionId=12755-Helps us to edit the proposal contribution.	1674824701137	1674824701425	KO	status.find.is(200), but actually found 404
USER	Contribution API	START	1674824701495
REQUEST		/updateProposal?contributionId=12755-Helps us to edit the proposal contribution.	1674824701232	1674824701518	KO	status.find.is(200), but actually found 404
REQUEST		/contribution/reject?title=fghgf&contributionType=book&sessionId=1-Helps us to edit the proposal contribution.	1674824700694	1674824701520	KO	status.find.is(200), but actually found 405
USER	Contribution API	START	1674824701593
REQUEST		/updateProposal?contributionId=12755-Helps us to edit the proposal contribution.	1674824701328	1674824701613	KO	status.find.is(200), but actually found 404
REQUEST		/contribution/reject?title=fghgf&contributionType=book&sessionId=1-Helps us to edit the proposal contribution.	1674824700794	1674824701614	KO	status.find.is(200), but actually found 405
USER	Contribution API	START	1674824701693
REQUEST		/updateProposal?contributionId=12755-Helps us to edit the proposal contribution.	1674824701419	1674824701713	KO	status.find.is(200), but actually found 404
REQUEST		/contribution/reject?title=fghgf&contributionType=book&sessionId=1-Helps us to edit the proposal contribution.	1674824700894	1674824701721	KO	status.find.is(200), but actually found 405
USER	Contribution API	START	1674824701793
REQUEST		/contribution/reject?title=fghgf&contributionType=book&sessionId=1-Helps us to edit the proposal contribution.	1674824700994	1674824701817	KO	status.find.is(200), but actually found 405
REQUEST		/updateProposal?contributionId=12755-Helps us to edit the proposal contribution.	1674824701532	1674824701822	KO	status.find.is(200), but actually found 404
USER	Contribution API	START	1674824701893
REQUEST		/updateProposal?contributionId=12755-Helps us to edit the proposal contribution.	1674824701619	1674824701903	KO	status.find.is(200), but actually found 404
REQUEST		/contribution/reject?title=fghgf&contributionType=book&sessionId=1-Helps us to edit the proposal contribution.	1674824701094	1674824701916	KO	status.find.is(200), but actually found 405
USER	Contribution API	START	1674824701993
REQUEST		/updateProposal?contributionId=12755-Helps us to edit the proposal contribution.	1674824701721	1674824702009	KO	status.find.is(200), but actually found 404
REQUEST		/contribution/reject?title=fghgf&contributionType=book&sessionId=1-Helps us to edit the proposal contribution.	1674824701195	1674824702009	KO	status.find.is(200), but actually found 405
USER	Contribution API	START	1674824702094
REQUEST		/updateProposal?contributionId=12755-Helps us to edit the proposal contribution.	1674824701822	1674824702110	KO	status.find.is(200), but actually found 404
REQUEST		/contribution/reject?title=fghgf&contributionType=book&sessionId=1-Helps us to edit the proposal contribution.	1674824701295	1674824702132	KO	status.find.is(200), but actually found 405
USER	Contribution API	START	1674824702194
REQUEST		/updateProposal?contributionId=12755-Helps us to edit the proposal contribution.	1674824701930	1674824702217	KO	status.find.is(200), but actually found 404
REQUEST		/contribution/reject?title=fghgf&contributionType=book&sessionId=1-Helps us to edit the proposal contribution.	1674824701395	1674824702227	KO	status.find.is(200), but actually found 405
REQUEST		/updateProposal?contributionId=12755-Helps us to edit the proposal contribution.	1674824702013	1674824702294	KO	status.find.is(200), but actually found 404
USER	Contribution API	START	1674824702294
REQUEST		/contribution/reject?title=fghgf&contributionType=book&sessionId=1-Helps us to edit the proposal contribution.	1674824701495	1674824702309	KO	status.find.is(200), but actually found 405
USER	Contribution API	START	1674824702394
REQUEST		/updateProposal?contributionId=12755-Helps us to edit the proposal contribution.	1674824702118	1674824702410	KO	status.find.is(200), but actually found 404
REQUEST		/contribution/reject?title=fghgf&contributionType=book&sessionId=1-Helps us to edit the proposal contribution.	1674824701594	1674824702429	KO	status.find.is(200), but actually found 405
USER	Contribution API	START	1674824702494
REQUEST		/updateProposal?contributionId=12755-Helps us to edit the proposal contribution.	1674824702221	1674824702509	KO	status.find.is(200), but actually found 404
REQUEST		/contribution/reject?title=fghgf&contributionType=book&sessionId=1-Helps us to edit the proposal contribution.	1674824701694	1674824702511	KO	status.find.is(200), but actually found 405
USER	Contribution API	START	1674824702593
REQUEST		/updateProposal?contributionId=12755-Helps us to edit the proposal contribution.	1674824702321	1674824702605	KO	status.find.is(200), but actually found 404
REQUEST		/contribution/reject?title=fghgf&contributionType=book&sessionId=1-Helps us to edit the proposal contribution.	1674824701794	1674824702607	KO	status.find.is(200), but actually found 405
USER	Contribution API	START	1674824702693
REQUEST		/contribution/reject?title=fghgf&contributionType=book&sessionId=1-Helps us to edit the proposal contribution.	1674824701894	1674824702706	KO	status.find.is(200), but actually found 405
USER	Contribution API	END	1674824702720
REQUEST		/updateProposal?contributionId=12755-Helps us to edit the proposal contribution.	1674824702426	1674824702720	KO	status.find.is(200), but actually found 404
USER	Contribution API	END	1674824702729
USER	Contribution API	START	1674824702793
REQUEST		/updateProposal?contributionId=12755-Helps us to edit the proposal contribution.	1674824702512	1674824702795	KO	status.find.is(200), but actually found 404
USER	Contribution API	END	1674824702809
REQUEST		/contribution/reject?title=fghgf&contributionType=book&sessionId=1-Helps us to edit the proposal contribution.	1674824701994	1674824702814	KO	status.find.is(200), but actually found 405
USER	Contribution API	START	1674824702893
REQUEST		/updateProposal?contributionId=12755-Helps us to edit the proposal contribution.	1674824702616	1674824702902	KO	status.find.is(200), but actually found 404
USER	Contribution API	END	1674824702913
REQUEST		/contribution/reject?title=fghgf&contributionType=book&sessionId=1-Helps us to edit the proposal contribution.	1674824702094	1674824702919	KO	status.find.is(200), but actually found 405
USER	Contribution API	START	1674824702993
REQUEST		/updateProposal?contributionId=12755-Helps us to edit the proposal contribution.	1674824702715	1674824702999	KO	status.find.is(200), but actually found 404
USER	Contribution API	END	1674824703010
REQUEST		/contribution/reject?title=fghgf&contributionType=book&sessionId=1-Helps us to edit the proposal contribution.	1674824702194	1674824703017	KO	status.find.is(200), but actually found 405
REQUEST		/updateProposal?contributionId=12755-Helps us to edit the proposal contribution.	1674824702812	1674824703094	KO	status.find.is(200), but actually found 404
USER	Contribution API	START	1674824703093
REQUEST		/contribution/reject?title=fghgf&contributionType=book&sessionId=1-Helps us to edit the proposal contribution.	1674824702294	1674824703112	KO	status.find.is(200), but actually found 405
USER	Contribution API	END	1674824703123
USER	Contribution API	START	1674824703194
USER	Contribution API	END	1674824703201
REQUEST		/updateProposal?contributionId=12755-Helps us to edit the proposal contribution.	1674824702920	1674824703203	KO	status.find.is(200), but actually found 404
REQUEST		/contribution/reject?title=fghgf&contributionType=book&sessionId=1-Helps us to edit the proposal contribution.	1674824702395	1674824703214	KO	status.find.is(200), but actually found 405
USER	Contribution API	START	1674824703294
REQUEST		/updateProposal?contributionId=12755-Helps us to edit the proposal contribution.	1674824703021	1674824703309	KO	status.find.is(200), but actually found 404
USER	Contribution API	END	1674824703312
REQUEST		/contribution/reject?title=fghgf&contributionType=book&sessionId=1-Helps us to edit the proposal contribution.	1674824702495	1674824703312	KO	status.find.is(200), but actually found 405
USER	Contribution API	START	1674824703394
REQUEST		/updateProposal?contributionId=12755-Helps us to edit the proposal contribution.	1674824703121	1674824703406	KO	status.find.is(200), but actually found 404
USER	Contribution API	END	1674824703415
REQUEST		/contribution/reject?title=fghgf&contributionType=book&sessionId=1-Helps us to edit the proposal contribution.	1674824702594	1674824703418	KO	status.find.is(200), but actually found 405
USER	Contribution API	START	1674824703494
REQUEST		/updateProposal?contributionId=12755-Helps us to edit the proposal contribution.	1674824703220	1674824703505	KO	status.find.is(200), but actually found 404
REQUEST		/contribution/reject?title=fghgf&contributionType=book&sessionId=1-Helps us to edit the proposal contribution.	1674824702694	1674824703513	KO	status.find.is(200), but actually found 405
USER	Contribution API	END	1674824703523
USER	Contribution API	START	1674824703593
REQUEST		/updateProposal?contributionId=12755-Helps us to edit the proposal contribution.	1674824703322	1674824703610	KO	status.find.is(200), but actually found 404
REQUEST		/contribution/reject?title=fghgf&contributionType=book&sessionId=1-Helps us to edit the proposal contribution.	1674824702794	1674824703614	KO	status.find.is(200), but actually found 405
USER	Contribution API	END	1674824703616
USER	Contribution API	START	1674824703693
REQUEST		/updateProposal?contributionId=12755-Helps us to edit the proposal contribution.	1674824703417	1674824703704	KO	status.find.is(200), but actually found 404
REQUEST		/contribution/reject?title=fghgf&contributionType=book&sessionId=1-Helps us to edit the proposal contribution.	1674824702894	1674824703708	KO	status.find.is(200), but actually found 405
USER	Contribution API	END	1674824703725
USER	Contribution API	START	1674824703793
REQUEST		/contribution/reject?title=fghgf&contributionType=book&sessionId=1-Helps us to edit the proposal contribution.	1674824702994	1674824703807	KO	status.find.is(200), but actually found 405
REQUEST		/updateProposal?contributionId=12755-Helps us to edit the proposal contribution.	1674824703518	1674824703812	KO	status.find.is(200), but actually found 404
USER	Contribution API	END	1674824703824
REQUEST		/updateProposal?contributionId=12755-Helps us to edit the proposal contribution.	1674824703611	1674824703892	KO	status.find.is(200), but actually found 404
USER	Contribution API	START	1674824703893
USER	Contribution API	END	1674824703896
REQUEST		/contribution/reject?title=fghgf&contributionType=book&sessionId=1-Helps us to edit the proposal contribution.	1674824703094	1674824703920	KO	status.find.is(200), but actually found 405
USER	Contribution API	START	1674824703993
REQUEST		/updateProposal?contributionId=12755-Helps us to edit the proposal contribution.	1674824703720	1674824704003	KO	status.find.is(200), but actually found 404
REQUEST		/contribution/reject?title=fghgf&contributionType=book&sessionId=1-Helps us to edit the proposal contribution.	1674824703194	1674824704021	KO	status.find.is(200), but actually found 405
USER	Contribution API	END	1674824704027
USER	Contribution API	START	1674824704093
REQUEST		/updateProposal?contributionId=12755-Helps us to edit the proposal contribution.	1674824703820	1674824704108	KO	status.find.is(200), but actually found 404
REQUEST		/contribution/reject?title=fghgf&contributionType=book&sessionId=1-Helps us to edit the proposal contribution.	1674824703294	1674824704118	KO	status.find.is(200), but actually found 405
USER	Contribution API	END	1674824704124
USER	Contribution API	START	1674824704193
REQUEST		/updateProposal?contributionId=12755-Helps us to edit the proposal contribution.	1674824703917	1674824704200	KO	status.find.is(200), but actually found 404
USER	Contribution API	END	1674824704214
REQUEST		/contribution/reject?title=fghgf&contributionType=book&sessionId=1-Helps us to edit the proposal contribution.	1674824703394	1674824704220	KO	status.find.is(200), but actually found 405
USER	Contribution API	START	1674824704293
REQUEST		/updateProposal?contributionId=12755-Helps us to edit the proposal contribution.	1674824704020	1674824704306	KO	status.find.is(200), but actually found 404
REQUEST		/contribution/reject?title=fghgf&contributionType=book&sessionId=1-Helps us to edit the proposal contribution.	1674824703494	1674824704314	KO	status.find.is(200), but actually found 405
USER	Contribution API	END	1674824704331
REQUEST		/updateProposal?contributionId=12755-Helps us to edit the proposal contribution.	1674824704108	1674824704388	KO	status.find.is(200), but actually found 404
USER	Contribution API	START	1674824704393
REQUEST		/contribution/reject?title=fghgf&contributionType=book&sessionId=1-Helps us to edit the proposal contribution.	1674824703593	1674824704419	KO	status.find.is(200), but actually found 405
USER	Contribution API	END	1674824704427
USER	Contribution API	START	1674824704494
REQUEST		/updateProposal?contributionId=12755-Helps us to edit the proposal contribution.	1674824704221	1674824704508	KO	status.find.is(200), but actually found 404
REQUEST		/contribution/reject?title=fghgf&contributionType=book&sessionId=1-Helps us to edit the proposal contribution.	1674824703694	1674824704513	KO	status.find.is(200), but actually found 405
USER	Contribution API	END	1674824704520
REQUEST		/updateProposal?contributionId=12755-Helps us to edit the proposal contribution.	1674824704309	1674824704591	KO	status.find.is(200), but actually found 404
USER	Contribution API	START	1674824704592
REQUEST		/contribution/reject?title=fghgf&contributionType=book&sessionId=1-Helps us to edit the proposal contribution.	1674824703794	1674824704609	KO	status.find.is(200), but actually found 405
USER	Contribution API	END	1674824704614
USER	Contribution API	START	1674824704692
REQUEST		/updateProposal?contributionId=12755-Helps us to edit the proposal contribution.	1674824704420	1674824704706	KO	status.find.is(200), but actually found 404
REQUEST		/contribution/reject?title=fghgf&contributionType=book&sessionId=1-Helps us to edit the proposal contribution.	1674824703894	1674824704706	KO	status.find.is(200), but actually found 405
USER	Contribution API	END	1674824704714
USER	Contribution API	START	1674824704793
REQUEST		/updateProposal?contributionId=12755-Helps us to edit the proposal contribution.	1674824704521	1674824704816	KO	status.find.is(200), but actually found 404
USER	Contribution API	END	1674824704824
REQUEST		/contribution/reject?title=fghgf&contributionType=book&sessionId=1-Helps us to edit the proposal contribution.	1674824703994	1674824704832	KO	status.find.is(200), but actually found 405
USER	Contribution API	START	1674824704893
REQUEST		/updateProposal?contributionId=12755-Helps us to edit the proposal contribution.	1674824704615	1674824704899	KO	status.find.is(200), but actually found 404
USER	Contribution API	END	1674824704904
REQUEST		/contribution/reject?title=fghgf&contributionType=book&sessionId=1-Helps us to edit the proposal contribution.	1674824704094	1674824704919	KO	status.find.is(200), but actually found 405
USER	Contribution API	START	1674824704993
REQUEST		/contribution/reject?title=fghgf&contributionType=book&sessionId=1-Helps us to edit the proposal contribution.	1674824704194	1674824705006	KO	status.find.is(200), but actually found 405
REQUEST		/updateProposal?contributionId=12755-Helps us to edit the proposal contribution.	1674824704722	1674824705007	KO	status.find.is(200), but actually found 404
USER	Contribution API	END	1674824705010
USER	Contribution API	START	1674824705093
REQUEST		/updateProposal?contributionId=12755-Helps us to edit the proposal contribution.	1674824704819	1674824705106	KO	status.find.is(200), but actually found 404
USER	Contribution API	END	1674824705111
REQUEST		/contribution/reject?title=fghgf&contributionType=book&sessionId=1-Helps us to edit the proposal contribution.	1674824704294	1674824705117	KO	status.find.is(200), but actually found 405
USER	Contribution API	START	1674824705193
REQUEST		/updateProposal?contributionId=12755-Helps us to edit the proposal contribution.	1674824704917	1674824705204	KO	status.find.is(200), but actually found 404
REQUEST		/contribution/reject?title=fghgf&contributionType=book&sessionId=1-Helps us to edit the proposal contribution.	1674824704394	1674824705216	KO	status.find.is(200), but actually found 405
USER	Contribution API	END	1674824705219
REQUEST		/updateProposal?contributionId=12755-Helps us to edit the proposal contribution.	1674824705010	1674824705291	KO	status.find.is(200), but actually found 404
USER	Contribution API	START	1674824705293
USER	Contribution API	END	1674824705294
REQUEST		/contribution/reject?title=fghgf&contributionType=book&sessionId=1-Helps us to edit the proposal contribution.	1674824704494	1674824705303	KO	status.find.is(200), but actually found 405
USER	Contribution API	START	1674824705394
REQUEST		/contribution/reject?title=fghgf&contributionType=book&sessionId=1-Helps us to edit the proposal contribution.	1674824704593	1674824705403	KO	status.find.is(200), but actually found 405
USER	Contribution API	END	1674824705411
REQUEST		/updateProposal?contributionId=12755-Helps us to edit the proposal contribution.	1674824705133	1674824705420	KO	status.find.is(200), but actually found 404
USER	Contribution API	END	1674824705510
REQUEST		/updateProposal?contributionId=12755-Helps us to edit the proposal contribution.	1674824705228	1674824705515	KO	status.find.is(200), but actually found 404
REQUEST		/contribution/reject?title=fghgf&contributionType=book&sessionId=1-Helps us to edit the proposal contribution.	1674824704693	1674824705527	KO	status.find.is(200), but actually found 405
REQUEST		/updateProposal?contributionId=12755-Helps us to edit the proposal contribution.	1674824705310	1674824705591	KO	status.find.is(200), but actually found 404
USER	Contribution API	END	1674824705606
REQUEST		/contribution/reject?title=fghgf&contributionType=book&sessionId=1-Helps us to edit the proposal contribution.	1674824704793	1674824705608	KO	status.find.is(200), but actually found 405
REQUEST		/contribution/reject?title=fghgf&contributionType=book&sessionId=1-Helps us to edit the proposal contribution.	1674824704893	1674824705703	KO	status.find.is(200), but actually found 405
REQUEST		/updateProposal?contributionId=12755-Helps us to edit the proposal contribution.	1674824705430	1674824705719	KO	status.find.is(200), but actually found 404
USER	Contribution API	END	1674824705722
REQUEST		/updateProposal?contributionId=12755-Helps us to edit the proposal contribution.	1674824705512	1674824705791	KO	status.find.is(200), but actually found 404
USER	Contribution API	END	1674824705796
REQUEST		/contribution/reject?title=fghgf&contributionType=book&sessionId=1-Helps us to edit the proposal contribution.	1674824704993	1674824705821	KO	status.find.is(200), but actually found 405
REQUEST		/updateProposal?contributionId=12755-Helps us to edit the proposal contribution.	1674824705608	1674824705888	KO	status.find.is(200), but actually found 404
USER	Contribution API	END	1674824705903
REQUEST		/contribution/reject?title=fghgf&contributionType=book&sessionId=1-Helps us to edit the proposal contribution.	1674824705093	1674824705906	KO	status.find.is(200), but actually found 405
REQUEST		/updateProposal?contributionId=12755-Helps us to edit the proposal contribution.	1674824705707	1674824705988	KO	status.find.is(200), but actually found 404
USER	Contribution API	END	1674824706000
REQUEST		/contribution/reject?title=fghgf&contributionType=book&sessionId=1-Helps us to edit the proposal contribution.	1674824705193	1674824706025	KO	status.find.is(200), but actually found 405
USER	Contribution API	END	1674824706095
REQUEST		/updateProposal?contributionId=12755-Helps us to edit the proposal contribution.	1674824705815	1674824706096	KO	status.find.is(200), but actually found 404
REQUEST		/contribution/reject?title=fghgf&contributionType=book&sessionId=1-Helps us to edit the proposal contribution.	1674824705293	1674824706111	KO	status.find.is(200), but actually found 405
USER	Contribution API	END	1674824706204
REQUEST		/updateProposal?contributionId=12755-Helps us to edit the proposal contribution.	1674824705921	1674824706206	KO	status.find.is(200), but actually found 404
REQUEST		/contribution/reject?title=fghgf&contributionType=book&sessionId=1-Helps us to edit the proposal contribution.	1674824705394	1674824706220	KO	status.find.is(200), but actually found 405
REQUEST		/updateProposal?contributionId=12755-Helps us to edit the proposal contribution.	1674824706020	1674824706305	KO	status.find.is(200), but actually found 404
USER	Contribution API	END	1674824706311
REQUEST		/updateProposal?contributionId=12755-Helps us to edit the proposal contribution.	1674824706113	1674824706393	KO	status.find.is(200), but actually found 404
USER	Contribution API	END	1674824706407
REQUEST		/updateProposal?contributionId=12755-Helps us to edit the proposal contribution.	1674824706215	1674824706497	KO	status.find.is(200), but actually found 404
USER	Contribution API	END	1674824706506
REQUEST		/updateProposal?contributionId=12755-Helps us to edit the proposal contribution.	1674824706313	1674824706595	KO	status.find.is(200), but actually found 404
USER	Contribution API	END	1674824706611
USER	Contribution API	END	1674824706705
REQUEST		/updateProposal?contributionId=12755-Helps us to edit the proposal contribution.	1674824706420	1674824706707	KO	status.find.is(200), but actually found 404
REQUEST		/updateProposal?contributionId=12755-Helps us to edit the proposal contribution.	1674824706514	1674824706799	KO	status.find.is(200), but actually found 404
USER	Contribution API	END	1674824706813
USER	Contribution API	END	1674824706894
REQUEST		/updateProposal?contributionId=12755-Helps us to edit the proposal contribution.	1674824706615	1674824706908	KO	status.find.is(200), but actually found 404
REQUEST		/updateProposal?contributionId=12755-Helps us to edit the proposal contribution.	1674824706709	1674824706988	KO	status.find.is(200), but actually found 404
USER	Contribution API	END	1674824707004
REQUEST		/updateProposal?contributionId=12755-Helps us to edit the proposal contribution.	1674824706808	1674824707088	KO	status.find.is(200), but actually found 404
USER	Contribution API	END	1674824707109
USER	Contribution API	END	1674824707202
REQUEST		/updateProposal?contributionId=12755-Helps us to edit the proposal contribution.	1674824706921	1674824707205	KO	status.find.is(200), but actually found 404
REQUEST		/updateProposal?contributionId=12755-Helps us to edit the proposal contribution.	1674824707022	1674824707305	KO	status.find.is(200), but actually found 404
USER	Contribution API	END	1674824707308
USER	Contribution API	END	1674824707389
REQUEST		/updateProposal?contributionId=12755-Helps us to edit the proposal contribution.	1674824707119	1674824707407	KO	status.find.is(200), but actually found 404
REQUEST		/updateProposal?contributionId=12755-Helps us to edit the proposal contribution.	1674824707221	1674824707504	KO	status.find.is(200), but actually found 404
USER	Contribution API	END	1674824707509
USER	Contribution API	END	1674824707592
REQUEST		/updateProposal?contributionId=12755-Helps us to edit the proposal contribution.	1674824707315	1674824707597	KO	status.find.is(200), but actually found 404
REQUEST		/updateProposal?contributionId=12755-Helps us to edit the proposal contribution.	1674824707420	1674824707704	KO	status.find.is(200), but actually found 404
USER	Contribution API	END	1674824707707
REQUEST		/updateProposal?contributionId=12755-Helps us to edit the proposal contribution.	1674824707514	1674824707796	KO	status.find.is(200), but actually found 404
USER	Contribution API	END	1674824707817
REQUEST		/updateProposal?contributionId=12755-Helps us to edit the proposal contribution.	1674824707610	1674824707893	KO	status.find.is(200), but actually found 404
USER	Contribution API	END	1674824707901
REQUEST		/updateProposal?contributionId=12755-Helps us to edit the proposal contribution.	1674824707707	1674824707998	KO	status.find.is(200), but actually found 404
USER	Contribution API	END	1674824708008
USER	Contribution API	END	1674824708107
REQUEST		/updateProposal?contributionId=12755-Helps us to edit the proposal contribution.	1674824707833	1674824708123	KO	status.find.is(200), but actually found 404
REQUEST		/updateProposal?contributionId=12755-Helps us to edit the proposal contribution.	1674824707920	1674824708203	KO	status.find.is(200), but actually found 404
USER	Contribution API	END	1674824708205
REQUEST		/updateProposal?contributionId=12755-Helps us to edit the proposal contribution.	1674824708007	1674824708288	KO	status.find.is(200), but actually found 404
USER	Contribution API	END	1674824708292
REQUEST		/updateProposal?contributionId=12755-Helps us to edit the proposal contribution.	1674824708118	1674824708401	KO	status.find.is(200), but actually found 404
USER	Contribution API	END	1674824708421
REQUEST		/updateProposal?contributionId=12755-Helps us to edit the proposal contribution.	1674824708217	1674824708503	KO	status.find.is(200), but actually found 404
USER	Contribution API	END	1674824708517
REQUEST		/updateProposal?contributionId=12755-Helps us to edit the proposal contribution.	1674824708304	1674824708585	KO	status.find.is(200), but actually found 404
USER	Contribution API	END	1674824708592
REQUEST		/updateProposal?contributionId=12755-Helps us to edit the proposal contribution.	1674824708404	1674824708683	KO	status.find.is(200), but actually found 404
USER	Contribution API	END	1674824708721
USER	Contribution API	END	1674824708792
REQUEST		/updateProposal?contributionId=12755-Helps us to edit the proposal contribution.	1674824708528	1674824708815	KO	status.find.is(200), but actually found 404
REQUEST		/updateProposal?contributionId=12755-Helps us to edit the proposal contribution.	1674824708609	1674824708889	KO	status.find.is(200), but actually found 404
USER	Contribution API	END	1674824708889
REQUEST		/updateProposal?contributionId=12755-Helps us to edit the proposal contribution.	1674824708704	1674824708985	KO	status.find.is(200), but actually found 404
USER	Contribution API	END	1674824708989
USER	Contribution API	END	1674824709097
REQUEST		/updateProposal?contributionId=12755-Helps us to edit the proposal contribution.	1674824708822	1674824709114	KO	status.find.is(200), but actually found 404
REQUEST		/updateProposal?contributionId=12755-Helps us to edit the proposal contribution.	1674824708906	1674824709188	KO	status.find.is(200), but actually found 404
USER	Contribution API	END	1674824709207
USER	Contribution API	END	1674824709306
REQUEST		/updateProposal?contributionId=12755-Helps us to edit the proposal contribution.	1674824709025	1674824709310	KO	status.find.is(200), but actually found 404
REQUEST		/updateProposal?contributionId=12755-Helps us to edit the proposal contribution.	1674824709112	1674824709391	KO	status.find.is(200), but actually found 404
USER	Contribution API	END	1674824709394
USER	Contribution API	END	1674824709498
REQUEST		/updateProposal?contributionId=12755-Helps us to edit the proposal contribution.	1674824709220	1674824709503	KO	status.find.is(200), but actually found 404
USER	Contribution API	END	1674824709596
USER	Contribution API	END	1674824709708
USER	Contribution API	END	1674824709800
USER	Contribution API	END	1674824709909
USER	Contribution API	END	1674824709989
USER	Contribution API	END	1674824710089
USER	Contribution API	END	1674824710206
USER	Contribution API	END	1674824710307
USER	Contribution API	END	1674824710408
USER	Contribution API	END	1674824710506
USER	Contribution API	END	1674824710598
USER	Contribution API	END	1674824710705
USER	Contribution API	END	1674824710797
USER	Contribution API	END	1674824710894
USER	Contribution API	END	1674824711000
USER	Contribution API	END	1674824711124
USER	Contribution API	END	1674824711204
USER	Contribution API	END	1674824711289
USER	Contribution API	END	1674824711403
USER	Contribution API	END	1674824711504
USER	Contribution API	END	1674824711586
USER	Contribution API	END	1674824711684
USER	Contribution API	END	1674824711817
USER	Contribution API	END	1674824711890
USER	Contribution API	END	1674824711987
USER	Contribution API	END	1674824712115
USER	Contribution API	END	1674824712189
USER	Contribution API	END	1674824712311
USER	Contribution API	END	1674824712392
USER	Contribution API	END	1674824712504
