RUN	Simulations.Runner.Go1percent	go1percent	1675057220124	 	3.5.1
USER	Contribution API	START	1675057221121
USER	Contribution API	START	1675057221212
USER	Contribution API	START	1675057221312
USER	Contribution API	START	1675057221413
USER	Contribution API	START	1675057221513
USER	Contribution API	START	1675057221614
USER	Contribution API	START	1675057221716
USER	Contribution API	START	1675057221814
USER	Contribution API	START	1675057221914
USER	Contribution API	START	1675057222015
REQUEST		/Contribution/getknolderContribution-Fetch all the other contributions by the user	1675057221141	1675057222051	OK	 
USER	Contribution API	START	1675057222115
REQUEST		/Contribution/getknolderContribution-Fetch all the other contributions by the user	1675057221213	1675057222121	OK	 
REQUEST		/Contribution/getknolderContribution-Fetch all the other contributions by the user	1675057221313	1675057222205	OK	 
USER	Contribution API	START	1675057222215
REQUEST		/Contribution/getknolderContribution-Fetch all the other contributions by the user	1675057221414	1675057222311	OK	 
USER	Contribution API	START	1675057222315
USER	Contribution API	START	1675057222415
REQUEST		/Contribution/getknolderContribution-Fetch all the other contributions by the user	1675057221513	1675057222449	OK	 
REQUEST		/Contribution/getknolderContribution-Fetch all the other contributions by the user	1675057221614	1675057222503	OK	 
USER	Contribution API	START	1675057222515
USER	Contribution API	START	1675057222615
REQUEST		/Contribution/getknolderContribution-Fetch all the other contributions by the user	1675057221717	1675057222690	OK	 
REQUEST		/Contribution/getknolderContribution-Fetch all the other contributions by the user	1675057221815	1675057222712	OK	 
USER	Contribution API	START	1675057222715
REQUEST		/Contribution/getknolderContribution-Fetch all the other contributions by the user	1675057221915	1675057222810	OK	 
USER	Contribution API	START	1675057222816
USER	Contribution API	START	1675057222916
REQUEST		/Contribution/getknolderContribution-Fetch all the other contributions by the user	1675057222015	1675057222922	OK	 
REQUEST		/Contribution/getknolderContribution-Fetch all the other contributions by the user	1675057222115	1675057223003	OK	 
USER	Contribution API	START	1675057223016
USER	Contribution API	START	1675057223116
REQUEST		/Contribution/getknolderContribution-Fetch all the other contributions by the user	1675057222215	1675057223133	OK	 
REQUEST		/Contribution/getknolderContribution-Fetch all the other contributions by the user	1675057222316	1675057223209	OK	 
USER	Contribution API	START	1675057223210
REQUEST		/Contribution/getknolderContribution-Fetch all the other contributions by the user	1675057222416	1675057223307	OK	 
USER	Contribution API	START	1675057223310
USER	Contribution API	START	1675057223410
REQUEST		/Contribution/getknolderContribution-Fetch all the other contributions by the user	1675057222516	1675057223423	OK	 
USER	Contribution API	START	1675057223510
REQUEST		/Contribution/getknolderContribution-Fetch all the other contributions by the user	1675057222616	1675057223523	OK	 
REQUEST		/Contribution/getknolderContribution-Fetch all the other contributions by the user	1675057222716	1675057223601	OK	 
USER	Contribution API	START	1675057223610
REQUEST		/Contribution/getknolderContribution-Fetch all the other contributions by the user	1675057222816	1675057223703	OK	 
USER	Contribution API	START	1675057223710
REQUEST		/Contribution/getknolderContribution-Fetch all the other contributions by the user	1675057222916	1675057223796	OK	 
USER	Contribution API	START	1675057223810
USER	Contribution API	START	1675057223910
REQUEST		/Contribution/getknolderContribution-Fetch all the other contributions by the user	1675057223016	1675057223923	OK	 
REQUEST		/Contribution/getknolderContribution-Fetch all the other contributions by the user	1675057223116	1675057224009	OK	 
USER	Contribution API	START	1675057224010
USER	Contribution API	START	1675057224110
REQUEST		/Contribution/getknolderContribution-Fetch all the other contributions by the user	1675057223210	1675057224116	OK	 
USER	Contribution API	START	1675057224209
REQUEST		/Contribution/getknolderContribution-Fetch all the other contributions by the user	1675057223310	1675057224233	OK	 
REQUEST		/Contribution/getknolderContribution-Fetch all the other contributions by the user	1675057223410	1675057224305	OK	 
USER	Contribution API	START	1675057224310
USER	Contribution API	START	1675057224410
REQUEST		/Contribution/getknolderContribution-Fetch all the other contributions by the user	1675057223510	1675057224425	OK	 
USER	Contribution API	START	1675057224510
REQUEST		/Contribution/getknolderContribution-Fetch all the other contributions by the user	1675057223610	1675057224532	OK	 
REQUEST		/Contribution/getknolderContribution-Fetch all the other contributions by the user	1675057223710	1675057224594	OK	 
USER	Contribution API	START	1675057224610
USER	Contribution API	START	1675057224710
REQUEST		/Contribution/getknolderContribution-Fetch all the other contributions by the user	1675057223811	1675057224721	OK	 
USER	Contribution API	START	1675057224810
REQUEST		/Contribution/getknolderContribution-Fetch all the other contributions by the user	1675057223911	1675057224829	OK	 
USER	Contribution API	START	1675057224910
REQUEST		/Contribution/getknolderContribution-Fetch all the other contributions by the user	1675057224011	1675057224913	OK	 
USER	Contribution API	START	1675057225010
REQUEST		/Contribution/getknolderContribution-Fetch all the other contributions by the user	1675057224111	1675057225027	OK	 
USER	Contribution API	START	1675057225110
REQUEST		/Contribution/getknolderContribution-Fetch all the other contributions by the user	1675057224210	1675057225121	OK	 
USER	Contribution API	START	1675057225210
REQUEST		/Contribution/getknolderContribution-Fetch all the other contributions by the user	1675057224310	1675057225227	OK	 
REQUEST		/Contribution/getknolderContribution-Fetch all the other contributions by the user	1675057224410	1675057225299	OK	 
USER	Contribution API	START	1675057225310
REQUEST		/Contribution/getknolderContribution-Fetch all the other contributions by the user	1675057224510	1675057225408	OK	 
USER	Contribution API	START	1675057225410
USER	Contribution API	START	1675057225510
USER	Contribution API	START	1675057225610
USER	Contribution API	START	1675057225710
USER	Contribution API	START	1675057225811
USER	Contribution API	START	1675057225911
REQUEST		/Contribution/getknolderContribution-Fetch all the other contributions by the user	1675057224610	1675057225949	OK	 
REQUEST		/Contribution/getknolderContribution-Fetch all the other contributions by the user	1675057225011	1675057225962	OK	 
REQUEST		/Contribution/getknolderContribution-Fetch all the other contributions by the user	1675057224911	1675057225968	OK	 
REQUEST		/Contribution/getknolderContribution-Fetch all the other contributions by the user	1675057224810	1675057225968	OK	 
REQUEST		/Contribution/getknolderContribution-Fetch all the other contributions by the user	1675057224710	1675057225985	OK	 
USER	Contribution API	START	1675057226011
USER	Contribution API	START	1675057226111
USER	Contribution API	START	1675057226210
USER	Contribution API	START	1675057226310
USER	Contribution API	START	1675057226410
USER	Contribution API	START	1675057226510
REQUEST		/Contribution/getknolderContribution-Fetch all the other contributions by the user	1675057225311	1675057226586	OK	 
USER	Contribution API	START	1675057226610
USER	Contribution API	START	1675057226710
USER	Contribution API	START	1675057226810
USER	Contribution API	START	1675057226910
REQUEST		/Contribution/getknolderContribution-Fetch all the other contributions by the user	1675057225210	1675057226951	OK	 
REQUEST		/Contribution/getknolderContribution-Fetch all the other contributions by the user	1675057225411	1675057226964	OK	 
REQUEST		/Contribution/getknolderContribution-Fetch all the other contributions by the user	1675057225111	1675057226964	OK	 
USER	Contribution API	START	1675057227010
REQUEST		/Contribution/getknolderContribution-Fetch all the other contributions by the user	1675057225711	1675057227075	OK	 
REQUEST		/Contribution/getknolderContribution-Fetch all the other contributions by the user	1675057225611	1675057227102	OK	 
USER	Contribution API	START	1675057227110
REQUEST		/Contribution/getknolderContribution-Fetch all the other contributions by the user	1675057226111	1675057227199	OK	 
USER	Contribution API	START	1675057227209
USER	Contribution API	START	1675057227310
USER	Contribution API	START	1675057227410
USER	Contribution API	START	1675057227510
USER	Contribution API	START	1675057227610
USER	Contribution API	START	1675057227710
USER	Contribution API	START	1675057227810
USER	Contribution API	START	1675057227910
REQUEST		/Contribution/getknolderContribution-Fetch all the other contributions by the user	1675057226510	1675057227988	OK	 
USER	Contribution API	START	1675057228010
REQUEST		/Contribution/getknolderContribution-Fetch all the other contributions by the user	1675057226410	1675057228013	OK	 
USER	Contribution API	START	1675057228110
USER	Contribution API	START	1675057228209
USER	Contribution API	START	1675057228309
USER	Contribution API	START	1675057228409
USER	Contribution API	START	1675057228510
USER	Contribution API	START	1675057228610
USER	Contribution API	START	1675057228710
USER	Contribution API	START	1675057228810
USER	Contribution API	START	1675057228910
USER	Contribution API	START	1675057229010
USER	Contribution API	START	1675057229110
USER	Contribution API	START	1675057229210
USER	Contribution API	START	1675057229310
REQUEST		/Contribution/getknolderContribution-Fetch all the other contributions by the user	1675057226710	1675057229317	OK	 
REQUEST		/Contribution/getknolderContribution-Fetch all the other contributions by the user	1675057225811	1675057229338	OK	 
REQUEST		/Contribution/getknolderContribution-Fetch all the other contributions by the user	1675057225511	1675057229338	OK	 
REQUEST		/Contribution/getknolderContribution-Fetch all the other contributions by the user	1675057225911	1675057229344	OK	 
REQUEST		/Contribution/getknolderContribution-Fetch all the other contributions by the user	1675057226310	1675057229362	OK	 
REQUEST		/Contribution/getknolderContribution-Fetch all the other contributions by the user	1675057226611	1675057229362	OK	 
REQUEST		/Contribution/getknolderContribution-Fetch all the other contributions by the user	1675057226210	1675057229362	OK	 
REQUEST		/Contribution/getknolderContribution-Fetch all the other contributions by the user	1675057226011	1675057229368	OK	 
USER	Contribution API	START	1675057229410
USER	Contribution API	START	1675057229510
REQUEST		/Contribution/getknolderContribution-Fetch all the other contributions by the user	1675057226911	1675057229524	OK	 
REQUEST		/Contribution/getknolderContribution-Fetch all the other contributions by the user	1675057227011	1675057229602	OK	 
USER	Contribution API	START	1675057229610
REQUEST		/Contribution/getknolderContribution-Fetch all the other contributions by the user	1675057228410	1675057229644	OK	 
REQUEST		/Contribution/getknolderContribution-Fetch all the other contributions by the user	1675057226811	1675057229645	OK	 
USER	Contribution API	START	1675057229710
USER	Contribution API	START	1675057229810
REQUEST		/Contribution/getknolderContribution-Fetch all the other contributions by the user	1675057227111	1675057229835	OK	 
USER	Contribution API	START	1675057229910
USER	Contribution API	START	1675057230010
REQUEST		/Contribution/getknolderContribution-Fetch all the other contributions by the user	1675057228610	1675057230075	OK	 
REQUEST		/Contribution/getknolderContribution-Fetch all the other contributions by the user	1675057227210	1675057230079	OK	 
USER	Contribution API	START	1675057230110
USER	Contribution API	START	1675057230209
REQUEST		/Contribution/getknolderContribution-Fetch all the other contributions by the user	1675057227410	1675057230263	OK	 
USER	Contribution API	START	1675057230309
REQUEST		/Contribution/getknolderContribution-Fetch all the other contributions by the user	1675057227810	1675057230319	OK	 
REQUEST		/Contribution/getknolderContribution-Fetch all the other contributions by the user	1675057228810	1675057230337	OK	 
USER	Contribution API	START	1675057230409
USER	Contribution API	START	1675057230509
REQUEST		/Contribution/getknolderContribution-Fetch all the other contributions by the user	1675057229110	1675057230513	OK	 
REQUEST		/Contribution/getknolderContribution-Fetch all the other contributions by the user	1675057228910	1675057230513	OK	 
USER	Contribution API	START	1675057230609
USER	Contribution API	START	1675057230709
USER	Contribution API	START	1675057230810
USER	Contribution API	START	1675057230910
USER	Contribution API	START	1675057231010
REQUEST		/Contribution/getknolderContribution-Fetch all the other contributions by the user	1675057229210	1675057231338	OK	 
REQUEST		/Contribution/getknolderContribution-Fetch all the other contributions by the user	1675057228710	1675057231620	OK	 
REQUEST		/Contribution/getknolderContribution-Fetch all the other contributions by the user	1675057228510	1675057232066	OK	 
REQUEST		/Contribution/getknolderContribution-Fetch all the other contributions by the user	1675057229910	1675057232066	OK	 
REQUEST		/Contribution/getknolderContribution-Fetch all the other contributions by the user	1675057227310	1675057232116	OK	 
REQUEST		/Contribution/getknolderContribution-Fetch all the other contributions by the user	1675057227710	1675057232127	OK	 
REQUEST		/Contribution/getknolderContribution-Fetch all the other contributions by the user	1675057229010	1675057232131	OK	 
REQUEST		/Contribution/getknolderContribution-Fetch all the other contributions by the user	1675057227610	1675057232146	OK	 
REQUEST		/Contribution/getknolderContribution-Fetch all the other contributions by the user	1675057228210	1675057232150	OK	 
REQUEST		/Contribution/getknolderContribution-Fetch all the other contributions by the user	1675057227910	1675057232150	OK	 
REQUEST		/Contribution/getknolderContribution-Fetch all the other contributions by the user	1675057229711	1675057232150	OK	 
REQUEST		/Contribution/getknolderContribution-Fetch all the other contributions by the user	1675057227510	1675057232152	OK	 
REQUEST		/Contribution/getknolderContribution-Fetch all the other contributions by the user	1675057228011	1675057232155	OK	 
REQUEST		/Contribution/getknolderContribution-Fetch all the other contributions by the user	1675057229310	1675057232155	OK	 
REQUEST		/Contribution/getknolderContribution-Fetch all the other contributions by the user	1675057230210	1675057232163	OK	 
REQUEST		/Contribution/getknolderContribution-Fetch all the other contributions by the user	1675057229410	1675057232211	OK	 
REQUEST		/contribution/getApprovedContributionsForAll?pageNumber=1&limit=10000-Fetch other contributions are there which are approved	1675057225312	1675057232910	OK	 
REQUEST		/contribution/getApprovedContributionsForAll?pageNumber=1&limit=10000-Fetch other contributions are there which are approved	1675057225206	1675057233048	OK	 
REQUEST		/contribution/getApprovedContributionsForAll?pageNumber=1&limit=10000-Fetch other contributions are there which are approved	1675057225122	1675057233142	OK	 
REQUEST		/contribution/getApprovedContributionsForAll?pageNumber=1&limit=10000-Fetch other contributions are there which are approved	1675057225504	1675057233177	OK	 
REQUEST		/contribution/getApprovedContributionsForAll?pageNumber=1&limit=10000-Fetch other contributions are there which are approved	1675057225811	1675057233275	OK	 
REQUEST		/contribution/getApprovedContributionsForAll?pageNumber=1&limit=10000-Fetch other contributions are there which are approved	1675057225713	1675057233603	OK	 
REQUEST		/contribution/getApprovedContributionsForAll?pageNumber=1&limit=10000-Fetch other contributions are there which are approved	1675057225691	1675057234517	OK	 
REQUEST		/contribution/getApprovedContributionsForAll?pageNumber=1&limit=10000-Fetch other contributions are there which are approved	1675057225450	1675057236868	OK	 
REQUEST		/Contribution/getknolderContribution-Fetch all the other contributions by the user	1675057230910	1675057237830	OK	 
REQUEST		/contribution/getApprovedContributionsForAll?pageNumber=1&limit=10000-Fetch other contributions are there which are approved	1675057225923	1675057238049	OK	 
REQUEST		/Contribution/getknolderContribution-Fetch all the other contributions by the user	1675057230010	1675057238700	OK	 
REQUEST		/contribution/getApprovedContributionsForAll?pageNumber=1&limit=10000-Fetch other contributions are there which are approved	1675057227117	1675057238739	OK	 
REQUEST		/contribution/getApprovedContributionsForAll?pageNumber=1&limit=10000-Fetch other contributions are there which are approved	1675057225067	1675057238767	OK	 
REQUEST		/contribution/getApprovedContributionsForAll?pageNumber=1&limit=10000-Fetch other contributions are there which are approved	1675057227010	1675057238956	OK	 
REQUEST		/Contribution/getknolderContribution-Fetch all the other contributions by the user	1675057231011	1675057239392	OK	 
REQUEST		/Contribution/getknolderContribution-Fetch all the other contributions by the user	1675057228310	1675057239569	OK	 
REQUEST		/Contribution/getknolderContribution-Fetch all the other contributions by the user	1675057230810	1675057239649	OK	 
REQUEST		/Contribution/getknolderContribution-Fetch all the other contributions by the user	1675057230610	1675057239658	OK	 
REQUEST		/Contribution/getknolderContribution-Fetch all the other contributions by the user	1675057230510	1675057239708	OK	 
REQUEST		/contribution/getApprovedContributionsForAll?pageNumber=1&limit=10000-Fetch other contributions are there which are approved	1675057226133	1675057240269	OK	 
REQUEST		/Contribution/getknolderContribution-Fetch all the other contributions by the user	1675057228111	1675057240284	OK	 
REQUEST		/Contribution/getknolderContribution-Fetch all the other contributions by the user	1675057229510	1675057240727	OK	 
REQUEST		/Contribution/getknolderContribution-Fetch all the other contributions by the user	1675057229610	1675057240901	OK	 
REQUEST		/Contribution/getknolderContribution-Fetch all the other contributions by the user	1675057230410	1675057240925	OK	 
REQUEST		/Contribution/getknolderContribution-Fetch all the other contributions by the user	1675057230110	1675057241085	OK	 
REQUEST		/Contribution/getknolderContribution-Fetch all the other contributions by the user	1675057230310	1675057241168	OK	 
REQUEST		/contribution/getApprovedContributionsForAll?pageNumber=1&limit=10000-Fetch other contributions are there which are approved	1675057226704	1675057241478	OK	 
REQUEST		/Contribution/getknolderContribution-Fetch all the other contributions by the user	1675057229810	1675057241576	OK	 
REQUEST		/contribution/getApprovedContributionsForAll?pageNumber=1&limit=10000-Fetch other contributions are there which are approved	1675057230076	1675057242190	OK	 
REQUEST		/contribution/getApprovedContributionsForAll?pageNumber=1&limit=10000-Fetch other contributions are there which are approved	1675057227533	1675057242271	OK	 
REQUEST		/contribution/allContribution?pageNumber=1&limit=10000-Fetch all the other contributions which are available there for approval	1675057236604	1675057243572	OK	 
REQUEST		/contribution/allContribution?pageNumber=1&limit=10000-Fetch all the other contributions which are available there for approval	1675057236049	1675057243937	OK	 
REQUEST		/contribution/allContribution?pageNumber=1&limit=10000-Fetch all the other contributions which are available there for approval	1675057236276	1675057244060	OK	 
REQUEST		/contribution/getApprovedContributionsForAll?pageNumber=1&limit=10000-Fetch other contributions are there which are approved	1675057228409	1675057244255	OK	 
REQUEST		/contribution/allContribution?pageNumber=1&limit=10000-Fetch all the other contributions which are available there for approval	1675057241957	1675057244329	OK	 
REQUEST		/Contribution/getknolderContribution-Fetch all the other contributions by the user	1675057230710	1675057244572	OK	 
REQUEST		/contribution/getApprovedContributionsForAll?pageNumber=1&limit=10000-Fetch other contributions are there which are approved	1675057228122	1675057244932	OK	 
REQUEST		/contribution/getApprovedContributionsForAll?pageNumber=1&limit=10000-Fetch other contributions are there which are approved	1675057226602	1675057245316	OK	 
REQUEST		/contribution/getApprovedContributionsForAll?pageNumber=1&limit=10000-Fetch other contributions are there which are approved	1675057226308	1675057245610	OK	 
REQUEST		/contribution/getApprovedContributionsForAll?pageNumber=1&limit=10000-Fetch other contributions are there which are approved	1675057228300	1675057246315	OK	 
REQUEST		/contribution/getApprovedContributionsForAll?pageNumber=1&limit=10000-Fetch other contributions are there which are approved	1675057230200	1675057246417	OK	 
USER	Contribution API	END	1675057246577
REQUEST		/contribution/getApprovedContributionsForAll?pageNumber=1&limit=10000-Fetch other contributions are there which are approved	1675057232339	1675057246931	OK	 
USER	Contribution API	END	1675057246938
REQUEST		/contribution/getApprovedContributionsForAll?pageNumber=1&limit=10000-Fetch other contributions are there which are approved	1675057233514	1675057247042	OK	 
USER	Contribution API	END	1675057247061
REQUEST		/contribution/getApprovedContributionsForAll?pageNumber=1&limit=10000-Fetch other contributions are there which are approved	1675057226210	1675057247134	OK	 
USER	Contribution API	END	1675057247330
REQUEST		/contribution/getApprovedContributionsForAll?pageNumber=1&limit=10000-Fetch other contributions are there which are approved	1675057227914	1675057247358	OK	 
REQUEST		/contribution/getApprovedContributionsForAll?pageNumber=1&limit=10000-Fetch other contributions are there which are approved	1675057228963	1675057247361	OK	 
REQUEST		/contribution/allContribution?pageNumber=1&limit=10000-Fetch all the other contributions which are available there for approval	1675057241050	1675057247564	OK	 
REQUEST		/contribution/getApprovedContributionsForAll?pageNumber=1&limit=10000-Fetch other contributions are there which are approved	1675057228028	1675057247893	OK	 
REQUEST		/contribution/allContribution?pageNumber=1&limit=10000-Fetch all the other contributions which are available there for approval	1675057235911	1675057248065	OK	 
REQUEST		/contribution/allContribution?pageNumber=1&limit=10000-Fetch all the other contributions which are available there for approval	1675057239869	1675057248144	OK	 
REQUEST		/contribution/getApprovedContributionsForAll?pageNumber=1&limit=10000-Fetch other contributions are there which are approved	1675057226797	1675057248148	OK	 
REQUEST		/contribution/allContribution?pageNumber=1&limit=10000-Fetch all the other contributions which are available there for approval	1675057245271	1675057248222	OK	 
REQUEST		/contribution/getApprovedContributionsForAll?pageNumber=1&limit=10000-Fetch other contributions are there which are approved	1675057233338	1675057248403	OK	 
REQUEST		/contribution/getApprovedContributionsForAll?pageNumber=1&limit=10000-Fetch other contributions are there which are approved	1675057235213	1675057248925	OK	 
REQUEST		/contribution/allContribution?pageNumber=1&limit=10000-Fetch all the other contributions which are available there for approval	1675057241767	1675057248987	OK	 
REQUEST		/contribution/allContribution?pageNumber=1&limit=10000-Fetch all the other contributions which are available there for approval	1675057237518	1675057249253	OK	 
REQUEST		/contribution/allContribution?pageNumber=1&limit=10000-Fetch all the other contributions which are available there for approval	1675057236178	1675057249262	OK	 
REQUEST		/contribution/getApprovedContributionsForAll?pageNumber=1&limit=10000-Fetch other contributions are there which are approved	1675057227595	1675057249899	OK	 
REQUEST		/contribution/getApprovedContributionsForAll?pageNumber=1&limit=10000-Fetch other contributions are there which are approved	1675057240831	1675057249935	OK	 
USER	Contribution API	END	1675057250566
REQUEST		/contribution/allContribution?pageNumber=1&limit=10000-Fetch all the other contributions which are available there for approval	1675057244478	1675057250566	OK	 
REQUEST		/contribution/allContribution?pageNumber=1&limit=10000-Fetch all the other contributions which are available there for approval	1675057243270	1675057250732	OK	 
REQUEST		/contribution/getApprovedContributionsForAll?pageNumber=1&limit=10000-Fetch other contributions are there which are approved	1675057232339	1675057251049	OK	 
USER	Contribution API	END	1675057251066
REQUEST		/contribution/getApprovedContributionsForAll?pageNumber=1&limit=10000-Fetch other contributions are there which are approved	1675057227306	1675057251068	OK	 
REQUEST		/contribution/getApprovedContributionsForAll?pageNumber=1&limit=10000-Fetch other contributions are there which are approved	1675057235151	1675057251097	OK	 
REQUEST		/contribution/getApprovedContributionsForAll?pageNumber=1&limit=10000-Fetch other contributions are there which are approved	1675057226004	1675057251125	OK	 
REQUEST		/contribution/allContribution?pageNumber=1&limit=10000-Fetch all the other contributions which are available there for approval	1675057245191	1675057251144	OK	 
USER	Contribution API	END	1675057251145
USER	Contribution API	END	1675057251223
REQUEST		/contribution/getApprovedContributionsForAll?pageNumber=1&limit=10000-Fetch other contributions are there which are approved	1675057235147	1675057251427	OK	 
USER	Contribution API	END	1675057251988
USER	Contribution API	END	1675057252255
USER	Contribution API	END	1675057252263
REQUEST		/contribution/allContribution?pageNumber=1&limit=10000-Fetch all the other contributions which are available there for approval	1675057247933	1675057252574	OK	 
REQUEST		/contribution/allContribution?pageNumber=1&limit=10000-Fetch all the other contributions which are available there for approval	1675057236143	1675057252766	OK	 
REQUEST		/contribution/allContribution?pageNumber=1&limit=10000-Fetch all the other contributions which are available there for approval	1675057250043	1675057253200	OK	 
USER	Contribution API	END	1675057253567
REQUEST		/contribution/allContribution?pageNumber=1&limit=10000-Fetch all the other contributions which are available there for approval	1675057250362	1675057253625	OK	 
USER	Contribution API	END	1675057253733
USER	Contribution API	END	1675057254145
REQUEST		/contribution/allContribution?pageNumber=1&limit=10000-Fetch all the other contributions which are available there for approval	1675057249316	1675057254377	OK	 
REQUEST		/contribution/allContribution?pageNumber=1&limit=10000-Fetch all the other contributions which are available there for approval	1675057250359	1675057254582	OK	 
REQUEST		/contribution/allContribution?pageNumber=1&limit=10000-Fetch all the other contributions which are available there for approval	1675057247256	1675057254718	OK	 
REQUEST		/contribution/allContribution?pageNumber=1&limit=10000-Fetch all the other contributions which are available there for approval	1675057249932	1675057255564	OK	 
USER	Contribution API	END	1675057255575
REQUEST		/contribution/getApprovedContributionsForAll?pageNumber=1&limit=10000-Fetch other contributions are there which are approved	1675057232369	1675057255653	OK	 
REQUEST		/contribution/allContribution?pageNumber=1&limit=10000-Fetch all the other contributions which are available there for approval	1675057248611	1675057255746	OK	 
USER	Contribution API	END	1675057255767
REQUEST		/contribution/getApprovedContributionsForAll?pageNumber=1&limit=10000-Fetch other contributions are there which are approved	1675057229587	1675057255916	OK	 
REQUEST		/contribution/allContribution?pageNumber=1&limit=10000-Fetch all the other contributions which are available there for approval	1675057249418	1675057255947	OK	 
REQUEST		/contribution/allContribution?pageNumber=1&limit=10000-Fetch all the other contributions which are available there for approval	1675057254099	1675057256118	OK	 
REQUEST		/contribution/allContribution?pageNumber=1&limit=10000-Fetch all the other contributions which are available there for approval	1675057252936	1675057256155	OK	 
USER	Contribution API	END	1675057256201
REQUEST		/contribution/getApprovedContributionsForAll?pageNumber=1&limit=10000-Fetch other contributions are there which are approved	1675057227721	1675057256304	OK	 
REQUEST		/contribution/getApprovedContributionsForAll?pageNumber=1&limit=10000-Fetch other contributions are there which are approved	1675057230103	1675057256448	OK	 
REQUEST		/contribution/allContribution?pageNumber=1&limit=10000-Fetch all the other contributions which are available there for approval	1675057251404	1675057256501	OK	 
USER	Contribution API	END	1675057256626
REQUEST		/contribution/getApprovedContributionsForAll?pageNumber=1&limit=10000-Fetch other contributions are there which are approved	1675057228969	1675057256724	OK	 
REQUEST		/contribution/allContribution?pageNumber=1&limit=10000-Fetch all the other contributions which are available there for approval	1675057254050	1675057257239	OK	 
REQUEST		/contribution/allContribution?pageNumber=1&limit=10000-Fetch all the other contributions which are available there for approval	1675057250135	1675057257282	OK	 
USER	Contribution API	END	1675057257378
USER	Contribution API	END	1675057257583
REQUEST		/contribution/allContribution?pageNumber=1&limit=10000-Fetch all the other contributions which are available there for approval	1675057241740	1675057257692	OK	 
USER	Contribution API	END	1675057257719
REQUEST		/contribution/allContribution?pageNumber=1&limit=10000-Fetch all the other contributions which are available there for approval	1675057250894	1675057258166	OK	 
USER	Contribution API	END	1675057258565
USER	Contribution API	END	1675057258748
REQUEST		/contribution/allContribution?pageNumber=1&limit=10000-Fetch all the other contributions which are available there for approval	1675057248317	1675057258749	OK	 
USER	Contribution API	END	1675057258948
USER	Contribution API	END	1675057259118
USER	Contribution API	END	1675057259156
REQUEST		/contribution/getApprovedContributionsForAll?pageNumber=1&limit=10000-Fetch other contributions are there which are approved	1675057227426	1675057259331	OK	 
REQUEST		/contribution/allContribution?pageNumber=1&limit=10000-Fetch all the other contributions which are available there for approval	1675057251926	1675057259433	OK	 
USER	Contribution API	END	1675057259502
REQUEST		/contribution/getApprovedContributionsForAll?pageNumber=1&limit=10000-Fetch other contributions are there which are approved	1675057229952	1675057259564	OK	 
REQUEST		/contribution/allContribution?pageNumber=1&limit=10000-Fetch all the other contributions which are available there for approval	1675057254069	1675057259642	OK	 
REQUEST		/contribution/getApprovedContributionsForAll?pageNumber=1&limit=10000-Fetch other contributions are there which are approved	1675057243926	1675057259802	OK	 
REQUEST		/contribution/getApprovedContributionsForAll?pageNumber=1&limit=10000-Fetch other contributions are there which are approved	1675057229965	1675057259992	OK	 
REQUEST		/contribution/allContribution?pageNumber=1&limit=10000-Fetch all the other contributions which are available there for approval	1675057254428	1675057260051	OK	 
REQUEST		/contribution/getApprovedContributionsForAll?pageNumber=1&limit=10000-Fetch other contributions are there which are approved	1675057243285	1675057260181	OK	 
USER	Contribution API	END	1675057260240
USER	Contribution API	END	1675057260283
REQUEST		/contribution/allContribution?pageNumber=1&limit=10000-Fetch all the other contributions which are available there for approval	1675057258653	1675057260364	OK	 
REQUEST		/contribution/getApprovedContributionsForAll?pageNumber=1&limit=10000-Fetch other contributions are there which are approved	1675057232603	1675057260399	OK	 
REQUEST		/contribution/getApprovedContributionsForAll?pageNumber=1&limit=10000-Fetch other contributions are there which are approved	1675057229965	1675057260662	OK	 
REQUEST		/contribution/getApprovedContributionsForAll?pageNumber=1&limit=10000-Fetch other contributions are there which are approved	1675057235155	1675057260691	OK	 
USER	Contribution API	END	1675057260693
REQUEST		/contribution/getApprovedContributionsForAll?pageNumber=1&limit=10000-Fetch other contributions are there which are approved	1675057228228	1675057260898	OK	 
REQUEST		/contribution/allContribution?pageNumber=1&limit=10000-Fetch all the other contributions which are available there for approval	1675057252900	1675057261137	OK	 
USER	Contribution API	END	1675057261167
REQUEST		/contribution/getApprovedContributionsForAll?pageNumber=1&limit=10000-Fetch other contributions are there which are approved	1675057232525	1675057261403	OK	 
USER	Contribution API	END	1675057261750
REQUEST		/contribution/getApprovedContributionsForAll?pageNumber=1&limit=10000-Fetch other contributions are there which are approved	1675057227234	1675057261972	OK	 
REQUEST		/contribution/allContribution?pageNumber=1&limit=10000-Fetch all the other contributions which are available there for approval	1675057254125	1675057262072	OK	 
REQUEST		/contribution/allContribution?pageNumber=1&limit=10000-Fetch all the other contributions which are available there for approval	1675057259449	1675057262160	OK	 
USER	Contribution API	END	1675057262434
REQUEST		/contribution/allContribution?pageNumber=1&limit=10000-Fetch all the other contributions which are available there for approval	1675057259725	1675057262567	OK	 
USER	Contribution API	END	1675057262643
REQUEST		/contribution/getApprovedContributionsForAll?pageNumber=1&limit=10000-Fetch other contributions are there which are approved	1675057232317	1675057262856	OK	 
REQUEST		/contribution/allContribution?pageNumber=1&limit=10000-Fetch all the other contributions which are available there for approval	1675057251149	1675057262909	OK	 
USER	Contribution API	END	1675057263052
REQUEST		/contribution/getApprovedContributionsForAll?pageNumber=1&limit=10000-Fetch other contributions are there which are approved	1675057226524	1675057263086	OK	 
USER	Contribution API	END	1675057263365
REQUEST		/contribution/getApprovedContributionsForAll?pageNumber=1&limit=10000-Fetch other contributions are there which are approved	1675057226924	1675057263493	OK	 
REQUEST		/contribution/allContribution?pageNumber=1&limit=10000-Fetch all the other contributions which are available there for approval	1675057258916	1675057263542	OK	 
REQUEST		/contribution/getApprovedContributionsForAll?pageNumber=1&limit=10000-Fetch other contributions are there which are approved	1675057242393	1675057263553	OK	 
REQUEST		/contribution/getApprovedContributionsForAll?pageNumber=1&limit=10000-Fetch other contributions are there which are approved	1675057232646	1675057263889	OK	 
REQUEST		/contribution/allContribution?pageNumber=1&limit=10000-Fetch all the other contributions which are available there for approval	1675057259305	1675057264019	OK	 
USER	Contribution API	END	1675057264138
REQUEST		/contribution/getApprovedContributionsForAll?pageNumber=1&limit=10000-Fetch other contributions are there which are approved	1675057235117	1675057264368	OK	 
REQUEST		/contribution/getApprovedContributionsForAll?pageNumber=1&limit=10000-Fetch other contributions are there which are approved	1675057235163	1675057265051	OK	 
REQUEST		/contribution/getApprovedContributionsForAll?pageNumber=1&limit=10000-Fetch other contributions are there which are approved	1675057227830	1675057265056	OK	 
USER	Contribution API	END	1675057265073
REQUEST		/contribution/getApprovedContributionsForAll?pageNumber=1&limit=10000-Fetch other contributions are there which are approved	1675057243728	1675057265152	OK	 
USER	Contribution API	END	1675057265161
REQUEST		/contribution/allContribution?pageNumber=1&limit=10000-Fetch all the other contributions which are available there for approval	1675057262565	1675057265177	OK	 
REQUEST		/contribution/getApprovedContributionsForAll?pageNumber=1&limit=10000-Fetch other contributions are there which are approved	1675057232645	1675057265240	OK	 
USER	Contribution API	END	1675057265568
REQUEST		/contribution/allContribution?pageNumber=1&limit=10000-Fetch all the other contributions which are available there for approval	1675057263400	1675057265593	OK	 
REQUEST		/contribution/getApprovedContributionsForAll?pageNumber=1&limit=10000-Fetch other contributions are there which are approved	1675057228986	1675057265644	OK	 
USER	Contribution API	END	1675057265910
USER	Contribution API	END	1675057266543
REQUEST		/contribution/allContribution?pageNumber=1&limit=10000-Fetch all the other contributions which are available there for approval	1675057264404	1675057266570	OK	 
REQUEST		/contribution/getApprovedContributionsForAll?pageNumber=1&limit=10000-Fetch other contributions are there which are approved	1675057233079	1675057266611	OK	 
REQUEST		/contribution/getApprovedContributionsForAll?pageNumber=1&limit=10000-Fetch other contributions are there which are approved	1675057235067	1675057266650	OK	 
USER	Contribution API	END	1675057267020
REQUEST		/contribution/allContribution?pageNumber=1&limit=10000-Fetch all the other contributions which are available there for approval	1675057263663	1675057267507	OK	 
REQUEST		/contribution/allContribution?pageNumber=1&limit=10000-Fetch all the other contributions which are available there for approval	1675057262802	1675057267513	OK	 
REQUEST		/contribution/allContribution?pageNumber=1&limit=10000-Fetch all the other contributions which are available there for approval	1675057263181	1675057267562	OK	 
REQUEST		/contribution/allContribution?pageNumber=1&limit=10000-Fetch all the other contributions which are available there for approval	1675057264973	1675057267648	OK	 
REQUEST		/contribution/allContribution?pageNumber=1&limit=10000-Fetch all the other contributions which are available there for approval	1675057263898	1675057267685	OK	 
REQUEST		/contribution/allContribution?pageNumber=1&limit=10000-Fetch all the other contributions which are available there for approval	1675057263692	1675057267685	OK	 
REQUEST		/contribution/getApprovedContributionsForAll?pageNumber=1&limit=10000-Fetch other contributions are there which are approved	1675057231014	1675057268038	OK	 
REQUEST		/contribution/allContribution?pageNumber=1&limit=10000-Fetch all the other contributions which are available there for approval	1675057265857	1675057268054	OK	 
REQUEST		/contribution/getApprovedContributionsForAll?pageNumber=1&limit=10000-Fetch other contributions are there which are approved	1675057244086	1675057268175	OK	 
USER	Contribution API	END	1675057268178
REQUEST		/contribution/allContribution?pageNumber=1&limit=10000-Fetch all the other contributions which are available there for approval	1675057262332	1675057268200	OK	 
REQUEST		/contribution/getApprovedContributionsForAll?pageNumber=1&limit=10000-Fetch other contributions are there which are approved	1675057241701	1675057268341	OK	 
REQUEST		/contribution/allContribution?pageNumber=1&limit=10000-Fetch all the other contributions which are available there for approval	1675057266554	1675057268446	OK	 
REQUEST		/contribution/allContribution?pageNumber=1&limit=10000-Fetch all the other contributions which are available there for approval	1675057262993	1675057268470	OK	 
USER	Contribution API	END	1675057268594
REQUEST		/contribution/allContribution?pageNumber=1&limit=10000-Fetch all the other contributions which are available there for approval	1675057266890	1675057269080	OK	 
REQUEST		/contribution/allContribution?pageNumber=1&limit=10000-Fetch all the other contributions which are available there for approval	1675057266087	1675057269273	OK	 
REQUEST		/contribution/allContribution?pageNumber=1&limit=10000-Fetch all the other contributions which are available there for approval	1675057267369	1675057269538	OK	 
USER	Contribution API	END	1675057269571
REQUEST		/contribution/allContribution?pageNumber=1&limit=10000-Fetch all the other contributions which are available there for approval	1675057266494	1675057269687	OK	 
REQUEST		/contribution/allContribution?pageNumber=1&limit=10000-Fetch all the other contributions which are available there for approval	1675057268152	1675057269808	OK	 
REQUEST		/contribution/allContribution?pageNumber=1&limit=10000-Fetch all the other contributions which are available there for approval	1675057268057	1675057270009	OK	 
REQUEST		/contribution/allContribution?pageNumber=1&limit=10000-Fetch all the other contributions which are available there for approval	1675057268644	1675057270230	OK	 
USER	Contribution API	END	1675057270507
USER	Contribution API	END	1675057270514
USER	Contribution API	END	1675057270563
REQUEST		/contribution/allContribution?pageNumber=1&limit=10000-Fetch all the other contributions which are available there for approval	1675057268052	1675057270626	OK	 
USER	Contribution API	END	1675057270649
USER	Contribution API	END	1675057270686
USER	Contribution API	END	1675057270686
USER	Contribution API	END	1675057271055
REQUEST		/contribution/getApprovedContributionsForAll?pageNumber=1&limit=10000-Fetch other contributions are there which are approved	1675057232363	1675057271096	OK	 
USER	Contribution API	END	1675057271201
USER	Contribution API	END	1675057271447
USER	Contribution API	END	1675057271471
REQUEST		/contribution/allContribution?pageNumber=1&limit=10000-Fetch all the other contributions which are available there for approval	1675057269611	1675057271539	OK	 
REQUEST		/contribution/getApprovedContributionsForAll?pageNumber=1&limit=10000-Fetch other contributions are there which are approved	1675057242709	1675057271559	OK	 
REQUEST		/contribution/allContribution?pageNumber=1&limit=10000-Fetch all the other contributions which are available there for approval	1675057269650	1675057271611	OK	 
REQUEST		/contribution/getApprovedContributionsForAll?pageNumber=1&limit=10000-Fetch other contributions are there which are approved	1675057230989	1675057271680	OK	 
REQUEST		/contribution/getApprovedContributionsForAll?pageNumber=1&limit=10000-Fetch other contributions are there which are approved	1675057235067	1675057271965	OK	 
USER	Contribution API	END	1675057272081
REQUEST		/contribution/getApprovedContributionsForAll?pageNumber=1&limit=10000-Fetch other contributions are there which are approved	1675057235153	1675057272237	OK	 
USER	Contribution API	END	1675057272274
REQUEST		/contribution/getApprovedContributionsForAll?pageNumber=1&limit=10000-Fetch other contributions are there which are approved	1675057234339	1675057272438	OK	 
USER	Contribution API	END	1675057272538
USER	Contribution API	END	1675057272688
REQUEST		/contribution/getApprovedContributionsForAll?pageNumber=1&limit=10000-Fetch other contributions are there which are approved	1675057228950	1675057272721	OK	 
USER	Contribution API	END	1675057272809
USER	Contribution API	END	1675057273010
USER	Contribution API	END	1675057273231
REQUEST		/contribution/getApprovedContributionsForAll?pageNumber=1&limit=10000-Fetch other contributions are there which are approved	1675057233320	1675057273446	OK	 
REQUEST		/contribution/getApprovedContributionsForAll?pageNumber=1&limit=10000-Fetch other contributions are there which are approved	1675057235155	1675057273456	OK	 
USER	Contribution API	END	1675057273627
REQUEST		/contribution/allContribution?pageNumber=1&limit=10000-Fetch all the other contributions which are available there for approval	1675057271176	1675057273747	OK	 
REQUEST		/contribution/getApprovedContributionsForAll?pageNumber=1&limit=10000-Fetch other contributions are there which are approved	1675057228969	1675057273813	OK	 
USER	Contribution API	END	1675057274540
REQUEST		/contribution/getApprovedContributionsForAll?pageNumber=1&limit=10000-Fetch other contributions are there which are approved	1675057242650	1675057274550	OK	 
USER	Contribution API	END	1675057274612
REQUEST		/contribution/allContribution?pageNumber=1&limit=10000-Fetch all the other contributions which are available there for approval	1675057268241	1675057274652	OK	 
REQUEST		/contribution/allContribution?pageNumber=1&limit=10000-Fetch all the other contributions which are available there for approval	1675057271038	1675057275371	OK	 
REQUEST		/contribution/getApprovedContributionsForAll?pageNumber=1&limit=10000-Fetch other contributions are there which are approved	1675057243902	1675057275876	OK	 
REQUEST		/contribution/allContribution?pageNumber=1&limit=10000-Fetch all the other contributions which are available there for approval	1675057274096	1675057275928	OK	 
REQUEST		/contribution/allContribution?pageNumber=1&limit=10000-Fetch all the other contributions which are available there for approval	1675057271342	1675057276161	OK	 
REQUEST		/contribution/getApprovedContributionsForAll?pageNumber=1&limit=10000-Fetch other contributions are there which are approved	1675057233264	1675057276182	OK	 
REQUEST		/contribution/getApprovedContributionsForAll?pageNumber=1&limit=10000-Fetch other contributions are there which are approved	1675057232345	1675057276387	OK	 
REQUEST		/contribution/allContribution?pageNumber=1&limit=10000-Fetch all the other contributions which are available there for approval	1675057274560	1675057276443	OK	 
REQUEST		/contribution/getApprovedContributionsForAll?pageNumber=1&limit=10000-Fetch other contributions are there which are approved	1675057226424	1675057276632	OK	 
USER	Contribution API	END	1675057276748
REQUEST		/contribution/allContribution?pageNumber=1&limit=10000-Fetch all the other contributions which are available there for approval	1675057274681	1675057276921	OK	 
REQUEST		/contribution/getApprovedContributionsForAll?pageNumber=1&limit=10000-Fetch other contributions are there which are approved	1675057232363	1675057277366	OK	 
REQUEST		/contribution/allContribution?pageNumber=1&limit=10000-Fetch all the other contributions which are available there for approval	1675057275439	1675057277541	OK	 
REQUEST		/contribution/allContribution?pageNumber=1&limit=10000-Fetch all the other contributions which are available there for approval	1675057275722	1675057277595	OK	 
USER	Contribution API	END	1675057277653
REQUEST		/contribution/allContribution?pageNumber=1&limit=10000-Fetch all the other contributions which are available there for approval	1675057275237	1675057277958	OK	 
REQUEST		/contribution/allContribution?pageNumber=1&limit=10000-Fetch all the other contributions which are available there for approval	1675057276447	1675057278304	OK	 
USER	Contribution API	END	1675057278371
REQUEST		/contribution/getApprovedContributionsForAll?pageNumber=1&limit=10000-Fetch other contributions are there which are approved	1675057235128	1675057278405	OK	 
REQUEST		/contribution/getApprovedContributionsForAll?pageNumber=1&limit=10000-Fetch other contributions are there which are approved	1675057233075	1675057278616	OK	 
USER	Contribution API	END	1675057278929
USER	Contribution API	END	1675057279162
USER	Contribution API	END	1675057279444
USER	Contribution API	END	1675057279922
REQUEST		/contribution/getApprovedContributionsForAll?pageNumber=1&limit=10000-Fetch other contributions are there which are approved	1675057232837	1675057280269	OK	 
REQUEST		/contribution/getApprovedContributionsForAll?pageNumber=1&limit=10000-Fetch other contributions are there which are approved	1675057244577	1675057280349	OK	 
REQUEST		/contribution/allContribution?pageNumber=1&limit=10000-Fetch all the other contributions which are available there for approval	1675057276813	1675057280460	OK	 
USER	Contribution API	END	1675057280542
USER	Contribution API	END	1675057280596
REQUEST		/contribution/allContribution?pageNumber=1&limit=10000-Fetch all the other contributions which are available there for approval	1675057278877	1675057280697	OK	 
USER	Contribution API	END	1675057280959
REQUEST		/contribution/allContribution?pageNumber=1&limit=10000-Fetch all the other contributions which are available there for approval	1675057274966	1675057281142	OK	 
USER	Contribution API	END	1675057281305
REQUEST		/contribution/allContribution?pageNumber=1&limit=10000-Fetch all the other contributions which are available there for approval	1675057277551	1675057281326	OK	 
REQUEST		/contribution/getApprovedContributionsForAll?pageNumber=1&limit=10000-Fetch other contributions are there which are approved	1675057244169	1675057281409	OK	 
REQUEST		/contribution/allContribution?pageNumber=1&limit=10000-Fetch all the other contributions which are available there for approval	1675057279182	1675057281582	OK	 
REQUEST		/contribution/getApprovedContributionsForAll?pageNumber=1&limit=10000-Fetch other contributions are there which are approved	1675057235151	1675057281853	OK	 
REQUEST		/contribution/allContribution?pageNumber=1&limit=10000-Fetch all the other contributions which are available there for approval	1675057279388	1675057282068	OK	 
USER	Contribution API	END	1675057283461
USER	Contribution API	END	1675057283698
REQUEST		/contribution/allContribution?pageNumber=1&limit=10000-Fetch all the other contributions which are available there for approval	1675057281405	1675057283819	OK	 
REQUEST		/contribution/getApprovedContributionsForAll?pageNumber=1&limit=10000-Fetch other contributions are there which are approved	1675057235151	1675057284123	OK	 
USER	Contribution API	END	1675057284143
REQUEST		/contribution/allContribution?pageNumber=1&limit=10000-Fetch all the other contributions which are available there for approval	1675057279633	1675057284283	OK	 
USER	Contribution API	END	1675057284327
REQUEST		/contribution/getApprovedContributionsForAll?pageNumber=1&limit=10000-Fetch other contributions are there which are approved	1675057232363	1675057284507	OK	 
USER	Contribution API	END	1675057284583
REQUEST		/contribution/getApprovedContributionsForAll?pageNumber=1&limit=10000-Fetch other contributions are there which are approved	1675057242659	1675057284682	OK	 
REQUEST		/contribution/allContribution?pageNumber=1&limit=10000-Fetch all the other contributions which are available there for approval	1675057281617	1675057284714	OK	 
REQUEST		/contribution/allContribution?pageNumber=1&limit=10000-Fetch all the other contributions which are available there for approval	1675057276457	1675057284792	OK	 
USER	Contribution API	END	1675057285069
REQUEST		/contribution/getApprovedContributionsForAll?pageNumber=1&limit=10000-Fetch other contributions are there which are approved	1675057233514	1675057285283	OK	 
REQUEST		/contribution/getApprovedContributionsForAll?pageNumber=1&limit=10000-Fetch other contributions are there which are approved	1675057242570	1675057286051	OK	 
REQUEST		/contribution/allContribution?pageNumber=1&limit=10000-Fetch all the other contributions which are available there for approval	1675057284410	1675057286333	OK	 
REQUEST		/contribution/allContribution?pageNumber=1&limit=10000-Fetch all the other contributions which are available there for approval	1675057280367	1675057286663	OK	 
USER	Contribution API	END	1675057286820
REQUEST		/contribution/allContribution?pageNumber=1&limit=10000-Fetch all the other contributions which are available there for approval	1675057283270	1675057287220	OK	 
USER	Contribution API	END	1675057287285
REQUEST		/contribution/allContribution?pageNumber=1&limit=10000-Fetch all the other contributions which are available there for approval	1675057284854	1675057287496	OK	 
USER	Contribution API	END	1675057287715
USER	Contribution API	END	1675057287794
REQUEST		/contribution/getApprovedContributionsForAll?pageNumber=1&limit=10000-Fetch other contributions are there which are approved	1675057234621	1675057288024	OK	 
REQUEST		/contribution/getApprovedContributionsForAll?pageNumber=1&limit=10000-Fetch other contributions are there which are approved	1675057235132	1675057288215	OK	 
REQUEST		/contribution/allContribution?pageNumber=1&limit=10000-Fetch all the other contributions which are available there for approval	1675057287124	1675057288997	OK	 
REQUEST		/contribution/allContribution?pageNumber=1&limit=10000-Fetch all the other contributions which are available there for approval	1675057287508	1675057289324	OK	 
USER	Contribution API	END	1675057289334
REQUEST		/contribution/allContribution?pageNumber=1&limit=10000-Fetch all the other contributions which are available there for approval	1675057287682	1675057289493	OK	 
USER	Contribution API	END	1675057289664
REQUEST		/contribution/allContribution?pageNumber=1&limit=10000-Fetch all the other contributions which are available there for approval	1675057283350	1675057289845	OK	 
USER	Contribution API	END	1675057290221
USER	Contribution API	END	1675057290497
REQUEST		/contribution/allContribution?pageNumber=1&limit=10000-Fetch all the other contributions which are available there for approval	1675057288284	1675057291857	OK	 
USER	Contribution API	END	1675057291998
USER	Contribution API	END	1675057292326
REQUEST		/contribution/allContribution?pageNumber=1&limit=10000-Fetch all the other contributions which are available there for approval	1675057289052	1675057292376	OK	 
USER	Contribution API	END	1675057292493
REQUEST		/contribution/getApprovedContributionsForAll?pageNumber=1&limit=10000-Fetch other contributions are there which are approved	1675057247573	1675057292620	OK	 
USER	Contribution API	END	1675057292846
REQUEST		/contribution/allContribution?pageNumber=1&limit=10000-Fetch all the other contributions which are available there for approval	1675057291024	1675057292899	OK	 
USER	Contribution API	END	1675057294858
REQUEST		/contribution/allContribution?pageNumber=1&limit=10000-Fetch all the other contributions which are available there for approval	1675057291216	1675057295309	OK	 
USER	Contribution API	END	1675057295377
USER	Contribution API	END	1675057295900
REQUEST		/contribution/allContribution?pageNumber=1&limit=10000-Fetch all the other contributions which are available there for approval	1675057295621	1675057297440	OK	 
USER	Contribution API	END	1675057298310
USER	Contribution API	END	1675057300441
