RUN	Simulations.Runner.Create	create	1673449679354	 	3.5.1
USER	Create  Scenario	START	1673449685784
USER	Create  Scenario	START	1673449685828
USER	Create  Scenario	START	1673449685879
USER	Create  Scenario	START	1673449685929
USER	Create  Scenario	START	1673449685979
USER	Create  Scenario	START	1673449686030
USER	Create  Scenario	START	1673449686080
USER	Create  Scenario	START	1673449686130
USER	Create  Scenario	START	1673449686181
USER	Create  Scenario	START	1673449686231
USER	Create  Scenario	START	1673449686281
USER	Create  Scenario	START	1673449686331
USER	Create  Scenario	START	1673449686381
USER	Create  Scenario	START	1673449686431
USER	Create  Scenario	START	1673449686482
USER	Create  Scenario	START	1673449686532
USER	Create  Scenario	START	1673449686582
USER	Create  Scenario	START	1673449686632
USER	Create  Scenario	START	1673449686682
USER	Create  Scenario	START	1673449686732
USER	Create  Scenario	START	1673449686782
USER	Create  Scenario	START	1673449686827
USER	Create  Scenario	START	1673449686877
REQUEST		Proposal	1673449685812	1673449686865	OK	 
REQUEST		Proposal	1673449686031	1673449686881	OK	 
REQUEST		Proposal	1673449685930	1673449686865	OK	 
REQUEST		Proposal	1673449685879	1673449686865	OK	 
REQUEST		Proposal	1673449685828	1673449686865	OK	 
REQUEST		Proposal	1673449685980	1673449686894	OK	 
USER	Create  Scenario	START	1673449686927
REQUEST		Proposal	1673449686081	1673449686953	OK	 
USER	Create  Scenario	START	1673449686978
REQUEST		Proposal	1673449686131	1673449686999	OK	 
USER	Create  Scenario	START	1673449687028
USER	Create  Scenario	START	1673449687078
REQUEST		Proposal	1673449686181	1673449687103	OK	 
USER	Create  Scenario	START	1673449687128
REQUEST		Proposal	1673449686282	1673449687150	OK	 
REQUEST		Proposal	1673449686231	1673449687155	OK	 
USER	Create  Scenario	START	1673449687178
REQUEST		Proposal	1673449686332	1673449687199	OK	 
USER	Create  Scenario	START	1673449687228
REQUEST		Proposal	1673449686382	1673449687242	OK	 
USER	Create  Scenario	START	1673449687278
REQUEST		Proposal	1673449686432	1673449687290	OK	 
USER	Create  Scenario	START	1673449687328
REQUEST		Proposal	1673449686482	1673449687358	OK	 
USER	Create  Scenario	START	1673449687379
REQUEST		Proposal	1673449686532	1673449687405	OK	 
USER	Create  Scenario	START	1673449687429
REQUEST		Proposal	1673449686582	1673449687447	OK	 
REQUEST		Proposal	1673449686633	1673449687476	OK	 
USER	Create  Scenario	START	1673449687479
REQUEST		Proposal	1673449686683	1673449687521	OK	 
USER	Create  Scenario	START	1673449687529
REQUEST		Proposal	1673449686733	1673449687568	OK	 
USER	Create  Scenario	START	1673449687579
REQUEST		Proposal	1673449686783	1673449687617	OK	 
USER	Create  Scenario	START	1673449687629
USER	Create  Scenario	START	1673449687679
REQUEST		Proposal	1673449686828	1673449687684	OK	 
REQUEST		Proposal	1673449686878	1673449687711	OK	 
USER	Create  Scenario	START	1673449687729
REQUEST		Proposal	1673449686928	1673449687779	OK	 
USER	Create  Scenario	START	1673449687779
REQUEST		Proposal	1673449686978	1673449687823	OK	 
USER	Create  Scenario	START	1673449687828
REQUEST		Proposal	1673449687028	1673449687866	OK	 
USER	Create  Scenario	START	1673449687878
REQUEST		Proposal	1673449687078	1673449687920	OK	 
USER	Create  Scenario	START	1673449687928
REQUEST		Proposal	1673449687128	1673449687967	OK	 
USER	Create  Scenario	START	1673449687978
REQUEST		Proposal	1673449687179	1673449688002	OK	 
USER	Create  Scenario	START	1673449688028
REQUEST		Proposal	1673449687229	1673449688060	OK	 
USER	Create  Scenario	START	1673449688078
REQUEST		Proposal	1673449687279	1673449688124	OK	 
USER	Create  Scenario	START	1673449688128
REQUEST		Proposal	1673449687329	1673449688172	OK	 
USER	Create  Scenario	START	1673449688179
REQUEST		Proposal	1673449687379	1673449688207	OK	 
USER	Create  Scenario	START	1673449688229
REQUEST		Proposal	1673449687429	1673449688279	OK	 
USER	Create  Scenario	START	1673449688279
REQUEST		Proposal	1673449687479	1673449688327	OK	 
USER	Create  Scenario	START	1673449688329
REQUEST		Proposal	1673449687529	1673449688377	OK	 
USER	Create  Scenario	START	1673449688379
REQUEST		Proposal	1673449687579	1673449688428	OK	 
USER	Create  Scenario	START	1673449688429
USER	Create  Scenario	START	1673449688479
REQUEST		Proposal	1673449687629	1673449688526	OK	 
USER	Create  Scenario	START	1673449688529
USER	Create  Scenario	START	1673449688579
REQUEST		Proposal	1673449687679	1673449688591	OK	 
USER	Create  Scenario	START	1673449688630
REQUEST		Proposal	1673449687730	1673449688633	OK	 
REQUEST		Proposal	1673449687780	1673449688671	OK	 
USER	Create  Scenario	START	1673449688680
REQUEST		Proposal	1673449687828	1673449688687	OK	 
REQUEST		Proposal	1673449687879	1673449688720	OK	 
USER	Create  Scenario	START	1673449688730
USER	Create  Scenario	START	1673449688780
REQUEST		Proposal	1673449687929	1673449688825	OK	 
USER	Create  Scenario	START	1673449688827
REQUEST		Proposal	1673449687979	1673449688867	OK	 
USER	Create  Scenario	START	1673449688878
REQUEST		Proposal	1673449688029	1673449688919	OK	 
USER	Create  Scenario	START	1673449688928
USER	Create  Scenario	START	1673449688978
REQUEST		Proposal	1673449688129	1673449688979	OK	 
REQUEST		Proposal	1673449688079	1673449688981	OK	 
USER	Create  Scenario	START	1673449689028
USER	Create  Scenario	START	1673449689078
REQUEST		Proposal	1673449688180	1673449689087	OK	 
REQUEST		Proposal	1673449688229	1673449689114	OK	 
USER	Create  Scenario	START	1673449689128
USER	Create  Scenario	START	1673449689178
REQUEST		Proposal	1673449688279	1673449689202	OK	 
USER	Create  Scenario	START	1673449689228
REQUEST		Proposal	1673449688329	1673449689229	OK	 
REQUEST		Proposal	1673449688379	1673449689256	OK	 
REQUEST		Proposal	1673449688430	1673449689261	OK	 
USER	Create  Scenario	START	1673449689278
REQUEST		Proposal	1673449688479	1673449689318	OK	 
USER	Create  Scenario	START	1673449689328
REQUEST		Proposal	1673449688529	1673449689355	OK	 
USER	Create  Scenario	START	1673449689378
USER	Create  Scenario	START	1673449689428
REQUEST		Proposal	1673449688580	1673449689431	OK	 
REQUEST		Proposal	1673449688630	1673449689460	OK	 
USER	Create  Scenario	START	1673449689478
REQUEST		Proposal	1673449688680	1673449689526	OK	 
USER	Create  Scenario	START	1673449689528
REQUEST		Proposal	1673449688730	1673449689563	OK	 
USER	Create  Scenario	START	1673449689579
USER	Create  Scenario	START	1673449689629
REQUEST		Proposal	1673449688780	1673449689651	OK	 
REQUEST		Proposal	1673449688828	1673449689664	OK	 
USER	Create  Scenario	START	1673449689679
REQUEST		Proposal	1673449688878	1673449689712	OK	 
USER	Create  Scenario	START	1673449689729
REQUEST		Proposal	1673449688928	1673449689765	OK	 
USER	Create  Scenario	START	1673449689778
REQUEST		Proposal	1673449688978	1673449689799	OK	 
USER	Create  Scenario	START	1673449689828
REQUEST		Proposal	1673449689028	1673449689875	OK	 
USER	Create  Scenario	START	1673449689878
REQUEST		Proposal	1673449689078	1673449689919	OK	 
USER	Create  Scenario	START	1673449689928
REQUEST		Proposal	1673449689129	1673449689961	OK	 
USER	Create  Scenario	START	1673449689978
REQUEST		Proposal	1673449689178	1673449690019	OK	 
USER	Create  Scenario	START	1673449690028
REQUEST		Proposal	1673449689228	1673449690055	OK	 
USER	Create  Scenario	START	1673449690078
USER	Create  Scenario	START	1673449690128
REQUEST		Proposal	1673449689278	1673449690133	OK	 
USER	Create  Scenario	START	1673449690178
REQUEST		Proposal	1673449689329	1673449690180	OK	 
USER	Create  Scenario	START	1673449690228
REQUEST		Proposal	1673449689379	1673449690250	OK	 
REQUEST		Proposal	1673449689429	1673449690267	OK	 
USER	Create  Scenario	START	1673449690278
USER	Create  Scenario	START	1673449690328
USER	Create  Scenario	START	1673449690378
USER	Create  Scenario	START	1673449690428
USER	Create  Scenario	START	1673449690478
USER	Create  Scenario	START	1673449690528
USER	Create  Scenario	START	1673449690578
USER	Create  Scenario	START	1673449690628
USER	Create  Scenario	START	1673449690678
USER	Create  Scenario	START	1673449690729
REQUEST		Proposal	1673449689679	1673449691215	OK	 
REQUEST		Proposal	1673449689479	1673449691219	OK	 
REQUEST		Proposal	1673449689629	1673449691259	OK	 
REQUEST		Proposal	1673449689779	1673449691862	OK	 
REQUEST		Proposal	1673449689928	1673449691883	OK	 
REQUEST		Proposal	1673449690128	1673449691886	OK	 
REQUEST		Proposal	1673449690178	1673449691894	OK	 
REQUEST		Proposal	1673449689828	1673449691907	OK	 
REQUEST		Proposal	1673449689529	1673449691919	OK	 
REQUEST		Proposal	1673449689729	1673449691919	OK	 
REQUEST		Proposal	1673449689978	1673449691919	OK	 
REQUEST		Proposal	1673449689579	1673449691922	OK	 
REQUEST		Proposal	1673449690078	1673449691924	OK	 
REQUEST		Proposal	1673449690028	1673449691924	OK	 
REQUEST		Proposal	1673449689878	1673449691924	OK	 
REQUEST		Proposal	1673449690278	1673449691934	OK	 
REQUEST		Proposal	1673449690228	1673449693089	OK	 
REQUEST		Proposal	1673449690729	1673449693129	OK	 
REQUEST		Proposal	1673449690328	1673449693575	OK	 
REQUEST		Proposal	1673449690478	1673449693580	OK	 
REQUEST		Proposal	1673449690429	1673449693584	OK	 
REQUEST		Proposal	1673449690528	1673449693584	OK	 
REQUEST		Proposal	1673449690629	1673449693895	OK	 
REQUEST		Proposal	1673449690678	1673449694400	OK	 
REQUEST		Proposal	1673449690578	1673449695100	OK	 
REQUEST		Proposals	1673449690000	1673449695920	OK	 
REQUEST		Proposal	1673449690378	1673449696631	OK	 
REQUEST		Edit Proposal	1673449698929	1673449699441	OK	 
REQUEST		Proposals	1673449690969	1673449703235	OK	 
REQUEST		Reputation	1673449702441	1673449703569	OK	 
REQUEST		Proposals	1673449693251	1673449705300	OK	 
REQUEST		Proposals	1673449690618	1673449705365	OK	 
REQUEST		Proposals	1673449689887	1673449706139	OK	 
USER	Create  Scenario	END	1673449706572
REQUEST		Edit Proposal	1673449706235	1673449706629	OK	 
REQUEST		Proposals	1673449692257	1673449708223	OK	 
REQUEST		Edit Proposal	1673449708301	1673449708674	OK	 
REQUEST		Edit Proposal	1673449708367	1673449708757	OK	 
REQUEST		Proposals	1673449693181	1673449708780	OK	 
REQUEST		Proposals	1673449696130	1673449709378	OK	 
REQUEST		Edit Proposal	1673449709140	1673449709527	OK	 
REQUEST		Proposals	1673449692877	1673449709838	OK	 
REQUEST		Proposals	1673449692766	1673449710354	OK	 
REQUEST		Reputation	1673449709629	1673449710382	OK	 
REQUEST		Proposals	1673449694884	1673449711066	OK	 
REQUEST		Proposals	1673449692564	1673449711533	OK	 
REQUEST		Edit Proposal	1673449711224	1673449711610	OK	 
REQUEST		Proposals	1673449692962	1673449711673	OK	 
REQUEST		Proposals	1673449690243	1673449711919	OK	 
REQUEST		Edit Proposal	1673449711781	1673449712127	OK	 
REQUEST		Reputation	1673449711675	1673449712362	OK	 
REQUEST		Proposals	1673449692713	1673449712409	OK	 
REQUEST		Reputation	1673449711758	1673449712436	OK	 
REQUEST		Edit Proposal	1673449712379	1673449712727	OK	 
REQUEST		Proposals	1673449691003	1673449712891	OK	 
REQUEST		Edit Proposal	1673449712839	1673449713199	OK	 
REQUEST		Reputation	1673449712528	1673449713215	OK	 
USER	Create  Scenario	END	1673449713383
REQUEST		Proposals	1673449693268	1673449713494	OK	 
REQUEST		Edit Proposal	1673449713355	1673449713711	OK	 
REQUEST		Proposals	1673449691688	1673449713940	OK	 
REQUEST		Proposals	1673449696090	1673449713972	OK	 
REQUEST		Proposals	1673449694863	1673449713979	OK	 
REQUEST		Proposals	1673449694887	1673449714329	OK	 
REQUEST		Edit Proposal	1673449714067	1673449714427	OK	 
REQUEST		Edit Proposal	1673449714533	1673449714886	OK	 
REQUEST		Edit Proposal	1673449714674	1673449715054	OK	 
REQUEST		Edit Proposal	1673449714920	1673449715295	OK	 
REQUEST		Reputation	1673449714611	1673449715345	OK	 
USER	Create  Scenario	END	1673449715363
USER	Create  Scenario	END	1673449715437
REQUEST		Edit Proposal	1673449715411	1673449715779	OK	 
REQUEST		Reputation	1673449715128	1673449715859	OK	 
REQUEST		Proposals	1673449690569	1673449716043	OK	 
USER	Create  Scenario	END	1673449716216
REQUEST		Edit Proposal	1673449715892	1673449716251	OK	 
REQUEST		Reputation	1673449715728	1673449716455	OK	 
REQUEST		Proposals	1673449694935	1673449716464	OK	 
REQUEST		Edit Proposal	1673449716495	1673449716879	OK	 
REQUEST		Reputation	1673449716200	1673449716965	OK	 
REQUEST		Edit Proposal	1673449716941	1673449717301	OK	 
REQUEST		Edit Proposal	1673449716980	1673449717332	OK	 
REQUEST		Edit Proposal	1673449716973	1673449717349	OK	 
REQUEST		Edit Proposal	1673449717330	1673449717675	OK	 
REQUEST		Reputation	1673449716712	1673449717970	OK	 
REQUEST		Reputation	1673449717429	1673449718179	OK	 
REQUEST		Proposals	1673449692115	1673449718338	OK	 
USER	Create  Scenario	END	1673449718346
REQUEST		Reputation	1673449717887	1673449718596	OK	 
REQUEST		Reputation	1673449718055	1673449718749	OK	 
REQUEST		Proposals	1673449694895	1673449718769	OK	 
USER	Create  Scenario	END	1673449718861
REQUEST		Reputation	1673449718296	1673449718945	OK	 
REQUEST		Edit Proposal	1673449719043	1673449719388	OK	 
USER	Create  Scenario	END	1673449719456
REQUEST		Reputation	1673449718780	1673449719456	OK	 
REQUEST		Edit Proposal	1673449719465	1673449719835	OK	 
USER	Create  Scenario	END	1673449719966
REQUEST		Reputation	1673449719252	1673449719970	OK	 
REQUEST		Reputation	1673449719880	1673449720600	OK	 
USER	Create  Scenario	END	1673449720971
REQUEST		Reputation	1673449720301	1673449721015	OK	 
REQUEST		Reputation	1673449720333	1673449721045	OK	 
REQUEST		Reputation	1673449720349	1673449721094	OK	 
USER	Create  Scenario	END	1673449721180
REQUEST		Reputation	1673449720676	1673449721412	OK	 
USER	Create  Scenario	END	1673449721597
REQUEST		Edit Proposal	1673449721339	1673449721722	OK	 
USER	Create  Scenario	END	1673449721750
USER	Create  Scenario	END	1673449721946
REQUEST		Proposals	1673449696584	1673449722041	OK	 
REQUEST		Edit Proposal	1673449721770	1673449722139	OK	 
REQUEST		Proposals	1673449690291	1673449722255	OK	 
USER	Create  Scenario	END	1673449722457
USER	Create  Scenario	END	1673449722971
REQUEST		Reputation	1673449722388	1673449723057	OK	 
REQUEST		Reputation	1673449722836	1673449723560	OK	 
USER	Create  Scenario	END	1673449723602
USER	Create  Scenario	END	1673449724016
USER	Create  Scenario	END	1673449724046
USER	Create  Scenario	END	1673449724095
USER	Create  Scenario	END	1673449724413
REQUEST		Edit Proposal	1673449725042	1673449725395	OK	 
REQUEST		Reputation	1673449724724	1673449725454	OK	 
REQUEST		Edit Proposal	1673449725256	1673449725631	OK	 
REQUEST		Reputation	1673449725140	1673449725854	OK	 
USER	Create  Scenario	END	1673449726058
USER	Create  Scenario	END	1673449726561
USER	Create  Scenario	END	1673449728455
USER	Create  Scenario	END	1673449728855
REQUEST		Reputation	1673449728396	1673449729125	OK	 
REQUEST		Reputation	1673449728632	1673449729370	OK	 
USER	Create  Scenario	END	1673449732126
USER	Create  Scenario	END	1673449732371
REQUEST		Proposals	1673449689888	1673449744989	OK	 
REQUEST		Edit Proposal	1673449747990	1673449748348	OK	 
REQUEST		Proposals	1673449689895	1673449749469	OK	 
REQUEST		Proposals	1673449689887	1673449749888	KO	i.g.h.c.i.RequestTimeoutException: Request timeout to backend-qa.knoldus.com/34.132.142.94:443 after 60000 ms
REQUEST		Proposals	1673449689887	1673449749888	KO	i.g.h.c.i.RequestTimeoutException: Request timeout to backend-qa.knoldus.com/34.132.142.94:443 after 60000 ms
REQUEST		Proposals	1673449689887	1673449749888	KO	i.g.h.c.i.RequestTimeoutException: Request timeout to backend-qa.knoldus.com/34.132.142.94:443 after 60000 ms
REQUEST		Proposals	1673449689954	1673449749954	KO	i.g.h.c.i.RequestTimeoutException: Request timeout to backend-qa.knoldus.com/34.132.142.94:443 after 60000 ms
REQUEST		Proposals	1673449690104	1673449750105	KO	i.g.h.c.i.RequestTimeoutException: Request timeout to backend-qa.knoldus.com/34.132.142.94:443 after 60000 ms
REQUEST		Proposals	1673449690151	1673449750151	KO	i.g.h.c.i.RequestTimeoutException: Request timeout to backend-qa.knoldus.com/34.132.142.94:443 after 60000 ms
REQUEST		Proposals	1673449690156	1673449750156	KO	i.g.h.c.i.RequestTimeoutException: Request timeout to backend-qa.knoldus.com/34.132.142.94:443 after 60000 ms
REQUEST		Proposals	1673449690201	1673449750201	KO	i.g.h.c.i.RequestTimeoutException: Request timeout to backend-qa.knoldus.com/34.132.142.94:443 after 60000 ms
REQUEST		Proposals	1673449690359	1673449750359	KO	i.g.h.c.i.RequestTimeoutException: Request timeout to backend-qa.knoldus.com/34.132.142.94:443 after 60000 ms
REQUEST		Proposals	1673449690407	1673449750407	KO	i.g.h.c.i.RequestTimeoutException: Request timeout to backend-qa.knoldus.com/34.132.142.94:443 after 60000 ms
REQUEST		Proposals	1673449690448	1673449750448	KO	i.g.h.c.i.RequestTimeoutException: Request timeout to backend-qa.knoldus.com/34.132.142.94:443 after 60000 ms
REQUEST		Proposals	1673449690477	1673449750477	KO	i.g.h.c.i.RequestTimeoutException: Request timeout to backend-qa.knoldus.com/34.132.142.94:443 after 60000 ms
REQUEST		Proposals	1673449690522	1673449750522	KO	i.g.h.c.i.RequestTimeoutException: Request timeout to backend-qa.knoldus.com/34.132.142.94:443 after 60000 ms
REQUEST		Proposals	1673449690685	1673449750685	KO	i.g.h.c.i.RequestTimeoutException: Request timeout to backend-qa.knoldus.com/34.132.142.94:443 after 60000 ms
REQUEST		Proposals	1673449690712	1673449750712	KO	i.g.h.c.i.RequestTimeoutException: Request timeout to backend-qa.knoldus.com/34.132.142.94:443 after 60000 ms
REQUEST		Proposals	1673449690780	1673449750780	KO	i.g.h.c.i.RequestTimeoutException: Request timeout to backend-qa.knoldus.com/34.132.142.94:443 after 60000 ms
REQUEST		Proposals	1673449690824	1673449750824	KO	i.g.h.c.i.RequestTimeoutException: Request timeout to backend-qa.knoldus.com/34.132.142.94:443 after 60000 ms
REQUEST		Proposals	1673449690867	1673449750867	KO	i.g.h.c.i.RequestTimeoutException: Request timeout to backend-qa.knoldus.com/34.132.142.94:443 after 60000 ms
REQUEST		Proposals	1673449690921	1673449750921	KO	i.g.h.c.i.RequestTimeoutException: Request timeout to backend-qa.knoldus.com/34.132.142.94:443 after 60000 ms
REQUEST		Proposals	1673449691062	1673449751062	KO	i.g.h.c.i.RequestTimeoutException: Request timeout to backend-qa.knoldus.com/34.132.142.94:443 after 60000 ms
REQUEST		Proposals	1673449691125	1673449751125	KO	i.g.h.c.i.RequestTimeoutException: Request timeout to backend-qa.knoldus.com/34.132.142.94:443 after 60000 ms
REQUEST		Proposals	1673449691173	1673449751173	KO	i.g.h.c.i.RequestTimeoutException: Request timeout to backend-qa.knoldus.com/34.132.142.94:443 after 60000 ms
REQUEST		Proposals	1673449691208	1673449751208	KO	i.g.h.c.i.RequestTimeoutException: Request timeout to backend-qa.knoldus.com/34.132.142.94:443 after 60000 ms
REQUEST		Proposals	1673449691279	1673449751280	KO	i.g.h.c.i.RequestTimeoutException: Request timeout to backend-qa.knoldus.com/34.132.142.94:443 after 60000 ms
REQUEST		Proposals	1673449691329	1673449751329	KO	i.g.h.c.i.RequestTimeoutException: Request timeout to backend-qa.knoldus.com/34.132.142.94:443 after 60000 ms
REQUEST		Proposals	1673449691378	1673449751378	KO	i.g.h.c.i.RequestTimeoutException: Request timeout to backend-qa.knoldus.com/34.132.142.94:443 after 60000 ms
REQUEST		Proposals	1673449691429	1673449751429	KO	i.g.h.c.i.RequestTimeoutException: Request timeout to backend-qa.knoldus.com/34.132.142.94:443 after 60000 ms
REQUEST		Proposals	1673449691528	1673449751528	KO	i.g.h.c.i.RequestTimeoutException: Request timeout to backend-qa.knoldus.com/34.132.142.94:443 after 60000 ms
REQUEST		Proposals	1673449691592	1673449751593	KO	i.g.h.c.i.RequestTimeoutException: Request timeout to backend-qa.knoldus.com/34.132.142.94:443 after 60000 ms
REQUEST		Proposals	1673449691634	1673449751634	KO	i.g.h.c.i.RequestTimeoutException: Request timeout to backend-qa.knoldus.com/34.132.142.94:443 after 60000 ms
REQUEST		Proposals	1673449691672	1673449751672	KO	i.g.h.c.i.RequestTimeoutException: Request timeout to backend-qa.knoldus.com/34.132.142.94:443 after 60000 ms
REQUEST		Proposals	1673449691721	1673449751721	KO	i.g.h.c.i.RequestTimeoutException: Request timeout to backend-qa.knoldus.com/34.132.142.94:443 after 60000 ms
REQUEST		Proposals	1673449691827	1673449751827	KO	i.g.h.c.i.RequestTimeoutException: Request timeout to backend-qa.knoldus.com/34.132.142.94:443 after 60000 ms
REQUEST		Proposals	1673449691868	1673449751868	KO	i.g.h.c.i.RequestTimeoutException: Request timeout to backend-qa.knoldus.com/34.132.142.94:443 after 60000 ms
REQUEST		Proposals	1673449691920	1673449751920	KO	i.g.h.c.i.RequestTimeoutException: Request timeout to backend-qa.knoldus.com/34.132.142.94:443 after 60000 ms
REQUEST		Reputation	1673449751349	1673449751962	OK	 
REQUEST		Proposals	1673449691980	1673449751980	KO	i.g.h.c.i.RequestTimeoutException: Request timeout to backend-qa.knoldus.com/34.132.142.94:443 after 60000 ms
REQUEST		Proposals	1673449691982	1673449751982	KO	i.g.h.c.i.RequestTimeoutException: Request timeout to backend-qa.knoldus.com/34.132.142.94:443 after 60000 ms
REQUEST		Proposals	1673449692088	1673449752088	KO	i.g.h.c.i.RequestTimeoutException: Request timeout to backend-qa.knoldus.com/34.132.142.94:443 after 60000 ms
REQUEST		Proposals	1673449692203	1673449752203	KO	i.g.h.c.i.RequestTimeoutException: Request timeout to backend-qa.knoldus.com/34.132.142.94:443 after 60000 ms
REQUEST		Proposals	1673449692230	1673449752230	KO	i.g.h.c.i.RequestTimeoutException: Request timeout to backend-qa.knoldus.com/34.132.142.94:443 after 60000 ms
REQUEST		Proposals	1673449692262	1673449752262	KO	i.g.h.c.i.RequestTimeoutException: Request timeout to backend-qa.knoldus.com/34.132.142.94:443 after 60000 ms
REQUEST		Proposals	1673449692319	1673449752319	KO	i.g.h.c.i.RequestTimeoutException: Request timeout to backend-qa.knoldus.com/34.132.142.94:443 after 60000 ms
REQUEST		Proposals	1673449692356	1673449752356	KO	i.g.h.c.i.RequestTimeoutException: Request timeout to backend-qa.knoldus.com/34.132.142.94:443 after 60000 ms
REQUEST		Proposals	1673449692432	1673449752432	KO	i.g.h.c.i.RequestTimeoutException: Request timeout to backend-qa.knoldus.com/34.132.142.94:443 after 60000 ms
REQUEST		Proposals	1673449692461	1673449752461	KO	i.g.h.c.i.RequestTimeoutException: Request timeout to backend-qa.knoldus.com/34.132.142.94:443 after 60000 ms
REQUEST		Proposals	1673449692527	1673449752527	KO	i.g.h.c.i.RequestTimeoutException: Request timeout to backend-qa.knoldus.com/34.132.142.94:443 after 60000 ms
REQUEST		Proposals	1673449692652	1673449752652	KO	i.g.h.c.i.RequestTimeoutException: Request timeout to backend-qa.knoldus.com/34.132.142.94:443 after 60000 ms
REQUEST		Proposals	1673449692665	1673449752665	KO	i.g.h.c.i.RequestTimeoutException: Request timeout to backend-qa.knoldus.com/34.132.142.94:443 after 60000 ms
REQUEST		Edit Proposal	1673449752470	1673449752793	OK	 
REQUEST		Proposals	1673449692800	1673449752800	KO	i.g.h.c.i.RequestTimeoutException: Request timeout to backend-qa.knoldus.com/34.132.142.94:443 after 60000 ms
REQUEST		Proposals	1673449692920	1673449752920	KO	i.g.h.c.i.RequestTimeoutException: Request timeout to backend-qa.knoldus.com/34.132.142.94:443 after 60000 ms
REQUEST		Proposals	1673449693020	1673449753020	KO	i.g.h.c.i.RequestTimeoutException: Request timeout to backend-qa.knoldus.com/34.132.142.94:443 after 60000 ms
REQUEST		Proposals	1673449693056	1673449753056	KO	i.g.h.c.i.RequestTimeoutException: Request timeout to backend-qa.knoldus.com/34.132.142.94:443 after 60000 ms
REQUEST		Proposals	1673449693134	1673449753134	KO	i.g.h.c.i.RequestTimeoutException: Request timeout to backend-qa.knoldus.com/34.132.142.94:443 after 60000 ms
REQUEST		Edit Proposal	1673449752891	1673449753747	OK	 
REQUEST		Edit Proposal	1673449752891	1673449753760	OK	 
REQUEST		Edit Proposal	1673449752890	1673449753764	OK	 
REQUEST		Edit Proposal	1673449752955	1673449753815	OK	 
REQUEST		Edit Proposal	1673449753105	1673449753974	OK	 
REQUEST		Edit Proposal	1673449753152	1673449754034	OK	 
REQUEST		Edit Proposal	1673449753201	1673449754066	OK	 
REQUEST		Edit Proposal	1673449753156	1673449754066	OK	 
REQUEST		Proposals	1673449694216	1673449754216	KO	i.g.h.c.i.RequestTimeoutException: Request timeout to backend-qa.knoldus.com/34.132.142.94:443 after 60000 ms
REQUEST		Proposals	1673449694220	1673449754220	KO	i.g.h.c.i.RequestTimeoutException: Request timeout to backend-qa.knoldus.com/34.132.142.94:443 after 60000 ms
REQUEST		Proposals	1673449694260	1673449754260	KO	i.g.h.c.i.RequestTimeoutException: Request timeout to backend-qa.knoldus.com/34.132.142.94:443 after 60000 ms
REQUEST		Edit Proposal	1673449753407	1673449754277	OK	 
REQUEST		Edit Proposal	1673449753360	1673449754284	OK	 
REQUEST		Edit Proposal	1673449753449	1673449754309	OK	 
REQUEST		Edit Proposal	1673449753479	1673449754325	OK	 
REQUEST		Edit Proposal	1673449753523	1673449754371	OK	 
REQUEST		Proposals	1673449694919	1673449754480	OK	 
REQUEST		Edit Proposal	1673449753685	1673449754542	OK	 
REQUEST		Edit Proposal	1673449753712	1673449754555	OK	 
REQUEST		Edit Proposal	1673449753781	1673449754610	OK	 
REQUEST		Edit Proposal	1673449753825	1673449754671	OK	 
REQUEST		Edit Proposal	1673449753868	1673449754699	OK	 
REQUEST		Edit Proposal	1673449753922	1673449754791	OK	 
REQUEST		Proposals	1673449694908	1673449754908	KO	i.g.h.c.i.RequestTimeoutException: Request timeout to backend-qa.knoldus.com/34.132.142.94:443 after 60000 ms
REQUEST		Proposals	1673449694919	1673449754919	KO	i.g.h.c.i.RequestTimeoutException: Request timeout to backend-qa.knoldus.com/34.132.142.94:443 after 60000 ms
REQUEST		Proposals	1673449694919	1673449754919	KO	i.g.h.c.i.RequestTimeoutException: Request timeout to backend-qa.knoldus.com/34.132.142.94:443 after 60000 ms
REQUEST		Proposals	1673449694923	1673449754923	KO	i.g.h.c.i.RequestTimeoutException: Request timeout to backend-qa.knoldus.com/34.132.142.94:443 after 60000 ms
REQUEST		Proposals	1673449694925	1673449754925	KO	i.g.h.c.i.RequestTimeoutException: Request timeout to backend-qa.knoldus.com/34.132.142.94:443 after 60000 ms
REQUEST		Proposals	1673449694925	1673449754925	KO	i.g.h.c.i.RequestTimeoutException: Request timeout to backend-qa.knoldus.com/34.132.142.94:443 after 60000 ms
REQUEST		Proposals	1673449694925	1673449754925	KO	i.g.h.c.i.RequestTimeoutException: Request timeout to backend-qa.knoldus.com/34.132.142.94:443 after 60000 ms
REQUEST		Edit Proposal	1673449754062	1673449754929	OK	 
USER	Create  Scenario	END	1673449754963
REQUEST		Edit Proposal	1673449754126	1673449754968	OK	 
REQUEST		Edit Proposal	1673449754174	1673449755022	OK	 
REQUEST		Edit Proposal	1673449754208	1673449755051	OK	 
REQUEST		Edit Proposal	1673449754280	1673449755130	OK	 
REQUEST		Edit Proposal	1673449754330	1673449755172	OK	 
REQUEST		Edit Proposal	1673449754379	1673449755248	OK	 
REQUEST		Edit Proposal	1673449754430	1673449755297	OK	 
REQUEST		Edit Proposal	1673449754528	1673449755397	OK	 
REQUEST		Edit Proposal	1673449754593	1673449755442	OK	 
REQUEST		Edit Proposal	1673449754635	1673449755485	OK	 
REQUEST		Edit Proposal	1673449754673	1673449755534	OK	 
REQUEST		Edit Proposal	1673449754722	1673449755590	OK	 
REQUEST		Edit Proposal	1673449754828	1673449755676	OK	 
REQUEST		Edit Proposal	1673449754869	1673449755704	OK	 
REQUEST		Edit Proposal	1673449754920	1673449755762	OK	 
REQUEST		Edit Proposal	1673449754983	1673449755827	OK	 
REQUEST		Edit Proposal	1673449754981	1673449755835	OK	 
REQUEST		Edit Proposal	1673449755089	1673449755941	OK	 
REQUEST		Edit Proposal	1673449755204	1673449756051	OK	 
REQUEST		Edit Proposal	1673449755231	1673449756080	OK	 
REQUEST		Edit Proposal	1673449755262	1673449756122	OK	 
REQUEST		Edit Proposal	1673449755320	1673449756186	OK	 
REQUEST		Edit Proposal	1673449755357	1673449756202	OK	 
REQUEST		Edit Proposal	1673449755433	1673449756293	OK	 
REQUEST		Edit Proposal	1673449755462	1673449756321	OK	 
REQUEST		Edit Proposal	1673449755528	1673449756357	OK	 
REQUEST		Reputation	1673449755793	1673449756399	OK	 
REQUEST		Edit Proposal	1673449755653	1673449756524	OK	 
REQUEST		Edit Proposal	1673449755666	1673449756556	OK	 
REQUEST		Proposals	1673449696576	1673449756576	KO	i.g.h.c.i.RequestTimeoutException: Request timeout to backend-qa.knoldus.com/34.132.142.94:443 after 60000 ms
REQUEST		Proposals	1673449696581	1673449756581	KO	i.g.h.c.i.RequestTimeoutException: Request timeout to backend-qa.knoldus.com/34.132.142.94:443 after 60000 ms
REQUEST		Proposals	1673449696585	1673449756585	KO	i.g.h.c.i.RequestTimeoutException: Request timeout to backend-qa.knoldus.com/34.132.142.94:443 after 60000 ms
REQUEST		Edit Proposal	1673449755801	1673449756641	OK	 
REQUEST		Edit Proposal	1673449755921	1673449756760	OK	 
REQUEST		Proposals	1673449696896	1673449756896	KO	i.g.h.c.i.RequestTimeoutException: Request timeout to backend-qa.knoldus.com/34.132.142.94:443 after 60000 ms
REQUEST		Edit Proposal	1673449756021	1673449756899	OK	 
REQUEST		Edit Proposal	1673449756057	1673449756909	OK	 
REQUEST		Edit Proposal	1673449756134	1673449756977	OK	 
REQUEST		Proposals	1673449697400	1673449757317	OK	 
REQUEST		Reputation	1673449756748	1673449757324	OK	 
REQUEST		Reputation	1673449756764	1673449757345	OK	 
REQUEST		Reputation	1673449756761	1673449757345	OK	 
REQUEST		Reputation	1673449756816	1673449757414	OK	 
REQUEST		Reputation	1673449756975	1673449757560	OK	 
REQUEST		Reputation	1673449757035	1673449757634	OK	 
REQUEST		Reputation	1673449757067	1673449757651	OK	 
REQUEST		Reputation	1673449757066	1673449757658	OK	 
REQUEST		Edit Proposal	1673449757481	1673449757781	OK	 
REQUEST		Reputation	1673449757285	1673449757865	OK	 
REQUEST		Reputation	1673449757278	1673449757896	OK	 
REQUEST		Reputation	1673449757309	1673449757906	OK	 
REQUEST		Reputation	1673449757326	1673449757919	OK	 
REQUEST		Reputation	1673449757372	1673449757952	OK	 
REQUEST		Edit Proposal	1673449757217	1673449758077	OK	 
REQUEST		Edit Proposal	1673449757220	1673449758087	OK	 
REQUEST		Proposals	1673449698101	1673449758101	KO	i.g.h.c.i.RequestTimeoutException: Request timeout to backend-qa.knoldus.com/34.132.142.94:443 after 60000 ms
REQUEST		Edit Proposal	1673449757261	1673449758102	OK	 
REQUEST		Reputation	1673449757556	1673449758127	OK	 
REQUEST		Reputation	1673449757543	1673449758129	OK	 
REQUEST		Reputation	1673449757611	1673449758184	OK	 
REQUEST		Reputation	1673449757672	1673449758261	OK	 
REQUEST		Reputation	1673449757700	1673449758275	OK	 
REQUEST		Reputation	1673449757792	1673449758375	OK	 
REQUEST		Reputation	1673449757929	1673449758522	OK	 
REQUEST		Reputation	1673449757969	1673449758549	OK	 
REQUEST		Proposals	1673449699632	1673449758553	OK	 
REQUEST		Reputation	1673449758023	1673449758599	OK	 
REQUEST		Reputation	1673449758051	1673449758624	OK	 
REQUEST		Reputation	1673449758173	1673449758752	OK	 
REQUEST		Edit Proposal	1673449757909	1673449758756	OK	 
REQUEST		Edit Proposal	1673449757926	1673449758776	OK	 
REQUEST		Edit Proposal	1673449757926	1673449758780	OK	 
REQUEST		Edit Proposal	1673449757920	1673449758782	OK	 
REQUEST		Edit Proposal	1673449757926	1673449758796	OK	 
REQUEST		Edit Proposal	1673449757920	1673449758803	OK	 
REQUEST		Edit Proposal	1673449757923	1673449758807	OK	 
REQUEST		Reputation	1673449758249	1673449758845	OK	 
REQUEST		Reputation	1673449758297	1673449758880	OK	 
REQUEST		Reputation	1673449758398	1673449758986	OK	 
REQUEST		Reputation	1673449758443	1673449759051	OK	 
REQUEST		Reputation	1673449758486	1673449759080	OK	 
REQUEST		Reputation	1673449758535	1673449759115	OK	 
REQUEST		Reputation	1673449758591	1673449759183	OK	 
REQUEST		Reputation	1673449758677	1673449759284	OK	 
REQUEST		Reputation	1673449758705	1673449759294	OK	 
REQUEST		Reputation	1673449758763	1673449759332	OK	 
USER	Create  Scenario	END	1673449759400
REQUEST		Reputation	1673449758828	1673449759409	OK	 
REQUEST		Reputation	1673449758836	1673449759433	OK	 
REQUEST		Reputation	1673449758942	1673449759535	OK	 
REQUEST		Reputation	1673449759052	1673449759638	OK	 
REQUEST		Reputation	1673449759081	1673449759658	OK	 
REQUEST		Reputation	1673449758130	1673449759698	OK	 
REQUEST		Reputation	1673449759123	1673449759715	OK	 
REQUEST		Reputation	1673449759186	1673449759766	OK	 
REQUEST		Reputation	1673449759203	1673449759767	OK	 
REQUEST		Reputation	1673449759294	1673449759924	OK	 
REQUEST		Reputation	1673449759322	1673449759934	OK	 
REQUEST		Reputation	1673449759358	1673449759935	OK	 
REQUEST		Reputation	1673449759525	1673449760122	OK	 
REQUEST		Reputation	1673449759557	1673449760132	OK	 
REQUEST		Reputation	1673449759642	1673449760219	OK	 
USER	Create  Scenario	END	1673449760325
REQUEST		Reputation	1673449759761	1673449760329	OK	 
USER	Create  Scenario	END	1673449760346
USER	Create  Scenario	END	1673449760346
USER	Create  Scenario	END	1673449760415
REQUEST		Edit Proposal	1673449759581	1673449760443	OK	 
REQUEST		Edit Proposal	1673449759586	1673449760450	OK	 
REQUEST		Edit Proposal	1673449759576	1673449760454	OK	 
REQUEST		Reputation	1673449759900	1673449760471	OK	 
REQUEST		Reputation	1673449759909	1673449760496	OK	 
REQUEST		Reputation	1673449759978	1673449760544	OK	 
USER	Create  Scenario	END	1673449760561
REQUEST		Edit Proposal	1673449760318	1673449760625	OK	 
USER	Create  Scenario	END	1673449760635
USER	Create  Scenario	END	1673449760652
USER	Create  Scenario	END	1673449760659
REQUEST		Edit Proposal	1673449759897	1673449760744	OK	 
USER	Create  Scenario	END	1673449760866
USER	Create  Scenario	END	1673449760897
USER	Create  Scenario	END	1673449760908
USER	Create  Scenario	END	1673449760921
USER	Create  Scenario	END	1673449760953
USER	Create  Scenario	END	1673449761129
USER	Create  Scenario	END	1673449761130
USER	Create  Scenario	END	1673449761185
USER	Create  Scenario	END	1673449761262
USER	Create  Scenario	END	1673449761276
REQUEST		Reputation	1673449760781	1673449761371	OK	 
USER	Create  Scenario	END	1673449761377
USER	Create  Scenario	END	1673449761523
USER	Create  Scenario	END	1673449761550
USER	Create  Scenario	END	1673449761600
USER	Create  Scenario	END	1673449761625
REQUEST		Reputation	1673449761077	1673449761677	OK	 
REQUEST		Reputation	1673449761088	1673449761685	OK	 
REQUEST		Reputation	1673449761103	1673449761724	OK	 
USER	Create  Scenario	END	1673449761754
USER	Create  Scenario	END	1673449761846
REQUEST		Edit Proposal	1673449761554	1673449761865	OK	 
USER	Create  Scenario	END	1673449761882
REQUEST		Edit Proposal	1673449761102	1673449761970	OK	 
USER	Create  Scenario	END	1673449761988
USER	Create  Scenario	END	1673449762052
USER	Create  Scenario	END	1673449762081
USER	Create  Scenario	END	1673449762116
USER	Create  Scenario	END	1673449762185
USER	Create  Scenario	END	1673449762286
USER	Create  Scenario	END	1673449762295
USER	Create  Scenario	END	1673449762333
REQUEST		Reputation	1673449761757	1673449762360	OK	 
REQUEST		Reputation	1673449761780	1673449762373	OK	 
REQUEST		Reputation	1673449761777	1673449762374	OK	 
REQUEST		Reputation	1673449761782	1673449762375	OK	 
REQUEST		Reputation	1673449761797	1673449762401	OK	 
USER	Create  Scenario	END	1673449762410
REQUEST		Reputation	1673449761804	1673449762410	OK	 
REQUEST		Reputation	1673449761808	1673449762417	OK	 
USER	Create  Scenario	END	1673449762434
USER	Create  Scenario	END	1673449762536
USER	Create  Scenario	END	1673449762639
USER	Create  Scenario	END	1673449762659
USER	Create  Scenario	END	1673449762699
USER	Create  Scenario	END	1673449762716
USER	Create  Scenario	END	1673449762767
USER	Create  Scenario	END	1673449762767
USER	Create  Scenario	END	1673449762925
USER	Create  Scenario	END	1673449762935
USER	Create  Scenario	END	1673449762936
USER	Create  Scenario	END	1673449763123
USER	Create  Scenario	END	1673449763133
USER	Create  Scenario	END	1673449763220
USER	Create  Scenario	END	1673449763330
USER	Create  Scenario	END	1673449763472
USER	Create  Scenario	END	1673449763497
USER	Create  Scenario	END	1673449763545
REQUEST		Reputation	1673449763454	1673449764081	OK	 
REQUEST		Reputation	1673449763451	1673449764091	OK	 
REQUEST		Reputation	1673449763443	1673449764104	OK	 
REQUEST		Reputation	1673449763626	1673449764302	OK	 
REQUEST		Reputation	1673449763745	1673449764369	OK	 
USER	Create  Scenario	END	1673449764373
USER	Create  Scenario	END	1673449764678
USER	Create  Scenario	END	1673449764686
USER	Create  Scenario	END	1673449764725
USER	Create  Scenario	END	1673449765362
USER	Create  Scenario	END	1673449765374
USER	Create  Scenario	END	1673449765375
USER	Create  Scenario	END	1673449765376
USER	Create  Scenario	END	1673449765402
USER	Create  Scenario	END	1673449765411
USER	Create  Scenario	END	1673449765418
REQUEST		Reputation	1673449764866	1673449765448	OK	 
REQUEST		Reputation	1673449764971	1673449765554	OK	 
USER	Create  Scenario	END	1673449767082
USER	Create  Scenario	END	1673449767092
USER	Create  Scenario	END	1673449767106
USER	Create  Scenario	END	1673449767303
USER	Create  Scenario	END	1673449767370
USER	Create  Scenario	END	1673449768449
USER	Create  Scenario	END	1673449768554
