RUN	Simulations.Runner.RunnerTwo	runnertwo	1673529022810	 	3.5.1
USER	Create  Scenario	START	1673529028748
USER	Create  Scenario	START	1673529029241
USER	Create  Scenario	START	1673529029742
REQUEST		Reputation	1673529028765	1673529029894	OK	 
USER	Create  Scenario	START	1673529030241
REQUEST		Reputation	1673529029242	1673529030394	OK	 
USER	Create  Scenario	START	1673529030742
REQUEST		Reputation	1673529029743	1673529030912	OK	 
USER	Create  Scenario	START	1673529031241
REQUEST		Reputation	1673529030242	1673529031412	OK	 
USER	Create  Scenario	START	1673529031742
REQUEST		Reputation	1673529030742	1673529031869	OK	 
USER	Create  Scenario	START	1673529032241
REQUEST		Reputation	1673529031241	1673529032398	OK	 
USER	Create  Scenario	START	1673529032742
REQUEST		Reputation	1673529031742	1673529032940	OK	 
REQUEST		Last Contribution	1673529032913	1673529033204	OK	 
USER	Create  Scenario	START	1673529033240
REQUEST		Reputation	1673529032242	1673529033397	OK	 
REQUEST		Last Contribution	1673529033395	1673529033687	OK	 
USER	Create  Scenario	START	1673529033741
REQUEST		Reputation	1673529032742	1673529033868	OK	 
REQUEST		Last Contribution	1673529033913	1673529034217	OK	 
USER	Create  Scenario	START	1673529034241
REQUEST		Reputation	1673529033241	1673529034368	OK	 
REQUEST		Last Contribution	1673529034413	1673529034726	OK	 
USER	Create  Scenario	START	1673529034741
REQUEST		Reputation	1673529033742	1673529034884	OK	 
REQUEST		Last Contribution	1673529034871	1673529035189	OK	 
USER	Create  Scenario	START	1673529035240
REQUEST		Reputation	1673529034241	1673529035377	OK	 
REQUEST		Last Contribution	1673529035399	1673529035689	OK	 
USER	Create  Scenario	START	1673529035741
REQUEST		Reputation	1673529034742	1673529035925	OK	 
REQUEST		Last Contribution	1673529035941	1673529036235	OK	 
USER	Create  Scenario	START	1673529036241
REQUEST		Reputation	1673529035241	1673529036458	OK	 
REQUEST		Reputation Twelve months	1673529036205	1673529036537	OK	 
REQUEST		Last Contribution	1673529036398	1673529036689	OK	 
USER	Create  Scenario	START	1673529036741
REQUEST		Reputation	1673529035741	1673529036886	OK	 
REQUEST		Reputation Twelve months	1673529036688	1673529037003	OK	 
REQUEST		Last Contribution	1673529036869	1673529037164	OK	 
USER	Create  Scenario	START	1673529037241
REQUEST		Reputation	1673529036241	1673529037369	OK	 
REQUEST		Reputation Twelve months	1673529037217	1673529037556	OK	 
REQUEST		Last Contribution	1673529037369	1673529037662	OK	 
USER	Create  Scenario	START	1673529037741
REQUEST		Reputation	1673529036741	1673529037912	OK	 
REQUEST		Reputation Twelve months	1673529037727	1673529038036	OK	 
REQUEST		Last Contribution	1673529037885	1673529038174	OK	 
USER	Create  Scenario	START	1673529038241
REQUEST		Reputation	1673529037241	1673529038372	OK	 
REQUEST		Reputation Twelve months	1673529038190	1673529038517	OK	 
REQUEST		Last Contribution	1673529038378	1673529038670	OK	 
REQUEST		Reputation	1673529037741	1673529038883	OK	 
REQUEST		Reputation Twelve months	1673529038690	1673529039021	OK	 
REQUEST		Last Contribution	1673529038927	1673529039221	OK	 
REQUEST		Reputation	1673529038241	1673529039370	OK	 
REQUEST		Reputation Twelve months	1673529039236	1673529039565	OK	 
REQUEST		Last Contribution	1673529039459	1673529039752	OK	 
REQUEST		Knolder ID	1673529039544	1673529039847	OK	 
REQUEST		Reputation Twelve months	1673529039690	1673529039983	OK	 
REQUEST		Last Contribution	1673529039887	1673529040177	OK	 
REQUEST		Knolder ID	1673529040004	1673529040290	OK	 
REQUEST		Reputation Twelve months	1673529040165	1673529040472	OK	 
REQUEST		Last Contribution	1673529040370	1673529040671	OK	 
REQUEST		Knolder ID	1673529040557	1673529040852	OK	 
REQUEST		Reputation Twelve months	1673529040663	1673529040973	OK	 
REQUEST		Last Contribution	1673529040914	1673529041235	OK	 
REQUEST		Knolder ID	1673529041038	1673529041355	OK	 
REQUEST		Reputation Twelve months	1673529041175	1673529041495	OK	 
REQUEST		Last Contribution	1673529041373	1673529041677	OK	 
REQUEST		Knolder ID	1673529041518	1673529041801	OK	 
REQUEST		Reputation Twelve months	1673529041671	1673529041994	OK	 
REQUEST		Last Contribution	1673529041884	1673529042179	OK	 
REQUEST		Knolder ID	1673529042022	1673529042310	OK	 
REQUEST		Reputation Twelve months	1673529042222	1673529042539	OK	 
REQUEST		Last Contribution	1673529042371	1673529042761	OK	 
REQUEST		Knolder ID	1673529042566	1673529042859	OK	 
REQUEST		Reputation Twelve months	1673529042753	1673529043105	OK	 
REQUEST		Knolder ID	1673529042984	1673529043270	OK	 
REQUEST		Reputation Twelve months	1673529043178	1673529043480	OK	 
REQUEST		Knolder ID	1673529043473	1673529043763	OK	 
REQUEST		Reputation Twelve months	1673529043672	1673529043982	OK	 
REQUEST		Get All Rewards	1673529042849	1673529044226	OK	 
REQUEST		Knolder ID	1673529043974	1673529044269	OK	 
REQUEST		Reputation Twelve months	1673529044236	1673529044586	OK	 
REQUEST		Get All Rewards	1673529043292	1673529044706	OK	 
REQUEST		Knolder ID	1673529044497	1673529044782	OK	 
REQUEST		Reputation Twelve months	1673529044678	1673529045007	OK	 
REQUEST		Knolder ID	1673529044995	1673529045286	OK	 
REQUEST		Get All Rewards	1673529043853	1673529045287	OK	 
REQUEST		Reputation Twelve months	1673529045180	1673529045497	OK	 
REQUEST		Get All Rewards	1673529044356	1673529045756	OK	 
REQUEST		Knolder ID	1673529045540	1673529045827	OK	 
REQUEST		Reputation Twelve months	1673529045762	1673529046088	OK	 
REQUEST		Get All Rewards	1673529044802	1673529046224	OK	 
REQUEST		Knolder ID	1673529046106	1673529046429	OK	 
REQUEST		Get All Rewards	1673529045311	1673529046732	OK	 
REQUEST		Knolder ID	1673529046481	1673529046767	OK	 
USER	Create  Scenario	END	1673529047231
REQUEST		Knolder ID	1673529046983	1673529047271	OK	 
REQUEST		Get All Rewards	1673529045860	1673529047280	OK	 
REQUEST		Get All Rewards	1673529046271	1673529047666	OK	 
USER	Create  Scenario	END	1673529047707
REQUEST		Knolder ID	1673529047587	1673529047883	OK	 
REQUEST		Get All Rewards	1673529046764	1673529048147	OK	 
USER	Create  Scenario	END	1673529048288
REQUEST		Knolder ID	1673529048009	1673529048294	OK	 
REQUEST		Get All Rewards	1673529047270	1673529048653	OK	 
USER	Create  Scenario	END	1673529048758
REQUEST		Knolder ID	1673529048499	1673529048788	OK	 
REQUEST		Get All Rewards	1673529047783	1673529049170	OK	 
USER	Create  Scenario	END	1673529049225
REQUEST		Knolder ID	1673529049089	1673529049376	OK	 
REQUEST		Get All Rewards	1673529048288	1673529049682	OK	 
USER	Create  Scenario	END	1673529049733
REQUEST		Get All Rewards	1673529048828	1673529050225	OK	 
USER	Create  Scenario	END	1673529050281
USER	Create  Scenario	END	1673529050667
REQUEST		Get All Rewards	1673529049430	1673529050805	OK	 
USER	Create  Scenario	END	1673529051149
REQUEST		Get All Rewards	1673529049769	1673529051151	OK	 
USER	Create  Scenario	END	1673529051654
REQUEST		Get All Rewards	1673529050272	1673529051715	OK	 
USER	Create  Scenario	END	1673529052171
REQUEST		Get All Rewards	1673529050884	1673529052369	OK	 
REQUEST		Get All Rewards	1673529051295	1673529052680	OK	 
USER	Create  Scenario	END	1673529052683
USER	Create  Scenario	END	1673529053226
REQUEST		Get All Rewards	1673529051789	1673529053271	OK	 
USER	Create  Scenario	END	1673529053806
REQUEST		Get All Rewards	1673529052377	1673529053819	OK	 
USER	Create  Scenario	END	1673529054152
USER	Create  Scenario	END	1673529054716
USER	Create  Scenario	END	1673529055370
USER	Create  Scenario	END	1673529055683
USER	Create  Scenario	END	1673529056272
USER	Create  Scenario	END	1673529056820
