RUN	Simulations.Runner.CreateTwo	createtwo	1673517361713	 	3.5.1
USER	Create  Scenario	START	1673517368125
USER	Create  Scenario	START	1673517368167
USER	Create  Scenario	START	1673517368219
USER	Create  Scenario	START	1673517368269
USER	Create  Scenario	START	1673517368319
USER	Create  Scenario	START	1673517368370
USER	Create  Scenario	START	1673517368420
USER	Create  Scenario	START	1673517368471
USER	Create  Scenario	START	1673517368521
USER	Create  Scenario	START	1673517368571
USER	Create  Scenario	START	1673517368622
USER	Create  Scenario	START	1673517368672
USER	Create  Scenario	START	1673517368722
USER	Create  Scenario	START	1673517368772
USER	Create  Scenario	START	1673517368822
USER	Create  Scenario	START	1673517368872
USER	Create  Scenario	START	1673517368923
USER	Create  Scenario	START	1673517368973
USER	Create  Scenario	START	1673517369023
REQUEST		Proposal	1673517368168	1673517369019	OK	 
REQUEST		Proposal	1673517368148	1673517369019	OK	 
REQUEST		Proposal	1673517368219	1673517369058	OK	 
USER	Create  Scenario	START	1673517369073
REQUEST		Proposal	1673517368270	1673517369111	OK	 
USER	Create  Scenario	START	1673517369123
REQUEST		Proposal	1673517368320	1673517369159	OK	 
USER	Create  Scenario	START	1673517369168
REQUEST		Proposal	1673517368371	1673517369205	OK	 
USER	Create  Scenario	START	1673517369218
REQUEST		Proposal	1673517368421	1673517369254	OK	 
USER	Create  Scenario	START	1673517369268
REQUEST		Proposal	1673517368471	1673517369315	OK	 
USER	Create  Scenario	START	1673517369318
REQUEST		Proposal	1673517368522	1673517369367	OK	 
USER	Create  Scenario	START	1673517369368
REQUEST		Proposal	1673517368572	1673517369403	OK	 
USER	Create  Scenario	START	1673517369418
REQUEST		Proposal	1673517368623	1673517369467	OK	 
USER	Create  Scenario	START	1673517369468
USER	Create  Scenario	START	1673517369518
REQUEST		Proposal	1673517368673	1673517369522	OK	 
REQUEST		Proposal	1673517368723	1673517369563	OK	 
USER	Create  Scenario	START	1673517369568
USER	Create  Scenario	START	1673517369618
REQUEST		Proposal	1673517368773	1673517369630	OK	 
REQUEST		Proposal	1673517368823	1673517369651	OK	 
USER	Create  Scenario	START	1673517369668
USER	Create  Scenario	START	1673517369719
REQUEST		Proposal	1673517368873	1673517369735	OK	 
REQUEST		Proposal	1673517368923	1673517369757	OK	 
USER	Create  Scenario	START	1673517369768
REQUEST		Proposal	1673517368973	1673517369812	OK	 
USER	Create  Scenario	START	1673517369818
REQUEST		Proposal	1673517369023	1673517369857	OK	 
USER	Create  Scenario	START	1673517369869
REQUEST		Proposal	1673517369073	1673517369907	OK	 
USER	Create  Scenario	START	1673517369919
REQUEST		Proposal	1673517369123	1673517369968	OK	 
USER	Create  Scenario	START	1673517369969
REQUEST		Proposal	1673517369168	1673517369992	OK	 
USER	Create  Scenario	START	1673517370019
REQUEST		Proposal	1673517369218	1673517370052	OK	 
USER	Create  Scenario	START	1673517370069
REQUEST		Proposal	1673517369269	1673517370099	OK	 
USER	Create  Scenario	START	1673517370119
REQUEST		Proposal	1673517369318	1673517370143	OK	 
USER	Create  Scenario	START	1673517370168
REQUEST		Proposal	1673517369368	1673517370204	OK	 
USER	Create  Scenario	START	1673517370218
REQUEST		Proposal	1673517369419	1673517370242	OK	 
USER	Create  Scenario	START	1673517370268
REQUEST		Proposal	1673517369468	1673517370309	OK	 
USER	Create  Scenario	START	1673517370318
REQUEST		Proposal	1673517369519	1673517370355	OK	 
USER	Create  Scenario	START	1673517370368
REQUEST		Proposal	1673517369569	1673517370406	OK	 
USER	Create  Scenario	START	1673517370418
REQUEST		Proposal	1673517369619	1673517370442	OK	 
USER	Create  Scenario	START	1673517370468
REQUEST		Proposal	1673517369669	1673517370514	OK	 
USER	Create  Scenario	START	1673517370519
REQUEST		Proposal	1673517369719	1673517370549	OK	 
USER	Create  Scenario	START	1673517370569
REQUEST		Proposal	1673517369769	1673517370595	OK	 
USER	Create  Scenario	START	1673517370619
REQUEST		Proposal	1673517369819	1673517370654	OK	 
USER	Create  Scenario	START	1673517370669
REQUEST		Proposal	1673517369869	1673517370705	OK	 
USER	Create  Scenario	START	1673517370719
REQUEST		Proposal	1673517369919	1673517370752	OK	 
USER	Create  Scenario	START	1673517370769
REQUEST		Proposal	1673517369969	1673517370797	OK	 
USER	Create  Scenario	START	1673517370819
REQUEST		Proposal	1673517370019	1673517370844	OK	 
USER	Create  Scenario	START	1673517370869
REQUEST		Proposal	1673517370069	1673517370914	OK	 
USER	Create  Scenario	START	1673517370919
REQUEST		Proposal	1673517370119	1673517370966	OK	 
USER	Create  Scenario	START	1673517370969
REQUEST		Proposal	1673517370168	1673517371003	OK	 
USER	Create  Scenario	START	1673517371019
REQUEST		Proposal	1673517370219	1673517371045	OK	 
USER	Create  Scenario	START	1673517371070
REQUEST		Proposal	1673517370269	1673517371111	OK	 
USER	Create  Scenario	START	1673517371119
USER	Create  Scenario	START	1673517371168
REQUEST		Proposal	1673517370319	1673517371212	OK	 
USER	Create  Scenario	START	1673517371218
USER	Create  Scenario	START	1673517371268
REQUEST		Proposal	1673517370368	1673517371277	OK	 
USER	Create  Scenario	START	1673517371318
REQUEST		Proposal	1673517370419	1673517371342	OK	 
USER	Create  Scenario	START	1673517371368
REQUEST		Proposal	1673517370469	1673517371386	OK	 
REQUEST		Proposal	1673517370519	1673517371415	OK	 
USER	Create  Scenario	START	1673517371418
USER	Create  Scenario	START	1673517371468
REQUEST		Proposal	1673517370569	1673517371517	OK	 
USER	Create  Scenario	START	1673517371518
REQUEST		Proposal	1673517370619	1673517371553	OK	 
USER	Create  Scenario	START	1673517371568
REQUEST		Proposal	1673517370669	1673517371591	OK	 
REQUEST		Proposal	1673517370719	1673517371618	OK	 
USER	Create  Scenario	START	1673517371619
REQUEST		Proposal	1673517370770	1673517371667	OK	 
USER	Create  Scenario	START	1673517371668
USER	Create  Scenario	START	1673517371718
REQUEST		Proposal	1673517370820	1673517371732	OK	 
USER	Create  Scenario	START	1673517371769
USER	Create  Scenario	START	1673517371819
REQUEST		Proposal	1673517370869	1673517371827	OK	 
REQUEST		Proposal	1673517370919	1673517371842	OK	 
REQUEST		Proposal	1673517370970	1673517371869	OK	 
USER	Create  Scenario	START	1673517371869
REQUEST		Proposal	1673517371020	1673517371904	OK	 
USER	Create  Scenario	START	1673517371919
USER	Create  Scenario	START	1673517371969
REQUEST		Proposal	1673517371070	1673517371969	OK	 
REQUEST		Proposal	1673517371120	1673517372004	OK	 
USER	Create  Scenario	START	1673517372019
USER	Create  Scenario	START	1673517372069
REQUEST		Proposal	1673517371168	1673517372075	OK	 
REQUEST		Proposal	1673517371218	1673517372093	OK	 
REQUEST		Proposal	1673517371268	1673517372106	OK	 
USER	Create  Scenario	START	1673517372119
REQUEST		Proposal	1673517371318	1673517372157	OK	 
USER	Create  Scenario	START	1673517372168
REQUEST		Proposal	1673517371368	1673517372198	OK	 
USER	Create  Scenario	START	1673517372218
REQUEST		Proposal	1673517371418	1673517372258	OK	 
USER	Create  Scenario	START	1673517372268
REQUEST		Proposal	1673517371468	1673517372304	OK	 
USER	Create  Scenario	START	1673517372318
REQUEST		Proposal	1673517371518	1673517372357	OK	 
USER	Create  Scenario	START	1673517372369
USER	Create  Scenario	START	1673517372419
REQUEST		Proposal	1673517371569	1673517372459	OK	 
USER	Create  Scenario	START	1673517372469
REQUEST		Proposal	1673517371619	1673517372491	OK	 
REQUEST		Proposal	1673517371669	1673517372507	OK	 
USER	Create  Scenario	START	1673517372519
REQUEST		Proposal	1673517371719	1673517372563	OK	 
USER	Create  Scenario	START	1673517372569
USER	Create  Scenario	START	1673517372619
USER	Create  Scenario	START	1673517372669
USER	Create  Scenario	START	1673517372719
USER	Create  Scenario	START	1673517372769
USER	Create  Scenario	START	1673517372819
USER	Create  Scenario	START	1673517372869
USER	Create  Scenario	START	1673517372919
USER	Create  Scenario	START	1673517372969
USER	Create  Scenario	START	1673517373019
USER	Create  Scenario	START	1673517373070
REQUEST		Proposal	1673517372319	1673517373194	OK	 
REQUEST		Proposal	1673517371919	1673517373194	OK	 
REQUEST		Proposal	1673517371769	1673517373251	OK	 
REQUEST		Proposal	1673517371869	1673517373255	OK	 
REQUEST		Proposal	1673517371819	1673517373292	OK	 
REQUEST		Proposal	1673517371969	1673517373333	OK	 
REQUEST		Proposal	1673517372019	1673517373355	OK	 
REQUEST		Proposal	1673517372469	1673517373359	OK	 
REQUEST		Proposal	1673517372119	1673517373360	OK	 
REQUEST		Proposal	1673517372519	1673517373389	OK	 
REQUEST		Proposal	1673517372069	1673517373657	OK	 
REQUEST		Proposal	1673517372619	1673517373737	OK	 
REQUEST		Proposal	1673517372569	1673517373821	OK	 
REQUEST		Proposal	1673517372669	1673517373855	OK	 
REQUEST		Proposal	1673517372269	1673517373857	OK	 
REQUEST		Proposal	1673517372169	1673517373857	OK	 
REQUEST		Proposal	1673517372919	1673517373857	OK	 
REQUEST		Proposal	1673517372219	1673517373857	OK	 
REQUEST		Proposal	1673517372719	1673517374553	OK	 
REQUEST		Proposal	1673517372769	1673517374634	OK	 
REQUEST		Proposal	1673517372869	1673517374641	OK	 
REQUEST		Proposal	1673517373019	1673517374720	OK	 
REQUEST		Proposal	1673517372369	1673517375260	OK	 
REQUEST		Proposal	1673517372419	1673517375262	OK	 
REQUEST		Proposal	1673517372819	1673517375308	OK	 
REQUEST		Proposal	1673517373070	1673517375496	OK	 
REQUEST		Proposal	1673517372969	1673517375496	OK	 
REQUEST		Proposals	1673517374387	1673517384874	OK	 
REQUEST		Proposals	1673517373798	1673517386414	OK	 
REQUEST		Proposals	1673517372653	1673517386692	OK	 
REQUEST		Proposals	1673517372858	1673517386773	OK	 
REQUEST		Proposals	1673517373356	1673517387821	OK	 
REQUEST		Edit Proposal	1673517387883	1673517388290	OK	 
REQUEST		Proposals	1673517374828	1673517388927	OK	 
REQUEST		Proposals	1673517374004	1673517389256	OK	 
REQUEST		Edit Proposal	1673517389415	1673517389798	OK	 
REQUEST		Proposals	1673517374668	1673517389852	OK	 
REQUEST		Proposals	1673517374592	1673517389991	OK	 
REQUEST		Edit Proposal	1673517389693	1673517390103	OK	 
REQUEST		Edit Proposal	1673517389774	1673517390144	OK	 
REQUEST		Edit Proposal	1673517390822	1673517391210	OK	 
REQUEST		Proposals	1673517373205	1673517392047	OK	 
REQUEST		Reputation	1673517391291	1673517392048	OK	 
REQUEST		Proposals	1673517374733	1673517392069	OK	 
REQUEST		Proposals	1673517377554	1673517392132	OK	 
REQUEST		Edit Proposal	1673517391928	1673517392253	OK	 
REQUEST		Edit Proposal	1673517392257	1673517392640	OK	 
REQUEST		Proposals	1673517374279	1673517392795	OK	 
REQUEST		Proposals	1673517374619	1673517392827	OK	 
REQUEST		Proposals	1673517376858	1673517393023	OK	 
REQUEST		Edit Proposal	1673517392853	1673517393213	OK	 
REQUEST		Edit Proposal	1673517392992	1673517393366	OK	 
REQUEST		Reputation	1673517392799	1673517393454	OK	 
REQUEST		Proposals	1673517375305	1673517393628	OK	 
REQUEST		Reputation	1673517393104	1673517393785	OK	 
REQUEST		Reputation	1673517393144	1673517393819	OK	 
REQUEST		Proposals	1673517374214	1673517394250	OK	 
REQUEST		Reputation	1673517394211	1673517394924	OK	 
USER	Create  Scenario	END	1673517395052
REQUEST		Edit Proposal	1673517395048	1673517395350	OK	 
REQUEST		Edit Proposal	1673517395070	1673517395390	OK	 
REQUEST		Edit Proposal	1673517395133	1673517395455	OK	 
REQUEST		Reputation	1673517395254	1673517395919	OK	 
REQUEST		Edit Proposal	1673517395796	1673517396177	OK	 
REQUEST		Edit Proposal	1673517395828	1673517396237	OK	 
REQUEST		Reputation	1673517395640	1673517396398	OK	 
REQUEST		Edit Proposal	1673517396024	1673517396425	OK	 
USER	Create  Scenario	END	1673517396455
USER	Create  Scenario	END	1673517396786
USER	Create  Scenario	END	1673517396821
REQUEST		Reputation	1673517396214	1673517396951	OK	 
REQUEST		Edit Proposal	1673517396629	1673517397017	OK	 
REQUEST		Reputation	1673517396367	1673517397106	OK	 
REQUEST		Edit Proposal	1673517397251	1673517397660	OK	 
USER	Create  Scenario	END	1673517397925
USER	Create  Scenario	END	1673517398920
REQUEST		Reputation	1673517398351	1673517399108	OK	 
REQUEST		Reputation	1673517398391	1673517399144	OK	 
REQUEST		Reputation	1673517398455	1673517399197	OK	 
USER	Create  Scenario	END	1673517399399
USER	Create  Scenario	END	1673517399952
REQUEST		Reputation	1673517399238	1673517399990	OK	 
USER	Create  Scenario	END	1673517400107
REQUEST		Reputation	1673517399426	1673517400237	OK	 
REQUEST		Reputation	1673517399178	1673517400625	OK	 
REQUEST		Reputation	1673517400018	1673517400817	OK	 
REQUEST		Proposals	1673517376858	1673517401036	OK	 
REQUEST		Proposals	1673517378262	1673517401067	OK	 
REQUEST		Proposals	1673517376858	1673517401129	OK	 
REQUEST		Reputation	1673517400661	1673517401312	OK	 
USER	Create  Scenario	END	1673517402109
USER	Create  Scenario	END	1673517402145
USER	Create  Scenario	END	1673517402198
REQUEST		Proposals	1673517376360	1673517402524	OK	 
USER	Create  Scenario	END	1673517402991
REQUEST		Proposals	1673517376390	1673517403013	OK	 
REQUEST		Proposals	1673517376256	1673517403196	OK	 
USER	Create  Scenario	END	1673517403238
USER	Create  Scenario	END	1673517403626
USER	Create  Scenario	END	1673517403818
USER	Create  Scenario	END	1673517404313
REQUEST		Edit Proposal	1673517404036	1673517404394	OK	 
REQUEST		Edit Proposal	1673517404068	1673517404419	OK	 
REQUEST		Edit Proposal	1673517404130	1673517404484	OK	 
REQUEST		Edit Proposal	1673517405525	1673517405897	OK	 
REQUEST		Edit Proposal	1673517406014	1673517406330	OK	 
REQUEST		Edit Proposal	1673517406197	1673517406533	OK	 
REQUEST		Reputation	1673517407395	1673517408125	OK	 
REQUEST		Reputation	1673517407420	1673517408141	OK	 
REQUEST		Reputation	1673517407485	1673517408206	OK	 
REQUEST		Reputation	1673517408897	1673517409638	OK	 
REQUEST		Reputation	1673517409331	1673517410049	OK	 
REQUEST		Proposals	1673517375094	1673517410149	OK	 
REQUEST		Reputation	1673517409534	1673517410544	OK	 
USER	Create  Scenario	END	1673517411126
USER	Create  Scenario	END	1673517411142
USER	Create  Scenario	END	1673517411207
USER	Create  Scenario	END	1673517412639
USER	Create  Scenario	END	1673517413050
REQUEST		Edit Proposal	1673517413150	1673517413456	OK	 
USER	Create  Scenario	END	1673517413545
REQUEST		Reputation	1673517416457	1673517417142	OK	 
USER	Create  Scenario	END	1673517420143
REQUEST		Proposals	1673517372255	1673517421825	OK	 
REQUEST		Edit Proposal	1673517424826	1673517425209	OK	 
REQUEST		Proposals	1673517372059	1673517428238	OK	 
REQUEST		Reputation	1673517428210	1673517428961	OK	 
REQUEST		Edit Proposal	1673517431239	1673517431677	OK	 
USER	Create  Scenario	END	1673517431962
REQUEST		Proposals	1673517372039	1673517432040	KO	i.g.h.c.i.RequestTimeoutException: Request timeout to backend-qa.knoldus.com/34.132.142.94:443 after 60000 ms
REQUEST		Proposals	1673517372039	1673517432040	KO	i.g.h.c.i.RequestTimeoutException: Request timeout to backend-qa.knoldus.com/34.132.142.94:443 after 60000 ms
REQUEST		Proposals	1673517372112	1673517432112	KO	i.g.h.c.i.RequestTimeoutException: Request timeout to backend-qa.knoldus.com/34.132.142.94:443 after 60000 ms
REQUEST		Proposals	1673517372160	1673517432160	KO	i.g.h.c.i.RequestTimeoutException: Request timeout to backend-qa.knoldus.com/34.132.142.94:443 after 60000 ms
REQUEST		Proposals	1673517372206	1673517432206	KO	i.g.h.c.i.RequestTimeoutException: Request timeout to backend-qa.knoldus.com/34.132.142.94:443 after 60000 ms
REQUEST		Proposals	1673517372316	1673517432317	KO	i.g.h.c.i.RequestTimeoutException: Request timeout to backend-qa.knoldus.com/34.132.142.94:443 after 60000 ms
REQUEST		Proposals	1673517372368	1673517432369	KO	i.g.h.c.i.RequestTimeoutException: Request timeout to backend-qa.knoldus.com/34.132.142.94:443 after 60000 ms
REQUEST		Proposals	1673517372404	1673517432404	KO	i.g.h.c.i.RequestTimeoutException: Request timeout to backend-qa.knoldus.com/34.132.142.94:443 after 60000 ms
REQUEST		Proposals	1673517372468	1673517432468	KO	i.g.h.c.i.RequestTimeoutException: Request timeout to backend-qa.knoldus.com/34.132.142.94:443 after 60000 ms
REQUEST		Proposals	1673517372524	1673517432524	KO	