RUN	Simulations.Create	create	1672825706049	 	3.5.1
USER	Create  Scenario	START	1672825712218
USER	Create  Scenario	START	1672825712460
USER	Create  Scenario	START	1672825712712
USER	Create  Scenario	START	1672825712964
USER	Create  Scenario	START	1672825713214
USER	Create  Scenario	START	1672825713544
USER	Create  Scenario	START	1672825713878
USER	Create  Scenario	START	1672825714212
USER	Create  Scenario	START	1672825714544
USER	Create  Scenario	START	1672825714878
USER	Create  Scenario	START	1672825715212
USER	Create  Scenario	START	1672825715461
USER	Create  Scenario	START	1672825715711
USER	Create  Scenario	START	1672825715962
USER	Create  Scenario	START	1672825716213
USER	Create  Scenario	START	1672825716544
USER	Create  Scenario	START	1672825716877
USER	Create  Scenario	START	1672825717211
USER	Create  Scenario	START	1672825717544
USER	Create  Scenario	START	1672825717877
USER	Create  Scenario	START	1672825718212
USER	Create  Scenario	START	1672825718460
REQUEST		Proposal	1672825712461	1672825718592	OK	 
USER	Create  Scenario	START	1672825718711
USER	Create  Scenario	START	1672825718961
USER	Create  Scenario	START	1672825719211
USER	Create  Scenario	START	1672825719544
USER	Create  Scenario	START	1672825719877
USER	Create  Scenario	START	1672825720212
USER	Create  Scenario	START	1672825720544
USER	Create  Scenario	START	1672825720877
USER	Create  Scenario	START	1672825721211
USER	Create  Scenario	START	1672825721461
USER	Create  Scenario	START	1672825721711
USER	Create  Scenario	START	1672825721961
USER	Create  Scenario	START	1672825722211
REQUEST		Contribution	1672825721618	1672825722240	KO	status.find.is(200), but actually found 404
REQUEST		Proposal	1672825712713	1672825722448	OK	 
USER	Create  Scenario	START	1672825722543
USER	Create  Scenario	START	1672825722876
USER	Create  Scenario	START	1672825723211
USER	Create  Scenario	START	1672825723544
USER	Create  Scenario	START	1672825723877
REQUEST		Proposal	1672825714878	1672825724170	OK	 
REQUEST		Proposal	1672825716213	1672825724208	OK	 
USER	Create  Scenario	START	1672825724211
USER	Create  Scenario	START	1672825724460
REQUEST		Proposal	1672825712244	1672825724532	OK	 
USER	Create  Scenario	START	1672825724711
USER	Create  Scenario	START	1672825724961
USER	Create  Scenario	START	1672825725211
USER	Create  Scenario	END	1672825725247
USER	Create  Scenario	START	1672825725544
REQUEST		Contribution	1672825725449	1672825725806	KO	status.find.is(200), but actually found 404
USER	Create  Scenario	START	1672825725877
REQUEST		Proposal	1672825713878	1672825726030	OK	 
USER	Create  Scenario	START	1672825726211
USER	Create  Scenario	START	1672825726543
REQUEST		Proposal	1672825716878	1672825726602	OK	 
USER	Create  Scenario	START	1672825726876
USER	Create  Scenario	START	1672825727210
USER	Create  Scenario	START	1672825727461
REQUEST		Contribution	1672825727172	1672825727544	KO	status.find.is(200), but actually found 404
REQUEST		Contribution	1672825727209	1672825727603	KO	status.find.is(200), but actually found 404
USER	Create  Scenario	START	1672825727711
REQUEST		Contribution	1672825727533	1672825727940	KO	status.find.is(200), but actually found 404
USER	Create  Scenario	START	1672825727961
USER	Create  Scenario	START	1672825728211
USER	Create  Scenario	START	1672825728543
USER	Create  Scenario	END	1672825728808
USER	Create  Scenario	START	1672825728876
USER	Create  Scenario	START	1672825729210
REQUEST		Contribution	1672825729031	1672825729400	KO	status.find.is(200), but actually found 404
USER	Create  Scenario	START	1672825729544
USER	Create  Scenario	START	1672825729877
REQUEST		Contribution	1672825729603	1672825729993	KO	status.find.is(200), but actually found 404
USER	Create  Scenario	START	1672825730211
USER	Create  Scenario	START	1672825730461
USER	Create  Scenario	END	1672825730545
USER	Create  Scenario	END	1672825730605
USER	Create  Scenario	START	1672825730711
USER	Create  Scenario	END	1672825730941
USER	Create  Scenario	START	1672825730961
USER	Create  Scenario	START	1672825731211
USER	Create  Scenario	START	1672825731543
USER	Create  Scenario	START	1672825731876
USER	Create  Scenario	START	1672825732211
USER	Create  Scenario	END	1672825732401
REQUEST		Proposal	1672825720544	1672825732414	KO	i.n.h.s.SslHandshakeTimeoutException: handshake timed out after 10000ms
REQUEST		Proposal	1672825720877	1672825732414	KO	i.n.h.s.SslHandshakeTimeoutException: handshake timed out after 10000ms
USER	Create  Scenario	START	1672825732544
REQUEST		Proposal	1672825725211	1672825732795	OK	 
USER	Create  Scenario	START	1672825732877
USER	Create  Scenario	END	1672825732995
REQUEST		Proposal	1672825724211	1672825733119	OK	 
USER	Create  Scenario	START	1672825733211
USER	Create  Scenario	START	1672825733461
REQUEST		Proposal	1672825727712	1672825733652	OK	 
USER	Create  Scenario	START	1672825733711
USER	Create  Scenario	START	1672825733961
USER	Create  Scenario	START	1672825734211
USER	Create  Scenario	START	1672825734544
USER	Create  Scenario	START	1672825734877
USER	Create  Scenario	START	1672825735211
USER	Create  Scenario	START	1672825735543
USER	Create  Scenario	START	1672825735877
REQUEST		Contribution	1672825735797	1672825736185	KO	status.find.is(200), but actually found 404
USER	Create  Scenario	START	1672825736211
USER	Create  Scenario	START	1672825736461
REQUEST		Contribution	1672825736120	1672825736510	KO	status.find.is(200), but actually found 404
REQUEST		Contribution	1672825735418	1672825736552	KO	status.find.is(200), but actually found 404
REQUEST		Contribution	1672825735418	1672825736554	KO	status.find.is(200), but actually found 404
USER	Create  Scenario	START	1672825736711
USER	Create  Scenario	START	1672825736961
REQUEST		Contribution	1672825736653	1672825737040	KO	status.find.is(200), but actually found 404
USER	Create  Scenario	START	1672825737211
USER	Create  Scenario	START	1672825737544
REQUEST		Proposal	1672825718213	1672825737851	OK	 
USER	Create  Scenario	START	1672825737877
USER	Create  Scenario	START	1672825738211
REQUEST		Proposal	1672825728212	1672825738532	OK	 
USER	Create  Scenario	START	1672825738543
USER	Create  Scenario	START	1672825738877
USER	Create  Scenario	END	1672825739187
USER	Create  Scenario	START	1672825739211
USER	Create  Scenario	START	1672825739461
USER	Create  Scenario	END	1672825739511
USER	Create  Scenario	END	1672825739553
USER	Create  Scenario	END	1672825739555
USER	Create  Scenario	START	1672825739711
USER	Create  Scenario	START	1672825739961
USER	Create  Scenario	END	1672825740042
USER	Create  Scenario	START	1672825740211
USER	Create  Scenario	START	1672825740544
REQUEST		Proposal	1672825728877	1672825740567	OK	 
USER	Create  Scenario	START	1672825740877
USER	Create  Scenario	START	1672825741211
USER	Create  Scenario	START	1672825741543
USER	Create  Scenario	START	1672825741877
REQUEST		Proposal	1672825729211	1672825742732	OK	 
REQUEST		Contribution	1672825740852	1672825742794	KO	status.find.is(200), but actually found 404
REQUEST		Contribution	1672825741533	1672825742807	KO	status.find.is(200), but actually found 404
REQUEST		Proposal	1672825720212	1672825742992	OK	 
REQUEST		Contribution	1672825743568	1672825744832	KO	status.find.is(200), but actually found 404
REQUEST		Proposal	1672825719212	1672825745465	OK	 
USER	Create  Scenario	END	1672825745796
USER	Create  Scenario	END	1672825745808
REQUEST		Contribution	1672825745733	1672825746868	KO	status.find.is(200), but actually found 404
REQUEST		Contribution	1672825745994	1672825746956	KO	status.find.is(200), but actually found 404
USER	Create  Scenario	END	1672825747833
REQUEST		Proposal	1672825721212	1672825748329	OK	 
REQUEST		Proposal	1672825738877	1672825748530	OK	 
REQUEST		Proposal	1672825736711	1672825748564	OK	 
REQUEST		Contribution	1672825748467	1672825748770	KO	status.find.is(200), but actually found 404
REQUEST		Proposal	1672825726877	1672825749826	OK	 
USER	Create  Scenario	END	1672825749870
REQUEST		Proposal	1672825730461	1672825749955	OK	 
USER	Create  Scenario	END	1672825749957
REQUEST		Proposal	1672825726544	1672825750071	OK	 
REQUEST		Proposal	1672825730212	1672825751128	OK	 
REQUEST		Contribution	1672825751331	1672825751683	KO	status.find.is(200), but actually found 404
USER	Create  Scenario	END	1672825751771
REQUEST		Contribution	1672825751531	1672825751890	KO	status.find.is(200), but actually found 404
REQUEST		Contribution	1672825751565	1672825751950	KO	status.find.is(200), but actually found 404
REQUEST		Contribution	1672825752827	1672825753139	KO	status.find.is(200), but actually found 404
REQUEST		Contribution	1672825752956	1672825753269	KO	status.find.is(200), but actually found 404
REQUEST		Contribution	1672825753073	1672825753500	KO	status.find.is(200), but actually found 404
REQUEST		Contribution	1672825754129	1672825754628	KO	status.find.is(200), but actually found 404
USER	Create  Scenario	END	1672825754684
USER	Create  Scenario	END	1672825754891
USER	Create  Scenario	END	1672825754952
REQUEST		Proposal	1672825726211	1672825755904	OK	 
USER	Create  Scenario	END	1672825756141
USER	Create  Scenario	END	1672825756270
USER	Create  Scenario	END	1672825756501
REQUEST		Proposal	1672825729877	1672825756808	OK	 
REQUEST		Proposal	1672825732877	1672825757070	OK	 
USER	Create  Scenario	END	1672825757629
REQUEST		Proposal	1672825739211	1672825759044	OK	 
REQUEST		Contribution	1672825758905	1672825759251	KO	status.find.is(200), but actually found 404
REQUEST		Proposal	1672825739711	1672825759289	OK	 
REQUEST		Contribution	1672825759809	1672825760176	KO	status.find.is(200), but actually found 404
REQUEST		Contribution	1672825760072	1672825760464	KO	status.find.is(200), but actually found 404
USER	Create  Scenario	END	1672825762252
REQUEST		Proposal	1672825735877	1672825762288	OK	 
REQUEST		Contribution	1672825762045	1672825762395	KO	status.find.is(200), but actually found 404
REQUEST		Contribution	1672825762290	1672825762639	KO	status.find.is(200), but actually found 404
REQUEST		Proposal	1672825738211	1672825763059	OK	 
USER	Create  Scenario	END	1672825763177
USER	Create  Scenario	END	1672825763465
USER	Create  Scenario	END	1672825765396
USER	Create  Scenario	END	1672825765640
REQUEST		Contribution	1672825765289	1672825765650	KO	status.find.is(200), but actually found 404
REQUEST		Contribution	1672825766060	1672825766439	KO	status.find.is(200), but actually found 404
REQUEST		Proposal	1672825737544	1672825768452	OK	 
REQUEST		Proposal	1672825715712	1672825768547	OK	 
USER	Create  Scenario	END	1672825768651
USER	Create  Scenario	END	1672825769441
REQUEST		Contribution	1672825771453	1672825771811	KO	status.find.is(200), but actually found 404
REQUEST		Contribution	1672825771548	1672825771889	KO	status.find.is(200), but actually found 404
REQUEST		Proposal	1672825712964	1672825772966	KO	i.g.h.c.i.RequestTimeoutException: Request timeout to backend-qa.knoldus.com/34.132.142.94:443 after 60000 ms
REQUEST		Proposal	1672825713215	1672825773215	KO	i.g.h.c.i.RequestTimeoutException: Request timeout to backend-qa.knoldus.com/34.132.142.94:443 after 60000 ms
REQUEST		Proposal	1672825713545	1672825773545	KO	i.g.h.c.i.RequestTimeoutException: Request timeout to backend-qa.knoldus.com/34.132.142.94:443 after 60000 ms
REQUEST		Proposal	1672825714213	1672825774213	KO	i.g.h.c.i.RequestTimeoutException: Request timeout to backend-qa.knoldus.com/34.132.142.94:443 after 60000 ms
REQUEST		Proposal	1672825714544	1672825774545	KO	i.g.h.c.i.RequestTimeoutException: Request timeout to backend-qa.knoldus.com/34.132.142.94:443 after 60000 ms
USER	Create  Scenario	END	1672825774813
USER	Create  Scenario	END	1672825774890
REQUEST		Proposal	1672825715213	1672825775213	KO	i.g.h.c.i.RequestTimeoutException: Request timeout to backend-qa.knoldus.com/34.132.142.94:443 after 60000 ms
REQUEST		Proposal	1672825715462	1672825775462	KO	i.g.h.c.i.RequestTimeoutException: Request timeout to backend-qa.knoldus.com/34.132.142.94:443 after 60000 ms
REQUEST		Proposal	1672825715963	1672825775963	KO	i.g.h.c.i.RequestTimeoutException: Request timeout to backend-qa.knoldus.com/34.132.142.94:443 after 60000 ms
REQUEST		Proposal	1672825740211	1672825776201	OK	 
REQUEST		Proposal	1672825716545	1672825776545	KO	i.g.h.c.i.RequestTimeoutException: Request timeout to backend-qa.knoldus.com/34.132.142.94:443 after 60000 ms
REQUEST		Proposal	1672825722212	1672825776614	OK	 
REQUEST		Contribution	1672825775967	1672825777079	KO	status.find.is(200), but actually found 404
REQUEST		Proposal	1672825717212	1672825777212	KO	i.g.h.c.i.RequestTimeoutException: Request timeout to backend-qa.knoldus.com/34.132.142.94:443 after 60000 ms
REQUEST		Contribution	1672825776216	1672825777296	KO	status.find.is(200), but actually found 404
REQUEST		Proposal	1672825717545	1672825777545	KO	i.g.h.c.i.RequestTimeoutException: Request timeout to backend-qa.knoldus.com/34.132.142.94:443 after 60000 ms
REQUEST		Contribution	1672825776546	1672825777639	KO	status.find.is(200), but actually found 404
REQUEST		Proposal	1672825717878	1672825777878	KO	i.g.h.c.i.RequestTimeoutException: Request timeout to backend-qa.knoldus.com/34.132.142.94:443 after 60000 ms
REQUEST		Proposal	1672825718461	1672825778461	KO	i.g.h.c.i.RequestTimeoutException: Request timeout to backend-qa.knoldus.com/34.132.142.94:443 after 60000 ms
REQUEST		Contribution	1672825777545	1672825778562	KO	status.find.is(200), but actually found 404
REQUEST		Proposal	1672825718711	1672825778712	KO	i.g.h.c.i.RequestTimeoutException: Request timeout to backend-qa.knoldus.com/34.132.142.94:443 after 60000 ms
REQUEST		Proposal	1672825718962	1672825778962	KO	i.g.h.c.i.RequestTimeoutException: Request timeout to backend-qa.knoldus.com/34.132.142.94:443 after 60000 ms
REQUEST		Contribution	1672825778214	1672825779273	KO	status.find.is(200), but actually found 404
REQUEST		Contribution	1672825777214	1672825779301	KO	status.find.is(200), but actually found 404
REQUEST		Proposal	1672825719545	1672825779545	KO	i.g.h.c.i.RequestTimeoutException: Request timeout to backend-qa.knoldus.com/34.132.142.94:443 after 60000 ms
REQUEST		Contribution	1672825778462	1672825779555	KO	status.find.is(200), but actually found 404
REQUEST		Contribution	1672825779202	1672825779580	KO	status.find.is(200), but actually found 404
REQUEST		Proposal	1672825719878	1672825779878	KO	i.g.h.c.i.RequestTimeoutException: Request timeout to backend-qa.knoldus.com/34.132.142.94:443 after 60000 ms
REQUEST		Contribution	1672825779615	1672825779942	KO	status.find.is(200), but actually found 404
REQUEST		Contribution	1672825778964	1672825780010	KO	status.find.is(200), but actually found 404
USER	Create  Scenario	END	1672825780080
USER	Create  Scenario	END	1672825780298
REQUEST		Contribution	1672825779546	1672825780513	KO	status.find.is(200), but actually found 404
USER	Create  Scenario	END	1672825780641
REQUEST		Proposal	1672825734878	1672825780966	OK	 
REQUEST		Contribution	1672825780213	1672825781249	KO	status.find.is(200), but actually found 404
REQUEST		Proposal	1672825721462	1672825781462	KO	i.g.h.c.i.RequestTimeoutException: Request timeout to backend-qa.knoldus.com/34.132.142.94:443 after 60000 ms
USER	Create  Scenario	END	1672825781563
REQUEST		Contribution	1672825780546	1672825781607	KO	status.find.is(200), but actually found 404
REQUEST		Proposal	1672825721712	1672825781712	KO	i.g.h.c.i.RequestTimeoutException: Request timeout to backend-qa.knoldus.com/34.132.142.94:443 after 60000 ms
REQUEST		Proposal	1672825721961	1672825781962	KO	i.g.h.c.i.RequestTimeoutException: Request timeout to backend-qa.knoldus.com/34.132.142.94:443 after 60000 ms
REQUEST		Contribution	1672825780878	1672825781971	KO	status.find.is(200), but actually found 404
USER	Create  Scenario	END	1672825782274
USER	Create  Scenario	END	1672825782302
REQUEST		Proposal	1672825722544	1672825782544	KO	i.g.h.c.i.RequestTimeoutException: Request timeout to backend-qa.knoldus.com/34.132.142.94:443 after 60000 ms
REQUEST		Contribution	1672825781462	1672825782550	KO	status.find.is(200), but actually found 404
USER	Create  Scenario	END	1672825782555
USER	Create  Scenario	END	1672825782580
REQUEST		Contribution	1672825781712	1672825782813	KO	status.find.is(200), but actually found 404
REQUEST		Proposal	1672825722877	1672825782877	KO	i.g.h.c.i.RequestTimeoutException: Request timeout to backend-qa.knoldus.com/34.132.142.94:443 after 60000 ms
USER	Create  Scenario	END	1672825782943
USER	Create  Scenario	END	1672825783011
REQUEST		Contribution	1672825781962	1672825783052	KO	status.find.is(200), but actually found 404
REQUEST		Proposal	1672825723211	1672825783211	KO	i.g.h.c.i.RequestTimeoutException: Request timeout to backend-qa.knoldus.com/34.132.142.94:443 after 60000 ms
USER	Create  Scenario	END	1672825783514
REQUEST		Proposal	1672825723544	1672825783544	KO	i.g.h.c.i.RequestTimeoutException: Request timeout to backend-qa.knoldus.com/34.132.142.94:443 after 60000 ms
REQUEST		Contribution	1672825782546	1672825783617	KO	status.find.is(200), but actually found 404
REQUEST		Proposal	1672825741211	1672825783635	OK	 
REQUEST		Proposal	1672825723877	1672825783877	KO	i.g.h.c.i.RequestTimeoutException: Request timeout to backend-qa.knoldus.com/34.132.142.94:443 after 60000 ms
REQUEST		Contribution	1672825782879	1672825783961	KO	status.find.is(200), but actually found 404
USER	Create  Scenario	END	1672825784250
REQUEST		Contribution	1672825783966	1672825784345	KO	status.find.is(200), but actually found 404
REQUEST		Proposal	1672825724461	1672825784461	KO	i.g.h.c.i.RequestTimeoutException: Request timeout to backend-qa.knoldus.com/34.132.142.94:443 after 60000 ms
USER	Create  Scenario	END	1672825784608
REQUEST		Proposal	1672825724711	1672825784711	KO	i.g.h.c.i.RequestTimeoutException: Request timeout to backend-qa.knoldus.com/34.132.142.94:443 after 60000 ms
REQUEST		Proposal	1672825731544	1672825784794	OK	 
REQUEST		Proposal	1672825740544	1672825784860	OK	 
REQUEST		Proposal	1672825724961	1672825784962	KO	i.g.h.c.i.RequestTimeoutException: Request timeout to backend-qa.knoldus.com/34.132.142.94:443 after 60000 ms
USER	Create  Scenario	END	1672825784972
REQUEST		Proposal	1672825734212	1672825785104	OK	 
REQUEST		Contribution	1672825784463	1672825785470	KO	status.find.is(200), but actually found 404
REQUEST		Proposal	1672825725544	1672825785544	KO	i.g.h.c.i.RequestTimeoutException: Request timeout to backend-qa.knoldus.com/34.132.142.94:443 after 60000 ms
USER	Create  Scenario	END	1672825785550
REQUEST		Contribution	1672825784712	1672825785704	KO	status.find.is(200), but actually found 404
USER	Create  Scenario	END	1672825785814
REQUEST		Proposal	1672825725877	1672825785877	KO	i.g.h.c.i.RequestTimeoutException: Request timeout to backend-qa.knoldus.com/34.132.142.94:443 after 60000 ms
REQUEST		Contribution	1672825784962	1672825785988	KO	status.find.is(200), but actually found 404
USER	Create  Scenario	END	1672825786054
USER	Create  Scenario	END	1672825786618
REQUEST		Contribution	1672825785545	1672825786623	KO	status.find.is(200), but actually found 404
REQUEST		Proposal	1672825739461	1672825786825	OK	 
REQUEST		Proposal	1672825735544	1672825786906	OK	 
REQUEST		Contribution	1672825785877	1672825786950	KO	status.find.is(200), but actually found 404
USER	Create  Scenario	END	1672825786963
REQUEST		Contribution	1672825786635	1672825787005	KO	status.find.is(200), but actually found 404
REQUEST		Proposal	1672825727211	1672825787211	KO	i.g.h.c.i.RequestTimeoutException: Request timeout to backend-qa.knoldus.com/34.132.142.94:443 after 60000 ms
REQUEST		Contribution	1672825786212	1672825787272	KO	status.find.is(200), but actually found 404
USER	Create  Scenario	END	1672825787346
REQUEST		Proposal	1672825727461	1672825787462	KO	i.g.h.c.i.RequestTimeoutException: Request timeout to backend-qa.knoldus.com/34.132.142.94:443 after 60000 ms
REQUEST		Contribution	1672825786545	1672825787583	KO	status.find.is(200), but actually found 404
REQUEST		Contribution	1672825786878	1672825787912	KO	status.find.is(200), but actually found 404
REQUEST		Proposal	1672825727962	1672825787962	KO	i.g.h.c.i.RequestTimeoutException: Request timeout to backend-qa.knoldus.com/34.132.142.94:443 after 60000 ms
REQUEST		Contribution	1672825787795	1672825788139	KO	status.find.is(200), but actually found 404
REQUEST		Contribution	1672825787861	1672825788198	KO	status.find.is(200), but actually found 404
REQUEST		Proposal	1672825732211	1672825788399	OK	 
REQUEST		Contribution	1672825788104	1672825788443	KO	status.find.is(200), but actually found 404
REQUEST		Contribution	1672825787462	1672825788469	KO	status.find.is(200), but actually found 404
USER	Create  Scenario	END	1672825788471
REQUEST		Proposal	1672825734545	1672825788499	OK	 
REQUEST		Proposal	1672825728544	1672825788544	KO	i.g.h.c.i.RequestTimeoutException: Request timeout to backend-qa.knoldus.com/34.132.142.94:443 after 60000 ms
REQUEST		Proposal	1672825736461	1672825788645	OK	 
REQUEST		Contribution	1672825787712	1672825788702	KO	status.find.is(200), but actually found 404
USER	Create  Scenario	END	1672825788705
REQUEST		Contribution	1672825787962	1672825788919	KO	status.find.is(200), but actually found 404
USER	Create  Scenario	END	1672825788989
REQUEST		Proposal	1672825731212	1672825789014	OK	 
REQUEST		Contribution	1672825788545	1672825789420	KO	status.find.is(200), but actually found 404
REQUEST		Proposal	1672825729544	1672825789545	KO	i.g.h.c.i.RequestTimeoutException: Request timeout to backend-qa.knoldus.com/34.132.142.94:443 after 60000 ms
REQUEST		Proposal	1672825731876	1672825789572	OK	 
USER	Create  Scenario	END	1672825789624
REQUEST		Contribution	1672825788878	1672825789745	KO	status.find.is(200), but actually found 404
REQUEST		Proposal	1672825733711	1672825789854	OK	 
REQUEST		Proposal	1672825739961	1672825789910	OK	 
USER	Create  Scenario	END	1672825789951
USER	Create  Scenario	END	1672825790006
REQUEST		Proposal	1672825740877	1672825790109	OK	 
REQUEST		Contribution	1672825789826	1672825790130	KO	status.find.is(200), but actually found 404
REQUEST		Contribution	1672825789908	1672825790210	KO	status.find.is(200), but actually found 404
USER	Create  Scenario	END	1672825790273
USER	Create  Scenario	END	1672825790584
REQUEST		Proposal	1672825730712	1672825790712	KO	i.g.h.c.i.RequestTimeoutException: Request timeout to backend-qa.knoldus.com/34.132.142.94:443 after 60000 ms
REQUEST		Proposal	1672825741878	1672825790806	OK	 
USER	Create  Scenario	END	1672825790913
REQUEST		Proposal	1672825730962	1672825790961	OK	 
REQUEST		Contribution	1672825790212	1672825791109	KO	status.find.is(200), but actually found 404
USER	Create  Scenario	END	1672825791140
USER	Create  Scenario	END	1672825791199
REQUEST		Contribution	1672825790462	1672825791333	KO	status.find.is(200), but actually found 404
USER	Create  Scenario	END	1672825791444
USER	Create  Scenario	END	1672825791470
REQUEST		Proposal	1672825732544	1672825791549	OK	 
USER	Create  Scenario	END	1672825791703
REQUEST		Contribution	1672825791400	1672825791707	KO	status.find.is(200), but actually found 404
REQUEST		Contribution	1672825791500	1672825791802	KO	status.find.is(200), but actually found 404
REQUEST		Proposal	1672825736961	1672825791834	OK	 
REQUEST		Contribution	1672825790962	1672825791837	KO	status.find.is(200), but actually found 404
USER	Create  Scenario	END	1672825791920
REQUEST		Contribution	1672825791645	1672825791950	KO	status.find.is(200), but actually found 404
REQUEST		Contribution	1672825792015	1672825792311	KO	status.find.is(200), but actually found 404
REQUEST		Proposal	1672825733961	1672825792400	OK	 
USER	Create  Scenario	END	1672825792421
REQUEST		Contribution	1672825791545	1672825792430	KO	status.find.is(200), but actually found 404
USER	Create  Scenario	END	1672825792746
REQUEST		Contribution	1672825792573	1672825792873	KO	status.find.is(200), but actually found 404
USER	Create  Scenario	END	1672825793131
REQUEST		Contribution	1672825792855	1672825793151	KO	status.find.is(200), but actually found 404
REQUEST		Contribution	1672825792911	1672825793204	KO	status.find.is(200), but actually found 404
USER	Create  Scenario	END	1672825793211
REQUEST		Proposal	1672825733211	1672825793212	KO	i.g.h.c.i.RequestTimeoutException: Request timeout to backend-qa.knoldus.com/34.132.142.94:443 after 60000 ms
REQUEST		Proposal	1672825737877	1672825793228	OK	 
REQUEST		Proposal	1672825738544	1672825793242	OK	 
REQUEST		Contribution	1672825793110	1672825793408	KO	status.find.is(200), but actually found 404
REQUEST		Proposal	1672825737212	1672825793414	OK	 
REQUEST		Contribution	1672825792545	1672825793436	KO	status.find.is(200), but actually found 404
REQUEST		Proposal	1672825733461	1672825793461	KO	i.g.h.c.i.RequestTimeoutException: Request timeout to backend-qa.knoldus.com/34.132.142.94:443 after 60000 ms
REQUEST		Proposal	1672825736211	1672825793873	OK	 
REQUEST		Contribution	1672825793807	1672825794103	KO	status.find.is(200), but actually found 404
USER	Create  Scenario	END	1672825794110
REQUEST		Contribution	1672825793962	1672825794259	KO	status.find.is(200), but actually found 404
USER	Create  Scenario	END	1672825794334
REQUEST		Proposal	1672825735212	1672825794541	OK	 
REQUEST		Contribution	1672825793712	1672825794603	KO	status.find.is(200), but actually found 404
USER	Create  Scenario	END	1672825794708
USER	Create  Scenario	END	1672825794803
USER	Create  Scenario	END	1672825794838
REQUEST		Contribution	1672825794550	1672825794843	KO	status.find.is(200), but actually found 404
USER	Create  Scenario	END	1672825794951
REQUEST		Contribution	1672825794835	1672825795130	KO	status.find.is(200), but actually found 404
USER	Create  Scenario	END	1672825795312
USER	Create  Scenario	END	1672825795431
REQUEST		Contribution	1672825795401	1672825795699	KO	status.find.is(200), but actually found 404
REQUEST		Proposal	1672825741544	1672825795771	OK	 
USER	Create  Scenario	END	1672825795875
USER	Create  Scenario	END	1672825796152
USER	Create  Scenario	END	1672825796205
USER	Create  Scenario	END	1672825796410
USER	Create  Scenario	END	1672825796437
REQUEST		Contribution	1672825796228	1672825796521	KO	status.find.is(200), but actually found 404
REQUEST		Contribution	1672825796243	1672825796541	KO	status.find.is(200), but actually found 404
REQUEST		Contribution	1672825796415	1672825796711	KO	status.find.is(200), but actually found 404
REQUEST		Contribution	1672825796212	1672825797093	KO	status.find.is(200), but actually found 404
USER	Create  Scenario	END	1672825797104
REQUEST		Contribution	1672825796874	1672825797169	KO	status.find.is(200), but actually found 404
USER	Create  Scenario	END	1672825797260
REQUEST		Contribution	1672825796462	1672825797368	KO	status.find.is(200), but actually found 404
USER	Create  Scenario	END	1672825797604
REQUEST		Contribution	1672825797542	1672825797837	KO	status.find.is(200), but actually found 404
USER	Create  Scenario	END	1672825797843
USER	Create  Scenario	END	1672825798131
USER	Create  Scenario	END	1672825798701
REQUEST		Contribution	1672825798772	1672825799066	KO	status.find.is(200), but actually found 404
USER	Create  Scenario	END	1672825799522
USER	Create  Scenario	END	1672825799542
USER	Create  Scenario	END	1672825799712
USER	Create  Scenario	END	1672825800094
USER	Create  Scenario	END	1672825800170
USER	Create  Scenario	END	1672825800369
USER	Create  Scenario	END	1672825800838
USER	Create  Scenario	END	1672825802067
