RUN	Simulations.Create	create	1672986502018	 	3.5.1
USER	Create  Scenario	START	1672986507872
USER	Create  Scenario	START	1672986508866
USER	Create  Scenario	START	1672986509866
USER	Create  Scenario	START	1672986510865
USER	Create  Scenario	START	1672986511866
USER	Create  Scenario	START	1672986512866
USER	Create  Scenario	START	1672986513866
USER	Create  Scenario	START	1672986514866
USER	Create  Scenario	START	1672986515866
USER	Create  Scenario	START	1672986516866
USER	Create  Scenario	START	1672986517866
REQUEST		my Proposal	1672986512866	1672986517861	OK	 
REQUEST		my Proposal	1672986510866	1672986518532	OK	 
USER	Create  Scenario	START	1672986518866
USER	Create  Scenario	START	1672986519865
USER	Create  Scenario	START	1672986520866
USER	Create  Scenario	END	1672986520884
USER	Create  Scenario	END	1672986521534
USER	Create  Scenario	START	1672986521865
REQUEST		my Proposal	1672986517866	1672986522093	OK	 
USER	Create  Scenario	START	1672986522865
USER	Create  Scenario	START	1672986523866
USER	Create  Scenario	START	1672986524866
USER	Create  Scenario	END	1672986525094
REQUEST		my Proposal	1672986520866	1672986525649	OK	 
USER	Create  Scenario	START	1672986525866
USER	Create  Scenario	START	1672986526866
REQUEST		my Proposal	1672986516866	1672986527011	OK	 
REQUEST		my Proposal	1672986514867	1672986527331	OK	 
USER	Create  Scenario	START	1672986527866
USER	Create  Scenario	END	1672986528650
REQUEST		my Proposal	1672986524866	1672986528830	OK	 
USER	Create  Scenario	START	1672986528866
USER	Create  Scenario	START	1672986529866
USER	Create  Scenario	END	1672986530012
USER	Create  Scenario	END	1672986530332
USER	Create  Scenario	START	1672986530866
USER	Create  Scenario	END	1672986531831
USER	Create  Scenario	START	1672986531866
USER	Create  Scenario	START	1672986532866
USER	Create  Scenario	START	1672986533865
USER	Create  Scenario	START	1672986534866
REQUEST		my Proposal	1672986529866	1672986535559	OK	 
REQUEST		my Proposal	1672986522866	1672986535851	OK	 
USER	Create  Scenario	START	1672986535866
REQUEST		my Proposal	1672986513866	1672986536304	OK	 
USER	Create  Scenario	START	1672986536866
REQUEST		my Proposal	1672986509867	1672986537281	OK	 
REQUEST		my Proposal	1672986526866	1672986537368	OK	 
USER	Create  Scenario	START	1672986537866
REQUEST		my Proposal	1672986527867	1672986538256	OK	 
USER	Create  Scenario	END	1672986538560
USER	Create  Scenario	END	1672986538852
USER	Create  Scenario	START	1672986538866
REQUEST		my Proposal	1672986511866	1672986539045	OK	 
USER	Create  Scenario	END	1672986539306
USER	Create  Scenario	START	1672986539865
REQUEST		my Proposal	1672986508866	1672986539900	OK	 
USER	Create  Scenario	END	1672986540283
USER	Create  Scenario	END	1672986540369
USER	Create  Scenario	START	1672986540866
REQUEST		my Proposal	1672986518867	1672986541224	OK	 
USER	Create  Scenario	END	1672986541257
USER	Create  Scenario	START	1672986541865
USER	Create  Scenario	END	1672986542046
REQUEST		my Proposal	1672986507898	1672986542087	OK	 
USER	Create  Scenario	START	1672986542865
USER	Create  Scenario	END	1672986542901
REQUEST		my Proposal	1672986537866	1672986543286	OK	 
REQUEST		my Proposal	1672986533866	1672986543803	OK	 
REQUEST		my Proposal	1672986534866	1672986543844	OK	 
USER	Create  Scenario	START	1672986543866
USER	Create  Scenario	END	1672986544226
USER	Create  Scenario	START	1672986544866
USER	Create  Scenario	END	1672986545089
USER	Create  Scenario	START	1672986545865
REQUEST		my Proposal	1672986536866	1672986545874	OK	 
REQUEST		my Proposal	1672986535866	1672986546174	OK	 
USER	Create  Scenario	END	1672986546287
USER	Create  Scenario	END	1672986546804
USER	Create  Scenario	END	1672986546845
USER	Create  Scenario	START	1672986546866
REQUEST		my Proposal	1672986523866	1672986547235	OK	 
USER	Create  Scenario	START	1672986547866
REQUEST		my Proposal	1672986538866	1672986547981	OK	 
USER	Create  Scenario	START	1672986548866
USER	Create  Scenario	END	1672986548875
USER	Create  Scenario	END	1672986549175
USER	Create  Scenario	START	1672986549865
REQUEST		my Proposal	1672986541865	1672986550108	OK	 
REQUEST		my Proposal	1672986542866	1672986550184	OK	 
USER	Create  Scenario	END	1672986550236
REQUEST		my Proposal	1672986525867	1672986550368	OK	 
REQUEST		my Proposal	1672986532867	1672986550583	OK	 
USER	Create  Scenario	START	1672986550866
USER	Create  Scenario	END	1672986550982
REQUEST		my Proposal	1672986531866	1672986551087	OK	 
REQUEST		my Proposal	1672986543866	1672986551397	OK	 
REQUEST		my Proposal	1672986519866	1672986551609	OK	 
USER	Create  Scenario	START	1672986551865
USER	Create  Scenario	START	1672986552866
REQUEST		my Proposal	1672986521866	1672986552927	OK	 
USER	Create  Scenario	END	1672986553109
USER	Create  Scenario	END	1672986553185
REQUEST		my Proposal	1672986530866	1672986553369	OK	 
USER	Create  Scenario	END	1672986553369
REQUEST		my Proposal	1672986528867	1672986553403	OK	 
REQUEST		my Proposal	1672986515867	1672986553553	OK	 
USER	Create  Scenario	END	1672986553585
USER	Create  Scenario	START	1672986553866
USER	Create  Scenario	END	1672986554089
REQUEST		my Proposal	1672986548866	1672986554353	OK	 
USER	Create  Scenario	END	1672986554398
USER	Create  Scenario	END	1672986554611
USER	Create  Scenario	START	1672986554865
USER	Create  Scenario	START	1672986555866
USER	Create  Scenario	END	1672986555928
REQUEST		my Proposal	1672986546866	1672986556028	OK	 
USER	Create  Scenario	END	1672986556370
USER	Create  Scenario	END	1672986556404
USER	Create  Scenario	END	1672986556554
USER	Create  Scenario	START	1672986556865
USER	Create  Scenario	END	1672986557354
USER	Create  Scenario	START	1672986557865
REQUEST		my Proposal	1672986552866	1672986558124	OK	 
REQUEST		my Proposal	1672986551865	1672986558758	OK	 
USER	Create  Scenario	START	1672986558866
USER	Create  Scenario	END	1672986559030
USER	Create  Scenario	START	1672986559866
REQUEST		my Proposal	1672986545866	1672986559869	OK	 
REQUEST		my Proposal	1672986549866	1672986560213	OK	 
REQUEST		my Proposal	1672986540866	1672986560445	OK	 
REQUEST		my Proposal	1672986550867	1672986560657	OK	 
USER	Create  Scenario	START	1672986560866
REQUEST		my Proposal	1672986547866	1672986560984	OK	 
USER	Create  Scenario	END	1672986561126
REQUEST		my Proposal	1672986544866	1672986561559	OK	 
USER	Create  Scenario	END	1672986561759
USER	Create  Scenario	START	1672986561866
REQUEST		my Proposal	1672986539866	1672986562581	OK	 
REQUEST		my Proposal	1672986557865	1672986562705	OK	 
USER	Create  Scenario	START	1672986562865
USER	Create  Scenario	END	1672986562870
USER	Create  Scenario	END	1672986563214
USER	Create  Scenario	END	1672986563446
USER	Create  Scenario	END	1672986563658
USER	Create  Scenario	START	1672986563866
USER	Create  Scenario	END	1672986563985
USER	Create  Scenario	END	1672986564560
USER	Create  Scenario	START	1672986564866
REQUEST		my Proposal	1672986554866	1672986565150	OK	 
REQUEST		my Proposal	1672986559866	1672986565201	OK	 
USER	Create  Scenario	END	1672986565582
REQUEST		my Proposal	1672986555866	1672986565680	OK	 
USER	Create  Scenario	END	1672986565706
USER	Create  Scenario	START	1672986565865
REQUEST		my Proposal	1672986556866	1672986566085	OK	 
USER	Create  Scenario	START	1672986566866
REQUEST		my Proposal	1672986560866	1672986567343	OK	 
USER	Create  Scenario	START	1672986567865
REQUEST		my Proposal	1672986553866	1672986567892	OK	 
USER	Create  Scenario	END	1672986568151
USER	Create  Scenario	END	1672986568202
USER	Create  Scenario	END	1672986568681
REQUEST		my Proposal	1672986563866	1672986568782	OK	 
USER	Create  Scenario	START	1672986568866
USER	Create  Scenario	END	1672986569086
USER	Create  Scenario	START	1672986569865
USER	Create  Scenario	END	1672986570344
REQUEST		my Proposal	1672986564866	1672986570661	OK	 
REQUEST		my Proposal	1672986561866	1672986570718	OK	 
USER	Create  Scenario	START	1672986570866
USER	Create  Scenario	END	1672986570893
USER	Create  Scenario	END	1672986571784
USER	Create  Scenario	START	1672986571865
REQUEST		my Proposal	1672986567866	1672986572537	OK	 
USER	Create  Scenario	START	1672986572865
REQUEST		my Proposal	1672986565865	1672986573408	OK	 
USER	Create  Scenario	END	1672986573662
USER	Create  Scenario	END	1672986573719
USER	Create  Scenario	START	1672986573866
REQUEST		my Proposal	1672986568867	1672986574356	OK	 
REQUEST		my Proposal	1672986569866	1672986574680	OK	 
USER	Create  Scenario	START	1672986574866
USER	Create  Scenario	END	1672986575538
REQUEST		my Proposal	1672986570867	1672986575759	OK	 
USER	Create  Scenario	START	1672986575865
USER	Create  Scenario	END	1672986576409
USER	Create  Scenario	START	1672986576866
USER	Create  Scenario	END	1672986577357
REQUEST		my Proposal	1672986571866	1672986577553	OK	 
REQUEST		my Proposal	1672986572866	1672986577557	OK	 
REQUEST		my Proposal	1672986558866	1672986577634	OK	 
USER	Create  Scenario	END	1672986577681
USER	Create  Scenario	START	1672986577866
USER	Create  Scenario	END	1672986578760
USER	Create  Scenario	START	1672986578866
REQUEST		my Proposal	1672986574866	1672986579601	OK	 
USER	Create  Scenario	START	1672986579865
USER	Create  Scenario	END	1672986580554
USER	Create  Scenario	END	1672986580557
USER	Create  Scenario	END	1672986580635
USER	Create  Scenario	START	1672986580866
USER	Create  Scenario	START	1672986581865
REQUEST		my Proposal	1672986575866	1672986582002	OK	 
USER	Create  Scenario	END	1672986582602
USER	Create  Scenario	START	1672986582866
REQUEST		my Proposal	1672986577866	1672986582968	OK	 
REQUEST		my Proposal	1672986576866	1672986583373	OK	 
REQUEST		my Proposal	1672986562865	1672986583404	OK	 
REQUEST		my Proposal	1672986578866	1672986583453	OK	 
USER	Create  Scenario	START	1672986583865
USER	Create  Scenario	START	1672986584865
USER	Create  Scenario	END	1672986585003
USER	Create  Scenario	START	1672986585866
USER	Create  Scenario	END	1672986585969
USER	Create  Scenario	END	1672986586374
USER	Create  Scenario	END	1672986586405
USER	Create  Scenario	END	1672986586454
REQUEST		my Proposal	1672986581865	1672986586807	OK	 
USER	Create  Scenario	START	1672986586866
REQUEST		my Proposal	1672986580866	1672986587025	OK	 
USER	Create  Scenario	START	1672986587865
REQUEST		my Proposal	1672986582866	1672986588065	OK	 
REQUEST		my Proposal	1672986579866	1672986588215	OK	 
USER	Create  Scenario	START	1672986588866
REQUEST		my Proposal	1672986566866	1672986589290	OK	 
REQUEST		my Proposal	1672986583866	1672986589399	OK	 
USER	Create  Scenario	END	1672986589808
USER	Create  Scenario	START	1672986589865
USER	Create  Scenario	END	1672986590026
REQUEST		my Proposal	1672986585866	1672986590501	OK	 
USER	Create  Scenario	START	1672986590866
USER	Create  Scenario	END	1672986591066
USER	Create  Scenario	END	1672986591216
REQUEST		my Proposal	1672986586866	1672986591346	OK	 
USER	Create  Scenario	START	1672986591866
REQUEST		my Proposal	1672986587865	1672986592272	OK	 
USER	Create  Scenario	END	1672986592291
USER	Create  Scenario	END	1672986592401
USER	Create  Scenario	START	1672986592865
REQUEST		my Proposal	1672986588866	1672986593204	OK	 
USER	Create  Scenario	END	1672986593502
USER	Create  Scenario	START	1672986593865
REQUEST		my Proposal	1672986589866	1672986594162	OK	 
USER	Create  Scenario	END	1672986594347
USER	Create  Scenario	START	1672986594865
REQUEST		my Proposal	1672986590866	1672986595221	OK	 
USER	Create  Scenario	END	1672986595273
REQUEST		my Proposal	1672986573866	1672986595821	OK	 
USER	Create  Scenario	START	1672986595865
REQUEST		my Proposal	1672986591866	1672986596142	OK	 
USER	Create  Scenario	END	1672986596205
USER	Create  Scenario	START	1672986596866
USER	Create  Scenario	END	1672986597164
REQUEST		my Proposal	1672986592866	1672986597182	OK	 
USER	Create  Scenario	START	1672986597866
REQUEST		my Proposal	1672986593866	1672986598162	OK	 
USER	Create  Scenario	END	1672986598223
USER	Create  Scenario	END	1672986598822
USER	Create  Scenario	START	1672986598865
USER	Create  Scenario	END	1672986599143
REQUEST		my Proposal	1672986594866	1672986599818	OK	 
USER	Create  Scenario	START	1672986599866
USER	Create  Scenario	END	1672986600183
REQUEST		my Proposal	1672986595866	1672986600211	OK	 
USER	Create  Scenario	START	1672986600865
REQUEST		my Proposal	1672986596866	1672986601147	OK	 
USER	Create  Scenario	END	1672986601164
USER	Create  Scenario	START	1672986601866
REQUEST		my Proposal	1672986597866	1672986602389	OK	 
USER	Create  Scenario	END	1672986602819
USER	Create  Scenario	START	1672986602866
USER	Create  Scenario	END	1672986603212
USER	Create  Scenario	START	1672986603865
USER	Create  Scenario	END	1672986604148
REQUEST		my Proposal	1672986599866	1672986604227	OK	 
REQUEST		my Proposal	1672986598866	1672986604760	OK	 
USER	Create  Scenario	START	1672986604866
REQUEST		my Proposal	1672986600866	1672986605141	OK	 
USER	Create  Scenario	END	1672986605390
REQUEST		my Proposal	1672986584866	1672986605629	OK	 
USER	Create  Scenario	START	1672986605866
REQUEST		my Proposal	1672986601866	1672986606715	OK	 
USER	Create  Scenario	START	1672986606865
USER	Create  Scenario	END	1672986607229
USER	Create  Scenario	END	1672986607761
USER	Create  Scenario	START	1672986607865
USER	Create  Scenario	END	1672986608141
REQUEST		my Proposal	1672986603866	1672986608193	OK	 
USER	Create  Scenario	END	1672986608630
USER	Create  Scenario	START	1672986608865
REQUEST		my Proposal	1672986604866	1672986609121	OK	 
USER	Create  Scenario	END	1672986609716
USER	Create  Scenario	START	1672986609865
REQUEST		my Proposal	1672986605866	1672986610420	OK	 
USER	Create  Scenario	START	1672986610865
USER	Create  Scenario	END	1672986611194
USER	Create  Scenario	START	1672986611865
USER	Create  Scenario	END	1672986612122
REQUEST		my Proposal	1672986606865	1672986612227	OK	 
REQUEST		my Proposal	1672986602866	1672986612668	OK	 
USER	Create  Scenario	START	1672986612866
REQUEST		my Proposal	1672986608865	1672986613182	OK	 
USER	Create  Scenario	END	1672986613421
USER	Create  Scenario	START	1672986613865
REQUEST		my Proposal	1672986607865	1672986614535	OK	 
USER	Create  Scenario	START	1672986614866
REQUEST		my Proposal	1672986609866	1672986614970	OK	 
USER	Create  Scenario	END	1672986615228
USER	Create  Scenario	END	1672986615669
USER	Create  Scenario	START	1672986615866
REQUEST		my Proposal	1672986611865	1672986616120	OK	 
USER	Create  Scenario	END	1672986616183
USER	Create  Scenario	START	1672986616865
REQUEST		my Proposal	1672986612866	1672986617080	OK	 
USER	Create  Scenario	END	1672986617536
USER	Create  Scenario	START	1672986617866
USER	Create  Scenario	END	1672986617971
REQUEST		my Proposal	1672986613866	1672986618100	OK	 
USER	Create  Scenario	START	1672986618865
USER	Create  Scenario	END	1672986619122
REQUEST		my Proposal	1672986614866	1672986619245	OK	 
USER	Create  Scenario	START	1672986619865
USER	Create  Scenario	END	1672986620081
REQUEST		my Proposal	1672986615866	1672986620296	OK	 
REQUEST		my Proposal	1672986610865	1672986620586	OK	 
USER	Create  Scenario	START	1672986620865
USER	Create  Scenario	END	1672986621101
REQUEST		my Proposal	1672986616866	1672986621173	OK	 
USER	Create  Scenario	START	1672986621866
USER	Create  Scenario	END	1672986622245
REQUEST		my Proposal	1672986617866	1672986622753	OK	 
USER	Create  Scenario	START	1672986622866
USER	Create  Scenario	END	1672986623296
USER	Create  Scenario	END	1672986623587
USER	Create  Scenario	START	1672986623866
REQUEST		my Proposal	1672986619865	1672986623955	OK	 
USER	Create  Scenario	END	1672986624175
USER	Create  Scenario	START	1672986624865
REQUEST		my Proposal	1672986620865	1672986624991	OK	 
USER	Create  Scenario	END	1672986625754
USER	Create  Scenario	START	1672986625865
REQUEST		my Proposal	1672986621866	1672986625932	OK	 
USER	Create  Scenario	START	1672986626866
USER	Create  Scenario	END	1672986626956
REQUEST		my Proposal	1672986622866	1672986627040	OK	 
USER	Create  Scenario	START	1672986627866
USER	Create  Scenario	END	1672986627992
REQUEST		my Proposal	1672986623866	1672986628415	OK	 
USER	Create  Scenario	START	1672986628866
USER	Create  Scenario	END	1672986628933
USER	Create  Scenario	START	1672986629866
USER	Create  Scenario	END	1672986630041
REQUEST		my Proposal	1672986625866	1672986630084	OK	 
USER	Create  Scenario	START	1672986630866
REQUEST		my Proposal	1672986626866	1672986630953	OK	 
USER	Create  Scenario	END	1672986631417
USER	Create  Scenario	START	1672986631866
REQUEST		my Proposal	1672986627866	1672986631975	OK	 
USER	Create  Scenario	START	1672986632866
USER	Create  Scenario	END	1672986633085
USER	Create  Scenario	START	1672986633866
USER	Create  Scenario	END	1672986633954
REQUEST		my Proposal	1672986628866	1672986634055	OK	 
USER	Create  Scenario	START	1672986634865
REQUEST		my Proposal	1672986630866	1672986634878	OK	 
USER	Create  Scenario	END	1672986634976
REQUEST		my Proposal	1672986629866	1672986635352	OK	 
USER	Create  Scenario	START	1672986635866
USER	Create  Scenario	START	1672986636865
USER	Create  Scenario	END	1672986637056
REQUEST		my Proposal	1672986632866	1672986637316	OK	 
REQUEST		my Proposal	1672986624866	1672986637833	OK	 
USER	Create  Scenario	START	1672986637865
USER	Create  Scenario	END	1672986637879
USER	Create  Scenario	END	1672986638353
REQUEST		my Proposal	1672986633867	1672986638545	OK	 
REQUEST		my Proposal	1672986618865	1672986638556	OK	 
USER	Create  Scenario	START	1672986638866
REQUEST		my Proposal	1672986631866	1672986639219	OK	 
USER	Create  Scenario	START	1672986639865
USER	Create  Scenario	END	1672986640317
REQUEST		my Proposal	1672986635866	1672986640349	OK	 
USER	Create  Scenario	END	1672986640834
USER	Create  Scenario	START	1672986640866
REQUEST		my Proposal	1672986636866	1672986641134	OK	 
USER	Create  Scenario	END	1672986641546
USER	Create  Scenario	END	1672986641557
USER	Create  Scenario	START	1672986641866
USER	Create  Scenario	END	1672986642220
REQUEST		my Proposal	1672986637866	1672986642810	OK	 
USER	Create  Scenario	START	1672986642865
REQUEST		my Proposal	1672986638866	1672986642946	OK	 
USER	Create  Scenario	END	1672986643350
USER	Create  Scenario	START	1672986643865
REQUEST		my Proposal	1672986639866	1672986643927	OK	 
USER	Create  Scenario	END	1672986644135
USER	Create  Scenario	START	1672986644865
USER	Create  Scenario	END	1672986645811
USER	Create  Scenario	START	1672986645865
USER	Create  Scenario	END	1672986645946
USER	Create  Scenario	START	1672986646865
REQUEST		my Proposal	1672986634866	1672986646872	OK	 
USER	Create  Scenario	END	1672986646928
REQUEST		my Proposal	1672986640866	1672986647606	OK	 
USER	Create  Scenario	START	1672986647865
REQUEST		my Proposal	1672986641866	1672986648115	OK	 
REQUEST		my Proposal	1672986643865	1672986648313	OK	 
USER	Create  Scenario	START	1672986648865
REQUEST		my Proposal	1672986644865	1672986649606	OK	 
USER	Create  Scenario	START	1672986649866
USER	Create  Scenario	END	1672986649873
REQUEST		my Proposal	1672986642866	1672986650247	OK	 
USER	Create  Scenario	END	1672986650607
USER	Create  Scenario	START	1672986650865
USER	Create  Scenario	END	1672986651116
USER	Create  Scenario	END	1672986651314
USER	Create  Scenario	START	1672986651865
REQUEST		my Proposal	1672986647866	1672986652019	OK	 
USER	Create  Scenario	END	1672986652608
USER	Create  Scenario	START	1672986652866
REQUEST		my Proposal	1672986648866	1672986652906	OK	 
USER	Create  Scenario	END	1672986653248
USER	Create  Scenario	START	1672986653866
REQUEST		my Proposal	1672986649866	1672986653938	OK	 
USER	Create  Scenario	START	1672986654865
USER	Create  Scenario	END	1672986655020
REQUEST		my Proposal	1672986645866	1672986655319	OK	 
USER	Create  Scenario	START	1672986655865
USER	Create  Scenario	END	1672986655908
REQUEST		my Proposal	1672986650865	1672986656456	OK	 
REQUEST		my Proposal	1672986651866	1672986656743	OK	 
USER	Create  Scenario	START	1672986656866
USER	Create  Scenario	END	1672986656939
USER	Create  Scenario	START	1672986657865
REQUEST		my Proposal	1672986652866	1672986657916	OK	 
USER	Create  Scenario	END	1672986658320
USER	Create  Scenario	START	1672986658866
REQUEST		my Proposal	1672986646866	1672986659311	OK	 
USER	Create  Scenario	END	1672986659458
USER	Create  Scenario	END	1672986659745
USER	Create  Scenario	START	1672986659866
REQUEST		my Proposal	1672986655866	1672986660185	OK	 
REQUEST		my Proposal	1672986653866	1672986660293	OK	 
USER	Create  Scenario	START	1672986660866
USER	Create  Scenario	END	1672986660917
REQUEST		my Proposal	1672986656866	1672986660975	OK	 
USER	Create  Scenario	START	1672986661865
USER	Create  Scenario	END	1672986662312
USER	Create  Scenario	START	1672986662866
REQUEST		my Proposal	1672986658866	1672986663139	OK	 
USER	Create  Scenario	END	1672986663186
USER	Create  Scenario	END	1672986663294
USER	Create  Scenario	START	1672986663866
USER	Create  Scenario	END	1672986663976
REQUEST		my Proposal	1672986659866	1672986664321	OK	 
REQUEST		my Proposal	1672986657865	1672986664420	OK	 
USER	Create  Scenario	START	1672986664866
USER	Create  Scenario	START	1672986665866
REQUEST		my Proposal	1672986660866	1672986666104	OK	 
USER	Create  Scenario	END	1672986666140
USER	Create  Scenario	START	1672986666865
REQUEST		my Proposal	1672986662866	1672986667030	OK	 
USER	Create  Scenario	END	1672986667321
USER	Create  Scenario	END	1672986667421
REQUEST		my Proposal	1672986654866	1672986667434	OK	 
USER	Create  Scenario	START	1672986667865
USER	Create  Scenario	START	1672986668866
USER	Create  Scenario	END	1672986669106
REQUEST		my Proposal	1672986664866	1672986669353	OK	 
REQUEST		my Proposal	1672986663866	1672986669496	OK	 
USER	Create  Scenario	START	1672986669866
USER	Create  Scenario	END	1672986670031
USER	Create  Scenario	END	1672986670435
REQUEST		my Proposal	1672986665866	1672986670468	OK	 
USER	Create  Scenario	START	1672986670865
USER	Create  Scenario	START	1672986671865
USER	Create  Scenario	END	1672986672353
USER	Create  Scenario	END	1672986672496
REQUEST		my Proposal	1672986668866	1672986672859	OK	 
USER	Create  Scenario	START	1672986672865
REQUEST		my Proposal	1672986661865	1672986673157	OK	 
USER	Create  Scenario	END	1672986673469
USER	Create  Scenario	START	1672986673865
REQUEST		my Proposal	1672986669866	1672986673966	OK	 
USER	Create  Scenario	START	1672986674865
USER	Create  Scenario	END	1672986675860
USER	Create  Scenario	START	1672986675865
USER	Create  Scenario	END	1672986676158
REQUEST		my Proposal	1672986671865	1672986676252	OK	 
REQUEST		my Proposal	1672986666865	1672986676296	OK	 
USER	Create  Scenario	START	1672986676865
USER	Create  Scenario	END	1672986676968
REQUEST		my Proposal	1672986672866	1672986677473	OK	 
USER	Create  Scenario	START	1672986677865
REQUEST		my Proposal	1672986670866	1672986677943	OK	 
USER	Create  Scenario	START	1672986678865
REQUEST		my Proposal	1672986674865	1672986678969	OK	 
USER	Create  Scenario	END	1672986679253
USER	Create  Scenario	END	1672986679296
USER	Create  Scenario	START	1672986679866
REQUEST		my Proposal	1672986675866	1672986679985	OK	 
USER	Create  Scenario	END	1672986680474
USER	Create  Scenario	START	1672986680865
USER	Create  Scenario	END	1672986680944
USER	Create  Scenario	START	1672986681866
USER	Create  Scenario	END	1672986681970
REQUEST		my Proposal	1672986677866	1672986681978	OK	 
REQUEST		my Proposal	1672986676865	1672986682111	OK	 
USER	Create  Scenario	START	1672986682866
USER	Create  Scenario	END	1672986682987
REQUEST		my Proposal	1672986678866	1672986683558	OK	 
USER	Create  Scenario	START	1672986683865
USER	Create  Scenario	START	1672986684866
USER	Create  Scenario	END	1672986684979
USER	Create  Scenario	END	1672986685112
REQUEST		my Proposal	1672986673866	1672986685604	OK	 
USER	Create  Scenario	START	1672986685865
USER	Create  Scenario	END	1672986686558
REQUEST		my Proposal	1672986680865	1672986686621	OK	 
REQUEST		my Proposal	1672986681866	1672986686740	OK	 
USER	Create  Scenario	START	1672986686865
REQUEST		my Proposal	1672986682866	1672986687597	OK	 
USER	Create  Scenario	START	1672986687865
REQUEST		my Proposal	1672986679866	1672986688371	OK	 
USER	Create  Scenario	END	1672986688604
USER	Create  Scenario	START	1672986688865
REQUEST		my Proposal	1672986667866	1672986689543	OK	 
USER	Create  Scenario	END	1672986689622
USER	Create  Scenario	END	1672986689741
USER	Create  Scenario	START	1672986689866
REQUEST		my Proposal	1672986685866	1672986690099	OK	 
USER	Create  Scenario	END	1672986690598
USER	Create  Scenario	START	1672986690865
REQUEST		my Proposal	1672986686866	1672986690923	OK	 
REQUEST		my Proposal	1672986683866	1672986691051	OK	 
USER	Create  Scenario	END	1672986691372
USER	Create  Scenario	START	1672986691866
USER	Create  Scenario	END	1672986692544
REQUEST		my Proposal	1672986687866	1672986692796	OK	 
USER	Create  Scenario	START	1672986692866
USER	Create  Scenario	END	1672986693100
USER	Create  Scenario	START	1672986693866
USER	Create  Scenario	END	1672986693924
USER	Create  Scenario	END	1672986694052
REQUEST		my Proposal	1672986689866	1672986694530	OK	 
USER	Create  Scenario	START	1672986694865
REQUEST		my Proposal	1672986690866	1672986695453	OK	 
USER	Create  Scenario	END	1672986695796
USER	Create  Scenario	START	1672986695865
USER	Create  Scenario	START	1672986696866
REQUEST		my Proposal	1672986691866	1672986697323	OK	 
USER	Create  Scenario	END	1672986697531
REQUEST		my Proposal	1672986692866	1672986697629	OK	 
REQUEST		my Proposal	1672986684866	1672986697739	OK	 
USER	Create  Scenario	START	1672986697865
USER	Create  Scenario	END	1672986698454
USER	Create  Scenario	START	1672986698865
REQUEST		my Proposal	1672986688865	1672986698882	OK	 
USER	Create  Scenario	START	1672986699865
REQUEST		my Proposal	1672986695865	1672986700095	OK	 
USER	Create  Scenario	END	1672986700324
USER	Create  Scenario	END	1672986700630
REQUEST		my Proposal	1672986693866	1672986700715	OK	 
USER	Create  Scenario	END	1672986700740
USER	Create  Scenario	START	1672986700865
USER	Create  Scenario	START	1672986701865
USER	Create  Scenario	END	1672986701883
REQUEST		my Proposal	1672986697866	1672986702560	OK	 
USER	Create  Scenario	START	1672986702865
USER	Create  Scenario	END	1672986703096
REQUEST		my Proposal	1672986698865	1672986703450	OK	 
REQUEST		my Proposal	1672986694866	1672986703672	OK	 
USER	Create  Scenario	END	1672986703716
USER	Create  Scenario	START	1672986703865
REQUEST		my Proposal	1672986696866	1672986704476	OK	 
REQUEST		my Proposal	1672986699866	1672986704839	OK	 
USER	Create  Scenario	START	1672986704865
USER	Create  Scenario	END	1672986705561
USER	Create  Scenario	START	1672986705865
REQUEST		my Proposal	1672986701866	1672986706290	OK	 
USER	Create  Scenario	END	1672986706451
USER	Create  Scenario	END	1672986706673
USER	Create  Scenario	START	1672986706865
REQUEST		my Proposal	1672986702866	1672986707225	OK	 
USER	Create  Scenario	END	1672986707477
USER	Create  Scenario	END	1672986707840
USER	Create  Scenario	START	1672986707866
USER	Create  Scenario	START	1672986708865
REQUEST		my Proposal	1672986703865	1672986709031	OK	 
USER	Create  Scenario	END	1672986709292
USER	Create  Scenario	START	1672986709865
USER	Create  Scenario	END	1672986710226
REQUEST		my Proposal	1672986704866	1672986710492	OK	 
USER	Create  Scenario	START	1672986710865
REQUEST		my Proposal	1672986705865	1672986711409	OK	 
REQUEST		my Proposal	1672986700865	1672986711807	OK	 
USER	Create  Scenario	START	1672986711865
USER	Create  Scenario	END	1672986712031
REQUEST		my Proposal	1672986708865	1672986712834	OK	 
USER	Create  Scenario	START	1672986712865
USER	Create  Scenario	END	1672986713494
USER	Create  Scenario	START	1672986713865
REQUEST		my Proposal	1672986709866	1672986713914	OK	 
USER	Create  Scenario	END	1672986714410
USER	Create  Scenario	END	1672986714808
USER	Create  Scenario	START	1672986714865
REQUEST		my Proposal	1672986710866	1672986715073	OK	 
USER	Create  Scenario	END	1672986715836
USER	Create  Scenario	START	1672986715865
REQUEST		my Proposal	1672986711866	1672986716235	OK	 
USER	Create  Scenario	START	1672986716865
USER	Create  Scenario	END	1672986716914
REQUEST		my Proposal	1672986712865	1672986717002	OK	 
USER	Create  Scenario	START	1672986717865
USER	Create  Scenario	END	1672986718074
REQUEST		my Proposal	1672986713866	1672986718509	OK	 
USER	Create  Scenario	START	1672986718866
USER	Create  Scenario	END	1672986719236
USER	Create  Scenario	START	1672986719865
USER	Create  Scenario	END	1672986720002
REQUEST		my Proposal	1672986715865	1672986720032	OK	 
USER	Create  Scenario	START	1672986720866
REQUEST		my Proposal	1672986716865	1672986721211	OK	 
USER	Create  Scenario	END	1672986721510
USER	Create  Scenario	START	1672986721866
REQUEST		my Proposal	1672986717865	1672986721948	OK	 
REQUEST		my Proposal	1672986706866	1672986722706	OK	 
USER	Create  Scenario	START	1672986722866
USER	Create  Scenario	END	1672986723033
REQUEST		my Proposal	1672986714865	1672986723254	OK	 
USER	Create  Scenario	START	1672986723866
REQUEST		my Proposal	1672986719866	1672986724049	OK	 
USER	Create  Scenario	END	1672986724212
USER	Create  Scenario	START	1672986724866
USER	Create  Scenario	END	1672986724949
REQUEST		my Proposal	1672986720866	1672986724980	OK	 
USER	Create  Scenario	END	1672986725707
USER	Create  Scenario	START	1672986725865
USER	Create  Scenario	END	1672986726255
USER	Create  Scenario	START	1672986726866
USER	Create  Scenario	END	1672986727050
REQUEST		my Proposal	1672986721866	1672986727222	OK	 
REQUEST		my Proposal	1672986722866	1672986727399	OK	 
REQUEST		my Proposal	1672986707866	1672986727540	OK	 
USER	Create  Scenario	START	1672986727866
USER	Create  Scenario	END	1672986727981
REQUEST		my Proposal	1672986718866	1672986728413	OK	 
USER	Create  Scenario	START	1672986728865
REQUEST		my Proposal	1672986723866	1672986728997	OK	 
USER	Create  Scenario	START	1672986729866
REQUEST		my Proposal	1672986725866	1672986730213	OK	 
USER	Create  Scenario	END	1672986730223
USER	Create  Scenario	END	1672986730400
USER	Create  Scenario	END	1672986730541
USER	Create  Scenario	START	1672986730866
REQUEST		my Proposal	1672986726866	1672986730897	OK	 
USER	Create  Scenario	END	1672986731414
REQUEST		my Proposal	1672986727866	1672986731827	OK	 
USER	Create  Scenario	START	1672986731866
USER	Create  Scenario	END	1672986731998
REQUEST		my Proposal	1672986728865	1672986732839	OK	 
USER	Create  Scenario	START	1672986732865
USER	Create  Scenario	END	1672986733214
REQUEST		my Proposal	1672986729866	1672986733833	OK	 
USER	Create  Scenario	START	1672986733865
USER	Create  Scenario	END	1672986733898
REQUEST		my Proposal	1672986724866	1672986734782	OK	 
REQUEST		my Proposal	1672986730866	1672986734811	OK	 
USER	Create  Scenario	END	1672986734828
USER	Create  Scenario	START	1672986734865
REQUEST		my Proposal	1672986731866	1672986735816	OK	 
USER	Create  Scenario	END	1672986735840
USER	Create  Scenario	START	1672986735866
USER	Create  Scenario	END	1672986736834
USER	Create  Scenario	START	1672986736866
USER	Create  Scenario	END	1672986737782
USER	Create  Scenario	END	1672986737812
REQUEST		my Proposal	1672986733866	1672986737846	OK	 
USER	Create  Scenario	START	1672986737866
USER	Create  Scenario	END	1672986738817
REQUEST		my Proposal	1672986734865	1672986738817	OK	 
USER	Create  Scenario	START	1672986738865
USER	Create  Scenario	START	1672986739865
REQUEST		my Proposal	1672986735866	1672986740070	OK	 
USER	Create  Scenario	END	1672986740847
USER	Create  Scenario	START	1672986740865
REQUEST		my Proposal	1672986736866	1672986740939	OK	 
USER	Create  Scenario	END	1672986741818
REQUEST		my Proposal	1672986737866	1672986741860	OK	 
USER	Create  Scenario	START	1672986741866
REQUEST		my Proposal	1672986732865	1672986742441	OK	 
USER	Create  Scenario	START	1672986742865
REQUEST		my Proposal	1672986738866	1672986743002	OK	 
USER	Create  Scenario	END	1672986743071
REQUEST		my Proposal	1672986739866	1672986743836	OK	 
USER	Create  Scenario	START	1672986743865
USER	Create  Scenario	END	1672986743941
REQUEST		my Proposal	1672986740866	1672986744813	OK	 
USER	Create  Scenario	END	1672986744861
USER	Create  Scenario	START	1672986744866
USER	Create  Scenario	END	1672986745443
USER	Create  Scenario	START	1672986745865
USER	Create  Scenario	END	1672986746003
REQUEST		my Proposal	1672986741866	1672986746070	OK	 
USER	Create  Scenario	END	1672986746837
REQUEST		my Proposal	1672986742866	1672986746865	OK	 
USER	Create  Scenario	START	1672986746865
USER	Create  Scenario	END	1672986747814
USER	Create  Scenario	START	1672986747866
REQUEST		my Proposal	1672986743866	1672986748187	OK	 
USER	Create  Scenario	START	1672986748866
REQUEST		my Proposal	1672986744866	1672986748906	OK	 
USER	Create  Scenario	END	1672986749071
USER	Create  Scenario	END	1672986749866
USER	Create  Scenario	START	1672986749866
USER	Create  Scenario	START	1672986750866
USER	Create  Scenario	END	1672986751188
USER	Create  Scenario	START	1672986751865
USER	Create  Scenario	END	1672986751907
REQUEST		my Proposal	1672986747866	1672986751908	OK	 
REQUEST		my Proposal	1672986745866	1672986752142	OK	 
REQUEST		my Proposal	1672986746865	1672986752435	OK	 
USER	Create  Scenario	START	1672986752865
USER	Create  Scenario	START	1672986753865
REQUEST		my Proposal	1672986749866	1672986753871	OK	 
USER	Create  Scenario	START	1672986754865
USER	Create  Scenario	END	1672986754909
REQUEST		my Proposal	1672986750866	1672986754953	OK	 
USER	Create  Scenario	END	1672986755143
USER	Create  Scenario	END	1672986755437
REQUEST		my Proposal	1672986748866	1672986755578	OK	 
USER	Create  Scenario	START	1672986755865
REQUEST		my Proposal	1672986751865	1672986756406	OK	 
USER	Create  Scenario	START	1672986756865
USER	Create  Scenario	END	1672986756872
REQUEST		my Proposal	1672986752866	1672986756903	OK	 
USER	Create  Scenario	START	1672986757865
USER	Create  Scenario	END	1672986757954
REQUEST		my Proposal	1672986753865	1672986758062	OK	 
USER	Create  Scenario	END	1672986758579
USER	Create  Scenario	START	1672986758865
USER	Create  Scenario	END	1672986759407
REQUEST		my Proposal	1672986754865	1672986759476	OK	 
USER	Create  Scenario	START	1672986759865
USER	Create  Scenario	END	1672986759904
USER	Create  Scenario	START	1672986760866
USER	Create  Scenario	END	1672986761063
REQUEST		my Proposal	1672986755866	1672986761703	OK	 
USER	Create  Scenario	START	1672986761865
USER	Create  Scenario	END	1672986762477
USER	Create  Scenario	START	1672986762866
REQUEST		my Proposal	1672986758865	1672986763296	OK	 
USER	Create  Scenario	START	1672986763866
REQUEST		my Proposal	1672986759866	1672986763963	OK	 
USER	Create  Scenario	END	1672986764704
USER	Create  Scenario	START	1672986764865
USER	Create  Scenario	START	1672986765866
REQUEST		my Proposal	1672986761866	1672986765933	OK	 
USER	Create  Scenario	END	1672986766297
USER	Create  Scenario	START	1672986766865
USER	Create  Scenario	END	1672986766963
REQUEST		my Proposal	1672986757865	1672986767343	OK	 
REQUEST		my Proposal	1672986756866	1672986767526	OK	 
USER	Create  Scenario	START	1672986767865
REQUEST		my Proposal	1672986763866	1672986768116	OK	 
USER	Create  Scenario	START	1672986768865
USER	Create  Scenario	END	1672986768934
REQUEST		my Proposal	1672986764865	1672986769046	OK	 
REQUEST		my Proposal	1672986760866	1672986769286	OK	 
USER	Create  Scenario	START	1672986769865
USER	Create  Scenario	END	1672986770344
USER	Create  Scenario	END	1672986770527
USER	Create  Scenario	START	1672986770865
REQUEST		my Proposal	1672986766866	1672986771014	OK	 
USER	Create  Scenario	END	1672986771117
USER	Create  Scenario	START	1672986771865
USER	Create  Scenario	END	1672986772047
REQUEST		my Proposal	1672986767865	1672986772144	OK	 
USER	Create  Scenario	END	1672986772287
USER	Create  Scenario	START	1672986772866
REQUEST		my Proposal	1672986768865	1672986772901	OK	 
REQUEST		my Proposal	1672986762867	1672986773233	OK	 
USER	Create  Scenario	START	1672986773866
USER	Create  Scenario	END	1672986774015
REQUEST		my Proposal	1672986769866	1672986774752	OK	 
USER	Create  Scenario	START	1672986774865
USER	Create  Scenario	END	1672986775145
USER	Create  Scenario	START	1672986775865
USER	Create  Scenario	END	1672986775902
REQUEST		my Proposal	1672986771865	1672986775935	OK	 
USER	Create  Scenario	END	1672986776233
REQUEST		my Proposal	1672986772866	1672986776846	OK	 
USER	Create  Scenario	START	1672986776865
REQUEST		my Proposal	1672986765866	1672986777130	OK	 
USER	Create  Scenario	END	1672986777753
USER	Create  Scenario	START	1672986777865
REQUEST		my Proposal	1672986773866	1672986777870	OK	 
REQUEST		my Proposal	1672986774866	1672986778832	OK	 
USER	Create  Scenario	START	1672986778865
USER	Create  Scenario	END	1672986778936
USER	Create  Scenario	END	1672986779846
USER	Create  Scenario	START	1672986779865
USER	Create  Scenario	END	1672986780130
REQUEST		my Proposal	1672986775866	1672986780145	OK	 
REQUEST		my Proposal	1672986770866	1672986780468	OK	 
USER	Create  Scenario	START	1672986780865
USER	Create  Scenario	END	1672986780870
REQUEST		my Proposal	1672986776865	1672986780946	OK	 
USER	Create  Scenario	END	1672986781833
USER	Create  Scenario	START	1672986781865
USER	Create  Scenario	START	1672986782865
USER	Create  Scenario	END	1672986783146
USER	Create  Scenario	END	1672986783468
USER	Create  Scenario	START	1672986783865
REQUEST		my Proposal	1672986779865	1672986783896	OK	 
USER	Create  Scenario	END	1672986783947
REQUEST		my Proposal	1672986777866	1672986784811	OK	 
USER	Create  Scenario	START	1672986784865
REQUEST		my Proposal	1672986780865	1672986784951	OK	 
USER	Create  Scenario	START	1672986785865
USER	Create  Scenario	START	1672986786866
USER	Create  Scenario	END	1672986786897
REQUEST		my Proposal	1672986781865	1672986787295	OK	 
REQUEST		my Proposal	1672986782866	1672986787363	OK	 
USER	Create  Scenario	END	1672986787812
USER	Create  Scenario	START	1672986787865
USER	Create  Scenario	END	1672986787952
USER	Create  Scenario	START	1672986788865
REQUEST		my Proposal	1672986783865	1672986788951	OK	 
REQUEST		my Proposal	1672986778865	1672986789141	OK	 
REQUEST		my Proposal	1672986784865	1672986789844	OK	 
USER	Create  Scenario	START	1672986789866
REQUEST		my Proposal	1672986785866	1672986789982	OK	 
USER	Create  Scenario	END	1672986790296
USER	Create  Scenario	END	1672986790364
USER	Create  Scenario	START	1672986790865
REQUEST		my Proposal	1672986786866	1672986791737	OK	 
USER	Create  Scenario	START	1672986791866
REQUEST		my Proposal	1672986787865	1672986791952	OK	 
USER	Create  Scenario	END	1672986791952
USER	Create  Scenario	END	1672986792141
USER	Create  Scenario	END	1672986792844
USER	Create  Scenario	START	1672986792866
USER	Create  Scenario	END	1672986792983
REQUEST		my Proposal	1672986788866	1672986793055	OK	 
USER	Create  Scenario	START	1672986793865
USER	Create  Scenario	END	1672986794738
REQUEST		my Proposal	1672986789866	1672986794766	OK	 
USER	Create  Scenario	START	1672986794866
REQUEST		my Proposal	1672986790865	1672986794910	OK	 
USER	Create  Scenario	END	1672986794953
USER	Create  Scenario	START	1672986795865
REQUEST		my Proposal	1672986791866	1672986795889	OK	 
USER	Create  Scenario	END	1672986796057
USER	Create  Scenario	START	1672986796865
USER	Create  Scenario	END	1672986797766
REQUEST		my Proposal	1672986793865	1672986797831	OK	 
USER	Create  Scenario	START	1672986797866
USER	Create  Scenario	END	1672986797911
REQUEST		my Proposal	1672986794866	1672986798861	OK	 
USER	Create  Scenario	START	1672986798865
USER	Create  Scenario	END	1672986798890
REQUEST		my Proposal	1672986792866	1672986799441	OK	 
USER	Create  Scenario	START	1672986799865
REQUEST		my Proposal	1672986795866	1672986800120	OK	 
USER	Create  Scenario	END	1672986800832
USER	Create  Scenario	START	1672986800865
REQUEST		my Proposal	1672986797866	1672986801853	OK	 
USER	Create  Scenario	END	1672986801862
USER	Create  Scenario	START	1672986801866
USER	Create  Scenario	END	1672986802442
REQUEST		my Proposal	1672986798866	1672986802838	OK	 
USER	Create  Scenario	START	1672986802865
USER	Create  Scenario	END	1672986803121
USER	Create  Scenario	START	1672986803865
REQUEST		my Proposal	1672986799866	1672986803903	OK	 
USER	Create  Scenario	END	1672986804854
USER	Create  Scenario	START	1672986804865
USER	Create  Scenario	END	1672986805839
USER	Create  Scenario	START	1672986805866
REQUEST		my Proposal	1672986801866	1672986805876	OK	 
USER	Create  Scenario	START	1672986806865
USER	Create  Scenario	END	1672986806904
REQUEST		my Proposal	1672986802865	1672986806937	OK	 
REQUEST		my Proposal	1672986800866	1672986807367	OK	 
USER	Create  Scenario	START	1672986807865
REQUEST		my Proposal	1672986803866	1672986807947	OK	 
USER	Create  Scenario	START	1672986808866
USER	Create  Scenario	END	1672986808877
USER	Create  Scenario	START	1672986809866
REQUEST		my Proposal	1672986805866	1672986809927	OK	 
USER	Create  Scenario	END	1672986809938
USER	Create  Scenario	END	1672986810368
USER	Create  Scenario	START	1672986810866
USER	Create  Scenario	END	1672986810948
REQUEST		my Proposal	1672986806865	1672986811024	OK	 
REQUEST		my Proposal	1672986804865	1672986811391	OK	 
REQUEST		my Proposal	1672986796866	1672986811500	OK	 
USER	Create  Scenario	START	1672986811865
USER	Create  Scenario	START	1672986812865
USER	Create  Scenario	END	1672986812928
REQUEST		my Proposal	1672986807866	1672986813090	OK	 
REQUEST		my Proposal	1672986808866	1672986813092	OK	 
USER	Create  Scenario	START	1672986813865
USER	Create  Scenario	END	1672986814026
USER	Create  Scenario	END	1672986814393
USER	Create  Scenario	END	1672986814501
USER	Create  Scenario	START	1672986814865
REQUEST		my Proposal	1672986810866	1672986815274	OK	 
USER	Create  Scenario	START	1672986815865
REQUEST		my Proposal	1672986811865	1672986816059	OK	 
USER	Create  Scenario	END	1672986816091
USER	Create  Scenario	END	1672986816094
USER	Create  Scenario	START	1672986816865
USER	Create  Scenario	START	1672986817865
REQUEST		my Proposal	1672986812865	1672986817966	OK	 
REQUEST		my Proposal	1672986813865	1672986818130	OK	 
USER	Create  Scenario	END	1672986818275
USER	Create  Scenario	START	1672986818865
USER	Create  Scenario	END	1672986819060
REQUEST		my Proposal	1672986814865	1672986819086	OK	 
USER	Create  Scenario	START	1672986819866
USER	Create  Scenario	START	1672986820865
REQUEST		my Proposal	1672986815866	1672986820962	OK	 
USER	Create  Scenario	END	1672986820967
USER	Create  Scenario	END	1672986821130
REQUEST		my Proposal	1672986816866	1672986821542	OK	 
REQUEST		my Proposal	1672986809866	1672986821807	OK	 
USER	Create  Scenario	START	1672986821866
USER	Create  Scenario	END	1672986822087
USER	Create  Scenario	START	1672986822865
USER	Create  Scenario	START	1672986823865
USER	Create  Scenario	END	1672986823963
REQUEST		my Proposal	1672986819866	1672986824534	OK	 
USER	Create  Scenario	END	1672986824543
USER	Create  Scenario	END	1672986824808
USER	Create  Scenario	START	1672986824865
REQUEST		my Proposal	1672986817866	1672986824947	OK	 
REQUEST		my Proposal	1672986818866	1672986825570	OK	 
REQUEST		my Proposal	1672986820866	1672986825632	OK	 
USER	Create  Scenario	START	1672986825866
USER	Create  Scenario	START	1672986826866
USER	Create  Scenario	END	1672986827535
USER	Create  Scenario	START	1672986827866
USER	Create  Scenario	END	1672986827948
REQUEST		my Proposal	1672986823866	1672986828014	OK	 
USER	Create  Scenario	END	1672986828571
USER	Create  Scenario	END	1672986828633
USER	Create  Scenario	START	1672986828866
REQUEST		my Proposal	1672986824865	1672986829690	OK	 
USER	Create  Scenario	START	1672986829866
REQUEST		my Proposal	1672986825866	1672986830803	OK	 
USER	Create  Scenario	START	1672986830865
USER	Create  Scenario	END	1672986831015
REQUEST		my Proposal	1672986821866	1672986831263	OK	 
USER	Create  Scenario	START	1672986831865
REQUEST		my Proposal	1672986826866	1672986832044	OK	 
REQUEST		my Proposal	1672986822865	1672986832352	OK	 
USER	Create  Scenario	END	1672986832691
REQUEST		my Proposal	1672986827866	1672986832775	OK	 
USER	Create  Scenario	START	1672986832865
USER	Create  Scenario	END	1672986833805
USER	Create  Scenario	START	1672986833866
REQUEST		my Proposal	1672986829866	1672986834236	OK	 
USER	Create  Scenario	END	1672986834264
USER	Create  Scenario	START	1672986834865
USER	Create  Scenario	END	1672986835044
REQUEST		my Proposal	1672986830865	1672986835309	OK	 
USER	Create  Scenario	END	1672986835354
USER	Create  Scenario	END	1672986835776
USER	Create  Scenario	START	1672986835865
REQUEST		my Proposal	1672986831865	1672986835948	OK	 
USER	Create  Scenario	START	1672986836865
REQUEST		my Proposal	1672986832865	1672986836932	OK	 
USER	Create  Scenario	END	1672986837237
USER	Create  Scenario	START	1672986837865
REQUEST		my Proposal	1672986833866	1672986837947	OK	 
USER	Create  Scenario	END	1672986838310
USER	Create  Scenario	START	1672986838865
USER	Create  Scenario	END	1672986838949
USER	Create  Scenario	START	1672986839866
USER	Create  Scenario	END	1672986839932
REQUEST		my Proposal	1672986835866	1672986840826	OK	 
REQUEST		my Proposal	1672986836866	1672986840827	OK	 
USER	Create  Scenario	START	1672986840866
USER	Create  Scenario	END	1672986840948
USER	Create  Scenario	START	1672986841865
REQUEST		my Proposal	1672986834865	1672986842735	OK	 
REQUEST		my Proposal	1672986837866	1672986842789	OK	 
USER	Create  Scenario	START	1672986842865
USER	Create  Scenario	END	1672986843827
USER	Create  Scenario	END	1672986843827
USER	Create  Scenario	START	1672986843865
REQUEST		my Proposal	1672986839866	1672986843948	OK	 
REQUEST		my Proposal	1672986828866	1672986843953	OK	 
USER	Create  Scenario	START	1672986844865
REQUEST		my Proposal	1672986840866	1672986844936	OK	 
USER	Create  Scenario	END	1672986845736
USER	Create  Scenario	END	1672986845790
USER	Create  Scenario	START	1672986845866
REQUEST		my Proposal	1672986841866	1672986845906	OK	 
USER	Create  Scenario	START	1672986846866
USER	Create  Scenario	END	1672986846949
USER	Create  Scenario	END	1672986846954
REQUEST		my Proposal	1672986842866	1672986847053	OK	 
USER	Create  Scenario	START	1672986847865
REQUEST		my Proposal	1672986843866	1672986847870	OK	 
USER	Create  Scenario	END	1672986847937
USER	Create  Scenario	START	1672986848866
USER	Create  Scenario	END	1672986848906
REQUEST		my Proposal	1672986844865	1672986848942	OK	 
USER	Create  Scenario	START	1672986849865
REQUEST		my Proposal	1672986845866	1672986850005	OK	 
USER	Create  Scenario	END	1672986850054
REQUEST		my Proposal	1672986838865	1672986850479	OK	 
USER	Create  Scenario	START	1672986850866
USER	Create  Scenario	END	1672986850871
USER	Create  Scenario	START	1672986851865
REQUEST		my Proposal	1672986847866	1672986851896	OK	 
REQUEST		my Proposal	1672986846866	1672986851925	OK	 
USER	Create  Scenario	END	1672986851942
REQUEST		my Proposal	1672986848866	1672986852862	OK	 
USER	Create  Scenario	START	1672986852865
USER	Create  Scenario	END	1672986853006
USER	Create  Scenario	END	1672986853480
USER	Create  Scenario	START	1672986853865
USER	Create  Scenario	START	1672986854865
USER	Create  Scenario	END	1672986854897
USER	Create  Scenario	END	1672986854926
REQUEST		my Proposal	1672986850866	1672986854928	OK	 
USER	Create  Scenario	END	1672986855862
USER	Create  Scenario	START	1672986855865
REQUEST		my Proposal	1672986851865	1672986856162	OK	 
REQUEST		my Proposal	1672986849865	1672986856493	OK	 
USER	Create  Scenario	START	1672986856866
REQUEST		my Proposal	1672986852865	1672986856959	OK	 
USER	Create  Scenario	START	1672986857865
USER	Create  Scenario	END	1672986857929
REQUEST		my Proposal	1672986853865	1672986857963	OK	 
REQUEST		my Proposal	1672986854866	1672986858820	OK	 
USER	Create  Scenario	START	1672986858865
USER	Create  Scenario	END	1672986859164
USER	Create  Scenario	END	1672986859494
USER	Create  Scenario	START	1672986859866
REQUEST		my Proposal	1672986855866	1672986859874	OK	 
USER	Create  Scenario	END	1672986859960
USER	Create  Scenario	START	1672986860866
USER	Create  Scenario	END	1672986860964
REQUEST		my Proposal	1672986856866	1672986861036	OK	 
USER	Create  Scenario	END	1672986861821
REQUEST		my Proposal	1672986857866	1672986861862	OK	 
USER	Create  Scenario	START	1672986861865
USER	Create  Scenario	START	1672986862866
USER	Create  Scenario	END	1672986862875
REQUEST		my Proposal	1672986858866	1672986862971	OK	 
USER	Create  Scenario	START	1672986863865
USER	Create  Scenario	END	1672986864037
REQUEST		my Proposal	1672986859866	1672986864281	OK	 
USER	Create  Scenario	END	1672986864863
USER	Create  Scenario	START	1672986864865
REQUEST		my Proposal	1672986860866	1672986864875	OK	 
REQUEST		my Proposal	1672986861866	1672986865825	OK	 
USER	Create  Scenario	START	1672986865865
USER	Create  Scenario	END	1672986865972
REQUEST		my Proposal	1672986862866	1672986866805	OK	 
USER	Create  Scenario	START	1672986866865
USER	Create  Scenario	END	1672986867281
REQUEST		my Proposal	1672986863866	1672986867855	OK	 
USER	Create  Scenario	START	1672986867866
USER	Create  Scenario	END	1672986867876
USER	Create  Scenario	END	1672986868826
USER	Create  Scenario	START	1672986868865
REQUEST		my Proposal	1672986864865	1672986868897	OK	 
USER	Create  Scenario	END	1672986869806
USER	Create  Scenario	START	1672986869865
REQUEST		my Proposal	1672986865866	1672986869948	OK	 
USER	Create  Scenario	END	1672986870855
REQUEST		my Proposal	1672986866866	1672986870864	OK	 
USER	Create  Scenario	START	1672986870866
USER	Create  Scenario	START	1672986871865
USER	Create  Scenario	END	1672986871897
REQUEST		my Proposal	1672986867866	1672986872336	OK	 
REQUEST		my Proposal	1672986868865	1672986872796	OK	 
USER	Create  Scenario	START	1672986872866
USER	Create  Scenario	END	1672986872949
USER	Create  Scenario	END	1672986873865
USER	Create  Scenario	START	1672986873865
REQUEST		my Proposal	1672986869866	1672986873884	OK	 
REQUEST		my Proposal	1672986870866	1672986874845	OK	 
USER	Create  Scenario	START	1672986874866
USER	Create  Scenario	END	1672986875336
USER	Create  Scenario	END	1672986875797
REQUEST		my Proposal	1672986871865	1672986875831	OK	 
USER	Create  Scenario	START	1672986875866
USER	Create  Scenario	START	1672986876866
USER	Create  Scenario	END	1672986876885
REQUEST		my Proposal	1672986872866	1672986876902	OK	 
USER	Create  Scenario	END	1672986877846
USER	Create  Scenario	START	1672986877866
REQUEST		my Proposal	1672986873866	1672986877967	OK	 
USER	Create  Scenario	END	1672986878832
USER	Create  Scenario	START	1672986878865
REQUEST		my Proposal	1672986874866	1672986879037	OK	 
USER	Create  Scenario	START	1672986879865
REQUEST		my Proposal	1672986875866	1672986879866	OK	 
USER	Create  Scenario	END	1672986879902
REQUEST		my Proposal	1672986876866	1672986880759	OK	 
USER	Create  Scenario	START	1672986880865
USER	Create  Scenario	END	1672986880968
REQUEST		my Proposal	1672986877866	1672986881816	OK	 
USER	Create  Scenario	START	1672986881865
USER	Create  Scenario	END	1672986882037
USER	Create  Scenario	START	1672986882866
USER	Create  Scenario	END	1672986882867
REQUEST		my Proposal	1672986878866	1672986882868	OK	 
USER	Create  Scenario	END	1672986883760
USER	Create  Scenario	START	1672986883865
REQUEST		my Proposal	1672986879865	1672986883895	OK	 
REQUEST		my Proposal	1672986880865	1672986884816	OK	 
USER	Create  Scenario	END	1672986884817
USER	Create  Scenario	START	1672986884866
REQUEST		my Proposal	1672986881865	1672986885827	OK	 
USER	Create  Scenario	START	1672986885865
USER	Create  Scenario	END	1672986885868
REQUEST		my Proposal	1672986882866	1672986886859	OK	 
USER	Create  Scenario	START	1672986886866
USER	Create  Scenario	END	1672986886895
REQUEST		my Proposal	1672986883866	1672986887804	OK	 
USER	Create  Scenario	END	1672986887817
USER	Create  Scenario	START	1672986887865
REQUEST		my Proposal	1672986884866	1672986888799	OK	 
USER	Create  Scenario	END	1672986888828
USER	Create  Scenario	START	1672986888866
REQUEST		my Proposal	1672986885865	1672986889817	OK	 
USER	Create  Scenario	END	1672986889860
USER	Create  Scenario	START	1672986889865
REQUEST		my Proposal	1672986886866	1672986890801	OK	 
USER	Create  Scenario	END	1672986890805
USER	Create  Scenario	START	1672986890865
USER	Create  Scenario	END	1672986891800
REQUEST		my Proposal	1672986887866	1672986891862	OK	 
USER	Create  Scenario	START	1672986891865
REQUEST		my Proposal	1672986888866	1672986892756	OK	 
USER	Create  Scenario	END	1672986892818
USER	Create  Scenario	START	1672986892865
USER	Create  Scenario	END	1672986893801
REQUEST		my Proposal	1672986889866	1672986893819	OK	 
USER	Create  Scenario	START	1672986893865
USER	Create  Scenario	END	1672986894863
USER	Create  Scenario	START	1672986894865
REQUEST		my Proposal	1672986890866	1672986894907	OK	 
USER	Create  Scenario	END	1672986895757
USER	Create  Scenario	START	1672986895865
REQUEST		my Proposal	1672986891866	1672986895882	OK	 
USER	Create  Scenario	END	1672986896820
REQUEST		my Proposal	1672986892865	1672986896844	OK	 
USER	Create  Scenario	START	1672986896865
REQUEST		my Proposal	1672986893865	1672986897838	OK	 
USER	Create  Scenario	START	1672986897865
USER	Create  Scenario	END	1672986897909
REQUEST		my Proposal	1672986894865	1672986898827	OK	 
USER	Create  Scenario	START	1672986898865
USER	Create  Scenario	END	1672986898883
REQUEST		my Proposal	1672986895865	1672986899811	OK	 
USER	Create  Scenario	END	1672986899845
USER	Create  Scenario	START	1672986899865
USER	Create  Scenario	END	1672986900839
USER	Create  Scenario	START	1672986900865
REQUEST		my Proposal	1672986896865	1672986901076	OK	 
USER	Create  Scenario	END	1672986901828
REQUEST		my Proposal	1672986897865	1672986901843	OK	 
USER	Create  Scenario	START	1672986901865
REQUEST		my Proposal	1672986898865	1672986902767	OK	 
USER	Create  Scenario	END	1672986902812
USER	Create  Scenario	START	1672986902865
USER	Create  Scenario	START	1672986903865
REQUEST		my Proposal	1672986899865	1672986903987	OK	 
USER	Create  Scenario	END	1672986904077
USER	Create  Scenario	END	1672986904844
USER	Create  Scenario	START	1672986904866
REQUEST		my Proposal	1672986900865	1672986904921	OK	 
USER	Create  Scenario	END	1672986905768
REQUEST		my Proposal	1672986901866	1672986905866	OK	 
USER	Create  Scenario	START	1672986905865
REQUEST		my Proposal	1672986902865	1672986906803	OK	 
USER	Create  Scenario	START	1672986906866
USER	Create  Scenario	END	1672986906988
USER	Create  Scenario	START	1672986907865
REQUEST		my Proposal	1672986903866	1672986907912	OK	 
USER	Create  Scenario	END	1672986907922
USER	Create  Scenario	START	1672986908865
USER	Create  Scenario	END	1672986908866
REQUEST		my Proposal	1672986904866	1672986908869	OK	 
REQUEST		my Proposal	1672986905866	1672986909786	OK	 
USER	Create  Scenario	END	1672986909804
USER	Create  Scenario	START	1672986909865
USER	Create  Scenario	START	1672986910865
USER	Create  Scenario	END	1672986910913
REQUEST		my Proposal	1672986906866	1672986910945	OK	 
USER	Create  Scenario	START	1672986911865
USER	Create  Scenario	END	1672986911870
REQUEST		my Proposal	1672986907865	1672986911894	OK	 
USER	Create  Scenario	END	1672986912787
USER	Create  Scenario	START	1672986912865
REQUEST		my Proposal	1672986908865	1672986912982	OK	 
REQUEST		my Proposal	1672986909866	1672986913834	OK	 
USER	Create  Scenario	START	1672986913865
USER	Create  Scenario	END	1672986913945
USER	Create  Scenario	START	1672986914866
REQUEST		my Proposal	1672986910866	1672986914873	OK	 
USER	Create  Scenario	END	1672986914895
REQUEST		my Proposal	1672986911866	1672986915806	OK	 
USER	Create  Scenario	START	1672986915865
USER	Create  Scenario	END	1672986915983
USER	Create  Scenario	END	1672986916835
USER	Create  Scenario	START	1672986916865
REQUEST		my Proposal	1672986912866	1672986916988	OK	 
USER	Create  Scenario	START	1672986917866
USER	Create  Scenario	END	1672986917874
REQUEST		my Proposal	1672986913866	1672986917884	OK	 
USER	Create  Scenario	END	1672986918806
USER	Create  Scenario	START	1672986918865
REQUEST		my Proposal	1672986914866	1672986918886	OK	 
USER	Create  Scenario	START	1672986919866
REQUEST		my Proposal	1672986915866	1672986919868	OK	 
USER	Create  Scenario	END	1672986919989
USER	Create  Scenario	START	1672986920865
USER	Create  Scenario	END	1672986920885
USER	Create  Scenario	START	1672986921865
REQUEST		my Proposal	1672986917866	1672986921882	OK	 
USER	Create  Scenario	END	1672986921888
REQUEST		my Proposal	1672986916865	1672986922777	OK	 
USER	Create  Scenario	START	1672986922865
REQUEST		my Proposal	1672986918866	1672986922868	OK	 
USER	Create  Scenario	END	1672986922869
USER	Create  Scenario	START	1672986923865
REQUEST		my Proposal	1672986919866	1672986923908	OK	 
USER	Create  Scenario	START	1672986924865
USER	Create  Scenario	END	1672986924883
USER	Create  Scenario	END	1672986925778
USER	Create  Scenario	START	1672986925865
USER	Create  Scenario	END	1672986925868
REQUEST		my Proposal	1672986921866	1672986925924	OK	 
USER	Create  Scenario	START	1672986926865
USER	Create  Scenario	END	1672986926909
REQUEST		my Proposal	1672986922865	1672986927012	OK	 
USER	Create  Scenario	START	1672986927866
REQUEST		my Proposal	1672986920866	1672986928025	OK	 
USER	Create  Scenario	START	1672986928865
USER	Create  Scenario	END	1672986928925
REQUEST		my Proposal	1672986924865	1672986928985	OK	 
REQUEST		my Proposal	1672986923865	1672986929473	OK	 
USER	Create  Scenario	START	1672986929865
REQUEST		my Proposal	1672986925866	1672986929922	OK	 
USER	Create  Scenario	END	1672986930013
USER	Create  Scenario	START	1672986930865
USER	Create  Scenario	END	1672986931026
USER	Create  Scenario	START	1672986931865
USER	Create  Scenario	END	1672986931986
REQUEST		my Proposal	1672986927866	1672986932392	OK	 
USER	Create  Scenario	END	1672986932475
USER	Create  Scenario	START	1672986932865
USER	Create  Scenario	END	1672986932923
REQUEST		my Proposal	1672986928866	1672986933093	OK	 
REQUEST		my Proposal	1672986926865	1672986933701	OK	 
USER	Create  Scenario	START	1672986933865
REQUEST		my Proposal	1672986929865	1672986934000	OK	 
USER	Create  Scenario	START	1672986934865
USER	Create  Scenario	END	1672986935392
USER	Create  Scenario	START	1672986935865
REQUEST		my Proposal	1672986931866	1672986935998	OK	 
USER	Create  Scenario	END	1672986936093
USER	Create  Scenario	END	1672986936702
USER	Create  Scenario	START	1672986936866
USER	Create  Scenario	END	1672986937001
USER	Create  Scenario	START	1672986937866
REQUEST		my Proposal	1672986933866	1672986937914	OK	 
REQUEST		my Proposal	1672986932865	1672986938087	OK	 
USER	Create  Scenario	START	1672986938865
USER	Create  Scenario	END	1672986938999
REQUEST		my Proposal	1672986934866	1672986939708	OK	 
USER	Create  Scenario	START	1672986939865
REQUEST		my Proposal	1672986935866	1672986940683	OK	 
USER	Create  Scenario	START	1672986940865
USER	Create  Scenario	END	1672986940915
USER	Create  Scenario	END	1672986941088
REQUEST		my Proposal	1672986936866	1672986941368	OK	 
USER	Create  Scenario	START	1672986941865
REQUEST		my Proposal	1672986937866	1672986941913	OK	 
USER	Create  Scenario	END	1672986942709
USER	Create  Scenario	START	1672986942866
REQUEST		my Proposal	1672986930866	1672986943549	OK	 
USER	Create  Scenario	END	1672986943684
USER	Create  Scenario	START	1672986943865
USER	Create  Scenario	END	1672986944369
USER	Create  Scenario	START	1672986944866
USER	Create  Scenario	END	1672986944914
REQUEST		my Proposal	1672986938866	1672986945531	OK	 
USER	Create  Scenario	START	1672986945865
REQUEST		my Proposal	1672986941865	1672986946033	OK	 
REQUEST		my Proposal	1672986940865	1672986946159	OK	 
USER	Create  Scenario	END	1672986946549
USER	Create  Scenario	START	1672986946865
USER	Create  Scenario	START	1672986947866
REQUEST		my Proposal	1672986943865	1672986948026	OK	 
USER	Create  Scenario	END	1672986948532
USER	Create  Scenario	START	1672986948865
USER	Create  Scenario	END	1672986949033
USER	Create  Scenario	END	1672986949159
REQUEST		my Proposal	1672986944866	1672986949532	OK	 
USER	Create  Scenario	START	1672986949866
REQUEST		my Proposal	1672986942866	1672986950380	OK	 
USER	Create  Scenario	START	1672986950865
USER	Create  Scenario	END	1672986951027
REQUEST		my Proposal	1672986946865	1672986951052	OK	 
USER	Create  Scenario	START	1672986951866
REQUEST		my Proposal	1672986945865	1672986951933	OK	 
REQUEST		my Proposal	1672986947866	1672986952280	OK	 
USER	Create  Scenario	END	1672986952532
REQUEST		my Proposal	1672986939865	1672986952554	OK	 
USER	Create  Scenario	START	1672986952865
USER	Create  Scenario	END	1672986953381
USER	Create  Scenario	START	1672986953866
REQUEST		my Proposal	1672986949866	1672986953900	OK	 
USER	Create  Scenario	END	1672986954053
USER	Create  Scenario	START	1672986954865
USER	Create  Scenario	END	1672986954934
REQUEST		my Proposal	1672986948866	1672986955247	OK	 
USER	Create  Scenario	END	1672986955280
REQUEST		my Proposal	1672986950865	1672986955425	OK	 
USER	Create  Scenario	END	1672986955555
USER	Create  Scenario	START	1672986955865
REQUEST		my Proposal	1672986951866	1672986956449	OK	 
USER	Create  Scenario	START	1672986956865
USER	Create  Scenario	END	1672986956900
REQUEST		my Proposal	1672986952866	1672986957326	OK	 
USER	Create  Scenario	START	1672986957865
REQUEST		my Proposal	1672986953866	1672986957878	OK	 
USER	Create  Scenario	END	1672986958248
USER	Create  Scenario	END	1672986958426
REQUEST		my Proposal	1672986954865	1672986958847	OK	 
USER	Create  Scenario	START	1672986958865
USER	Create  Scenario	END	1672986959450
USER	Create  Scenario	START	1672986959865
REQUEST		my Proposal	1672986955865	1672986959920	OK	 
USER	Create  Scenario	END	1672986960327
USER	Create  Scenario	START	1672986960866
USER	Create  Scenario	END	1672986960878
REQUEST		my Proposal	1672986956866	1672986960992	OK	 
USER	Create  Scenario	END	1672986961848
REQUEST		my Proposal	1672986957866	1672986961859	OK	 
USER	Create  Scenario	START	1672986961865
USER	Create  Scenario	START	1672986962865
USER	Create  Scenario	END	1672986962922
REQUEST		my Proposal	1672986958866	1672986963135	OK	 
REQUEST		my Proposal	1672986959866	1672986963836	OK	 
USER	Create  Scenario	START	1672986963866
USER	Create  Scenario	END	1672986963993
USER	Create  Scenario	END	1672986964860
USER	Create  Scenario	START	1672986964865
REQUEST		my Proposal	1672986960866	1672986964952	OK	 
USER	Create  Scenario	START	1672986965866
REQUEST		my Proposal	1672986961865	1672986965890	OK	 
USER	Create  Scenario	END	1672986966136
USER	Create  Scenario	END	1672986966837
USER	Create  Scenario	START	1672986966866
REQUEST		my Proposal	1672986962866	1672986966923	OK	 
REQUEST		my Proposal	1672986963866	1672986967839	OK	 
USER	Create  Scenario	START	1672986967865
USER	Create  Scenario	END	1672986967953
USER	Create  Scenario	START	1672986968865
USER	Create  Scenario	END	1672986968891
REQUEST		my Proposal	1672986964865	1672986969784	OK	 
USER	Create  Scenario	START	1672986969865
USER	Create  Scenario	END	1672986969924
REQUEST		my Proposal	1672986965866	1672986970011	OK	 
USER	Create  Scenario	END	1672986970840
USER	Create  Scenario	START	1672986970865
REQUEST		my Proposal	1672986966866	1672986970881	OK	 
USER	Create  Scenario	START	1672986971865
USER	Create  Scenario	END	1672986972785
USER	Create  Scenario	START	1672986972866
REQUEST		my Proposal	1672986968865	1672986972873	OK	 
USER	Create  Scenario	END	1672986973012
USER	Create  Scenario	START	1672986973865
USER	Create  Scenario	END	1672986973882
REQUEST		my Proposal	1672986969866	1672986974267	OK	 
REQUEST		my Proposal	1672986970865	1672986974806	OK	 
USER	Create  Scenario	START	1672986974866
USER	Create  Scenario	START	1672986975865
USER	Create  Scenario	END	1672986975874
REQUEST		my Proposal	1672986971865	1672986976095	OK	 
REQUEST		my Proposal	1672986967865	1672986976722	OK	 
USER	Create  Scenario	START	1672986976865
REQUEST		my Proposal	1672986972866	1672986976927	OK	 
USER	Create  Scenario	END	1672986977268
USER	Create  Scenario	END	1672986977807
USER	Create  Scenario	START	1672986977865
REQUEST		my Proposal	1672986973866	1672986978773	OK	 
USER	Create  Scenario	START	1672986978865
REQUEST		my Proposal	1672986974866	1672986979051	OK	 
USER	Create  Scenario	END	1672986979096
USER	Create  Scenario	END	1672986979723
USER	Create  Scenario	START	1672986979865
REQUEST		my Proposal	1672986975866	1672986979899	OK	 
USER	Create  Scenario	END	1672986979928
REQUEST		my Proposal	1672986976866	1672986980841	OK	 
USER	Create  Scenario	START	1672986980866
USER	Create  Scenario	END	1672986981774
USER	Create  Scenario	START	1672986981865
USER	Create  Scenario	END	1672986982052
USER	Create  Scenario	START	1672986982865
REQUEST		my Proposal	1672986978866	1672986982876	OK	 
USER	Create  Scenario	END	1672986982900
REQUEST		my Proposal	1672986979866	1672986983815	OK	 
USER	Create  Scenario	END	1672986983843
USER	Create  Scenario	START	1672986983865
USER	Create  Scenario	START	1672986984865
REQUEST		my Proposal	1672986980866	1672986985125	OK	 
REQUEST		my Proposal	1672986981866	1672986985853	OK	 
USER	Create  Scenario	START	1672986985866
USER	Create  Scenario	END	1672986985877
USER	Create  Scenario	END	1672986986815
USER	Create  Scenario	START	1672986986865
REQUEST		my Proposal	1672986982866	1672986986964	OK	 
USER	Create  Scenario	START	1672986987866
REQUEST		my Proposal	1672986983866	1672986987893	OK	 
USER	Create  Scenario	END	1672986988127
USER	Create  Scenario	END	1672986988854
USER	Create  Scenario	START	1672986988865
REQUEST		my Proposal	1672986984866	1672986988921	OK	 
USER	Create  Scenario	START	1672986989865
USER	Create  Scenario	END	1672986989965
REQUEST		my Proposal	1672986985866	1672986989967	OK	 
REQUEST		my Proposal	1672986977866	1672986990269	OK	 
USER	Create  Scenario	START	1672986990865
USER	Create  Scenario	END	1672986990893
REQUEST		my Proposal	1672986986865	1672986991710	OK	 
USER	Create  Scenario	START	1672986991865
REQUEST		my Proposal	1672986987866	1672986991896	OK	 
USER	Create  Scenario	END	1672986991922
USER	Create  Scenario	START	1672986992865
USER	Create  Scenario	END	1672986992967
USER	Create  Scenario	END	1672986993270
REQUEST		my Proposal	1672986988865	1672986993412	OK	 
USER	Create  Scenario	START	1672986993866
REQUEST		my Proposal	1672986989865	1672986993892	OK	 
USER	Create  Scenario	END	1672986994711
REQUEST		my Proposal	1672986990865	1672986994858	OK	 
USER	Create  Scenario	START	1672986994865
USER	Create  Scenario	END	1672986994897
REQUEST		my Proposal	1672986991865	1672986995762	OK	 
USER	Create  Scenario	START	1672986995865
USER	Create  Scenario	END	1672986996413
REQUEST		my Proposal	1672986992865	1672986996831	OK	 
USER	Create  Scenario	START	1672986996866
USER	Create  Scenario	END	1672986996893
USER	Create  Scenario	END	1672986997859
USER	Create  Scenario	START	1672986997866
REQUEST		my Proposal	1672986993866	1672986997895	OK	 
USER	Create  Scenario	END	1672986998763
REQUEST		my Proposal	1672986994866	1672986998854	OK	 
USER	Create  Scenario	START	1672986998865
USER	Create  Scenario	END	1672986999832
USER	Create  Scenario	START	1672986999865
REQUEST		my Proposal	1672986995866	1672986999888	OK	 
REQUEST		my Proposal	1672986996866	1672987000861	OK	 
USER	Create  Scenario	START	1672987000865
USER	Create  Scenario	END	1672987000897
USER	Create  Scenario	END	1672987001855
USER	Create  Scenario	START	1672987001865
REQUEST		my Proposal	1672986997866	1672987001929	OK	 
USER	Create  Scenario	START	1672987002866
REQUEST		my Proposal	1672986998866	1672987002869	OK	 
USER	Create  Scenario	END	1672987002889
USER	Create  Scenario	END	1672987003863
USER	Create  Scenario	START	1672987003865
REQUEST		my Proposal	1672986999865	1672987003996	OK	 
REQUEST		my Proposal	1672987000865	1672987004789	OK	 
USER	Create  Scenario	START	1672987004866
USER	Create  Scenario	END	1672987004930
USER	Create  Scenario	START	1672987005865
USER	Create  Scenario	END	1672987005869
REQUEST		my Proposal	1672987001866	1672987005878	OK	 
USER	Create  Scenario	START	1672987006866
REQUEST		my Proposal	1672987002866	1672987006981	OK	 
USER	Create  Scenario	END	1672987006997
USER	Create  Scenario	END	1672987007789
REQUEST		my Proposal	1672987003866	1672987008748	OK	 
USER	Create  Scenario	END	1672987008879
REQUEST		my Proposal	1672987004866	1672987008891	OK	 
REQUEST		my Proposal	1672987005865	1672987009831	OK	 
USER	Create  Scenario	END	1672987009982
REQUEST		my Proposal	1672987006866	1672987011464	OK	 
USER	Create  Scenario	END	1672987011749
USER	Create  Scenario	END	1672987011892
USER	Create  Scenario	END	1672987012832
USER	Create  Scenario	END	1672987014465
