RUN	Simulations.Runner.Go1percent	go1percent	1675075614152	 	3.5.1
USER	Contribution API	START	1675075615330
USER	Contribution API	START	1675075615820
USER	Contribution API	START	1675075616321
REQUEST		/contribution/addContribution-Helps us to add other contributions 	1675075615358	1675075616447	OK	 
REQUEST		/contribution/addContribution-Helps us to add other contributions 	1675075615821	1675075616760	KO	status.find.is(200), but actually found 400
USER	Contribution API	START	1675075616822
REQUEST		/contribution/addContribution-Helps us to add other contributions 	1675075616322	1675075617241	KO	status.find.is(200), but actually found 400
USER	Contribution API	START	1675075617323
REQUEST		/contribution/addContribution-Helps us to add other contributions 	1675075616823	1675075617780	KO	status.find.is(200), but actually found 400
USER	Contribution API	START	1675075617816
REQUEST		/contribution/addContribution-Helps us to add other contributions 	1675075617324	1675075618283	KO	status.find.is(200), but actually found 400
USER	Contribution API	START	1675075618317
REQUEST		/contribution/addContribution-Helps us to add other contributions 	1675075617817	1675075618734	KO	status.find.is(200), but actually found 400
USER	Contribution API	START	1675075618816
REQUEST		/contribution/addContribution-Helps us to add other contributions 	1675075618317	1675075619305	KO	status.find.is(200), but actually found 400
USER	Contribution API	START	1675075619316
USER	Contribution API	END	1675075619471
REQUEST		/contribution/addContribution-Helps us to add other contributions 	1675075618817	1675075619735	KO	status.find.is(200), but actually found 400
USER	Contribution API	END	1675075619764
USER	Contribution API	START	1675075619816
REQUEST		/contribution/addContribution-Helps us to add other contributions 	1675075619317	1675075620219	KO	status.find.is(200), but actually found 400
USER	Contribution API	END	1675075620243
USER	Contribution API	START	1675075620317
REQUEST		/contribution/addContribution-Helps us to add other contributions 	1675075619817	1675075620716	KO	status.find.is(200), but actually found 400
USER	Contribution API	END	1675075620782
USER	Contribution API	START	1675075620816
REQUEST		/contribution/addContribution-Helps us to add other contributions 	1675075620318	1675075621202	KO	status.find.is(200), but actually found 400
USER	Contribution API	END	1675075621288
USER	Contribution API	START	1675075621316
REQUEST		/contribution/addContribution-Helps us to add other contributions 	1675075620816	1675075621701	KO	status.find.is(200), but actually found 400
USER	Contribution API	END	1675075621735
USER	Contribution API	START	1675075621816
REQUEST		/contribution/addContribution-Helps us to add other contributions 	1675075621317	1675075622197	KO	status.find.is(200), but actually found 400
USER	Contribution API	END	1675075622307
USER	Contribution API	START	1675075622317
REQUEST		/contribution/addContribution-Helps us to add other contributions 	1675075621817	1675075622702	KO	status.find.is(200), but actually found 400
USER	Contribution API	END	1675075622736
USER	Contribution API	START	1675075622816
REQUEST		/contribution/addContribution-Helps us to add other contributions 	1675075622318	1675075623196	KO	status.find.is(200), but actually found 400
USER	Contribution API	END	1675075623221
USER	Contribution API	START	1675075623316
REQUEST		/contribution/addContribution-Helps us to add other contributions 	1675075622817	1675075623702	KO	status.find.is(200), but actually found 400
USER	Contribution API	END	1675075623718
USER	Contribution API	START	1675075623816
REQUEST		/contribution/addContribution-Helps us to add other contributions 	1675075623317	1675075624188	KO	status.find.is(200), but actually found 400
USER	Contribution API	END	1675075624204
USER	Contribution API	START	1675075624316
USER	Contribution API	END	1675075624703
REQUEST		/contribution/addContribution-Helps us to add other contributions 	1675075623816	1675075624722	KO	status.find.is(200), but actually found 400
USER	Contribution API	START	1675075624815
REQUEST		/contribution/addContribution-Helps us to add other contributions 	1675075624316	1675075625193	KO	status.find.is(200), but actually found 400
USER	Contribution API	END	1675075625198
USER	Contribution API	START	1675075625316
USER	Contribution API	END	1675075625703
REQUEST		/contribution/addContribution-Helps us to add other contributions 	1675075624816	1675075625743	KO	status.find.is(200), but actually found 400
USER	Contribution API	START	1675075625816
USER	Contribution API	END	1675075626197
USER	Contribution API	START	1675075626316
REQUEST		/contribution/addContribution-Helps us to add other contributions 	1675075625316	1675075626332	KO	status.find.is(200), but actually found 400
USER	Contribution API	END	1675075626704
USER	Contribution API	START	1675075626816
REQUEST		/contribution/addContribution-Helps us to add other contributions 	1675075625817	1675075626911	KO	status.find.is(200), but actually found 400
USER	Contribution API	END	1675075627189
REQUEST		/contribution/addContribution-Helps us to add other contributions 	1675075626317	1675075627210	KO	status.find.is(200), but actually found 400
USER	Contribution API	START	1675075627316
REQUEST		/contribution/addContribution-Helps us to add other contributions 	1675075626817	1675075627695	KO	status.find.is(200), but actually found 400
USER	Contribution API	END	1675075627724
USER	Contribution API	START	1675075627816
USER	Contribution API	END	1675075628195
REQUEST		/contribution/addContribution-Helps us to add other contributions 	1675075627317	1675075628198	KO	status.find.is(200), but actually found 400
USER	Contribution API	START	1675075628317
REQUEST		/contribution/addContribution-Helps us to add other contributions 	1675075627817	1675075628712	KO	status.find.is(200), but actually found 400
USER	Contribution API	END	1675075628745
USER	Contribution API	START	1675075628816
REQUEST		/contribution/addContribution-Helps us to add other contributions 	1675075628317	1675075629206	KO	status.find.is(200), but actually found 400
USER	Contribution API	START	1675075629317
USER	Contribution API	END	1675075629334
REQUEST		/contribution/addContribution-Helps us to add other contributions 	1675075628817	1675075629722	KO	status.find.is(200), but actually found 400
USER	Contribution API	START	1675075629816
USER	Contribution API	END	1675075629913
REQUEST		/contribution/addContribution-Helps us to add other contributions 	1675075629317	1675075630195	KO	status.find.is(200), but actually found 400
USER	Contribution API	END	1675075630211
USER	Contribution API	START	1675075630316
USER	Contribution API	END	1675075630697
REQUEST		/contribution/addContribution-Helps us to add other contributions 	1675075629817	1675075630707	KO	status.find.is(200), but actually found 400
USER	Contribution API	START	1675075630817
USER	Contribution API	END	1675075631200
REQUEST		/contribution/addContribution-Helps us to add other contributions 	1675075630317	1675075631210	KO	status.find.is(200), but actually found 400
USER	Contribution API	START	1675075631317
REQUEST		/contribution/addContribution-Helps us to add other contributions 	1675075630817	1675075631690	KO	status.find.is(200), but actually found 400
USER	Contribution API	END	1675075631715
USER	Contribution API	START	1675075631816
REQUEST		/contribution/addContribution-Helps us to add other contributions 	1675075631317	1675075632198	KO	status.find.is(200), but actually found 400
USER	Contribution API	END	1675075632207
USER	Contribution API	START	1675075632317
REQUEST		/contribution/addContribution-Helps us to add other contributions 	1675075631817	1675075632714	KO	status.find.is(200), but actually found 400
USER	Contribution API	END	1675075632723
USER	Contribution API	START	1675075632815
REQUEST		/contribution/addContribution-Helps us to add other contributions 	1675075632317	1675075633196	KO	status.find.is(200), but actually found 400
USER	Contribution API	END	1675075633197
USER	Contribution API	START	1675075633316
REQUEST		