RUN	Simulations.Runner.Go1percent	go1percent	1676388455250	 	3.5.1
USER	Summary API	START	1676388456330
USER	Summary API	START	1676388456820
USER	Summary API	START	1676388457321
USER	Summary API	START	1676388457822
USER	Summary API	START	1676388458322
USER	Summary API	START	1676388458817
USER	Summary API	START	1676388459318
USER	Summary API	START	1676388459816
USER	Summary API	START	1676388460317
USER	Summary API	START	1676388460817
USER	Summary API	START	1676388461318
USER	Summary API	START	1676388461817
USER	Summary API	START	1676388462318
USER	Summary API	START	1676388462817
USER	Summary API	START	1676388463318
USER	Summary API	START	1676388463817
USER	Summary API	START	1676388464317
USER	Summary API	START	1676388464816
USER	Summary API	START	1676388465317
USER	Summary API	START	1676388465817
USER	Summary API	START	1676388466317
USER	Summary API	START	1676388466817
USER	Summary API	START	1676388467318
USER	Summary API	START	1676388467817
USER	Summary API	START	1676388468317
USER	Summary API	START	1676388468816
USER	Summary API	START	1676388469316
USER	Summary API	START	1676388469817
USER	Summary API	START	1676388470317
USER	Summary API	START	1676388470816
USER	Summary API	START	1676388471317
USER	Summary API	START	1676388471817
USER	Summary API	START	1676388472317
USER	Summary API	START	1676388472817
USER	Summary API	START	1676388473317
USER	Summary API	START	1676388473817
USER	Summary API	START	1676388474317
USER	Summary API	START	1676388474817
USER	Summary API	START	1676388475317
USER	Summary API	START	1676388475817
USER	Summary API	START	1676388476317
USER	Summary API	START	1676388476816
USER	Summary API	START	1676388477317
USER	Summary API	START	1676388477817
REQUEST		My Techup - Fetch approved Techup	1676388456821	1676388477861	KO	status.find.is(204), but actually found 400
REQUEST		My Techup - Fetch approved Techup	1676388457822	1676388477931	KO	status.find.is(204), but actually found 400
REQUEST		My Techup - Fetch approved Techup	1676388463319	1676388477935	KO	status.find.is(204), but actually found 400
REQUEST		My Techup - Fetch approved Techup	1676388458818	1676388478148	KO	status.find.is(204), but actually found 400
USER	Summary API	START	1676388478317
USER	Summary API	START	1676388478817
USER	Summary API	START	1676388479317
USER	Summary API	START	1676388479817
USER	Summary API	START	1676388480317
REQUEST		My Techup - Fetch approved Techup	1676388457322	1676388480669	KO	status.find.is(204), but actually found 400
REQUEST		My Techup - Fetch approved Techup	1676388461319	1676388480674	KO	status.find.is(204), but actually found 400
USER	Summary API	START	1676388480817
REQUEST		My Techup - Fetch approved Techup	1676388463818	1676388480885	KO	status.find.is(204), but actually found 400
REQUEST		My Techup - Fetch approved Techup	1676388462319	1676388480892	KO	status.find.is(204), but actually found 400
REQUEST		My Techup - Fetch approved Techup	1676388458323	1676388480955	KO	status.find.is(204), but actually found 400
USER	Summary API	START	1676388481317
USER	Summary API	START	1676388481817
USER	Summary API	START	1676388482317
USER	Summary API	START	1676388482817
USER	Summary API	START	1676388483317
USER	Summary API	START	1676388483817
USER	Summary API	START	1676388484317
USER	Summary API	START	1676388484817
USER	Summary API	START	1676388485317
USER	Summary API	START	1676388485817
USER	Summary API	START	1676388486317
USER	Summary API	START	1676388486817
USER	Summary API	START	1676388487317
REQUEST		My Techup - Fetch approved Techup	1676388469817	1676388487663	OK	 
USER	Summary API	START	1676388487817
USER	Summary API	START	1676388488317
REQUEST		My Techup - Fetch approved Techup	1676388466818	1676388488631	OK	 
USER	Summary API	START	1676388488816
USER	Summary API	START	1676388489316
USER	Summary API	START	1676388489817
REQUEST		My Techup - Fetch approved Techup	1676388468817	1676388489980	OK	 
USER	Summary API	START	1676388490317
USER	Summary API	START	1676388490816
USER	Summary API	START	1676388491317
REQUEST		My Techup - Fetch approved Techup	1676388470317	1676388491438	OK	 
REQUEST		My Techup - Fetch approved Techup	1676388469317	1676388491438	KO	status.find.is(204), but actually found 400
REQUEST		My Techup - Fetch approved Techup	1676388465317	1676388491446	OK	 
REQUEST		My Techup - Fetch approved Techup	1676388467318	1676388491800	OK	 
REQUEST		My Techup - Fetch approved Techup	1676388472318	1676388491800	OK	 
REQUEST		My Techup - Fetch approved Techup	1676388471818	1676388491800	OK	 
REQUEST		My Techup - Fetch approved Techup	1676388474318	1676388491800	OK	 
REQUEST		My Techup - Fetch approved Techup	1676388466318	1676388491801	OK	 
USER	Summary API	START	1676388491817
REQUEST		My Techup - Fetch approved Techup	1676388465817	1676388492173	OK	 
USER	Summary API	START	1676388492317
USER	Summary API	START	1676388492816
REQUEST		My Techup - Fetch approved Techup	1676388468318	1676388492972	OK	 
USER	Summary API	START	1676388493316
USER	Summary API	START	1676388493817
USER	Summary API	START	1676388494317
USER	Summary API	START	1676388494817
USER	Summary API	START	1676388495317
USER	Summary API	START	1676388495816
REQUEST		My Techup - Fetch approved Techup	1676388476817	1676388495904	OK	 
REQUEST		My Techup - Fetch approved Techup	1676388476317	1676388495911	OK	 
REQUEST		My Techup - Fetch approved Techup	1676388471317	1676388495913	OK	 
REQUEST		My Techup - Fetch approved Techup	1676388473318	1676388495916	OK	 
REQUEST		My Techup - Fetch approved Techup	1676388464318	1676388495917	OK	 
USER	Summary API	START	1676388496316
USER	Summary API	START	1676388496817
REQUEST		My Techup - Fetch approved Techup	1676388472817	1676388497186	OK	 
USER	Summary API	START	1676388497316
USER	Summary API	START	1676388497817
USER	Summary API	START	1676388498317
USER	Summary API	START	1676388498816
USER	Summary API	START	1676388499317
REQUEST		My Techup - Fetch approved Techup	1676388467818	1676388499491	OK	 
REQUEST		My Techup - Fetch approved Techup	1676388479817	1676388499492	OK	 
REQUEST		My Techup - Fetch approved Techup	1676388478817	1676388499496	OK	 
REQUEST		My Techup - Fetch approved Techup	1676388460818	1676388499642	OK	 
USER	Summary API	START	1676388499817
USER	Summary API	START	1676388500317
REQUEST		My Techup - Fetch approved Techup	1676388459319	1676388500463	OK	 
USER	Summary API	START	1676388500816
USER	Summary API	START	1676388501316
USER	Summary API	START	1676388501816
USER	Summary API	START	1676388502317
USER	Summary API	START	1676388502817
USER	Summary API	START	1676388503317
USER	Summary API	START	1676388503817
REQUEST		My Techup - Fetch approved Techup	1676388487817	1676388504235	OK	 
USER	Summary API	START	1676388504317
USER	Summary API	START	1676388504816
USER	Summary API	START	1676388505317
REQUEST		My Techup - Fetch approved Techup	1676388479317	1676388505405	OK	 
REQUEST		My Techup - Fetch approved Techup	1676388475318	1676388505477	OK	 
REQUEST		My Techup - Fetch approved Techup	1676388491817	1676388505479	OK	 
REQUEST		My Techup - Fetch approved Techup	1676388464817	1676388505481	OK	 
REQUEST		Approval Techup - Fetch approval Techups	1676388480936	1676388505658	KO	status.find.is(204), but actually found 500
REQUEST		Approval Techup - Fetch approval Techups	1676388480878	1676388505679	KO	status.find.is(204), but actually found 500
USER	Summary API	START	1676388505817
USER	Summary API	START	1676388506317
REQUEST		My Techup - Fetch approved Techup	1676388461818	1676388506323	OK	 
REQUEST		My Techup - Fetch approved Techup	1676388488317	1676388506645	OK	 
REQUEST		Approval Techup - Fetch approval Techups	1676388481150	1676388506645	KO	status.find.is(204), but actually found 500
USER	Summary API	START	1676388506817
USER	Summary API	START	1676388507317
REQUEST		My Techup - Fetch approved Techup	1676388462818	1676388507713	OK	 
REQUEST		My Techup - Fetch approved Techup	1676388477817	1676388507713	OK	 
USER	Summary API	START	1676388507817
REQUEST		Approval Techup - Fetch approval Techups	1676388480932	1676388508235	KO	status.find.is(204), but actually found 500
USER	Summary API	START	1676388508317
USER	Summary API	START	1676388508816
USER	Summary API	START	1676388509316
REQUEST		My Techup - Fetch approved Techup	1676388474818	1676388509703	OK	 
REQUEST		My Techup - Fetch approved Techup	1676388490817	1676388509713	OK	 
USER	Summary API	START	1676388509817
REQUEST		My Techup - Fetch approved Techup	1676388481318	1676388510210	OK	 
USER	Summary API	START	1676388510317
REQUEST		Approval Techup - Fetch approval Techups	1676388483887	1676388510403	KO	status.find.is(204), but actually found 500
USER	Summary API	START	1676388510817
USER	Summary API	START	1676388511317
REQUEST		Approval Techup - Fetch approval Techups	1676388483670	1676388511459	KO	status.find.is(204), but actually found 500
USER	Summary API	START	1676388511817
REQUEST		My Techup - Fetch approved Techup	1676388483318	1676388512189	OK	 
USER	Summary API	START	1676388512317
USER	Summary API	START	1676388512817
USER	Summary API	START	1676388513317
USER	Summary API	START	1676388513817
REQUEST		Approval Techup - Fetch approval Techups	1676388498917	1676388514184	KO	status.find.is(204), but actually found 502
REQUEST		AllTechup - Fetch all Techup	1676388509646	1676388514186	KO	status.find.is(200), but actually found 502
REQUEST		My Techup - Fetch approved Techup	1676388510317	1676388514185	KO	status.find.is(204), but actually found 502
REQUEST		My Techup - Fetch approved Techup	1676388495817	1676388514185	KO	status.find.is(204), but actually found 502
REQUEST		My Techup - Fetch approved Techup	1676388487318	1676388514185	KO	status.find.is(204), but actually found 502
REQUEST		My Techup - Fetch approved Techup	1676388485818	1676388514185	KO	status.find.is(204), but actually found 502
REQUEST		Approval Techup - Fetch approval Techups	1676388512704	1676388514188	KO	status.find.is(204), but actually found 502
REQUEST		My Techup - Fetch approved Techup	1676388503818	1676388514188	KO	status.find.is(204), but actually found 502
REQUEST		My Techup - Fetch approved Techup	1676388505317	1676388514188	KO	status.find.is(204), but actually found 502
REQUEST		My Techup - Fetch approved Techup	1676388511317	1676388514188	KO	status.find.is(204), but actually found 502
REQUEST		My Techup - Fetch approved Techup	1676388509817	1676388514188	KO	status.find.is(204), but actually found 502
REQUEST		My Techup - Fetch approved Techup	1676388486317	1676388514188	KO	status.find.is(204), but actually found 502
REQUEST		Approval Techup - Fetch approval Techups	1676388502493	1676388514189	KO	status.find.is(204), but actually found 502
REQUEST		My Techup - Fetch approved Techup	1676388498817	1676388514189	KO	status.find.is(204), but actually found 502
REQUEST		My Techup - Fetch approved Techup	1676388502317	1676388514189	KO	status.find.is(204), but actually found 502
REQUEST		Approval Techup - Fetch approval Techups	1676388490667	1676388514189	KO	status.find.is(204), but actually found 502
REQUEST		Approval Techup - Fetch approval Techups	1676388494447	1676388514189	KO	status.find.is(204), but actually found 502
REQUEST		AllTechup - Fetch all Techup	1676388508659	1676388514189	KO	status.find.is(200), but actually found 502
REQUEST		Approval Techup - Fetch approval Techups	1676388512714	1676388514190	KO	status.find.is(204), but actually found 502
REQUEST		Approval Techup - Fetch approval Techups	1676388507236	1676388514190	KO	status.find.is(204), but actually found 502
REQUEST		Approval Techup - Fetch approval Techups	1676388494440	1676388514190	KO	status.find.is(204), but actually found 502
REQUEST		Approval Techup - Fetch approval Techups	1676388509324	1676388514190	KO	status.find.is(204), but actually found 502
REQUEST		My Techup - Fetch approved Techup	1676388497317	1676388514190	KO	status.find.is(204), but actually found 502
REQUEST		My Techup - Fetch approved Techup	1676388495317	1676388514190	KO	status.find.is(204), but actually found 502
REQUEST		Approval Techup - Fetch approval Techups	1676388491633	1676388514190	KO	status.find.is(204), but actually found 502
REQUEST		Approval Techup - Fetch approval Techups	1676388494801	1676388514190	KO	status.find.is(204), but actually found 502
REQUEST		My Techup - Fetch approved Techup	1676388493817	1676388514191	KO	status.find.is(204), but actually found 502
REQUEST		My Techup - Fetch approved Techup	1676388494317	1676388514191	KO	status.find.is(204), but actually found 502
REQUEST		My Techup - Fetch approved Techup	1676388489317	1676388514191	KO	status.find.is(204), but actually found 502
REQUEST		Approval Techup - Fetch approval Techups	1676388498914	1676388514191	KO	status.find.is(204), but actually found 502
REQUEST		AllTechup - Fetch all Techup	1676388513404	1676388514191	KO	status.find.is(200), but actually found 502
REQUEST		My Techup - Fetch approved Techup	1676388506818	1676388514191	KO	status.find.is(204), but actually found 502
REQUEST		Approval Techup - Fetch approval Techups	1676388510715	1676388514191	KO	status.find.is(204), but actually found 502
REQUEST		My Techup - Fetch approved Techup	1676388478317	1676388514191	KO	status.find.is(204), but actually found 502
REQUEST		Approval Techup - Fetch approval Techups	1676388513211	1676388514191	KO	status.find.is(204), but actually found 502
REQUEST		My Techup - Fetch approved Techup	1676388503318	1676388514191	KO	status.find.is(204), but actually found 502
REQUEST		My Techup - Fetch approved Techup	1676388511817	1676388514192	KO	status.find.is(204), but actually found 502
REQUEST		My Techup - Fetch approved Techup	1676388482818	1676388514192	KO	status.find.is(204), but actually found 502
REQUEST		Approval Techup - Fetch approval Techups	1676388483894	1676388514192	KO	status.find.is(204), but actually found 502
REQUEST		My Techup - Fetch approved Techup	1676388501817	1676388514192	KO	status.find.is(204), but actually found 502
REQUEST		My Techup - Fetch approved Techup	1676388494817	1676388514186	KO	status.find.is(204), but actually found 502
REQUEST		My Techup - Fetch approved Techup	1676388499817	1676388514185	KO	status.find.is(204), but actually found 502
REQUEST		My Techup - Fetch approved Techup	1676388484817	1676388514186	KO	status.find.is(204), but actually found 502
REQUEST		My Techup - Fetch approved Techup	1676388508317	1676388514185	KO	status.find.is(204), but actually found 502
REQUEST		My Techup - Fetch approved Techup	1676388484318	1676388514194	KO	status.find.is(204), but actually found 502
REQUEST		Approval Techup - Fetch approval Techups	1676388498905	1676388514194	KO	status.find.is(204), but actually found 502
REQUEST		Approval Techup - Fetch approval Techups	1676388508479	1676388514194	KO	status.find.is(204), but actually found 502
REQUEST		Approval Techup - Fetch approval Techups	1676388510715	1676388514194	KO	status.find.is(204), but actually found 502
REQUEST		My Techup - Fetch approved Techup	1676388500317	1676388514194	KO	status.find.is(204), but actually found 502
REQUEST		My Techup - Fetch approved Techup	1676388492817	1676388514194	KO	status.find.is(204), but actually found 502
REQUEST		My Techup - Fetch approved Techup	1676388502818	1676388514194	KO	status.find.is(204), but actually found 502
REQUEST		My Techup - Fetch approved Techup	1676388459817	1676388514194	KO	status.find.is(204), but actually found 502
REQUEST		My Techup - Fetch approved Techup	1676388460318	1676388514195	KO	status.find.is(204), but actually found 502
REQUEST		Approval Techup - Fetch approval Techups	1676388502643	1676388514195	KO	status.find.is(204), but actually found 502
REQUEST		Approval Techup - Fetch approval Techups	1676388502496	1676388514195	KO	status.find.is(204), but actually found 502
REQUEST		My Techup - Fetch approved Techup	1676388507817	1676388514195	KO	status.find.is(204), but actually found 502
REQUEST		Approval Techup - Fetch approval Techups	1676388498912	1676388514195	KO	status.find.is(204), but actually found 502
REQUEST		My Techup - Fetch approved Techup	1676388500817	1676388514195	KO	status.find.is(204), but actually found 502
REQUEST		My Techup - Fetch approved Techup	1676388510817	1676388514195	KO	status.find.is(204), but actually found 502
REQUEST		My Techup - Fetch approved Techup	1676388483818	1676388514195	KO	status.find.is(204), but actually found 502
REQUEST		My Techup - Fetch approved Techup	1676388492317	1676388514195	KO	status.find.is(204), but actually found 502
REQUEST		My Techup - Fetch approved Techup	1676388508817	1676388514195	KO	status.find.is(204), but actually found 502
REQUEST		My Techup - Fetch approved Techup	1676388486818	1676388514195	KO	status.find.is(204), but actually found 502
REQUEST		My Techup - Fetch approved Techup	1676388475817	1676388514195	KO	status.find.is(204), but actually found 502
REQUEST		Approval Techup - Fetch approval Techups	1676388495973	1676388514195	KO	status.find.is(204), but actually found 502
REQUEST		Approval Techup - Fetch approval Techups	1676388492981	1676388514196	KO	status.find.is(204), but actually found 502
REQUEST		My Techup - Fetch approved Techup	1676388470817	1676388514196	KO	status.find.is(204), but actually found 502
REQUEST		Approval Techup - Fetch approval Techups	1676388508478	1676388514185	KO	status.find.is(204), but actually found 502
REQUEST		Approval Techup - Fetch approval Techups	1676388502493	1676388514196	KO	status.find.is(204), but actually found 502
REQUEST		My Techup - Fetch approved Techup	1676388507318	1676388514196	KO	status.find.is(204), but actually found 502
REQUEST		My Techup - Fetch approved Techup	1676388506317	1676388514186	KO	status.find.is(204), but actually found 502
REQUEST		My Techup - Fetch approved Techup	1676388473817	1676388514185	KO	status.find.is(204), but actually found 502
REQUEST		My Techup - Fetch approved Techup	1676388499317	1676388514196	KO	status.find.is(204), but actually found 502
REQUEST		My Techup - Fetch approved Techup	1676388498318	1676388514197	KO	status.find.is(204), but actually found 502
REQUEST		Approval Techup - Fetch approval Techups	1676388503464	1676388514197	KO	status.find.is(204), but actually found 502
REQUEST		Approval Techup - Fetch approval Techups	1676388494801	1676388514197	KO	status.find.is(204), but actually found 502
REQUEST		My Techup - Fetch approved Techup	1676388489817	1676388514197	KO	status.find.is(204), but actually found 502
REQUEST		My Techup - Fetch approved Techup	1676388482318	1676388514197	KO	status.find.is(204), but actually found 502
REQUEST		My Techup - Fetch approved Techup	1676388491317	1676388514197	KO	status.find.is(204), but actually found 502
REQUEST		Approval Techup - Fetch approval Techups	1676388495174	1676388514197	KO	status.find.is(204), but actually found 502
REQUEST		My Techup - Fetch approved Techup	1676388490318	1676388514198	KO	status.find.is(204), but actually found 502
REQUEST		AllTechup - Fetch all Techup	1676388511236	1676388514198	KO	status.find.is(200), but actually found 502
REQUEST		Approval Techup - Fetch approval Techups	1676388494801	1676388514185	KO	status.find.is(204), but actually found 502
REQUEST		Approval Techup - Fetch approval Techups	1676388494440	1676388514185	KO	status.find.is(204), but actually found 502
REQUEST		Approval Techup - Fetch approval Techups	1676388483956	1676388514198	KO	status.find.is(204), but actually found 502
REQUEST		My Techup - Fetch approved Techup	1676388505817	1676388514198	KO	status.find.is(204), but actually found 502
REQUEST		My Techup - Fetch approved Techup	1676388477317	1676388514198	KO	status.find.is(204), but actually found 502
REQUEST		Approval Techup - Fetch approval Techups	1676388498918	1676388514198	KO	status.find.is(204), but actually found 502
REQUEST		Approval Techup - Fetch approval Techups	1676388494801	1676388514198	KO	status.find.is(204), but actually found 502
REQUEST		My Techup - Fetch approved Techup	1676388509317	1676388514198	KO	status.find.is(204), but actually found 502
REQUEST		My Techup - Fetch approved Techup	1676388497817	1676388514198	KO	status.find.is(204), but actually found 502
REQUEST		Approval Techup - Fetch approval Techups	1676388509646	1676388514199	KO	status.find.is(204), but actually found 502
REQUEST		Approval Techup - Fetch approval Techups	1676388494802	1676388514199	KO	status.find.is(204), but actually found 502
REQUEST		Approval Techup - Fetch approval Techups	1676388483675	1676388514199	KO	status.find.is(204), but actually found 502
REQUEST		My Techup - Fetch approved Techup	1676388485317	1676388514199	KO	status.find.is(204), but actually found 502
REQUEST		My Techup - Fetch approved Techup	1676388504318	1676388514199	KO	status.find.is(204), but actually found 502
REQUEST		My Techup - Fetch approved Techup	1676388493317	1676388514199	KO	status.find.is(204), but actually found 502
REQUEST		My Techup - Fetch approved Techup	1676388480317	1676388514199	KO	status.find.is(204), but actually found 502
REQUEST		My Techup - Fetch approved Techup	1676388501317	1676388514199	KO	status.find.is(204), but actually found 502
REQUEST		My Techup - Fetch approved Techup	1676388512317	1676388514200	KO	status.find.is(204), but actually found 502
REQUEST		My Techup - Fetch approved Techup	1676388496817	1676388514187	KO	status.find.is(204), but actually found 502
REQUEST		My Techup - Fetch approved Techup	1676388456347	1676388514200	KO	status.find.is(204), but actually found 502
REQUEST		My Techup - Fetch approved Techup	1676388504817	1676388514200	KO	status.find.is(204), but actually found 502
REQUEST		Approval Techup - Fetch approval Techups	1676388500187	1676388514200	KO	status.find.is(204), but actually found 502
REQUEST		My Techup - Fetch approved Techup	1676388480818	1676388514201	KO	status.find.is(204), but actually found 502
REQUEST		Approval Techup - Fetch approval Techups	1676388508481	1676388514201	KO	status.find.is(204), but actually found 502
REQUEST		My Techup - Fetch approved Techup	1676388488817	1676388514201	KO	status.find.is(204), but actually found 502
REQUEST		My Techup - Fetch approved Techup	1676388512817	1676388514201	KO	status.find.is(204), but actually found 502
REQUEST		My Techup - Fetch approved Techup	1676388513317	1676388514251	KO	status.find.is(204), but actually found 503
USER	Summary API	START	1676388514317
REQUEST		AllTechup - Fetch all Techup	1676388514460	1676388514734	KO	status.find.is(200), but actually found 503
REQUEST		My Techup - Fetch approved Techup	1676388513817	1676388514737	KO	status.find.is(204), but actually found 503
USER	Summary API	START	1676388514817
REQUEST		AllTechup - Fetch all Techup	1676388508680	1676388515172	KO	status.find.is(200), but actually found 502
REQUEST		My Techup - Fetch approved Techup	1676388496317	1676388515172	KO	status.find.is(204), but actually found 502
REQUEST		My Techup - Fetch approved Techup	1676388481818	1676388515173	KO	status.find.is(204), but actually found 502
REQUEST		Approval Techup - Fetch approval Techups	1676388508406	1676388515173	KO	status.find.is(204), but actually found 502
USER	Summary API	START	1676388515317
REQUEST		My Techup - Fetch approved Techup	1676388514317	1676388515379	KO	status.find.is(204), but actually found 503
REQUEST		Approval Techup - Fetch approval Techups	1676388515190	1676388515462	KO	status.find.is(204), but actually found 503
REQUEST		My Techup - Fetch approved Techup	1676388514817	1676388515680	KO	status.find.is(204), but actually found 503
USER	Summary API	START	1676388515817
REQUEST		My Techup - Fetch approved Techup	1676388515317	1676388516165	KO	status.find.is(204), but actually found 503
USER	Summary API	START	1676388516317
REQUEST		My Techup - Fetch approved Techup	1676388515818	1676388516675	KO	status.find.is(204), but actually found 503
USER	Summary API	START	1676388516816
USER	Summary API	END	1676388517195
REQUEST		My Techup - Fetch approved Techup	1676388516318	1676388517197	KO	status.find.is(204), but actually found 503
USER	Summary API	END	1676388517195
USER	Summary API	END	1676388517197
USER	Summary API	END	1676388517199
USER	Summary API	START	1676388517316
REQUEST		AllTechup - Fetch all Techup	1676388517192	1676388517461	KO	status.find.is(200), but actually found 503
REQUEST		AllTechup - Fetch all Techup	1676388517193	1676388517462	KO	status.find.is(200), but actually found 503
REQUEST		Approval Techup - Fetch approval Techups	1676388517190	1676388517462	KO	status.find.is(204), but actually found 503
REQUEST		Approval Techup - Fetch approval Techups	1676388517191	1676388517462	KO	status.find.is(204), but actually found 503
REQUEST		Approval Techup - Fetch approval Techups	1676388517191	1676388517463	KO	status.find.is(204), but actually found 503
REQUEST		Approval Techup - Fetch approval Techups	1676388517191	1676388517463	KO	status.find.is(204), but actually found 503
REQUEST		AllTechup - Fetch all Techup	1676388517190	1676388517463	KO	status.find.is(200), but actually found 503
REQUEST		Approval Techup - Fetch approval Techups	1676388517192	1676388517463	KO	status.find.is(204), but actually found 503
REQUEST		Approval Techup - Fetch approval Techups	1676388517191	1676388517464	KO	status.find.is(204), but actually found 503
REQUEST		AllTechup - Fetch all Techup	1676388517191	1676388517464	KO	status.find.is(200), but actually found 503
REQUEST		Approval Techup - Fetch approval Techups	1676388517193	1676388517464	KO	status.find.is(204), but actually found 503
REQUEST		AllTechup - Fetch all Techup	1676388517192	1676388517464	KO	status.find.is(200), but actually found 503
REQUEST		AllTechup - Fetch all Techup	1676388517192	1676388517465	KO	status.find.is(200), but actually found 503
REQUEST		Approval Techup - Fetch approval Techups	1676388517193	1676388517465	KO	status.find.is(204), but actually found 503
REQUEST		Approval Techup - Fetch approval Techups	1676388517190	1676388517465	KO	status.find.is(204), but actually found 503
REQUEST		Approval Techup - Fetch approval Techups	1676388517190	1676388517465	KO	status.find.is(204), but actually found 503
REQUEST		Approval Techup - Fetch approval Techups	1676388517191	1676388517466	KO	status.find.is(204), but actually found 503
REQUEST		AllTechup - Fetch all Techup	1676388517195	1676388517466	KO	status.find.is(200), but actually found 503
REQUEST		Approval Techup - Fetch approval Techups	1676388517194	1676388517466	KO	status.find.is(204), but actually found 503
REQUEST		AllTechup - Fetch all Techup	1676388517195	1676388517466	KO	status.find.is(200), but actually found 503
REQUEST		Approval Techup - Fetch approval Techups	1676388517193	1676388517466	KO	status.find.is(204), but actually found 503
REQUEST		AllTechup - Fetch all Techup	1676388517192	1676388517467	KO	status.find.is(200), but actually found 503
REQUEST		Approval Techup - Fetch approval Techups	1676388517190	1676388517467	KO	status.find.is(204), but actually found 503
REQUEST		Approval Techup - Fetch approval Techups	1676388517193	1676388517467	KO	status.find.is(204), but actually found 503
REQUEST		Approval Techup - Fetch approval Techups	1676388517194	1676388517467	KO	status.find.is(204), but actually found 503
REQUEST		Approval Techup - Fetch approval Techups	1676388517194	1676388517467	KO	status.find.is(204), but actually found 503
REQUEST		AllTechup - Fetch all Techup	1676388517194	1676388517467	KO	status.find.is(200), but actually found 503
REQUEST		Approval Techup - Fetch approval Techups	1676388517195	1676388517468	KO	status.find.is(204), but actually found 503
REQUEST		AllTechup - Fetch all Techup	1676388517193	1676388517468	KO	status.find.is(200), but actually found 503
REQUEST		AllTechup - Fetch all Techup	1676388517197	1676388517468	KO	status.find.is(200), but actually found 503
REQUEST		AllTechup - Fetch all Techup	1676388517198	1676388517468	KO	status.find.is(200), but actually found 503
REQUEST		Approval Techup - Fetch approval Techups	1676388517195	1676388517469	KO	status.find.is(204), but actually found 503
REQUEST		AllTechup - Fetch all Techup	1676388517196	1676388517469	KO	status.find.is(200), but actually found 503
REQUEST		AllTechup - Fetch all Techup	1676388517196	1676388517469	KO	status.find.is(200), but actually found 503
REQUEST		Approval Techup - Fetch approval Techups	1676388517196	1676388517469	KO	status.find.is(204), but actually found 503
REQUEST		Approval Techup - Fetch approval Techups	1676388517200	1676388517469	KO	status.find.is(204), but actually found 503
REQUEST		Approval Techup - Fetch approval Techups	1676388517198	1676388517469	KO	status.find.is(204), but actually found 503
REQUEST		AllTechup - Fetch all Techup	1676388517197	1676388517470	KO	status.find.is(200), but actually found 503
REQUEST		Approval Techup - Fetch approval Techups	1676388517200	1676388517470	KO	status.find.is(204), but actually found 503
REQUEST		AllTechup - Fetch all Techup	1676388517199	1676388517470	KO	status.find.is(200), but actually found 503
REQUEST		AllTechup - Fetch all Techup	1676388517196	1676388517470	KO	status.find.is(200), but actually found 503
REQUEST		Approval Techup - Fetch approval Techups	1676388517197	1676388517471	KO	status.find.is(204), but actually found 503
REQUEST		Approval Techup - Fetch approval Techups	1676388517198	1676388517471	KO	status.find.is(204), but actually found 503
REQUEST		Approval Techup - Fetch approval Techups	1676388517199	1676388517471	KO	status.find.is(204), but actually found 503
REQUEST		Approval Techup - Fetch approval Techups	1676388517196	1676388517470	KO	status.find.is(204), but actually found 503
REQUEST		Approval Techup - Fetch approval Techups	1676388517197	1676388517471	KO	status.find.is(204), but actually found 503
REQUEST		Approval Techup - Fetch approval Techups	1676388517199	1676388517471	KO	status.find.is(204), but actually found 503
REQUEST		AllTechup - Fetch all Techup	1676388517201	1676388517472	KO	status.find.is(200), but actually found 503
REQUEST		Approval Techup - Fetch approval Techups	1676388517196	1676388517472	KO	status.find.is(204), but actually found 503
REQUEST		Approval Techup - Fetch approval Techups	1676388517197	1676388517472	KO	status.find.is(204), but actually found 503
REQUEST		Approval Techup - Fetch approval Techups	1676388517201	1676388517472	KO	status.find.is(204), but actually found 503
REQUEST		Approval Techup - Fetch approval Techups	1676388517196	1676388517472	KO	status.find.is(204), but actually found 503
REQUEST		AllTechup - Fetch all Techup	1676388517197	1676388517473	KO	status.find.is(200), but actually found 503
REQUEST		Approval Techup - Fetch approval Techups	1676388517196	1676388517473	KO	status.find.is(204), but actually found 503
REQUEST		AllTechup - Fetch all Techup	1676388517200	1676388517471	KO	status.find.is(200), but actually found 503
REQUEST		Approval Techup - Fetch approval Techups	1676388517196	1676388517473	KO	status.find.is(204), but actually found 503
REQUEST		Approval Techup - Fetch approval Techups	1676388517198	1676388517473	KO	status.find.is(204), but actually found 503
REQUEST		AllTechup - Fetch all Techup	1676388517199	1676388517473	KO	status.find.is(200), but actually found 503
REQUEST		Approval Techup - Fetch approval Techups	1676388517201	1676388517474	KO	status.find.is(204), but actually found 503
REQUEST		Approval Techup - Fetch approval Techups	1676388517197	1676388517474	KO	status.find.is(204), but actually found 503
REQUEST		Approval Techup - Fetch approval Techups	1676388517199	1676388517474	KO	status.find.is(204), but actually found 503
REQUEST		Approval Techup - Fetch approval Techups	1676388517198	1676388517474	KO	status.find.is(204), but actually found 503
REQUEST		AllTechup - Fetch all Techup	1676388517196	1676388517474	KO	status.find.is(200), but actually found 503
REQUEST		Approval Techup - Fetch approval Techups	1676388517198	1676388517474	KO	status.find.is(204), but actually found 503
REQUEST		Approval Techup - Fetch approval Techups	1676388517201	1676388517474	KO	status.find.is(204), but actually found 503
REQUEST		AllTechup - Fetch all Techup	1676388517199	1676388517475	KO	status.find.is(200), but actually found 503
REQUEST		Approval Techup - Fetch approval Techups	1676388517198	1676388517475	KO	status.find.is(204), but actually found 503
REQUEST		Approval Techup - Fetch approval Techups	1676388517200	1676388517475	KO	status.find.is(204), but actually found 503
REQUEST		AllTechup - Fetch all Techup	1676388517202	1676388517475	KO	status.find.is(200), but actually found 503
REQUEST		Approval Techup - Fetch approval Techups	1676388517198	1676388517475	KO	status.find.is(204), but actually found 503
REQUEST		Approval Techup - Fetch approval Techups	1676388517195	1676388517476	KO	status.find.is(204), but actually found 503
REQUEST		Approval Techup - Fetch approval Techups	1676388517201	1676388517476	KO	status.find.is(204), but actually found 503
REQUEST		Approval Techup - Fetch approval Techups	1676388517199	1676388517476	KO	status.find.is(204), but actually found 503
REQUEST		Approval Techup - Fetch approval Techups	1676388517197	1676388517476	KO	status.find.is(204), but actually found 503
REQUEST		AllTechup - Fetch all Techup	1676388517198	1676388517476	KO	status.find.is(200), but actually found 503
REQUEST		Approval Techup - Fetch approval Techups	1676388517202	1676388517476	KO	status.find.is(204), but actually found 503
REQUEST		AllTechup - Fetch all Techup	1676388517200	1676388517475	KO	status.find.is(200), but actually found 503
REQUEST		AllTechup - Fetch all Techup	1676388517200	1676388517477	KO	status.find.is(200), but actually found 503
REQUEST		Approval Techup - Fetch approval Techups	1676388517197	1676388517477	KO	status.find.is(204), but actually found 503
REQUEST		Approval Techup - Fetch approval Techups	1676388517199	1676388517476	KO	status.find.is(204), but actually found 503
REQUEST		AllTechup - Fetch all Techup	1676388517201	1676388517477	KO	status.find.is(200), but actually found 503
REQUEST		AllTechup - Fetch all Techup	1676388517199	1676388517477	KO	status.find.is(200), but actually found 503
REQUEST		Approval Techup - Fetch approval Techups	1676388517202	1676388517478	KO	status.find.is(204), but actually found 503
REQUEST		AllTechup - Fetch all Techup	1676388517200	1676388517478	KO	status.find.is(200), but actually found 503
REQUEST		AllTechup - Fetch all Techup	1676388517199	1676388517478	KO	status.find.is(200), but actually found 503
REQUEST		Approval Techup - Fetch approval Techups	1676388517199	1676388517476	KO	status.find.is(204), but actually found 503
REQUEST		Approval Techup - Fetch approval Techups	1676388517202	1676388517478	KO	status.find.is(204), but actually found 503
REQUEST		Approval Techup - Fetch approval Techups	1676388517196	1676388517478	KO	status.find.is(204), but actually found 503
REQUEST		Approval Techup - Fetch approval Techups	1676388517199	1676388517478	KO	status.find.is(204), but actually found 503
REQUEST		AllTechup - Fetch all Techup	1676388517198	1676388517479	KO	status.find.is(200), but actually found 503
REQUEST		Approval Techup - Fetch approval Techups	1676388517200	1676388517479	KO	status.find.is(204), but actually found 503
REQUEST		Approval Techup - Fetch approval Techups	1676388517201	1676388517479	KO	status.find.is(204), but actually found 503
REQUEST		Approval Techup - Fetch approval Techups	1676388517195	1676388517482	KO	status.find.is(204), but actually found 503
REQUEST		Approval Techup - Fetch approval Techups	1676388517195	1676388517483	KO	status.find.is(204), but actually found 503
REQUEST		Approval Techup - Fetch approval Techups	1676388517196	1676388517483	KO	status.find.is(204), but actually found 503
REQUEST		Approval Techup - Fetch approval Techups	1676388517195	1676388517484	KO	status.find.is(204), but actually found 503
REQUEST		AllTechup - Fetch all Techup	1676388517195	1676388517484	KO	status.find.is(200), but actually found 503
REQUEST		AllTechup - Fetch all Techup	1676388517196	1676388517485	KO	status.find.is(200), but actually found 503
REQUEST		AllTechup - Fetch all Techup	1676388517195	1676388517485	KO	status.find.is(200), but actually found 503
REQUEST		AllTechup - Fetch all Techup	1676388517198	1676388517486	KO	status.find.is(200), but actually found 503
REQUEST		AllTechup - Fetch all Techup	1676388517197	1676388517487	KO	status.find.is(200), but actually found 503
REQUEST		Approval Techup - Fetch approval Techups	1676388517194	1676388517488	KO	status.find.is(204), but actually found 503
REQUEST		Approval Techup - Fetch approval Techups	1676388517198	1676388517488	KO	status.find.is(204), but actually found 503
REQUEST		Approval Techup - Fetch approval Techups	1676388517202	1676388517489	KO	status.find.is(204), but actually found 503
REQUEST		Approval Techup - Fetch approval Techups	1676388517252	1676388517522	KO	status.find.is(204), but actually found 503
USER	Summary API	END	1676388517736
REQUEST		My Techup - Fetch approved Techup	1676388516817	1676388517739	KO	status.find.is(204), but actually found 503
USER	Summary API	START	1676388517817
REQUEST		Approval Techup - Fetch approval Techups	1676388517738	1676388518076	KO	status.find.is(204), but actually found 503
REQUEST		My Techup - Fetch approved Techup	1676388517317	1676388518142	KO	status.find.is(204), but actually found 503
USER	Summary API	END	1676388518173
USER	Summary API	START	1676388518317
REQUEST		Approval Techup - Fetch approval Techups	1676388518173	1676388518446	KO	status.find.is(204), but actually found 503
REQUEST		Approval Techup - Fetch approval Techups	1676388518173	1676388518447	KO	status.find.is(204), but actually found 503
REQUEST		AllTechup - Fetch all Techup	1676388518174	1676388518450	KO	status.find.is(200), but actually found 503
REQUEST		My Techup - Fetch approved Techup	1676388517817	1676388518642	KO	status.find.is(204), but actually found 503
REQUEST		Approval Techup - Fetch approval Techups	1676388518380	1676388518651	KO	status.find.is(204), but actually found 503
REQUEST		AllTechup - Fetch all Techup	1676388518463	1676388518738	KO	status.find.is(200), but actually found 503
USER	Summary API	START	1676388518817
REQUEST		Approval Techup - Fetch approval Techups	1676388518682	1676388518966	KO	status.find.is(204), but actually found 503
REQUEST		My Techup - Fetch approved Techup	1676388518317	1676388519134	KO	status.find.is(204), but actually found 503
USER	Summary API	START	1676388519317
REQUEST		Approval Techup - Fetch approval Techups	1676388519166	1676388519439	KO	status.find.is(204), but actually found 503
REQUEST		My Techup - Fetch approved Techup	1676388518817	1676388519639	KO	status.find.is(204), but actually found 503
USER	Summary API	START	1676388519817
REQUEST		Approval Techup - Fetch approval Techups	1676388519677	1676388519947	KO	status.find.is(204), but actually found 503
REQUEST		My Techup - Fetch approved Techup	1676388519318	1676388520202	KO	status.find.is(204), but actually found 503
USER	Summary API	START	1676388520317
USER	Summary API	END	1676388520463
USER	Summary API	END	1676388520463
USER	Summary API	END	1676388520465
USER	Summary API	END	1676388520465
USER	Summary API	END	1676388520465
USER	Summary API	END	1676388520466
USER	Summary API	END	1676388520467
USER	Summary API	END	1676388520467
USER	Summary API	END	1676388520468
USER	Summary API	END	1676388520468
USER	Summary API	END	1676388520468
USER	Summary API	END	1676388520469
USER	Summary API	END	1676388520469
USER	Summary API	END	1676388520470
USER	Summary API	END	1676388520470
USER	Summary API	END	1676388520470
USER	Summary API	END	1676388520470
USER	Summary API	END	1676388520471
USER	Summary API	END	1676388520473
USER	Summary API	END	1676388520474
USER	Summary API	END	1676388520474
USER	Summary API	END	1676388520474
USER	Summary API	END	1676388520475
REQUEST		Approval Techup - Fetch approval Techups	1676388520198	1676388520476	KO	status.find.is(204), but actually found 503
USER	Summary API	END	1676388520477
USER	Summary API	END	1676388520477
USER	Summary API	END	1676388520477
USER	Summary API	END	1676388520478
USER	Summary API	END	1676388520478
USER	Summary API	END	1676388520478
USER	Summary API	END	1676388520479
USER	Summary API	END	1676388520479
USER	Summary API	END	1676388520479
USER	Summary API	END	1676388520480
USER	Summary API	END	1676388520485
USER	Summary API	END	1676388520486
USER	Summary API	END	1676388520486
USER	Summary API	END	1676388520487
USER	Summary API	END	1676388520487
REQUEST		AllTechup - Fetch all Techup	1676388520464	1676388520745	KO	status.find.is(200), but actually found 503
REQUEST		AllTechup - Fetch all Techup	1676388520463	1676388520745	KO	status.find.is(200), but actually found 503
REQUEST		AllTechup - Fetch all Techup	1676388520470	1676388520745	KO	status.find.is(200), but actually found 503
REQUEST		AllTechup - Fetch all Techup	1676388520468	1676388520745	KO	status.find.is(200), but actually found 503
REQUEST		AllTechup - Fetch all Techup	1676388520468	1676388520746	KO	status.find.is(200), but actually found 503
REQUEST		AllTechup - Fetch all Techup	1676388520472	1676388520746	KO	status.find.is(200), but actually found 503
REQUEST		AllTechup - Fetch all Techup	1676388520472	1676388520746	KO	status.find.is(200), but actually found 503
REQUEST		AllTechup - Fetch all Techup	1676388520466	1676388520746	KO	status.find.is(200), but actually found 503
REQUEST		AllTechup - Fetch all Techup	1676388520472	1676388520746	KO	status.find.is(200), but actually found 503
REQUEST		AllTechup - Fetch all Techup	1676388520468	1676388520746	KO	status.find.is(200), but actually found 503
REQUEST		AllTechup - Fetch all Techup	1676388520465	1676388520746	KO	status.find.is(200), but actually found 503
REQUEST		AllTechup - Fetch all Techup	1676388520470	1676388520747	KO	status.find.is(200), but actually found 503
REQUEST		AllTechup - Fetch all Techup	1676388520464	1676388520746	KO	status.find.is(200), but actually found 503
REQUEST		AllTechup - Fetch all Techup	1676388520463	1676388520747	KO	status.find.is(200), but actually found 503
REQUEST		AllTechup - Fetch all Techup	1676388520470	1676388520746	KO	status.find.is(200), but actually found 503
REQUEST		AllTechup - Fetch all Techup	1676388520467	1676388520747	KO	status.find.is(200), but actually found 503
REQUEST		AllTechup - Fetch all Techup	1676388520468	1676388520747	KO	status.find.is(200), but actually found 503
REQUEST		AllTechup - Fetch all Techup	1676388520469	1676388520747	KO	status.find.is(200), but actually found 503
REQUEST		AllTechup - Fetch all Techup	1676388520472	1676388520747	KO	status.find.is(200), but actually found 503
REQUEST		AllTechup - Fetch all Techup	1676388520466	1676388520747	KO	status.find.is(200), but actually found 503
REQUEST		AllTechup - Fetch all Techup	1676388520467	1676388520745	KO	status.find.is(200), but actually found 503
REQUEST		AllTechup - Fetch all Techup	1676388520473	1676388520747	KO	status.find.is(200), but actually found 503
REQUEST		AllTechup - Fetch all Techup	1676388520473	1676388520747	KO	status.find.is(200), but actually found 503
REQUEST		AllTechup - Fetch all Techup	1676388520475	1676388520748	KO	status.find.is(200), but actually found 503
REQUEST		AllTechup - Fetch all Techup	1676388520467	1676388520748	KO	status.find.is(200), but actually found 503
REQUEST		AllTechup - Fetch all Techup	1676388520472	1676388520748	KO	status.find.is(200), but actually found 503
REQUEST		AllTechup - Fetch all Techup	1676388520464	1676388520748	KO	status.find.is(200), but actually found 503
REQUEST		AllTechup - Fetch all Techup	1676388520474	1676388520748	KO	status.find.is(200), but actually found 503
REQUEST		AllTechup - Fetch all Techup	1676388520474	1676388520748	KO	status.find.is(200), but actually found 503
REQUEST		AllTechup - Fetch all Techup	1676388520473	1676388520748	KO	status.find.is(200), but actually found 503
REQUEST		AllTechup - Fetch all Techup	1676388520467	1676388520748	KO	status.find.is(200), but actually found 503
REQUEST		AllTechup - Fetch all Techup	1676388520469	1676388520748	KO	status.find.is(200), but actually found 503
REQUEST		AllTechup - Fetch all Techup	1676388520466	1676388520745	KO	status.find.is(200), but actually found 503
REQUEST		AllTechup - Fetch all Techup	1676388520472	1676388520747	KO	status.find.is(200), but actually found 503
REQUEST		AllTechup - Fetch all Techup	1676388520476	1676388520749	KO	status.find.is(200), but actually found 503
REQUEST		AllTechup - Fetch all Techup	1676388520476	1676388520749	KO	status.find.is(200), but actually found 503
REQUEST		AllTechup - Fetch all Techup	1676388520464	1676388520749	KO	status.find.is(200), but actually found 503
REQUEST		AllTechup - Fetch all Techup	1676388520475	1676388520749	KO	status.find.is(200), but actually found 503
REQUEST		AllTechup - Fetch all Techup	1676388520476	1676388520749	KO	status.find.is(200), but actually found 503
REQUEST		AllTechup - Fetch all Techup	1676388520476	1676388520751	KO	status.find.is(200), but actually found 503
REQUEST		AllTechup - Fetch all Techup	1676388520478	1676388520751	KO	status.find.is(200), but actually found 503
REQUEST		AllTechup - Fetch all Techup	1676388520477	1676388520752	KO	status.find.is(200), but actually found 503
REQUEST		AllTechup - Fetch all Techup	1676388520476	1676388520752	KO	status.find.is(200), but actually found 503
REQUEST		AllTechup - Fetch all Techup	1676388520479	1676388520752	KO	status.find.is(200), but actually found 503
REQUEST		AllTechup - Fetch all Techup	1676388520477	1676388520752	KO	status.find.is(200), but actually found 503
REQUEST		AllTechup - Fetch all Techup	1676388520475	1676388520752	KO	status.find.is(200), but actually found 503
REQUEST		AllTechup - Fetch all Techup	1676388520477	1676388520753	KO	status.find.is(200), but actually found 503
REQUEST		AllTechup - Fetch all Techup	1676388520474	1676388520753	KO	status.find.is(200), but actually found 503
REQUEST		AllTechup - Fetch all Techup	1676388520476	1676388520753	KO	status.find.is(200), but actually found 503
REQUEST		AllTechup - Fetch all Techup	1676388520479	1676388520753	KO	status.find.is(200), but actually found 503
REQUEST		AllTechup - Fetch all Techup	1676388520480	1676388520753	KO	status.find.is(200), but actually found 503
REQUEST		AllTechup - Fetch all Techup	1676388520479	1676388520753	KO	status.find.is(200), but actually found 503
REQUEST		My Techup - Fetch approved Techup	1676388519817	1676388520754	KO	status.find.is(204), but actually found 503
REQUEST		AllTechup - Fetch all Techup	1676388520480	1676388520754	KO	status.find.is(200), but actually found 503
REQUEST		AllTechup - Fetch all Techup	1676388520478	1676388520754	KO	status.find.is(200), but actually found 503
REQUEST		AllTechup - Fetch all Techup	1676388520480	1676388520754	KO	status.find.is(200), but actually found 503
REQUEST		AllTechup - Fetch all Techup	1676388520478	1676388520754	KO	status.find.is(200), but actually found 503
REQUEST		AllTechup - Fetch all Techup	1676388520479	1676388520755	KO	status.find.is(200), but actually found 503
REQUEST		AllTechup - Fetch all Techup	1676388520481	1676388520755	KO	status.find.is(200), but actually found 503
REQUEST		AllTechup - Fetch all Techup	1676388520479	1676388520756	KO	status.find.is(200), but actually found 503
REQUEST		AllTechup - Fetch all Techup	1676388520483	1676388520767	KO	status.find.is(200), but actually found 503
REQUEST		AllTechup - Fetch all Techup	1676388520484	1676388520769	KO	status.find.is(200), but actually found 503
REQUEST		AllTechup - Fetch all Techup	1676388520484	1676388520770	KO	status.find.is(200), but actually found 503
REQUEST		AllTechup - Fetch all Techup	1676388520485	1676388520771	KO	status.find.is(200), but actually found 503
REQUEST		AllTechup - Fetch all Techup	1676388520489	1676388520775	KO	status.find.is(200), but actually found 503
REQUEST		AllTechup - Fetch all Techup	1676388520488	1676388520777	KO	status.find.is(200), but actually found 503
REQUEST		AllTechup - Fetch all Techup	1676388520488	1676388520777	KO	status.find.is(200), but actually found 503
REQUEST		AllTechup - Fetch all Techup	1676388520522	1676388520792	KO	status.find.is(200), but actually found 503
USER	Summary API	START	1676388520817
REQUEST		Approval Techup - Fetch approval Techups	1676388520740	1676388521081	KO	status.find.is(204), but actually found 503
REQUEST		My Techup - Fetch approved Techup	1676388520317	1676388521142	KO	status.find.is(204), but actually found 503
USER	Summary API	START	1676388521317
REQUEST		AllTechup - Fetch all Techup	1676388521077	1676388521348	KO	status.find.is(200), but actually found 503
REQUEST		Approval Techup - Fetch approval Techups	1676388521143	1676388521419	KO	status.find.is(204), but actually found 503
USER	Summary API	END	1676388521451
REQUEST		My Techup - Fetch approved Techup	1676388520817	1676388521693	KO	status.find.is(204), but actually found 503
USER	Summary API	END	1676388521739
USER	Summary API	START	1676388521817
REQUEST		AllTechup - Fetch all Techup	1676388521447	1676388521905	KO	status.find.is(200), but actually found 503
REQUEST		AllTechup - Fetch all Techup	1676388521447	1676388521905	KO	status.find.is(200), but actually found 503
REQUEST		AllTechup - Fetch all Techup	1676388521652	1676388521923	KO	status.find.is(200), but actually found 503
REQUEST		Approval Techup - Fetch approval Techups	1676388521643	1676388521924	KO	status.find.is(204), but actually found 503
REQUEST		My Techup - Fetch approved Techup	1676388521317	1676388522175	KO	status.find.is(204), but actually found 503
REQUEST		AllTechup - Fetch all Techup	1676388521967	1676388522253	KO	status.find.is(200), but actually found 503
USER	Summary API	START	1676388522317
REQUEST		Approval Techup - Fetch approval Techups	1676388522135	1676388522405	KO	status.find.is(204), but actually found 503
REQUEST		AllTechup - Fetch all Techup	1676388522440	1676388522712	KO	status.find.is(200), but actually found 503
REQUEST		My Techup - Fetch approved Techup	1676388521817	1676388522731	KO	status.find.is(204), but actually found 503
USER	Summary API	START	1676388522816
REQUEST		Approval Techup - Fetch approval Techups	1676388522640	1676388522913	KO	status.find.is(204), but actually found 503
REQUEST		My Techup - Fetch approved Techup	1676388522317	1676388523196	KO	status.find.is(204), but actually found 503
REQUEST		AllTechup - Fetch all Techup	1676388522948	1676388523231	KO	status.find.is(200), but actually found 503
USER	Summary API	START	1676388523316
REQUEST		Approval Techup - Fetch approval Techups	1676388523203	1676388523482	KO	status.find.is(204), but actually found 503
USER	Summary API	END	1676388523747
USER	Summary API	END	1676388523747
USER	Summary API	END	1676388523747
USER	Summary API	END	1676388523747
USER	Summary API	END	1676388523747
USER	Summary API	END	1676388523747
USER	Summary API	END	1676388523747
USER	Summary API	END	1676388523748
USER	Summary API	END	1676388523748
USER	Summary API	END	1676388523748
USER	Summary API	END	1676388523748
USER	Summary API	END	1676388523748
USER	Summary API	END	1676388523748
USER	Summary API	END	1676388523748
USER	Summary API	END	1676388523748
USER	Summary API	END	1676388523748
USER	Summary API	END	1676388523748
USER	Summary API	END	1676388523748
USER	Summary API	END	1676388523749
USER	Summary API	END	1676388523749
USER	Summary API	END	1676388523749
USER	Summary API	END	1676388523749
USER	Summary API	END	1676388523749
USER	Summary API	END	1676388523749
USER	Summary API	END	1676388523750
USER	Summary API	END	1676388523750
USER	Summary API	END	1676388523750
USER	Summary API	END	1676388523750
USER	Summary API	END	1676388523750
USER	Summary API	END	1676388523751
USER	Summary API	END	1676388523751
USER	Summary API	END	1676388523751
USER	Summary API	END	1676388523751
USER	Summary API	END	1676388523751
USER	Summary API	END	1676388523751
USER	Summary API	END	1676388523751
USER	Summary API	END	1676388523751
USER	Summary API	END	1676388523752
USER	Summary API	END	1676388523752
USER	Summary API	END	1676388523752
USER	Summary API	END	1676388523752
USER	Summary API	END	1676388523753
USER	Summary API	END	1676388523753
USER	Summary API	END	1676388523753
USER	Summary API	END	1676388523753
USER	Summary API	END	1676388523753
USER	Summary API	END	1676388523753
USER	Summary API	END	1676388523753
REQUEST		My Techup - Fetch approved Techup	1676388522817	1676388523753	KO	status.find.is(204), but actually found 503
USER	Summary API	END	1676388523753
USER	Summary API	END	1676388523754
USER	Summary API	END	1676388523754
USER	Summary API	END	1676388523754
USER	Summary API	END	1676388523754
USER	Summary API	END	1676388523755
USER	Summary API	END	1676388523755
USER	Summary API	END	1676388523755
USER	Summary API	END	1676388523755
USER	Summary API	END	1676388523755
USER	Summary API	END	1676388523757
REQUEST		AllTechup - Fetch all Techup	1676388523477	1676388523758	KO	status.find.is(200), but actually found 503
USER	Summary API	END	1676388523768
USER	Summary API	END	1676388523769
USER	Summary API	END	1676388523771
USER	Summary API	END	1676388523772
USER	Summary API	END	1676388523776
USER	Summary API	END	1676388523777
USER	Summary API	END	1676388523778
USER	Summary API	END	1676388523793
USER	Summary API	START	1676388523817
REQUEST		Approval Techup - Fetch approval Techups	1676388523754	1676388524028	KO	status.find.is(204), but actually found 503
REQUEST		My Techup - Fetch approved Techup	1676388523317	1676388524125	KO	status.find.is(204), but actually found 503
USER	Summary API	START	1676388524317
USER	Summary API	END	1676388524349
REQUEST		AllTechup - Fetch all Techup	1676388524082	1676388524352	KO	status.find.is(200), but actually found 503
REQUEST		Approval Techup - Fetch approval Techups	1676388524143	1676388524417	KO	status.find.is(204), but actually found 503
REQUEST		My Techup - Fetch approved Techup	1676388523817	1676388524634	KO	status.find.is(204), but actually found 503
REQUEST		AllTechup - Fetch all Techup	1676388524420	1676388524693	KO	status.find.is(200), but actually found 503
USER	Summary API	START	1676388524817
USER	Summary API	END	1676388524906
USER	Summary API	END	1676388524906
USER	Summary API	END	1676388524924
REQUEST		Approval Techup - Fetch approval Techups	1676388524694	1676388524966	KO	status.find.is(204), but actually found 503
REQUEST		My Techup - Fetch approved Techup	1676388524317	1676388525160	KO	status.find.is(204), but actually found 503
REQUEST		AllTechup - Fetch all Techup	1676388524925	1676388525199	KO	status.find.is(200), but actually found 503
USER	Summary API	END	1676388525255
USER	Summary API	START	1676388525317
REQUEST		Approval Techup - Fetch approval Techups	1676388525176	1676388525448	KO	status.find.is(204), but actually found 503
REQUEST		AllTechup - Fetch all Techup	1676388525406	1676388525677	KO	status.find.is(200), but actually found 503
REQUEST		My Techup - Fetch approved Techup	1676388524817	1676388525686	KO	status.find.is(204), but actually found 503
USER	Summary API	END	1676388525713
USER	Summary API	START	1676388525817
REQUEST		Approval Techup - Fetch approval Techups	1676388525732	1676388526007	KO	status.find.is(204), but actually found 503
REQUEST		My Techup - Fetch approved Techup	1676388525317	1676388526138	KO	status.find.is(204), but actually found 503
REQUEST		AllTechup - Fetch all Techup	1676388525914	1676388526187	KO	status.find.is(200), but actually found 503
USER	Summary API	END	1676388526233
USER	Summary API	START	1676388526317
REQUEST		Approval Techup - Fetch approval Techups	1676388526197	1676388526471	KO	status.find.is(204), but actually found 503
REQUEST		My Techup - Fetch approved Techup	1676388525817	1676388526647	KO	status.find.is(204), but actually found 503
REQUEST		AllTechup - Fetch all Techup	1676388526482	1676388526759	KO	status.find.is(200), but actually found 503
USER	Summary API	END	1676388526759
USER	Summary API	START	1676388526817
REQUEST		Approval Techup - Fetch approval Techups	1676388526754	1676388527027	KO	status.find.is(204), but actually found 503
REQUEST		My Techup - Fetch approved Techup	1676388526317	1676388527134	KO	status.find.is(204), but actually found 503
USER	Summary API	START	1676388527317
REQUEST		AllTechup - Fetch all Techup	1676388527028	1676388527322	KO	status.find.is(200), but actually found 503
USER	Summary API	END	1676388527353
REQUEST		Approval Techup - Fetch approval Techups	1676388527126	1676388527396	KO	status.find.is(204), but actually found 503
REQUEST		My Techup - Fetch approved Techup	1676388526817	1676388527640	KO	status.find.is(204), but actually found 503
REQUEST		AllTechup - Fetch all Techup	1676388527418	1676388527690	KO	status.find.is(200), but actually found 503
USER	Summary API	END	1676388527695
USER	Summary API	START	1676388527816
REQUEST		Approval Techup - Fetch approval Techups	1676388527635	1676388527909	KO	status.find.is(204), but actually found 503
REQUEST		My Techup - Fetch approved Techup	1676388527317	1676388528185	KO	status.find.is(204), but actually found 503
USER	Summary API	END	1676388528200
REQUEST		AllTechup - Fetch all Techup	1676388527967	1676388528259	KO	status.find.is(200), but actually found 503
USER	Summary API	START	1676388528316
REQUEST		Approval Techup - Fetch approval Techups	1676388528161	1676388528435	KO	status.find.is(204), but actually found 503
USER	Summary API	END	1676388528678
REQUEST		AllTechup - Fetch all Techup	1676388528449	1676388528719	KO	status.find.is(200), but actually found 503
REQUEST		My Techup - Fetch approved Techup	1676388527817	1676388528739	KO	status.find.is(204), but actually found 503
USER	Summary API	START	1676388528817
REQUEST		Approval Techup - Fetch approval Techups	1676388528687	1676388528959	KO	status.find.is(204), but actually found 503
REQUEST		My Techup - Fetch approved Techup	1676388528317	1676388529140	KO	status.find.is(204), but actually found 503
USER	Summary API	END	1676388529188
REQUEST		AllTechup - Fetch all Techup	1676388529007	1676388529281	KO	status.find.is(200), but actually found 503
USER	Summary API	START	1676388529317
REQUEST		Approval Techup - Fetch approval Techups	1676388529139	1676388529411	KO	status.find.is(204), but actually found 503
REQUEST		My Techup - Fetch approved Techup	1676388528817	1676388529633	KO	status.find.is(204), but actually found 503
REQUEST		AllTechup - Fetch all Techup	1676388529472	1676388529746	KO	status.find.is(200), but actually found 503
USER	Summary API	END	1676388529760
USER	Summary API	START	1676388529816
REQUEST		Approval Techup - Fetch approval Techups	1676388529648	1676388529922	KO	status.find.is(204), but actually found 503
REQUEST		My Techup - Fetch approved Techup	1676388529317	1676388530134	KO	status.find.is(204), but actually found 503
USER	Summary API	START	1676388530317
REQUEST		AllTechup - Fetch all Techup	1676388530028	1676388530321	KO	status.find.is(200), but actually found 503
USER	Summary API	END	1676388530323
REQUEST		Approval Techup - Fetch approval Techups	1676388530135	1676388530405	KO	status.find.is(204), but actually found 503
REQUEST		My Techup - Fetch approved Techup	1676388529816	1676388530645	KO	status.find.is(204), but actually found 503
REQUEST		AllTechup - Fetch all Techup	1676388530397	1676388530666	KO	status.find.is(200), but actually found 503
USER	Summary API	END	1676388530692
USER	Summary API	START	1676388530816
REQUEST		Approval Techup - Fetch approval Techups	1676388530641	1676388530915	KO	status.find.is(204), but actually found 503
REQUEST		AllTechup - Fetch all Techup	1676388530910	1676388531183	KO	status.find.is(200), but actually found 503
REQUEST		My Techup - Fetch approved Techup	1676388530317	1676388531190	KO	status.find.is(204), but actually found 503
USER	Summary API	END	1676388531260
USER	Summary API	START	1676388531316
REQUEST		Approval Techup - Fetch approval Techups	1676388531186	1676388531458	KO	status.find.is(204), but actually found 503
USER	Summary API	END	1676388531720
REQUEST		AllTechup - Fetch all Techup	1676388531435	1676388531723	KO	status.find.is(200), but actually found 503
REQUEST		My Techup - Fetch approved Techup	1676388530817	1676388531731	KO	status.find.is(204), but actually found 503
USER	Summary API	START	1676388531817
REQUEST		Approval Techup - Fetch approval Techups	1676388531739	1676388532024	KO	status.find.is(204), but actually found 503
REQUEST		My Techup - Fetch approved Techup	1676388531317	1676388532128	KO	status.find.is(204), but actually found 503
REQUEST		AllTechup - Fetch all Techup	1676388531960	1676388532230	KO	status.find.is(200), but actually found 503
USER	Summary API	END	1676388532282
USER	Summary API	START	1676388532317
REQUEST		Approval Techup - Fetch approval Techups	1676388532141	1676388532415	KO	status.find.is(204), but actually found 503
REQUEST		My Techup - Fetch approved Techup	1676388531817	1676388532707	KO	status.find.is(204), but actually found 503
REQUEST		AllTechup - Fetch all Techup	1676388532411	1676388532707	KO	status.find.is(200), but actually found 503
USER	Summary API	END	1676388532747
USER	Summary API	START	1676388532816
REQUEST		Approval Techup - Fetch approval Techups	1676388532634	1676388532904	KO	status.find.is(204), but actually found 503
REQUEST		My Techup - Fetch approved Techup	1676388532317	1676388533157	KO	status.find.is(204), but actually found 503
REQUEST		AllTechup - Fetch all Techup	1676388532923	1676388533197	KO	status.find.is(200), but actually found 503
USER	Summary API	START	1676388533317
USER	Summary API	END	1676388533323
REQUEST		Approval Techup - Fetch approval Techups	1676388533135	1676388533406	KO	status.find.is(204), but actually found 503
REQUEST		My Techup - Fetch approved Techup	1676388532817	1676388533642	KO	status.find.is(204), but actually found 503
USER	Summary API	END	1676388533667
REQUEST		AllTechup - Fetch all Techup	1676388533406	1676388533676	KO	status.find.is(200), but actually found 503
USER	Summary API	START	1676388533817
REQUEST		Approval Techup - Fetch approval Techups	1676388533645	1676388533918	KO	status.find.is(204), but actually found 503
USER	Summary API	END	1676388534184
REQUEST		AllTechup - Fetch all Techup	1676388533915	1676388534188	KO	status.find.is(200), but actually found 503
REQUEST		My Techup - Fetch approved Techup	1676388533317	1676388534223	KO	status.find.is(204), but actually found 503
USER	Summary API	START	1676388534317
REQUEST		Approval Techup - Fetch approval Techups	1676388534191	1676388534461	KO	status.find.is(204), but actually found 503
USER	Summary API	END	1676388534725
REQUEST		AllTechup - Fetch all Techup	1676388534459	1676388534730	KO	status.find.is(200), but actually found 503
REQUEST		My Techup - Fetch approved Techup	1676388533817	1676388534731	KO	status.find.is(204), but actually found 503
USER	Summary API	START	1676388534817
REQUEST		Approval Techup - Fetch approval Techups	1676388534732	1676388535029	KO	status.find.is(204), but actually found 503
REQUEST		My Techup - Fetch approved Techup	1676388534317	1676388535134	KO	status.find.is(204), but actually found 503
USER	Summary API	END	1676388535231
REQUEST		AllTechup - Fetch all Techup	1676388535025	1676388535314	KO	status.find.is(200), but actually found 503
USER	Summary API	START	1676388535317
REQUEST		Approval Techup - Fetch approval Techups	1676388535129	1676388535398	KO	status.find.is(204), but actually found 503
REQUEST		My Techup - Fetch approved Techup	1676388534817	1676388535635	KO	status.find.is(204), but actually found 503
REQUEST		AllTechup - Fetch all Techup	1676388535416	1676388535690	KO	status.find.is(200), but actually found 503
USER	Summary API	END	1676388535708
USER	Summary API	START	1676388535817
REQUEST		Approval Techup - Fetch approval Techups	1676388535708	1676388536056	KO	status.find.is(204), but actually found 503
USER	Summary API	END	1676388536199
REQUEST		My Techup - Fetch approved Techup	1676388535317	1676388536224	KO	status.find.is(204), but actually found 503
REQUEST		AllTechup - Fetch all Techup	1676388535905	1676388536224	KO	status.find.is(200), but actually found 503
USER	Summary API	START	1676388536317
REQUEST		Approval Techup - Fetch approval Techups	1676388536157	1676388536506	KO	status.find.is(204), but actually found 503
REQUEST		My Techup - Fetch approved Techup	1676388535817	1676388536648	KO	status.find.is(204), but actually found 503
USER	Summary API	END	1676388536677
USER	Summary API	START	1676388536816
REQUEST		AllTechup - Fetch all Techup	1676388536407	1676388536854	KO	status.find.is(200), but actually found 503
REQUEST		Approval Techup - Fetch approval Techups	1676388536643	1676388536913	KO	status.find.is(204), but actually found 503
USER	Summary API	END	1676388537189
REQUEST		AllTechup - Fetch all Techup	1676388536919	1676388537193	KO	status.find.is(200), but actually found 503
REQUEST		My Techup - Fetch approved Techup	1676388536317	1676388537194	KO	status.find.is(204), but actually found 503
USER	Summary API	START	1676388537316
REQUEST		Approval Techup - Fetch approval Techups	1676388537224	1676388537513	KO	status.find.is(204), but actually found 503
USER	Summary API	END	1676388537731
REQUEST		AllTechup - Fetch all Techup	1676388537462	1676388537735	KO	status.find.is(200), but actually found 503
REQUEST		My Techup - Fetch approved Techup	1676388536817	1676388537741	KO	status.find.is(204), but actually found 503
USER	Summary API	START	1676388537817
REQUEST		Approval Techup - Fetch approval Techups	1676388537732	1676388538034	KO	status.find.is(204), but actually found 503
REQUEST		My Techup - Fetch approved Techup	1676388537317	1676388538137	KO	status.find.is(204), but actually found 503
USER	Summary API	END	1676388538315
USER	Summary API	START	1676388538317
REQUEST		AllTechup - Fetch all Techup	1676388538030	1676388538318	KO	status.find.is(200), but actually found 503
REQUEST		Approval Techup - Fetch approval Techups	1676388538134	1676388538405	KO	status.find.is(204), but actually found 503
REQUEST		My Techup - Fetch approved Techup	1676388537817	1676388538640	KO	status.find.is(204), but actually found 503
REQUEST		AllTechup - Fetch all Techup	1676388538398	1676388538667	KO	status.find.is(200), but actually found 503
USER	Summary API	END	1676388538691
USER	Summary API	START	1676388538817
REQUEST		Approval Techup - Fetch approval Techups	1676388538636	1676388538910	KO	status.find.is(204), but actually found 503
REQUEST		My Techup - Fetch approved Techup	1676388538317	1676388539181	KO	status.find.is(204), but actually found 503
USER	Summary API	END	1676388539225
USER	Summary API	START	1676388539317
REQUEST		AllTechup - Fetch all Techup	1676388539056	1676388539329	KO	status.find.is(200), but actually found 503
REQUEST		Approval Techup - Fetch approval Techups	1676388539225	1676388539512	KO	status.find.is(204), but actually found 503
REQUEST		My Techup - Fetch approved Techup	1676388538817	1676388539632	KO	status.find.is(204), but actually found 503
USER	Summary API	START	1676388539817
REQUEST		AllTechup - Fetch all Techup	1676388539507	1676388539822	KO	status.find.is(200), but actually found 503
USER	Summary API	END	1676388539855
REQUEST		Approval Techup - Fetch approval Techups	1676388539649	1676388539921	KO	status.find.is(204), but actually found 503
USER	Summary API	END	1676388540194
REQUEST		My Techup - Fetch approved Techup	1676388539317	1676388540195	KO	status.find.is(204), but actually found 503
REQUEST		AllTechup - Fetch all Techup	1676388539914	1676388540195	KO	status.find.is(200), but actually found 503
USER	Summary API	START	1676388540317
REQUEST		Approval Techup - Fetch approval Techups	1676388540194	1676388540501	KO	status.find.is(204), but actually found 503
USER	Summary API	END	1676388540736
REQUEST		My Techup - Fetch approved Techup	1676388539817	1676388540775	KO	status.find.is(204), but actually found 503
REQUEST		AllTechup - Fetch all Techup	1676388540514	1676388540804	KO	status.find.is(200), but actually found 503
USER	Summary API	START	1676388540817
REQUEST		Approval Techup - Fetch approval Techups	1676388540742	1676388541039	KO	status.find.is(204), but actually found 503
REQUEST		My Techup - Fetch approved Techup	1676388540318	1676388541134	KO	status.find.is(204), but actually found 503
USER	Summary API	START	1676388541317
USER	Summary API	END	1676388541319
REQUEST		AllTechup - Fetch all Techup	1676388541035	1676388541319	KO	status.find.is(200), but actually found 503
REQUEST		Approval Techup - Fetch approval Techups	1676388541138	1676388541409	KO	status.find.is(204), but actually found 503
REQUEST		My Techup - Fetch approved Techup	1676388540817	1676388541633	KO	status.find.is(204), but actually found 503
USER	Summary API	END	1676388541668
REQUEST		AllTechup - Fetch all Techup	1676388541406	1676388541676	KO	status.find.is(200), but actually found 503
USER	Summary API	START	1676388541817
REQUEST		Approval Techup - Fetch approval Techups	1676388541641	1676388541911	KO	status.find.is(204), but actually found 503
REQUEST		My Techup - Fetch approved Techup	1676388541317	1676388542173	KO	status.find.is(204), but actually found 503
REQUEST		AllTechup - Fetch all Techup	1676388541911	1676388542183	KO	status.find.is(200), but actually found 503
USER	Summary API	START	1676388542317
USER	Summary API	END	1676388542330
REQUEST		Approval Techup - Fetch approval Techups	1676388542182	1676388542450	KO	status.find.is(204), but actually found 503
REQUEST		My Techup - Fetch approved Techup	1676388541817	1676388542696	KO	status.find.is(204), but actually found 503
REQUEST		AllTechup - Fetch all Techup	1676388542513	1676388542801	KO	status.find.is(200), but actually found 503
USER	Summary API	START	1676388542816
USER	Summary API	END	1676388542823
REQUEST		Approval Techup - Fetch approval Techups	1676388542633	1676388542904	KO	status.find.is(204), but actually found 503
REQUEST		My Techup - Fetch approved Techup	1676388542317	1676388543163	KO	status.find.is(204), but actually found 503
REQUEST		AllTechup - Fetch all Techup	1676388542922	1676388543194	KO	status.find.is(200), but actually found 503
USER	Summary API	END	1676388543196
USER	Summary API	START	1676388543317
REQUEST		Approval Techup - Fetch approval Techups	1676388543195	1676388543470	KO	status.find.is(204), but actually found 503
REQUEST		AllTechup - Fetch all Techup	1676388543502	1676388543777	KO	status.find.is(200), but actually found 503
REQUEST		My Techup - Fetch approved Techup	1676388542817	1676388543778	KO	status.find.is(204), but actually found 503
USER	Summary API	END	1676388543805
USER	Summary API	START	1676388543816
REQUEST		Approval Techup - Fetch approval Techups	1676388543776	1676388544048	KO	status.find.is(204), but actually found 503
REQUEST		My Techup - Fetch approved Techup	1676388543317	1676388544132	KO	status.find.is(204), but actually found 503
USER	Summary API	START	1676388544316
USER	Summary API	END	1676388544320
REQUEST		AllTechup - Fetch all Techup	1676388544040	1676388544321	KO	status.find.is(200), but actually found 503
REQUEST		Approval Techup - Fetch approval Techups	1676388544135	1676388544405	KO	status.find.is(204), but actually found 503
REQUEST		My Techup - Fetch approved Techup	1676388543817	1676388544632	KO	status.find.is(204), but actually found 503
USER	Summary API	END	1676388544677
REQUEST		AllTechup - Fetch all Techup	1676388544410	1676388544682	KO	status.find.is(200), but actually found 503
USER	Summary API	START	1676388544816
REQUEST		Approval Techup - Fetch approval Techups	1676388544634	1676388544905	KO	status.find.is(204), but actually found 503
REQUEST		My Techup - Fetch approved Techup	1676388544317	1676388545132	KO	status.find.is(204), but actually found 503
REQUEST		AllTechup - Fetch all Techup	1676388544912	1676388545180	KO	status.find.is(200), but actually found 503
USER	Summary API	END	1676388545184
USER	Summary API	START	1676388545316
REQUEST		Approval Techup - Fetch approval Techups	1676388545173	1676388545443	KO	status.find.is(204), but actually found 503
REQUEST		My Techup - Fetch approved Techup	1676388544817	1676388545641	KO	status.find.is(204), but actually found 503
REQUEST		AllTechup - Fetch all Techup	1676388545451	1676388545721	KO	status.find.is(200), but actually found 503
USER	Summary API	END	1676388545802
USER	Summary API	START	1676388545816
REQUEST		Approval Techup - Fetch approval Techups	1676388545696	1676388545972	KO	status.find.is(204), but actually found 503
REQUEST		My Techup - Fetch approved Techup	1676388545316	1676388546174	KO	status.find.is(204), but actually found 503
REQUEST		AllTechup - Fetch all Techup	1676388545905	1676388546175	KO	status.find.is(200), but actually found 503
USER	Summary API	END	1676388546195
USER	Summary API	START	1676388546316
REQUEST		Approval Techup - Fetch approval Techups	1676388546164	1676388546437	KO	status.find.is(204), but actually found 503
REQUEST		My Techup - Fetch approved Techup	1676388545817	1676388546645	KO	status.find.is(204), but actually found 503
REQUEST		AllTechup - Fetch all Techup	1676388546471	1676388546740	KO	status.find.is(200), but actually found 503
USER	Summary API	END	1676388546778
USER	Summary API	START	1676388546817
REQUEST		Approval Techup - Fetch approval Techups	1676388546779	1676388547050	KO	status.find.is(204), but actually found 503
REQUEST		My Techup - Fetch approved Techup	1676388546316	1676388547184	KO	status.find.is(204), but actually found 503
USER	Summary API	START	1676388547317
REQUEST		AllTechup - Fetch all Techup	1676388547049	1676388547321	KO	status.find.is(200), but actually found 503
USER	Summary API	END	1676388547322
REQUEST		Approval Techup - Fetch approval Techups	1676388547133	1676388547404	KO	status.find.is(204), but actually found 503
REQUEST		My Techup - Fetch approved Techup	1676388546817	1676388547631	KO	status.find.is(204), but actually found 503
REQUEST		AllTechup - Fetch all Techup	1676388547406	1676388547676	KO	status.find.is(200), but actually found 503
USER	Summary API	END	1676388547682
USER	Summary API	START	1676388547817
REQUEST		Approval Techup - Fetch approval Techups	1676388547632	1676388547902	KO	status.find.is(204), but actually found 503
REQUEST		My Techup - Fetch approved Techup	1676388547317	1676388548142	KO	status.find.is(204), but actually found 503
REQUEST		AllTechup - Fetch all Techup	1676388547905	1676388548176	KO	status.find.is(200), but actually found 503
USER	Summary API	END	1676388548181
USER	Summary API	START	1676388548317
REQUEST		Approval Techup - Fetch approval Techups	1676388548132	1676388548400	KO	status.find.is(204), but actually found 503
REQUEST		My Techup - Fetch approved Techup	1676388547817	1676388548642	KO	status.find.is(204), but actually found 503
REQUEST		AllTechup - Fetch all Techup	1676388548444	1676388548714	KO	status.find.is(200), but actually found 503
USER	Summary API	END	1676388548722
USER	Summary API	START	1676388548817
REQUEST		Approval Techup - Fetch approval Techups	1676388548641	1676388548915	KO	status.find.is(204), but actually found 503
REQUEST		My Techup - Fetch approved Techup	1676388548317	1676388549161	KO	status.find.is(204), but actually found 503
USER	Summary API	END	1676388549176
REQUEST		AllTechup - Fetch all Techup	1676388548972	1676388549247	KO	status.find.is(200), but actually found 503
USER	Summary API	START	1676388549317
REQUEST		Approval Techup - Fetch approval Techups	1676388549175	1676388549450	KO	status.find.is(204), but actually found 503
REQUEST		My Techup - Fetch approved Techup	1676388548817	1676388549627	KO	status.find.is(204), but actually found 503
REQUEST		AllTechup - Fetch all Techup	1676388549437	1676388549710	KO	status.find.is(200), but actually found 503
USER	Summary API	END	1676388549741
USER	Summary API	START	1676388549817
REQUEST		Approval Techup - Fetch approval Techups	1676388549645	1676388549915	KO	status.find.is(204), but actually found 503
REQUEST		My Techup - Fetch approved Techup	1676388549317	1676388550142	KO	status.find.is(204), but actually found 503
USER	Summary API	START	1676388550317
REQUEST		AllTechup - Fetch all Techup	1676388550051	1676388550321	KO	status.find.is(200), but actually found 503
USER	Summary API	END	1676388550322
REQUEST		Approval Techup - Fetch approval Techups	1676388550185	1676388550455	KO	status.find.is(204), but actually found 503
REQUEST		AllTechup - Fetch all Techup	1676388550405	1676388550674	KO	status.find.is(200), but actually found 503
USER	Summary API	END	1676388550676
REQUEST		My Techup - Fetch approved Techup	1676388549817	1676388550691	KO	status.find.is(204), but actually found 503
USER	Summary API	START	1676388550817
REQUEST		Approval Techup - Fetch approval Techups	1676388550632	1676388550902	KO	status.find.is(204), but actually found 503
REQUEST		My Techup - Fetch approved Techup	1676388550317	1676388551164	KO	status.find.is(204), but actually found 503
REQUEST		AllTechup - Fetch all Techup	1676388550903	1676388551173	KO	status.find.is(200), but actually found 503
USER	Summary API	END	1676388551177
USER	Summary API	START	1676388551317
REQUEST		Approval Techup - Fetch approval Techups	1676388551143	1676388551443	KO	status.find.is(204), but actually found 503
USER	Summary API	END	1676388551715
REQUEST		AllTechup - Fetch all Techup	1676388551401	1676388551790	KO	status.find.is(200), but actually found 503
REQUEST		My Techup - Fetch approved Techup	1676388550817	1676388551790	KO	status.find.is(204), but actually found 503
USER	Summary API	START	1676388551817
REQUEST		Approval Techup - Fetch approval Techups	1676388551643	1676388551994	KO	status.find.is(204), but actually found 503
USER	Summary API	END	1676388552248
REQUEST		AllTechup - Fetch all Techup	1676388551915	1676388552268	KO	status.find.is(200), but actually found 503
USER	Summary API	START	1676388552317
REQUEST		My Techup - Fetch approved Techup	1676388551317	1676388552404	KO	status.find.is(204), but actually found 503
REQUEST		Approval Techup - Fetch approval Techups	1676388552162	1676388552470	KO	status.find.is(204), but actually found 503
USER	Summary API	END	1676388552712
USER	Summary API	START	1676388552817
USER	Summary API	START	1676388553317
USER	Summary API	END	1676388553322
USER	Summary API	END	1676388553675
USER	Summary API	START	1676388553817
USER	Summary API	END	1676388554173
USER	Summary API	START	1676388554317
USER	Summary API	END	1676388554791
USER	Summary API	START	1676388554816
USER	Summary API	END	1676388555269
USER	Summary API	START	1676388555316
USER	Summary API	START	1676388555816
REQUEST		My Techup - Fetch approved Techup	1676388555316	1676388571531	OK	 
REQUEST		Approval Techup - Fetch approval Techups	1676388553143	1676388571531	KO	status.find.is(204), but actually found 500
REQUEST		My Techup - Fetch approved Techup	1676388554317	1676388571835	OK	 
REQUEST		My Techup - Fetch approved Techup	1676388552817	1676388571987	OK	 
REQUEST		My Techup - Fetch approved Techup	1676388555816	1676388571989	OK	 
REQUEST		My Techup - Fetch approved Techup	1676388553817	1676388572654	OK	 
REQUEST		Approval Techup - Fetch approval Techups	1676388552627	1676388572687	OK	 
REQUEST		My Techup - Fetch approved Techup	1676388553317	1676388572719	OK	 
REQUEST		My Techup - Fetch approved Techup	1676388554816	1676388572719	OK	 
REQUEST		Approval Techup - Fetch approval Techups	1676388554791	1676388573781	OK	 
REQUEST		Approval Techup - Fetch approval Techups	1676388555405	1676388573781	OK	 
REQUEST		My Techup - Fetch approved Techup	1676388552317	1676388573887	OK	 
REQUEST		My Techup - Fetch approved Techup	1676388551817	1676388573934	OK	 
REQUEST		Approval Techup - Fetch approval Techups	1676388553691	1676388573971	OK	 
REQUEST		AllTechup - Fetch all Techup	1676388552450	1676388574807	OK	 
USER	Summary API	END	1676388577808
REQUEST		AllTechup - Fetch all Techup	1676388554443	1676388579106	OK	 
REQUEST		AllTechup - Fetch all Techup	1676388553455	1676388579312	OK	 
USER	Summary API	END	1676388582107
REQUEST		AllTechup - Fetch all Techup	1676388552915	1676388582130	OK	 
USER	Summary API	END	1676388582313
REQUEST		AllTechup - Fetch all Techup	1676388553903	1676388582476	OK	 
REQUEST		Approval Techup - Fetch approval Techups	1676388554165	1676388582476	OK	 
REQUEST		AllTechup - Fetch all Techup	1676388554995	1676388583509	KO	status.find.is(200), but actually found 500
REQUEST		AllTechup - Fetch all Techup	1676388555470	1676388584919	OK	 
USER	Summary API	END	1676388585131
USER	Summary API	END	1676388585476
USER	Summary API	END	1676388586510
REQUEST		Approval Techup - Fetch approval Techups	1676388575655	1676388587708	KO	status.find.is(204), but actually found 500
REQUEST		Approval Techup - Fetch approval Techups	1676388575719	1676388587708	KO	status.find.is(204), but actually found 500
USER	Summary API	END	1676388587920
REQUEST		Approval Techup - Fetch approval Techups	1676388574531	1676388589198	KO	status.find.is(204), but actually found 500
REQUEST		Approval Techup - Fetch approval Techups	1676388575719	1676388589241	KO	status.find.is(204), but actually found 500
REQUEST		Approval Techup - Fetch approval Techups	1676388574990	1676388592929	KO	status.find.is(204), but actually found 500
REQUEST		AllTechup - Fetch all Techup	1676388576781	1676388594262	OK	 
USER	Summary API	END	1676388597263
REQUEST		Approval Techup - Fetch approval Techups	1676388574835	1676388597909	OK	 
REQUEST		AllTechup - Fetch all Techup	1676388574531	1676388597997	OK	 
REQUEST		Approval Techup - Fetch approval Techups	1676388576887	1676388598561	OK	 
REQUEST		Approval Techup - Fetch approval Techups	1676388574987	1676388600430	OK	 
REQUEST		AllTechup - Fetch all Techup	1676388575687	1676388600478	OK	 
USER	Summary API	END	1676388600998
REQUEST		AllTechup - Fetch all Techup	1676388576971	1676388601970	OK	 
USER	Summary API	END	1676388603479
USER	Summary API	END	1676388604971
REQUEST		AllTechup - Fetch all Techup	1676388576781	1676388605731	OK	 
REQUEST		AllTechup - Fetch all Techup	1676388592242	1676388606549	OK	 
REQUEST		Approval Techup - Fetch approval Techups	1676388576934	1676388606959	OK	 
REQUEST		AllTechup - Fetch all Techup	1676388590708	1676388608393	OK	 
REQUEST		AllTechup - Fetch all Techup	1676388592198	1676388608450	OK	 
REQUEST		AllTechup - Fetch all Techup	1676388585476	1676388608474	OK	 
USER	Summary API	END	1676388608732
REQUEST		AllTechup - Fetch all Techup	1676388595930	1676388609195	OK	 
USER	Summary API	END	1676388609550
REQUEST		AllTechup - Fetch all Techup	1676388590708	1676388610440	OK	 
USER	Summary API	END	1676388611394
USER	Summary API	END	1676388611451
USER	Summary API	END	1676388611475
USER	Summary API	END	1676388612196
USER	Summary API	END	1676388613442
REQUEST		AllTechup - Fetch all Techup	1676388600909	1676388614726	OK	 
REQUEST		AllTechup - Fetch all Techup	1676388603431	1676388615765	OK	 
REQUEST		AllTechup - Fetch all Techup	1676388601562	1676388616072	OK	 
USER	Summary API	END	1676388617727
REQUEST		AllTechup - Fetch all Techup	1676388609959	1676388617915	OK	 
USER	Summary API	END	1676388618766
USER	Summary API	END	1676388619073
USER	Summary API	END	1676388620916
