RUN	Simulations.Runner.Go1percent	go1percent	1674756887530	 	3.5.1
USER	Contribution API	START	1674756888429
USER	Contribution API	START	1674756888920
REQUEST		/Contribution/getknolderContribution-Fetch all the other contributions by the user	1674756888448	1674756889310	OK	 
USER	Contribution API	START	1674756889421
REQUEST		/Contribution/getknolderContribution-Fetch all the other contributions by the user	1674756888921	1674756889766	OK	 
USER	Contribution API	START	1674756889921
REQUEST		/Contribution/getknolderContribution-Fetch all the other contributions by the user	1674756889421	1674756890264	OK	 
USER	Contribution API	START	1674756890422
REQUEST		/Contribution/getknolderContribution-Fetch all the other contributions by the user	1674756889922	1674756890780	OK	 
USER	Contribution API	START	1674756890916
REQUEST		/Contribution/getknolderContribution-Fetch all the other contributions by the user	1674756890422	1674756891298	OK	 
USER	Contribution API	START	1674756891417
REQUEST		/Contribution/getknolderContribution-Fetch all the other contributions by the user	1674756890916	1674756891797	OK	 
USER	Contribution API	START	1674756891916
REQUEST		/Contribution/getknolderContribution-Fetch all the other contributions by the user	1674756891418	1674756892308	OK	 
USER	Contribution API	END	1674756892331
USER	Contribution API	START	1674756892417
USER	Contribution API	END	1674756892768
REQUEST		/Contribution/getknolderContribution-Fetch all the other contributions by the user	1674756891917	1674756892825	OK	 
USER	Contribution API	START	1674756892916
USER	Contribution API	END	1674756893265
REQUEST		/Contribution/getknolderContribution-Fetch all the other contributions by the user	1674756892417	1674756893270	OK	 
USER	Contribution API	START	1674756893417
USER	Contribution API	END	1674756893782
REQUEST		/Contribution/getknolderContribution-Fetch all the other contributions by the user	1674756892917	1674756893873	OK	 
USER	Contribution API	START	1674756893916
USER	Contribution API	END	1674756894300
REQUEST		/Contribution/getknolderContribution-Fetch all the other contributions by the user	1674756893417	1674756894387	OK	 
USER	Contribution API	START	1674756894416
REQUEST		/Contribution/getknolderContribution-Fetch all the other contributions by the user	1674756893917	1674756894761	OK	 
USER	Contribution API	END	1674756894798
USER	Contribution API	START	1674756894916
REQUEST		/Contribution/getknolderContribution-Fetch all the other contributions by the user	1674756894417	1674756895249	OK	 
USER	Contribution API	END	1674756895310
USER	Contribution API	START	1674756895416
REQUEST		/Contribution/getknolderContribution-Fetch all the other contributions by the user	1674756894916	1674756895754	OK	 
USER	Contribution API	END	1674756895827
USER	Contribution API	START	1674756895916
USER	Contribution API	END	1674756896272
REQUEST		/Contribution/getknolderContribution-Fetch all the other contributions by the user	1674756895417	1674756896296	OK	 
USER	Contribution API	START	1674756896416
REQUEST		/Contribution/getknolderContribution-Fetch all the other contributions by the user	1674756895916	1674756896760	OK	 
USER	Contribution API	END	1674756896875
USER	Contribution API	START	1674756896915
REQUEST		/Contribution/getknolderContribution-Fetch all the other contributions by the user	1674756896416	1674756897371	OK	 
USER	Contribution API	END	1674756897388
USER	Contribution API	START	1674756897416
REQUEST		/Contribution/getknolderContribution-Fetch all the other contributions by the user	1674756896916	1674756897761	OK	 
USER	Contribution API	END	1674756897763
USER	Contribution API	START	1674756897916
USER	Contribution API	END	1674756898251
REQUEST		/Contribution/getknolderContribution-Fetch all the other contributions by the user	1674756897416	1674756898256	OK	 
USER	Contribution API	START	1674756898416
USER	Contribution API	END	1674756898756
REQUEST		/Contribution/getknolderContribution-Fetch all the other contributions by the user	1674756897916	1674756898812	OK	 
USER	Contribution API	START	1674756898916
REQUEST		/Contribution/getknolderContribution-Fetch all the other contributions by the user	1674756898416	1674756899266	OK	 
USER	Contribution API	END	1674756899298
USER	Contribution API	START	1674756899416
USER	Contribution API	END	1674756899762
REQUEST		/Contribution/getknolderContribution-Fetch all the other contributions by the user	1674756898917	1674756899777	OK	 
USER	Contribution API	START	1674756899915
REQUEST		/Contribution/getknolderContribution-Fetch all the other contributions by the user	1674756899417	1674756900260	OK	 
USER	Contribution API	END	1674756900372
USER	Contribution API	START	1674756900416
USER	Contribution API	END	1674756900763
REQUEST		/Contribution/getknolderContribution-Fetch all the other contributions by the user	1674756899916	1674756900801	OK	 
USER	Contribution API	START	1674756900915
USER	Contribution API	END	1674756901258
REQUEST		/Contribution/getknolderContribution-Fetch all the other contributions by the user	1674756900416	1674756901265	OK	 
USER	Contribution API	START	1674756901415
USER	Contribution API	END	1674756901814
REQUEST		/Contribution/getknolderContribution-Fetch all the other contributions by the user	1674756900916	1674756901865	OK	 
USER	Contribution API	START	1674756901916
USER	Contribution API	END	1674756902267
REQUEST		/Contribution/getknolderContribution-Fetch all the other contributions by the user	1674756901416	1674756902339	OK	 
USER	Contribution API	START	1674756902416
USER	Contribution API	END	1674756902779
REQUEST		/Contribution/getknolderContribution-Fetch all the other contributions by the user	1674756901916	1674756902890	OK	 
USER	Contribution API	START	1674756902916
REQUEST		/Contribution/getknolderContribution-Fetch all the other contributions by the user	1674756902416	1674756903260	OK	 
USER	Contribution API	END	1674756903261
USER	Contribution API	START	1674756903416
REQUEST		/Contribution/getknolderContribution-Fetch all the other contributions by the user	1674756902916	1674756903753	OK	 
USER	Contribution API	END	1674756903803
USER	Contribution API	START	1674756903916
USER	Contribution API	END	1674756904267
REQUEST		/Contribution/getknolderContribution-Fetch all the other contributions by the user	1674756903417	1674756904290	OK	 
USER	Contribution API	START	1674756904416
REQUEST		/Contribution/getknolderContribution-Fetch all the other contributions by the user	1674756903916	1674756904792	OK	 
USER	Contribution API	END	1674756904866
USER	Contribution API	START	1674756904916
REQUEST		/Contribution/getknolderContribution-Fetch all the other contributions by the user	1674756904416	1674756905273	OK	 
USER	Contribution API	END	1674756905341
USER	Contribution API	START	1674756905416
REQUEST		/Contribution/getknolderContribution-Fetch all the other contributions by the user	1674756904916	1674756905756	OK	 
USER	Contribution API	END	1674756905892
USER	Contribution API	START	1674756905916
REQUEST		/Contribution/getknolderContribution-Fetch all the other contributions by the user	1674756905417	1674756906255	OK	 
USER	Contribution API	END	1674756906262
USER	Contribution API	START	1674756906416
REQUEST		/Contribution/getknolderContribution-Fetch all the other contributions by the user	1674756905916	1674756906750	OK	 
USER	Contribution API	END	1674756906754
USER	Contribution API	START	1674756906916
USER	Contribution API	END	1674756907291
REQUEST		/Contribution/getknolderContribution-Fetch all the other contributions by the user	1674756906417	1674756907319	OK	 
USER	Contribution API	START	1674756907416
USER	Contribution API	END	1674756907794
REQUEST		/Contribution/getknolderContribution-Fetch all the other contributions by the user	1674756906917	1674756907908	OK	 
USER	Contribution API	START	1674756907916
REQUEST		/Contribution/getknolderContribution-Fetch all the other contributions by the user	1674756907417	1674756908260	OK	 
USER	Contribution API	END	1674756908275
USER	Contribution API	START	1674756908416
USER	Contribution API	END	1674756908757
REQUEST		/Contribution/getknolderContribution-Fetch all the other contributions by the user	1674756907916	1674756908796	OK	 
USER	Contribution API	START	1674756908916
USER	Contribution API	END	1674756909256
REQUEST		/Contribution/getknolderContribution-Fetch all the other contributions by the user	1674756908416	1674756909305	OK	 
USER	Contribution API	START	1674756909416
USER	Contribution API	END	1674756909752
REQUEST		/Contribution/getknolderContribution-Fetch all the other contributions by the user	1674756908916	1674756909856	OK	 
USER	Contribution API	START	1674756909915
USER	Contribution API	END	1674756910320
REQUEST		/Contribution/getknolderContribution-Fetch all the other contributions by the user	1674756909417	1674756910359	OK	 
USER	Contribution API	START	1674756910416
REQUEST		/Contribution/getknolderContribution-Fetch all the other contributions by the user	1674756909916	1674756910887	OK	 
USER	Contribution API	END	1674756910910
USER	Contribution API	START	1674756910915
USER	Contribution API	END	1674756911261
REQUEST		/Contribution/getknolderContribution-Fetch all the other contributions by the user	1674756910416	1674756911266	OK	 
USER	Contribution API	START	1674756911415
USER	Contribution API	END	1674756911797
REQUEST		/Contribution/getknolderContribution-Fetch all the other contributions by the user	1674756910916	1674756911896	OK	 
USER	Contribution API	START	1674756911915
REQUEST		/Contribution/getknolderContribution-Fetch all the other contributions by the user	1674756911416	1674756912253	OK	 
USER	Contribution API	END	1674756912306
USER	Contribution API	START	1674756912416
REQUEST		/Contribution/getknolderContribution-Fetch all the other contributions by the user	1674756911916	1674756912752	OK	 
USER	Contribution API	END	1674756912857
USER	Contribution API	START	1674756912916
REQUEST		/Contribution/getknolderContribution-Fetch all the other contributions by the user	1674756912416	1674756913254	OK	 
USER	Contribution API	END	1674756913361
USER	Contribution API	START	1674756913416
REQUEST		/Contribution/getknolderContribution-Fetch all the other contributions by the user	1674756912917	1674756913749	OK	 
USER	Contribution API	END	1674756913888
USER	Contribution API	START	1674756913915
USER	Contribution API	END	1674756914267
REQUEST		/Contribution/getknolderContribution-Fetch all the other contributions by the user	1674756913417	1674756914268	OK	 
USER	Contribution API	START	1674756914416
REQUEST		/Contribution/getknolderContribution-Fetch all the other contributions by the user	1674756913916	1674756914833	OK	 
USER	Contribution API	END	1674756914897
USER	Contribution API	START	1674756914916
USER	Contribution API	END	1674756915255
REQUEST		/Contribution/getknolderContribution-Fetch all the other contributions by the user	1674756914416	1674756915392	OK	 
USER	Contribution API	START	1674756915416
REQUEST		/Contribution/getknolderContribution-Fetch all the other contributions by the user	1674756914917	1674756915741	OK	 
USER	Contribution API	END	1674756915754
USER	Contribution API	START	1674756915916
USER	Contribution API	END	1674756916256
REQUEST		/Contribution/getknolderContribution-Fetch all the other contributions by the user	1674756915417	1674756916256	OK	 
USER	Contribution API	START	1674756916416
USER	Contribution API	END	1674756916750
REQUEST		/Contribution/getknolderContribution-Fetch all the other contributions by the user	1674756915916	1674756916771	OK	 
USER	Contribution API	START	1674756916915
USER	Contribution API	END	1674756917269
REQUEST		/Contribution/getknolderContribution-Fetch all the other contributions by the user	1674756916417	1674756917288	OK	 
USER	Contribution API	START	1674756917415
REQUEST		/Contribution/getknolderContribution-Fetch all the other contributions by the user	1674756916916	1674756917804	OK	 
USER	Contribution API	END	1674756917835
USER	Contribution API	START	1674756917915
REQUEST		/Contribution/getknolderContribution-Fetch all the other contributions by the user	1674756917416	1674756918347	OK	 
USER	Contribution API	END	1674756918394
USER	Contribution API	START	1674756918416
USER	Contribution API	END	1674756918742
REQUEST		/Contribution/getknolderContribution-Fetch all the other contributions by the user	1674756917916	1674756918761	OK	 
USER	Contribution API	START	1674756918916
USER	Contribution API	END	1674756919258
REQUEST		/Contribution/getknolderContribution-Fetch all the other contributions by the user	1674756918416	1674756919307	OK	 
USER	Contribution API	START	1674756919416
USER	Contribution API	END	1674756919773
REQUEST		/Contribution/getknolderContribution-Fetch all the other contributions by the user	1674756918917	1674756919777	OK	 
USER	Contribution API	START	1674756919916
USER	Contribution API	END	1674756920289
REQUEST		/Contribution/getknolderContribution-Fetch all the other contributions by the user	1674756919417	1674756920396	OK	 
USER	Contribution API	START	1674756920416
REQUEST		/Contribution/getknolderContribution-Fetch all the other contributions by the user	1674756919917	1674756920768	OK	 
USER	Contribution API	END	1674756920805
USER	Contribution API	START	1674756920916
REQUEST		/Contribution/getknolderContribution-Fetch all the other contributions by the user	1674756920417	1674756921287	OK	 
USER	Contribution API	END	1674756921348
USER	Contribution API	START	1674756921416
USER	Contribution API	END	1674756921762
REQUEST		/Contribution/getknolderContribution-Fetch all the other contributions by the user	1674756920916	1674756921799	OK	 
USER	Contribution API	START	1674756921916
REQUEST		/Contribution/getknolderContribution-Fetch all the other contributions by the user	1674756921416	1674756922254	OK	 
USER	Contribution API	END	1674756922309
USER	Contribution API	START	1674756922416
USER	Contribution API	END	1674756922778
REQUEST		/Contribution/getknolderContribution-Fetch all the other contributions by the user	1674756921916	1674756922847	OK	 
USER	Contribution API	START	1674756922916
REQUEST		/Contribution/getknolderContribution-Fetch all the other contributions by the user	1674756922416	1674756923361	OK	 
USER	Contribution API	END	1674756923397
USER	Contribution API	START	1674756923416
USER	Contribution API	END	1674756923770
REQUEST		/Contribution/getknolderContribution-Fetch all the other contributions by the user	1674756922916	1674756923840	OK	 
USER	Contribution API	START	1674756923916
REQUEST		/Contribution/getknolderContribution-Fetch all the other contributions by the user	1674756923416	1674756924257	OK	 
USER	Contribution API	END	1674756924288
USER	Contribution API	START	1674756924416
REQUEST		/Contribution/getknolderContribution-Fetch all the other contributions by the user	1674756923917	1674756924765	OK	 
USER	Contribution API	END	1674756924801
USER	Contribution API	START	1674756924916
USER	Contribution API	END	1674756925255
REQUEST		/Contribution/getknolderContribution-Fetch all the other contributions by the user	1674756924417	1674756925273	OK	 
USER	Contribution API	START	1674756925416
REQUEST		/Contribution/getknolderContribution-Fetch all the other contributions by the user	1674756924917	1674756925785	OK	 
USER	Contribution API	END	1674756925849
USER	Contribution API	START	1674756925916
REQUEST		/Contribution/getknolderContribution-Fetch all the other contributions by the user	1674756925417	1674756926313	OK	 
USER	Contribution API	END	1674756926363
USER	Contribution API	START	1674756926416
REQUEST		/Contribution/getknolderContribution-Fetch all the other contributions by the user	1674756925916	1674756926751	OK	 
USER	Contribution API	END	1674756926841
USER	Contribution API	START	1674756926915
REQUEST		/Contribution/getknolderContribution-Fetch all the other contributions by the user	1674756926416	1674756927250	OK	 
USER	Contribution API	END	1674756927258
USER	Contribution API	START	1674756927416
USER	Contribution API	END	1674756927766
REQUEST		/Contribution/getknolderContribution-Fetch all the other contributions by the user	1674756926916	1674756927771	OK	 
USER	Contribution API	START	1674756927916
USER	Contribution API	END	1674756928274
REQUEST		/Contribution/getknolderContribution-Fetch all the other contributions by the user	1674756927416	1674756928382	OK	 
USER	Contribution API	START	1674756928416
REQUEST		/Contribution/getknolderContribution-Fetch all the other contributions by the user	1674756927916	1674756928753	OK	 
USER	Contribution API	END	1674756928786
USER	Contribution API	START	1674756928916
REQUEST		/Contribution/getknolderContribution-Fetch all the other contributions by the user	1674756928416	1674756929262	OK	 
USER	Contribution API	END	1674756929314
USER	Contribution API	START	1674756929416
USER	Contribution API	END	1674756929752
REQUEST		/Contribution/getknolderContribution-Fetch all the other contributions by the user	1674756928916	1674756929782	OK	 
USER	Contribution API	START	1674756929915
USER	Contribution API	END	1674756930252
REQUEST		/Contribution/getknolderContribution-Fetch all the other contributions by the user	1674756929416	1674756930252	OK	 
USER	Contribution API	START	1674756930415
USER	Contribution API	END	1674756930773
REQUEST		/Contribution/getknolderContribution-Fetch all the other contributions by the user	1674756929916	1674756930800	OK	 
USER	Contribution API	START	1674756930915
REQUEST		/Contribution/getknolderContribution-Fetch all the other contributions by the user	1674756930416	1674756931360	OK	 
USER	Contribution API	END	1674756931384
USER	Contribution API	START	1674756931416
REQUEST		/Contribution/getknolderContribution-Fetch all the other contributions by the user	1674756930916	1674756931752	OK	 
USER	Contribution API	END	1674756931754
USER	Contribution API	START	1674756931916
USER	Contribution API	END	1674756932263
REQUEST		/Contribution/getknolderContribution-Fetch all the other contributions by the user	1674756931416	1674756932268	OK	 
USER	Contribution API	START	1674756932416
USER	Contribution API	END	1674756932783
REQUEST		/Contribution/getknolderContribution-Fetch all the other contributions by the user	1674756931917	1674756932888	OK	 
USER	Contribution API	START	1674756932916
USER	Contribution API	END	1674756933253
REQUEST		/Contribution/getknolderContribution-Fetch all the other contributions by the user	1674756932417	1674756933272	OK	 
USER	Contribution API	START	1674756933416
REQUEST		/Contribution/getknolderContribution-Fetch all the other contributions by the user	1674756932916	1674756933756	OK	 
USER	Contribution API	END	1674756933802
USER	Contribution API	START	1674756933916
REQUEST		/Contribution/getknolderContribution-Fetch all the other contributions by the user	1674756933416	1674756934296	OK	 
USER	Contribution API	END	1674756934362
USER	Contribution API	START	1674756934416
REQUEST		/Contribution/getknolderContribution-Fetch all the other contributions by the user	1674756933916	1674756934752	OK	 
USER	Contribution API	END	1674756934753
USER	Contribution API	START	1674756934915
REQUEST		/Contribution/getknolderContribution-Fetch all the other contributions by the user	1674756934416	1674756935258	OK	 
USER	Contribution API	END	1674756935269
USER	Contribution API	START	1674756935416
REQUEST		/Contribution/getknolderContribution-Fetch all the other contributions by the user	1674756934916	1674756935857	OK	 
USER	Contribution API	END	1674756935889
USER	Contribution API	START	1674756935916
USER	Contribution API	END	1674756936274
REQUEST		/Contribution/getknolderContribution-Fetch all the other contributions by the user	1674756935416	1674756936365	OK	 
USER	Contribution API	START	1674756936416
USER	Contribution API	END	1674756936757
REQUEST		/Contribution/getknolderContribution-Fetch all the other contributions by the user	1674756935916	1674756936761	OK	 
USER	Contribution API	START	1674756936915
USER	Contribution API	END	1674756937297
REQUEST		/Contribution/getknolderContribution-Fetch all the other contributions by the user	1674756936416	1674756937326	OK	 
USER	Contribution API	START	1674756937416
USER	Contribution API	END	1674756937753
REQUEST		/Contribution/getknolderContribution-Fetch all the other contributions by the user	1674756936916	1674756937758	OK	 
USER	Contribution API	START	1674756937915
REQUEST		/Contribution/getknolderContribution-Fetch all the other contributions by the user	1674756937416	1674756938255	OK	 
USER	Contribution API	END	1674756938260
USER	Contribution API	START	1674756938415
REQUEST		/Contribution/getknolderContribution-Fetch all the other contributions by the user	1674756937916	1674756938751	OK	 
USER	Contribution API	END	1674756938858
USER	Contribution API	START	1674756938915
REQUEST		/Contribution/getknolderContribution-Fetch all the other contributions by the user	1674756938416	1674756939237	OK	 
USER	Contribution API	END	1674756939366
USER	Contribution API	START	1674756939416
REQUEST		/Contribution/getknolderContribution-Fetch all the other contributions by the user	1674756938916	1674756939757	OK	 
USER	Contribution API	END	1674756939763
USER	Contribution API	START	1674756939916
REQUEST		/Contribution/getknolderContribution-Fetch all the other contributions by the user	1674756939416	1674756940276	OK	 
USER	Contribution API	END	1674756940328
USER	Contribution API	START	1674756940416
USER	Contribution API	END	1674756940759
REQUEST		/Contribution/getknolderContribution-Fetch all the other contributions by the user	1674756939916	1674756940875	OK	 
USER	Contribution API	START	1674756940916
USER	Contribution API	END	1674756941256
REQUEST		/Contribution/getknolderContribution-Fetch all the other contributions by the user	1674756940417	1674756941261	OK	 
USER	Contribution API	START	1674756941416
USER	Contribution API	END	1674756941752
REQUEST		/Contribution/getknolderContribution-Fetch all the other contributions by the user	1674756940916	1674756941858	OK	 
USER	Contribution API	START	1674756941915
USER	Contribution API	END	1674756942239
REQUEST		/Contribution/getknolderContribution-Fetch all the other contributions by the user	1674756941416	1674756942279	OK	 
USER	Contribution API	START	1674756942415
USER	Contribution API	END	1674756942758
REQUEST		/Contribution/getknolderContribution-Fetch all the other contributions by the user	1674756941916	1674756942802	OK	 
USER	Contribution API	START	1674756942916
USER	Contribution API	END	1674756943277
REQUEST		/Contribution/getknolderContribution-Fetch all the other contributions by the user	1674756942416	1674756943298	OK	 
USER	Contribution API	START	1674756943416
REQUEST		/Contribution/getknolderContribution-Fetch all the other contributions by the user	1674756942916	1674756943745	OK	 
USER	Contribution API	END	1674756943876
USER	Contribution API	START	1674756943915
USER	Contribution API	END	1674756944262
REQUEST		/Contribution/getknolderContribution-Fetch all the other contributions by the user	1674756943416	1674756944264	OK	 
USER	Contribution API	START	1674756944415
REQUEST		/Contribution/getknolderContribution-Fetch all the other contributions by the user	1674756943915	1674756944783	OK	 
USER	Contribution API	END	1674756944859
USER	Contribution API	START	1674756944916
USER	Contribution API	END	1674756945281
REQUEST		/Contribution/getknolderContribution-Fetch all the other contributions by the user	1674756944416	1674756945347	OK	 
USER	Contribution API	START	1674756945416
REQUEST		/Contribution/getknolderContribution-Fetch all the other contributions by the user	1674756944917	1674756945758	OK	 
USER	Contribution API	END	1674756945803
USER	Contribution API	START	1674756945915
REQUEST		/Contribution/getknolderContribution-Fetch all the other contributions by the user	1674756945417	1674756946265	OK	 
USER	Contribution API	END	1674756946299
USER	Contribution API	START	1674756946415
USER	Contribution API	END	1674756946747
REQUEST		/Contribution/getknolderContribution-Fetch all the other contributions by the user	1674756945916	1674756946788	OK	 
USER	Contribution API	START	1674756946916
USER	Contribution API	END	1674756947266
REQUEST		/Contribution/getknolderContribution-Fetch all the other contributions by the user	1674756946416	1674756947286	OK	 
USER	Contribution API	START	1674756947416
USER	Contribution API	END	1674756947784
REQUEST		/Contribution/getknolderContribution-Fetch all the other contributions by the user	1674756946916	1674756947802	OK	 
USER	Contribution API	START	1674756947916
REQUEST		/Contribution/getknolderContribution-Fetch all the other contributions by the user	1674756947417	1674756948273	OK	 
USER	Contribution API	END	1674756948348
USER	Contribution API	START	1674756948416
USER	Contribution API	END	1674756948760
REQUEST		/Contribution/getknolderContribution-Fetch all the other contributions by the user	1674756947916	1674756948857	OK	 
USER	Contribution API	START	1674756948916
REQUEST		/Contribution/getknolderContribution-Fetch all the other contributions by the user	1674756948416	1674756949261	OK	 
USER	Contribution API	END	1674756949267
USER	Contribution API	START	1674756949416
REQUEST		/Contribution/getknolderContribution-Fetch all the other contributions by the user	1674756948916	1674756949766	OK	 
USER	Contribution API	END	1674756949789
USER	Contribution API	START	1674756949915
USER	Contribution API	END	1674756950287
REQUEST		/Contribution/getknolderContribution-Fetch all the other contributions by the user	1674756949416	1674756950398	OK	 
USER	Contribution API	START	1674756950416
REQUEST		/Contribution/getknolderContribution-Fetch all the other contributions by the user	1674756949916	1674756950748	OK	 
USER	Contribution API	END	1674756950804
USER	Contribution API	START	1674756950916
REQUEST		/Contribution/getknolderContribution-Fetch all the other contributions by the user	1674756950416	1674756951251	OK	 
USER	Contribution API	END	1674756951275
USER	Contribution API	START	1674756951416
REQUEST		/Contribution/getknolderContribution-Fetch all the other contributions by the user	1674756950916	1674756951749	OK	 
USER	Contribution API	END	1674756951858
USER	Contribution API	START	1674756951915
USER	Contribution API	END	1674756952263
REQUEST		/Contribution/getknolderContribution-Fetch all the other contributions by the user	1674756951416	1674756952305	OK	 
USER	Contribution API	START	1674756952415
USER	Contribution API	END	1674756952767
REQUEST		/Contribution/getknolderContribution-Fetch all the other contributions by the user	1674756951916	1674756952770	OK	 
USER	Contribution API	START	1674756952916
REQUEST		/Contribution/getknolderContribution-Fetch all the other contributions by the user	1674756952416	1674756953368	OK	 
USER	Contribution API	END	1674756953400
USER	Contribution API	START	1674756953416
USER	Contribution API	END	1674756953749
REQUEST		/Contribution/getknolderContribution-Fetch all the other contributions by the user	1674756952916	1674756953876	OK	 
USER	Contribution API	START	1674756953916
USER	Contribution API	END	1674756954252
REQUEST		/Contribution/getknolderContribution-Fetch all the other contributions by the user	1674756953416	1674756954264	OK	 
USER	Contribution API	START	1674756954416
USER	Contribution API	END	1674756954750
REQUEST		/Contribution/getknolderContribution-Fetch all the other contributions by the user	1674756953917	1674756954769	OK	 
USER	Contribution API	START	1674756954916
REQUEST		/Contribution/getknolderContribution-Fetch all the other contributions by the user	1674756954417	1674756955275	OK	 
USER	Contribution API	END	1674756955306
USER	Contribution API	START	1674756955416
REQUEST		/Contribution/getknolderContribution-Fetch all the other contributions by the user	1674756954917	1674756955761	OK	 
USER	Contribution API	END	1674756955771
USER	Contribution API	START	1674756955915
REQUEST		/Contribution/getknolderContribution-Fetch all the other contributions by the user	1674756955416	1674756956251	OK	 
USER	Contribution API	END	1674756956369
USER	Contribution API	START	1674756956416
USER	Contribution API	END	1674756956877
USER	Contribution API	START	1674756956916
REQUEST		/Contribution/getknolderContribution-Fetch all the other contributions by the user	1674756955916	1674756956952	OK	 
REQUEST		/Contribution/getknolderContribution-Fetch all the other contributions by the user	1674756956416	1674756957255	OK	 
USER	Contribution API	END	1674756957265
USER	Contribution API	START	1674756957416
REQUEST		/Contribution/getknolderContribution-Fetch all the other contributions by the user	1674756956916	1674756957756	OK	 
USER	Contribution API	END	1674756957771
USER	Contribution API	START	1674756957916
REQUEST		/Contribution/getknolderContribution-Fetch all the other contributions by the user	1674756957416	1674756958247	OK	 
USER	Contribution API	END	1674756958276
USER	Contribution API	START	1674756958416
USER	Contribution API	END	1674756958762
REQUEST		/Contribution/getknolderContribution-Fetch all the other contributions by the user	1674756957916	1674756958767	OK	 
USER	Contribution API	START	1674756958916
USER	Contribution API	END	1674756959252
REQUEST		/Contribution/getknolderContribution-Fetch all the other contributions by the user	1674756958416	1674756959279	OK	 
USER	Contribution API	START	1674756959416
REQUEST		/Contribution/getknolderContribution-Fetch all the other contributions by the user	1674756958916	1674756959799	OK	 
USER	Contribution API	START	1674756959916
USER	Contribution API	END	1674756959953
USER	Contribution API	END	1674756960256
REQUEST		/Contribution/getknolderContribution-Fetch all the other contributions by the user	1674756959417	1674756960298	OK	 
USER	Contribution API	START	1674756960416
USER	Contribution API	END	1674756960757
REQUEST		/Contribution/getknolderContribution-Fetch all the other contributions by the user	1674756959916	1674756960806	OK	 
USER	Contribution API	START	1674756960915
USER	Contribution API	END	1674756961248
REQUEST		/Contribution/getknolderContribution-Fetch all the other contributions by the user	1674756960416	1674756961353	OK	 
USER	Contribution API	START	1674756961416
USER	Contribution API	END	1674756961769
REQUEST		/Contribution/getknolderContribution-Fetch all the other contributions by the user	1674756960916	1674756961773	OK	 
USER	Contribution API	START	1674756961915
USER	Contribution API	END	1674756962280
REQUEST		/Contribution/getknolderContribution-Fetch all the other contributions by the user	1674756961416	1674756962380	OK	 
USER	Contribution API	START	1674756962415
USER	Contribution API	END	1674756962800
REQUEST		/Contribution/getknolderContribution-Fetch all the other contributions by the user	1674756961916	1674756962891	OK	 
USER	Contribution API	START	1674756962915
REQUEST		/Contribution/getknolderContribution-Fetch all the other contributions by the user	1674756962416	1674756963262	OK	 
USER	Contribution API	END	1674756963299
USER	Contribution API	START	1674756963415
REQUEST		/Contribution/getknolderContribution-Fetch all the other contributions by the user	1674756962915	1674756963739	OK	 
USER	Contribution API	END	1674756963808
USER	Contribution API	START	1674756963916
REQUEST		/Contribution/getknolderContribution-Fetch all the other contributions by the user	1674756963416	1674756964255	OK	 
USER	Contribution API	END	1674756964354
USER	Contribution API	START	1674756964416
REQUEST		/Contribution/getknolderContribution-Fetch all the other contributions by the user	1674756963916	1674756964765	OK	 
USER	Contribution API	END	1674756964774
USER	Contribution API	START	1674756964915
REQUEST		/Contribution/getknolderContribution-Fetch all the other contributions by the user	1674756964416	1674756965267	OK	 
USER	Contribution API	END	1674756965381
USER	Contribution API	START	1674756965415
USER	Contribution API	END	1674756965893
USER	Contribution API	START	1674756965916
REQUEST		/Contribution/getknolderContribution-Fetch all the other contributions by the user	1674756964916	1674756966203	OK	 
REQUEST		/Contribution/getknolderContribution-Fetch all the other contributions by the user	1674756965416	1674756966262	OK	 
USER	Contribution API	END	1674756966263
USER	Contribution API	START	1674756966416
USER	Contribution API	END	1674756966740
REQUEST		/Contribution/getknolderContribution-Fetch all the other contributions by the user	1674756965916	1674756966751	OK	 
USER	Contribution API	START	1674756966916
USER	Contribution API	END	1674756967256
REQUEST		/Contribution/getknolderContribution-Fetch all the other contributions by the user	1674756966416	1674756967268	OK	 
USER	Contribution API	START	1674756967416
USER	Contribution API	END	1674756967766
REQUEST		/Contribution/getknolderContribution-Fetch all the other contributions by the user	1674756966916	1674756967774	OK	 
USER	Contribution API	START	1674756967915
USER	Contribution API	END	1674756968268
REQUEST		/Contribution/getknolderContribution-Fetch all the other contributions by the user	1674756967416	1674756968295	OK	 
USER	Contribution API	START	1674756968416
REQUEST		/Contribution/getknolderContribution-Fetch all the other contributions by the user	1674756967916	1674756968793	OK	 
USER	Contribution API	START	1674756968915
USER	Contribution API	END	1674756969204
USER	Contribution API	END	1674756969263
REQUEST		/Contribution/getknolderContribution-Fetch all the other contributions by the user	1674756968416	1674756969303	OK	 
USER	Contribution API	START	1674756969415
REQUEST		/Contribution/getknolderContribution-Fetch all the other contributions by the user	1674756968916	1674756969744	OK	 
USER	Contribution API	END	1674756969752
USER	Contribution API	START	1674756969916
REQUEST		/Contribution/getknolderContribution-Fetch all the other contributions by the user	1674756969416	1674756970260	OK	 
USER	Contribution API	END	1674756970269
USER	Contribution API	START	1674756970416
USER	Contribution API	END	1674756970775
REQUEST		/Contribution/getknolderContribution-Fetch all the other contributions by the user	1674756969916	1674756970816	OK	 
USER	Contribution API	START	1674756970916
USER	Contribution API	END	1674756971296
REQUEST		/Contribution/getknolderContribution-Fetch all the other contributions by the user	1674756970416	1674756971386	OK	 
USER	Contribution API	START	1674756971416
REQUEST		/Contribution/getknolderContribution-Fetch all the other contributions by the user	1674756970916	1674756971749	OK	 
USER	Contribution API	END	1674756971794
USER	Contribution API	START	1674756971915
REQUEST		/Contribution/getknolderContribution-Fetch all the other contributions by the user	1674756971417	1674756972253	OK	 
USER	Contribution API	END	1674756972304
USER	Contribution API	START	1674756972415
USER	Contribution API	END	1674756972745
REQUEST		/Contribution/getknolderContribution-Fetch all the other contributions by the user	1674756971916	1674756972788	OK	 
USER	Contribution API	START	1674756972915
USER	Contribution API	END	1674756973261
REQUEST		/Contribution/getknolderContribution-Fetch all the other contributions by the user	1674756972416	1674756973301	OK	 
USER	Contribution API	START	1674756973416
REQUEST		/Contribution/getknolderContribution-Fetch all the other contributions by the user	1674756972916	1674756973762	OK	 
USER	Contribution API	END	1674756973817
USER	Contribution API	START	1674756973915
REQUEST		/Contribution/getknolderContribution-Fetch all the other contributions by the user	1674756973416	1674756974357	OK	 
USER	Contribution API	END	1674756974387
USER	Contribution API	START	1674756974415
REQUEST		/Contribution/getknolderContribution-Fetch all the other contributions by the user	1674756973916	1674756974744	OK	 
USER	Contribution API	END	1674756974750
USER	Contribution API	START	1674756974916
USER	Contribution API	END	1674756975254
REQUEST		/Contribution/getknolderContribution-Fetch all the other contributions by the user	1674756974416	1674756975257	OK	 
USER	Contribution API	START	1674756975416
USER	Contribution API	END	1674756975789
REQUEST		/Contribution/getknolderContribution-Fetch all the other contributions by the user	1674756974916	1674756975897	OK	 
USER	Contribution API	START	1674756975915
REQUEST		/Contribution/getknolderContribution-Fetch all the other contributions by the user	1674756975416	1674756976263	OK	 
USER	Contribution API	END	1674756976303
USER	Contribution API	START	1674756976416
REQUEST		/Contribution/getknolderContribution-Fetch all the other contributions by the user	1674756975916	1674756976749	OK	 
USER	Contribution API	END	1674756976763
USER	Contribution API	START	1674756976916
REQUEST		/Contribution/getknolderContribution-Fetch all the other contributions by the user	1674756976416	1674756977260	OK	 
USER	Contribution API	END	1674756977358
USER	Contribution API	START	1674756977416
USER	Contribution API	END	1674756977746
REQUEST		/Contribution/getknolderContribution-Fetch all the other contributions by the user	1674756976916	1674756977805	OK	 
USER	Contribution API	START	1674756977916
USER	Contribution API	END	1674756978259
REQUEST		/Contribution/getknolderContribution-Fetch all the other contributions by the user	1674756977416	1674756978262	OK	 
USER	Contribution API	START	1674756978416
REQUEST		/Contribution/getknolderContribution-Fetch all the other contributions by the user	1674756977916	1674756978830	OK	 
USER	Contribution API	END	1674756978898
USER	Contribution API	START	1674756978915
USER	Contribution API	END	1674756979264
REQUEST		/Contribution/getknolderContribution-Fetch all the other contributions by the user	1674756978417	1674756979342	OK	 
USER	Contribution API	START	1674756979416
USER	Contribution API	END	1674756979751
REQUEST		/Contribution/getknolderContribution-Fetch all the other contributions by the user	1674756978916	1674756979756	OK	 
USER	Contribution API	START	1674756979915
USER	Contribution API	END	1674756980261
REQUEST		/Contribution/getknolderContribution-Fetch all the other contributions by the user	1674756979416	1674756980265	OK	 
USER	Contribution API	START	1674756980415
REQUEST		/Contribution/getknolderContribution-Fetch all the other contributions by the user	1674756979916	1674756980769	OK	 
USER	Contribution API	END	1674756980807
USER	Contribution API	START	1674756980915
USER	Contribution API	END	1674756981264
REQUEST		/Contribution/getknolderContribution-Fetch all the other contributions by the user	1674756980416	1674756981298	OK	 
USER	Contribution API	START	1674756981415
REQUEST		/Contribution/getknolderContribution-Fetch all the other contributions by the user	1674756980915	1674756981804	OK	 
USER	Contribution API	END	1674756981831
USER	Contribution API	START	1674756981916
USER	Contribution API	END	1674756982343
REQUEST		/Contribution/getknolderContribution-Fetch all the other contributions by the user	1674756981416	1674756982347	OK	 
USER	Contribution API	START	1674756982416
USER	Contribution API	END	1674756982757
REQUEST		/Contribution/getknolderContribution-Fetch all the other contributions by the user	1674756981916	1674756982758	OK	 
USER	Contribution API	START	1674756982916
USER	Contribution API	END	1674756983266
REQUEST		/Contribution/getknolderContribution-Fetch all the other contributions by the user	1674756982416	1674756983270	OK	 
USER	Contribution API	START	1674756983416
USER	Contribution API	END	1674756983770
REQUEST		/Contribution/getknolderContribution-Fetch all the other contributions by the user	1674756982916	1674756983886	OK	 
USER	Contribution API	START	1674756983916
REQUEST		/Contribution/getknolderContribution-Fetch all the other contributions by the user	1674756983416	1674756984257	OK	 
USER	Contribution API	END	1674756984299
USER	Contribution API	START	1674756984416
REQUEST		/Contribution/getknolderContribution-Fetch all the other contributions by the user	1674756983916	1674756984763	OK	 
USER	Contribution API	END	1674756984805
USER	Contribution API	START	1674756984916
REQUEST		/Contribution/getknolderContribution-Fetch all the other contributions by the user	1674756984416	1674756985285	OK	 
USER	Contribution API	END	1674756985348
USER	Contribution API	START	1674756985416
REQUEST		/Contribution/getknolderContribution-Fetch all the other contributions by the user	1674756984916	1674756985754	OK	 
USER	Contribution API	END	1674756985760
USER	Contribution API	START	1674756985915
REQUEST		/Contribution/getknolderContribution-Fetch all the other contributions by the user	1674756985416	1674756986257	OK	 
USER	Contribution API	END	1674756986271
USER	Contribution API	START	1674756986415
REQUEST		/Contribution/getknolderContribution-Fetch all the other contributions by the user	1674756985916	1674756986868	OK	 
USER	Contribution API	END	1674756986887
USER	Contribution API	START	1674756986915
REQUEST		/Contribution/getknolderContribution-Fetch all the other contributions by the user	1674756986416	1674756987254	OK	 
USER	Contribution API	END	1674756987258
USER	Contribution API	START	1674756987416
USER	Contribution API	END	1674756987764
REQUEST		/Contribution/getknolderContribution-Fetch all the other contributions by the user	1674756986916	1674756987768	OK	 
USER	Contribution API	START	1674756987915
USER	Contribution API	END	1674756988286
REQUEST		/Contribution/getknolderContribution-Fetch all the other contributions by the user	1674756987416	1674756988385	OK	 
REQUEST		/Contribution/getknolderContribution-Fetch all the other contributions by the user	1674756987916	1674756988753	OK	 
USER	Contribution API	END	1674756988755
USER	Contribution API	END	1674756989259
USER	Contribution API	END	1674756989869
USER	Contribution API	END	1674756990255
USER	Contribution API	END	1674756990769
USER	Contribution API	END	1674756991386
USER	Contribution API	END	1674756991754
