RUN	Simulations.Runner.Go1percent	go1percent	1675057082535	 	3.5.1
USER	Contribution API	START	1675057083574
USER	Contribution API	START	1675057083666
USER	Contribution API	START	1675057083766
USER	Contribution API	START	1675057083867
USER	Contribution API	START	1675057083967
USER	Contribution API	START	1675057084068
USER	Contribution API	START	1675057084168
USER	Contribution API	START	1675057084268
USER	Contribution API	START	1675057084368
USER	Contribution API	START	1675057084469
USER	Contribution API	START	1675057084569
REQUEST		/Contribution/getknolderContribution-Fetch all the other contributions by the user	1675057083597	1675057084560	OK	 
REQUEST		/Contribution/getknolderContribution-Fetch all the other contributions by the user	1675057083667	1675057084596	OK	 
USER	Contribution API	START	1675057084669
REQUEST		/Contribution/getknolderContribution-Fetch all the other contributions by the user	1675057083767	1675057084698	OK	 
USER	Contribution API	START	1675057084769
REQUEST		/Contribution/getknolderContribution-Fetch all the other contributions by the user	1675057083868	1675057084771	OK	 
USER	Contribution API	START	1675057084869
REQUEST		/Contribution/getknolderContribution-Fetch all the other contributions by the user	1675057083968	1675057084885	OK	 
USER	Contribution API	START	1675057084969
REQUEST		/Contribution/getknolderContribution-Fetch all the other contributions by the user	1675057084068	1675057085034	OK	 
USER	Contribution API	START	1675057085069
REQUEST		/Contribution/getknolderContribution-Fetch all the other contributions by the user	1675057084169	1675057085118	OK	 
REQUEST		/Contribution/getknolderContribution-Fetch all the other contributions by the user	1675057084269	1675057085167	OK	 
USER	Contribution API	START	1675057085169
USER	Contribution API	START	1675057085269
REQUEST		/Contribution/getknolderContribution-Fetch all the other contributions by the user	1675057084369	1675057085276	OK	 
USER	Contribution API	START	1675057085370
REQUEST		/Contribution/getknolderContribution-Fetch all the other contributions by the user	1675057084469	1675057085405	OK	 
REQUEST		/Contribution/getknolderContribution-Fetch all the other contributions by the user	1675057084569	1675057085466	OK	 
USER	Contribution API	START	1675057085470
USER	Contribution API	START	1675057085570
REQUEST		/Contribution/getknolderContribution-Fetch all the other contributions by the user	1675057084670	1675057085590	OK	 
USER	Contribution API	START	1675057085664
REQUEST		/Contribution/getknolderContribution-Fetch all the other contributions by the user	1675057084770	1675057085705	OK	 
USER	Contribution API	START	1675057085764
REQUEST		/Contribution/getknolderContribution-Fetch all the other contributions by the user	1675057084870	1675057085810	OK	 
USER	Contribution API	START	1675057085864
REQUEST		/Contribution/getknolderContribution-Fetch all the other contributions by the user	1675057084970	1675057085894	OK	 
REQUEST		/Contribution/getknolderContribution-Fetch all the other contributions by the user	1675057085070	1675057085964	OK	 
USER	Contribution API	START	1675057085964
USER	Contribution API	START	1675057086064
REQUEST		/Contribution/getknolderContribution-Fetch all the other contributions by the user	1675057085170	1675057086076	OK	 
REQUEST		/Contribution/getknolderContribution-Fetch all the other contributions by the user	1675057085270	1675057086158	OK	 
USER	Contribution API	START	1675057086164
REQUEST		/Contribution/getknolderContribution-Fetch all the other contributions by the user	1675057085370	1675057086260	OK	 
USER	Contribution API	START	1675057086264
USER	Contribution API	START	1675057086364
REQUEST		/Contribution/getknolderContribution-Fetch all the other contributions by the user	1675057085470	1675057086377	OK	 
USER	Contribution API	START	1675057086464
REQUEST		/Contribution/getknolderContribution-Fetch all the other contributions by the user	1675057085570	1675057086516	OK	 
USER	Contribution API	START	1675057086564
REQUEST		/Contribution/getknolderContribution-Fetch all the other contributions by the user	1675057085664	1675057086648	OK	 
USER	Contribution API	START	1675057086663
REQUEST		/Contribution/getknolderContribution-Fetch all the other contributions by the user	1675057085764	1675057086723	OK	 
USER	Contribution API	START	1675057086764
REQUEST		/Contribution/getknolderContribution-Fetch all the other contributions by the user	1675057085864	1675057086784	OK	 
USER	Contribution API	START	1675057086864
REQUEST		/Contribution/getknolderContribution-Fetch all the other contributions by the user	1675057085965	1675057086872	OK	 
USER	Contribution API	START	1675057086964
REQUEST		/Contribution/getknolderContribution-Fetch all the other contributions by the user	1675057086064	1675057086992	OK	 
REQUEST		/Contribution/getknolderContribution-Fetch all the other contributions by the user	1675057086165	1675057087053	OK	 
USER	Contribution API	START	1675057087064
USER	Contribution API	START	1675057087164
REQUEST		/Contribution/getknolderContribution-Fetch all the other contributions by the user	1675057086264	1675057087189	OK	 
REQUEST		/Contribution/getknolderContribution-Fetch all the other contributions by the user	1675057086365	1675057087257	OK	 
USER	Contribution API	START	1675057087264
USER	Contribution API	START	1675057087364
REQUEST		/Contribution/getknolderContribution-Fetch all the other contributions by the user	1675057086465	1675057087386	OK	 
USER	Contribution API	START	1675057087464
REQUEST		/Contribution/getknolderContribution-Fetch all the other contributions by the user	1675057086565	1675057087483	OK	 
USER	Contribution API	START	1675057087564
REQUEST		/Contribution/getknolderContribution-Fetch all the other contributions by the user	1675057086664	1675057087624	OK	 
USER	Contribution API	START	1675057087664
REQUEST		/Contribution/getknolderContribution-Fetch all the other contributions by the user	1675057086764	1675057087696	OK	 
USER	Contribution API	START	1675057087764
REQUEST		/Contribution/getknolderContribution-Fetch all the other contributions by the user	1675057086864	1675057087776	OK	 
REQUEST		/Contribution/getknolderContribution-Fetch all the other contributions by the user	1675057086964	1675057087849	OK	 
USER	Contribution API	START	1675057087864
USER	Contribution API	START	1675057087964
REQUEST		/Contribution/getknolderContribution-Fetch all the other contributions by the user	1675057087064	1675057087968	OK	 
USER	Contribution API	START	1675057088065
USER	Contribution API	START	1675057088165
REQUEST		/Contribution/getknolderContribution-Fetch all the other contributions by the user	1675057087164	1675057088242	OK	 
USER	Contribution API	START	1675057088265
REQUEST		/Contribution/getknolderContribution-Fetch all the other contributions by the user	1675057087265	1675057088294	OK	 
USER	Contribution API	START	1675057088365
REQUEST		/Contribution/getknolderContribution-Fetch all the other contributions by the user	1675057087365	1675057088390	OK	 
REQUEST		/Contribution/getknolderContribution-Fetch all the other contributions by the user	1675057087465	1675057088409	OK	 
USER	Contribution API	START	1675057088465
USER	Contribution API	START	1675057088565
REQUEST		/Contribution/getknolderContribution-Fetch all the other contributions by the user	1675057087565	1675057088634	OK	 
USER	Contribution API	START	1675057088663
USER	Contribution API	START	1675057088763
REQUEST		/Contribution/getknolderContribution-Fetch all the other contributions by the user	1675057087664	1675057088812	OK	 
USER	Contribution API	START	1675057088863
USER	Contribution API	START	1675057088964
USER	Contribution API	START	1675057089064
USER	Contribution API	START	1675057089164
USER	Contribution API	START	1675057089264
USER	Contribution API	START	1675057089364
USER	Contribution API	START	1675057089464
USER	Contribution API	START	1675057089564
USER	Contribution API	START	1675057089663
USER	Contribution API	START	1675057089764
REQUEST		/Contribution/getknolderContribution-Fetch all the other contributions by the user	1675057088165	1675057089820	OK	 
USER	Contribution API	START	1675057089864
USER	Contribution API	START	1675057089964
USER	Contribution API	START	1675057090064
USER	Contribution API	START	1675057090164
USER	Contribution API	START	1675057090264
REQUEST		/Contribution/getknolderContribution-Fetch all the other contributions by the user	1675057088265	1675057090345	OK	 
USER	Contribution API	START	1675057090364
USER	Contribution API	START	1675057090464
REQUEST		/Contribution/getknolderContribution-Fetch all the other contributions by the user	1675057089164	1675057090479	OK	 
REQUEST		/Contribution/getknolderContribution-Fetch all the other contributions by the user	1675057088864	1675057090491	OK	 
USER	Contribution API	START	1675057090565
USER	Contribution API	START	1675057090663
USER	Contribution API	START	1675057090764
USER	Contribution API	START	1675057090864
USER	Contribution API	START	1675057090964
USER	Contribution API	START	1675057091064
USER	Contribution API	START	1675057091164
USER	Contribution API	START	1675057091264
USER	Contribution API	START	1675057091364
USER	Contribution API	START	1675057091464
USER	Contribution API	START	1675057091564
USER	Contribution API	START	1675057091664
USER	Contribution API	START	1675057091764
USER	Contribution API	START	1675057091864
USER	Contribution API	START	1675057091964
USER	Contribution API	START	1675057092064
USER	Contribution API	START	1675057092164
USER	Contribution API	START	1675057092264
REQUEST		/Contribution/getknolderContribution-Fetch all the other contributions by the user	1675057089264	1675057092327	OK	 
USER	Contribution API	START	1675057092364
USER	Contribution API	START	1675057092464
USER	Contribution API	START	1675057092564
USER	Contribution API	START	1675057092663
REQUEST		/Contribution/getknolderContribution-Fetch all the other contributions by the user	1675057087764	1675057092703	OK	 
REQUEST		/Contribution/getknolderContribution-Fetch all the other contributions by the user	1675057088065	1675057092706	OK	 
REQUEST		/Contribution/getknolderContribution-Fetch all the other contributions by the user	1675057089364	1675057092749	OK	 
USER	Contribution API	START	1675057092763
REQUEST		/Contribution/getknolderContribution-Fetch all the other contributions by the user	1675057088566	1675057092776	OK	 
REQUEST		/Contribution/getknolderContribution-Fetch all the other contributions by the user	1675057088466	1675057092776	OK	 
REQUEST		/Contribution/getknolderContribution-Fetch all the other contributions by the user	1675057089064	1675057092780	OK	 
REQUEST		/Contribution/getknolderContribution-Fetch all the other contributions by the user	1675057087865	1675057092783	OK	 
REQUEST		/Contribution/getknolderContribution-Fetch all the other contributions by the user	1675057087965	1675057092785	OK	 
REQUEST		/Contribution/getknolderContribution-Fetch all the other contributions by the user	1675057088964	1675057092788	OK	 
REQUEST		/Contribution/getknolderContribution-Fetch all the other contributions by the user	1675057088764	1675057092788	OK	 
REQUEST		/Contribution/getknolderContribution-Fetch all the other contributions by the user	1675057091465	1675057092817	OK	 
REQUEST		/Contribution/getknolderContribution-Fetch all the other contributions by the user	1675057089564	1675057092825	OK	 
REQUEST		/Contribution/getknolderContribution-Fetch all the other contributions by the user	1675057088664	1675057092862	OK	 
USER	Contribution API	START	1675057092863
REQUEST		/Contribution/getknolderContribution-Fetch all the other contributions by the user	1675057089464	1675057092877	OK	 
REQUEST		/contribution/getApprovedContributionsForAll?pageNumber=1&limit=10000-Fetch other contributions are there which are approved	1675057087598	1675057092943	OK	 
USER	Contribution API	START	1675057092963
REQUEST		/Contribution/getknolderContribution-Fetch all the other contributions by the user	1675057091864	1675057092996	OK	 
REQUEST		/Contribution/getknolderContribution-Fetch all the other contributions by the user	1675057089664	1675057093009	OK	 
USER	Contribution API	START	1675057093063
USER	Contribution API	START	1675057093163
REQUEST		/Contribution/getknolderContribution-Fetch all the other contributions by the user	1675057089964	1675057093246	OK	 
USER	Contribution API	START	1675057093263
USER	Contribution API	START	1675057093364
USER	Contribution API	START	1675057093465
REQUEST		/contribution/getApprovedContributionsForAll?pageNumber=1&limit=10000-Fetch other contributions are there which are approved	1675057087699	1675057093604	OK	 
REQUEST		/contribution/getApprovedContributionsForAll?pageNumber=1&limit=10000-Fetch other contributions are there which are approved	1675057087575	1675057093672	OK	 
REQUEST		/Contribution/getknolderContribution-Fetch all the other contributions by the user	1675057089864	1675057093754	OK	 
REQUEST		/Contribution/getknolderContribution-Fetch all the other contributions by the user	1675057092064	1675057093757	OK	 
REQUEST		/Contribution/getknolderContribution-Fetch all the other contributions by the user	1675057092964	1675057094350	OK	 
REQUEST		/Contribution/getknolderContribution-Fetch all the other contributions by the user	1675057093064	1675057094362	OK	 
REQUEST		/Contribution/getknolderContribution-Fetch all the other contributions by the user	1675057090465	1675057094443	OK	 
REQUEST		/Contribution/getknolderContribution-Fetch all the other contributions by the user	1675057088366	1675057094460	OK	 
REQUEST		/Contribution/getknolderContribution-Fetch all the other contributions by the user	1675057090565	1675057094526	OK	 
REQUEST		/Contribution/getknolderContribution-Fetch all the other contributions by the user	1675057092264	1675057095184	OK	 
REQUEST		/Contribution/getknolderContribution-Fetch all the other contributions by the user	1675057092164	1675057095188	OK	 
REQUEST		/contribution/getApprovedContributionsForAll?pageNumber=1&limit=10000-Fetch other contributions are there which are approved	1675057088035	1675057095189	OK	 
REQUEST		/Contribution/getknolderContribution-Fetch all the other contributions by the user	1675057091964	1675057095189	OK	 
REQUEST		/Contribution/getknolderContribution-Fetch all the other contributions by the user	1675057090164	1675057095192	OK	 
REQUEST		/Contribution/getknolderContribution-Fetch all the other contributions by the user	1675057090664	1675057095192	OK	 
REQUEST		/Contribution/getknolderContribution-Fetch all the other contributions by the user	1675057093465	1675057095192	OK	 
REQUEST		/Contribution/getknolderContribution-Fetch all the other contributions by the user	1675057090264	1675057095195	OK	 
REQUEST		/Contribution/getknolderContribution-Fetch all the other contributions by the user	1675057090064	1675057095195	OK	 
REQUEST		/Contribution/getknolderContribution-Fetch all the other contributions by the user	1675057092564	1675057095195	OK	 
REQUEST		/Contribution/getknolderContribution-Fetch all the other contributions by the user	1675057093364	1675057095198	OK	 
REQUEST		/Contribution/getknolderContribution-Fetch all the other contributions by the user	1675057092364	1675057095198	OK	 
REQUEST		/Contribution/getknolderContribution-Fetch all the other contributions by the user	1675057090365	1675057095205	OK	 
REQUEST		/Contribution/getknolderContribution-Fetch all the other contributions by the user	1675057092464	1675057095205	OK	 
REQUEST		/Contribution/getknolderContribution-Fetch all the other contributions by the user	1675057091064	1675057095596	OK	 
REQUEST		/Contribution/getknolderContribution-Fetch all the other contributions by the user	1675057089764	1675057095676	OK	 
REQUEST		/Contribution/getknolderContribution-Fetch all the other contributions by the user	1675057092664	1675057096169	OK	 
REQUEST		/Contribution/getknolderContribution-Fetch all the other contributions by the user	1675057092764	1675057097302	OK	 
REQUEST		/contribution/getApprovedContributionsForAll?pageNumber=1&limit=10000-Fetch other contributions are there which are approved	1675057088277	1675057097586	OK	 
REQUEST		/contribution/getApprovedContributionsForAll?pageNumber=1&limit=10000-Fetch other contributions are there which are approved	1675057088467	1675057098076	OK	 
REQUEST		/contribution/getApprovedContributionsForAll?pageNumber=1&limit=10000-Fetch other contributions are there which are approved	1675057088965	1675057099274	OK	 
REQUEST		/contribution/allContribution?pageNumber=1&limit=10000-Fetch all the other contributions which are available there for approval	1675057096674	1675057099771	OK	 
REQUEST		/contribution/getApprovedContributionsForAll?pageNumber=1&limit=10000-Fetch other contributions are there which are approved	1675057088406	1675057100508	OK	 
REQUEST		/contribution/getApprovedContributionsForAll?pageNumber=1&limit=10000-Fetch other contributions are there which are approved	1675057089160	1675057100767	OK	 
REQUEST		/contribution/getApprovedContributionsForAll?pageNumber=1&limit=10000-Fetch other contributions are there which are approved	1675057089378	1675057101512	OK	 
REQUEST		/contribution/getApprovedContributionsForAll?pageNumber=1&limit=10000-Fetch other contributions are there which are approved	1675057088591	1675057101545	OK	 
REQUEST		/contribution/getApprovedContributionsForAll?pageNumber=1&limit=10000-Fetch other contributions are there which are approved	1675057092821	1675057101930	OK	 
REQUEST		/contribution/getApprovedContributionsForAll?pageNumber=1&limit=10000-Fetch other contributions are there which are approved	1675057089517	1675057101943	OK	 
REQUEST		/contribution/getApprovedContributionsForAll?pageNumber=1&limit=10000-Fetch other contributions are there which are approved	1675057096010	1675057102396	OK	 
REQUEST		/contribution/getApprovedContributionsForAll?pageNumber=1&limit=10000-Fetch other contributions are there which are approved	1675057087772	1675057102595	OK	 
USER	Contribution API	END	1675057102775
REQUEST		/contribution/getApprovedContributionsForAll?pageNumber=1&limit=10000-Fetch other contributions are there which are approved	1675057089724	1675057103473	OK	 
REQUEST		/contribution/getApprovedContributionsForAll?pageNumber=1&limit=10000-Fetch other contributions are there which are approved	1675057089649	1675057103495	OK	 
REQUEST		/contribution/getApprovedContributionsForAll?pageNumber=1&limit=10000-Fetch other contributions are there which are approved	1675057089785	1675057103779	OK	 
REQUEST		/Contribution/getknolderContribution-Fetch all the other contributions by the user	1675057093164	1675057103945	OK	 
REQUEST		/Contribution/getknolderContribution-Fetch all the other contributions by the user	1675057090864	1675057103976	OK	 
REQUEST		/Contribution/getknolderContribution-Fetch all the other contributions by the user	1675057091565	1675057103984	OK	 
REQUEST		/Contribution/getknolderContribution-Fetch all the other contributions by the user	1675057091664	1675057103989	OK	 
REQUEST		/contribution/getApprovedContributionsForAll?pageNumber=1&limit=10000-Fetch other contributions are there which are approved	1675057088168	1675057103996	OK	 
REQUEST		/contribution/allContribution?pageNumber=1&limit=10000-Fetch all the other contributions which are available there for approval	1675057098190	1675057104083	OK	 
REQUEST		/Contribution/getknolderContribution-Fetch all the other contributions by the user	1675057091165	1675057104391	OK	 
REQUEST		/Contribution/getknolderContribution-Fetch all the other contributions by the user	1675057090764	1675057104402	OK	 
REQUEST		/Contribution/getknolderContribution-Fetch all the other contributions by the user	1675057090964	1675057104404	OK	 
REQUEST		/Contribution/getknolderContribution-Fetch all the other contributions by the user	1675057092863	1675057104404	OK	 
REQUEST		/Contribution/getknolderContribution-Fetch all the other contributions by the user	1675057093264	1675057104412	OK	 
REQUEST		/Contribution/getknolderContribution-Fetch all the other contributions by the user	1675057091364	1675057104422	OK	 
REQUEST		/Contribution/getknolderContribution-Fetch all the other contributions by the user	1675057091764	1675057104422	OK	 
REQUEST		/contribution/getApprovedContributionsForAll?pageNumber=1&limit=10000-Fetch other contributions are there which are approved	1675057087886	1675057105316	OK	 
REQUEST		/contribution/getApprovedContributionsForAll?pageNumber=1&limit=10000-Fetch other contributions are there which are approved	1675057090625	1675057106105	OK	 
REQUEST		/Contribution/getknolderContribution-Fetch all the other contributions by the user	1675057091264	1675057106943	OK	 
USER	Contribution API	END	1675057107084
REQUEST		/contribution/allContribution?pageNumber=1&limit=10000-Fetch all the other contributions which are available there for approval	1675057104931	1675057107427	OK	 
REQUEST		/contribution/getApprovedContributionsForAll?pageNumber=1&limit=10000-Fetch other contributions are there which are approved	1675057088119	1675057107904	OK	 
REQUEST		/contribution/allContribution?pageNumber=1&limit=10000-Fetch all the other contributions which are available there for approval	1675057096605	1675057108167	OK	 
REQUEST		/contribution/getApprovedContributionsForAll?pageNumber=1&limit=10000-Fetch other contributions are there which are approved	1675057090190	1675057108665	OK	 
REQUEST		/contribution/getApprovedContributionsForAll?pageNumber=1&limit=10000-Fetch other contributions are there which are approved	1675057090697	1675057109262	OK	 
REQUEST		/contribution/allContribution?pageNumber=1&limit=10000-Fetch all the other contributions which are available there for approval	1675057101077	1675057109923	OK	 
USER	Contribution API	END	1675057110428
REQUEST		/contribution/allContribution?pageNumber=1&limit=10000-Fetch all the other contributions which are available there for approval	1675057106780	1675057111034	OK	 
REQUEST		/contribution/getApprovedContributionsForAll?pageNumber=1&limit=10000-Fetch other contributions are there which are approved	1675057089261	1675057111062	OK	 
USER	Contribution API	END	1675057111168
REQUEST		/contribution/allContribution?pageNumber=1&limit=10000-Fetch all the other contributions which are available there for approval	1675057106997	1675057111342	OK	 
REQUEST		/contribution/allContribution?pageNumber=1&limit=10000-Fetch all the other contributions which are available there for approval	1675057102275	1675057112269	OK	 
REQUEST		/contribution/getApprovedContributionsForAll?pageNumber=1&limit=10000-Fetch other contributions are there which are approved	1675057090258	1675057112616	OK	 
REQUEST		/contribution/allContribution?pageNumber=1&limit=10000-Fetch all the other contributions which are available there for approval	1675057106474	1675057112885	OK	 
USER	Contribution API	END	1675057112925
REQUEST		/contribution/allContribution?pageNumber=1&limit=10000-Fetch all the other contributions which are available there for approval	1675057104513	1675057112978	OK	 
REQUEST		/contribution/allContribution?pageNumber=1&limit=10000-Fetch all the other contributions which are available there for approval	1675057100587	1675057113322	OK	 
REQUEST		/contribution/allContribution?pageNumber=1&limit=10000-Fetch all the other contributions which are available there for approval	1675057105396	1675057113347	OK	 
REQUEST		/contribution/allContribution?pageNumber=1&limit=10000-Fetch all the other contributions which are available there for approval	1675057104545	1675057113717	OK	 
REQUEST		/contribution/allContribution?pageNumber=1&limit=10000-Fetch all the other contributions which are available there for approval	1675057111665	1675057113815	OK	 
USER	Contribution API	END	1675057114036
REQUEST		/contribution/allContribution?pageNumber=1&limit=10000-Fetch all the other contributions which are available there for approval	1675057110905	1675057114145	OK	 
REQUEST		/contribution/getApprovedContributionsForAll?pageNumber=1&limit=10000-Fetch other contributions are there which are approved	1675057093346	1675057114156	OK	 
REQUEST		/contribution/getApprovedContributionsForAll?pageNumber=1&limit=10000-Fetch other contributions are there which are approved	1675057095777	1675057114220	OK	 
REQUEST		/contribution/allContribution?pageNumber=1&limit=10000-Fetch all the other contributions which are available there for approval	1675057095944	1675057114311	OK	 
USER	Contribution API	END	1675057114343
REQUEST		/contribution/allContribution?pageNumber=1&limit=10000-Fetch all the other contributions which are available there for approval	1675057105596	1675057114631	OK	 
REQUEST		/contribution/allContribution?pageNumber=1&limit=10000-Fetch all the other contributions which are available there for approval	1675057103768	1675057114785	OK	 
REQUEST		/contribution/allContribution?pageNumber=1&limit=10000-Fetch all the other contributions which are available there for approval	1675057103509	1675057115114	OK	 
USER	Contribution API	END	1675057115270
REQUEST		/contribution/allContribution?pageNumber=1&limit=10000-Fetch all the other contributions which are available there for approval	1675057109106	1675057115279	OK	 
USER	Contribution API	END	1675057115887
USER	Contribution API	END	1675057115979
USER	Contribution API	END	1675057116322
USER	Contribution API	END	1675057116348
USER	Contribution API	END	1675057116718
USER	Contribution API	END	1675057116815
REQUEST		/contribution/allContribution?pageNumber=1&limit=10000-Fetch all the other contributions which are available there for approval	1675057104943	1675057116952	OK	 
REQUEST		/contribution/getApprovedContributionsForAll?pageNumber=1&limit=10000-Fetch other contributions are there which are approved	1675057107403	1675057117111	OK	 
USER	Contribution API	END	1675057117146
USER	Contribution API	END	1675057117312
USER	Contribution API	END	1675057117632
USER	Contribution API	END	1675057117786
USER	Contribution API	END	1675057118114
REQUEST		/contribution/getApprovedContributionsForAll?pageNumber=1&limit=10000-Fetch other contributions are there which are approved	1675057089077	1675057118218	OK	 
USER	Contribution API	END	1675057118280
REQUEST		/contribution/getApprovedContributionsForAll?pageNumber=1&limit=10000-Fetch other contributions are there which are approved	1675057098193	1675057118309	OK	 
REQUEST		/contribution/getApprovedContributionsForAll?pageNumber=1&limit=10000-Fetch other contributions are there which are approved	1675057089873	1675057118639	OK	 
REQUEST		/contribution/allContribution?pageNumber=1&limit=10000-Fetch all the other contributions which are available there for approval	1675057106496	1675057118657	OK	 
REQUEST		/contribution/getApprovedContributionsForAll?pageNumber=1&limit=10000-Fetch other contributions are there which are approved	1675057093492	1675057119347	OK	 
REQUEST		/contribution/allContribution?pageNumber=1&limit=10000-Fetch all the other contributions which are available there for approval	1675057114063	1675057119410	OK	 
REQUEST		/contribution/getApprovedContributionsForAll?pageNumber=1&limit=10000-Fetch other contributions are there which are approved	1675057098199	1675057119451	OK	 
REQUEST		/contribution/getApprovedContributionsForAll?pageNumber=1&limit=10000-Fetch other contributions are there which are approved	1675057093480	1675057119656	OK	 
REQUEST		/contribution/getApprovedContributionsForAll?pageNumber=1&limit=10000-Fetch other contributions are there which are approved	1675057098195	1675057119698	OK	 
REQUEST		/contribution/getApprovedContributionsForAll?pageNumber=1&limit=10000-Fetch other contributions are there which are approved	1675057095878	1675057119942	OK	 
USER	Contribution API	END	1675057119953
REQUEST		/contribution/getApprovedContributionsForAll?pageNumber=1&limit=10000-Fetch other contributions are there which are approved	1675057088706	1675057120040	OK	 
REQUEST		/contribution/getApprovedContributionsForAll?pageNumber=1&limit=10000-Fetch other contributions are there which are approved	1675057098199	1675057120170	OK	 
REQUEST		/contribution/getApprovedContributionsForAll?pageNumber=1&limit=10000-Fetch other contributions are there which are approved	1675057096757	1675057120207	OK	 
REQUEST		/contribution/getApprovedContributionsForAll?pageNumber=1&limit=10000-Fetch other contributions are there which are approved	1675057090387	1675057120304	OK	 
REQUEST		/contribution/getApprovedContributionsForAll?pageNumber=1&limit=10000-Fetch other contributions are there which are approved	1675057097461	1675057120343	OK	 
REQUEST		/contribution/getApprovedContributionsForAll?pageNumber=1&limit=10000-Fetch other contributions are there which are approved	1675057090969	1675057120562	OK	 
REQUEST		/contribution/getApprovedContributionsForAll?pageNumber=1&limit=10000-Fetch other contributions are there which are approved	1675057097527	1675057120640	OK	 
REQUEST		/contribution/getApprovedContributionsForAll?pageNumber=1&limit=10000-Fetch other contributions are there which are approved	1675057091410	1675057120880	OK	 
REQUEST		/contribution/getApprovedContributionsForAll?pageNumber=1&limit=10000-Fetch other contributions are there which are approved	1675057098205	1675057121492	OK	 
USER	Contribution API	END	1675057121659
REQUEST		/contribution/getApprovedContributionsForAll?pageNumber=1&limit=10000-Fetch other contributions are there which are approved	1675057097351	1675057121773	OK	 
REQUEST		/contribution/allContribution?pageNumber=1&limit=10000-Fetch all the other contributions which are available there for approval	1675057120112	1675057122221	OK	 
REQUEST		/contribution/getApprovedContributionsForAll?pageNumber=1&limit=10000-Fetch other contributions are there which are approved	1675057091635	1675057122323	OK	 
USER	Contribution API	END	1675057122411
REQUEST		/contribution/getApprovedContributionsForAll?pageNumber=1&limit=10000-Fetch other contributions are there which are approved	1675057095789	1675057123045	OK	 
REQUEST		/contribution/getApprovedContributionsForAll?pageNumber=1&limit=10000-Fetch other contributions are there which are approved	1675057091243	1675057123069	OK	 
REQUEST		/contribution/getApprovedContributionsForAll?pageNumber=1&limit=10000-Fetch other contributions are there which are approved	1675057090053	1675057123115	OK	 
REQUEST		/contribution/allContribution?pageNumber=1&limit=10000-Fetch all the other contributions which are available there for approval	1675057108317	1675057123229	OK	 
REQUEST		/contribution/allContribution?pageNumber=1&limit=10000-Fetch all the other contributions which are available there for approval	1675057117157	1675057123879	OK	 
REQUEST		/contribution/getApprovedContributionsForAll?pageNumber=1&limit=10000-Fetch other contributions are there which are approved	1675057088895	1675057123941	OK	 
REQUEST		/contribution/getApprovedContributionsForAll?pageNumber=1&limit=10000-Fetch other contributions are there which are approved	1675057088811	1675057123972	OK	 
REQUEST		/contribution/getApprovedContributionsForAll?pageNumber=1&limit=10000-Fetch other contributions are there which are approved	1675057095707	1675057124531	OK	 
REQUEST		/contribution/allContribution?pageNumber=1&limit=10000-Fetch all the other contributions which are available there for approval	1675057121310	1675057124534	OK	 
REQUEST		/contribution/getApprovedContributionsForAll?pageNumber=1&limit=10000-Fetch other contributions are there which are approved	1675057106984	1675057125184	OK	 
USER	Contribution API	END	1675057125222
REQUEST		/contribution/allContribution?pageNumber=1&limit=10000-Fetch all the other contributions which are available there for approval	1675057121639	1675057125366	OK	 
REQUEST		/contribution/allContribution?pageNumber=1&limit=10000-Fetch all the other contributions which are available there for approval	1675057122348	1675057125470	OK	 
REQUEST		/contribution/getApprovedContributionsForAll?pageNumber=1&limit=10000-Fetch other contributions are there which are approved	1675057098193	1675057125568	OK	 
REQUEST		/contribution/allContribution?pageNumber=1&limit=10000-Fetch all the other contributions which are available there for approval	1675057123207	1675057125838	OK	 
REQUEST		/contribution/allContribution?pageNumber=1&limit=10000-Fetch all the other contributions which are available there for approval	1675057123344	1675057125942	OK	 
REQUEST		/contribution/allContribution?pageNumber=1&limit=10000-Fetch all the other contributions which are available there for approval	1675057123305	1675057126071	OK	 
USER	Contribution API	END	1675057126230
REQUEST		/contribution/allContribution?pageNumber=1&limit=10000-Fetch all the other contributions which are available there for approval	1675057123171	1675057126279	OK	 
REQUEST		/contribution/allContribution?pageNumber=1&limit=10000-Fetch all the other contributions which are available there for approval	1675057122452	1675057126341	OK	 
REQUEST		/contribution/allContribution?pageNumber=1&limit=10000-Fetch all the other contributions which are available there for approval	1675057115617	1675057126392	OK	 
REQUEST		/contribution/allContribution?pageNumber=1&limit=10000-Fetch all the other contributions which are available there for approval	1675057112263	1675057126486	OK	 
REQUEST		/contribution/allContribution?pageNumber=1&limit=10000-Fetch all the other contributions which are available there for approval	1675057122699	1675057126519	OK	 
REQUEST		/contribution/allContribution?pageNumber=1&limit=10000-Fetch all the other contributions which are available there for approval	1675057124492	1675057126529	OK	 
REQUEST		/contribution/getApprovedContributionsForAll?pageNumber=1&limit=10000-Fetch other contributions are there which are approved	1675057095750	1675057126607	OK	 
REQUEST		/contribution/getApprovedContributionsForAll?pageNumber=1&limit=10000-Fetch other contributions are there which are approved	1675057097444	1675057126714	OK	 
REQUEST		/contribution/allContribution?pageNumber=1&limit=10000-Fetch all the other contributions which are available there for approval	1675057123563	1675057126815	OK	 
USER	Contribution API	END	1675057126880
REQUEST		/contribution/getApprovedContributionsForAll?pageNumber=1&limit=10000-Fetch other contributions are there which are approved	1675057095783	1675057127093	OK	 
REQUEST		/contribution/allContribution?pageNumber=1&limit=10000-Fetch all the other contributions which are available there for approval	1675057122656	1675057127194	OK	 
REQUEST		/contribution/getApprovedContributionsForAll?pageNumber=1&limit=10000-Fetch other contributions are there which are approved	1675057095997	1675057127283	OK	 
REQUEST		/contribution/getApprovedContributionsForAll?pageNumber=1&limit=10000-Fetch other contributions are there which are approved	1675057090484	1675057127320	OK	 
REQUEST		/contribution/getApprovedContributionsForAll?pageNumber=1&limit=10000-Fetch other contributions are there which are approved	1675057098189	1675057127357	OK	 
REQUEST		/contribution/getApprovedContributionsForAll?pageNumber=1&limit=10000-Fetch other contributions are there which are approved	1675057096247	1675057127530	OK	 
USER	Contribution API	END	1675057127535
REQUEST		/contribution/getApprovedContributionsForAll?pageNumber=1&limit=10000-Fetch other contributions are there which are approved	1675057107423	1675057127668	OK	 
REQUEST		/contribution/getApprovedContributionsForAll?pageNumber=1&limit=10000-Fetch other contributions are there which are approved	1675057090850	1675057127853	OK	 
REQUEST		/contribution/allContribution?pageNumber=1&limit=10000-Fetch all the other contributions which are available there for approval	1675057126070	1675057127939	OK	 
REQUEST		/contribution/allContribution?pageNumber=1&limit=10000-Fetch all the other contributions which are available there for approval	1675057126115	1675057128010	OK	 
REQUEST		/contribution/allContribution?pageNumber=1&limit=10000-Fetch all the other contributions which are available there for approval	1675057126046	1675057128015	OK	 
REQUEST		/contribution/allContribution?pageNumber=1&limit=10000-Fetch all the other contributions which are available there for approval	1675057122943	1675057128027	OK	 
REQUEST		/contribution/allContribution?pageNumber=1&limit=10000-Fetch all the other contributions which are available there for approval	1675057123880	1675057128319	OK	 
USER	Contribution API	END	1675057128367
USER	Contribution API	END	1675057128471
REQUEST		/contribution/allContribution?pageNumber=1&limit=10000-Fetch all the other contributions which are available there for approval	1675057125324	1675057128539	OK	 
REQUEST		/contribution/allContribution?pageNumber=1&limit=10000-Fetch all the other contributions which are available there for approval	1675057123041	1675057128546	OK	 
USER	Contribution API	END	1675057128839
REQUEST		/contribution/allContribution?pageNumber=1&limit=10000-Fetch all the other contributions which are available there for approval	1675057121218	1675057128909	OK	 
USER	Contribution API	END	1675057128943
REQUEST		/contribution/getApprovedContributionsForAll?pageNumber=1&limit=10000-Fetch other contributions are there which are approved	1675057106946	1675057128948	OK	 
USER	Contribution API	END	1675057129071
USER	Contribution API	END	1675057129280
USER	Contribution API	END	1675057129342
USER	Contribution API	END	1675057129393
USER	Contribution API	END	1675057129487
USER	Contribution API	END	1675057129520
USER	Contribution API	END	1675057129530
REQUEST		/contribution/getApprovedContributionsForAll?pageNumber=1&limit=10000-Fetch other contributions are there which are approved	1675057109944	1675057129634	OK	 
REQUEST		/contribution/getApprovedContributionsForAll?pageNumber=1&limit=10000-Fetch other contributions are there which are approved	1675057098195	1675057129785	OK	 
USER	Contribution API	END	1675057129816
REQUEST		/contribution/getApprovedContributionsForAll?pageNumber=1&limit=10000-Fetch other contributions are there which are approved	1675057090777	1675057129855	OK	 
REQUEST		/contribution/getApprovedContributionsForAll?pageNumber=1&limit=10000-Fetch other contributions are there which are approved	1675057107413	1675057129935	OK	 
USER	Contribution API	END	1675057130195
REQUEST		/contribution/getApprovedContributionsForAll?pageNumber=1&limit=10000-Fetch other contributions are there which are approved	1675057107405	1675057130799	OK	 
REQUEST		/contribution/getApprovedContributionsForAll?pageNumber=1&limit=10000-Fetch other contributions are there which are approved	1675057098190	1675057130807	OK	 
REQUEST		/contribution/allContribution?pageNumber=1&limit=10000-Fetch all the other contributions which are available there for approval	1675057123641	1675057130860	OK	 
REQUEST		/contribution/allContribution?pageNumber=1&limit=10000-Fetch all the other contributions which are available there for approval	1675057127531	1675057130884	OK	 
USER	Contribution API	END	1675057130940
USER	Contribution API	END	1675057131011
USER	Contribution API	END	1675057131016
USER	Contribution API	END	1675057131028
REQUEST		/contribution/allContribution?pageNumber=1&limit=10000-Fetch all the other contributions which are available there for approval	1675057128185	1675057131163	OK	 
REQUEST		/contribution/getApprovedContributionsForAll?pageNumber=1&limit=10000-Fetch other contributions are there which are approved	1675057098597	1675057131298	OK	 
USER	Contribution API	END	1675057131320
REQUEST		/contribution/getApprovedContributionsForAll?pageNumber=1&limit=10000-Fetch other contributions are there which are approved	1675057096754	1675057131466	OK	 
REQUEST		/contribution/getApprovedContributionsForAll?pageNumber=1&limit=10000-Fetch other contributions are there which are approved	1675057095328	1675057131493	OK	 
REQUEST		/contribution/allContribution?pageNumber=1&limit=10000-Fetch all the other contributions which are available there for approval	1675057129608	1675057131524	OK	 
USER	Contribution API	END	1675057131540
USER	Contribution API	END	1675057131547
REQUEST		/contribution/allContribution?pageNumber=1&limit=10000-Fetch all the other contributions which are available there for approval	1675057126973	1675057131756	OK	 
USER	Contribution API	END	1675057131910
REQUEST		/contribution/getApprovedContributionsForAll?pageNumber=1&limit=10000-Fetch other contributions are there which are approved	1675057095703	1675057132357	OK	 
REQUEST		/contribution/getApprovedContributionsForAll?pageNumber=1&limit=10000-Fetch other contributions are there which are approved	1675057089993	1675057132410	OK	 
REQUEST		/contribution/allContribution?pageNumber=1&limit=10000-Fetch all the other contributions which are available there for approval	1675057129715	1675057132455	OK	 
REQUEST		/contribution/allContribution?pageNumber=1&limit=10000-Fetch all the other contributions which are available there for approval	1675057130530	1675057132779	OK	 
REQUEST		/contribution/getApprovedContributionsForAll?pageNumber=1&limit=10000-Fetch other contributions are there which are approved	1675057095777	1675057132864	OK	 
REQUEST		/contribution/getApprovedContributionsForAll?pageNumber=1&limit=10000-Fetch other contributions are there which are approved	1675057107405	1675057132903	OK	 
REQUEST		/contribution/allContribution?pageNumber=1&limit=10000-Fetch all the other contributions which are available there for approval	1675057126942	1675057133428	OK	 
REQUEST		/contribution/allContribution?pageNumber=1&limit=10000-Fetch all the other contributions which are available there for approval	1675057130093	1675057133676	OK	 
USER	Contribution API	END	1675057133861
USER	Contribution API	END	1675057133884
REQUEST		/contribution/allContribution?pageNumber=1&limit=10000-Fetch all the other contributions which are available there for approval	1675057130854	1675057133930	OK	 
REQUEST		/contribution/getApprovedContributionsForAll?pageNumber=1&limit=10000-Fetch other contributions are there which are approved	1675057098195	1675057134090	OK	 
USER	Contribution API	END	1675057134164
REQUEST		/contribution/allContribution?pageNumber=1&limit=10000-Fetch all the other contributions which are available there for approval	1675057130283	1675057134254	OK	 
REQUEST		/contribution/allContribution?pageNumber=1&limit=10000-Fetch all the other contributions which are available there for approval	1675057117221	1675057134492	OK	 
USER	Contribution API	END	1675057134524
REQUEST		/contribution/allContribution?pageNumber=1&limit=10000-Fetch all the other contributions which are available there for approval	1675057131949	1675057134659	OK	 
REQUEST		/contribution/getApprovedContributionsForAll?pageNumber=1&limit=10000-Fetch other contributions are there which are approved	1675057107392	1675057134699	OK	 
REQUEST		/contribution/getApprovedContributionsForAll?pageNumber=1&limit=10000-Fetch other contributions are there which are approved	1675057106977	1675057134703	OK	 
USER	Contribution API	END	1675057134757
REQUEST		/contribution/getApprovedContributionsForAll?pageNumber=1&limit=10000-Fetch other contributions are there which are approved	1675057091295	1675057134919	OK	 
REQUEST		/contribution/getApprovedContributionsForAll?pageNumber=1&limit=10000-Fetch other contributions are there which are approved	1675057107423	1675057134949	OK	 
REQUEST		/contribution/allContribution?pageNumber=1&limit=10000-Fetch all the other contributions which are available there for approval	1675057130669	1675057135245	OK	 
USER	Contribution API	END	1675057135456
REQUEST		/contribution/allContribution?pageNumber=1&limit=10000-Fetch all the other contributions which are available there for approval	1675057132635	1675057135501	OK	 
REQUEST		/contribution/getApprovedContributionsForAll?pageNumber=1&limit=10000-Fetch other contributions are there which are approved	1675057100303	1675057135548	OK	 
REQUEST		/contribution/allContribution?pageNumber=1&limit=10000-Fetch all the other contributions which are available there for approval	1675057133800	1675057135766	OK	 
USER	Contribution API	END	1675057135780
REQUEST		/contribution/getApprovedContributionsForAll?pageNumber=1&limit=10000-Fetch other contributions are there which are approved	1675057098677	1675057136135	OK	 
REQUEST		/contribution/getApprovedContributionsForAll?pageNumber=1&limit=10000-Fetch other contributions are there which are approved	1675057091813	1675057136295	OK	 
REQUEST		/contribution/getApprovedContributionsForAll?pageNumber=1&limit=10000-Fetch other contributions are there which are approved	1675057098186	1675057136329	OK	 
REQUEST		/contribution/allContribution?pageNumber=1&limit=10000-Fetch all the other contributions which are available there for approval	1675057133808	1675057136336	OK	 
REQUEST		/contribution/allContribution?pageNumber=1&limit=10000-Fetch all the other contributions which are available there for approval	1675057130358	1675057136354	OK	 
USER	Contribution API	END	1675057136429
USER	Contribution API	END	1675057136677
REQUEST		/contribution/allContribution?pageNumber=1&limit=10000-Fetch all the other contributions which are available there for approval	1675057132936	1675057136722	OK	 
REQUEST		/contribution/allContribution?pageNumber=1&limit=10000-Fetch all the other contributions which are available there for approval	1675057132786	1675057136842	OK	 
USER	Contribution API	END	1675057136931
REQUEST		/contribution/allContribution?pageNumber=1&limit=10000-Fetch all the other contributions which are available there for approval	1675057130321	1675057137179	OK	 
USER	Contribution API	END	1675057137255
REQUEST		/contribution/allContribution?pageNumber=1&limit=10000-Fetch all the other contributions which are available there for approval	1675057134299	1675057137306	OK	 
USER	Contribution API	END	1675057137493
USER	Contribution API	END	1675057137661
REQUEST		/contribution/allContribution?pageNumber=1&limit=10000-Fetch all the other contributions which are available there for approval	1675057135865	1675057137747	OK	 
REQUEST		/contribution/getApprovedContributionsForAll?pageNumber=1&limit=10000-Fetch other contributions are there which are approved	1675057099170	1675057137755	OK	 
USER	Contribution API	END	1675057138246
USER	Contribution API	END	1675057138502
REQUEST		/contribution/allContribution?pageNumber=1&limit=10000-Fetch all the other contributions which are available there for approval	1675057124774	1675057138576	OK	 
REQUEST		/contribution/getApprovedContributionsForAll?pageNumber=1&limit=10000-Fetch other contributions are there which are approved	1675057095863	1675057138619	OK	 
REQUEST		/contribution/allContribution?pageNumber=1&limit=10000-Fetch all the other contributions which are available there for approval	1675057135357	1675057138623	OK	 
USER	Contribution API	END	1675057138767
REQUEST		/contribution/allContribution?pageNumber=1&limit=10000-Fetch all the other contributions which are available there for approval	1675057134494	1675057138773	OK	 
REQUEST		/contribution/allContribution?pageNumber=1&limit=10000-Fetch all the other contributions which are available there for approval	1675057128569	1675057138794	OK	 
REQUEST		/contribution/allContribution?pageNumber=1&limit=10000-Fetch all the other contributions which are available there for approval	1675057135904	1675057138869	OK	 
REQUEST		/contribution/getApprovedContributionsForAll?pageNumber=1&limit=10000-Fetch other contributions are there which are approved	1675057091391	1675057139114	OK	 
REQUEST		/contribution/allContribution?pageNumber=1&limit=10000-Fetch all the other contributions which are available there for approval	1675057137091	1675057139279	OK	 
USER	Contribution API	END	1675057139336
USER	Contribution API	END	1675057139354
REQUEST		/contribution/allContribution?pageNumber=1&limit=10000-Fetch all the other contributions which are available there for approval	1675057134466	1675057139385	OK	 
REQUEST		/contribution/allContribution?pageNumber=1&limit=10000-Fetch all the other contributions which are available there for approval	1675057137700	1675057139593	OK	 
USER	Contribution API	END	1675057139722
REQUEST		/contribution/allContribution?pageNumber=1&limit=10000-Fetch all the other contributions which are available there for approval	1675057137919	1675057139820	OK	 
USER	Contribution API	END	1675057139843
REQUEST		/contribution/allContribution?pageNumber=1&limit=10000-Fetch all the other contributions which are available there for approval	1675057137704	1675057139921	OK	 
REQUEST		/contribution/getApprovedContributionsForAll?pageNumber=1&limit=10000-Fetch other contributions are there which are approved	1675057095780	1675057139928	OK	 
USER	Contribution API	END	1675057140179
USER	Contribution API	END	1675057140307
REQUEST		/contribution/allContribution?pageNumber=1&limit=10000-Fetch all the other contributions which are available there for approval	1675057138548	1675057140438	OK	 
REQUEST		/contribution/getApprovedContributionsForAll?pageNumber=1&limit=10000-Fetch other contributions are there which are approved	1675057098205	1675057140620	OK	 
USER	Contribution API	END	1675057140748
REQUEST		/contribution/getApprovedContributionsForAll?pageNumber=1&limit=10000-Fetch other contributions are there which are approved	1675057106990	1675057140812	OK	 
REQUEST		/contribution/allContribution?pageNumber=1&limit=10000-Fetch all the other contributions which are available there for approval	1675057139295	1675057141141	OK	 
REQUEST		/contribution/getApprovedContributionsForAll?pageNumber=1&limit=10000-Fetch other contributions are there which are approved	1675057098193	1675057141169	OK	 
REQUEST		/contribution/allContribution?pageNumber=1&limit=10000-Fetch all the other contributions which are available there for approval	1675057135411	1675057141223	OK	 
REQUEST		/contribution/allContribution?pageNumber=1&limit=10000-Fetch all the other contributions which are available there for approval	1675057137950	1675057141361	OK	 
USER	Contribution API	END	1675057141577
USER	Contribution API	END	1675057141624
REQUEST		/contribution/allContribution?pageNumber=1&limit=10000-Fetch all the other contributions which are available there for approval	1675057132855	1675057141633	OK	 
USER	Contribution API	END	1675057141774
USER	Contribution API	END	1675057141795
USER	Contribution API	END	1675057141870
REQUEST		/contribution/getApprovedContributionsForAll?pageNumber=1&limit=10000-Fetch other contributions are there which are approved	1675057095818	1675057141937	OK	 
USER	Contribution API	END	1675057142280
USER	Contribution API	END	1675057142386
USER	Contribution API	END	1675057142594
USER	Contribution API	END	1675057142820
REQUEST		/contribution/allContribution?pageNumber=1&limit=10000-Fetch all the other contributions which are available there for approval	1675057139330	1675057142911	OK	 
USER	Contribution API	END	1675057142922
USER	Contribution API	END	1675057143439
REQUEST		/contribution/allContribution?pageNumber=1&limit=10000-Fetch all the other contributions which are available there for approval	1675057141620	1675057143833	OK	 
USER	Contribution API	END	1675057144142
USER	Contribution API	END	1675057144224
REQUEST		/contribution/getApprovedContributionsForAll?pageNumber=1&limit=10000-Fetch other contributions are there which are approved	1675057095786	1675057144283	OK	 
USER	Contribution API	END	1675057144362
REQUEST		/contribution/allContribution?pageNumber=1&limit=10000-Fetch all the other contributions which are available there for approval	1675057140756	1675057144560	OK	 
USER	Contribution API	END	1675057144634
REQUEST		/contribution/allContribution?pageNumber=1&limit=10000-Fetch all the other contributions which are available there for approval	1675057139136	1675057145238	OK	 
REQUEST		/contribution/allContribution?pageNumber=1&limit=10000-Fetch all the other contributions which are available there for approval	1675057142929	1675057145449	OK	 
REQUEST		/contribution/allContribution?pageNumber=1&limit=10000-Fetch all the other contributions which are available there for approval	1675057143621	1675057145503	OK	 
REQUEST		/contribution/getApprovedContributionsForAll?pageNumber=1&limit=10000-Fetch other contributions are there which are approved	1675057095825	1675057145771	OK	 
USER	Contribution API	END	1675057145912
REQUEST		/contribution/allContribution?pageNumber=1&limit=10000-Fetch all the other contributions which are available there for approval	1675057144169	1675057146621	OK	 
REQUEST		/contribution/allContribution?pageNumber=1&limit=10000-Fetch all the other contributions which are available there for approval	1675057142116	1675057146831	OK	 
USER	Contribution API	END	1675057146833
REQUEST		/contribution/allContribution?pageNumber=1&limit=10000-Fetch all the other contributions which are available there for approval	1675057143813	1675057147175	OK	 
REQUEST		/contribution/allContribution?pageNumber=1&limit=10000-Fetch all the other contributions which are available there for approval	1675057144938	1675057147325	OK	 
USER	Contribution API	END	1675057147561
REQUEST		/contribution/getApprovedContributionsForAll?pageNumber=1&limit=10000-Fetch other contributions are there which are approved	1675057095788	1675057147816	OK	 
USER	Contribution API	END	1675057148239
USER	Contribution API	END	1675057148450
USER	Contribution API	END	1675057148504
REQUEST		/contribution/getApprovedContributionsForAll?pageNumber=1&limit=10000-Fetch other contributions are there which are approved	1675057097363	1675057148549	OK	 
REQUEST		/contribution/allContribution?pageNumber=1&limit=10000-Fetch all the other contributions which are available there for approval	1675057147283	1675057149074	OK	 
USER	Contribution API	END	1675057149622
USER	Contribution API	END	1675057149832
USER	Contribution API	END	1675057150176
USER	Contribution API	END	1675057150326
REQUEST		/contribution/allContribution?pageNumber=1&limit=10000-Fetch all the other contributions which are available there for approval	1675057148772	1675057150583	OK	 
USER	Contribution API	END	1675057152075
REQUEST		/contribution/allContribution?pageNumber=1&limit=10000-Fetch all the other contributions which are available there for approval	1675057150817	1675057152634	OK	 
REQUEST		/contribution/allContribution?pageNumber=1&limit=10000-Fetch all the other contributions which are available there for approval	1675057151550	1675057153375	OK	 
USER	Contribution API	END	1675057153583
USER	Contribution API	END	1675057155635
USER	Contribution API	END	1675057156376
