RUN	Simulations.Runner.Go1percent	go1percent	1674813511194	 	3.5.1
USER	Contribution API	START	1674813512577
USER	Contribution API	START	1674813512666
USER	Contribution API	START	1674813512767
USER	Contribution API	START	1674813512867
USER	Contribution API	START	1674813512968
USER	Contribution API	START	1674813513068
USER	Contribution API	START	1674813513170
USER	Contribution API	START	1674813513271
USER	Contribution API	START	1674813513371
USER	Contribution API	START	1674813513472
REQUEST		/updateProposal?contributionId=12755-Helps us to edit the proposal contribution.	1674813512603	1674813513462	OK	 
REQUEST		/updateProposal?contributionId=12755-Helps us to edit the proposal contribution.	1674813512666	1674813513520	OK	 
USER	Contribution API	START	1674813513572
REQUEST		/updateProposal?contributionId=12755-Helps us to edit the proposal contribution.	1674813512767	1674813513610	OK	 
USER	Contribution API	START	1674813513673
REQUEST		/updateProposal?contributionId=12755-Helps us to edit the proposal contribution.	1674813512868	1674813513726	OK	 
USER	Contribution API	START	1674813513773
REQUEST		/updateProposal?contributionId=12755-Helps us to edit the proposal contribution.	1674813512969	1674813513802	OK	 
USER	Contribution API	START	1674813513873
REQUEST		/updateProposal?contributionId=12755-Helps us to edit the proposal contribution.	1674813513069	1674813513914	OK	 
USER	Contribution API	START	1674813513973
REQUEST		/updateProposal?contributionId=12755-Helps us to edit the proposal contribution.	1674813513171	1674813514027	OK	 
USER	Contribution API	START	1674813514073
REQUEST		/updateProposal?contributionId=12755-Helps us to edit the proposal contribution.	1674813513272	1674813514118	OK	 
USER	Contribution API	START	1674813514174
REQUEST		/updateProposal?contributionId=12755-Helps us to edit the proposal contribution.	1674813513372	1674813514215	OK	 
USER	Contribution API	START	1674813514273
REQUEST		/updateProposal?contributionId=12755-Helps us to edit the proposal contribution.	1674813513472	1674813514321	OK	 
USER	Contribution API	START	1674813514373
REQUEST		/updateProposal?contributionId=12755-Helps us to edit the proposal contribution.	1674813513573	1674813514419	OK	 
USER	Contribution API	START	1674813514474
REQUEST		/updateProposal?contributionId=12755-Helps us to edit the proposal contribution.	1674813513674	1674813514526	OK	 
USER	Contribution API	START	1674813514573
REQUEST		/updateProposal?contributionId=12755-Helps us to edit the proposal contribution.	1674813513774	1674813514628	OK	 
USER	Contribution API	START	1674813514664
REQUEST		/updateProposal?contributionId=12755-Helps us to edit the proposal contribution.	1674813513874	1674813514729	OK	 
USER	Contribution API	START	1674813514764
REQUEST		/updateProposal?contributionId=12755-Helps us to edit the proposal contribution.	1674813513974	1674813514817	OK	 
USER	Contribution API	START	1674813514864
REQUEST		/updateProposal?contributionId=12755-Helps us to edit the proposal contribution.	1674813514074	1674813514933	OK	 
USER	Contribution API	START	1674813514964
REQUEST		/updateProposal?contributionId=12755-Helps us to edit the proposal contribution.	1674813514174	1674813515024	OK	 
USER	Contribution API	START	1674813515064
REQUEST		/updateProposal?contributionId=12755-Helps us to edit the proposal contribution.	1674813514274	1674813515114	OK	 
USER	Contribution API	START	1674813515164
REQUEST		/updateProposal?contributionId=12755-Helps us to edit the proposal contribution.	1674813514374	1674813515233	OK	 
USER	Contribution API	START	1674813515264
REQUEST		/updateProposal?contributionId=12755-Helps us to edit the proposal contribution.	1674813514475	1674813515319	OK	 
USER	Contribution API	START	1674813515365
REQUEST		/updateProposal?contributionId=12755-Helps us to edit the proposal contribution.	1674813514574	1674813515416	OK	 
USER	Contribution API	START	1674813515465
REQUEST		/updateProposal?contributionId=12755-Helps us to edit the proposal contribution.	1674813514664	1674813515508	OK	 
USER	Contribution API	START	1674813515565
REQUEST		/updateProposal?contributionId=12755-Helps us to edit the proposal contribution.	1674813514765	1674813515617	OK	 
USER	Contribution API	START	1674813515664
REQUEST		/updateProposal?contributionId=12755-Helps us to edit the proposal contribution.	1674813514865	1674813515712	OK	 
USER	Contribution API	START	1674813515764
REQUEST		/updateProposal?contributionId=12755-Helps us to edit the proposal contribution.	1674813514964	1674813515801	OK	 
USER	Contribution API	START	1674813515864
REQUEST		/updateProposal?contributionId=12755-Helps us to edit the proposal contribution.	1674813515065	1674813515913	OK	 
USER	Contribution API	START	1674813515964
REQUEST		/updateProposal?contributionId=12755-Helps us to edit the proposal contribution.	1674813515165	1674813516006	OK	 
USER	Contribution API	START	1674813516064
REQUEST		/updateProposal?contributionId=12755-Helps us to edit the proposal contribution.	1674813515265	1674813516096	OK	 
USER	Contribution API	START	1674813516164
REQUEST		/updateProposal?contributionId=12755-Helps us to edit the proposal contribution.	1674813515365	1674813516208	OK	 
USER	Contribution API	START	1674813516264
REQUEST		/updateProposal?contributionId=12755-Helps us to edit the proposal contribution.	1674813515465	1674813516303	OK	 
USER	Contribution API	START	1674813516364
REQUEST		/updateProposal?contributionId=12755-Helps us to edit the proposal contribution.	1674813515565	1674813516416	OK	 
USER	Contribution API	START	1674813516464
REQUEST		/updateProposal?contributionId=12755-Helps us to edit the proposal contribution.	1674813515664	1674813516506	OK	 
USER	Contribution API	START	1674813516564
REQUEST		/updateProposal?contributionId=12755-Helps us to edit the proposal contribution.	1674813515764	1674813516608	OK	 
USER	Contribution API	START	1674813516664
REQUEST		/updateProposal?contributionId=12755-Helps us to edit the proposal contribution.	1674813515864	1674813516706	OK	 
USER	Contribution API	START	1674813516763
REQUEST		/updateProposal?contributionId=12755-Helps us to edit the proposal contribution.	1674813515964	1674813516849	OK	 
USER	Contribution API	START	1674813516863
REQUEST		/updateProposal?contributionId=12755-Helps us to edit the proposal contribution.	1674813516610	1674813516943	KO	status.find.is(200), but actually found 415
REQUEST		/updateProposal?contributionId=12755-Helps us to edit the proposal contribution.	1674813516481	1674813516943	KO	status.find.is(200), but actually found 415
REQUEST		/updateProposal?contributionId=12755-Helps us to edit the proposal contribution.	1674813516521	1674813516944	KO	status.find.is(200), but actually found 415
REQUEST		/updateProposal?contributionId=12755-Helps us to edit the proposal contribution.	1674813516064	1674813516946	OK	 
USER	Contribution API	START	1674813516963
REQUEST		/updateProposal?contributionId=12755-Helps us to edit the proposal contribution.	1674813516164	1674813517009	OK	 
REQUEST		/updateProposal?contributionId=12755-Helps us to edit the proposal contribution.	1674813516727	1674813517026	KO	status.find.is(200), but actually found 415
USER	Contribution API	START	1674813517063
REQUEST		/updateProposal?contributionId=12755-Helps us to edit the proposal contribution.	1674813516803	1674813517092	KO	status.find.is(200), but actually found 415
REQUEST		/updateProposal?contributionId=12755-Helps us to edit the proposal contribution.	1674813516264	1674813517100	OK	 
USER	Contribution API	START	1674813517163
REQUEST		/updateProposal?contributionId=12755-Helps us to edit the proposal contribution.	1674813516364	1674813517213	OK	 
REQUEST		/updateProposal?contributionId=12755-Helps us to edit the proposal contribution.	1674813516915	1674813517217	KO	status.find.is(200), but actually found 415
USER	Contribution API	START	1674813517264
REQUEST		/updateProposal?contributionId=12755-Helps us to edit the proposal contribution.	1674813516464	1674813517302	OK	 
REQUEST		/updateProposal?contributionId=12755-Helps us to edit the proposal contribution.	1674813517028	1674813517323	KO	status.find.is(200), but actually found 415
USER	Contribution API	START	1674813517363
REQUEST		/updateProposal?contributionId=12755-Helps us to edit the proposal contribution.	1674813516564	1674813517403	OK	 
REQUEST		/updateProposal?contributionId=12755-Helps us to edit the proposal contribution.	1674813517119	1674813517414	KO	status.find.is(200), but actually found 415
USER	Contribution API	START	1674813517464
REQUEST		/updateProposal?contributionId=12755-Helps us to edit the proposal contribution.	1674813517215	1674813517512	KO	status.find.is(200), but actually found 415
REQUEST		/updateProposal?contributionId=12755-Helps us to edit the proposal contribution.	1674813516664	1674813517521	OK	 
USER	Contribution API	START	1674813517564
REQUEST		/updateProposal?contributionId=12755-Helps us to edit the proposal contribution.	1674813516763	1674813517597	OK	 
REQUEST		/updateProposal?contributionId=12755-Helps us to edit the proposal contribution.	1674813517322	1674813517618	KO	status.find.is(200), but actually found 415
USER	Contribution API	START	1674813517663
REQUEST		/updateProposal?contributionId=12755-Helps us to edit the proposal contribution.	1674813517419	1674813517711	KO	status.find.is(200), but actually found 415
REQUEST		/updateProposal?contributionId=12755-Helps us to edit the proposal contribution.	1674813516864	1674813517712	OK	 
USER	Contribution API	START	1674813517764
REQUEST		/updateProposal?contributionId=12755-Helps us to edit the proposal contribution.	1674813516963	1674813517807	OK	 
REQUEST		/updateProposal?contributionId=12755-Helps us to edit the proposal contribution.	1674813517527	1674813517830	KO	status.find.is(200), but actually found 415
USER	Contribution API	START	1674813517864
REQUEST		/updateProposal?contributionId=12755-Helps us to edit the proposal contribution.	1674813517064	1674813517918	OK	 
REQUEST		/updateProposal?contributionId=12755-Helps us to edit the proposal contribution.	1674813517629	1674813517929	KO	status.find.is(200), but actually found 415
USER	Contribution API	START	1674813517964
REQUEST		/updateProposal?contributionId=12755-Helps us to edit the proposal contribution.	1674813517164	1674813518007	OK	 
REQUEST		/updateProposal?contributionId=12755-Helps us to edit the proposal contribution.	1674813517730	1674813518025	KO	status.find.is(200), but actually found 415
USER	Contribution API	START	1674813518064
REQUEST		/updateProposal?contributionId=12755-Helps us to edit the proposal contribution.	1674813517264	1674813518103	OK	 
REQUEST		/updateProposal?contributionId=12755-Helps us to edit the proposal contribution.	1674813517818	1674813518111	KO	status.find.is(200), but actually found 415
USER	Contribution API	START	1674813518164
REQUEST		/updateProposal?contributionId=12755-Helps us to edit the proposal contribution.	1674813517364	1674813518197	OK	 
REQUEST		/updateProposal?contributionId=12755-Helps us to edit the proposal contribution.	1674813517934	1674813518231	KO	status.find.is(200), but actually found 415
USER	Contribution API	START	1674813518264
REQUEST		/updateProposal?contributionId=12755-Helps us to edit the proposal contribution.	1674813517464	1674813518309	OK	 
REQUEST		/updateProposal?contributionId=12755-Helps us to edit the proposal contribution.	1674813518026	1674813518318	KO	status.find.is(200), but actually found 415
USER	Contribution API	START	1674813518364
REQUEST		/updateProposal?contributionId=12755-Helps us to edit the proposal contribution.	1674813517564	1674813518398	OK	 
REQUEST		/updateProposal?contributionId=12755-Helps us to edit the proposal contribution.	1674813518115	1674813518409	KO	status.find.is(200), but actually found 415
USER	Contribution API	START	1674813518465
REQUEST		/updateProposal?contributionId=12755-Helps us to edit the proposal contribution.	1674813517664	1674813518516	OK	 
REQUEST		/updateProposal?contributionId=12755-Helps us to edit the proposal contribution.	1674813518234	1674813518528	KO	status.find.is(200), but actually found 415
USER	Contribution API	START	1674813518565
REQUEST		/updateProposal?contributionId=12755-Helps us to edit the proposal contribution.	1674813518320	1674813518619	KO	status.find.is(200), but actually found 415
REQUEST		/updateProposal?contributionId=12755-Helps us to edit the proposal contribution.	1674813517764	1674813518629	OK	 
USER	Contribution API	START	1674813518664
REQUEST		/updateProposal?contributionId=12755-Helps us to edit the proposal contribution.	1674813517864	1674813518701	OK	 
REQUEST		/updateProposal?contributionId=12755-Helps us to edit the proposal contribution.	1674813518417	1674813518708	KO	status.find.is(200), but actually found 415
USER	Contribution API	START	1674813518764
REQUEST		/updateProposal?contributionId=12755-Helps us to edit the proposal contribution.	1674813517964	1674813518799	OK	 
REQUEST		/updateProposal?contributionId=12755-Helps us to edit the proposal contribution.	1674813518510	1674813518801	KO	status.find.is(200), but actually found 415
USER	Contribution API	START	1674813518864
REQUEST		/updateProposal?contributionId=12755-Helps us to edit the proposal contribution.	1674813518064	1674813518905	OK	 
REQUEST		/updateProposal?contributionId=12755-Helps us to edit the proposal contribution.	1674813518618	1674813518910	KO	status.find.is(200), but actually found 415
USER	Contribution API	START	1674813518964
REQUEST		/updateProposal?contributionId=12755-Helps us to edit the proposal contribution.	1674813518713	1674813519006	KO	status.find.is(200), but actually found 415
REQUEST		/updateProposal?contributionId=12755-Helps us to edit the proposal contribution.	1674813518165	1674813519007	OK	 
USER	Contribution API	START	1674813519065
REQUEST		/updateProposal?contributionId=12755-Helps us to edit the proposal contribution.	1674813518802	1674813519091	KO	status.find.is(200), but actually found 415
REQUEST		/updateProposal?contributionId=12755-Helps us to edit the proposal contribution.	1674813518265	1674813519107	OK	 
USER	Contribution API	START	1674813519165
REQUEST		/updateProposal?contributionId=12755-Helps us to edit the proposal contribution.	1674813518914	1674813519210	KO	status.find.is(200), but actually found 415
REQUEST		/updateProposal?contributionId=12755-Helps us to edit the proposal contribution.	1674813518365	1674813519219	OK	 
USER	Contribution API	START	1674813519265
REQUEST		/updateProposal?contributionId=12755-Helps us to edit the proposal contribution.	1674813519007	1674813519305	KO	status.find.is(200), but actually found 415
REQUEST		/updateProposal?contributionId=12755-Helps us to edit the proposal contribution.	1674813518466	1674813519319	OK	 
USER	Contribution API	START	1674813519365
REQUEST		/updateProposal?contributionId=12755-Helps us to edit the proposal contribution.	1674813519097	1674813519385	KO	status.find.is(200), but actually found 415
REQUEST		/updateProposal?contributionId=12755-Helps us to edit the proposal contribution.	1674813518566	1674813519405	OK	 
USER	Contribution API	START	1674813519465
REQUEST		/updateProposal?contributionId=12755-Helps us to edit the proposal contribution.	1674813519209	1674813519502	KO	status.find.is(200), but actually found 415
REQUEST		/updateProposal?contributionId=12755-Helps us to edit the proposal contribution.	1674813518664	1674813519506	OK	 
USER	Contribution API	START	1674813519566
REQUEST		/updateProposal?contributionId=12755-Helps us to edit the proposal contribution.	1674813519304	1674813519594	KO	status.find.is(200), but actually found 415
REQUEST		/updateProposal?contributionId=12755-Helps us to edit the proposal contribution.	1674813518765	1674813519622	OK	 
USER	Contribution API	START	1674813519663
REQUEST		/updateProposal?contributionId=12755-Helps us to edit the proposal contribution.	1674813518865	1674813519707	OK	 
REQUEST		/updateProposal?contributionId=12755-Helps us to edit the proposal contribution.	1674813519417	1674813519719	KO	status.find.is(200), but actually found 415
USER	Contribution API	START	1674813519764
REQUEST		/updateProposal?contributionId=12755-Helps us to edit the proposal contribution.	1674813519508	1674813519800	KO	status.find.is(200), but actually found 415
REQUEST		/updateProposal?contributionId=12755-Helps us to edit the proposal contribution.	1674813518965	1674813519813	OK	 
USER	Contribution API	START	1674813519864
REQUEST		/updateProposal?contributionId=12755-Helps us to edit the proposal contribution.	1674813519065	1674813519897	OK	 
REQUEST		/updateProposal?contributionId=12755-Helps us to edit the proposal contribution.	1674813519610	1674813519901	KO	status.find.is(200), but actually found 415
USER	Contribution API	END	1674813519948
USER	Contribution API	END	1674813519948
USER	Contribution API	END	1674813519948
USER	Contribution API	START	1674813519964
REQUEST		/updateProposal?contributionId=12755-Helps us to edit the proposal contribution.	1674813519707	1674813519996	KO	status.find.is(200), but actually found 415
REQUEST		/updateProposal?contributionId=12755-Helps us to edit the proposal contribution.	1674813519165	1674813520006	OK	 
USER	Contribution API	END	1674813520027
USER	Contribution API	START	1674813520064
USER	Contribution API	END	1674813520093
REQUEST		/updateProposal?contributionId=12755-Helps us to edit the proposal contribution.	1674813519266	1674813520109	OK	 
REQUEST		/updateProposal?contributionId=12755-Helps us to edit the proposal contribution.	1674813519850	1674813520150	KO	status.find.is(200), but actually found 415
USER	Contribution API	START	1674813520164
REQUEST		/updateProposal?contributionId=12755-Helps us to edit the proposal contribution.	1674813519366	1674813520206	OK	 
USER	Contribution API	END	1674813520218
REQUEST		/updateProposal?contributionId=12755-Helps us to edit the proposal contribution.	1674813519947	1674813520238	KO	status.find.is(200), but actually found 415
USER	Contribution API	START	1674813520264
REQUEST		/updateProposal?contributionId=12755-Helps us to edit the proposal contribution.	1674813520010	1674813520301	KO	status.find.is(200), but actually found 415
REQUEST		/updateProposal?contributionId=12755-Helps us to edit the proposal contribution.	1674813519466	1674813520305	OK	 
USER	Contribution API	END	1674813520325
USER	Contribution API	START	1674813520364
REQUEST		/updateProposal?contributionId=12755-Helps us to edit the proposal contribution.	1674813520101	1674813520394	KO	status.find.is(200), but actually found 415
REQUEST		/updateProposal?contributionId=12755-Helps us to edit the proposal contribution.	1674813519566	1674813520408	OK	 
USER	Contribution API	END	1674813520415
USER	Contribution API	START	1674813520464
REQUEST		/updateProposal?contributionId=12755-Helps us to edit the proposal contribution.	1674813520214	1674813520505	KO	status.find.is(200), but actually found 415
REQUEST		/updateProposal?contributionId=12755-Helps us to edit the proposal contribution.	1674813519664	1674813520510	OK	 
USER	Contribution API	END	1674813520513
USER	Contribution API	START	1674813520564
REQUEST		/updateProposal?contributionId=12755-Helps us to edit the proposal contribution.	1674813520303	1674813520598	KO	status.find.is(200), but actually found 415
REQUEST		/updateProposal?contributionId=12755-Helps us to edit the proposal contribution.	1674813519764	1674813520609	OK	 
USER	Contribution API	END	1674813520619
USER	Contribution API	START	1674813520664
REQUEST		/updateProposal?contributionId=12755-Helps us to edit the proposal contribution.	1674813520404	1674813520698	KO	status.find.is(200), but actually found 415
REQUEST		/updateProposal?contributionId=12755-Helps us to edit the proposal contribution.	1674813519864	1674813520699	OK	 
USER	Contribution API	END	1674813520712
USER	Contribution API	START	1674813520764
REQUEST		/updateProposal?contributionId=12755-Helps us to edit the proposal contribution.	1674813519964	1674813520804	OK	 
REQUEST		/updateProposal?contributionId=12755-Helps us to edit the proposal contribution.	1674813520522	1674813520816	KO	status.find.is(200), but actually found 415
USER	Contribution API	END	1674813520831
USER	Contribution API	START	1674813520864
REQUEST		/updateProposal?contributionId=12755-Helps us to edit the proposal contribution.	1674813520598	1674813520899	KO	status.find.is(200), but actually found 415
REQUEST		/updateProposal?contributionId=12755-Helps us to edit the proposal contribution.	1674813520064	1674813520913	OK	 
USER	Contribution API	END	1674813520930
USER	Contribution API	START	1674813520964
REQUEST		/updateProposal?contributionId=12755-Helps us to edit the proposal contribution.	1674813520165	1674813521004	OK	 
REQUEST		/updateProposal?contributionId=12755-Helps us to edit the proposal contribution.	1674813520713	1674813521005	KO	status.find.is(200), but actually found 415
USER	Contribution API	END	1674813521027
USER	Contribution API	START	1674813521064
REQUEST		/updateProposal?contributionId=12755-Helps us to edit the proposal contribution.	1674813520810	1674813521103	KO	status.find.is(200), but actually found 415
USER	Contribution API	END	1674813521112
REQUEST		/updateProposal?contributionId=12755-Helps us to edit the proposal contribution.	1674813520264	1674813521115	OK	 
USER	Contribution API	START	1674813521164
REQUEST		/updateProposal?contributionId=12755-Helps us to edit the proposal contribution.	1674813520364	1674813521211	OK	 
REQUEST		/updateProposal?contributionId=12755-Helps us to edit the proposal contribution.	1674813520919	1674813521217	KO	status.find.is(200), but actually found 415
USER	Contribution API	END	1674813521232
USER	Contribution API	START	1674813521264
REQUEST		/updateProposal?contributionId=12755-Helps us to edit the proposal contribution.	1674813521009	1674813521308	KO	status.find.is(200), but actually found 415
REQUEST		/updateProposal?contributionId=12755-Helps us to edit the proposal contribution.	1674813520464	1674813521315	OK	 
USER	Contribution API	END	1674813521319
USER	Contribution API	START	1674813521364
REQUEST		/updateProposal?contributionId=12755-Helps us to edit the proposal contribution.	1674813521104	1674813521398	KO	status.find.is(200), but actually found 415
USER	Contribution API	END	1674813521410
REQUEST		/updateProposal?contributionId=12755-Helps us to edit the proposal contribution.	1674813520565	1674813521422	OK	 
USER	Contribution API	START	1674813521464
REQUEST		/updateProposal?contributionId=12755-Helps us to edit the proposal contribution.	1674813521198	1674813521485	KO	status.find.is(200), but actually found 415
REQUEST		/updateProposal?contributionId=12755-Helps us to edit the proposal contribution.	1674813520664	1674813521502	OK	 
USER	Contribution API	END	1674813521529
USER	Contribution API	START	1674813521564
REQUEST		/updateProposal?contributionId=12755-Helps us to edit the proposal contribution.	1674813521310	1674813521604	KO	status.find.is(200), but actually found 415
REQUEST		/updateProposal?contributionId=12755-Helps us to edit the proposal contribution.	1674813520764	1674813521610	OK	 
USER	Contribution API	END	1674813521621
USER	Contribution API	START	1674813521664
REQUEST		/updateProposal?contributionId=12755-Helps us to edit the proposal contribution.	1674813521399	1674813521693	KO	status.find.is(200), but actually found 415
USER	Contribution API	END	1674813521710
REQUEST		/updateProposal?contributionId=12755-Helps us to edit the proposal contribution.	1674813520864	1674813521711	OK	 
USER	Contribution API	START	1674813521764
USER	Contribution API	END	1674813521802
REQUEST		/updateProposal?contributionId=12755-Helps us to edit the proposal contribution.	1674813521517	1674813521814	KO	status.find.is(200), but actually found 415
REQUEST		/updateProposal?contributionId=12755-Helps us to edit the proposal contribution.	1674813520964	1674813521817	OK	 
USER	Contribution API	START	1674813521864
REQUEST		/updateProposal?contributionId=12755-Helps us to edit the proposal contribution.	1674813521064	1674813521896	OK	 
USER	Contribution API	END	1674813521911
REQUEST		/updateProposal?contributionId=12755-Helps us to edit the proposal contribution.	1674813521630	1674813521925	KO	status.find.is(200), but actually found 415
USER	Contribution API	START	1674813521964
REQUEST		/updateProposal?contributionId=12755-Helps us to edit the proposal contribution.	1674813521702	1674813521993	KO	status.find.is(200), but actually found 415
REQUEST		/updateProposal?contributionId=12755-Helps us to edit the proposal contribution.	1674813521164	1674813522003	OK	 
USER	Contribution API	END	1674813522008
USER	Contribution API	START	1674813522064
REQUEST		/updateProposal?contributionId=12755-Helps us to edit the proposal contribution.	1674813521800	1674813522092	KO	status.find.is(200), but actually found 415
USER	Contribution API	END	1674813522093
REQUEST		/updateProposal?contributionId=12755-Helps us to edit the proposal contribution.	1674813521265	1674813522106	OK	 
USER	Contribution API	START	1674813522164
REQUEST		/updateProposal?contributionId=12755-Helps us to edit the proposal contribution.	1674813521906	1674813522203	KO	status.find.is(200), but actually found 415
REQUEST		/updateProposal?contributionId=12755-Helps us to edit the proposal contribution.	1674813521364	1674813522205	OK	 
USER	Contribution API	END	1674813522211
USER	Contribution API	START	1674813522264
REQUEST		/updateProposal?contributionId=12755-Helps us to edit the proposal contribution.	1674813521464	1674813522297	OK	 
REQUEST		/updateProposal?contributionId=12755-Helps us to edit the proposal contribution.	1674813522008	1674813522303	KO	status.find.is(200), but actually found 415
USER	Contribution API	END	1674813522307
USER	Contribution API	START	1674813522364
USER	Contribution API	END	1674813522387
REQUEST		/updateProposal?contributionId=12755-Helps us to edit the proposal contribution.	1674813522109	1674813522402	KO	status.find.is(200), but actually found 415
REQUEST		/updateProposal?contributionId=12755-Helps us to edit the proposal contribution.	1674813521565	1674813522420	OK	 
USER	Contribution API	START	1674813522465
USER	Contribution API	END	1674813522503
REQUEST		/updateProposal?contributionId=12755-Helps us to edit the proposal contribution.	1674813521664	1674813522524	OK	 
REQUEST		/updateProposal?contributionId=12755-Helps us to edit the proposal contribution.	1674813522220	1674813522524	KO	status.find.is(200), but actually found 415
USER	Contribution API	END	1674813522595
REQUEST		/updateProposal?contributionId=12755-Helps us to edit the proposal contribution.	1674813521764	1674813522600	OK	 
REQUEST		/updateProposal?contributionId=12755-Helps us to edit the proposal contribution.	1674813522320	1674813522615	KO	status.find.is(200), but actually found 415
REQUEST		/updateProposal?contributionId=12755-Helps us to edit the proposal contribution.	1674813522406	1674813522695	KO	status.find.is(200), but actually found 415
REQUEST		/updateProposal?contributionId=12755-Helps us to edit the proposal contribution.	1674813521864	1674813522708	OK	 
USER	Contribution API	END	1674813522720
REQUEST		/updateProposal?contributionId=12755-Helps us to edit the proposal contribution.	1674813522507	1674813522800	KO	status.find.is(200), but actually found 415
USER	Contribution API	END	1674813522801
REQUEST		/updateProposal?contributionId=12755-Helps us to edit the proposal contribution.	1674813521964	1674813522808	OK	 
USER	Contribution API	END	1674813522902
REQUEST		/updateProposal?contributionId=12755-Helps us to edit the proposal contribution.	1674813522064	1674813522903	OK	 
REQUEST		/updateProposal?contributionId=12755-Helps us to edit the proposal contribution.	1674813522623	1674813522918	KO	status.find.is(200), but actually found 415
USER	Contribution API	END	1674813522997
REQUEST		/updateProposal?contributionId=12755-Helps us to edit the proposal contribution.	1674813522708	1674813523003	KO	status.find.is(200), but actually found 415
REQUEST		/updateProposal?contributionId=12755-Helps us to edit the proposal contribution.	1674813522164	1674813523016	OK	 
REQUEST		/updateProposal?contributionId=12755-Helps us to edit the proposal contribution.	1674813522814	1674813523107	KO	status.find.is(200), but actually found 415
REQUEST		/updateProposal?contributionId=12755-Helps us to edit the proposal contribution.	1674813522264	1674813523107	OK	 
USER	Contribution API	END	1674813523151
REQUEST		/updateProposal?contributionId=12755-Helps us to edit the proposal contribution.	1674813522898	1674813523197	KO	status.find.is(200), but actually found 415
REQUEST		/updateProposal?contributionId=12755-Helps us to edit the proposal contribution.	1674813522364	1674813523214	OK	 
USER	Contribution API	END	1674813523240
REQUEST		/updateProposal?contributionId=12755-Helps us to edit the proposal contribution.	1674813523006	1674813523300	KO	status.find.is(200), but actually found 415
REQUEST		/updateProposal?contributionId=12755-Helps us to edit the proposal contribution.	1674813522465	1674813523300	OK	 
USER	Contribution API	END	1674813523303
USER	Contribution API	END	1674813523394
REQUEST		/updateProposal?contributionId=12755-Helps us to edit the proposal contribution.	1674813523110	1674813523404	KO	status.find.is(200), but actually found 415
REQUEST		/updateProposal?contributionId=12755-Helps us to edit the proposal contribution.	1674813523207	1674813523499	KO	status.find.is(200), but actually found 415
USER	Contribution API	END	1674813523506
REQUEST		/updateProposal?contributionId=12755-Helps us to edit the proposal contribution.	1674813523306	1674813523597	KO	status.find.is(200), but actually found 415
USER	Contribution API	END	1674813523600
USER	Contribution API	END	1674813523699
REQUEST		/updateProposal?contributionId=12755-Helps us to edit the proposal contribution.	1674813523409	1674813523702	KO	status.find.is(200), but actually found 415
REQUEST		/updateProposal?contributionId=12755-Helps us to edit the proposal contribution.	1674813523511	1674813523805	KO	status.find.is(200), but actually found 415
USER	Contribution API	END	1674813523817
USER	Contribution API	END	1674813523901
REQUEST		/updateProposal?contributionId=12755-Helps us to edit the proposal contribution.	1674813523610	1674813523904	KO	status.find.is(200), but actually found 415
REQUEST		/updateProposal?contributionId=12755-Helps us to edit the proposal contribution.	1674813523700	1674813523987	KO	status.find.is(200), but actually found 415
USER	Contribution API	END	1674813524006
REQUEST		/updateProposal?contributionId=12755-Helps us to edit the proposal contribution.	1674813523806	1674813524095	KO	status.find.is(200), but actually found 415
USER	Contribution API	END	1674813524104
REQUEST		/updateProposal?contributionId=12755-Helps us to edit the proposal contribution.	1674813523914	1674813524204	KO	status.find.is(200), but actually found 415
USER	Contribution API	END	1674813524218
REQUEST		/updateProposal?contributionId=12755-Helps us to edit the proposal contribution.	1674813524005	1674813524295	KO	status.find.is(200), but actually found 415
USER	Contribution API	END	1674813524310
USER	Contribution API	END	1674813524399
REQUEST		/updateProposal?contributionId=12755-Helps us to edit the proposal contribution.	1674813524116	1674813524417	KO	status.find.is(200), but actually found 415
USER	Contribution API	END	1674813524486
REQUEST		/updateProposal?contributionId=12755-Helps us to edit the proposal contribution.	1674813524211	1674813524503	KO	status.find.is(200), but actually found 415
USER	Contribution API	END	1674813524605
REQUEST		/updateProposal?contributionId=12755-Helps us to edit the proposal contribution.	1674813524316	1674813524610	KO	status.find.is(200), but actually found 415
USER	Contribution API	END	1674813524695
REQUEST		/updateProposal?contributionId=12755-Helps us to edit the proposal contribution.	1674813524422	1674813524726	KO	status.find.is(200), but actually found 415
REQUEST		/updateProposal?contributionId=12755-Helps us to edit the proposal contribution.	1674813524503	1674813524796	KO	status.find.is(200), but actually found 415
USER	Contribution API	END	1674813524815
REQUEST		/updateProposal?contributionId=12755-Helps us to edit the proposal contribution.	1674813524611	1674813524909	KO	status.find.is(200), but actually found 415
USER	Contribution API	END	1674813524927
USER	Contribution API	END	1674813524994
REQUEST		/updateProposal?contributionId=12755-Helps us to edit the proposal contribution.	1674813524712	1674813525006	KO	status.find.is(200), but actually found 415
USER	Contribution API	END	1674813525094
REQUEST		/updateProposal?contributionId=12755-Helps us to edit the proposal contribution.	1674813524817	1674813525111	KO	status.find.is(200), but actually found 415
REQUEST		/updateProposal?contributionId=12755-Helps us to edit the proposal contribution.	1674813524897	1674813525191	KO	status.find.is(200), but actually found 415
USER	Contribution API	END	1674813525204
REQUEST		/updateProposal?contributionId=12755-Helps us to edit the proposal contribution.	1674813525004	1674813525296	KO	status.find.is(200), but actually found 415
USER	Contribution API	END	1674813525304
REQUEST		/updateProposal?contributionId=12755-Helps us to edit the proposal contribution.	1674813525108	1674813525400	KO	status.find.is(200), but actually found 415
USER	Contribution API	END	1674813525403
REQUEST		/updateProposal?contributionId=12755-Helps us to edit the proposal contribution.	1674813525207	1674813525500	KO	status.find.is(200), but actually found 415
USER	Contribution API	END	1674813525525
REQUEST		/updateProposal?contributionId=12755-Helps us to edit the proposal contribution.	1674813525298	1674813525590	KO	status.find.is(200), but actually found 415
USER	Contribution API	END	1674813525616
USER	Contribution API	END	1674813525696
REQUEST		/updateProposal?contributionId=12755-Helps us to edit the proposal contribution.	1674813525421	1674813525719	KO	status.find.is(200), but actually found 415
USER	Contribution API	END	1674813525801
REQUEST		/updateProposal?contributionId=12755-Helps us to edit the proposal contribution.	1674813525525	1674813525826	KO	status.find.is(200), but actually found 415
REQUEST		/updateProposal?contributionId=12755-Helps us to edit the proposal contribution.	1674813525600	1674813525889	KO	status.find.is(200), but actually found 415
USER	Contribution API	END	1674813525919
REQUEST		/updateProposal?contributionId=12755-Helps us to edit the proposal contribution.	1674813525709	1674813526000	KO	status.find.is(200), but actually found 415
USER	Contribution API	END	1674813526004
REQUEST		/updateProposal?contributionId=12755-Helps us to edit the proposal contribution.	1674813525809	1674813526102	KO	status.find.is(200), but actually found 415
USER	Contribution API	END	1674813526109
REQUEST		/updateProposal?contributionId=12755-Helps us to edit the proposal contribution.	1674813525903	1674813526192	KO	status.find.is(200), but actually found 415
USER	Contribution API	END	1674813526198
USER	Contribution API	END	1674813526301
REQUEST		/updateProposal?contributionId=12755-Helps us to edit the proposal contribution.	1674813526017	1674813526309	KO	status.find.is(200), but actually found 415
REQUEST		/updateProposal?contributionId=12755-Helps us to edit the proposal contribution.	1674813526109	1674813526403	KO	status.find.is(200), but actually found 415
USER	Contribution API	END	1674813526405
USER	Contribution API	END	1674813526500
REQUEST		/updateProposal?contributionId=12755-Helps us to edit the proposal contribution.	1674813526215	1674813526506	KO	status.find.is(200), but actually found 415
REQUEST		/updateProposal?contributionId=12755-Helps us to edit the proposal contribution.	1674813526302	1674813526591	KO	status.find.is(200), but actually found 415
USER	Contribution API	END	1674813526598
USER	Contribution API	END	1674813526703
USER	Contribution API	END	1674813526807
USER	Contribution API	END	1674813526905
USER	Contribution API	END	1674813526989
USER	Contribution API	END	1674813527096
USER	Contribution API	END	1674813527205
USER	Contribution API	END	1674813527296
USER	Contribution API	END	1674813527418
USER	Contribution API	END	1674813527504
USER	Contribution API	END	1674813527611
USER	Contribution API	END	1674813527728
USER	Contribution API	END	1674813527797
USER	Contribution API	END	1674813527910
USER	Contribution API	END	1674813528007
USER	Contribution API	END	1674813528112
USER	Contribution API	END	1674813528193
USER	Contribution API	END	1674813528297
USER	Contribution API	END	1674813528401
USER	Contribution API	END	1674813528501
USER	Contribution API	END	1674813528592
USER	Contribution API	END	1674813528720
USER	Contribution API	END	1674813528828
USER	Contribution API	END	1674813528890
USER	Contribution API	END	1674813529001
USER	Contribution API	END	1674813529103
USER	Contribution API	END	1674813529194
USER	Contribution API	END	1674813529310
USER	Contribution API	END	1674813529404
USER	Contribution API	END	1674813529507
USER	Contribution API	END	1674813529593
