RUN	Simulations.Create	create	1672826871754	 	3.5.1
USER	Create  Scenario	START	1672826877959
USER	Create  Scenario	START	1672826878453
USER	Create  Scenario	START	1672826878953
USER	Create  Scenario	START	1672826879953
USER	Create  Scenario	START	1672826880453
USER	Create  Scenario	START	1672826880954
USER	Create  Scenario	START	1672826881953
USER	Create  Scenario	START	1672826882453
USER	Create  Scenario	START	1672826882953
USER	Create  Scenario	START	1672826883952
USER	Create  Scenario	START	1672826884952
REQUEST		Proposal	1672826877986	1672826884969	OK	 
REQUEST		Proposal	1672826878453	1672826885277	OK	 
USER	Create  Scenario	START	1672826885453
USER	Create  Scenario	START	1672826885954
USER	Create  Scenario	START	1672826886953
REQUEST		Proposal	1672826880453	1672826887360	OK	 
USER	Create  Scenario	START	1672826887453
REQUEST		Proposal	1672826878954	1672826887882	OK	 
USER	Create  Scenario	START	1672826887954
USER	Create  Scenario	END	1672826887990
USER	Create  Scenario	END	1672826888278
REQUEST		Proposal	1672826879953	1672826888669	OK	 
USER	Create  Scenario	START	1672826888953
USER	Create  Scenario	START	1672826889452
USER	Create  Scenario	START	1672826889953
USER	Create  Scenario	END	1672826890361
USER	Create  Scenario	END	1672826890883
USER	Create  Scenario	START	1672826890953
REQUEST		Proposal	1672826880954	1672826891158	OK	 
USER	Create  Scenario	END	1672826891670
USER	Create  Scenario	START	1672826891953
USER	Create  Scenario	START	1672826892452
USER	Create  Scenario	START	1672826892953
REQUEST		Proposal	1672826885955	1672826893287	OK	 
REQUEST		Proposal	1672826881953	1672826893822	OK	 
USER	Create  Scenario	START	1672826893953
USER	Create  Scenario	END	1672826894159
USER	Create  Scenario	START	1672826894452
REQUEST		Proposal	1672826887453	1672826894608	OK	 
USER	Create  Scenario	START	1672826894953
USER	Create  Scenario	START	1672826895953
REQUEST		Proposal	1672826889453	1672826896025	OK	 
REQUEST		Proposal	1672826889953	1672826896233	OK	 
USER	Create  Scenario	END	1672826896289
USER	Create  Scenario	START	1672826896453
REQUEST		Proposal	1672826887954	1672826896694	OK	 
USER	Create  Scenario	END	1672826896824
USER	Create  Scenario	START	1672826896953
USER	Create  Scenario	END	1672826897609
USER	Create  Scenario	START	1672826897952
REQUEST		Proposal	1672826883953	1672826898407	OK	 
USER	Create  Scenario	START	1672826898953
USER	Create  Scenario	END	1672826899026
USER	Create  Scenario	END	1672826899234
USER	Create  Scenario	START	1672826899452
USER	Create  Scenario	END	1672826899695
USER	Create  Scenario	START	1672826899953
REQUEST		Proposal	1672826882453	1672826900236	OK	 
REQUEST		Proposal	1672826894953	1672826900699	OK	 
USER	Create  Scenario	START	1672826900953
USER	Create  Scenario	END	1672826901409
USER	Create  Scenario	START	1672826901452
USER	Create  Scenario	START	1672826901953
REQUEST		Proposal	1672826896453	1672826902213	OK	 
REQUEST		Proposal	1672826893953	1672826902834	OK	 
USER	Create  Scenario	START	1672826902953
USER	Create  Scenario	END	1672826903238
USER	Create  Scenario	START	1672826903453
USER	Create  Scenario	END	1672826903700
USER	Create  Scenario	START	1672826903953
REQUEST		Proposal	1672826896953	1672826904639	OK	 
USER	Create  Scenario	START	1672826904952
USER	Create  Scenario	END	1672826905215
USER	Create  Scenario	END	1672826905835
USER	Create  Scenario	START	1672826905953
USER	Create  Scenario	START	1672826906452
REQUEST		Proposal	1672826901453	1672826906873	OK	 
USER	Create  Scenario	START	1672826906952
REQUEST		Proposal	1672826892453	1672826907369	OK	 
USER	Create  Scenario	END	1672826907640
REQUEST		Proposal	1672826901953	1672826907869	OK	 
USER	Create  Scenario	START	1672826907952
USER	Create  Scenario	START	1672826908453
USER	Create  Scenario	START	1672826908953
REQUEST		Proposal	1672826882954	1672826909527	OK	 
REQUEST		Proposal	1672826899452	1672826909588	OK	 
USER	Create  Scenario	END	1672826909875
USER	Create  Scenario	START	1672826909953
USER	Create  Scenario	END	1672826910370
USER	Create  Scenario	START	1672826910453
REQUEST		Proposal	1672826895953	1672826910816	OK	 
USER	Create  Scenario	END	1672826910870
REQUEST		Proposal	1672826884953	1672826910933	OK	 
USER	Create  Scenario	START	1672826910953
USER	Create  Scenario	START	1672826911953
REQUEST		Proposal	1672826905953	1672826912475	OK	 
USER	Create  Scenario	END	1672826912528
USER	Create  Scenario	END	1672826912589
USER	Create  Scenario	START	1672826912953
REQUEST		Proposal	1672826906453	1672826913299	OK	 
USER	Create  Scenario	START	1672826913452
USER	Create  Scenario	END	1672826913817
USER	Create  Scenario	END	1672826913935
USER	Create  Scenario	START	1672826913953
REQUEST		Proposal	1672826904952	1672826914711	OK	 
USER	Create  Scenario	START	1672826914953
REQUEST		Proposal	1672826888953	1672826915209	OK	 
USER	Create  Scenario	START	1672826915453
USER	Create  Scenario	END	1672826915476
USER	Create  Scenario	START	1672826915953
REQUEST		Proposal	1672826910954	1672826916164	OK	 
USER	Create  Scenario	END	1672826916300
USER	Create  Scenario	START	1672826916953
USER	Create  Scenario	START	1672826917452
USER	Create  Scenario	END	1672826917712
USER	Create  Scenario	START	1672826917952
USER	Create  Scenario	END	1672826918210
REQUEST		Proposal	1672826890953	1672826918226	OK	 
USER	Create  Scenario	START	1672826918952
USER	Create  Scenario	END	1672826919165
REQUEST		Proposal	1672826906953	1672826919679	OK	 
USER	Create  Scenario	START	1672826919952
USER	Create  Scenario	START	1672826920453
USER	Create  Scenario	START	1672826920953
USER	Create  Scenario	END	1672826921227
USER	Create  Scenario	START	1672826921952
USER	Create  Scenario	START	1672826922453
USER	Create  Scenario	END	1672826922681
USER	Create  Scenario	START	1672826922953
USER	Create  Scenario	START	1672826923953
REQUEST		Proposal	1672826913953	1672826924445	OK	 
USER	Create  Scenario	START	1672826924453
REQUEST		Proposal	1672826915953	1672826924722	OK	 
USER	Create  Scenario	START	1672826924953
REQUEST		Proposal	1672826914953	1672826925380	OK	 
USER	Create  Scenario	START	1672826925953
REQUEST		Proposal	1672826903953	1672826926593	OK	 
USER	Create  Scenario	START	1672826926952
USER	Create  Scenario	END	1672826927446
USER	Create  Scenario	START	1672826927453
USER	Create  Scenario	END	1672826927723
USER	Create  Scenario	START	1672826927953
USER	Create  Scenario	END	1672826928381
REQUEST		Proposal	1672826885454	1672826928525	OK	 
USER	Create  Scenario	START	1672826928953
REQUEST		Proposal	1672826919953	1672826929431	OK	 
USER	Create  Scenario	START	1672826929453
USER	Create  Scenario	END	1672826929594
USER	Create  Scenario	START	1672826929953
USER	Create  Scenario	START	1672826930952
USER	Create  Scenario	START	1672826931452
USER	Create  Scenario	END	1672826931527
USER	Create  Scenario	START	1672826931952
USER	Create  Scenario	END	1672826932432
REQUEST		Proposal	1672826922953	1672826932783	OK	 
USER	Create  Scenario	START	1672826932952
REQUEST		Proposal	1672826902953	1672826933726	OK	 
REQUEST		Proposal	1672826916953	1672826933921	OK	 
USER	Create  Scenario	START	1672826933952
USER	Create  Scenario	START	1672826934452
REQUEST		Proposal	1672826897953	1672826934482	OK	 
USER	Create  Scenario	START	1672826934952
REQUEST		Proposal	1672826927453	1672826935007	OK	 
REQUEST		Proposal	1672826899953	1672826935016	OK	 
USER	Create  Scenario	END	1672826935784
USER	Create  Scenario	START	1672826935952
USER	Create  Scenario	START	1672826936452
USER	Create  Scenario	END	1672826936728
USER	Create  Scenario	END	1672826936922
USER	Create  Scenario	START	1672826936952
USER	Create  Scenario	END	1672826937483
USER	Create  Scenario	START	1672826937952
USER	Create  Scenario	END	1672826938008
USER	Create  Scenario	END	1672826938016
REQUEST		Proposal	1672826892953	1672826938079	OK	 
USER	Create  Scenario	START	1672826938452
REQUEST		Proposal	1672826928953	1672826938624	OK	 
USER	Create  Scenario	START	1672826938953
REQUEST		Proposal	1672826927953	1672826939037	OK	 
USER	Create  Scenario	START	1672826939952
REQUEST		Proposal	1672826932952	1672826940666	OK	 
USER	Create  Scenario	START	1672826940952
USER	Create  Scenario	END	1672826941080
USER	Create  Scenario	START	1672826941453
USER	Create  Scenario	END	1672826941625
REQUEST		Proposal	1672826909953	1672826941704	OK	 
USER	Create  Scenario	START	1672826941953
USER	Create  Scenario	END	1672826942039
REQUEST		Proposal	1672826907953	1672826942059	OK	 
REQUEST		Proposal	1672826936453	1672826942319	OK	 
REQUEST		Proposal	1672826935953	1672826942783	OK	 
USER	Create  Scenario	START	1672826942953
USER	Create  Scenario	START	1672826943453
USER	Create  Scenario	END	1672826943667
USER	Create  Scenario	START	1672826943953
USER	Create  Scenario	END	1672826944705
USER	Create  Scenario	START	1672826944952
USER	Create  Scenario	END	1672826945060
USER	Create  Scenario	END	1672826945320
USER	Create  Scenario	START	1672826945453
USER	Create  Scenario	END	1672826945785
USER	Create  Scenario	START	1672826945953
REQUEST		Proposal	1672826939953	1672826945972	OK	 
USER	Create  Scenario	START	1672826946952
REQUEST		Proposal	1672826886954	1672826946955	KO	i.g.h.c.i.RequestTimeoutException: Request timeout to backend-qa.knoldus.com/34.132.142.94:443 after 60000 ms
REQUEST		Proposal	1672826941954	1672826947519	OK	 
REQUEST		Proposal	1672826938453	1672826947857	OK	 
USER	Create  Scenario	END	1672826948974
REQUEST		Proposal	1672826891953	1672826949623	OK	 
USER	Create  Scenario	END	1672826949958
USER	Create  Scenario	END	1672826950521
USER	Create  Scenario	END	1672826950858
REQUEST		Proposal	1672826898953	1672826952270	OK	 
USER	Create  Scenario	END	1672826952624
REQUEST		Proposal	1672826938953	1672826953915	OK	 
REQUEST		Proposal	1672826894453	1672826954453	KO	i.g.h.c.i.RequestTimeoutException: Request timeout to backend-qa.knoldus.com/34.132.142.94:443 after 60000 ms
REQUEST		Proposal	1672826942953	1672826954838	OK	 
REQUEST		Proposal	1672826908453	1672826955189	OK	 
USER	Create  Scenario	END	1672826955271
REQUEST		Proposal	1672826917453	1672826955346	OK	 
REQUEST		Proposal	1672826946953	1672826956302	OK	 
USER	Create  Scenario	END	1672826956916
USER	Create  Scenario	END	1672826957453
USER	Create  Scenario	END	1672826957839
REQUEST		Proposal	1672826912953	1672826958003	OK	 
USER	Create  Scenario	END	1672826958190
USER	Create  Scenario	END	1672826958346
USER	Create  Scenario	END	1672826959303
REQUEST		Proposal	1672826924454	1672826960116	OK	 
REQUEST		Proposal	1672826943453	1672826960260	OK	 
REQUEST		Proposal	1672826900954	1672826960954	KO	i.g.h.c.i.RequestTimeoutException: Request timeout to backend-qa.knoldus.com/34.132.142.94:443 after 60000 ms
USER	Create  Scenario	END	1672826961004
REQUEST		Proposal	1672826924953	1672826961855	OK	 
REQUEST		Proposal	1672826903453	1672826961855	OK	 
REQUEST		Proposal	1672826920953	1672826962117	OK	 
REQUEST		Proposal	1672826920453	1672826962625	OK	 
REQUEST		Proposal	1672826922453	1672826963078	OK	 
USER	Create  Scenario	END	1672826963117
USER	Create  Scenario	END	1672826963260
REQUEST		Proposal	1672826933952	1672826963783	OK	 
USER	Create  Scenario	END	1672826963955
REQUEST		Proposal	1672826910453	1672826964177	OK	 
REQUEST		Proposal	1672826923953	1672826964380	OK	 
USER	Create  Scenario	END	1672826964856
USER	Create  Scenario	END	1672826964856
REQUEST		Proposal	1672826945453	1672826965068	OK	 
USER	Create  Scenario	END	1672826965118
REQUEST		Proposal	1672826908953	1672826965173	OK	 
USER	Create  Scenario	END	1672826965626
REQUEST		Proposal	1672826911953	1672826965872	OK	 
REQUEST		Proposal	1672826917953	1672826966019	OK	 
USER	Create  Scenario	END	1672826966079
REQUEST		Proposal	1672826918953	1672826966247	OK	 
REQUEST		Proposal	1672826944953	1672826966768	OK	 
USER	Create  Scenario	END	1672826966784
USER	Create  Scenario	END	1672826967178
REQUEST		Proposal	1672826931953	1672826967341	OK	 
USER	Create  Scenario	END	1672826967380
USER	Create  Scenario	END	1672826968069
REQUEST		Proposal	1672826921953	1672826968139	OK	 
USER	Create  Scenario	END	1672826968175
REQUEST		Proposal	1672826925953	1672826968472	OK	 
USER	Create  Scenario	END	1672826968874
USER	Create  Scenario	END	1672826969020
REQUEST		Proposal	1672826941453	1672826969126	OK	 
USER	Create  Scenario	END	1672826969248
REQUEST		Proposal	1672826915453	1672826969492	OK	 
REQUEST		Proposal	1672826929453	1672826969543	OK	 
REQUEST		Proposal	1672826934953	1672826969567	OK	 
USER	Create  Scenario	END	1672826969769
REQUEST		Proposal	1672826945953	1672826970100	OK	 
REQUEST		Proposal	1672826936952	1672826970136	OK	 
REQUEST		Proposal	1672826934453	1672826970158	OK	 
REQUEST		Proposal	1672826926953	1672826970315	OK	 
USER	Create  Scenario	END	1672826970342
REQUEST		Proposal	1672826913453	1672826970426	OK	 
REQUEST		Proposal	1672826931453	1672826970919	OK	 
REQUEST		Proposal	1672826937953	1672826970995	OK	 
USER	Create  Scenario	END	1672826971140
REQUEST		Proposal	1672826929953	1672826971295	OK	 
USER	Create  Scenario	END	1672826971473
REQUEST		Proposal	1672826930953	1672826971721	OK	 
USER	Create  Scenario	END	1672826972127
USER	Create  Scenario	END	1672826972493
USER	Create  Scenario	END	1672826972544
USER	Create  Scenario	END	1672826972568
USER	Create  Scenario	END	1672826973101
USER	Create  Scenario	END	1672826973137
USER	Create  Scenario	END	1672826973159
USER	Create  Scenario	END	1672826973316
USER	Create  Scenario	END	1672826973427
USER	Create  Scenario	END	1672826973920
USER	Create  Scenario	END	1672826973996
USER	Create  Scenario	END	1672826974296
USER	Create  Scenario	END	1672826974722
REQUEST		Proposal	1672826940952	1672826975575	OK	 
USER	Create  Scenario	END	1672826978576
REQUEST		Proposal	1672826943953	1672826978885	OK	 
USER	Create  Scenario	END	1672826981886
