RUN	Simulations.Runner.Go1percent	go1percent	1674760044470	 	3.5.1
USER	Contribution API	START	1674760045396
USER	Contribution API	START	1674760045484
USER	Contribution API	START	1674760045585
USER	Contribution API	START	1674760045686
USER	Contribution API	START	1674760045787
USER	Contribution API	START	1674760045887
USER	Contribution API	START	1674760045987
USER	Contribution API	START	1674760046087
USER	Contribution API	START	1674760046188
USER	Contribution API	START	1674760046288
REQUEST		/Contribution/getknolderContribution-Fetch all the other contributions by the user	1674760045416	1674760046283	OK	 
REQUEST		/Contribution/getknolderContribution-Fetch all the other contributions by the user	1674760045485	1674760046336	OK	 
USER	Contribution API	START	1674760046389
REQUEST		/Contribution/getknolderContribution-Fetch all the other contributions by the user	1674760045586	1674760046437	OK	 
USER	Contribution API	START	1674760046489
REQUEST		/Contribution/getknolderContribution-Fetch all the other contributions by the user	1674760045687	1674760046532	OK	 
USER	Contribution API	START	1674760046589
REQUEST		/Contribution/getknolderContribution-Fetch all the other contributions by the user	1674760045787	1674760046622	OK	 
USER	Contribution API	START	1674760046689
REQUEST		/Contribution/getknolderContribution-Fetch all the other contributions by the user	1674760045888	1674760046746	OK	 
USER	Contribution API	START	1674760046789
REQUEST		/Contribution/getknolderContribution-Fetch all the other contributions by the user	1674760045988	1674760046827	OK	 
USER	Contribution API	START	1674760046890
REQUEST		/Contribution/getknolderContribution-Fetch all the other contributions by the user	1674760046088	1674760046931	OK	 
USER	Contribution API	START	1674760046989
REQUEST		/Contribution/getknolderContribution-Fetch all the other contributions by the user	1674760046189	1674760047034	OK	 
USER	Contribution API	START	1674760047090
REQUEST		/Contribution/getknolderContribution-Fetch all the other contributions by the user	1674760046289	1674760047148	OK	 
USER	Contribution API	START	1674760047190
REQUEST		/Contribution/getknolderContribution-Fetch all the other contributions by the user	1674760046389	1674760047235	OK	 
USER	Contribution API	START	1674760047290
REQUEST		/Contribution/getknolderContribution-Fetch all the other contributions by the user	1674760046489	1674760047327	OK	 
USER	Contribution API	START	1674760047390
REQUEST		/Contribution/getknolderContribution-Fetch all the other contributions by the user	1674760046590	1674760047446	OK	 
USER	Contribution API	START	1674760047482
REQUEST		/Contribution/getknolderContribution-Fetch all the other contributions by the user	1674760046690	1674760047542	OK	 
USER	Contribution API	START	1674760047582
REQUEST		/Contribution/getknolderContribution-Fetch all the other contributions by the user	1674760046790	1674760047653	OK	 
USER	Contribution API	START	1674760047682
REQUEST		/Contribution/getknolderContribution-Fetch all the other contributions by the user	1674760046890	1674760047739	OK	 
USER	Contribution API	START	1674760047782
REQUEST		/Contribution/getknolderContribution-Fetch all the other contributions by the user	1674760046990	1674760047838	OK	 
USER	Contribution API	START	1674760047882
REQUEST		/Contribution/getknolderContribution-Fetch all the other contributions by the user	1674760047090	1674760047935	OK	 
USER	Contribution API	START	1674760047983
REQUEST		/Contribution/getknolderContribution-Fetch all the other contributions by the user	1674760047190	1674760048050	OK	 
USER	Contribution API	START	1674760048083
REQUEST		/Contribution/getknolderContribution-Fetch all the other contributions by the user	1674760047290	1674760048130	OK	 
USER	Contribution API	START	1674760048183
REQUEST		/Contribution/getknolderContribution-Fetch all the other contributions by the user	1674760047390	1674760048229	OK	 
USER	Contribution API	START	1674760048283
REQUEST		/Contribution/getknolderContribution-Fetch all the other contributions by the user	1674760047482	1674760048330	OK	 
USER	Contribution API	START	1674760048383
REQUEST		/Contribution/getknolderContribution-Fetch all the other contributions by the user	1674760047583	1674760048425	OK	 
USER	Contribution API	START	1674760048482
REQUEST		/Contribution/getknolderContribution-Fetch all the other contributions by the user	1674760047683	1674760048532	OK	 
USER	Contribution API	START	1674760048582
REQUEST		/Contribution/getknolderContribution-Fetch all the other contributions by the user	1674760047783	1674760048637	OK	 
USER	Contribution API	START	1674760048682
REQUEST		/Contribution/getknolderContribution-Fetch all the other contributions by the user	1674760047883	1674760048732	OK	 
USER	Contribution API	START	1674760048782
REQUEST		/Contribution/getknolderContribution-Fetch all the other contributions by the user	1674760047983	1674760048838	OK	 
USER	Contribution API	START	1674760048883
REQUEST		/Contribution/getknolderContribution-Fetch all the other contributions by the user	1674760048083	1674760048926	OK	 
USER	Contribution API	START	1674760048983
REQUEST		/Contribution/getknolderContribution-Fetch all the other contributions by the user	1674760048183	1674760049029	OK	 
USER	Contribution API	START	1674760049083
REQUEST		/Contribution/getknolderContribution-Fetch all the other contributions by the user	1674760048284	1674760049125	OK	 
USER	Contribution API	START	1674760049183
REQUEST		/Contribution/getknolderContribution-Fetch all the other contributions by the user	1674760048384	1674760049239	OK	 
USER	Contribution API	START	1674760049283
REQUEST		/Contribution/getknolderContribution-Fetch all the other contributions by the user	1674760048483	1674760049331	OK	 
USER	Contribution API	START	1674760049383
REQUEST		/Contribution/getknolderContribution-Fetch all the other contributions by the user	1674760048583	1674760049435	OK	 
USER	Contribution API	START	1674760049482
REQUEST		/Contribution/getknolderContribution-Fetch all the other contributions by the user	1674760048683	1674760049523	OK	 
USER	Contribution API	START	1674760049582
REQUEST		/Contribution/getknolderContribution-Fetch all the other contributions by the user	1674760048783	1674760049639	OK	 
USER	Contribution API	START	1674760049682
REQUEST		/Contribution/getknolderContribution-Fetch all the other contributions by the user	1674760048883	1674760049782	OK	 
USER	Contribution API	START	1674760049782
USER	Contribution API	START	1674760049882
REQUEST		/Contribution/getknolderContribution-Fetch all the other contributions by the user	1674760048983	1674760049900	OK	 
REQUEST		/Contribution/getknolderContribution-Fetch all the other contributions by the user	1674760049083	1674760049972	OK	 
USER	Contribution API	START	1674760049982
USER	Contribution API	START	1674760050082
REQUEST		/Contribution/getknolderContribution-Fetch all the other contributions by the user	1674760049183	1674760050147	OK	 
REQUEST		/Contribution/getknolderContribution-Fetch all the other contributions by the user	1674760049284	1674760050166	OK	 
USER	Contribution API	START	1674760050183
USER	Contribution API	START	1674760050283
USER	Contribution API	START	1674760050383
REQUEST		/Contribution/getknolderContribution-Fetch all the other contributions by the user	1674760049384	1674760050429	OK	 
REQUEST		/Contribution/getknolderContribution-Fetch all the other contributions by the user	1674760049482	1674760050446	OK	 
REQUEST		/Contribution/getknolderContribution-Fetch all the other contributions by the user	1674760049583	1674760050451	OK	 
USER	Contribution API	START	1674760050482
USER	Contribution API	START	1674760050582
REQUEST		/Contribution/getknolderContribution-Fetch all the other contributions by the user	1674760049783	1674760050647	OK	 
REQUEST		/Contribution/getknolderContribution-Fetch all the other contributions by the user	1674760049683	1674760050650	OK	 
USER	Contribution API	START	1674760050682
USER	Contribution API	START	1674760050783
USER	Contribution API	START	1674760050883
REQUEST		/Contribution/getknolderContribution-Fetch all the other contributions by the user	1674760049883	1674760050911	OK	 
USER	Contribution API	START	1674760050983
USER	Contribution API	START	1674760051083
USER	Contribution API	START	1674760051183
USER	Contribution API	START	1674760051283
REQUEST		/Contribution/getknolderContribution-Fetch all the other contributions by the user	1674760050083	1674760051319	OK	 
REQUEST		/Contribution/getknolderContribution-Fetch all the other contributions by the user	1674760050183	1674760051320	OK	 
REQUEST		/Contribution/getknolderContribution-Fetch all the other contributions by the user	1674760049983	1674760051321	OK	 
USER	Contribution API	START	1674760051383
USER	Contribution API	START	1674760051481
USER	Contribution API	START	1674760051582
USER	Contribution API	START	1674760051682
USER	Contribution API	START	1674760051782
REQUEST		/Contribution/getknolderContribution-Fetch all the other contributions by the user	1674760050482	1674760051841	OK	 
USER	Contribution API	START	1674760051882
USER	Contribution API	START	1674760051982
REQUEST		/Contribution/getknolderContribution-Fetch all the other contributions by the user	1674760050384	1674760051994	OK	 
USER	Contribution API	START	1674760052082
USER	Contribution API	START	1674760052182
USER	Contribution API	START	1674760052282
USER	Contribution API	START	1674760052382
USER	Contribution API	START	1674760052482
USER	Contribution API	START	1674760052582
USER	Contribution API	START	1674760052682
USER	Contribution API	START	1674760052782
USER	Contribution API	START	1674760052882
USER	Contribution API	START	1674760052982
REQUEST		/Contribution/getknolderContribution-Fetch all the other contributions by the user	1674760050583	1674760053067	OK	 
REQUEST		/Contribution/getknolderContribution-Fetch all the other contributions by the user	1674760050783	1674760053068	OK	 
REQUEST		/Contribution/getknolderContribution-Fetch all the other contributions by the user	1674760050883	1674760053073	OK	 
REQUEST		/Contribution/getknolderContribution-Fetch all the other contributions by the user	1674760050283	1674760053075	OK	 
REQUEST		/Contribution/getknolderContribution-Fetch all the other contributions by the user	1674760051184	1674760053076	OK	 
REQUEST		/Contribution/getknolderContribution-Fetch all the other contributions by the user	1674760051284	1674760053078	OK	 
REQUEST		/Contribution/getknolderContribution-Fetch all the other contributions by the user	1674760050683	1674760053081	OK	 
USER	Contribution API	START	1674760053082
USER	Contribution API	START	1674760053182
USER	Contribution API	START	1674760053282
USER	Contribution API	START	1674760053382
USER	Contribution API	START	1674760053482
USER	Contribution API	START	1674760053582
USER	Contribution API	START	1674760053682
USER	Contribution API	START	1674760053782
REQUEST		/Contribution/getknolderContribution-Fetch all the other contributions by the user	1674760052083	1674760053788	OK	 
USER	Contribution API	START	1674760053882
USER	Contribution API	START	1674760053982
USER	Contribution API	START	1674760054082
USER	Contribution API	START	1674760054182
USER	Contribution API	START	1674760054282
REQUEST		/Contribution/getknolderContribution-Fetch all the other contributions by the user	1674760051084	1674760054378	OK	 
USER	Contribution API	START	1674760054382
USER	Contribution API	START	1674760054481
REQUEST		/Contribution/getknolderContribution-Fetch all the other contributions by the user	1674760051983	1674760054499	OK	 
USER	Contribution API	START	1674760054581
USER	Contribution API	START	1674760054681
USER	Contribution API	START	1674760054781
USER	Contribution API	START	1674760054881
USER	Contribution API	START	1674760054981
USER	Contribution API	START	1674760055081
USER	Contribution API	START	1674760055181
USER	Contribution API	START	1674760055282
REQUEST		/contribution/getApprovedContributionsForAll?pageNumber=1&limit=10000-Fetch other contributions are there which are approved	1674760049337	1674760055345	OK	 
REQUEST		/contribution/getApprovedContributionsForAll?pageNumber=1&limit=10000-Fetch other contributions are there which are approved	1674760049534	1674760055897	OK	 
REQUEST		/Contribution/getknolderContribution-Fetch all the other contributions by the user	1674760052882	1674760055900	OK	 
REQUEST		/Contribution/getknolderContribution-Fetch all the other contributions by the user	1674760052582	1674760056150	OK	 
REQUEST		/Contribution/getknolderContribution-Fetch all the other contributions by the user	1674760052182	1674760056165	OK	 
REQUEST		/Contribution/getknolderContribution-Fetch all the other contributions by the user	1674760052982	1674760056411	OK	 
REQUEST		/contribution/getApprovedContributionsForAll?pageNumber=1&limit=10000-Fetch other contributions are there which are approved	1674760049933	1674760056668	OK	 
REQUEST		/contribution/getApprovedContributionsForAll?pageNumber=1&limit=10000-Fetch other contributions are there which are approved	1674760050328	1674760056968	OK	 
REQUEST		/Contribution/getknolderContribution-Fetch all the other contributions by the user	1674760054282	1674760057104	OK	 
REQUEST		/contribution/getApprovedContributionsForAll?pageNumber=1&limit=10000-Fetch other contributions are there which are approved	1674760049302	1674760057827	OK	 
REQUEST		/Contribution/getknolderContribution-Fetch all the other contributions by the user	1674760052682	1674760058755	OK	 
REQUEST		/Contribution/getknolderContribution-Fetch all the other contributions by the user	1674760050983	1674760058794	OK	 
REQUEST		/Contribution/getknolderContribution-Fetch all the other contributions by the user	1674760053182	1674760058797	OK	 
REQUEST		/contribution/getApprovedContributionsForAll?pageNumber=1&limit=10000-Fetch other contributions are there which are approved	1674760050544	1674760058843	OK	 
REQUEST		/Contribution/getknolderContribution-Fetch all the other contributions by the user	1674760053482	1674760059001	OK	 
REQUEST		/Contribution/getknolderContribution-Fetch all the other contributions by the user	1674760053282	1674760059258	OK	 
REQUEST		/Contribution/getknolderContribution-Fetch all the other contributions by the user	1674760055082	1674760059600	OK	 
REQUEST		/Contribution/getknolderContribution-Fetch all the other contributions by the user	1674760055283	1674760059970	OK	 
REQUEST		/Contribution/getknolderContribution-Fetch all the other contributions by the user	1674760053382	1674760060623	OK	 
REQUEST		/Contribution/getknolderContribution-Fetch all the other contributions by the user	1674760055182	1674760060655	OK	 
REQUEST		/Contribution/getknolderContribution-Fetch all the other contributions by the user	1674760053982	1674760060660	OK	 
REQUEST		/contribution/getApprovedContributionsForAll?pageNumber=1&limit=10000-Fetch other contributions are there which are approved	1674760050936	1674760060865	OK	 
REQUEST		/Contribution/getknolderContribution-Fetch all the other contributions by the user	1674760052782	1674760060962	OK	 
REQUEST		/contribution/allContribution?pageNumber=1&limit=10000-Fetch all the other contributions which are available there for approval	1674760058346	1674760061009	OK	 
REQUEST		/contribution/getApprovedContributionsForAll?pageNumber=1&limit=10000-Fetch other contributions are there which are approved	1674760051132	1674760061064	OK	 
REQUEST		/Contribution/getknolderContribution-Fetch all the other contributions by the user	1674760054682	1674760061151	OK	 
REQUEST		/Contribution/getknolderContribution-Fetch all the other contributions by the user	1674760051384	1674760061162	OK	 
REQUEST		/Contribution/getknolderContribution-Fetch all the other contributions by the user	1674760054383	1674760061201	OK	 
REQUEST		/Contribution/getknolderContribution-Fetch all the other contributions by the user	1674760054481	1674760061385	OK	 
REQUEST		/Contribution/getknolderContribution-Fetch all the other contributions by the user	1674760054982	1674760061412	OK	 
REQUEST		/Contribution/getknolderContribution-Fetch all the other contributions by the user	1674760053682	1674760061442	OK	 
REQUEST		/Contribution/getknolderContribution-Fetch all the other contributions by the user	1674760052482	1674760061460	OK	 
REQUEST		/Contribution/getknolderContribution-Fetch all the other contributions by the user	1674760054182	1674760061530	OK	 
REQUEST		/Contribution/getknolderContribution-Fetch all the other contributions by the user	1674760053882	1674760061533	OK	 
REQUEST		/contribution/allContribution?pageNumber=1&limit=10000-Fetch all the other contributions which are available there for approval	1674760058898	1674760061687	OK	 
REQUEST		/Contribution/getknolderContribution-Fetch all the other contributions by the user	1674760051582	1674760061893	OK	 
REQUEST		/Contribution/getknolderContribution-Fetch all the other contributions by the user	1674760054582	1674760062029	OK	 
REQUEST		/contribution/getApprovedContributionsForAll?pageNumber=1&limit=10000-Fetch other contributions are there which are approved	1674760051639	1674760062122	OK	 
REQUEST		/Contribution/getknolderContribution-Fetch all the other contributions by the user	1674760051682	1674760062339	OK	 
REQUEST		/contribution/getApprovedContributionsForAll?pageNumber=1&limit=10000-Fetch other contributions are there which are approved	1674760053648	1674760062501	OK	 
REQUEST		/Contribution/getknolderContribution-Fetch all the other contributions by the user	1674760054882	1674760062668	OK	 
REQUEST		/Contribution/getknolderContribution-Fetch all the other contributions by the user	1674760052383	1674760062756	OK	 
REQUEST		/Contribution/getknolderContribution-Fetch all the other contributions by the user	1674760051782	1674760062821	OK	 
REQUEST		/contribution/getApprovedContributionsForAll?pageNumber=1&limit=10000-Fetch other contributions are there which are approved	1674760052332	1674760062947	OK	 
REQUEST		/Contribution/getknolderContribution-Fetch all the other contributions by the user	1674760051482	1674760063070	OK	 
REQUEST		/Contribution/getknolderContribution-Fetch all the other contributions by the user	1674760053582	1674760063253	OK	 
REQUEST		/Contribution/getknolderContribution-Fetch all the other contributions by the user	1674760052283	1674760063256	OK	 
REQUEST		/contribution/getApprovedContributionsForAll?pageNumber=1&limit=10000-Fetch other contributions are there which are approved	1674760052436	1674760063815	OK	 
REQUEST		/contribution/allContribution?pageNumber=1&limit=10000-Fetch all the other contributions which are available there for approval	1674760059669	1674760063921	OK	 
USER	Contribution API	END	1674760064013
REQUEST		/contribution/allContribution?pageNumber=1&limit=10000-Fetch all the other contributions which are available there for approval	1674760061844	1674760064090	OK	 
REQUEST		/Contribution/getknolderContribution-Fetch all the other contributions by the user	1674760053082	1674760064366	OK	 
REQUEST		/Contribution/getknolderContribution-Fetch all the other contributions by the user	1674760054082	1674760064413	OK	 
USER	Contribution API	END	1674760064688
REQUEST		/Contribution/getknolderContribution-Fetch all the other contributions by the user	1674760053782	1674760064703	OK	 
REQUEST		/contribution/getApprovedContributionsForAll?pageNumber=1&limit=10000-Fetch other contributions are there which are approved	1674760054322	1674760064878	OK	 
REQUEST		/contribution/getApprovedContributionsForAll?pageNumber=1&limit=10000-Fetch other contributions are there which are approved	1674760056079	1674760065775	OK	 
REQUEST		/contribution/getApprovedContributionsForAll?pageNumber=1&limit=10000-Fetch other contributions are there which are approved	1674760053650	1674760065977	OK	 
REQUEST		/contribution/allContribution?pageNumber=1&limit=10000-Fetch all the other contributions which are available there for approval	1674760060828	1674760066069	OK	 
REQUEST		/contribution/allContribution?pageNumber=1&limit=10000-Fetch all the other contributions which are available there for approval	1674760063866	1674760066374	OK	 
REQUEST		/contribution/allContribution?pageNumber=1&limit=10000-Fetch all the other contributions which are available there for approval	1674760064065	1674760066538	OK	 
REQUEST		/contribution/getApprovedContributionsForAll?pageNumber=1&limit=10000-Fetch other contributions are there which are approved	1674760053167	1674760066614	OK	 
USER	Contribution API	END	1674760066922
REQUEST		/Contribution/getknolderContribution-Fetch all the other contributions by the user	1674760054782	1674760066996	OK	 
USER	Contribution API	END	1674760067091
REQUEST		/contribution/allContribution?pageNumber=1&limit=10000-Fetch all the other contributions which are available there for approval	1674760059969	1674760067368	OK	 
REQUEST		/contribution/allContribution?pageNumber=1&limit=10000-Fetch all the other contributions which are available there for approval	1674760065122	1674760067896	OK	 
REQUEST		/contribution/allContribution?pageNumber=1&limit=10000-Fetch all the other contributions which are available there for approval	1674760065948	1674760068477	OK	 
REQUEST		/contribution/allContribution?pageNumber=1&limit=10000-Fetch all the other contributions which are available there for approval	1674760065502	1674760068886	OK	 
USER	Contribution API	END	1674760069070
REQUEST		/contribution/allContribution?pageNumber=1&limit=10000-Fetch all the other contributions which are available there for approval	1674760066816	1674760069284	OK	 
USER	Contribution API	END	1674760069376
USER	Contribution API	END	1674760069539
REQUEST		/contribution/getApprovedContributionsForAll?pageNumber=1&limit=10000-Fetch other contributions are there which are approved	1674760052640	1674760069679	OK	 
REQUEST		/contribution/allContribution?pageNumber=1&limit=10000-Fetch all the other contributions which are available there for approval	1674760067879	1674760069938	OK	 
REQUEST		/contribution/getApprovedContributionsForAll?pageNumber=1&limit=10000-Fetch other contributions are there which are approved	1674760061795	1674760070253	OK	 
USER	Contribution API	END	1674760070369
REQUEST		/contribution/getApprovedContributionsForAll?pageNumber=1&limit=10000-Fetch other contributions are there which are approved	1674760051734	1674760070707	OK	 
REQUEST		/contribution/getApprovedContributionsForAll?pageNumber=1&limit=10000-Fetch other contributions are there which are approved	1674760061755	1674760070790	OK	 
REQUEST		/contribution/getApprovedContributionsForAll?pageNumber=1&limit=10000-Fetch other contributions are there which are approved	1674760061797	1674760070809	OK	 
USER	Contribution API	END	1674760070897
REQUEST		/contribution/allContribution?pageNumber=1&limit=10000-Fetch all the other contributions which are available there for approval	1674760068776	1674760070913	OK	 
REQUEST		/contribution/allContribution?pageNumber=1&limit=10000-Fetch all the other contributions which are available there for approval	1674760069615	1674760071338	OK	 
USER	Contribution API	END	1674760071478
REQUEST		/contribution/allContribution?pageNumber=1&limit=10000-Fetch all the other contributions which are available there for approval	1674760068978	1674760071660	OK	 
USER	Contribution API	END	1674760071887
REQUEST		/contribution/getApprovedContributionsForAll?pageNumber=1&limit=10000-Fetch other contributions are there which are approved	1674760051927	1674760072129	OK	 
USER	Contribution API	END	1674760072285
USER	Contribution API	END	1674760072939
REQUEST		/contribution/getApprovedContributionsForAll?pageNumber=1&limit=10000-Fetch other contributions are there which are approved	1674760062601	1674760073429	OK	 
REQUEST		/contribution/getApprovedContributionsForAll?pageNumber=1&limit=10000-Fetch other contributions are there which are approved	1674760062971	1674760073775	OK	 
REQUEST		/contribution/getApprovedContributionsForAll?pageNumber=1&limit=10000-Fetch other contributions are there which are approved	1674760062259	1674760073777	OK	 
REQUEST		/Contribution/getknolderContribution-Fetch all the other contributions by the user	1674760051882	1674760073849	OK	 
USER	Contribution API	END	1674760073914
REQUEST		/contribution/getApprovedContributionsForAll?pageNumber=1&limit=10000-Fetch other contributions are there which are approved	1674760054321	1674760074132	OK	 
REQUEST		/contribution/allContribution?pageNumber=1&limit=10000-Fetch all the other contributions which are available there for approval	1674760072680	1674760074303	OK	 
USER	Contribution API	END	1674760074339
USER	Contribution API	END	1674760074661
REQUEST		/contribution/getApprovedContributionsForAll?pageNumber=1&limit=10000-Fetch other contributions are there which are approved	1674760063624	1674760074676	OK	 
REQUEST		/contribution/getApprovedContributionsForAll?pageNumber=1&limit=10000-Fetch other contributions are there which are approved	1674760063661	1674760074903	OK	 
REQUEST		/contribution/getApprovedContributionsForAll?pageNumber=1&limit=10000-Fetch other contributions are there which are approved	1674760063655	1674760075073	OK	 
REQUEST		/contribution/allContribution?pageNumber=1&limit=10000-Fetch all the other contributions which are available there for approval	1674760073254	1674760075301	OK	 
REQUEST		/contribution/allContribution?pageNumber=1&limit=10000-Fetch all the other contributions which are available there for approval	1674760073791	1674760075508	OK	 
REQUEST		/contribution/allContribution?pageNumber=1&limit=10000-Fetch all the other contributions which are available there for approval	1674760073810	1674760075791	OK	 
REQUEST		/contribution/allContribution?pageNumber=1&limit=10000-Fetch all the other contributions which are available there for approval	1674760073708	1674760075960	OK	 
USER	Contribution API	END	1674760077304
REQUEST		/contribution/allContribution?pageNumber=1&limit=10000-Fetch all the other contributions which are available there for approval	1674760075130	1674760077333	OK	 
USER	Contribution API	END	1674760078302
REQUEST		/contribution/allContribution?pageNumber=1&limit=10000-Fetch all the other contributions which are available there for approval	1674760076777	1674760078407	OK	 
REQUEST		/contribution/getApprovedContributionsForAll?pageNumber=1&limit=10000-Fetch other contributions are there which are approved	1674760050149	1674760078494	OK	 
USER	Contribution API	END	1674760078510
REQUEST		/contribution/allContribution?pageNumber=1&limit=10000-Fetch all the other contributions which are available there for approval	1674760076430	1674760078598	OK	 
REQUEST		/contribution/allContribution?pageNumber=1&limit=10000-Fetch all the other contributions which are available there for approval	1674760076776	1674760078726	OK	 
USER	Contribution API	END	1674760078791
USER	Contribution API	END	1674760078961
REQUEST		/contribution/allContribution?pageNumber=1&limit=10000-Fetch all the other contributions which are available there for approval	1674760077133	1674760079094	OK	 
REQUEST		/contribution/allContribution?pageNumber=1&limit=10000-Fetch all the other contributions which are available there for approval	1674760077904	1674760079955	OK	 
REQUEST		/contribution/allContribution?pageNumber=1&limit=10000-Fetch all the other contributions which are available there for approval	1674760078073	1674760080037	OK	 
USER	Contribution API	END	1674760080334
REQUEST		/contribution/getApprovedContributionsForAll?pageNumber=1&limit=10000-Fetch other contributions are there which are approved	1674760049438	1674760081034	OK	 
USER	Contribution API	END	1674760081409
USER	Contribution API	END	1674760081599
USER	Contribution API	END	1674760081727
USER	Contribution API	END	1674760082095
USER	Contribution API	END	1674760082956
USER	Contribution API	END	1674760083038
REQUEST		/contribution/allContribution?pageNumber=1&limit=10000-Fetch all the other contributions which are available there for approval	1674760077677	1674760083975	OK	 
REQUEST		/contribution/getApprovedContributionsForAll?pageNumber=1&limit=10000-Fetch other contributions are there which are approved	1674760049623	1674760085638	OK	 
REQUEST		/contribution/getApprovedContributionsForAll?pageNumber=1&limit=10000-Fetch other contributions are there which are approved	1674760051533	1674760086084	OK	 
USER	Contribution API	END	1674760086976
REQUEST		/contribution/getApprovedContributionsForAll?pageNumber=1&limit=10000-Fetch other contributions are there which are approved	1674760050035	1674760090294	OK	 
REQUEST		/contribution/getApprovedContributionsForAll?pageNumber=1&limit=10000-Fetch other contributions are there which are approved	1674760049747	1674760090299	OK	 
REQUEST		/contribution/allContribution?pageNumber=1&limit=10000-Fetch all the other contributions which are available there for approval	1674760084035	1674760090526	OK	 
REQUEST		/contribution/allContribution?pageNumber=1&limit=10000-Fetch all the other contributions which are available there for approval	1674760081495	1674760091244	OK	 
REQUEST		/contribution/getApprovedContributionsForAll?pageNumber=1&limit=10000-Fetch other contributions are there which are approved	1674760053148	1674760092196	OK	 
REQUEST		/contribution/allContribution?pageNumber=1&limit=10000-Fetch all the other contributions which are available there for approval	1674760089085	1674760093522	OK	 
USER	Contribution API	END	1674760093527
REQUEST		/contribution/getApprovedContributionsForAll?pageNumber=1&limit=10000-Fetch other contributions are there which are approved	1674760049828	1674760094124	OK	 
USER	Contribution API	END	1674760094245
REQUEST		/contribution/getApprovedContributionsForAll?pageNumber=1&limit=10000-Fetch other contributions are there which are approved	1674760050236	1674760095079	OK	 
REQUEST		/contribution/getApprovedContributionsForAll?pageNumber=1&limit=10000-Fetch other contributions are there which are approved	1674760050447	1674760096184	OK	 
REQUEST		/contribution/allContribution?pageNumber=1&limit=10000-Fetch all the other contributions which are available there for approval	1674760088639	1674760096399	OK	 
USER	Contribution API	END	1674760096523
REQUEST		/contribution/getApprovedContributionsForAll?pageNumber=1&limit=10000-Fetch other contributions are there which are approved	1674760051052	1674760096637	OK	 
REQUEST		/contribution/getApprovedContributionsForAll?pageNumber=1&limit=10000-Fetch other contributions are there which are approved	1674760062002	1674760097227	OK	 
USER	Contribution API	END	1674760099400
REQUEST		/contribution/getApprovedContributionsForAll?pageNumber=1&limit=10000-Fetch other contributions are there which are approved	1674760052973	1674760099500	OK	 
REQUEST		/contribution/getApprovedContributionsForAll?pageNumber=1&limit=10000-Fetch other contributions are there which are approved	1674760053448	1674760100831	OK	 
REQUEST		/contribution/getApprovedContributionsForAll?pageNumber=1&limit=10000-Fetch other contributions are there which are approved	1674760051331	1674760100884	OK	 
REQUEST		/contribution/getApprovedContributionsForAll?pageNumber=1&limit=10000-Fetch other contributions are there which are approved	1674760050741	1674760101332	OK	 
REQUEST		/contribution/getApprovedContributionsForAll?pageNumber=1&limit=10000-Fetch other contributions are there which are approved	1674760065030	1674760101994	OK	 
REQUEST		/contribution/getApprovedContributionsForAll?pageNumber=1&limit=10000-Fetch other contributions are there which are approved	1674760053452	1674760102141	OK	 
REQUEST		/contribution/allContribution?pageNumber=1&limit=10000-Fetch all the other contributions which are available there for approval	1674760098080	1674760102382	OK	 
REQUEST		/contribution/allContribution?pageNumber=1&limit=10000-Fetch all the other contributions which are available there for approval	1674760095197	1674760102583	OK	 
REQUEST		/contribution/allContribution?pageNumber=1&limit=10000-Fetch all the other contributions which are available there for approval	1674760093294	1674760102613	OK	 
REQUEST		/contribution/getApprovedContributionsForAll?pageNumber=1&limit=10000-Fetch other contributions are there which are approved	1674760050654	1674760103345	OK	 
REQUEST		/contribution/getApprovedContributionsForAll?pageNumber=1&limit=10000-Fetch other contributions are there which are approved	1674760059166	1674760103356	OK	 
REQUEST		/contribution/getApprovedContributionsForAll?pageNumber=1&limit=10000-Fetch other contributions are there which are approved	1674760059412	1674760103593	OK	 
REQUEST		/contribution/allContribution?pageNumber=1&limit=10000-Fetch all the other contributions which are available there for approval	1674760099638	1674760103756	OK	 
REQUEST		/contribution/getApprovedContributionsForAll?pageNumber=1&limit=10000-Fetch other contributions are there which are approved	1674760056076	1674760103795	OK	 
REQUEST		/contribution/getApprovedContributionsForAll?pageNumber=1&limit=10000-Fetch other contributions are there which are approved	1674760065757	1674760103835	OK	 
REQUEST		/contribution/getApprovedContributionsForAll?pageNumber=1&limit=10000-Fetch other contributions are there which are approved	1674760051839	1674760103898	OK	 
REQUEST		/contribution/getApprovedContributionsForAll?pageNumber=1&limit=10000-Fetch other contributions are there which are approved	1674760056068	1674760103990	OK	 
REQUEST		/contribution/getApprovedContributionsForAll?pageNumber=1&limit=10000-Fetch other contributions are there which are approved	1674760064461	1674760104259	OK	 
REQUEST		/contribution/allContribution?pageNumber=1&limit=10000-Fetch all the other contributions which are available there for approval	1674760093299	1674760104300	OK	 
REQUEST		/contribution/getApprovedContributionsForAll?pageNumber=1&limit=10000-Fetch other contributions are there which are approved	1674760052524	1674760104415	OK	 
REQUEST		/contribution/getApprovedContributionsForAll?pageNumber=1&limit=10000-Fetch other contributions are there which are approved	1674760059151	1674760104720	OK	 
REQUEST		/contribution/allContribution?pageNumber=1&limit=10000-Fetch all the other contributions which are available there for approval	1674760100228	1674760104768	OK	 
REQUEST		/contribution/getApprovedContributionsForAll?pageNumber=1&limit=10000-Fetch other contributions are there which are approved	1674760051230	1674760104813	OK	 
REQUEST		/contribution/getApprovedContributionsForAll?pageNumber=1&limit=10000-Fetch other contributions are there which are approved	1674760066253	1674760105061	OK	 
REQUEST		/contribution/getApprovedContributionsForAll?pageNumber=1&limit=10000-Fetch other contributions are there which are approved	1674760051426	1674760105293	OK	 
REQUEST		/contribution/getApprovedContributionsForAll?pageNumber=1&limit=10000-Fetch other contributions are there which are approved	1674760054320	1674760105303	OK	 
USER	Contribution API	END	1674760105383
USER	Contribution API	END	1674760105584
USER	Contribution API	END	1674760105614
REQUEST		/contribution/getApprovedContributionsForAll?pageNumber=1&limit=10000-Fetch other contributions are there which are approved	1674760064534	1674760105785	OK	 
REQUEST		/contribution/getApprovedContributionsForAll?pageNumber=1&limit=10000-Fetch other contributions are there which are approved	1674760067367	1674760106050	OK	 
REQUEST		/contribution/getApprovedContributionsForAll?pageNumber=1&limit=10000-Fetch other contributions are there which are approved	1674760056069	1674760106120	OK	 
REQUEST		/contribution/getApprovedContributionsForAll?pageNumber=1&limit=10000-Fetch other contributions are there which are approved	1674760057500	1674760106197	OK	 
REQUEST		/contribution/getApprovedContributionsForAll?pageNumber=1&limit=10000-Fetch other contributions are there which are approved	1674760066256	1674760106213	OK	 
REQUEST		/contribution/getApprovedContributionsForAll?pageNumber=1&limit=10000-Fetch other contributions are there which are approved	1674760064413	1674760106420	OK	 
REQUEST		/contribution/allContribution?pageNumber=1&limit=10000-Fetch all the other contributions which are available there for approval	1674760097125	1674760106426	OK	 
USER	Contribution API	END	1674760106757
REQUEST		/contribution/getApprovedContributionsForAll?pageNumber=1&limit=10000-Fetch other contributions are there which are approved	1674760064443	1674760106838	OK	 
REQUEST		/contribution/getApprovedContributionsForAll?pageNumber=1&limit=10000-Fetch other contributions are there which are approved	1674760056076	1674760106913	OK	 
REQUEST		/contribution/getApprovedContributionsForAll?pageNumber=1&limit=10000-Fetch other contributions are there which are approved	1674760050839	1674760107064	OK	 
USER	Contribution API	END	1674760107301
REQUEST		/contribution/getApprovedContributionsForAll?pageNumber=1&limit=10000-Fetch other contributions are there which are approved	1674760052241	1674760107315	OK	 
REQUEST		/contribution/getApprovedContributionsForAll?pageNumber=1&limit=10000-Fetch other contributions are there which are approved	1674760058901	1674760107569	OK	 
REQUEST		/contribution/allContribution?pageNumber=1&limit=10000-Fetch all the other contributions which are available there for approval	1674760099185	1674760107613	OK	 
USER	Contribution API	END	1674760107769
REQUEST		/contribution/getApprovedContributionsForAll?pageNumber=1&limit=10000-Fetch other contributions are there which are approved	1674760063963	1674760108283	OK	 
REQUEST		/contribution/allContribution?pageNumber=1&limit=10000-Fetch all the other contributions which are available there for approval	1674760102501	1674760108409	OK	 
REQUEST		/contribution/getApprovedContributionsForAll?pageNumber=1&limit=10000-Fetch other contributions are there which are approved	1674760064894	1674760108504	OK	 
REQUEST		/contribution/getApprovedContributionsForAll?pageNumber=1&limit=10000-Fetch other contributions are there which are approved	1674760053912	1674760108521	OK	 
REQUEST		/contribution/getApprovedContributionsForAll?pageNumber=1&limit=10000-Fetch other contributions are there which are approved	1674760067704	1674760108532	OK	 
REQUEST		/contribution/getApprovedContributionsForAll?pageNumber=1&limit=10000-Fetch other contributions are there which are approved	1674760064531	1674760108776	OK	 
REQUEST		/contribution/getApprovedContributionsForAll?pageNumber=1&limit=10000-Fetch other contributions are there which are approved	1674760067414	1674760109110	OK	 
REQUEST		/contribution/getApprovedContributionsForAll?pageNumber=1&limit=10000-Fetch other contributions are there which are approved	1674760052901	1674760109122	OK	 
REQUEST		/contribution/getApprovedContributionsForAll?pageNumber=1&limit=10000-Fetch other contributions are there which are approved	1674760053430	1674760109365	OK	 
REQUEST		/contribution/getApprovedContributionsForAll?pageNumber=1&limit=10000-Fetch other contributions are there which are approved	1674760066071	1674760109372	OK	 
USER	Contribution API	END	1674760109427
REQUEST		/contribution/allContribution?pageNumber=1&limit=10000-Fetch all the other contributions which are available there for approval	1674760104333	1674760109510	OK	 
REQUEST		/contribution/allContribution?pageNumber=1&limit=10000-Fetch all the other contributions which are available there for approval	1674760106991	1674760109616	OK	 
REQUEST		/contribution/getApprovedContributionsForAll?pageNumber=1&limit=10000-Fetch other contributions are there which are approved	1674760052783	1674760109703	OK	 
REQUEST		/contribution/getApprovedContributionsForAll?pageNumber=1&limit=10000-Fetch other contributions are there which are approved	1674760054842	1674760109764	OK	 
REQUEST		/contribution/getApprovedContributionsForAll?pageNumber=1&limit=10000-Fetch other contributions are there which are approved	1674760064152	1674760109894	OK	 
REQUEST		/contribution/getApprovedContributionsForAll?pageNumber=1&limit=10000-Fetch other contributions are there which are approved	1674760064386	1674760109938	OK	 
REQUEST		/contribution/allContribution?pageNumber=1&limit=10000-Fetch all the other contributions which are available there for approval	1674760103884	1674760109941	OK	 
REQUEST		/contribution/allContribution?pageNumber=1&limit=10000-Fetch all the other contributions which are available there for approval	1674760105142	1674760110116	OK	 
REQUEST		/contribution/getApprovedContributionsForAll?pageNumber=1&limit=10000-Fetch other contributions are there which are approved	1674760065669	1674760110255	OK	 
REQUEST		/contribution/getApprovedContributionsForAll?pageNumber=1&limit=10000-Fetch other contributions are there which are approved	1674760069997	1674760110334	OK	 
REQUEST		/contribution/getApprovedContributionsForAll?pageNumber=1&limit=10000-Fetch other contributions are there which are approved	1674760052126	1674760110421	OK	 
REQUEST		/contribution/allContribution?pageNumber=1&limit=10000-Fetch all the other contributions which are available there for approval	1674760104994	1674760110520	OK	 
REQUEST		/contribution/getApprovedContributionsForAll?pageNumber=1&limit=10000-Fetch other contributions are there which are approved	1674760057379	1674760110580	OK	 
USER	Contribution API	END	1674760110614
REQUEST		/contribution/getApprovedContributionsForAll?pageNumber=1&limit=10000-Fetch other contributions are there which are approved	1674760060105	1674760110851	OK	 
REQUEST		/contribution/getApprovedContributionsForAll?pageNumber=1&limit=10000-Fetch other contributions are there which are approved	1674760056081	1674760110897	OK	 
REQUEST		/contribution/allContribution?pageNumber=1&limit=10000-Fetch all the other contributions which are available there for approval	1674760109050	1674760110943	OK	 
REQUEST		/contribution/allContribution?pageNumber=1&limit=10000-Fetch all the other contributions which are available there for approval	1674760106836	1674760110952	OK	 
REQUEST		/contribution/getApprovedContributionsForAll?pageNumber=1&limit=10000-Fetch other contributions are there which are approved	1674760056789	1674760111059	OK	 
REQUEST		/contribution/allContribution?pageNumber=1&limit=10000-Fetch all the other contributions which are available there for approval	1674760109214	1674760111159	OK	 
REQUEST		/contribution/allContribution?pageNumber=1&limit=10000-Fetch all the other contributions which are available there for approval	1674760106357	1674760111165	OK	 
REQUEST		/contribution/getApprovedContributionsForAll?pageNumber=1&limit=10000-Fetch other contributions are there which are approved	1674760065340	1674760111217	OK	 
REQUEST		/contribution/allContribution?pageNumber=1&limit=10000-Fetch all the other contributions which are available there for approval	1674760106593	1674760111299	OK	 
USER	Contribution API	END	1674760111410
REQUEST		/contribution/allContribution?pageNumber=1&limit=10000-Fetch all the other contributions which are available there for approval	1674760103832	1674760111456	OK	 
REQUEST		/contribution/allContribution?pageNumber=1&limit=10000-Fetch all the other contributions which are available there for approval	1674760108061	1674760111496	OK	 
REQUEST		/contribution/getApprovedContributionsForAll?pageNumber=1&limit=10000-Fetch other contributions are there which are approved	1674760056074	1674760111577	OK	 
REQUEST		/contribution/allContribution?pageNumber=1&limit=10000-Fetch all the other contributions which are available there for approval	1674760109839	1674760111652	OK	 
REQUEST		/contribution/getApprovedContributionsForAll?pageNumber=1&limit=10000-Fetch other contributions are there which are approved	1674760064202	1674760111725	OK	 
REQUEST		/contribution/allContribution?pageNumber=1&limit=10000-Fetch all the other contributions which are available there for approval	1674760108786	1674760111800	OK	 
REQUEST		/contribution/allContribution?pageNumber=1&limit=10000-Fetch all the other contributions which are available there for approval	1674760106796	1674760112019	OK	 
REQUEST		/contribution/getApprovedContributionsForAll?pageNumber=1&limit=10000-Fetch other contributions are there which are approved	1674760052030	1674760112031	KO	i.g.h.c.i.RequestTimeoutException: Request timeout to backend-qa.knoldus.com/34.132.142.94:443 after 60000 ms
REQUEST		/contribution/allContribution?pageNumber=1&limit=10000-Fetch all the other contributions which are available there for approval	1674760109120	1674760112100	OK	 
REQUEST		/contribution/allContribution?pageNumber=1&limit=10000-Fetch all the other contributions which are available there for approval	1674760106346	1674760112232	OK	 
REQUEST		/contribution/allContribution?pageNumber=1&limit=10000-Fetch all the other contributions which are available there for approval	1674760109914	1674760112280	OK	 
REQUEST		/contribution/allContribution?pageNumber=1&limit=10000-Fetch all the other contributions which are available there for approval	1674760109421	1674760112404	OK	 
REQUEST		/contribution/allContribution?pageNumber=1&limit=10000-Fetch all the other contributions which are available there for approval	1674760110065	1674760112408	OK	 
USER	Contribution API	END	1674760112511
REQUEST		/contribution/allContribution?pageNumber=1&limit=10000-Fetch all the other contributions which are available there for approval	1674760110570	1674760112591	OK	 
USER	Contribution API	END	1674760112617
REQUEST		/contribution/allContribution?pageNumber=1&limit=10000-Fetch all the other contributions which are available there for approval	1674760106899	1674760112677	OK	 
REQUEST		/contribution/allContribution?pageNumber=1&limit=10000-Fetch all the other contributions which are available there for approval	1674760108293	1674760112695	OK	 
REQUEST		/contribution/allContribution?pageNumber=1&limit=10000-Fetch all the other contributions which are available there for approval	1674760107259	1674760112752	OK	 
REQUEST		/contribution/allContribution?pageNumber=1&limit=10000-Fetch all the other contributions which are available there for approval	1674760109198	1674760112836	OK	 
USER	Contribution API	END	1674760112942
REQUEST		/contribution/allContribution?pageNumber=1&limit=10000-Fetch all the other contributions which are available there for approval	1674760108304	1674760113010	OK	 
REQUEST		/contribution/allContribution?pageNumber=1&limit=10000-Fetch all the other contributions which are available there for approval	1674760107416	1674760113106	OK	 
USER	Contribution API	END	1674760113117
REQUEST		/contribution/allContribution?pageNumber=1&limit=10000-Fetch all the other contributions which are available there for approval	1674760107721	1674760113163	OK	 
REQUEST		/contribution/getApprovedContributionsForAll?pageNumber=1&limit=10000-Fetch other contributions are there which are approved	1674760064163	1674760113390	OK	 
REQUEST		/contribution/allContribution?pageNumber=1&limit=10000-Fetch all the other contributions which are available there for approval	1674760107813	1674760113505	OK	 
USER	Contribution API	END	1674760113521
REQUEST		/contribution/allContribution?pageNumber=1&limit=10000-Fetch all the other contributions which are available there for approval	1674760110316	1674760113718	OK	 
USER	Contribution API	END	1674760113944
USER	Contribution API	END	1674760113953
REQUEST		/contribution/getApprovedContributionsForAll?pageNumber=1&limit=10000-Fetch other contributions are there which are approved	1674760065822	1674760114033	OK	 
REQUEST		/contribution/allContribution?pageNumber=1&limit=10000-Fetch all the other contributions which are available there for approval	1674760111522	1674760114039	OK	 
REQUEST		/contribution/getApprovedContributionsForAll?pageNumber=1&limit=10000-Fetch other contributions are there which are approved	1674760054995	1674760114115	OK	 
USER	Contribution API	END	1674760114160
USER	Contribution API	END	1674760114166
USER	Contribution API	END	1674760114300
REQUEST		/contribution/allContribution?pageNumber=1&limit=10000-Fetch all the other contributions which are available there for approval	1674760111505	1674760114300	OK	 
USER	Contribution API	END	1674760114458
USER	Contribution API	END	1674760114497
REQUEST		/contribution/allContribution?pageNumber=1&limit=10000-Fetch all the other contributions which are available there for approval	1674760112366	1674760114614	OK	 
REQUEST		/contribution/allContribution?pageNumber=1&limit=10000-Fetch all the other contributions which are available there for approval	1674760112111	1674760114616	OK	 
USER	Contribution API	END	1674760114653
USER	Contribution API	END	1674760114801
REQUEST		/contribution/allContribution?pageNumber=1&limit=10000-Fetch all the other contributions which are available there for approval	1674760112373	1674760114887	OK	 
REQUEST		/contribution/allContribution?pageNumber=1&limit=10000-Fetch all the other contributions which are available there for approval	1674760112704	1674760114931	OK	 
REQUEST		/contribution/allContribution?pageNumber=1&limit=10000-Fetch all the other contributions which are available there for approval	1674760112764	1674760114984	OK	 
USER	Contribution API	END	1674760115021
USER	Contribution API	END	1674760115102
REQUEST		/contribution/allContribution?pageNumber=1&limit=10000-Fetch all the other contributions which are available there for approval	1674760111284	1674760115116	OK	 
REQUEST		/contribution/allContribution?pageNumber=1&limit=10000-Fetch all the other contributions which are available there for approval	1674760112939	1674760115152	OK	 
USER	Contribution API	END	1674760115233
USER	Contribution API	END	1674760115281
REQUEST		/contribution/allContribution?pageNumber=1&limit=10000-Fetch all the other contributions which are available there for approval	1674760111777	1674760115344	OK	 
REQUEST		/contribution/allContribution?pageNumber=1&limit=10000-Fetch all the other contributions which are available there for approval	1674760112895	1674760115386	OK	 
USER	Contribution API	END	1674760115405
USER	Contribution API	END	1674760115409
USER	Contribution API	END	1674760115593
USER	Contribution API	END	1674760115678
USER	Contribution API	END	1674760115697
USER	Contribution API	END	1674760115753
USER	Contribution API	END	1674760115838
REQUEST		/contribution/allContribution?pageNumber=1&limit=10000-Fetch all the other contributions which are available there for approval	1674760111532	1674760115926	OK	 
USER	Contribution API	END	1674760116011
REQUEST		/contribution/allContribution?pageNumber=1&limit=10000-Fetch all the other contributions which are available there for approval	1674760113580	1674760116043	OK	 
REQUEST		/contribution/getApprovedContributionsForAll?pageNumber=1&limit=10000-Fetch other contributions are there which are approved	1674760076850	1674760116076	OK	 
USER	Contribution API	END	1674760116107
USER	Contribution API	END	1674760116165
REQUEST		/contribution/allContribution?pageNumber=1&limit=10000-Fetch all the other contributions which are available there for approval	1674760112123	1674760116244	OK	 
REQUEST		/contribution/allContribution?pageNumber=1&limit=10000-Fetch all the other contributions which are available there for approval	1674760113852	1674760116322	OK	 
USER	Contribution API	END	1674760116506
USER	Contribution API	END	1674760116719
USER	Contribution API	END	1674760117040
REQUEST		/contribution/allContribution?pageNumber=1&limit=10000-Fetch all the other contributions which are available there for approval	1674760113335	1674760117122	OK	 
REQUEST		/contribution/allContribution?pageNumber=1&limit=10000-Fetch all the other contributions which are available there for approval	1674760113256	1674760117123	OK	 
USER	Contribution API	END	1674760117301
USER	Contribution API	END	1674760117616
USER	Contribution API	END	1674760117617
REQUEST		/contribution/allContribution?pageNumber=1&limit=10000-Fetch all the other contributions which are available there for approval	1674760114060	1674760117649	OK	 
REQUEST		/contribution/allContribution?pageNumber=1&limit=10000-Fetch all the other contributions which are available there for approval	1674760113422	1674760117817	OK	 
USER	Contribution API	END	1674760117889
USER	Contribution API	END	1674760117932
USER	Contribution API	END	1674760117985
REQUEST		/contribution/allContribution?pageNumber=1&limit=10000-Fetch all the other contributions which are available there for approval	1674760114218	1674760118020	OK	 
USER	Contribution API	END	1674760118117
REQUEST		/contribution/allContribution?pageNumber=1&limit=10000-Fetch all the other contributions which are available there for approval	1674760114578	1674760118141	OK	 
USER	Contribution API	END	1674760118153
REQUEST		/contribution/allContribution?pageNumber=1&limit=10000-Fetch all the other contributions which are available there for approval	1674760113898	1674760118284	OK	 
REQUEST		/contribution/allContribution?pageNumber=1&limit=10000-Fetch all the other contributions which are available there for approval	1674760114725	1674760118294	OK	 
USER	Contribution API	END	1674760118345
USER	Contribution API	END	1674760118388
REQUEST		/contribution/allContribution?pageNumber=1&limit=10000-Fetch all the other contributions which are available there for approval	1674760116391	1674760118904	OK	 
USER	Contribution API	END	1674760118928
USER	Contribution API	END	1674760119045
REQUEST		/contribution/allContribution?pageNumber=1&limit=10000-Fetch all the other contributions which are available there for approval	1674760117034	1674760119231	OK	 
USER	Contribution API	END	1674760119245
USER	Contribution API	END	1674760119323
REQUEST		/contribution/allContribution?pageNumber=1&limit=10000-Fetch all the other contributions which are available there for approval	1674760117116	1674760119347	OK	 
REQUEST		/contribution/allContribution?pageNumber=1&limit=10000-Fetch all the other contributions which are available there for approval	1674760115035	1674760119666	OK	 
USER	Contribution API	END	1674760120123
USER	Contribution API	END	1674760120124
USER	Contribution API	END	1674760120650
REQUEST		/contribution/allContribution?pageNumber=1&limit=10000-Fetch all the other contributions which are available there for approval	1674760119077	1674760120747	OK	 
USER	Contribution API	END	1674760120818
USER	Contribution API	END	1674760121021
USER	Contribution API	END	1674760121143
USER	Contribution API	END	1674760121285
USER	Contribution API	END	1674760121295
USER	Contribution API	END	1674760121905
USER	Contribution API	END	1674760122232
USER	Contribution API	END	1674760122348
USER	Contribution API	END	1674760122668
USER	Contribution API	END	1674760123748
