RUN	Simulations.Create	create	1672828853547	 	3.5.1
USER	Create  Scenario	START	1672828859823
USER	Create  Scenario	START	1672828860816
USER	Create  Scenario	START	1672828861816
USER	Create  Scenario	START	1672828862816
USER	Create  Scenario	START	1672828863816
REQUEST		Proposal	1672828859854	1672828864675	OK	 
USER	Create  Scenario	START	1672828864816
USER	Create  Scenario	START	1672828865816
USER	Create  Scenario	START	1672828866816
USER	Create  Scenario	START	1672828867816
REQUEST		Contribution	1672828867701	1672828868074	KO	status.find.is(200), but actually found 405
REQUEST		Proposal	1672828860817	1672828868267	OK	 
USER	Create  Scenario	START	1672828868816
REQUEST		Proposal	1672828862817	1672828869200	OK	 
USER	Create  Scenario	START	1672828869816
REQUEST		Proposal	1672828861816	1672828870285	OK	 
USER	Create  Scenario	START	1672828870816
USER	Create  Scenario	END	1672828871082
REQUEST		Contribution	1672828871268	1672828871623	KO	status.find.is(200), but actually found 405
USER	Create  Scenario	START	1672828871816
REQUEST		Proposal	1672828866816	1672828871917	OK	 
REQUEST		Contribution	1672828872202	1672828872562	KO	status.find.is(200), but actually found 405
USER	Create  Scenario	START	1672828872816
REQUEST		Proposal	1672828864817	1672828873414	OK	 
REQUEST		Contribution	1672828873286	1672828873606	KO	status.find.is(200), but actually found 405
USER	Create  Scenario	START	1672828873816
REQUEST		Proposal	1672828868816	1672828873852	OK	 
USER	Create  Scenario	END	1672828874624
USER	Create  Scenario	START	1672828874815
REQUEST		Proposal	1672828867817	1672828875168	OK	 
REQUEST		Contribution	1672828874918	1672828875228	KO	status.find.is(200), but actually found 405
USER	Create  Scenario	END	1672828875564
USER	Create  Scenario	START	1672828875816
REQUEST		Proposal	1672828865816	1672828876349	OK	 
USER	Create  Scenario	END	1672828876608
REQUEST		Contribution	1672828876415	1672828876792	KO	status.find.is(200), but actually found 405
USER	Create  Scenario	START	1672828876816
REQUEST		Contribution	1672828876853	1672828877243	KO	status.find.is(200), but actually found 405
USER	Create  Scenario	START	1672828877816
USER	Create  Scenario	END	1672828878229
REQUEST		Contribution	1672828878169	1672828878481	KO	status.find.is(200), but actually found 405
REQUEST		Proposal	1672828863816	1672828878537	OK	 
REQUEST		Proposal	1672828872816	1672828878652	OK	 
USER	Create  Scenario	START	1672828878816
REQUEST		Proposal	1672828873817	1672828879382	OK	 
REQUEST		Proposal	1672828870816	1672828879684	OK	 
REQUEST		Contribution	1672828879351	1672828879688	KO	status.find.is(200), but actually found 405
REQUEST		Proposal	1672828869817	1672828879691	OK	 
USER	Create  Scenario	END	1672828879793
USER	Create  Scenario	START	1672828879815
REQUEST		Proposal	1672828874816	1672828880075	OK	 
USER	Create  Scenario	END	1672828880245
USER	Create  Scenario	START	1672828880816
REQUEST		Proposal	1672828876816	1672828881112	OK	 
USER	Create  Scenario	END	1672828881482
USER	Create  Scenario	START	1672828881815
REQUEST		Contribution	1672828881538	1672828881867	KO	status.find.is(200), but actually found 405
REQUEST		Contribution	1672828881653	1672828881961	KO	status.find.is(200), but actually found 405
USER	Create  Scenario	END	1672828882689
REQUEST		Contribution	1672828882383	1672828882753	KO	status.find.is(200), but actually found 405
USER	Create  Scenario	START	1672828882816
REQUEST		Contribution	1672828882685	1672828882998	KO	status.find.is(200), but actually found 405
REQUEST		Proposal	1672828878816	1672828883043	OK	 
REQUEST		Contribution	1672828882692	1672828883100	KO	status.find.is(200), but actually found 405
REQUEST		Contribution	1672828883076	1672828883394	KO	status.find.is(200), but actually found 405
USER	Create  Scenario	START	1672828883816
REQUEST		Proposal	1672828879816	1672828884013	OK	 
REQUEST		Contribution	1672828884113	1672828884416	KO	status.find.is(200), but actually found 405
REQUEST		Proposal	1672828877816	1672828884663	OK	 
USER	Create  Scenario	END	1672828884868
USER	Create  Scenario	END	1672828884963
USER	Create  Scenario	END	1672828885754
USER	Create  Scenario	END	1672828885999
REQUEST		Contribution	1672828886044	1672828886356	KO	status.find.is(200), but actually found 405
USER	Create  Scenario	END	1672828886396
REQUEST		Proposal	1672828881816	1672828886640	OK	 
REQUEST		Contribution	1672828887014	1672828887327	KO	status.find.is(200), but actually found 405
USER	Create  Scenario	END	1672828887418
REQUEST		Contribution	1672828887664	1672828887972	KO	status.find.is(200), but actually found 405
REQUEST		Proposal	1672828883817	1672828888076	OK	 
REQUEST		Proposal	1672828882816	1672828888163	OK	 
USER	Create  Scenario	END	1672828889357
REQUEST		Proposal	1672828880816	1672828889569	OK	 
USER	Create  Scenario	START	1672828884816
USER	Create  Scenario	START	1672828886816
USER	Create  Scenario	START	1672828889815
USER	Create  Scenario	START	1672828887816
USER	Create  Scenario	START	1672828888816
USER	Create  Scenario	START	1672828885815
USER	Create  Scenario	END	1672828889823
REQUEST		Contribution	1672828889641	1672828889971	KO	status.find.is(200), but actually found 405
USER	Create  Scenario	END	1672828890328
USER	Create  Scenario	START	1672828890816
USER	Create  Scenario	END	1672828890974
REQUEST		Proposal	1672828875816	1672828891374	OK	 
REQUEST		Contribution	1672828891077	1672828891387	KO	status.find.is(200), but actually found 405
REQUEST		Contribution	1672828891164	1672828891516	KO	status.find.is(200), but actually found 405
USER	Create  Scenario	START	1672828891816
USER	Create  Scenario	START	1672828892816
REQUEST		Contribution	1672828892570	1672828892917	KO	status.find.is(200), but actually found 405
USER	Create  Scenario	END	1672828892973
USER	Create  Scenario	START	1672828893816
USER	Create  Scenario	END	1672828894389
USER	Create  Scenario	END	1672828894517
REQUEST		Contribution	1672828894376	1672828894743	KO	status.find.is(200), but actually found 405
USER	Create  Scenario	START	1672828894816
USER	Create  Scenario	START	1672828895816
REQUEST		Proposal	1672828884816	1672828895894	OK	 
USER	Create  Scenario	END	1672828895918
REQUEST		Proposal	1672828885816	1672828895975	OK	 
USER	Create  Scenario	START	1672828896815
REQUEST		Proposal	1672828888817	1672828897718	OK	 
USER	Create  Scenario	END	1672828897744
USER	Create  Scenario	START	1672828897815
REQUEST		Proposal	1672828889816	1672828898291	OK	 
USER	Create  Scenario	START	1672828898815
REQUEST		Contribution	1672828898895	1672828899284	KO	status.find.is(200), but actually found 405
REQUEST		Contribution	1672828898976	1672828899312	KO	status.find.is(200), but actually found 405
REQUEST		Proposal	1672828887816	1672828899620	OK	 
USER	Create  Scenario	START	1672828899815
REQUEST		Proposal	1672828894816	1672828899933	OK	 
REQUEST		Proposal	1672828895816	1672828900179	OK	 
REQUEST		Proposal	1672828891817	1672828900476	OK	 
USER	Create  Scenario	START	1672828900816
REQUEST		Contribution	1672828900719	1672828901031	KO	status.find.is(200), but actually found 405
REQUEST		Contribution	1672828901292	1672828901682	KO	status.find.is(200), but actually found 405
USER	Create  Scenario	START	1672828901816
USER	Create  Scenario	END	1672828902286
USER	Create  Scenario	END	1672828902313
REQUEST		Proposal	1672828897816	1672828902497	OK	 
USER	Create  Scenario	START	1672828902815
REQUEST		Contribution	1672828902621	1672828902931	KO	status.find.is(200), but actually found 405
REQUEST		Proposal	1672828898815	1672828902952	OK	 
REQUEST		Proposal	1672828890817	1672828903001	OK	 
REQUEST		Proposal	1672828886816	1672828903078	OK	 
REQUEST		Contribution	1672828902934	1672828903237	KO	status.find.is(200), but actually found 405
REQUEST		Contribution	1672828903180	1672828903485	KO	status.find.is(200), but actually found 405
REQUEST		Contribution	1672828903478	1672828903789	KO	status.find.is(200), but actually found 405
USER	Create  Scenario	START	1672828903816
USER	Create  Scenario	END	1672828904032
USER	Create  Scenario	END	1672828904683
USER	Create  Scenario	START	1672828904816
USER	Create  Scenario	START	1672828905816
REQUEST		Contribution	1672828905498	1672828905862	KO	status.find.is(200), but actually found 405
USER	Create  Scenario	END	1672828905932
USER	Create  Scenario	END	1672828906238
REQUEST		Proposal	1672828901816	1672828906252	OK	 
REQUEST		Contribution	1672828905953	1672828906255	KO	status.find.is(200), but actually found 405
REQUEST		Contribution	1672828906002	1672828906307	KO	status.find.is(200), but actually found 405
REQUEST		Contribution	1672828906079	1672828906387	KO	status.find.is(200), but actually found 405
USER	Create  Scenario	END	1672828906487
USER	Create  Scenario	END	1672828906790
USER	Create  Scenario	START	1672828906815
REQUEST		Proposal	1672828902816	1672828907628	OK	 
USER	Create  Scenario	START	1672828907815
USER	Create  Scenario	START	1672828908816
USER	Create  Scenario	END	1672828908864
USER	Create  Scenario	END	1672828909256
USER	Create  Scenario	END	1672828909308
USER	Create  Scenario	END	1672828909388
REQUEST		Contribution	1672828909253	1672828909635	KO	status.find.is(200), but actually found 405
USER	Create  Scenario	START	1672828909815
REQUEST		Proposal	1672828899816	1672828910096	OK	 
REQUEST		Proposal	1672828905816	1672828910226	OK	 
REQUEST		Proposal	1672828893816	1672828910621	OK	 
USER	Create  Scenario	START	1672828910816
REQUEST		Contribution	1672828910629	1672828910938	KO	status.find.is(200), but actually found 405
REQUEST		Proposal	1672828906816	1672828911623	OK	 
USER	Create  Scenario	START	1672828911816
USER	Create  Scenario	END	1672828912636
REQUEST		Proposal	1672828896816	1672828912637	OK	 
REQUEST		Proposal	1672828903816	1672828912786	OK	 
USER	Create  Scenario	START	1672828912816
REQUEST		Contribution	1672828913097	1672828913484	KO	status.find.is(200), but actually found 405
REQUEST		Contribution	1672828913227	1672828913571	KO	status.find.is(200), but actually found 405
USER	Create  Scenario	START	1672828913816
USER	Create  Scenario	END	1672828913939
REQUEST		Contribution	1672828913622	1672828913996	KO	status.find.is(200), but actually found 405
REQUEST		Proposal	1672828904816	1672828914089	OK	 
REQUEST		Proposal	1672828909815	1672828914218	OK	 
USER	Create  Scenario	START	1672828914816
REQUEST		Contribution	1672828914624	1672828914928	KO	status.find.is(200), but actually found 405
REQUEST		Proposal	1672828871816	1672828915603	OK	 
USER	Create  Scenario	START	1672828915816
REQUEST		Contribution	1672828915638	1672828915953	KO	status.find.is(200), but actually found 405
REQUEST		Proposal	1672828910816	1672828916152	OK	 
REQUEST		Contribution	1672828915787	1672828916183	KO	status.find.is(200), but actually found 405
USER	Create  Scenario	END	1672828916486
USER	Create  Scenario	END	1672828916572
USER	Create  Scenario	START	1672828916816
REQUEST		Proposal	1672828900816	1672828916862	OK	 
USER	Create  Scenario	END	1672828916998
REQUEST		Proposal	1672828912816	1672828917058	OK	 
REQUEST		Contribution	1672828917090	1672828917395	KO	status.find.is(200), but actually found 405
REQUEST		Proposal	1672828907816	1672828917435	OK	 
REQUEST		Contribution	1672828917219	1672828917533	KO	status.find.is(200), but actually found 405
USER	Create  Scenario	START	1672828917816
USER	Create  Scenario	END	1672828917929
REQUEST		Proposal	1672828913816	1672828918806	OK	 
USER	Create  Scenario	START	1672828918815
REQUEST		Contribution	1672828918604	1672828918905	KO	status.find.is(200), but actually found 405
USER	Create  Scenario	END	1672828918954
USER	Create  Scenario	END	1672828919185
REQUEST		Contribution	1672828919153	1672828919483	KO	status.find.is(200), but actually found 405
USER	Create  Scenario	START	1672828919815
REQUEST		Contribution	1672828919863	1672828920185	KO	status.find.is(200), but actually found 405
USER	Create  Scenario	END	1672828920396
REQUEST		Contribution	1672828920059	1672828920404	KO	status.find.is(200), but actually found 405
USER	Create  Scenario	END	1672828920534
REQUEST		Contribution	1672828920436	1672828920825	KO	status.find.is(200), but actually found 405
USER	Create  Scenario	START	1672828920816
REQUEST		Proposal	1672828915816	1672828921307	OK	 
REQUEST		Proposal	1672828916816	1672828921493	OK	 
USER	Create  Scenario	START	1672828921816
USER	Create  Scenario	END	1672828921906
REQUEST		Proposal	1672828917816	1672828922051	OK	 
REQUEST		Contribution	1672828921807	1672828922116	KO	status.find.is(200), but actually found 405
USER	Create  Scenario	END	1672828922484
USER	Create  Scenario	START	1672828922815
REQUEST		Proposal	1672828911816	1672828922923	OK	 
USER	Create  Scenario	END	1672828923186
USER	Create  Scenario	END	1672828923405
USER	Create  Scenario	START	1672828923815
USER	Create  Scenario	END	1672828923826
REQUEST		Contribution	1672828924308	1672828924711	KO	status.find.is(200), but actually found 405
USER	Create  Scenario	START	1672828924816
REQUEST		Contribution	1672828924494	1672828924843	KO	status.find.is(200), but actually found 405
USER	Create  Scenario	END	1672828925117
REQUEST		Proposal	1672828920816	1672828925337	OK	 
REQUEST		Contribution	1672828925052	1672828925362	KO	status.find.is(200), but actually found 405
REQUEST		Proposal	1672828892816	1672828925462	OK	 
REQUEST		Proposal	1672828918816	1672828925763	OK	 
USER	Create  Scenario	START	1672828925815
REQUEST		Contribution	1672828925924	1672828926270	KO	status.find.is(200), but actually found 405
REQUEST		Proposal	1672828921816	1672828926346	OK	 
USER	Create  Scenario	START	1672828926816
USER	Create  Scenario	END	1672828927712
USER	Create  Scenario	START	1672828927816
REQUEST		Proposal	1672828922816	1672828927829	OK	 
USER	Create  Scenario	END	1672828927844
USER	Create  Scenario	END	1672828928363
REQUEST		Contribution	1672828928338	1672828928684	KO	status.find.is(200), but actually found 405
REQUEST		Contribution	1672828928464	1672828928771	KO	status.find.is(200), but actually found 405
USER	Create  Scenario	START	1672828928816
REQUEST		Proposal	1672828924816	1672828928887	OK	 
REQUEST		Contribution	1672828928764	1672828929073	KO	status.find.is(200), but actually found 405
USER	Create  Scenario	END	1672828929271
REQUEST		Contribution	1672828929347	1672828929660	KO	status.find.is(200), but actually found 405
USER	Create  Scenario	START	1672828929816
REQUEST		Proposal	1672828925816	1672828929822	OK	 
USER	Create  Scenario	START	1672828930816
REQUEST		Contribution	1672828930830	1672828931210	KO	status.find.is(200), but actually found 405
USER	Create  Scenario	END	1672828931685
USER	Create  Scenario	END	1672828931772
USER	Create  Scenario	START	1672828931816
USER	Create  Scenario	END	1672828932074
REQUEST		Proposal	1672828927816	1672828932123	OK	 
REQUEST		Contribution	1672828931888	1672828932243	KO	status.find.is(200), but actually found 405
USER	Create  Scenario	END	1672828932661
USER	Create  Scenario	START	1672828932816
REQUEST		Contribution	1672828932822	1672828933134	KO	status.find.is(200), but actually found 405
REQUEST		Proposal	1672828919816	1672828933134	OK	 
REQUEST		Proposal	1672828914816	1672828933569	OK	 
REQUEST		Proposal	1672828926817	1672828933669	OK	 
USER	Create  Scenario	START	1672828933816
USER	Create  Scenario	END	1672828934212
USER	Create  Scenario	START	1672828934816
REQUEST		Proposal	1672828928817	1672828934860	OK	 
USER	Create  Scenario	END	1672828935245
REQUEST		Contribution	1672828935125	1672828935434	KO	status.find.is(200), but actually found 405
USER	Create  Scenario	START	1672828935816
USER	Create  Scenario	END	1672828936135
REQUEST		Contribution	1672828936135	1672828936507	KO	status.find.is(200), but actually found 405
REQUEST		Proposal	1672828929816	1672828936532	OK	 
USER	Create  Scenario	START	1672828936816
REQUEST		Contribution	1672828936570	1672828936922	KO	status.find.is(200), but actually found 405
REQUEST		Contribution	1672828936670	1672828937017	KO	status.find.is(200), but actually found 405
REQUEST		Proposal	1672828932816	1672828937059	OK	 
USER	Create  Scenario	START	1672828937816
REQUEST		Proposal	1672828933816	1672828937906	OK	 
REQUEST		Contribution	1672828937862	1672828938163	KO	status.find.is(200), but actually found 405
USER	Create  Scenario	END	1672828938435
USER	Create  Scenario	START	1672828938816
USER	Create  Scenario	END	1672828939508
USER	Create  Scenario	START	1672828939816
REQUEST		Contribution	1672828939533	1672828939837	KO	status.find.is(200), but actually found 405
USER	Create  Scenario	END	1672828939922
USER	Create  Scenario	END	1672828940018
REQUEST		Proposal	1672828931816	1672828940227	OK	 
REQUEST		Contribution	1672828940060	1672828940366	KO	status.find.is(200), but actually found 405
REQUEST		Proposal	1672828908816	1672828940612	OK	 
REQUEST		Proposal	1672828936816	1672828940723	OK	 
USER	Create  Scenario	START	1672828940816
USER	Create  Scenario	END	1672828941164
REQUEST		Contribution	1672828940906	1672828941209	KO	status.find.is(200), but actually found 405
REQUEST		Proposal	1672828937816	1672828941743	OK	 
USER	Create  Scenario	START	1672828941816
USER	Create  Scenario	START	1672828942816
USER	Create  Scenario	END	1672828942838
REQUEST		Proposal	1672828938816	1672828942855	OK	 
USER	Create  Scenario	END	1672828943367
REQUEST		Contribution	1672828943228	1672828943541	KO	status.find.is(200), but actually found 405
REQUEST		Proposal	1672828923816	1672828943669	OK	 
USER	Create  Scenario	START	1672828943815
REQUEST		Proposal	1672828939816	1672828943896	OK	 
REQUEST		Contribution	1672828943613	1672828943922	KO	status.find.is(200), but actually found 405
REQUEST		Contribution	1672828943724	1672828944033	KO	status.find.is(200), but actually found 405
USER	Create  Scenario	END	1672828944210
USER	Create  Scenario	START	1672828944816
REQUEST		Contribution	1672828944744	1672828945048	KO	status.find.is(200), but actually found 405
USER	Create  Scenario	START	1672828945816
REQUEST		Contribution	1672828945856	1672828946175	KO	status.find.is(200), but actually found 405
REQUEST		Proposal	1672828941816	1672828946269	OK	 
USER	Create  Scenario	END	1672828946542
USER	Create  Scenario	START	1672828946816
USER	Create  Scenario	END	1672828946923
REQUEST		Contribution	1672828946669	1672828946979	KO	status.find.is(200), but actually found 405
USER	Create  Scenario	END	1672828947034
REQUEST		Contribution	1672828946897	1672828947213	KO	status.find.is(200), but actually found 405
REQUEST		Proposal	1672828934816	1672828947218	OK	 
REQUEST		Proposal	1672828940816	1672828947259	OK	 
REQUEST		Proposal	1672828942816	1672828947539	OK	 
USER	Create  Scenario	START	1672828947816
USER	Create  Scenario	END	1672828948049
USER	Create  Scenario	START	1672828948816
USER	Create  Scenario	END	1672828949176
REQUEST		Proposal	1672828930817	1672828949625	OK	 
REQUEST		Contribution	1672828949270	1672828949637	KO	status.find.is(200), but actually found 405
USER	Create  Scenario	START	1672828949816
REQUEST		Proposal	1672828945816	1672828949847	OK	 
USER	Create  Scenario	END	1672828949980
USER	Create  Scenario	END	1672828950214
REQUEST		Proposal	1672828935816	1672828950438	OK	 
REQUEST		Contribution	1672828950219	1672828950527	KO	status.find.is(200), but actually found 405
REQUEST		Contribution	1672828950260	1672828950565	KO	status.find.is(200), but actually found 405
USER	Create  Scenario	START	1672828950816
REQUEST		Proposal	1672828946816	1672828950823	OK	 
REQUEST		Contribution	1672828950540	1672828950847	KO	status.find.is(200), but actually found 405
USER	Create  Scenario	START	1672828951816
USER	Create  Scenario	END	1672828952638
USER	Create  Scenario	START	1672828952815
REQUEST		Contribution	1672828952626	1672828953012	KO	status.find.is(200), but actually found 405
REQUEST		Contribution	1672828952847	1672828953153	KO	status.find.is(200), but actually found 405
REQUEST		Proposal	1672828948816	1672828953475	OK	 
USER	Create  Scenario	END	1672828953528
USER	Create  Scenario	END	1672828953567
REQUEST		Contribution	1672828953438	1672828953757	KO	status.find.is(200), but actually found 405
REQUEST		Proposal	1672828949816	1672828953766	OK	 
USER	Create  Scenario	START	1672828953815
USER	Create  Scenario	END	1672828953848
REQUEST		Proposal	1672828947816	1672828954056	OK	 
REQUEST		Contribution	1672828953823	1672828954129	KO	status.find.is(200), but actually found 405
USER	Create  Scenario	START	1672828954816
USER	Create  Scenario	START	1672828955816
USER	Create  Scenario	END	1672828956013
USER	Create  Scenario	END	1672828956154
REQUEST		Proposal	1672828951816	1672828956491	OK	 
USER	Create  Scenario	END	1672828956759
REQUEST		Contribution	1672828956476	1672828956782	KO	status.find.is(200), but actually found 405
USER	Create  Scenario	START	1672828956815
REQUEST		Proposal	1672828952816	1672828956900	OK	 
REQUEST		Contribution	1672828956767	1672828957075	KO	status.find.is(200), but actually found 405
USER	Create  Scenario	END	1672828957130
REQUEST		Proposal	1672828943816	1672828957252	OK	 
REQUEST		Contribution	1672828957057	1672828957362	KO	status.find.is(200), but actually found 405
REQUEST		Proposal	1672828950816	1672828957512	OK	 
USER	Create  Scenario	START	1672828957815
USER	Create  Scenario	START	1672828958815
REQUEST		Proposal	1672828954816	1672828959224	OK	 
USER	Create  Scenario	END	1672828959783
REQUEST		Contribution	1672828959492	1672828959811	KO	status.find.is(200), but actually found 405
REQUEST		Proposal	1672828955816	1672828960060	OK	 
USER	Create  Scenario	END	1672828960076
REQUEST		Contribution	1672828959901	1672828960239	KO	status.find.is(200), but actually found 405
USER	Create  Scenario	END	1672828960362
REQUEST		Contribution	1672828960253	1672828960560	KO	status.find.is(200), but actually found 405
REQUEST		Contribution	1672828960513	1672828960816	KO	status.find.is(200), but actually found 405
REQUEST		Proposal	1672828956815	1672828960817	OK	 
REQUEST		Contribution	1672828962225	1672828962527	KO	status.find.is(200), but actually found 405
USER	Create  Scenario	END	1672828962812
REQUEST		Proposal	1672828958816	1672828962886	OK	 
USER	Create  Scenario	END	1672828963240
REQUEST		Contribution	1672828963061	1672828963374	KO	status.find.is(200), but actually found 405
USER	Create  Scenario	END	1672828963561
USER	Create  Scenario	END	1672828963817
REQUEST		Proposal	1672828953816	1672828963902	OK	 
REQUEST		Contribution	1672828963817	1672828964123	KO	status.find.is(200), but actually found 405
USER	Create  Scenario	END	1672828965528
REQUEST		Proposal	1672828957816	1672828965846	OK	 
REQUEST		Contribution	1672828965887	1672828966194	KO	status.find.is(200), but actually found 405
USER	Create  Scenario	END	1672828966375
REQUEST		Proposal	1672828944816	1672828966409	OK	 
USER	Create  Scenario	END	1672828967124
REQUEST		Contribution	1672828966903	1672828967209	KO	status.find.is(200), but actually found 405
REQUEST		Contribution	1672828968847	1672828969155	KO	status.find.is(200), but actually found 405
USER	Create  Scenario	END	1672828969195
REQUEST		Contribution	1672828969409	1672828969715	KO	status.find.is(200), but actually found 405
USER	Create  Scenario	END	1672828970210
USER	Create  Scenario	END	1672828972157
USER	Create  Scenario	END	1672828972716
