RUN	Simulations.Runner.Go1percent	go1percent	1676368460984	 	3.5.1
USER	Summary API	START	1676368462291
USER	Summary API	START	1676368463280
USER	Summary API	START	1676368464281
REQUEST		My Techup - Fetch approved Techup	1676368462315	1676368464916	KO	status.find.is(200), but actually found 204
REQUEST		My Techup - Fetch approved Techup	1676368463281	1676368464918	KO	status.find.is(200), but actually found 204
REQUEST		My Techup - Fetch approved Techup	1676368464281	1676368465133	KO	status.find.is(200), but actually found 204
USER	Summary API	START	1676368465274
REQUEST		My Techup - Fetch approved Techup	1676368465275	1676368466212	KO	status.find.is(200), but actually found 204
USER	Summary API	START	1676368466274
REQUEST		My Techup - Fetch approved Techup	1676368466275	1676368467257	KO	status.find.is(200), but actually found 204
USER	Summary API	START	1676368467274
REQUEST		My Techup - Fetch approved Techup	1676368467275	1676368468230	KO	status.find.is(200), but actually found 204
USER	Summary API	START	1676368468274
REQUEST		Approval Techup - Fetch approval Techups	1676368467927	1676368468466	KO	status.find.is(200), but actually found 204
REQUEST		Approval Techup - Fetch approval Techups	1676368467927	1676368468466	KO	status.find.is(200), but actually found 204
REQUEST		Approval Techup - Fetch approval Techups	1676368468135	1676368468466	KO	status.find.is(200), but actually found 204
REQUEST		My Techup - Fetch approved Techup	1676368468274	1676368469182	KO	status.find.is(200), but actually found 204
USER	Summary API	START	1676368469274
REQUEST		Approval Techup - Fetch approval Techups	1676368469214	1676368469591	KO	status.find.is(200), but actually found 204
REQUEST		My Techup - Fetch approved Techup	1676368469275	1676368470201	KO	status.find.is(200), but actually found 204
USER	Summary API	START	1676368470274
REQUEST		Approval Techup - Fetch approval Techups	1676368470258	1676368470615	KO	status.find.is(200), but actually found 204
REQUEST		My Techup - Fetch approved Techup	1676368470274	1676368471230	KO	status.find.is(200), but actually found 204
USER	Summary API	START	1676368471274
REQUEST		Approval Techup - Fetch approval Techups	1676368471231	1676368471549	KO	status.find.is(200), but actually found 204
REQUEST		AllTechup - Fetch all Techup	1676368471467	1676368471847	OK	 
REQUEST		AllTechup - Fetch all Techup	1676368471467	1676368471847	OK	 
REQUEST		AllTechup - Fetch all Techup	1676368471467	1676368471847	OK	 
REQUEST		My Techup - Fetch approved Techup	1676368471275	1676368472151	KO	status.find.is(200), but actually found 204
USER	Summary API	START	1676368472274
REQUEST		Approval Techup - Fetch approval Techups	1676368472183	1676368472560	KO	status.find.is(200), but actually found 204
REQUEST		AllTechup - Fetch all Techup	1676368472593	1676368472923	OK	 
REQUEST		My Techup - Fetch approved Techup	1676368472275	1676368473176	KO	status.find.is(200), but actually found 204
USER	Summary API	START	1676368473273
REQUEST		Approval Techup - Fetch approval Techups	1676368473202	1676368473585	KO	status.find.is(200), but actually found 204
REQUEST		AllTechup - Fetch all Techup	1676368473617	1676368473984	OK	 
REQUEST		My Techup - Fetch approved Techup	1676368473274	1676368474200	KO	status.find.is(200), but actually found 204
USER	Summary API	START	1676368474274
REQUEST		Approval Techup - Fetch approval Techups	1676368474232	1676368474556	KO	status.find.is(200), but actually found 204
USER	Summary API	END	1676368474854
USER	Summary API	END	1676368474854
USER	Summary API	END	1676368474854
REQUEST		AllTechup - Fetch all Techup	1676368474550	1676368474871	OK	 
REQUEST		My Techup - Fetch approved Techup	1676368474275	1676368475137	KO	status.find.is(200), but actually found 204
USER	Summary API	START	1676368475274
REQUEST		Approval Techup - Fetch approval Techups	1676368475153	1676368475470	KO	status.find.is(200), but actually found 204
REQUEST		AllTechup - Fetch all Techup	1676368475562	1676368475879	OK	 
USER	Summary API	END	1676368475924
REQUEST		My Techup - Fetch approved Techup	1676368475275	1676368476144	KO	status.find.is(200), but actually found 204
USER	Summary API	START	1676368476274
REQUEST		Approval Techup - Fetch approval Techups	1676368476177	1676368476554	KO	status.find.is(200), but actually found 204
REQUEST		AllTechup - Fetch all Techup	1676368476586	1676368476913	OK	 
USER	Summary API	END	1676368476986
REQUEST		My Techup - Fetch approved Techup	1676368476274	1676368477167	KO	status.find.is(200), but actually found 204
USER	Summary API	START	1676368477274
REQUEST		Approval Techup - Fetch approval Techups	1676368477202	1676368477520	KO	status.find.is(200), but actually found 204
USER	Summary API	END	1676368477872
REQUEST		AllTechup - Fetch all Techup	1676368477557	1676368477877	OK	 
REQUEST		My Techup - Fetch approved Techup	1676368477274	1676368478175	KO	status.find.is(200), but actually found 204
USER	Summary API	START	1676368478274
REQUEST		Approval Techup - Fetch approval Techups	1676368478138	1676368478492	KO	status.find.is(200), but actually found 204
REQUEST		AllTechup - Fetch all Techup	1676368478471	1676368478790	OK	 
USER	Summary API	END	1676368478881
REQUEST		My Techup - Fetch approved Techup	1676368478275	1676368479151	KO	status.find.is(200), but actually found 204
USER	Summary API	START	1676368479274
REQUEST		Approval Techup - Fetch approval Techups	1676368479146	1676368479524	KO	status.find.is(200), but actually found 204
USER	Summary API	END	1676368479915
REQUEST		AllTechup - Fetch all Techup	1676368479556	1676368479919	OK	 
REQUEST		My Techup - Fetch approved Techup	1676368479274	1676368480229	KO	status.find.is(200), but actually found 204
USER	Summary API	START	1676368480274
REQUEST		Approval Techup - Fetch approval Techups	1676368480168	1676368480489	KO	status.find.is(200), but actually found 204
REQUEST		AllTechup - Fetch all Techup	1676368480521	1676368480855	OK	 
USER	Summary API	END	1676368480878
REQUEST		My Techup - Fetch approved Techup	1676368480274	1676368481162	KO	status.find.is(200), but actually found 204
USER	Summary API	START	1676368481274
REQUEST		Approval Techup - Fetch approval Techups	1676368481176	1676368481487	KO	status.find.is(200), but actually found 204
USER	Summary API	END	1676368481791
REQUEST		AllTechup - Fetch all Techup	1676368481493	1676368481868	OK	 
REQUEST		My Techup - Fetch approved Techup	1676368481274	1676368482120	KO	status.find.is(200), but actually found 204
USER	Summary API	START	1676368482274
REQUEST		Approval Techup - Fetch approval Techups	1676368482152	1676368482493	KO	status.find.is(200), but actually found 204
REQUEST		AllTechup - Fetch all Techup	1676368482525	1676368482903	OK	 
USER	Summary API	END	1676368482920
REQUEST		My Techup - Fetch approved Techup	1676368482274	1676368483210	KO	status.find.is(200), but actually found 204
USER	Summary API	START	1676368483274
REQUEST		Approval Techup - Fetch approval Techups	1676368483231	1676368483570	KO	status.find.is(200), but actually found 204
REQUEST		AllTechup - Fetch all Techup	1676368483490	1676368483825	OK	 
USER	Summary API	END	1676368483856
REQUEST		My Techup - Fetch approved Techup	1676368483274	1676368484153	KO	status.find.is(200), but actually found 204
USER	Summary API	START	1676368484274
REQUEST		Approval Techup - Fetch approval Techups	1676368484163	1676368484493	KO	status.find.is(200), but actually found 204
REQUEST		AllTechup - Fetch all Techup	1676368484488	1676368484849	OK	 
USER	Summary API	END	1676368484869
REQUEST		My Techup - Fetch approved Techup	1676368484274	1676368485151	KO	status.find.is(200), but actually found 204
USER	Summary API	START	1676368485274
REQUEST		Approval Techup - Fetch approval Techups	1676368485121	1676368485468	KO	status.find.is(200), but actually found 204
REQUEST		AllTechup - Fetch all Techup	1676368485494	1676368485872	OK	 
USER	Summary API	END	1676368485904
REQUEST		My Techup - Fetch approved Techup	1676368485275	1676368486179	KO	status.find.is(200), but actually found 204
USER	Summary API	START	1676368486274
REQUEST		Approval Techup - Fetch approval Techups	1676368486211	1676368486576	KO	status.find.is(200), but actually found 204
USER	Summary API	END	1676368486827
REQUEST		AllTechup - Fetch all Techup	1676368486571	1676368486911	OK	 
REQUEST		My Techup - Fetch approved Techup	1676368486274	1676368487173	KO	status.find.is(200), but actually found 204
USER	Summary API	START	1676368487273
REQUEST		Approval Techup - Fetch approval Techups	1676368487155	1676368487499	KO	status.find.is(200), but actually found 204
REQUEST		AllTechup - Fetch all Techup	1676368487494	1676368487818	OK	 
USER	Summary API	END	1676368487850
REQUEST		My Techup - Fetch approved Techup	1676368487274	1676368488126	KO	status.find.is(200), but actually found 204
USER	Summary API	START	1676368488274
REQUEST		Approval Techup - Fetch approval Techups	1676368488152	1676368488476	KO	status.find.is(200), but actually found 204
REQUEST		AllTechup - Fetch all Techup	1676368488469	1676368488841	OK	 
USER	Summary API	END	1676368488873
REQUEST		My Techup - Fetch approved Techup	1676368488274	1676368489149	KO	status.find.is(200), but actually found 204
USER	Summary API	START	1676368489274
REQUEST		Approval Techup - Fetch approval Techups	1676368489180	1676368489559	KO	status.find.is(200), but actually found 204
REQUEST		AllTechup - Fetch all Techup	1676368489577	1676368489902	OK	 
USER	Summary API	END	1676368489913
REQUEST		My Techup - Fetch approved Techup	1676368489274	1676368490173	KO	status.find.is(200), but actually found 204
USER	Summary API	START	1676368490274
REQUEST		Approval Techup - Fetch approval Techups	1676368490174	1676368490509	KO	status.find.is(200), but actually found 204
USER	Summary API	END	1676368490819
REQUEST		AllTechup - Fetch all Techup	1676368490500	1676368490821	OK	 
REQUEST		My Techup - Fetch approved Techup	1676368490274	1676368491132	KO	status.find.is(200), but actually found 204
USER	Summary API	START	1676368491274
REQUEST		Approval Techup - Fetch approval Techups	1676368491128	1676368491481	KO	status.find.is(200), but actually found 204
REQUEST		AllTechup - Fetch all Techup	1676368491477	1676368491817	OK	 
USER	Summary API	END	1676368491843
REQUEST		My Techup - Fetch approved Techup	1676368491274	1676368492135	KO	status.find.is(200), but actually found 204
USER	Summary API	START	1676368492273
REQUEST		Approval Techup - Fetch approval Techups	1676368492150	1676368492528	KO	status.find.is(200), but actually found 204
REQUEST		AllTechup - Fetch all Techup	1676368492560	1676368492886	OK	 
USER	Summary API	END	1676368492903
REQUEST		My Techup - Fetch approved Techup	1676368492274	1676368493143	KO	status.find.is(200), but actually found 204
USER	Summary API	START	1676368493274
REQUEST		Approval Techup - Fetch approval Techups	1676368493174	1676368493491	KO	status.find.is(200), but actually found 204
USER	Summary API	END	1676368493822
REQUEST		AllTechup - Fetch all Techup	1676368493511	1676368493839	OK	 
REQUEST		My Techup - Fetch approved Techup	1676368493274	1676368494269	KO	status.find.is(200), but actually found 204
USER	Summary API	START	1676368494274
REQUEST		Approval Techup - Fetch approval Techups	1676368494133	1676368494474	KO	status.find.is(200), but actually found 204
REQUEST		AllTechup - Fetch all Techup	1676368494483	1676368494805	OK	 
USER	Summary API	END	1676368494818
REQUEST		My Techup - Fetch approved Techup	1676368494274	1676368495141	KO	status.find.is(200), but actually found 204
USER	Summary API	START	1676368495273
REQUEST		Approval Techup - Fetch approval Techups	1676368495137	1676368495479	KO	status.find.is(200), but actually found 204
USER	Summary API	END	1676368495887
REQUEST		AllTechup - Fetch all Techup	1676368495529	1676368495891	OK	 
REQUEST		My Techup - Fetch approved Techup	1676368495274	1676368496208	KO	status.find.is(200), but actually found 204
USER	Summary API	START	1676368496274
REQUEST		Approval Techup - Fetch approval Techups	1676368496145	1676368496496	KO	status.find.is(200), but actually found 204
REQUEST		AllTechup - Fetch all Techup	1676368496492	1676368496829	OK	 
USER	Summary API	END	1676368496840
REQUEST		My Techup - Fetch approved Techup	1676368496275	1676368497149	KO	status.find.is(200), but actually found 204
USER	Summary API	START	1676368497274
REQUEST		Approval Techup - Fetch approval Techups	1676368497270	1676368497606	KO	status.find.is(200), but actually found 204
USER	Summary API	END	1676368497806
REQUEST		AllTechup - Fetch all Techup	1676368497475	1676368497901	OK	 
REQUEST		My Techup - Fetch approved Techup	1676368497274	1676368498146	KO	status.find.is(200), but actually found 204
USER	Summary API	START	1676368498274
REQUEST		Approval Techup - Fetch approval Techups	1676368498142	1676368498467	KO	status.find.is(200), but actually found 204
REQUEST		AllTechup - Fetch all Techup	1676368498480	1676368498815	OK	 
USER	Summary API	END	1676368498892
REQUEST		My Techup - Fetch approved Techup	1676368498274	1676368499184	KO	status.find.is(200), but actually found 204
USER	Summary API	START	1676368499273
REQUEST		Approval Techup - Fetch approval Techups	1676368499209	1676368499526	KO	status.find.is(200), but actually found 204
REQUEST		AllTechup - Fetch all Techup	1676368499498	1676368499817	OK	 
USER	Summary API	END	1676368499830
REQUEST		My Techup - Fetch approved Techup	1676368499274	1676368500123	KO	status.find.is(200), but actually found 204
USER	Summary API	START	1676368500274
REQUEST		Approval Techup - Fetch approval Techups	1676368500150	1676368500467	KO	status.find.is(200), but actually found 204
USER	Summary API	END	1676368500903
REQUEST		AllTechup - Fetch all Techup	1676368500608	1676368500924	OK	 
REQUEST		My Techup - Fetch approved Techup	1676368500275	1676368501129	KO	status.find.is(200), but actually found 204
USER	Summary API	START	1676368501274
REQUEST		Approval Techup - Fetch approval Techups	1676368501147	1676368501641	KO	status.find.is(200), but actually found 204
REQUEST		AllTechup - Fetch all Techup	1676368501468	1676368501783	OK	 
USER	Summary API	END	1676368501817
REQUEST		My Techup - Fetch approved Techup	1676368501274	1676368502222	KO	status.find.is(200), but actually found 204
USER	Summary API	START	1676368502274
REQUEST		Approval Techup - Fetch approval Techups	1676368502185	1676368502532	KO	status.find.is(200), but actually found 204
USER	Summary API	END	1676368502818
REQUEST		AllTechup - Fetch all Techup	1676368502527	1676368502843	OK	 
REQUEST		My Techup - Fetch approved Techup	1676368502274	1676368503134	KO	status.find.is(200), but actually found 204
USER	Summary API	START	1676368503274
REQUEST		Approval Techup - Fetch approval Techups	1676368503124	1676368503443	KO	status.find.is(200), but actually found 204
REQUEST		AllTechup - Fetch all Techup	1676368503468	1676368503791	OK	 
USER	Summary API	END	1676368503926
REQUEST		My Techup - Fetch approved Techup	1676368503274	1676368504228	KO	status.find.is(200), but actually found 204
USER	Summary API	START	1676368504273
REQUEST		Approval Techup - Fetch approval Techups	1676368504130	1676368504452	KO	status.find.is(200), but actually found 204
USER	Summary API	END	1676368504784
REQUEST		AllTechup - Fetch all Techup	1676368504642	1676368504962	OK	 
REQUEST		My Techup - Fetch approved Techup	1676368504274	1676368505123	KO	status.find.is(200), but actually found 204
USER	Summary API	START	1676368505273
REQUEST		Approval Techup - Fetch approval Techups	1676368505223	1676368505542	KO	status.find.is(200), but actually found 204
USER	Summary API	END	1676368505844
REQUEST		AllTechup - Fetch all Techup	1676368505533	1676368505852	OK	 
REQUEST		My Techup - Fetch approved Techup	1676368505274	1676368506148	KO	status.find.is(200), but actually found 204
USER	Summary API	START	1676368506273
REQUEST		Approval Techup - Fetch approval Techups	1676368506135	1676368506461	KO	status.find.is(200), but actually found 204
REQUEST		AllTechup - Fetch all Techup	1676368506444	1676368506765	OK	 
USER	Summary API	END	1676368506793
REQUEST		My Techup - Fetch approved Techup	1676368506274	1676368507171	KO	status.find.is(200), but actually found 204
USER	Summary API	START	1676368507274
REQUEST		Approval Techup - Fetch approval Techups	1676368507229	1676368507548	KO	status.find.is(200), but actually found 204
REQUEST		AllTechup - Fetch all Techup	1676368507453	1676368507786	OK	 
USER	Summary API	END	1676368507964
REQUEST		My Techup - Fetch approved Techup	1676368507275	1676368508117	KO	status.find.is(200), but actually found 204
USER	Summary API	START	1676368508274
REQUEST		Approval Techup - Fetch approval Techups	1676368508124	1676368508502	KO	status.find.is(200), but actually found 204
USER	Summary API	END	1676368508854
REQUEST		AllTechup - Fetch all Techup	1676368508543	1676368508860	OK	 
REQUEST		My Techup - Fetch approved Techup	1676368508274	1676368509197	KO	status.find.is(200), but actually found 204
USER	Summary API	START	1676368509273
REQUEST		Approval Techup - Fetch approval Techups	1676368509149	1676368509466	KO	status.find.is(200), but actually found 204
USER	Summary API	END	1676368509766
REQUEST		AllTechup - Fetch all Techup	1676368509462	1676368509782	OK	 
REQUEST		My Techup - Fetch approved Techup	1676368509274	1676368510122	KO	status.find.is(200), but actually found 204
USER	Summary API	START	1676368510274
REQUEST		Approval Techup - Fetch approval Techups	1676368510172	1676368510489	KO	status.find.is(200), but actually found 204
USER	Summary API	END	1676368510788
REQUEST		AllTechup - Fetch all Techup	1676368510549	1676368510866	OK	 
REQUEST		My Techup - Fetch approved Techup	1676368510274	1676368511129	KO	status.find.is(200), but actually found 204
USER	Summary API	START	1676368511274
REQUEST		Approval Techup - Fetch approval Techups	1676368511118	1676368511434	KO	status.find.is(200), but actually found 204
REQUEST		AllTechup - Fetch all Techup	1676368511504	1676368511832	OK	 
USER	Summary API	END	1676368511861
REQUEST		My Techup - Fetch approved Techup	1676368511274	1676368512188	KO	status.find.is(200), but actually found 204
USER	Summary API	START	1676368512274
REQUEST		Approval Techup - Fetch approval Techups	1676368512198	1676368512544	KO	status.find.is(200), but actually found 204
USER	Summary API	END	1676368512784
REQUEST		AllTechup - Fetch all Techup	1676368512467	1676368512787	OK	 
REQUEST		My Techup - Fetch approved Techup	1676368512274	1676368513122	KO	status.find.is(200), but actually found 204
USER	Summary API	START	1676368513274
REQUEST		Approval Techup - Fetch approval Techups	1676368513123	1676368513435	KO	status.find.is(200), but actually found 204
REQUEST		AllTechup - Fetch all Techup	1676368513490	1676368513827	OK	 
USER	Summary API	END	1676368513867
REQUEST		My Techup - Fetch approved Techup	1676368513274	1676368514134	KO	status.find.is(200), but actually found 204
USER	Summary API	START	1676368514273
REQUEST		Approval Techup - Fetch approval Techups	1676368514130	1676368514447	KO	status.find.is(200), but actually found 204
REQUEST		AllTechup - Fetch all Techup	1676368514435	1676368514751	OK	 
USER	Summary API	END	1676368514833
REQUEST		My Techup - Fetch approved Techup	1676368514274	1676368515222	KO	status.find.is(200), but actually found 204
USER	Summary API	START	1676368515274
REQUEST		Approval Techup - Fetch approval Techups	1676368515189	1676368515502	KO	status.find.is(200), but actually found 204
USER	Summary API	END	1676368515788
REQUEST		AllTechup - Fetch all Techup	1676368515546	1676368515868	OK	 
REQUEST		My Techup - Fetch approved Techup	1676368515274	1676368516127	KO	status.find.is(200), but actually found 204
USER	Summary API	START	1676368516274
REQUEST		Approval Techup - Fetch approval Techups	1676368516123	1676368516441	KO	status.find.is(200), but actually found 204
REQUEST		AllTechup - Fetch all Techup	1676368516436	1676368516804	OK	 
USER	Summary API	END	1676368516828
REQUEST		My Techup - Fetch approved Techup	1676368516274	1676368517174	KO	status.find.is(200), but actually found 204
USER	Summary API	START	1676368517273
REQUEST		Approval Techup - Fetch approval Techups	1676368517135	1676368517463	KO	status.find.is(200), but actually found 204
USER	Summary API	END	1676368517752
REQUEST		AllTechup - Fetch all Techup	1676368517448	1676368517768	OK	 
REQUEST		My Techup - Fetch approved Techup	1676368517274	1676368518128	KO	status.find.is(200), but actually found 204
USER	Summary API	START	1676368518274
REQUEST		Approval Techup - Fetch approval Techups	1676368518223	1676368518536	KO	status.find.is(200), but actually found 204
REQUEST		AllTechup - Fetch all Techup	1676368518503	1676368518844	OK	 
USER	Summary API	END	1676368518870
REQUEST		My Techup - Fetch approved Techup	1676368518274	1676368519145	KO	status.find.is(200), but actually found 204
USER	Summary API	START	1676368519273
REQUEST		Approval Techup - Fetch approval Techups	1676368519128	1676368519462	KO	status.find.is(200), but actually found 204
REQUEST		AllTechup - Fetch all Techup	1676368519442	1676368519761	OK	 
USER	Summary API	END	1676368519805
REQUEST		My Techup - Fetch approved Techup	1676368519274	1676368520176	KO	status.find.is(200), but actually found 204
USER	Summary API	START	1676368520274
REQUEST		Approval Techup - Fetch approval Techups	1676368520175	1676368520501	KO	status.find.is(200), but actually found 204
USER	Summary API	END	1676368520770
REQUEST		AllTechup - Fetch all Techup	1676368520464	1676368520781	OK	 
REQUEST		My Techup - Fetch approved Techup	1676368520274	1676368521124	KO	status.find.is(200), but actually found 204
USER	Summary API	START	1676368521274
REQUEST		Approval Techup - Fetch approval Techups	1676368521129	1676368521457	KO	status.find.is(200), but actually found 204
USER	Summary API	END	1676368521846
REQUEST		AllTechup - Fetch all Techup	1676368521537	1676368521858	OK	 
REQUEST		My Techup - Fetch approved Techup	1676368521274	1676368522128	KO	status.find.is(200), but actually found 204
USER	Summary API	START	1676368522274
REQUEST		Approval Techup - Fetch approval Techups	1676368522146	1676368522459	KO	status.find.is(200), but actually found 204
USER	Summary API	END	1676368522762
REQUEST		AllTechup - Fetch all Techup	1676368522463	1676368522782	OK	 
REQUEST		My Techup - Fetch approved Techup	1676368522275	1676368523181	KO	status.find.is(200), but actually found 204
USER	Summary API	START	1676368523273
REQUEST		Approval Techup - Fetch approval Techups	1676368523177	1676368523506	KO	status.find.is(200), but actually found 204
USER	Summary API	END	1676368523782
REQUEST		AllTechup - Fetch all Techup	1676368523502	1676368523831	OK	 
REQUEST		My Techup - Fetch approved Techup	1676368523274	1676368524115	KO	status.find.is(200), but actually found 204
USER	Summary API	START	1676368524274
REQUEST		Approval Techup - Fetch approval Techups	1676368524126	1676368524462	KO	status.find.is(200), but actually found 204
REQUEST		AllTechup - Fetch all Techup	1676368524458	1676368524784	OK	 
USER	Summary API	END	1676368524860
REQUEST		My Techup - Fetch approved Techup	1676368524274	1676368525123	KO	status.find.is(200), but actually found 204
USER	Summary API	START	1676368525274
REQUEST		Approval Techup - Fetch approval Techups	1676368525129	1676368525464	KO	status.find.is(200), but actually found 204
USER	Summary API	END	1676368525784
REQUEST		AllTechup - Fetch all Techup	1676368525460	1676368525787	OK	 
REQUEST		My Techup - Fetch approved Techup	1676368525274	1676368526123	KO	status.find.is(200), but actually found 204
USER	Summary API	START	1676368526274
REQUEST		Approval Techup - Fetch approval Techups	1676368526181	1676368526511	KO	status.find.is(200), but actually found 204
REQUEST		AllTechup - Fetch all Techup	1676368526507	1676368526832	OK	 
USER	Summary API	END	1676368526833
REQUEST		My Techup - Fetch approved Techup	1676368526274	1676368527131	KO	status.find.is(200), but actually found 204
USER	Summary API	START	1676368527274
REQUEST		Approval Techup - Fetch approval Techups	1676368527116	1676368527456	KO	status.find.is(200), but actually found 204
USER	Summary API	END	1676368527786
REQUEST		AllTechup - Fetch all Techup	1676368527463	1676368527848	OK	 
REQUEST		My Techup - Fetch approved Techup	1676368527275	1676368528121	KO	status.find.is(200), but actually found 204
USER	Summary API	START	1676368528274
REQUEST		Approval Techup - Fetch approval Techups	1676368528124	1676368528470	KO	status.find.is(200), but actually found 204
REQUEST		AllTechup - Fetch all Techup	1676368528465	1676368528784	OK	 
USER	Summary API	END	1676368528788
REQUEST		My Techup - Fetch approved Techup	1676368528274	1676368529112	KO	status.find.is(200), but actually found 204
USER	Summary API	START	1676368529274
REQUEST		Approval Techup - Fetch approval Techups	1676368529124	1676368529439	KO	status.find.is(200), but actually found 204
USER	Summary API	END	1676368529834
REQUEST		AllTechup - Fetch all Techup	1676368529513	1676368529841	OK	 
REQUEST		My Techup - Fetch approved Techup	1676368529274	1676368530205	KO	status.find.is(200), but actually found 204
USER	Summary API	START	1676368530274
REQUEST		Approval Techup - Fetch approval Techups	1676368530132	1676368530513	KO	status.find.is(200), but actually found 204
REQUEST		AllTechup - Fetch all Techup	1676368530459	1676368530773	OK	 
USER	Summary API	END	1676368530850
REQUEST		My Techup - Fetch approved Techup	1676368530274	1676368531258	KO	status.find.is(200), but actually found 204
USER	Summary API	START	1676368531273
REQUEST		Approval Techup - Fetch approval Techups	1676368531122	1676368531508	KO	status.find.is(200), but actually found 204
USER	Summary API	END	1676368531785
REQUEST		AllTechup - Fetch all Techup	1676368531472	1676368531899	OK	 
USER	Summary API	START	1676368532274
REQUEST		My Techup - Fetch approved Techup	1676368531274	1676368532312	KO	status.find.is(200), but actually found 204
REQUEST		Approval Techup - Fetch approval Techups	1676368532113	1676368532473	KO	status.find.is(200), but actually found 204
USER	Summary API	END	1676368532842
REQUEST		AllTechup - Fetch all Techup	1676368532440	1676368532846	OK	 
REQUEST		My Techup - Fetch approved Techup	1676368532274	1676368533180	KO	status.find.is(200), but actually found 204
USER	Summary API	START	1676368533274
REQUEST		Approval Techup - Fetch approval Techups	1676368533205	1676368533601	KO	status.find.is(200), but actually found 204
USER	Summary API	END	1676368533774
REQUEST		AllTechup - Fetch all Techup	1676368533514	1676368533917	OK	 
USER	Summary API	START	1676368534274
REQUEST		My Techup - Fetch approved Techup	1676368533274	1676368534342	KO	status.find.is(200), but actually found 204
REQUEST		Approval Techup - Fetch approval Techups	1676368534259	1676368534571	KO	status.find.is(200), but actually found 204
USER	Summary API	END	1676368534901
REQUEST		AllTechup - Fetch all Techup	1676368534509	1676368534904	OK	 
USER	Summary API	START	1676368535274
REQUEST		My Techup - Fetch approved Techup	1676368534274	1676368535279	KO	status.find.is(200), but actually found 204
REQUEST		Approval Techup - Fetch approval Techups	1676368535313	1676368535660	KO	status.find.is(200), but actually found 204
REQUEST		AllTechup - Fetch all Techup	1676368535474	1676368535788	OK	 
USER	Summary API	END	1676368535847
USER	Summary API	START	1676368536274
REQUEST		My Techup - Fetch approved Techup	1676368535274	1676368536457	KO	status.find.is(200), but actually found 204
REQUEST		Approval Techup - Fetch approval Techups	1676368536181	1676368536568	KO	status.find.is(200), but actually found 204
USER	Summary API	END	1676368536918
REQUEST		AllTechup - Fetch all Techup	1676368536602	1676368536984	OK	 
USER	Summary API	START	1676368537274
REQUEST		My Techup - Fetch approved Techup	1676368536274	1676368537307	KO	status.find.is(200), but actually found 204
REQUEST		Approval Techup - Fetch approval Techups	1676368537343	1676368537721	KO	status.find.is(200), but actually found 204
REQUEST		AllTechup - Fetch all Techup	1676368537571	1676368537891	OK	 
USER	Summary API	END	1676368537906
REQUEST		My Techup - Fetch approved Techup	1676368537274	1676368538258	KO	status.find.is(200), but actually found 204
USER	Summary API	START	1676368538274
REQUEST		Approval Techup - Fetch approval Techups	1676368538280	1676368538666	KO	status.find.is(200), but actually found 204
USER	Summary API	END	1676368538790
REQUEST		AllTechup - Fetch all Techup	1676368538661	1676368539083	OK	 
USER	Summary API	START	1676368539274
REQUEST		My Techup - Fetch approved Techup	1676368538275	1676368539328	KO	status.find.is(200), but actually found 204
REQUEST		Approval Techup - Fetch approval Techups	1676368539458	1676368539836	KO	status.find.is(200), but actually found 204
REQUEST		AllTechup - Fetch all Techup	1676368539569	1676368539892	OK	 
USER	Summary API	END	1676368539985
REQUEST		My Techup - Fetch approved Techup	1676368539274	1676368540145	KO	status.find.is(200), but actually found 204
USER	Summary API	START	1676368540274
REQUEST		Approval Techup - Fetch approval Techups	1676368540308	1676368540682	KO	status.find.is(200), but actually found 204
USER	Summary API	END	1676368540892
REQUEST		AllTechup - Fetch all Techup	1676368540722	1676368541106	OK	 
USER	Summary API	START	1676368541273
REQUEST		My Techup - Fetch approved Techup	1676368540275	1676368541475	KO	status.find.is(200), but actually found 204
REQUEST		Approval Techup - Fetch approval Techups	1676368541259	1676368541632	KO	status.find.is(200), but actually found 204
USER	Summary API	END	1676368542085
REQUEST		AllTechup - Fetch all Techup	1676368541667	1676368542089	OK	 
REQUEST		My Techup - Fetch approved Techup	1676368541274	1676368542179	KO	status.find.is(200), but actually found 204
USER	Summary API	START	1676368542274
REQUEST		Approval Techup - Fetch approval Techups	1676368542329	1676368542719	KO	status.find.is(200), but actually found 204
USER	Summary API	END	1676368542893
REQUEST		AllTechup - Fetch all Techup	1676368542837	1676368543223	OK	 
REQUEST		My Techup - Fetch approved Techup	1676368542274	1676368543252	KO	status.find.is(200), but actually found 204
USER	Summary API	START	1676368543273
REQUEST		Approval Techup - Fetch approval Techups	1676368543146	1676368543539	KO	status.find.is(200), but actually found 204
REQUEST		AllTechup - Fetch all Techup	1676368543683	1676368544035	OK	 
USER	Summary API	END	1676368544108
USER	Summary API	START	1676368544273
REQUEST		My Techup - Fetch approved Techup	1676368543274	1676368544332	KO	status.find.is(200), but actually found 204
REQUEST		Approval Techup - Fetch approval Techups	1676368544476	1676368544876	KO	status.find.is(200), but actually found 204
REQUEST		AllTechup - Fetch all Techup	1676368544632	1676368544952	OK	 
USER	Summary API	END	1676368545090
USER	Summary API	START	1676368545273
REQUEST		My Techup - Fetch approved Techup	1676368544274	1676368545287	KO	status.find.is(200), but actually found 204
REQUEST		Approval Techup - Fetch approval Techups	1676368545180	1676368545507	KO	status.find.is(200), but actually found 204
REQUEST		AllTechup - Fetch all Techup	1676368545720	1676368546116	OK	 
USER	Summary API	END	1676368546224
REQUEST		My Techup - Fetch approved Techup	1676368545274	1676368546247	KO	status.find.is(200), but actually found 204
USER	Summary API	START	1676368546274
REQUEST		AllTechup - Fetch all Techup	1676368546540	1676368547008	OK	 
USER	Summary API	END	1676368547036
REQUEST		Approval Techup - Fetch approval Techups	1676368546253	1676368547110	KO	status.find.is(200), but actually found 204
USER	Summary API	START	1676368547274
REQUEST		My Techup - Fetch approved Techup	1676368546274	1676368547358	KO	status.find.is(200), but actually found 204
REQUEST		Approval Techup - Fetch approval Techups	1676368547333	1676368547656	KO	status.find.is(200), but actually found 204
USER	Summary API	END	1676368547953
REQUEST		AllTechup - Fetch all Techup	1676368547877	1676368548233	OK	 
REQUEST		My Techup - Fetch approved Techup	1676368547274	1676368548247	KO	status.find.is(200), but actually found 204
USER	Summary API	START	1676368548274
REQUEST		Approval Techup - Fetch approval Techups	1676368548288	1676368548663	KO	status.find.is(200), but actually found 204
REQUEST		AllTechup - Fetch all Techup	1676368548508	1676368548847	OK	 
USER	Summary API	END	1676368549118
REQUEST		My Techup - Fetch approved Techup	1676368548274	1676368549260	KO	status.find.is(200), but actually found 204
USER	Summary API	START	1676368549273
REQUEST		Approval Techup - Fetch approval Techups	1676368549248	1676368549666	KO	status.find.is(200), but actually found 204
USER	Summary API	END	1676368550009
USER	Summary API	START	1676368550274
REQUEST		My Techup - Fetch approved Techup	1676368549274	1676368550380	KO	status.find.is(200), but actually found 204
REQUEST		AllTechup - Fetch all Techup	1676368550111	1676368550494	OK	 
REQUEST		Approval Techup - Fetch approval Techups	1676368550359	1676368550741	KO	status.find.is(200), but actually found 204
REQUEST		AllTechup - Fetch all Techup	1676368550657	1676368551049	OK	 
USER	Summary API	END	1676368551234
USER	Summary API	START	1676368551274
REQUEST		My Techup - Fetch approved Techup	1676368550274	1676368551387	KO	status.find.is(200), but actually found 204
REQUEST		Approval Techup - Fetch approval Techups	1676368551248	1676368551640	KO	status.find.is(200), but actually found 204
USER	Summary API	END	1676368551848
REQUEST		AllTechup - Fetch all Techup	1676368551664	1676368552076	OK	 
USER	Summary API	START	1676368552274
REQUEST		My Techup - Fetch approved Techup	1676368551274	1676368552374	KO	status.find.is(200), but actually found 204
REQUEST		Approval Techup - Fetch approval Techups	1676368552261	1676368552636	KO	status.find.is(200), but actually found 204
REQUEST		AllTechup - Fetch all Techup	1676368552667	1676368553046	OK	 
USER	Summary API	START	1676368553274
REQUEST		My Techup - Fetch approved Techup	1676368552274	1676368553407	KO	status.find.is(200), but actually found 204
USER	Summary API	END	1676368553495
REQUEST		Approval Techup - Fetch approval Techups	1676368553381	1676368553757	KO	status.find.is(200), but actually found 204
USER	Summary API	END	1676368554050
REQUEST		AllTechup - Fetch all Techup	1676368553742	1676368554147	OK	 
REQUEST		My Techup - Fetch approved Techup	1676368553274	1676368554253	KO	status.find.is(200), but actually found 204
USER	Summary API	START	1676368554274
REQUEST		Approval Techup - Fetch approval Techups	1676368554388	1676368554702	KO	status.find.is(200), but actually found 204
REQUEST		AllTechup - Fetch all Techup	1676368554641	1676368555018	OK	 
USER	Summary API	END	1676368555077
USER	Summary API	START	1676368555274
REQUEST		My Techup - Fetch approved Techup	1676368554274	1676368555280	KO	status.find.is(200), but actually found 204
REQUEST		Approval Techup - Fetch approval Techups	1676368555375	1676368555686	KO	status.find.is(200), but actually found 204
REQUEST		AllTechup - Fetch all Techup	1676368555637	1676368556020	OK	 
USER	Summary API	END	1676368556047
USER	Summary API	START	1676368556274
REQUEST		My Techup - Fetch approved Techup	1676368555274	1676368556387	KO	status.find.is(200), but actually found 204
REQUEST		Approval Techup - Fetch approval Techups	1676368556408	1676368556721	KO	status.find.is(200), but actually found 204
USER	Summary API	END	1676368557149
REQUEST		AllTechup - Fetch all Techup	1676368556758	1676368557166	OK	 
USER	Summary API	START	1676368557274
REQUEST		My Techup - Fetch approved Techup	1676368556274	1676368557330	KO	status.find.is(200), but actually found 204
REQUEST		Approval Techup - Fetch approval Techups	1676368557254	1676368557654	KO	status.find.is(200), but actually found 204
USER	Summary API	END	1676368558019
REQUEST		AllTechup - Fetch all Techup	1676368557703	1676368558094	OK	 
USER	Summary API	START	1676368558274
REQUEST		My Techup - Fetch approved Techup	1676368557274	1676368558319	KO	status.find.is(200), but actually found 204
REQUEST		Approval Techup - Fetch approval Techups	1676368558281	1676368558671	KO	status.find.is(200), but actually found 204
USER	Summary API	END	1676368559022
REQUEST		AllTechup - Fetch all Techup	1676368558687	1676368559071	OK	 
USER	Summary API	START	1676368559274
REQUEST		My Techup - Fetch approved Techup	1676368558274	1676368559317	KO	status.find.is(200), but actually found 204
REQUEST		Approval Techup - Fetch approval Techups	1676368559388	1676368559772	KO	status.find.is(200), but actually found 204
REQUEST		AllTechup - Fetch all Techup	1676368559722	1676368560115	OK	 
USER	Summary API	END	1676368560167
USER	Summary API	START	1676368560274
REQUEST		My Techup - Fetch approved Techup	1676368559274	1676368560484	KO	status.find.is(200), but actually found 204
REQUEST		Approval Techup - Fetch approval Techups	1676368560331	1676368560718	KO	status.find.is(200), but actually found 204
REQUEST		AllTechup - Fetch all Techup	1676368560654	1676368561050	OK	 
USER	Summary API	END	1676368561096
USER	Summary API	START	1676368561274
REQUEST		My Techup - Fetch approved Techup	1676368560274	1676368561412	KO	status.find.is(200), but actually found 204
REQUEST		Approval Techup - Fetch approval Techups	1676368561320	1676368561702	KO	status.find.is(200), but actually found 204
USER	Summary API	END	1676368562072
REQUEST		AllTechup - Fetch all Techup	1676368561672	1676368562093	OK	 
REQUEST		My Techup - Fetch approved Techup	1676368561274	1676368562430	KO	status.find.is(200), but actually found 204
REQUEST		Approval Techup - Fetch approval Techups	1676368562318	1676368562737	KO	status.find.is(200), but actually found 204
USER	Summary API	END	1676368563116
REQUEST		AllTechup - Fetch all Techup	1676368562773	1676368563169	OK	 
REQUEST		Approval Techup - Fetch approval Techups	1676368563485	1676368563856	KO	status.find.is(200), but actually found 204
USER	Summary API	END	1676368564052
REQUEST		AllTechup - Fetch all Techup	1676368563719	1676368564092	OK	 
REQUEST		Approval Techup - Fetch approval Techups	1676368564413	1676368564801	KO	status.find.is(200), but actually found 204
USER	Summary API	END	1676368565094
REQUEST		AllTechup - Fetch all Techup	1676368564702	1676368565098	OK	 
REQUEST		Approval Techup - Fetch approval Techups	1676368565431	1676368565813	KO	status.find.is(200), but actually found 204
REQUEST		AllTechup - Fetch all Techup	1676368565738	1676368566055	OK	 
USER	Summary API	END	1676368566170
USER	Summary API	END	1676368567093
REQUEST		AllTechup - Fetch all Techup	1676368566857	1676368567279	OK	 
USER	Summary API	END	1676368568099
REQUEST		AllTechup - Fetch all Techup	1676368567802	1676368568198	OK	 
USER	Summary API	END	1676368569057
REQUEST		AllTechup - Fetch all Techup	1676368568814	1676368569230	OK	 
USER	Summary API	END	1676368570280
USER	Summary API	END	1676368571199
USER	Summary API	END	1676368572231
