RUN	Simulations.Create	create	1673435561307	 	3.5.1
USER	Create  Scenario	START	1673435567441
USER	Create  Scenario	START	1673435567768
USER	Create  Scenario	START	1673435568101
REQUEST		Fetch contribution	1673435567453	1673435568360	OK	 
USER	Create  Scenario	START	1673435568435
REQUEST		Fetch contribution	1673435567768	1673435568710	OK	 
USER	Create  Scenario	START	1673435568935
REQUEST		Fetch contribution	1673435568102	1673435569005	OK	 
REQUEST		Fetch contribution	1673435568436	1673435569324	OK	 
USER	Create  Scenario	START	1673435569436
USER	Create  Scenario	START	1673435569768
REQUEST		Fetch contribution	1673435568936	1673435569954	OK	 
USER	Create  Scenario	START	1673435570102
REQUEST		Fetch contribution	1673435569436	1673435570296	OK	 
USER	Create  Scenario	START	1673435570436
REQUEST		Fetch contribution	1673435569769	1673435570605	OK	 
USER	Create  Scenario	START	1673435570935
REQUEST		Fetch contribution	1673435570102	1673435570978	OK	 
REQUEST		Fetch contribution	1673435570437	1673435571373	OK	 
USER	Create  Scenario	END	1673435571385
USER	Create  Scenario	START	1673435571435
USER	Create  Scenario	END	1673435571711
USER	Create  Scenario	START	1673435571768
USER	Create  Scenario	END	1673435572007
REQUEST		Fetch contribution	1673435570935	1673435572010	OK	 
USER	Create  Scenario	START	1673435572102
USER	Create  Scenario	END	1673435572326
REQUEST		Fetch contribution	1673435571436	1673435572404	OK	 
USER	Create  Scenario	START	1673435572437
REQUEST		Fetch contribution	1673435571769	1673435572703	OK	 
USER	Create  Scenario	START	1673435572934
USER	Create  Scenario	END	1673435572956
REQUEST		Fetch contribution	1673435572102	1673435573008	OK	 
USER	Create  Scenario	END	1673435573297
REQUEST		Fetch contribution	1673435572437	1673435573302	OK	 
USER	Create  Scenario	START	1673435573435
USER	Create  Scenario	END	1673435573607
USER	Create  Scenario	START	1673435573768
REQUEST		Fetch contribution	1673435572935	1673435573915	OK	 
USER	Create  Scenario	END	1673435573980
USER	Create  Scenario	START	1673435574101
REQUEST		Fetch contribution	1673435573435	1673435574279	OK	 
USER	Create  Scenario	END	1673435574374
USER	Create  Scenario	START	1673435574436
REQUEST		Fetch contribution	1673435573769	1673435574614	OK	 
USER	Create  Scenario	START	1673435574935
REQUEST		Fetch contribution	1673435574102	1673435574943	OK	 
USER	Create  Scenario	END	1673435575011
REQUEST		Fetch contribution	1673435574436	1673435575288	OK	 
USER	Create  Scenario	END	1673435575406
USER	Create  Scenario	START	1673435575435
USER	Create  Scenario	END	1673435575705
USER	Create  Scenario	START	1673435575767
REQUEST		Fetch contribution	1673435574935	1673435575857	OK	 
USER	Create  Scenario	END	1673435576009
USER	Create  Scenario	START	1673435576101
REQUEST		Fetch contribution	1673435575435	1673435576286	OK	 
USER	Create  Scenario	END	1673435576304
USER	Create  Scenario	START	1673435576435
REQUEST		Fetch contribution	1673435575768	1673435576604	OK	 
USER	Create  Scenario	END	1673435576917
REQUEST		Fetch contribution	1673435576101	1673435576935	OK	 
USER	Create  Scenario	START	1673435576935
REQUEST		Fetch contribution	1673435576435	1673435577276	OK	 
USER	Create  Scenario	END	1673435577280
USER	Create  Scenario	START	1673435577435
USER	Create  Scenario	END	1673435577616
USER	Create  Scenario	START	1673435577768
REQUEST		Fetch contribution	1673435576935	1673435577776	OK	 
USER	Create  Scenario	END	1673435577944
USER	Create  Scenario	START	1673435578101
USER	Create  Scenario	END	1673435578290
REQUEST		Fetch contribution	1673435577436	1673435578298	OK	 
USER	Create  Scenario	START	1673435578435
REQUEST		Fetch contribution	1673435577768	1673435578642	OK	 
USER	Create  Scenario	END	1673435578859
USER	Create  Scenario	START	1673435578934
REQUEST		Fetch contribution	1673435578102	1673435578952	OK	 
REQUEST		Fetch contribution	1673435578436	1673435579286	OK	 
USER	Create  Scenario	END	1673435579288
USER	Create  Scenario	START	1673435579434
USER	Create  Scenario	END	1673435579606
USER	Create  Scenario	START	1673435579767
REQUEST		Fetch contribution	1673435578935	1673435579796	OK	 
USER	Create  Scenario	END	1673435579936
USER	Create  Scenario	START	1673435580100
USER	Create  Scenario	END	1673435580277
REQUEST		Fetch contribution	1673435579435	1673435580305	OK	 
USER	Create  Scenario	START	1673435580435
REQUEST		Fetch contribution	1673435579768	1673435580617	OK	 
USER	Create  Scenario	END	1673435580777
USER	Create  Scenario	START	1673435580935
REQUEST		Fetch contribution	1673435580101	1673435580941	OK	 
USER	Create  Scenario	END	1673435581300
REQUEST		Fetch contribution	1673435580435	1673435581305	OK	 
USER	Create  Scenario	START	1673435581435
USER	Create  Scenario	END	1673435581644
USER	Create  Scenario	START	1673435581768
REQUEST		Fetch contribution	1673435580935	1673435581918	OK	 
USER	Create  Scenario	END	1673435581953
USER	Create  Scenario	START	1673435582101
USER	Create  Scenario	END	1673435582287
REQUEST		Fetch contribution	1673435581435	1673435582294	OK	 
USER	Create  Scenario	START	1673435582435
REQUEST		Fetch contribution	1673435581768	1673435582634	OK	 
USER	Create  Scenario	END	1673435582798
REQUEST		Fetch contribution	1673435582102	1673435582933	OK	 
USER	Create  Scenario	START	1673435582935
REQUEST		Fetch contribution	1673435582436	1673435583274	OK	 
USER	Create  Scenario	END	1673435583307
USER	Create  Scenario	START	1673435583435
USER	Create  Scenario	END	1673435583619
USER	Create  Scenario	START	1673435583768
REQUEST		Fetch contribution	1673435582935	1673435583819	OK	 
USER	Create  Scenario	END	1673435583943
USER	Create  Scenario	START	1673435584101
REQUEST		Fetch contribution	1673435583435	1673435584294	OK	 
USER	Create  Scenario	END	1673435584306
USER	Create  Scenario	START	1673435584435
REQUEST		Fetch contribution	1673435583768	1673435584685	OK	 
USER	Create  Scenario	END	1673435584920
USER	Create  Scenario	START	1673435584934
REQUEST		Fetch contribution	1673435584101	1673435584982	OK	 
USER	Create  Scenario	END	1673435585295
REQUEST		Fetch contribution	1673435584435	1673435585298	OK	 
USER	Create  Scenario	START	1673435585435
USER	Create  Scenario	END	1673435585636
USER	Create  Scenario	START	1673435585768
REQUEST		Fetch contribution	1673435584935	1673435585912	OK	 
USER	Create  Scenario	END	1673435585935
USER	Create  Scenario	START	1673435586101
REQUEST		Fetch contribution	1673435585435	1673435586269	OK	 
USER	Create  Scenario	END	1673435586275
USER	Create  Scenario	START	1673435586435
REQUEST		Fetch contribution	1673435585768	1673435586775	OK	 
USER	Create  Scenario	END	1673435586820
USER	Create  Scenario	START	1673435586935
REQUEST		Fetch contribution	1673435586101	1673435587143	OK	 
USER	Create  Scenario	END	1673435587296
USER	Create  Scenario	START	1673435587435
REQUEST		Fetch contribution	1673435586435	1673435587448	OK	 
USER	Create  Scenario	END	1673435587687
USER	Create  Scenario	START	1673435587768
REQUEST		Fetch contribution	1673435586935	1673435587825	OK	 
USER	Create  Scenario	END	1673435587983
USER	Create  Scenario	START	1673435588101
USER	Create  Scenario	END	1673435588300
REQUEST		Fetch contribution	1673435587435	1673435588303	OK	 
USER	Create  Scenario	START	1673435588435
REQUEST		Fetch contribution	1673435587768	1673435588677	OK	 
USER	Create  Scenario	END	1673435588913
USER	Create  Scenario	START	1673435588935
REQUEST		Fetch contribution	1673435588101	1673435588975	OK	 
USER	Create  Scenario	END	1673435589270
REQUEST		Fetch contribution	1673435588435	1673435589277	OK	 
USER	Create  Scenario	START	1673435589435
USER	Create  Scenario	START	1673435589768
USER	Create  Scenario	END	1673435589777
REQUEST		Fetch contribution	1673435588935	1673435589789	OK	 
USER	Create  Scenario	START	1673435590101
USER	Create  Scenario	END	1673435590144
REQUEST		Fetch contribution	1673435589436	1673435590417	OK	 
USER	Create  Scenario	START	1673435590435
USER	Create  Scenario	END	1673435590449
REQUEST		Fetch contribution	1673435589769	1673435590728	OK	 
USER	Create  Scenario	END	1673435590826
USER	Create  Scenario	START	1673435590935
REQUEST		Fetch contribution	1673435590102	1673435591030	OK	 
USER	Create  Scenario	END	1673435591304
REQUEST		Fetch contribution	1673435590436	1673435591306	OK	 
USER	Create  Scenario	START	1673435591435
USER	Create  Scenario	END	1673435591678
USER	Create  Scenario	START	1673435591768
REQUEST		Fetch contribution	1673435590935	1673435591815	OK	 
USER	Create  Scenario	END	1673435591976
USER	Create  Scenario	START	1673435592101
USER	Create  Scenario	END	1673435592279
REQUEST		Fetch contribution	1673435591436	1673435592379	OK	 
USER	Create  Scenario	START	1673435592435
REQUEST		Fetch contribution	1673435591768	1673435592610	OK	 
USER	Create  Scenario	END	1673435592791
USER	Create  Scenario	START	1673435592935
REQUEST		Fetch contribution	1673435592101	1673435592943	OK	 
REQUEST		Fetch contribution	1673435592435	1673435593305	OK	 
USER	Create  Scenario	END	1673435593419
USER	Create  Scenario	START	1673435593435
USER	Create  Scenario	END	1673435593729
USER	Create  Scenario	START	1673435593768
REQUEST		Fetch contribution	1673435592935	1673435593822	OK	 
USER	Create  Scenario	END	1673435594032
USER	Create  Scenario	START	1673435594101
USER	Create  Scenario	END	1673435594307
REQUEST		Fetch contribution	1673435593435	1673435594330	OK	 
USER	Create  Scenario	START	1673435594435
REQUEST		Fetch contribution	1673435593768	1673435594615	OK	 
USER	Create  Scenario	END	1673435594816
USER	Create  Scenario	START	1673435594935
REQUEST		Fetch contribution	1673435594101	1673435594956	OK	 
REQUEST		Fetch contribution	1673435594435	1673435595272	OK	 
USER	Create  Scenario	END	1673435595380
USER	Create  Scenario	START	1673435595435
USER	Create  Scenario	END	1673435595611
USER	Create  Scenario	START	1673435595768
REQUEST		Fetch contribution	1673435594936	1673435595780	OK	 
USER	Create  Scenario	END	1673435595944
USER	Create  Scenario	START	1673435596101
REQUEST		Fetch contribution	1673435595436	1673435596272	OK	 
USER	Create  Scenario	END	1673435596306
USER	Create  Scenario	START	1673435596435
REQUEST		Fetch contribution	1673435595769	1673435596664	OK	 
USER	Create  Scenario	END	1673435596824
USER	Create  Scenario	START	1673435596934
REQUEST		Fetch contribution	1673435596102	1673435596969	OK	 
REQUEST		Fetch contribution	1673435596436	1673435597268	OK	 
USER	Create  Scenario	END	1673435597332
USER	Create  Scenario	START	1673435597434
USER	Create  Scenario	END	1673435597616
USER	Create  Scenario	START	1673435597767
REQUEST		Fetch contribution	1673435596935	1673435597776	OK	 
USER	Create  Scenario	END	1673435597957
USER	Create  Scenario	START	1673435598100
USER	Create  Scenario	END	1673435598273
REQUEST		Fetch contribution	1673435597435	1673435598279	OK	 
USER	Create  Scenario	START	1673435598435
REQUEST		Fetch contribution	1673435597768	1673435598619	OK	 
USER	Create  Scenario	END	1673435598781
USER	Create  Scenario	START	1673435598934
REQUEST		Fetch contribution	1673435598101	1673435598941	OK	 
USER	Create  Scenario	END	1673435599273
REQUEST		Fetch contribution	1673435598435	1673435599278	OK	 
USER	Create  Scenario	START	1673435599434
USER	Create  Scenario	END	1673435599665
USER	Create  Scenario	START	1673435599768
REQUEST		Fetch contribution	1673435598935	1673435599802	OK	 
USER	Create  Scenario	END	1673435599970
USER	Create  Scenario	START	1673435600101
USER	Create  Scenario	END	1673435600269
REQUEST		Fetch contribution	1673435599434	1673435600274	OK	 
USER	Create  Scenario	START	1673435600435
REQUEST		Fetch contribution	1673435599768	1673435600640	OK	 
USER	Create  Scenario	END	1673435600777
USER	Create  Scenario	START	1673435600934
REQUEST		Fetch contribution	1673435600102	1673435600953	OK	 
REQUEST		Fetch contribution	1673435600435	1673435601271	OK	 
USER	Create  Scenario	END	1673435601281
USER	Create  Scenario	START	1673435601434
USER	Create  Scenario	END	1673435601620
USER	Create  Scenario	START	1673435601768
REQUEST		Fetch contribution	1673435600935	1673435601873	OK	 
USER	Create  Scenario	END	1673435601942
USER	Create  Scenario	START	1673435602101
USER	Create  Scenario	END	1673435602279
REQUEST		Fetch contribution	1673435601435	1673435602284	OK	 
USER	Create  Scenario	START	1673435602435
REQUEST		Fetch contribution	1673435601768	1673435602609	OK	 
USER	Create  Scenario	END	1673435602803
USER	Create  Scenario	START	1673435602935
REQUEST		Fetch contribution	1673435602101	1673435602943	OK	 
USER	Create  Scenario	END	1673435603275
REQUEST		Fetch contribution	1673435602435	1673435603280	OK	 
USER	Create  Scenario	START	1673435603435
USER	Create  Scenario	END	1673435603641
USER	Create  Scenario	START	1673435603768
REQUEST		Fetch contribution	1673435602935	1673435603935	OK	 
USER	Create  Scenario	END	1673435603954
USER	Create  Scenario	START	1673435604100
USER	Create  Scenario	END	1673435604273
REQUEST		Fetch contribution	1673435603435	1673435604279	OK	 
USER	Create  Scenario	START	1673435604434
REQUEST		Fetch contribution	1673435603768	1673435604651	OK	 
USER	Create  Scenario	END	1673435604874
USER	Create  Scenario	START	1673435604935
REQUEST		Fetch contribution	1673435604101	1673435604956	OK	 
REQUEST		Fetch contribution	1673435604435	1673435605275	OK	 
USER	Create  Scenario	END	1673435605285
USER	Create  Scenario	START	1673435605435
USER	Create  Scenario	END	1673435605610
USER	Create  Scenario	START	1673435605768
REQUEST		Fetch contribution	1673435604935	1673435605769	OK	 
USER	Create  Scenario	END	1673435605945
USER	Create  Scenario	START	1673435606101
USER	Create  Scenario	END	1673435606281
REQUEST		Fetch contribution	1673435605435	1673435606289	OK	 
USER	Create  Scenario	START	1673435606435
REQUEST		Fetch contribution	1673435605768	1673435606628	OK	 
USER	Create  Scenario	START	1673435606934
USER	Create  Scenario	END	1673435606937
REQUEST		Fetch contribution	1673435606101	1673435606940	OK	 
USER	Create  Scenario	END	1673435607280
REQUEST		Fetch contribution	1673435606435	1673435607287	OK	 
USER	Create  Scenario	START	1673435607434
USER	Create  Scenario	END	1673435607653
USER	Create  Scenario	START	1673435607768
REQUEST		Fetch contribution	1673435606935	1673435607928	OK	 
USER	Create  Scenario	END	1673435607957
USER	Create  Scenario	START	1673435608101
REQUEST		Fetch contribution	1673435607435	1673435608269	OK	 
USER	Create  Scenario	END	1673435608277
USER	Create  Scenario	START	1673435608435
REQUEST		Fetch contribution	1673435607768	1673435608644	OK	 
USER	Create  Scenario	END	1673435608770
USER	Create  Scenario	START	1673435608935
REQUEST		Fetch contribution	1673435608101	1673435608950	OK	 
REQUEST		Fetch contribution	1673435608435	1673435609269	OK	 
USER	Create  Scenario	END	1673435609290
USER	Create  Scenario	START	1673435609435
USER	Create  Scenario	END	1673435609629
USER	Create  Scenario	START	1673435609768
REQUEST		Fetch contribution	1673435608935	1673435609779	OK	 
USER	Create  Scenario	END	1673435609942
USER	Create  Scenario	START	1673435610101
USER	Create  Scenario	END	1673435610288
REQUEST		Fetch contribution	1673435609435	1673435610289	OK	 
USER	Create  Scenario	START	1673435610435
REQUEST		Fetch contribution	1673435609768	1673435610615	OK	 
USER	Create  Scenario	END	1673435610930
USER	Create  Scenario	START	1673435610935
REQUEST		Fetch contribution	1673435610101	1673435610945	OK	 
USER	Create  Scenario	END	1673435611270
REQUEST		Fetch contribution	1673435610436	1673435611276	OK	 
USER	Create  Scenario	START	1673435611435
USER	Create  Scenario	END	1673435611645
USER	Create  Scenario	START	1673435611767
REQUEST		Fetch contribution	1673435610935	1673435611777	OK	 
USER	Create  Scenario	END	1673435611951
USER	Create  Scenario	START	1673435612100
USER	Create  Scenario	END	1673435612270
REQUEST		Fetch contribution	1673435611435	1673435612287	OK	 
USER	Create  Scenario	START	1673435612434
REQUEST		Fetch contribution	1673435611768	1673435612638	OK	 
USER	Create  Scenario	END	1673435612780
USER	Create  Scenario	START	1673435612935
REQUEST		Fetch contribution	1673435612101	1673435612967	OK	 
REQUEST		Fetch contribution	1673435612435	1673435613277	OK	 
USER	Create  Scenario	END	1673435613290
USER	Create  Scenario	START	1673435613435
USER	Create  Scenario	END	1673435613616
USER	Create  Scenario	START	1673435613767
REQUEST		Fetch contribution	1673435612936	1673435613818	OK	 
USER	Create  Scenario	END	1673435613946
USER	Create  Scenario	START	1673435614100
REQUEST		Fetch contribution	1673435613436	1673435614275	OK	 
USER	Create  Scenario	END	1673435614277
USER	Create  Scenario	START	1673435614434
REQUEST		Fetch contribution	1673435613768	1673435614619	OK	 
USER	Create  Scenario	END	1673435614778
USER	Create  Scenario	START	1673435614935
REQUEST		Fetch contribution	1673435614101	1673435614951	OK	 
USER	Create  Scenario	END	1673435615288
REQUEST		Fetch contribution	1673435614435	1673435615299	OK	 
USER	Create  Scenario	START	1673435615435
USER	Create  Scenario	END	1673435615640
USER	Create  Scenario	START	1673435615768
REQUEST		Fetch contribution	1673435614936	1673435615901	OK	 
USER	Create  Scenario	END	1673435615968
USER	Create  Scenario	START	1673435616101
USER	Create  Scenario	END	1673435616279
REQUEST		Fetch contribution	1673435615436	1673435616283	OK	 
USER	Create  Scenario	START	1673435616435
REQUEST		Fetch contribution	1673435615768	1673435616631	OK	 
USER	Create  Scenario	END	1673435616820
USER	Create  Scenario	START	1673435616935
REQUEST		Fetch contribution	1673435616101	1673435616976	OK	 
USER	Create  Scenario	END	1673435617277
REQUEST		Fetch contribution	1673435616435	1673435617286	OK	 
USER	Create  Scenario	START	1673435617436
USER	Create  Scenario	END	1673435617620
USER	Create  Scenario	START	1673435617768
REQUEST		Fetch contribution	1673435616935	1673435617793	OK	 
USER	Create  Scenario	END	1673435617952
USER	Create  Scenario	START	1673435618101
REQUEST		Fetch contribution	1673435617436	1673435618274	OK	 
USER	Create  Scenario	END	1673435618301
USER	Create  Scenario	START	1673435618435
REQUEST		Fetch contribution	1673435617768	1673435618680	OK	 
USER	Create  Scenario	END	1673435618903
USER	Create  Scenario	START	1673435618935
REQUEST		Fetch contribution	1673435618102	1673435618976	OK	 
REQUEST		Fetch contribution	1673435618435	1673435619281	OK	 
USER	Create  Scenario	END	1673435619285
USER	Create  Scenario	START	1673435619435
USER	Create  Scenario	END	1673435619632
USER	Create  Scenario	START	1673435619768
REQUEST		Fetch contribution	1673435618935	1673435619776	OK	 
USER	Create  Scenario	END	1673435619978
USER	Create  Scenario	START	1673435620101
USER	Create  Scenario	END	1673435620287
REQUEST		Fetch contribution	1673435619435	1673435620292	OK	 
USER	Create  Scenario	START	1673435620435
REQUEST		Fetch contribution	1673435619768	1673435620625	OK	 
USER	Create  Scenario	END	1673435620795
USER	Create  Scenario	START	1673435620935
REQUEST		Fetch contribution	1673435620101	1673435620966	OK	 
USER	Create  Scenario	END	1673435621276
REQUEST		Fetch contribution	1673435620435	1673435621282	OK	 
USER	Create  Scenario	START	1673435621435
USER	Create  Scenario	END	1673435621682
USER	Create  Scenario	START	1673435621768
REQUEST		Fetch contribution	1673435620935	1673435621803	OK	 
USER	Create  Scenario	END	1673435621978
USER	Create  Scenario	START	1673435622101
USER	Create  Scenario	END	1673435622282
REQUEST		Fetch contribution	1673435621435	1673435622286	OK	 
USER	Create  Scenario	START	1673435622435
REQUEST		Fetch contribution	1673435621768	1673435622598	OK	 
USER	Create  Scenario	END	1673435622777
REQUEST		Fetch contribution	1673435622101	1673435622941	OK	 
USER	Create  Scenario	START	1673435622935
REQUEST		Fetch contribution	1673435622435	1673435623273	OK	 
USER	Create  Scenario	END	1673435623293
USER	Create  Scenario	START	1673435623435
USER	Create  Scenario	END	1673435623626
USER	Create  Scenario	START	1673435623768
REQUEST		Fetch contribution	1673435622935	1673435623779	OK	 
USER	Create  Scenario	END	1673435623967
USER	Create  Scenario	START	1673435624101
USER	Create  Scenario	END	1673435624283
REQUEST		Fetch contribution	1673435623435	1673435624286	OK	 
USER	Create  Scenario	START	1673435624435
REQUEST		Fetch contribution	1673435623768	1673435624619	OK	 
USER	Create  Scenario	END	1673435624804
USER	Create  Scenario	START	1673435624935
REQUEST		Fetch contribution	1673435624101	1673435624954	OK	 
USER	Create  Scenario	END	1673435625288
REQUEST		Fetch contribution	1673435624435	1673435625298	OK	 
USER	Create  Scenario	START	1673435625435
USER	Create  Scenario	END	1673435625600
USER	Create  Scenario	START	1673435625768
REQUEST		Fetch contribution	1673435624935	1673435625871	OK	 
USER	Create  Scenario	END	1673435625942
USER	Create  Scenario	START	1673435626101
USER	Create  Scenario	END	1673435626274
USER	Create  Scenario	START	1673435626435
REQUEST		Fetch contribution	1673435625435	1673435626487	OK	 
USER	Create  Scenario	END	1673435626780
USER	Create  Scenario	START	1673435626935
REQUEST		Fetch contribution	1673435625769	1673435627096	OK	 
USER	Create  Scenario	END	1673435627288
REQUEST		Fetch contribution	1673435626102	1673435627304	OK	 
USER	Create  Scenario	START	1673435627435
REQUEST		Fetch contribution	1673435626436	1673435627506	OK	 
USER	Create  Scenario	END	1673435627620
USER	Create  Scenario	START	1673435627768
REQUEST		Fetch contribution	1673435626936	1673435627918	OK	 
USER	Create  Scenario	END	1673435627955
USER	Create  Scenario	START	1673435628101
USER	Create  Scenario	END	1673435628299
REQUEST		Fetch contribution	1673435627435	1673435628347	OK	 
USER	Create  Scenario	START	1673435628435
REQUEST		Fetch contribution	1673435627768	1673435628612	OK	 
USER	Create  Scenario	END	1673435628872
USER	Create  Scenario	START	1673435628935
REQUEST		Fetch contribution	1673435628101	1673435628943	OK	 
REQUEST		Fetch contribution	1673435628435	1673435629291	OK	 
USER	Create  Scenario	START	1673435629435
USER	Create  Scenario	END	1673435629488
USER	Create  Scenario	START	1673435629768
REQUEST		Fetch contribution	1673435628935	1673435629783	OK	 
USER	Create  Scenario	END	1673435630098
USER	Create  Scenario	START	1673435630101
USER	Create  Scenario	END	1673435630305
REQUEST		Fetch contribution	1673435629435	1673435630349	OK	 
USER	Create  Scenario	START	1673435630435
USER	Create  Scenario	END	1673435630507
REQUEST		Fetch contribution	1673435629768	1673435630622	OK	 
USER	Create  Scenario	END	1673435630919
REQUEST		Fetch contribution	1673435630101	1673435630935	OK	 
USER	Create  Scenario	START	1673435630935
REQUEST		Fetch contribution	1673435630435	1673435631290	OK	 
USER	Create  Scenario	END	1673435631348
USER	Create  Scenario	START	1673435631435
USER	Create  Scenario	END	1673435631614
USER	Create  Scenario	START	1673435631768
REQUEST		Fetch contribution	1673435630935	1673435631774	OK	 
USER	Create  Scenario	END	1673435631945
USER	Create  Scenario	START	1673435632101
REQUEST		Fetch contribution	1673435631435	1673435632270	OK	 
USER	Create  Scenario	END	1673435632292
USER	Create  Scenario	START	1673435632435
REQUEST		Fetch contribution	1673435631768	1673435632617	OK	 
USER	Create  Scenario	END	1673435632784
USER	Create  Scenario	START	1673435632935
REQUEST		Fetch contribution	1673435632101	1673435632941	OK	 
REQUEST		Fetch contribution	1673435632435	1673435633324	OK	 
USER	Create  Scenario	END	1673435633350
USER	Create  Scenario	START	1673435633435
USER	Create  Scenario	END	1673435633624
USER	Create  Scenario	START	1673435633767
USER	Create  Scenario	END	1673435633937
REQUEST		Fetch contribution	1673435632935	1673435633939	OK	 
USER	Create  Scenario	START	1673435634101
REQUEST		Fetch contribution	1673435633436	1673435634274	OK	 
USER	Create  Scenario	END	1673435634291
USER	Create  Scenario	START	1673435634434
REQUEST		Fetch contribution	1673435633768	1673435634608	OK	 
USER	Create  Scenario	END	1673435634775
USER	Create  Scenario	START	1673435634935
REQUEST		Fetch contribution	1673435634101	1673435634993	OK	 
USER	Create  Scenario	END	1673435635271
REQUEST		Fetch contribution	1673435634435	1673435635282	OK	 
USER	Create  Scenario	START	1673435635435
USER	Create  Scenario	END	1673435635619
USER	Create  Scenario	START	1673435635767
REQUEST		Fetch contribution	1673435634935	1673435635837	OK	 
USER	Create  Scenario	END	1673435635942
USER	Create  Scenario	START	1673435636100
REQUEST		Fetch contribution	1673435635435	1673435636279	OK	 
USER	Create  Scenario	END	1673435636325
USER	Create  Scenario	START	1673435636435
REQUEST		Fetch contribution	1673435635768	1673435636605	OK	 
USER	Create  Scenario	START	1673435636935
USER	Create  Scenario	END	1673435636940
REQUEST		Fetch contribution	1673435636101	1673435636940	OK	 
USER	Create  Scenario	END	1673435637275
REQUEST		Fetch contribution	1673435636435	1673435637282	OK	 
USER	Create  Scenario	START	1673435637435
USER	Create  Scenario	END	1673435637609
USER	Create  Scenario	START	1673435637767
REQUEST		Fetch contribution	1673435636935	1673435637931	OK	 
USER	Create  Scenario	END	1673435637994
USER	Create  Scenario	START	1673435638100
USER	Create  Scenario	END	1673435638283
REQUEST		Fetch contribution	1673435637435	1673435638289	OK	 
USER	Create  Scenario	START	1673435638434
REQUEST		Fetch contribution	1673435637767	1673435638649	OK	 
USER	Create  Scenario	END	1673435638838
USER	Create  Scenario	START	1673435638935
REQUEST		Fetch contribution	1673435638101	1673435638942	OK	 
USER	Create  Scenario	END	1673435639280
REQUEST		Fetch contribution	1673435638435	1673435639290	OK	 
USER	Create  Scenario	START	1673435639435
USER	Create  Scenario	END	1673435639607
USER	Create  Scenario	START	1673435639767
REQUEST		Fetch contribution	1673435638935	1673435639818	OK	 
USER	Create  Scenario	END	1673435639941
USER	Create  Scenario	START	1673435640100
USER	Create  Scenario	END	1673435640284
REQUEST		Fetch contribution	1673435639435	1673435640341	OK	 
USER	Create  Scenario	START	1673435640434
REQUEST		Fetch contribution	1673435639768	1673435640626	OK	 
USER	Create  Scenario	END	1673435640932
USER	Create  Scenario	START	1673435640934
REQUEST		Fetch contribution	1673435640101	1673435640946	OK	 
USER	Create  Scenario	END	1673435641290
REQUEST		Fetch contribution	1673435640435	1673435641339	OK	 
USER	Create  Scenario	START	1673435641435
USER	Create  Scenario	END	1673435641650
USER	Create  Scenario	START	1673435641768
REQUEST		Fetch contribution	1673435640935	1673435641925	OK	 
USER	Create  Scenario	END	1673435641943
USER	Create  Scenario	START	1673435642101
REQUEST		Fetch contribution	1673435641435	1673435642269	OK	 
USER	Create  Scenario	END	1673435642291
USER	Create  Scenario	START	1673435642435
REQUEST		Fetch contribution	1673435641768	1673435642641	OK	 
USER	Create  Scenario	END	1673435642819
USER	Create  Scenario	START	1673435642935
REQUEST		Fetch contribution	1673435642101	1673435642936	OK	 
REQUEST		Fetch contribution	1673435642435	1673435643282	OK	 
USER	Create  Scenario	END	1673435643342
USER	Create  Scenario	START	1673435643435
USER	Create  Scenario	END	1673435643627
USER	Create  Scenario	START	1673435643768
REQUEST		Fetch contribution	1673435642935	1673435643779	OK	 
USER	Create  Scenario	END	1673435643947
USER	Create  Scenario	START	1673435644101
REQUEST		Fetch contribution	1673435643435	1673435644270	OK	 
USER	Create  Scenario	END	1673435644340
USER	Create  Scenario	START	1673435644435
REQUEST		Fetch contribution	1673435643768	1673435644689	OK	 
USER	Create  Scenario	END	1673435644926
USER	Create  Scenario	START	1673435644934
REQUEST		Fetch contribution	1673435644101	1673435644994	OK	 
USER	Create  Scenario	END	1673435645270
REQUEST		Fetch contribution	1673435644435	1673435645281	OK	 
USER	Create  Scenario	START	1673435645434
USER	Create  Scenario	END	1673435645643
USER	Create  Scenario	START	1673435645767
USER	Create  Scenario	END	1673435645937
REQUEST		Fetch contribution	1673435644934	1673435646023	OK	 
USER	Create  Scenario	START	1673435646100
REQUEST		Fetch contribution	1673435645435	1673435646276	OK	 
USER	Create  Scenario	END	1673435646283
USER	Create  Scenario	START	1673435646434
REQUEST		Fetch contribution	1673435645768	1673435646635	OK	 
USER	Create  Scenario	END	1673435646780
USER	Create  Scenario	START	1673435646934
REQUEST		Fetch contribution	1673435646101	1673435646948	OK	 
REQUEST		Fetch contribution	1673435646435	1673435647269	OK	 
USER	Create  Scenario	END	1673435647271
USER	Create  Scenario	START	1673435647434
USER	Create  Scenario	END	1673435647691
USER	Create  Scenario	START	1673435647768
REQUEST		Fetch contribution	1673435646935	1673435647787	OK	 
USER	Create  Scenario	END	1673435647995
USER	Create  Scenario	START	1673435648101
USER	Create  Scenario	END	1673435648282
REQUEST		Fetch contribution	1673435647435	1673435648298	OK	 
USER	Create  Scenario	START	1673435648435
REQUEST		Fetch contribution	1673435647768	1673435648606	OK	 
USER	Create  Scenario	START	1673435648935
REQUEST		Fetch contribution	1673435648101	1673435648946	OK	 
USER	Create  Scenario	END	1673435649024
USER	Create  Scenario	END	1673435649277
REQUEST		Fetch contribution	1673435648435	1673435649284	OK	 
USER	Create  Scenario	START	1673435649435
USER	Create  Scenario	END	1673435649636
USER	Create  Scenario	START	1673435649768
REQUEST		Fetch contribution	1673435648935	1673435649912	OK	 
USER	Create  Scenario	END	1673435649949
USER	Create  Scenario	START	1673435650101
USER	Create  Scenario	END	1673435650270
REQUEST		Fetch contribution	1673435649435	1673435650281	OK	 
USER	Create  Scenario	START	1673435650435
REQUEST		Fetch contribution	1673435649768	1673435650630	OK	 
USER	Create  Scenario	END	1673435650788
USER	Create  Scenario	START	1673435650935
REQUEST		Fetch contribution	1673435650101	1673435650939	OK	 
REQUEST		Fetch contribution	1673435650435	1673435651275	OK	 
USER	Create  Scenario	END	1673435651299
USER	Create  Scenario	START	1673435651435
USER	Create  Scenario	END	1673435651607
USER	Create  Scenario	START	1673435651768
REQUEST		Fetch contribution	1673435650935	1673435651776	OK	 
USER	Create  Scenario	END	1673435651947
USER	Create  Scenario	START	1673435652101
REQUEST		Fetch contribution	1673435651436	1673435652279	OK	 
USER	Create  Scenario	END	1673435652285
USER	Create  Scenario	START	1673435652435
REQUEST		Fetch contribution	1673435651768	1673435652618	OK	 
USER	Create  Scenario	END	1673435652913
REQUEST		Fetch contribution	1673435652101	1673435652935	OK	 
USER	Create  Scenario	START	1673435652935
REQUEST		Fetch contribution	1673435652435	1673435653274	OK	 
USER	Create  Scenario	END	1673435653282
USER	Create  Scenario	START	1673435653435
USER	Create  Scenario	END	1673435653631
USER	Create  Scenario	START	1673435653767
REQUEST		Fetch contribution	1673435652935	1673435653781	OK	 
USER	Create  Scenario	END	1673435653941
USER	Create  Scenario	START	1673435654100
USER	Create  Scenario	END	1673435654276
REQUEST		Fetch contribution	1673435653435	1673435654285	OK	 
USER	Create  Scenario	START	1673435654434
REQUEST		Fetch contribution	1673435653767	1673435654623	OK	 
USER	Create  Scenario	END	1673435654777
USER	Create  Scenario	START	1673435654935
REQUEST		Fetch contribution	1673435654101	1673435654943	OK	 
REQUEST		Fetch contribution	1673435654435	1673435655278	OK	 
USER	Create  Scenario	END	1673435655280
USER	Create  Scenario	START	1673435655435
USER	Create  Scenario	END	1673435655619
USER	Create  Scenario	START	1673435655768
REQUEST		Fetch contribution	1673435654935	1673435655804	OK	 
USER	Create  Scenario	END	1673435655937
USER	Create  Scenario	START	1673435656101
REQUEST		Fetch contribution	1673435655435	1673435656274	OK	 
USER	Create  Scenario	END	1673435656275
USER	Create  Scenario	START	1673435656435
REQUEST		Fetch contribution	1673435655768	1673435656606	OK	 
USER	Create  Scenario	END	1673435656782
USER	Create  Scenario	START	1673435656935
REQUEST		Fetch contribution	1673435656101	1673435656954	OK	 
REQUEST		Fetch contribution	1673435656435	1673435657284	OK	 
USER	Create  Scenario	END	1673435657285
USER	Create  Scenario	START	1673435657435
USER	Create  Scenario	END	1673435657624
USER	Create  Scenario	START	1673435657768
REQUEST		Fetch contribution	1673435656935	1673435657885	OK	 
USER	Create  Scenario	END	1673435657944
USER	Create  Scenario	START	1673435658101
USER	Create  Scenario	END	1673435658280
REQUEST		Fetch contribution	1673435657435	1673435658284	OK	 
USER	Create  Scenario	START	1673435658435
REQUEST		Fetch contribution	1673435657768	1673435658616	OK	 
USER	Create  Scenario	END	1673435658806
USER	Create  Scenario	START	1673435658935
REQUEST		Fetch contribution	1673435658103	1673435658941	OK	 
REQUEST		Fetch contribution	1673435658435	1673435659274	OK	 
USER	Create  Scenario	END	1673435659275
USER	Create  Scenario	START	1673435659435
USER	Create  Scenario	END	1673435659608
USER	Create  Scenario	START	1673435659767
REQUEST		Fetch contribution	1673435658935	1673435659796	OK	 
USER	Create  Scenario	END	1673435659955
USER	Create  Scenario	START	1673435660100
REQUEST		Fetch contribution	1673435659435	1673435660273	OK	 
USER	Create  Scenario	END	1673435660285
USER	Create  Scenario	START	1673435660434
REQUEST		Fetch contribution	1673435659768	1673435660663	OK	 
USER	Create  Scenario	END	1673435660887
USER	Create  Scenario	START	1673435660935
REQUEST		Fetch contribution	1673435660101	1673435660958	OK	 
REQUEST		Fetch contribution	1673435660435	1673435661278	OK	 
USER	Create  Scenario	END	1673435661285
USER	Create  Scenario	START	1673435661435
USER	Create  Scenario	END	1673435661617
USER	Create  Scenario	START	1673435661768
REQUEST		Fetch contribution	1673435660935	1673435661774	OK	 
USER	Create  Scenario	END	1673435661942
USER	Create  Scenario	START	1673435662101
USER	Create  Scenario	END	1673435662275
REQUEST		Fetch contribution	1673435661435	1673435662280	OK	 
USER	Create  Scenario	START	1673435662435
REQUEST		Fetch contribution	1673435661768	1673435662609	OK	 
USER	Create  Scenario	END	1673435662797
USER	Create  Scenario	START	1673435662935
REQUEST		Fetch contribution	1673435662101	1673435662951	OK	 
USER	Create  Scenario	END	1673435663274
REQUEST		Fetch contribution	1673435662435	1673435663278	OK	 
USER	Create  Scenario	START	1673435663435
USER	Create  Scenario	END	1673435663665
USER	Create  Scenario	START	1673435663768
REQUEST		Fetch contribution	1673435662935	1673435663788	OK	 
USER	Create  Scenario	END	1673435663960
USER	Create  Scenario	START	1673435664101
REQUEST		Fetch contribution	1673435663435	1673435664272	OK	 
USER	Create  Scenario	END	1673435664280
USER	Create  Scenario	START	1673435664435
REQUEST		Fetch contribution	1673435663768	1673435664616	OK	 
USER	Create  Scenario	END	1673435664775
USER	Create  Scenario	START	1673435664934
REQUEST		Fetch contribution	1673435664101	1673435664940	OK	 
USER	Create  Scenario	END	1673435665281
REQUEST		Fetch contribution	1673435664435	1673435665286	OK	 
USER	Create  Scenario	START	1673435665434
USER	Create  Scenario	END	1673435665610
USER	Create  Scenario	START	1673435665768
REQUEST		Fetch contribution	1673435664935	1673435665770	OK	 
USER	Create  Scenario	END	1673435665952
USER	Create  Scenario	START	1673435666101
USER	Create  Scenario	END	1673435666280
REQUEST		Fetch contribution	1673435665435	1673435666295	OK	 
USER	Create  Scenario	START	1673435666435
REQUEST		Fetch contribution	1673435665768	1673435666603	OK	 
USER	Create  Scenario	END	1673435666789
USER	Create  Scenario	START	1673435666935
REQUEST		Fetch contribution	1673435666101	1673435666943	OK	 
USER	Create  Scenario	END	1673435667273
REQUEST		Fetch contribution	1673435666435	1673435667278	OK	 
USER	Create  Scenario	START	1673435667435
USER	Create  Scenario	END	1673435667617
USER	Create  Scenario	START	1673435667768
REQUEST		Fetch contribution	1673435666935	1673435667934	OK	 
USER	Create  Scenario	END	1673435667941
USER	Create  Scenario	START	1673435668101
REQUEST		Fetch contribution	1673435667435	1673435668286	OK	 
USER	Create  Scenario	END	1673435668287
USER	Create  Scenario	START	1673435668435
REQUEST		Fetch contribution	1673435667768	1673435668652	OK	 
USER	Create  Scenario	END	1673435668771
USER	Create  Scenario	START	1673435668935
REQUEST		Fetch contribution	1673435668101	1673435668946	OK	 
REQUEST		Fetch contribution	1673435668435	1673435669276	OK	 
USER	Create  Scenario	END	1673435669296
USER	Create  Scenario	START	1673435669435
USER	Create  Scenario	END	1673435669604
USER	Create  Scenario	START	1673435669768
REQUEST		Fetch contribution	1673435668935	1673435669834	OK	 
USER	Create  Scenario	END	1673435669944
USER	Create  Scenario	START	1673435670101
USER	Create  Scenario	END	1673435670280
REQUEST		Fetch contribution	1673435669436	1673435670379	OK	 
USER	Create  Scenario	START	1673435670435
REQUEST		Fetch contribution	1673435669768	1673435670658	OK	 
USER	Create  Scenario	END	1673435670936
USER	Create  Scenario	START	1673435670935
REQUEST		Fetch contribution	1673435670101	1673435670948	OK	 
USER	Create  Scenario	END	1673435671288
REQUEST		Fetch contribution	1673435670435	1673435671293	OK	 
USER	Create  Scenario	START	1673435671435
USER	Create  Scenario	END	1673435671653
USER	Create  Scenario	START	1673435671767
REQUEST		Fetch contribution	1673435670935	1673435671864	OK	 
USER	Create  Scenario	END	1673435671948
USER	Create  Scenario	START	1673435672100
REQUEST		Fetch contribution	1673435671435	1673435672274	OK	 
USER	Create  Scenario	END	1673435672277
USER	Create  Scenario	START	1673435672434
REQUEST		Fetch contribution	1673435671767	1673435672645	OK	 
USER	Create  Scenario	END	1673435672835
USER	Create  Scenario	START	1673435672935
REQUEST		Fetch contribution	1673435672100	1673435672939	OK	 
REQUEST		Fetch contribution	1673435672435	1673435673273	OK	 
USER	Create  Scenario	END	1673435673381
USER	Create  Scenario	START	1673435673435
USER	Create  Scenario	END	1673435673659
USER	Create  Scenario	START	1673435673767
REQUEST		Fetch contribution	1673435672935	1673435673783	OK	 
USER	Create  Scenario	END	1673435673949
USER	Create  Scenario	START	1673435674100
REQUEST		Fetch contribution	1673435673435	1673435674282	OK	 
USER	Create  Scenario	END	1673435674294
USER	Create  Scenario	START	1673435674434
REQUEST		Fetch contribution	1673435673767	1673435674619	OK	 
USER	Create  Scenario	END	1673435674865
USER	Create  Scenario	START	1673435674935
REQUEST		Fetch contribution	1673435674100	1673435674954	OK	 
USER	Create  Scenario	END	1673435675275
REQUEST		Fetch contribution	1673435674435	1673435675291	OK	 
USER	Create  Scenario	START	1673435675435
USER	Create  Scenario	END	1673435675646
USER	Create  Scenario	START	1673435675768
REQUEST		Fetch contribution	1673435674935	1673435675784	OK	 
USER	Create  Scenario	END	1673435675940
USER	Create  Scenario	START	1673435676101
USER	Create  Scenario	END	1673435676274
REQUEST		Fetch contribution	1673435675435	1673435676286	OK	 
USER	Create  Scenario	START	1673435676435
REQUEST		Fetch contribution	1673435675768	1673435676605	OK	 
USER	Create  Scenario	END	1673435676784
USER	Create  Scenario	START	1673435676934
REQUEST		Fetch contribution	1673435676101	1673435676951	OK	 
REQUEST		Fetch contribution	1673435676435	1673435677265	OK	 
USER	Create  Scenario	END	1673435677283
USER	Create  Scenario	START	1673435677434
USER	Create  Scenario	END	1673435677620
USER	Create  Scenario	START	1673435677768
REQUEST		Fetch contribution	1673435676934	1673435677825	OK	 
USER	Create  Scenario	END	1673435677955
USER	Create  Scenario	START	1673435678101
REQUEST		Fetch contribution	1673435677435	1673435678276	OK	 
USER	Create  Scenario	END	1673435678292
USER	Create  Scenario	START	1673435678435
REQUEST		Fetch contribution	1673435677768	1673435678609	OK	 
USER	Create  Scenario	END	1673435678785
USER	Create  Scenario	START	1673435678935
REQUEST		Fetch contribution	1673435678101	1673435678946	OK	 
USER	Create  Scenario	END	1673435679287
REQUEST		Fetch contribution	1673435678435	1673435679298	OK	 
USER	Create  Scenario	START	1673435679435
USER	Create  Scenario	END	1673435679606
USER	Create  Scenario	START	1673435679767
REQUEST		Fetch contribution	1673435678935	1673435679838	OK	 
USER	Create  Scenario	END	1673435679952
USER	Create  Scenario	START	1673435680100
USER	Create  Scenario	END	1673435680266
REQUEST		Fetch contribution	1673435679435	1673435680340	OK	 
USER	Create  Scenario	START	1673435680434
REQUEST		Fetch contribution	1673435679768	1673435680632	OK	 
USER	Create  Scenario	END	1673435680826
USER	Create  Scenario	START	1673435680934
REQUEST		Fetch contribution	1673435680101	1673435680941	OK	 
REQUEST		Fetch contribution	1673435680435	1673435681273	OK	 
USER	Create  Scenario	END	1673435681277
USER	Create  Scenario	START	1673435681435
USER	Create  Scenario	END	1673435681610
USER	Create  Scenario	START	1673435681768
REQUEST		Fetch contribution	1673435680935	1673435681868	OK	 
USER	Create  Scenario	END	1673435681947
USER	Create  Scenario	START	1673435682101
REQUEST		Fetch contribution	1673435681435	1673435682276	OK	 
USER	Create  Scenario	END	1673435682299
USER	Create  Scenario	START	1673435682435
REQUEST		Fetch contribution	1673435681768	1673435682680	OK	 
USER	Create  Scenario	END	1673435682839
USER	Create  Scenario	START	1673435682934
REQUEST		Fetch contribution	1673435682101	1673435682986	OK	 
REQUEST		Fetch contribution	1673435682435	1673435683280	OK	 
USER	Create  Scenario	END	1673435683341
USER	Create  Scenario	START	1673435683434
USER	Create  Scenario	END	1673435683633
USER	Create  Scenario	START	1673435683767
REQUEST		Fetch contribution	1673435682935	1673435683779	OK	 
USER	Create  Scenario	END	1673435683942
USER	Create  Scenario	START	1673435684100
USER	Create  Scenario	END	1673435684274
REQUEST		Fetch contribution	1673435683435	1673435684278	OK	 
USER	Create  Scenario	START	1673435684434
REQUEST		Fetch contribution	1673435683768	1673435684625	OK	 
USER	Create  Scenario	END	1673435684869
USER	Create  Scenario	START	1673435684935
REQUEST		Fetch contribution	1673435684101	1673435684941	OK	 
REQUEST		Fetch contribution	1673435684435	1673435685270	OK	 
USER	Create  Scenario	END	1673435685277
USER	Create  Scenario	START	1673435685435
USER	Create  Scenario	END	1673435685682
USER	Create  Scenario	START	1673435685767
REQUEST		Fetch contribution	1673435684935	1673435685805	OK	 
USER	Create  Scenario	END	1673435685987
USER	Create  Scenario	START	1673435686100
REQUEST		Fetch contribution	1673435685435	1673435686279	OK	 
USER	Create  Scenario	END	1673435686281
USER	Create  Scenario	START	1673435686434
REQUEST		Fetch contribution	1673435685768	1673435686600	OK	 
USER	Create  Scenario	END	1673435686780
USER	Create  Scenario	START	1673435686935
REQUEST		Fetch contribution	1673435686101	1673435686946	OK	 
USER	Create  Scenario	END	1673435687279
REQUEST		Fetch contribution	1673435686435	1673435687287	OK	 
USER	Create  Scenario	START	1673435687435
USER	Create  Scenario	END	1673435687627
USER	Create  Scenario	START	1673435687767
REQUEST		Fetch contribution	1673435686935	1673435687890	OK	 
USER	Create  Scenario	END	1673435687942
USER	Create  Scenario	START	1673435688100
USER	Create  Scenario	END	1673435688271
REQUEST		Fetch contribution	1673435687435	1673435688284	OK	 
USER	Create  Scenario	START	1673435688434
REQUEST		Fetch contribution	1673435687767	1673435688619	OK	 
USER	Create  Scenario	END	1673435688806
USER	Create  Scenario	START	1673435688935
REQUEST		Fetch contribution	1673435688100	1673435688940	OK	 
REQUEST		Fetch contribution	1673435688434	1673435689276	OK	 
USER	Create  Scenario	END	1673435689281
USER	Create  Scenario	START	1673435689435
USER	Create  Scenario	END	1673435689601
USER	Create  Scenario	START	1673435689768
REQUEST		Fetch contribution	1673435688935	1673435689804	OK	 
USER	Create  Scenario	END	1673435689947
USER	Create  Scenario	START	1673435690101
USER	Create  Scenario	END	1673435690288
REQUEST		Fetch contribution	1673435689435	1673435690294	OK	 
USER	Create  Scenario	START	1673435690435
REQUEST		Fetch contribution	1673435689768	1673435690668	OK	 
USER	Create  Scenario	END	1673435690891
USER	Create  Scenario	START	1673435690935
REQUEST		Fetch contribution	1673435690101	1673435690960	OK	 
REQUEST		Fetch contribution	1673435690435	1673435691281	OK	 
USER	Create  Scenario	END	1673435691285
USER	Create  Scenario	START	1673435691435
USER	Create  Scenario	END	1673435691620
USER	Create  Scenario	START	1673435691767
REQUEST		Fetch contribution	1673435690935	1673435691883	OK	 
USER	Create  Scenario	END	1673435691941
USER	Create  Scenario	START	1673435692100
USER	Create  Scenario	END	1673435692277
REQUEST		Fetch contribution	1673435691435	1673435692283	OK	 
USER	Create  Scenario	START	1673435692434
REQUEST		Fetch contribution	1673435691768	1673435692603	OK	 
USER	Create  Scenario	END	1673435692805
USER	Create  Scenario	START	1673435692934
REQUEST		Fetch contribution	1673435692101	1673435692942	OK	 
REQUEST		Fetch contribution	1673435692435	1673435693290	OK	 
USER	Create  Scenario	END	1673435693295
USER	Create  Scenario	START	1673435693434
USER	Create  Scenario	END	1673435693669
USER	Create  Scenario	START	1673435693768
REQUEST		Fetch contribution	1673435692934	1673435693791	OK	 
USER	Create  Scenario	END	1673435693961
USER	Create  Scenario	START	1673435694101
USER	Create  Scenario	END	1673435694282
REQUEST		Fetch contribution	1673435693435	1673435694283	OK	 
USER	Create  Scenario	START	1673435694435
REQUEST		Fetch contribution	1673435693768	1673435694611	OK	 
USER	Create  Scenario	END	1673435694884
USER	Create  Scenario	START	1673435694934
REQUEST		Fetch contribution	1673435694101	1673435694949	OK	 
USER	Create  Scenario	END	1673435695284
REQUEST		Fetch contribution	1673435694435	1673435695290	OK	 
USER	Create  Scenario	START	1673435695434
USER	Create  Scenario	END	1673435695604
USER	Create  Scenario	START	1673435695768
REQUEST		Fetch contribution	1673435694935	1673435695776	OK	 
USER	Create  Scenario	END	1673435695943
USER	Create  Scenario	START	1673435696101
USER	Create  Scenario	END	1673435696292
REQUEST		Fetch contribution	1673435695435	1673435696341	OK	 
USER	Create  Scenario	START	1673435696435
REQUEST		Fetch contribution	1673435695768	1673435696612	OK	 
USER	Create  Scenario	END	1673435696792
USER	Create  Scenario	START	1673435696934
REQUEST		Fetch contribution	1673435696101	1673435696946	OK	 
USER	Create  Scenario	END	1673435697284
REQUEST		Fetch contribution	1673435696435	1673435697291	OK	 
USER	Create  Scenario	START	1673435697434
USER	Create  Scenario	END	1673435697612
USER	Create  Scenario	START	1673435697767
REQUEST		Fetch contribution	1673435696935	1673435697941	OK	 
USER	Create  Scenario	END	1673435697950
USER	Create  Scenario	START	1673435698100
REQUEST		Fetch contribution	1673435697435	1673435698271	OK	 
USER	Create  Scenario	END	1673435698291
USER	Create  Scenario	START	1673435698434
REQUEST		Fetch contribution	1673435697767	1673435698655	OK	 
USER	Create  Scenario	END	1673435698777
USER	Create  Scenario	START	1673435698935
REQUEST		Fetch contribution	1673435698101	1673435698959	OK	 
REQUEST		Fetch contribution	1673435698434	1673435699276	OK	 
USER	Create  Scenario	END	1673435699342
USER	Create  Scenario	START	1673435699435
USER	Create  Scenario	END	1673435699613
USER	Create  Scenario	START	1673435699767
REQUEST		Fetch contribution	1673435698935	1673435699872	OK	 
USER	Create  Scenario	END	1673435699947
USER	Create  Scenario	START	1673435700100
USER	Create  Scenario	END	1673435700292
REQUEST		Fetch contribution	1673435699435	1673435700293	OK	 
USER	Create  Scenario	START	1673435700434
REQUEST		Fetch contribution	1673435699768	1673435700611	OK	 
USER	Create  Scenario	START	1673435700934
USER	Create  Scenario	END	1673435700942
REQUEST		Fetch contribution	1673435700101	1673435700954	OK	 
USER	Create  Scenario	END	1673435701272
REQUEST		Fetch contribution	1673435700435	1673435701278	OK	 
USER	Create  Scenario	START	1673435701434
USER	Create  Scenario	END	1673435701656
REQUEST		Fetch contribution	1673435700935	1673435701765	OK	 
USER	Create  Scenario	START	1673435701767
USER	Create  Scenario	END	1673435701960
USER	Create  Scenario	START	1673435702100
REQUEST		Fetch contribution	1673435701435	1673435702277	OK	 
USER	Create  Scenario	END	1673435702277
USER	Create  Scenario	START	1673435702434
REQUEST		Fetch contribution	1673435701767	1673435702646	OK	 
USER	Create  Scenario	END	1673435702873
USER	Create  Scenario	START	1673435702935
REQUEST		Fetch contribution	1673435702100	1673435702942	OK	 
REQUEST		Fetch contribution	1673435702434	1673435703277	OK	 
USER	Create  Scenario	END	1673435703294
USER	Create  Scenario	START	1673435703435
USER	Create  Scenario	END	1673435703612
USER	Create  Scenario	START	1673435703767
REQUEST		Fetch contribution	1673435702935	1673435703792	OK	 
USER	Create  Scenario	END	1673435703955
USER	Create  Scenario	START	1673435704100
USER	Create  Scenario	END	1673435704279
REQUEST		Fetch contribution	1673435703435	1673435704287	OK	 
USER	Create  Scenario	START	1673435704434
REQUEST		Fetch contribution	1673435703768	1673435704613	OK	 
USER	Create  Scenario	END	1673435704766
USER	Create  Scenario	START	1673435704934
REQUEST		Fetch contribution	1673435704101	1673435704959	OK	 
USER	Create  Scenario	END	1673435705278
REQUEST		Fetch contribution	1673435704435	1673435705289	OK	 
USER	Create  Scenario	START	1673435705434
USER	Create  Scenario	END	1673435705648
USER	Create  Scenario	START	1673435705768
REQUEST		Fetch contribution	1673435704935	1673435705905	OK	 
USER	Create  Scenario	END	1673435705943
USER	Create  Scenario	START	1673435706101
USER	Create  Scenario	END	1673435706278
REQUEST		Fetch contribution	1673435705435	1673435706281	OK	 
USER	Create  Scenario	START	1673435706435
REQUEST		Fetch contribution	1673435705768	1673435706641	OK	 
USER	Create  Scenario	END	1673435706793
USER	Create  Scenario	START	1673435706935
REQUEST		Fetch contribution	1673435706101	1673435706944	OK	 
REQUEST		Fetch contribution	1673435706435	1673435707287	OK	 
USER	Create  Scenario	END	1673435707288
USER	Create  Scenario	START	1673435707435
USER	Create  Scenario	END	1673435707614
USER	Create  Scenario	START	1673435707767
REQUEST		Fetch contribution	1673435706935	1673435707826	OK	 
USER	Create  Scenario	END	1673435707961
USER	Create  Scenario	START	1673435708101
REQUEST		Fetch contribution	1673435707435	1673435708279	OK	 
USER	Create  Scenario	END	1673435708290
USER	Create  Scenario	START	1673435708435
REQUEST		Fetch contribution	1673435707768	1673435708607	OK	 
USER	Create  Scenario	END	1673435708906
USER	Create  Scenario	START	1673435708935
REQUEST		Fetch contribution	1673435708101	1673435708937	OK	 
USER	Create  Scenario	END	1673435709282
REQUEST		Fetch contribution	1673435708435	1673435709293	OK	 
USER	Create  Scenario	START	1673435709435
USER	Create  Scenario	END	1673435709642
USER	Create  Scenario	START	1673435709768
REQUEST		Fetch contribution	1673435708935	1673435709778	OK	 
USER	Create  Scenario	END	1673435709946
USER	Create  Scenario	START	1673435710101
REQUEST		Fetch contribution	1673435709435	1673435710286	OK	 
USER	Create  Scenario	END	1673435710288
USER	Create  Scenario	START	1673435710435
REQUEST		Fetch contribution	1673435709768	1673435710736	OK	 
USER	Create  Scenario	END	1673435710827
USER	Create  Scenario	START	1673435710934
REQUEST		Fetch contribution	1673435710101	1673435711032	OK	 
USER	Create  Scenario	END	1673435711281
REQUEST		Fetch contribution	1673435710435	1673435711310	OK	 
USER	Create  Scenario	START	1673435711435
USER	Create  Scenario	END	1673435711608
USER	Create  Scenario	START	1673435711767
REQUEST		Fetch contribution	1673435710935	1673435711818	OK	 
USER	Create  Scenario	END	1673435711938
USER	Create  Scenario	START	1673435712100
USER	Create  Scenario	END	1673435712294
REQUEST		Fetch contribution	1673435711435	1673435712329	OK	 
USER	Create  Scenario	START	1673435712434
REQUEST		Fetch contribution	1673435711768	1673435712613	OK	 
USER	Create  Scenario	END	1673435712779
USER	Create  Scenario	START	1673435712934
REQUEST		Fetch contribution	1673435712101	1673435712953	OK	 
USER	Create  Scenario	END	1673435713287
REQUEST		Fetch contribution	1673435712435	1673435713298	OK	 
USER	Create  Scenario	START	1673435713434
USER	Create  Scenario	END	1673435713737
USER	Create  Scenario	START	1673435713768
REQUEST		Fetch contribution	1673435712935	1673435713912	OK	 
USER	Create  Scenario	END	1673435714033
USER	Create  Scenario	START	1673435714101
USER	Create  Scenario	END	1673435714311
REQUEST		Fetch contribution	1673435713435	1673435714320	OK	 
USER	Create  Scenario	START	1673435714435
REQUEST		Fetch contribution	1673435713768	1673435714614	OK	 
USER	Create  Scenario	END	1673435714819
USER	Create  Scenario	START	1673435714934
REQUEST		Fetch contribution	1673435714101	1673435714963	OK	 
REQUEST		Fetch contribution	1673435714435	1673435715272	OK	 
USER	Create  Scenario	END	1673435715330
USER	Create  Scenario	START	1673435715434
USER	Create  Scenario	END	1673435715614
USER	Create  Scenario	START	1673435715768
REQUEST		Fetch contribution	1673435714934	1673435715778	OK	 
USER	Create  Scenario	END	1673435715954
USER	Create  Scenario	START	1673435716101
REQUEST		Fetch contribution	1673435715435	1673435716276	OK	 
USER	Create  Scenario	END	1673435716299
USER	Create  Scenario	START	1673435716435
REQUEST		Fetch contribution	1673435715768	1673435716677	OK	 
USER	Create  Scenario	END	1673435716913
USER	Create  Scenario	START	1673435716935
REQUEST		Fetch contribution	1673435716101	1673435716968	OK	 
REQUEST		Fetch contribution	1673435716435	1673435717292	OK	 
USER	Create  Scenario	END	1673435717321
USER	Create  Scenario	START	1673435717435
USER	Create  Scenario	END	1673435717615
USER	Create  Scenario	START	1673435717767
REQUEST		Fetch contribution	1673435716935	1673435717894	OK	 
USER	Create  Scenario	END	1673435717964
USER	Create  Scenario	START	1673435718100
USER	Create  Scenario	END	1673435718273
REQUEST		Fetch contribution	1673435717435	1673435718288	OK	 
USER	Create  Scenario	START	1673435718434
REQUEST		Fetch contribution	1673435717768	1673435718607	OK	 
USER	Create  Scenario	END	1673435718779
REQUEST		Fetch contribution	1673435718101	1673435718934	OK	 
USER	Create  Scenario	START	1673435718934
USER	Create  Scenario	END	1673435719277
REQUEST		Fetch contribution	1673435718435	1673435719281	OK	 
USER	Create  Scenario	START	1673435719434
USER	Create  Scenario	END	1673435719678
USER	Create  Scenario	START	1673435719767
REQUEST		Fetch contribution	1673435718934	1673435719797	OK	 
USER	Create  Scenario	END	1673435719969
USER	Create  Scenario	START	1673435720101
REQUEST		Fetch contribution	1673435719434	1673435720275	OK	 
USER	Create  Scenario	END	1673435720292
USER	Create  Scenario	START	1673435720435
REQUEST		Fetch contribution	1673435719768	1673435720677	OK	 
USER	Create  Scenario	END	1673435720894
USER	Create  Scenario	START	1673435720935
REQUEST		Fetch contribution	1673435720102	1673435720967	OK	 
REQUEST		Fetch contribution	1673435720435	1673435721282	OK	 
USER	Create  Scenario	END	1673435721289
USER	Create  Scenario	START	1673435721435
USER	Create  Scenario	END	1673435721608
USER	Create  Scenario	START	1673435721768
REQUEST		Fetch contribution	1673435720935	1673435721769	OK	 
USER	Create  Scenario	END	1673435721935
USER	Create  Scenario	START	1673435722101
USER	Create  Scenario	END	1673435722283
REQUEST		Fetch contribution	1673435721435	1673435722286	OK	 
USER	Create  Scenario	START	1673435722435
REQUEST		Fetch contribution	1673435721768	1673435722608	OK	 
USER	Create  Scenario	END	1673435722798
USER	Create  Scenario	START	1673435722934
REQUEST		Fetch contribution	1673435722101	1673435722947	OK	 
REQUEST		Fetch contribution	1673435722436	1673435723264	OK	 
USER	Create  Scenario	END	1673435723277
USER	Create  Scenario	START	1673435723434
USER	Create  Scenario	END	1673435723678
USER	Create  Scenario	START	1673435723767
REQUEST		Fetch contribution	1673435722935	1673435723771	OK	 
USER	Create  Scenario	END	1673435723969
USER	Create  Scenario	START	1673435724101
REQUEST		Fetch contribution	1673435723435	1673435724272	OK	 
USER	Create  Scenario	END	1673435724283
USER	Create  Scenario	START	1673435724434
REQUEST		Fetch contribution	1673435723767	1673435724677	OK	 
USER	Create  Scenario	END	1673435724770
USER	Create  Scenario	START	1673435724934
REQUEST		Fetch contribution	1673435724101	1673435724979	OK	 
REQUEST		Fetch contribution	1673435724435	1673435725278	OK	 
USER	Create  Scenario	END	1673435725287
USER	Create  Scenario	START	1673435725435
USER	Create  Scenario	END	1673435725609
USER	Create  Scenario	START	1673435725767
REQUEST		Fetch contribution	1673435724935	1673435725807	OK	 
USER	Create  Scenario	END	1673435725947
USER	Create  Scenario	START	1673435726100
USER	Create  Scenario	END	1673435726265
REQUEST		Fetch contribution	1673435725435	1673435726271	OK	 
USER	Create  Scenario	START	1673435726434
REQUEST		Fetch contribution	1673435725767	1673435726619	OK	 
USER	Create  Scenario	END	1673435726772
USER	Create  Scenario	START	1673435726934
REQUEST		Fetch contribution	1673435726100	1673435726940	OK	 
USER	Create  Scenario	END	1673435727273
REQUEST		Fetch contribution	1673435726434	1673435727282	OK	 
USER	Create  Scenario	START	1673435727435
USER	Create  Scenario	END	1673435727678
USER	Create  Scenario	START	1673435727768
REQUEST		Fetch contribution	1673435726934	1673435727799	OK	 
USER	Create  Scenario	END	1673435727980
USER	Create  Scenario	START	1673435728100
REQUEST		Fetch contribution	1673435727435	1673435728276	OK	 
USER	Create  Scenario	END	1673435728279
USER	Create  Scenario	START	1673435728434
REQUEST		Fetch contribution	1673435727768	1673435728659	OK	 
USER	Create  Scenario	END	1673435728808
USER	Create  Scenario	START	1673435728935
REQUEST		Fetch contribution	1673435728101	1673435728948	OK	 
USER	Create  Scenario	END	1673435729272
REQUEST		Fetch contribution	1673435728435	1673435729278	OK	 
USER	Create  Scenario	START	1673435729435
USER	Create  Scenario	END	1673435729620
USER	Create  Scenario	START	1673435729767
REQUEST		Fetch contribution	1673435728935	1673435729789	OK	 
USER	Create  Scenario	END	1673435729940
USER	Create  Scenario	START	1673435730101
USER	Create  Scenario	END	1673435730284
REQUEST		Fetch contribution	1673435729435	1673435730288	OK	 
USER	Create  Scenario	START	1673435730435
REQUEST		Fetch contribution	1673435729768	1673435730609	OK	 
USER	Create  Scenario	END	1673435730800
USER	Create  Scenario	START	1673435730934
REQUEST		Fetch contribution	1673435730101	1673435730938	OK	 
USER	Create  Scenario	END	1673435731277
REQUEST		Fetch contribution	1673435730435	1673435731278	OK	 
USER	Create  Scenario	START	1673435731434
USER	Create  Scenario	END	1673435731660
USER	Create  Scenario	START	1673435731767
REQUEST		Fetch contribution	1673435730935	1673435731808	OK	 
USER	Create  Scenario	END	1673435731949
USER	Create  Scenario	START	1673435732100
REQUEST		Fetch contribution	1673435731435	1673435732267	OK	 
USER	Create  Scenario	END	1673435732279
USER	Create  Scenario	START	1673435732434
REQUEST		Fetch contribution	1673435731768	1673435732607	OK	 
USER	Create  Scenario	END	1673435732789
REQUEST		Fetch contribution	1673435732101	1673435732932	OK	 
USER	Create  Scenario	START	1673435732934
USER	Create  Scenario	END	1673435733289
REQUEST		Fetch contribution	1673435732435	1673435733308	OK	 
USER	Create  Scenario	START	1673435733434
USER	Create  Scenario	END	1673435733610
USER	Create  Scenario	START	1673435733768
REQUEST		Fetch contribution	1673435732935	1673435733839	OK	 
USER	Create  Scenario	END	1673435733939
USER	Create  Scenario	START	1673435734101
USER	Create  Scenario	END	1673435734279
REQUEST		Fetch contribution	1673435733435	1673435734291	OK	 
USER	Create  Scenario	START	1673435734435
REQUEST		Fetch contribution	1673435733768	1673435734608	OK	 
USER	Create  Scenario	END	1673435734809
USER	Create  Scenario	START	1673435734935
REQUEST		Fetch contribution	1673435734101	1673435734941	OK	 
USER	Create  Scenario	END	1673435735268
REQUEST		Fetch contribution	1673435734436	1673435735288	OK	 
USER	Create  Scenario	START	1673435735435
USER	Create  Scenario	END	1673435735608
USER	Create  Scenario	START	1673435735767
REQUEST		Fetch contribution	1673435734935	1673435735776	OK	 
USER	Create  Scenario	END	1673435735933
USER	Create  Scenario	START	1673435736100
REQUEST		Fetch contribution	1673435735435	1673435736275	OK	 
USER	Create  Scenario	END	1673435736309
USER	Create  Scenario	START	1673435736434
REQUEST		Fetch contribution	1673435735767	1673435736644	OK	 
USER	Create  Scenario	END	1673435736839
USER	Create  Scenario	START	1673435736935
REQUEST		Fetch contribution	1673435736101	1673435736944	OK	 
REQUEST		Fetch contribution	1673435736434	1673435737281	OK	 
USER	Create  Scenario	END	1673435737292
USER	Create  Scenario	START	1673435737435
USER	Create  Scenario	END	1673435737609
USER	Create  Scenario	START	1673435737767
REQUEST		Fetch contribution	1673435736935	1673435737776	OK	 
USER	Create  Scenario	END	1673435737942
USER	Create  Scenario	START	1673435738100
REQUEST		Fetch contribution	1673435737435	1673435738283	OK	 
USER	Create  Scenario	END	1673435738289
USER	Create  Scenario	START	1673435738434
REQUEST		Fetch contribution	1673435737768	1673435738616	OK	 
USER	Create  Scenario	END	1673435738776
USER	Create  Scenario	START	1673435738934
REQUEST		Fetch contribution	1673435738101	1673435738945	OK	 
USER	Create  Scenario	END	1673435739276
REQUEST		Fetch contribution	1673435738435	1673435739285	OK	 
USER	Create  Scenario	START	1673435739434
USER	Create  Scenario	END	1673435739645
USER	Create  Scenario	START	1673435739767
REQUEST		Fetch contribution	1673435738934	1673435739902	OK	 
USER	Create  Scenario	END	1673435739945
USER	Create  Scenario	START	1673435740100
REQUEST		Fetch contribution	1673435739435	1673435740264	OK	 
USER	Create  Scenario	END	1673435740282
USER	Create  Scenario	START	1673435740434
REQUEST		Fetch contribution	1673435739767	1673435740637	OK	 
USER	Create  Scenario	END	1673435740777
USER	Create  Scenario	START	1673435740934
REQUEST		Fetch contribution	1673435740100	1673435740947	OK	 
REQUEST		Fetch contribution	1673435740434	1673435741269	OK	 
USER	Create  Scenario	END	1673435741284
USER	Create  Scenario	START	1673435741434
USER	Create  Scenario	END	1673435741617
USER	Create  Scenario	START	1673435741767
REQUEST		Fetch contribution	1673435740934	1673435741823	OK	 
USER	Create  Scenario	END	1673435741945
USER	Create  Scenario	START	1673435742100
REQUEST		Fetch contribution	1673435741434	1673435742277	OK	 
USER	Create  Scenario	END	1673435742286
USER	Create  Scenario	START	1673435742434
REQUEST		Fetch contribution	1673435741768	1673435742614	OK	 
USER	Create  Scenario	END	1673435742904
USER	Create  Scenario	START	1673435742935
REQUEST		Fetch contribution	1673435742101	1673435742967	OK	 
USER	Create  Scenario	END	1673435743265
REQUEST		Fetch contribution	1673435742435	1673435743271	OK	 
USER	Create  Scenario	START	1673435743435
USER	Create  Scenario	END	1673435743638
USER	Create  Scenario	START	1673435743767
REQUEST		Fetch contribution	1673435742935	1673435743780	OK	 
USER	Create  Scenario	END	1673435743948
USER	Create  Scenario	START	1673435744100
USER	Create  Scenario	END	1673435744269
REQUEST		Fetch contribution	1673435743435	1673435744287	OK	 
USER	Create  Scenario	START	1673435744434
REQUEST		Fetch contribution	1673435743767	1673435744605	OK	 
USER	Create  Scenario	END	1673435744824
USER	Create  Scenario	START	1673435744934
REQUEST		Fetch contribution	1673435744101	1673435744950	OK	 
REQUEST		Fetch contribution	1673435744434	1673435745273	OK	 
USER	Create  Scenario	END	1673435745278
USER	Create  Scenario	START	1673435745435
USER	Create  Scenario	END	1673435745614
USER	Create  Scenario	START	1673435745768
REQUEST		Fetch contribution	1673435744935	1673435745782	OK	 
USER	Create  Scenario	END	1673435745968
USER	Create  Scenario	START	1673435746101
USER	Create  Scenario	END	1673435746272
REQUEST		Fetch contribution	1673435745435	1673435746280	OK	 
USER	Create  Scenario	START	1673435746435
REQUEST		Fetch contribution	1673435745768	1673435746652	OK	 
USER	Create  Scenario	END	1673435746781
USER	Create  Scenario	START	1673435746935
REQUEST		Fetch contribution	1673435746101	1673435746944	OK	 
REQUEST		Fetch contribution	1673435746435	1673435747284	OK	 
USER	Create  Scenario	END	1673435747288
USER	Create  Scenario	START	1673435747435
USER	Create  Scenario	END	1673435747606
USER	Create  Scenario	START	1673435747767
REQUEST		Fetch contribution	1673435746935	1673435747776	OK	 
USER	Create  Scenario	END	1673435747951
USER	Create  Scenario	START	1673435748101
USER	Create  Scenario	END	1673435748275
REQUEST		Fetch contribution	1673435747435	1673435748342	OK	 
USER	Create  Scenario	START	1673435748434
REQUEST		Fetch contribution	1673435747768	1673435748626	OK	 
USER	Create  Scenario	END	1673435748783
USER	Create  Scenario	START	1673435748935
REQUEST		Fetch contribution	1673435748101	1673435748942	OK	 
REQUEST		Fetch contribution	1673435748435	1673435749268	OK	 
USER	Create  Scenario	END	1673435749281
USER	Create  Scenario	START	1673435749434
USER	Create  Scenario	END	1673435749652
USER	Create  Scenario	START	1673435749767
REQUEST		Fetch contribution	1673435748935	1673435749771	OK	 
USER	Create  Scenario	END	1673435749945
USER	Create  Scenario	START	1673435750100
USER	Create  Scenario	END	1673435750285
REQUEST		Fetch contribution	1673435749435	1673435750290	OK	 
USER	Create  Scenario	START	1673435750434
REQUEST		Fetch contribution	1673435749767	1673435750605	OK	 
USER	Create  Scenario	END	1673435750777
REQUEST		Fetch contribution	1673435750100	1673435750933	OK	 
USER	Create  Scenario	START	1673435750934
REQUEST		Fetch contribution	1673435750435	1673435751279	OK	 
USER	Create  Scenario	END	1673435751343
USER	Create  Scenario	START	1673435751434
USER	Create  Scenario	END	1673435751626
USER	Create  Scenario	START	1673435751768
REQUEST		Fetch contribution	1673435750934	1673435751785	OK	 
USER	Create  Scenario	END	1673435751943
USER	Create  Scenario	START	1673435752101
USER	Create  Scenario	END	1673435752269
REQUEST		Fetch contribution	1673435751434	1673435752275	OK	 
USER	Create  Scenario	START	1673435752435
REQUEST		Fetch contribution	1673435751768	1673435752619	OK	 
USER	Create  Scenario	END	1673435752772
USER	Create  Scenario	START	1673435752935
REQUEST		Fetch contribution	1673435752101	1673435752954	OK	 
REQUEST		Fetch contribution	1673435752435	1673435753272	OK	 
USER	Create  Scenario	END	1673435753291
USER	Create  Scenario	START	1673435753435
USER	Create  Scenario	END	1673435753606
USER	Create  Scenario	START	1673435753768
REQUEST		Fetch contribution	1673435752935	1673435753800	OK	 
USER	Create  Scenario	END	1673435753934
USER	Create  Scenario	START	1673435754101
USER	Create  Scenario	END	1673435754280
REQUEST		Fetch contribution	1673435753435	1673435754286	OK	 
USER	Create  Scenario	START	1673435754435
REQUEST		Fetch contribution	1673435753768	1673435754604	OK	 
USER	Create  Scenario	END	1673435754786
USER	Create  Scenario	START	1673435754935
REQUEST		Fetch contribution	1673435754101	1673435754947	OK	 
REQUEST		Fetch contribution	1673435754435	1673435755269	OK	 
USER	Create  Scenario	END	1673435755276
USER	Create  Scenario	START	1673435755435
USER	Create  Scenario	END	1673435755620
USER	Create  Scenario	START	1673435755768
REQUEST		Fetch contribution	1673435754935	1673435755792	OK	 
USER	Create  Scenario	END	1673435755955
USER	Create  Scenario	START	1673435756101
USER	Create  Scenario	END	1673435756273
REQUEST		Fetch contribution	1673435755435	1673435756281	OK	 
USER	Create  Scenario	START	1673435756435
REQUEST		Fetch contribution	1673435755768	1673435756614	OK	 
USER	Create  Scenario	END	1673435756801
USER	Create  Scenario	START	1673435756934
REQUEST		Fetch contribution	1673435756101	1673435756947	OK	 
REQUEST		Fetch contribution	1673435756435	1673435757264	OK	 
USER	Create  Scenario	END	1673435757287
USER	Create  Scenario	START	1673435757434
USER	Create  Scenario	END	1673435757605
USER	Create  Scenario	START	1673435757767
REQUEST		Fetch contribution	1673435756935	1673435757797	OK	 
USER	Create  Scenario	END	1673435757948
USER	Create  Scenario	START	1673435758101
REQUEST		Fetch contribution	1673435757434	1673435758267	OK	 
USER	Create  Scenario	END	1673435758269
USER	Create  Scenario	START	1673435758435
REQUEST		Fetch contribution	1673435757768	1673435758617	OK	 
USER	Create  Scenario	END	1673435758793
USER	Create  Scenario	START	1673435758935
REQUEST		Fetch contribution	1673435758101	1673435758940	OK	 
REQUEST		Fetch contribution	1673435758435	1673435759279	OK	 
USER	Create  Scenario	END	1673435759281
USER	Create  Scenario	START	1673435759435
USER	Create  Scenario	END	1673435759615
USER	Create  Scenario	START	1673435759768
REQUEST		Fetch contribution	1673435758935	1673435759785	OK	 
USER	Create  Scenario	END	1673435759948
USER	Create  Scenario	START	1673435760101
USER	Create  Scenario	END	1673435760265
REQUEST		Fetch contribution	1673435759435	1673435760278	OK	 
USER	Create  Scenario	START	1673435760435
REQUEST		Fetch contribution	1673435759768	1673435760612	OK	 
USER	Create  Scenario	END	1673435760798
USER	Create  Scenario	START	1673435760934
REQUEST		Fetch contribution	1673435760102	1673435760940	OK	 
USER	Create  Scenario	END	1673435761268
REQUEST		Fetch contribution	1673435760435	1673435761285	OK	 
USER	Create  Scenario	START	1673435761434
USER	Create  Scenario	END	1673435761618
USER	Create  Scenario	START	1673435761768
REQUEST		Fetch contribution	1673435760934	1673435761784	OK	 
USER	Create  Scenario	END	1673435761941
USER	Create  Scenario	START	1673435762102
USER	Create  Scenario	END	1673435762280
REQUEST		Fetch contribution	1673435761434	1673435762301	OK	 
USER	Create  Scenario	START	1673435762436
REQUEST		Fetch contribution	1673435761768	1673435762656	OK	 
USER	Create  Scenario	END	1673435762786
USER	Create  Scenario	START	1673435762934
REQUEST		Fetch contribution	1673435762102	1673435762951	OK	 
REQUEST		Fetch contribution	1673435762436	1673435763275	OK	 
USER	Create  Scenario	END	1673435763279
USER	Create  Scenario	START	1673435763434
USER	Create  Scenario	END	1673435763613
USER	Create  Scenario	START	1673435763768
REQUEST		Fetch contribution	1673435762935	1673435763841	OK	 
USER	Create  Scenario	END	1673435763941
USER	Create  Scenario	START	1673435764101
REQUEST		Fetch contribution	1673435763435	1673435764279	OK	 
USER	Create  Scenario	END	1673435764286
USER	Create  Scenario	START	1673435764435
REQUEST		Fetch contribution	1673435763768	1673435764606	OK	 
USER	Create  Scenario	END	1673435764785
USER	Create  Scenario	START	1673435764935
REQUEST		Fetch contribution	1673435764102	1673435764946	OK	 
REQUEST		Fetch contribution	1673435764435	1673435765284	OK	 
USER	Create  Scenario	END	1673435765302
USER	Create  Scenario	START	1673435765435
USER	Create  Scenario	END	1673435765657
USER	Create  Scenario	START	1673435765767
REQUEST		Fetch contribution	1673435764935	1673435765931	OK	 
USER	Create  Scenario	END	1673435765952
USER	Create  Scenario	START	1673435766100
REQUEST		Fetch contribution	1673435765435	1673435766271	OK	 
USER	Create  Scenario	END	1673435766276
USER	Create  Scenario	START	1673435766434
REQUEST		Fetch contribution	1673435765767	1673435766649	OK	 
USER	Create  Scenario	END	1673435766842
USER	Create  Scenario	START	1673435766934
REQUEST		Fetch contribution	1673435766101	1673435766946	OK	 
USER	Create  Scenario	END	1673435767280
REQUEST		Fetch contribution	1673435766435	1673435767299	OK	 
USER	Create  Scenario	END	1673435767607
USER	Create  Scenario	END	1673435767946
REQUEST		Fetch contribution	1673435766935	1673435767950	OK	 
USER	Create  Scenario	END	1673435768286
USER	Create  Scenario	END	1673435768932
USER	Create  Scenario	END	1673435769272
USER	Create  Scenario	END	1673435769650
USER	Create  Scenario	END	1673435769947
USER	Create  Scenario	END	1673435770300
USER	Create  Scenario	END	1673435770951
