RUN	Simulations.Create	create	1672832609518	 	3.5.1
USER	Create  Scenario	START	1672832615905
REQUEST		Proposal	1672832615938	1672832616836	KO	status.find.is(200), but actually found 404
USER	Create  Scenario	START	1672832616900
REQUEST		Proposal	1672832616900	1672832617789	KO	status.find.is(200), but actually found 404
USER	Create  Scenario	START	1672832617900
REQUEST		Proposal	1672832617901	1672832618782	KO	status.find.is(200), but actually found 404
USER	Create  Scenario	START	1672832618899
REQUEST		Proposal	1672832618900	1672832619790	KO	status.find.is(200), but actually found 404
USER	Create  Scenario	END	1672832619859
USER	Create  Scenario	START	1672832619900
REQUEST		Proposal	1672832619901	1672832620786	KO	status.find.is(200), but actually found 404
USER	Create  Scenario	END	1672832620791
USER	Create  Scenario	START	1672832620900
REQUEST		Proposal	1672832620900	1672832621776	KO	status.find.is(200), but actually found 404
USER	Create  Scenario	END	1672832621783
USER	Create  Scenario	START	1672832621899
USER	Create  Scenario	END	1672832622792
REQUEST		Proposal	1672832621900	1672832622798	KO	status.find.is(200), but actually found 404
USER	Create  Scenario	START	1672832622900
REQUEST		Proposal	1672832622901	1672832623785	KO	status.find.is(200), but actually found 404
USER	Create  Scenario	END	1672832623787
USER	Create  Scenario	START	1672832623900
REQUEST		Proposal	1672832623900	1672832624777	KO	status.find.is(200), but actually found 404
USER	Create  Scenario	END	1672832624778
USER	Create  Scenario	START	1672832624899
REQUEST		Proposal	1672832624900	1672832625789	KO	status.find.is(200), but actually found 404
USER	Create  Scenario	END	1672832625799
USER	Create  Scenario	START	1672832625899
USER	Create  Scenario	END	1672832626786
REQUEST		Proposal	1672832625900	1672832626792	KO	status.find.is(200), but actually found 404
USER	Create  Scenario	START	1672832626900
USER	Create  Scenario	END	1672832627779
REQUEST		Proposal	1672832626901	1672832627783	KO	status.find.is(200), but actually found 404
USER	Create  Scenario	START	1672832627900
USER	Create  Scenario	END	1672832628790
REQUEST		Proposal	1672832627900	1672832628792	KO	status.find.is(200), but actually found 404
USER	Create  Scenario	START	1672832628900
REQUEST		Proposal	1672832628901	1672832629792	KO	status.find.is(200), but actually found 404
USER	Create  Scenario	END	1672832629793
USER	Create  Scenario	START	1672832629899
REQUEST		Proposal	1672832629899	1672832630779	KO	status.find.is(200), but actually found 404
USER	Create  Scenario	END	1672832630784
USER	Create  Scenario	START	1672832630900
USER	Create  Scenario	END	1672832631793
REQUEST		Proposal	1672832630900	1672832631810	KO	status.find.is(200), but actually found 404
USER	Create  Scenario	START	1672832631900
REQUEST		Proposal	1672832631901	1672832632778	KO	status.find.is(200), but actually found 404
USER	Create  Scenario	END	1672832632793
USER	Create  Scenario	START	1672832632900
USER	Create  Scenario	END	1672832633781
REQUEST		Proposal	1672832632901	1672832633783	KO	status.find.is(200), but actually found 404
USER	Create  Scenario	START	1672832633899
REQUEST		Proposal	1672832633900	1672832634792	KO	status.find.is(200), but actually found 404
USER	Create  Scenario	END	1672832634811
USER	Create  Scenario	START	1672832634900
USER	Create  Scenario	END	1672832635780
REQUEST		Proposal	1672832634900	1672832635794	KO	status.find.is(200), but actually found 404
USER	Create  Scenario	START	1672832635899
REQUEST		Proposal	1672832635899	1672832636782	KO	status.find.is(200), but actually found 404
USER	Create  Scenario	END	1672832636784
USER	Create  Scenario	START	1672832636899
REQUEST		Proposal	1672832636900	1672832637790	KO	status.find.is(200), but actually found 404
USER	Create  Scenario	END	1672832637793
USER	Create  Scenario	START	1672832637900
REQUEST		Proposal	1672832637900	1672832638790	KO	status.find.is(200), but actually found 404
USER	Create  Scenario	END	1672832638795
USER	Create  Scenario	START	1672832638900
REQUEST		Proposal	1672832638900	1672832639773	KO	status.find.is(200), but actually found 404
USER	Create  Scenario	END	1672832639783
USER	Create  Scenario	START	1672832639899
REQUEST		Proposal	1672832639899	1672832640784	KO	status.find.is(200), but actually found 404
USER	Create  Scenario	END	1672832640791
USER	Create  Scenario	START	1672832640899
USER	Create  Scenario	END	1672832641791
REQUEST		Proposal	1672832640900	1672832641846	KO	status.find.is(200), but actually found 404
USER	Create  Scenario	START	1672832641899
USER	Create  Scenario	END	1672832642775
USER	Create  Scenario	START	1672832642900
REQUEST		Proposal	1672832641900	1672832643027	KO	status.find.is(200), but actually found 404
REQUEST		Proposal	1672832642900	1672832643774	KO	status.find.is(200), but actually found 404
USER	Create  Scenario	END	1672832643786
USER	Create  Scenario	START	1672832643900
REQUEST		Proposal	1672832643900	1672832644779	KO	status.find.is(200), but actually found 404
USER	Create  Scenario	END	1672832644847
USER	Create  Scenario	START	1672832644899
REQUEST		Proposal	1672832644900	1672832645775	KO	status.find.is(200), but actually found 404
USER	Create  Scenario	START	1672832645900
USER	Create  Scenario	END	1672832646028
USER	Create  Scenario	END	1672832646775
REQUEST		Proposal	1672832645901	1672832646785	KO	status.find.is(200), but actually found 404
USER	Create  Scenario	START	1672832646899
USER	Create  Scenario	END	1672832647780
REQUEST		Proposal	1672832646900	1672832647782	KO	status.find.is(200), but actually found 404
USER	Create  Scenario	START	1672832647899
USER	Create  Scenario	END	1672832648777
REQUEST		Proposal	1672832647900	1672832648784	KO	status.find.is(200), but actually found 404
USER	Create  Scenario	START	1672832648900
USER	Create  Scenario	END	1672832649787
REQUEST		Proposal	1672832648900	1672832649789	KO	status.find.is(200), but actually found 404
USER	Create  Scenario	START	1672832649899
REQUEST		Proposal	1672832649900	1672832650778	KO	status.find.is(200), but actually found 404
USER	Create  Scenario	END	1672832650783
USER	Create  Scenario	START	1672832650900
REQUEST		Proposal	1672832650900	1672832651781	KO	status.find.is(200), but actually found 404
USER	Create  Scenario	END	1672832651785
USER	Create  Scenario	START	1672832651900
REQUEST		Proposal	1672832651900	1672832652778	KO	status.find.is(200), but actually found 404
USER	Create  Scenario	END	1672832652791
USER	Create  Scenario	START	1672832652900
USER	Create  Scenario	END	1672832653779
REQUEST		Proposal	1672832652900	1672832653783	KO	status.find.is(200), but actually found 404
USER	Create  Scenario	START	1672832653899
USER	Create  Scenario	END	1672832654783
REQUEST		Proposal	1672832653900	1672832654807	KO	status.find.is(200), but actually found 404
USER	Create  Scenario	START	1672832654900
REQUEST		Proposal	1672832654900	1672832655779	KO	status.find.is(200), but actually found 404
USER	Create  Scenario	END	1672832655779
USER	Create  Scenario	START	1672832655899
USER	Create  Scenario	END	1672832656785
REQUEST		Proposal	1672832655900	1672832656790	KO	status.find.is(200), but actually found 404
USER	Create  Scenario	START	1672832656899
REQUEST		Proposal	1672832656900	1672832657779	KO	status.find.is(200), but actually found 404
USER	Create  Scenario	END	1672832657808
USER	Create  Scenario	START	1672832657900
USER	Create  Scenario	END	1672832658780
REQUEST		Proposal	1672832657900	1672832658782	KO	status.find.is(200), but actually found 404
USER	Create  Scenario	START	1672832658900
REQUEST		Proposal	1672832658900	1672832659780	KO	status.find.is(200), but actually found 404
USER	Create  Scenario	END	1672832659791
USER	Create  Scenario	START	1672832659899
REQUEST		Proposal	1672832659900	1672832660777	KO	status.find.is(200), but actually found 404
USER	Create  Scenario	END	1672832660780
USER	Create  Scenario	START	1672832660899
USER	Create  Scenario	END	1672832661783
REQUEST		Proposal	1672832660900	1672832661821	KO	status.find.is(200), but actually found 404
USER	Create  Scenario	START	1672832661899
REQUEST		Proposal	1672832661899	1672832662778	KO	