ASSERTION	AAEDAAECAwAAAAAAAABZQA==
ASSERTION	AAECAAIEAAAAAAAAwFdA
RUN	Simulations.Create	create	1673437878410	 	3.5.1
USER	Create  Scenario	START	1673437884685
USER	Create  Scenario	START	1673437885011
USER	Create  Scenario	START	1673437885345
USER	Create  Scenario	START	1673437885679
REQUEST		Fetch contribution	1673437884711	1673437885706	KO	status.find.is(200), but actually found 404
REQUEST		Fetch contribution	1673437885012	1673437885868	KO	status.find.is(200), but actually found 404
USER	Create  Scenario	START	1673437886177
REQUEST		Fetch contribution	1673437885346	1673437886207	KO	status.find.is(200), but actually found 404
REQUEST		Fetch contribution	1673437885680	1673437886528	KO	status.find.is(200), but actually found 404
USER	Create  Scenario	START	1673437886678
USER	Create  Scenario	START	1673437887011
REQUEST		Fetch contribution	1673437886178	1673437887122	KO	status.find.is(200), but actually found 404
USER	Create  Scenario	START	1673437887345
REQUEST		Fetch contribution	1673437886679	1673437887547	KO	status.find.is(200), but actually found 404
USER	Create  Scenario	START	1673437887680
REQUEST		Fetch contribution	1673437887012	1673437887954	KO	status.find.is(200), but actually found 404
USER	Create  Scenario	START	1673437888177
REQUEST		Fetch contribution	1673437887346	1673437888242	KO	status.find.is(200), but actually found 404
REQUEST		Fetch contribution	1673437887680	1673437888565	KO	status.find.is(200), but actually found 404
USER	Create  Scenario	START	1673437888678
USER	Create  Scenario	END	1673437888729
USER	Create  Scenario	END	1673437888870
USER	Create  Scenario	START	1673437889011
REQUEST		Fetch contribution	1673437888178	1673437889179	KO	status.find.is(200), but actually found 404
USER	Create  Scenario	END	1673437889209
USER	Create  Scenario	START	1673437889345
USER	Create  Scenario	END	1673437889530
REQUEST		Fetch contribution	1673437888678	1673437889535	KO	status.find.is(200), but actually found 404
USER	Create  Scenario	START	1673437889679
REQUEST		Fetch contribution	1673437889011	1673437889897	KO	status.find.is(200), but actually found 404
USER	Create  Scenario	END	1673437890124
USER	Create  Scenario	START	1673437890177
REQUEST		Fetch contribution	1673437889345	1673437890185	KO	status.find.is(200), but actually found 404
REQUEST		Fetch contribution	1673437889680	1673437890522	KO	status.find.is(200), but actually found 404
USER	Create  Scenario	END	1673437890549
USER	Create  Scenario	START	1673437890678
USER	Create  Scenario	END	1673437890955
USER	Create  Scenario	START	1673437891010
REQUEST		Fetch contribution	1673437890178	1673437891020	KO	status.find.is(200), but actually found 404
USER	Create  Scenario	END	1673437891243
USER	Create  Scenario	START	1673437891344
REQUEST		Fetch contribution	1673437890678	1673437891537	KO	status.find.is(200), but actually found 404
USER	Create  Scenario	END	1673437891567
USER	Create  Scenario	START	1673437891678
REQUEST		Fetch contribution	1673437891011	1673437891845	KO	status.find.is(200), but actually found 404
REQUEST		Fetch contribution	1673437891345	1673437892173	KO	status.find.is(200), but actually found 404
USER	Create  Scenario	START	1673437892178
USER	Create  Scenario	END	1673437892180
REQUEST		Fetch contribution	1673437891679	1673437892525	KO	status.find.is(200), but actually found 404
USER	Create  Scenario	END	1673437892537
USER	Create  Scenario	START	1673437892678
USER	Create  Scenario	END	1673437892898
USER	Create  Scenario	START	1673437893010
REQUEST		Fetch contribution	1673437892179	1673437893017	KO	status.find.is(200), but actually found 404
USER	Create  Scenario	END	1673437893186
USER	Create  Scenario	START	1673437893344
REQUEST		Fetch contribution	1673437892679	1673437893511	KO	status.find.is(200), but actually found 404
USER	Create  Scenario	END	1673437893523
USER	Create  Scenario	START	1673437893678
REQUEST		Fetch contribution	1673437893011	1673437893848	KO	status.find.is(200), but actually found 404
USER	Create  Scenario	END	1673437894021
USER	Create  Scenario	START	1673437894178
REQUEST		Fetch contribution	1673437893344	1673437894194	KO	status.find.is(200), but actually found 404
REQUEST		Fetch contribution	1673437893678	1673437894507	KO	status.find.is(200), but actually found 404
USER	Create  Scenario	END	1673437894538
USER	Create  Scenario	START	1673437894678
USER	Create  Scenario	END	1673437894847
USER	Create  Scenario	START	1673437895011
REQUEST		Fetch contribution	1673437894178	1673437895059	KO	status.find.is(200), but actually found 404
USER	Create  Scenario	END	1673437895174
USER	Create  Scenario	START	1673437895344
USER	Create  Scenario	END	1673437895527
REQUEST		Fetch contribution	1673437894678	1673437895591	KO	status.find.is(200), but actually found 404
USER	Create  Scenario	START	1673437895678
REQUEST		Fetch contribution	1673437895012	1673437895845	KO	status.find.is(200), but actually found 404
USER	Create  Scenario	END	1673437896019
REQUEST		Fetch contribution	1673437895345	1673437896174	KO	status.find.is(200), but actually found 404
USER	Create  Scenario	START	1673437896178
REQUEST		Fetch contribution	1673437895679	1673437896507	KO	status.find.is(200), but actually found 404
USER	Create  Scenario	END	1673437896512
USER	Create  Scenario	START	1673437896678
USER	Create  Scenario	END	1673437896850
USER	Create  Scenario	START	1673437897011
REQUEST		Fetch contribution	1673437896178	1673437897062	KO	status.find.is(200), but actually found 404
USER	Create  Scenario	END	1673437897196
USER	Create  Scenario	START	1673437897344
USER	Create  Scenario	END	1673437897509
REQUEST		Fetch contribution	1673437896679	1673437897594	KO	status.find.is(200), but actually found 404
USER	Create  Scenario	START	1673437897678
REQUEST		Fetch contribution	1673437897011	1673437897841	KO	status.find.is(200), but actually found 404
USER	Create  Scenario	END	1673437898060
USER	Create  Scenario	START	1673437898178
REQUEST		Fetch contribution	1673437897344	1673437898212	KO	status.find.is(200), but actually found 404
REQUEST		Fetch contribution	1673437897678	1673437898529	KO	status.find.is(200), but actually found 404
USER	Create  Scenario	END	1673437898592
USER	Create  Scenario	START	1673437898678
USER	Create  Scenario	END	1673437898846
USER	Create  Scenario	START	1673437899011
REQUEST		Fetch contribution	1673437898178	1673437899072	KO	status.find.is(200), but actually found 404
USER	Create  Scenario	END	1673437899175
USER	Create  Scenario	START	1673437899344
USER	Create  Scenario	END	1673437899508
REQUEST		Fetch contribution	1673437898678	1673437899530	KO	status.find.is(200), but actually found 404
USER	Create  Scenario	START	1673437899678
REQUEST		Fetch contribution	1673437899012	1673437899850	KO	status.find.is(200), but actually found 404
USER	Create  Scenario	END	1673437900064
USER	Create  Scenario	START	1673437900177
REQUEST		Fetch contribution	1673437899345	1673437900195	KO	status.find.is(200), but actually found 404
REQUEST		Fetch contribution	1673437899679	1673437900520	KO	status.find.is(200), but actually found 404
USER	Create  Scenario	END	1673437900595
USER	Create  Scenario	START	1673437900677
USER	Create  Scenario	END	1673437900842
REQUEST		Fetch contribution	1673437900178	1673437901007	KO	status.find.is(200), but actually found 404
USER	Create  Scenario	START	1673437901011
USER	Create  Scenario	END	1673437901213
USER	Create  Scenario	START	1673437901344
REQUEST		Fetch contribution	1673437900678	1673437901517	KO	status.find.is(200), but actually found 404
USER	Create  Scenario	END	1673437901531
USER	Create  Scenario	START	1673437901679
REQUEST		Fetch contribution	1673437901011	1673437901890	KO	status.find.is(200), but actually found 404
USER	Create  Scenario	END	1673437902073
USER	Create  Scenario	START	1673437902177
REQUEST		Fetch contribution	1673437901345	1673437902182	KO	status.find.is(200), but actually found 404
REQUEST		Fetch contribution	1673437901679	1673437902521	KO	status.find.is(200), but actually found 404
USER	Create  Scenario	END	1673437902532
USER	Create  Scenario	START	1673437902677
USER	Create  Scenario	END	1673437902852
USER	Create  Scenario	START	1673437903011
REQUEST		Fetch contribution	1673437902178	1673437903037	KO	status.find.is(200), but actually found 404
USER	Create  Scenario	END	1673437903196
USER	Create  Scenario	START	1673437903344
USER	Create  Scenario	END	1673437903521
REQUEST		Fetch contribution	1673437902678	1673437903536	KO	status.find.is(200), but actually found 404
USER	Create  Scenario	START	1673437903678
REQUEST		Fetch contribution	1673437903011	1673437903852	KO	status.find.is(200), but actually found 404
USER	Create  Scenario	END	1673437904008
REQUEST		Fetch contribution	1673437903344	1673437904175	KO	status.find.is(200), but actually found 404
USER	Create  Scenario	START	1673437904178
REQUEST		Fetch contribution	1673437903678	1673437904513	KO	status.find.is(200), but actually found 404
USER	Create  Scenario	END	1673437904518
USER	Create  Scenario	START	1673437904678
USER	Create  Scenario	END	1673437904891
USER	Create  Scenario	START	1673437905011
REQUEST		Fetch contribution	1673437904178	1673437905034	KO	status.find.is(200), but actually found 404
USER	Create  Scenario	END	1673437905183
USER	Create  Scenario	START	1673437905344
REQUEST		Fetch contribution	1673437904678	1673437905510	KO	status.find.is(200), but actually found 404
USER	Create  Scenario	END	1673437905523
USER	Create  Scenario	START	1673437905678
REQUEST		Fetch contribution	1673437905011	1673437905852	KO	status.find.is(200), but actually found 404
USER	Create  Scenario	END	1673437906039
USER	Create  Scenario	START	1673437906178
REQUEST		Fetch contribution	1673437905344	1673437906189	KO	status.find.is(200), but actually found 404
REQUEST		Fetch contribution	1673437905678	1673437906506	KO	status.find.is(200), but actually found 404
USER	Create  Scenario	END	1673437906538
USER	Create  Scenario	START	1673437906678
USER	Create  Scenario	END	1673437906854
USER	Create  Scenario	START	1673437907011
REQUEST		Fetch contribution	1673437906179	1673437907071	KO	status.find.is(200), but actually found 404
USER	Create  Scenario	END	1673437907176
USER	Create  Scenario	START	1673437907344
REQUEST		Fetch contribution	1673437906679	1673437907512	KO	status.find.is(200), but actually found 404
USER	Create  Scenario	END	1673437907514
USER	Create  Scenario	START	1673437907678
REQUEST		Fetch contribution	1673437907011	1673437907851	KO	status.find.is(200), but actually found 404
USER	Create  Scenario	END	1673437908035
USER	Create  Scenario	START	1673437908178
REQUEST		Fetch contribution	1673437907344	1673437908183	KO	status.find.is(200), but actually found 404
USER	Create  Scenario	END	1673437908511
REQUEST		Fetch contribution	1673437907678	1673437908524	KO	status.find.is(200), but actually found 404
USER	Create  Scenario	START	1673437908678
USER	Create  Scenario	END	1673437908853
USER	Create  Scenario	START	1673437909011
REQUEST		Fetch contribution	1673437908178	1673437909094	KO	status.find.is(200), but actually found 404
USER	Create  Scenario	END	1673437909191
USER	Create  Scenario	START	1673437909344
USER	Create  Scenario	END	1673437909507
REQUEST		Fetch contribution	1673437908678	1673437909513	KO	status.find.is(200), but actually found 404
USER	Create  Scenario	START	1673437909678
REQUEST		Fetch contribution	1673437909011	1673437909841	KO	status.find.is(200), but actually found 404
USER	Create  Scenario	END	1673437910072
USER	Create  Scenario	START	1673437910178
REQUEST		Fetch contribution	1673437909344	1673437910181	KO	status.find.is(200), but actually found 404
USER	Create  Scenario	END	1673437910514
REQUEST		Fetch contribution	1673437909679	1673437910519	KO	status.find.is(200), but actually found 404
USER	Create  Scenario	START	1673437910678
USER	Create  Scenario	END	1673437910853
USER	Create  Scenario	START	1673437911011
REQUEST		Fetch contribution	1673437910178	1673437911034	KO	status.find.is(200), but actually found 404
USER	Create  Scenario	END	1673437911184
USER	Create  Scenario	START	1673437911344
REQUEST		Fetch contribution	1673437910678	1673437911504	KO	status.find.is(200), but actually found 404
USER	Create  Scenario	END	1673437911525
USER	Create  Scenario	START	1673437911678
REQUEST		Fetch contribution	1673437911011	1673437911869	KO	status.find.is(200), but actually found 404
USER	Create  Scenario	END	1673437912096
USER	Create  Scenario	START	1673437912177
REQUEST		Fetch contribution	1673437911344	1673437912195	KO	status.find.is(200), but actually found 404
USER	Create  Scenario	END	1673437912514
REQUEST		Fetch contribution	1673437911678	1673437912543	KO	status.find.is(200), but actually found 404
USER	Create  Scenario	START	1673437912677
USER	Create  Scenario	END	1673437912842
USER	Create  Scenario	START	1673437913011
REQUEST		Fetch contribution	1673437912177	1673437913032	KO	status.find.is(200), but actually found 404
USER	Create  Scenario	END	1673437913184
USER	Create  Scenario	START	1673437913344
USER	Create  Scenario	END	1673437913520
REQUEST		Fetch contribution	1673437912678	1673437913578	KO	status.find.is(200), but actually found 404
USER	Create  Scenario	START	1673437913678
REQUEST		Fetch contribution	1673437913011	1673437913859	KO	status.find.is(200), but actually found 404
USER	Create  Scenario	END	1673437914035
USER	Create  Scenario	START	1673437914178
REQUEST		Fetch contribution	1673437913344	1673437914186	KO	status.find.is(200), but actually found 404
USER	Create  Scenario	END	1673437914505
REQUEST		Fetch contribution	1673437913679	1673437914516	KO	status.find.is(200), but actually found 404
USER	Create  Scenario	START	1673437914678
USER	Create  Scenario	END	1673437914871
USER	Create  Scenario	START	1673437915010
REQUEST		Fetch contribution	1673437914178	1673437915036	KO	status.find.is(200), but actually found 404
USER	Create  Scenario	END	1673437915196
USER	Create  Scenario	START	1673437915343
REQUEST		Fetch contribution	1673437914678	1673437915517	KO	status.find.is(200), but actually found 404
USER	Create  Scenario	END	1673437915544
USER	Create  Scenario	START	1673437915677
REQUEST		Fetch contribution	1673437915011	1673437915911	KO	status.find.is(200), but actually found 404
USER	Create  Scenario	END	1673437916033
USER	Create  Scenario	START	1673437916177
REQUEST		Fetch contribution	1673437915344	1673437916194	KO	status.find.is(200), but actually found 404
REQUEST		Fetch contribution	1673437915678	1673437916523	KO	status.find.is(200), but actually found 404
USER	Create  Scenario	END	1673437916579
USER	Create  Scenario	START	1673437916677
USER	Create  Scenario	END	1673437916860
USER	Create  Scenario	START	1673437917011
REQUEST		Fetch contribution	1673437916177	1673437917121	KO	status.find.is(200), but actually found 404
USER	Create  Scenario	END	1673437917187
USER	Create  Scenario	START	1673437917344
USER	Create  Scenario	END	1673437917518
REQUEST		Fetch contribution	1673437916677	1673437917523	KO	status.find.is(200), but actually found 404
USER	Create  Scenario	START	1673437917678
REQUEST		Fetch contribution	1673437917011	1673437917862	KO	status.find.is(200), but actually found 404
USER	Create  Scenario	END	1673437918037
USER	Create  Scenario	START	1673437918178
REQUEST		Fetch contribution	1673437917344	1673437918184	KO	status.find.is(200), but actually found 404
REQUEST		Fetch contribution	1673437917678	1673437918510	KO	status.find.is(200), but actually found 404
USER	Create  Scenario	END	1673437918518
USER	Create  Scenario	START	1673437918678
USER	Create  Scenario	END	1673437918912
USER	Create  Scenario	START	1673437919010
REQUEST		Fetch contribution	1673437918178	1673437919029	KO	status.find.is(200), but actually found 404
USER	Create  Scenario	END	1673437919195
USER	Create  Scenario	START	1673437919344
USER	Create  Scenario	END	1673437919524
REQUEST		Fetch contribution	1673437918678	1673437919543	KO	status.find.is(200), but actually found 404
USER	Create  Scenario	START	1673437919678
REQUEST		Fetch contribution	1673437919011	1673437919843	KO	status.find.is(200), but actually found 404
USER	Create  Scenario	END	1673437920123
USER	Create  Scenario	START	1673437920177
REQUEST		Fetch contribution	1673437919344	1673437920204	KO	status.find.is(200), but actually found 404
USER	Create  Scenario	END	1673437920524
REQUEST		Fetch contribution	1673437919678	1673437920529	KO	status.find.is(200), but actually found 404
USER	Create  Scenario	START	1673437920678
USER	Create  Scenario	END	1673437920863
REQUEST		Fetch contribution	1673437920178	1673437921004	KO	status.find.is(200), but actually found 404
USER	Create  Scenario	START	1673437921011
USER	Create  Scenario	END	1673437921185
USER	Create  Scenario	START	1673437921344
USER	Create  Scenario	END	1673437921511
REQUEST		Fetch contribution	1673437920678	1673437921517	KO	status.find.is(200), but actually found 404
USER	Create  Scenario	START	1673437921678
REQUEST		Fetch contribution	1673437921011	1673437921846	KO	status.find.is(200), but actually found 404
USER	Create  Scenario	END	1673437922031
USER	Create  Scenario	START	1673437922178
REQUEST		Fetch contribution	1673437921344	1673437922196	KO	status.find.is(200), but actually found 404
REQUEST		Fetch contribution	1673437921679	1673437922518	KO	status.find.is(200), but actually found 404
USER	Create  Scenario	END	1673437922544
USER	Create  Scenario	START	1673437922678
USER	Create  Scenario	END	1673437922844
REQUEST		Fetch contribution	1673437922178	1673437923011	KO	status.find.is(200), but actually found 404
USER	Create  Scenario	START	1673437923011
USER	Create  Scenario	END	1673437923205
USER	Create  Scenario	START	1673437923344
USER	Create  Scenario	END	1673437923530
REQUEST		Fetch contribution	1673437922679	1673437923536	KO	status.find.is(200), but actually found 404
USER	Create  Scenario	START	1673437923678
REQUEST		Fetch contribution	1673437923011	1673437923861	KO	status.find.is(200), but actually found 404
USER	Create  Scenario	END	1673437924005
REQUEST		Fetch contribution	1673437923344	1673437924172	KO	status.find.is(200), but actually found 404
USER	Create  Scenario	START	1673437924177
REQUEST		Fetch contribution	1673437923678	1673437924512	KO	status.find.is(200), but actually found 404
USER	Create  Scenario	END	1673437924517
USER	Create  Scenario	START	1673437924677
USER	Create  Scenario	END	1673437924847
USER	Create  Scenario	START	1673437925010
REQUEST		Fetch contribution	1673437924177	1673437925112	KO	status.find.is(200), but actually found 404
USER	Create  Scenario	END	1673437925197
USER	Create  Scenario	START	1673437925343
USER	Create  Scenario	END	1673437925519
REQUEST		Fetch contribution	1673437924677	1673437925585	KO	status.find.is(200), but actually found 404
USER	Create  Scenario	START	1673437925678
REQUEST		Fetch contribution	1673437925011	1673437925853	KO	status.find.is(200), but actually found 404
USER	Create  Scenario	END	1673437926012
USER	Create  Scenario	START	1673437926177
REQUEST		Fetch contribution	1673437925344	1673437926183	KO	status.find.is(200), but actually found 404
USER	Create  Scenario	END	1673437926537
REQUEST		Fetch contribution	1673437925678	1673437926542	KO	status.find.is(200), but actually found 404
USER	Create  Scenario	START	1673437926677
USER	Create  Scenario	END	1673437926862
USER	Create  Scenario	START	1673437927010
REQUEST		Fetch contribution	1673437926177	1673437927169	KO	status.find.is(200), but actually found 404
USER	Create  Scenario	END	1673437927173
USER	Create  Scenario	START	1673437927343
REQUEST		Fetch contribution	1673437926677	1673437927509	KO	status.find.is(200), but actually found 404
USER	Create  Scenario	END	1673437927513
USER	Create  Scenario	START	1673437927677
REQUEST		Fetch contribution	1673437927011	1673437927844	KO	status.find.is(200), but actually found 404
USER	Create  Scenario	END	1673437928113
REQUEST		Fetch contribution	1673437927343	1673437928171	KO	status.find.is(200), but actually found 404
USER	Create  Scenario	START	1673437928178
REQUEST		Fetch contribution	1673437927678	1673437928516	KO	status.find.is(200), but actually found 404
USER	Create  Scenario	END	1673437928586
USER	Create  Scenario	START	1673437928678
USER	Create  Scenario	END	1673437928855
USER	Create  Scenario	START	1673437929010
REQUEST		Fetch contribution	1673437928178	1673437929011	KO	status.find.is(200), but actually found 404
USER	Create  Scenario	END	1673437929183
USER	Create  Scenario	START	1673437929343
REQUEST		Fetch contribution	1673437928678	1673437929525	KO	status.find.is(200), but actually found 404
USER	Create  Scenario	END	1673437929543
USER	Create  Scenario	START	1673437929677
REQUEST		Fetch contribution	1673437929011	1673437929853	KO	status.find.is(200), but actually found 404
USER	Create  Scenario	END	1673437930170
REQUEST		Fetch contribution	1673437929343	1673437930175	KO	status.find.is(200), but actually found 404
USER	Create  Scenario	START	1673437930178
USER	Create  Scenario	END	1673437930511
REQUEST		Fetch contribution	1673437929678	1673437930517	KO	status.find.is(200), but actually found 404
USER	Create  Scenario	START	1673437930678
USER	Create  Scenario	END	1673437930845
USER	Create  Scenario	START	1673437931011
REQUEST		Fetch contribution	1673437930178	1673437931082	KO	status.find.is(200), but actually found 404
USER	Create  Scenario	END	1673437931172
USER	Create  Scenario	START	1673437931343
USER	Create  Scenario	END	1673437931517
REQUEST		Fetch contribution	1673437930679	1673437931634	KO	status.find.is(200), but actually found 404
USER	Create  Scenario	START	1673437931678
REQUEST		Fetch contribution	1673437931011	1673437931906	KO	status.find.is(200), but actually found 404
USER	Create  Scenario	END	1673437932012
USER	Create  Scenario	START	1673437932177
REQUEST		Fetch contribution	1673437931344	1673437932178	KO	status.find.is(200), but actually found 404
USER	Create  Scenario	END	1673437932526
REQUEST		Fetch contribution	1673437931678	1673437932528	KO	status.find.is(200), but actually found 404
USER	Create  Scenario	START	1673437932677
USER	Create  Scenario	END	1673437932854
USER	Create  Scenario	START	1673437933010
REQUEST		Fetch contribution	1673437932178	1673437933020	KO	status.find.is(200), but actually found 404
USER	Create  Scenario	END	1673437933176
USER	Create  Scenario	START	1673437933343
REQUEST		Fetch contribution	1673437932678	1673437933508	KO	status.find.is(200), but actually found 404
USER	Create  Scenario	END	1673437933519
USER	Create  Scenario	START	1673437933677
REQUEST		Fetch contribution	1673437933011	1673437933837	KO	status.find.is(200), but actually found 404
USER	Create  Scenario	END	1673437934084
USER	Create  Scenario	START	1673437934177
REQUEST		Fetch contribution	1673437933344	1673437934182	KO	status.find.is(200), but actually found 404
REQUEST		Fetch contribution	1673437933678	1673437934532	KO	status.find.is(200), but actually found 404
USER	Create  Scenario	END	1673437934635
USER	Create  Scenario	START	1673437934678
USER	Create  Scenario	END	1673437934907
USER	Create  Scenario	START	1673437935010
REQUEST		Fetch contribution	1673437934177	1673437935041	KO	status.find.is(200), but actually found 404
USER	Create  Scenario	END	1673437935179
USER	Create  Scenario	START	1673437935344
REQUEST		Fetch contribution	1673437934678	1673437935515	KO	status.find.is(200), but actually found 404
USER	Create  Scenario	END	1673437935529
USER	Create  Scenario	START	1673437935678
REQUEST		Fetch contribution	1673437935011	1673437935877	KO	status.find.is(200), but actually found 404
USER	Create  Scenario	END	1673437936021
USER	Create  Scenario	START	1673437936177
REQUEST		Fetch contribution	1673437935344	1673437936179	KO	status.find.is(200), but actually found 404
USER	Create  Scenario	END	1673437936509
REQUEST		Fetch contribution	1673437935678	1673437936510	KO	status.find.is(200), but actually found 404
USER	Create  Scenario	START	1673437936677
USER	Create  Scenario	END	1673437936838
USER	Create  Scenario	START	1673437937011
REQUEST		Fetch contribution	1673437936177	1673437937050	KO	status.find.is(200), but actually found 404
USER	Create  Scenario	END	1673437937183
USER	Create  Scenario	START	1673437937344
USER	Create  Scenario	END	1673437937533
REQUEST		Fetch contribution	1673437936678	1673437937536	KO	status.find.is(200), but actually found 404
USER	Create  Scenario	START	1673437937678
REQUEST		Fetch contribution	1673437937011	1673437937865	KO	status.find.is(200), but actually found 404
USER	Create  Scenario	END	1673437938042
USER	Create  Scenario	START	1673437938178
REQUEST		Fetch contribution	1673437937344	1673437938204	KO	status.find.is(200), but actually found 404
USER	Create  Scenario	END	1673437938516
REQUEST		Fetch contribution	1673437937678	1673437938534	KO	status.find.is(200), but actually found 404
USER	Create  Scenario	START	1673437938678
USER	Create  Scenario	END	1673437938878
REQUEST		Fetch contribution	1673437938178	1673437939010	KO	status.find.is(200), but actually found 404
USER	Create  Scenario	START	1673437939011
USER	Create  Scenario	END	1673437939180
USER	Create  Scenario	START	1673437939344
REQUEST		Fetch contribution	1673437938678	1673437939504	KO	status.find.is(200), but actually found 404
USER	Create  Scenario	END	1673437939510
USER	Create  Scenario	START	1673437939678
REQUEST		Fetch contribution	1673437939011	1673437939866	KO	status.find.is(200), but actually found 404
USER	Create  Scenario	END	1673437940051
USER	Create  Scenario	START	1673437940177
REQUEST		Fetch contribution	1673437939344	1673437940183	KO	status.find.is(200), but actually found 404
REQUEST		Fetch contribution	1673437939678	1673437940519	KO	status.find.is(200), but actually found 404
USER	Create  Scenario	END	1673437940537
USER	Create  Scenario	START	1673437940677
USER	Create  Scenario	END	1673437940866
USER	Create  Scenario	START	1673437941011
REQUEST		Fetch contribution	1673437940178	1673437941015	KO	status.find.is(200), but actually found 404
USER	Create  Scenario	END	1673437941205
USER	Create  Scenario	START	1673437941344
REQUEST		Fetch contribution	1673437940678	1673437941505	KO	status.find.is(200), but actually found 404
USER	Create  Scenario	END	1673437941535
USER	Create  Scenario	START	1673437941678
REQUEST		Fetch contribution	1673437941011	1673437941847	KO	status.find.is(200), but actually found 404
USER	Create  Scenario	END	1673437942011
REQUEST		Fetch contribution	1673437941344	1673437942177	KO	status.find.is(200), but actually found 404
USER	Create  Scenario	START	1673437942177
USER	Create  Scenario	END	1673437942505
REQUEST		Fetch contribution	1673437941678	1673437942513	KO	status.find.is(200), but actually found 404
USER	Create  Scenario	START	1673437942677
USER	Create  Scenario	END	1673437942867
USER	Create  Scenario	START	1673437943011
REQUEST		Fetch contribution	1673437942178	1673437943041	KO	status.find.is(200), but actually found 404
USER	Create  Scenario	END	1673437943184
USER	Create  Scenario	START	1673437943344
USER	Create  Scenario	END	1673437943520
REQUEST		Fetch contribution	1673437942678	1673437943529	KO	status.find.is(200), but actually found 404
USER	Create  Scenario	START	1673437943678
REQUEST		Fetch contribution	1673437943011	1673437943866	KO	status.find.is(200), but actually found 404
USER	Create  Scenario	END	1673437944017
USER	Create  Scenario	START	1673437944177
REQUEST		Fetch contribution	1673437943344	1673437944191	KO	status.find.is(200), but actually found 404
USER	Create  Scenario	END	1673437944506
REQUEST		Fetch contribution	1673437943678	1673437944515	KO	status.find.is(200), but actually found 404
USER	Create  Scenario	START	1673437944677
USER	Create  Scenario	END	1673437944848
USER	Create  Scenario	START	1673437945010
REQUEST		Fetch contribution	1673437944177	1673437945046	KO	status.find.is(200), but actually found 404
USER	Create  Scenario	END	1673437945178
USER	Create  Scenario	START	1673437945344
REQUEST		Fetch contribution	1673437944678	1673437945508	KO	status.find.is(200), but actually found 404
USER	Create  Scenario	END	1673437945514
USER	Create  Scenario	START	1673437945678
REQUEST		Fetch contribution	1673437945011	1673437945839	KO	status.find.is(200), but actually found 404
USER	Create  Scenario	END	1673437946042
REQUEST		Fetch contribution	1673437945344	1673437946177	KO	status.find.is(200), but actually found 404
USER	Create  Scenario	START	1673437946177
REQUEST		Fetch contribution	1673437945678	1673437946515	KO	status.find.is(200), but actually found 404
USER	Create  Scenario	END	1673437946530
USER	Create  Scenario	START	1673437946677
USER	Create  Scenario	END	1673437946867
USER	Create  Scenario	START	1673437947010
REQUEST		Fetch contribution	1673437946177	1673437947012	KO	status.find.is(200), but actually found 404
USER	Create  Scenario	END	1673437947192
USER	Create  Scenario	START	1673437947344
USER	Create  Scenario	END	1673437947516
REQUEST		Fetch contribution	1673437946678	1673437947520	KO	status.find.is(200), but actually found 404
USER	Create  Scenario	START	1673437947678
REQUEST		Fetch contribution	1673437947011	1673437947858	KO	status.find.is(200), but actually found 404
USER	Create  Scenario	END	1673437948048
USER	Create  Scenario	START	1673437948177
REQUEST		Fetch contribution	1673437947344	1673437948184	KO	status.find.is(200), but actually found 404
USER	Create  Scenario	END	1673437948509
REQUEST		Fetch contribution	1673437947678	1673437948544	KO	status.find.is(200), but actually found 404
USER	Create  Scenario	START	1673437948677
USER	Create  Scenario	END	1673437948841
USER	Create  Scenario	START	1673437949011
REQUEST		Fetch contribution	1673437948178	1673437949028	KO	status.find.is(200), but actually found 404
USER	Create  Scenario	END	1673437949178
USER	Create  Scenario	START	1673437949344
USER	Create  Scenario	END	1673437949516
REQUEST		Fetch contribution	1673437948678	1673437949533	KO	status.find.is(200), but actually found 404
USER	Create  Scenario	START	1673437949678
REQUEST		Fetch contribution	1673437949011	1673437949865	KO	status.find.is(200), but actually found 404
USER	Create  Scenario	END	1673437950013
USER	Create  Scenario	START	1673437950178
REQUEST		Fetch contribution	1673437949344	1673437950190	KO	status.find.is(200), but actually found 404
REQUEST		Fetch contribution	1673437949678	1673437950512	KO	status.find.is(200), but actually found 404
USER	Create  Scenario	END	1673437950521
USER	Create  Scenario	START	1673437950678
USER	Create  Scenario	END	1673437950859
USER	Create  Scenario	START	1673437951010
REQUEST		Fetch contribution	1673437950178	1673437951036	KO	status.find.is(200), but actually found 404
USER	Create  Scenario	END	1673437951185
USER	Create  Scenario	START	1673437951343
REQUEST		Fetch contribution	1673437950679	1673437951518	KO	status.find.is(200), but actually found 404
USER	Create  Scenario	END	1673437951545
USER	Create  Scenario	START	1673437951677
REQUEST		Fetch contribution	1673437951010	1673437951848	KO	status.find.is(200), but actually found 404
USER	Create  Scenario	END	1673437952030
USER	Create  Scenario	START	1673437952177
REQUEST		Fetch contribution	1673437951344	1673437952208	KO	status.find.is(200), but actually found 404
USER	Create  Scenario	END	1673437952534
REQUEST		Fetch contribution	1673437951677	1673437952543	KO	status.find.is(200), but actually found 404
USER	Create  Scenario	START	1673437952677
USER	Create  Scenario	END	1673437952866
USER	Create  Scenario	START	1673437953011
REQUEST		Fetch contribution	1673437952178	1673437953051	KO	status.find.is(200), but actually found 404
USER	Create  Scenario	END	1673437953191
USER	Create  Scenario	START	1673437953344
USER	Create  Scenario	END	1673437953513
REQUEST		Fetch contribution	1673437952678	1673437953523	KO	status.find.is(200), but actually found 404
USER	Create  Scenario	START	1673437953678
REQUEST		Fetch contribution	1673437953011	1673437953898	KO	status.find.is(200), but actually found 404
USER	Create  Scenario	END	1673437954037
USER	Create  Scenario	START	1673437954177
REQUEST		Fetch contribution	1673437953344	1673437954183	KO	status.find.is(200), but actually found 404
REQUEST		Fetch contribution	1673437953678	1673437954518	KO	status.find.is(200), but actually found 404
USER	Create  Scenario	END	1673437954520
USER	Create  Scenario	START	1673437954677
USER	Create  Scenario	END	1673437954849
USER	Create  Scenario	START	1673437955010
REQUEST		Fetch contribution	1673437954178	1673437955073	KO	status.find.is(200), but actually found 404
USER	Create  Scenario	END	1673437955208
USER	Create  Scenario	START	1673437955343
REQUEST		Fetch contribution	1673437954678	1673437955534	KO	status.find.is(200), but actually found 404
USER	Create  Scenario	END	1673437955544
USER	Create  Scenario	START	1673437955677
REQUEST		Fetch contribution	1673437955010	1673437955865	KO	status.find.is(200), but actually found 404
USER	Create  Scenario	END	1673437956052
USER	Create  Scenario	START	1673437956177
REQUEST		Fetch contribution	1673437955343	1673437956181	KO	status.find.is(200), but actually found 404
REQUEST		Fetch contribution	1673437955677	1673437956515	KO	status.find.is(200), but actually found 404
USER	Create  Scenario	END	1673437956525
USER	Create  Scenario	START	1673437956677
USER	Create  Scenario	END	1673437956899
REQUEST		Fetch contribution	1673437956178	1673437957010	KO	status.find.is(200), but actually found 404
USER	Create  Scenario	START	1673437957011
USER	Create  Scenario	END	1673437957184
USER	Create  Scenario	START	1673437957344
USER	Create  Scenario	END	1673437957519
REQUEST		Fetch contribution	1673437956678	1673437957524	KO	status.find.is(200), but actually found 404
USER	Create  Scenario	START	1673437957678
REQUEST		Fetch contribution	1673437957011	1673437957890	KO	status.find.is(200), but actually found 404
USER	Create  Scenario	END	1673437958074
USER	Create  Scenario	START	1673437958177
REQUEST		Fetch contribution	1673437957344	1673437958179	KO	status.find.is(200), but actually found 404
USER	Create  Scenario	END	1673437958535
REQUEST		Fetch contribution	1673437957678	1673437958536	KO	status.find.is(200), but actually found 404
USER	Create  Scenario	START	1673437958677
USER	Create  Scenario	END	1673437958866
REQUEST		Fetch contribution	1673437958178	1673437959006	KO	status.find.is(200), but actually found 404
USER	Create  Scenario	START	1673437959012
USER	Create  Scenario	END	1673437959182
USER	Create  Scenario	START	1673437959344
REQUEST		Fetch contribution	1673437958678	1673437959507	KO	status.find.is(200), but actually found 404
USER	Create  Scenario	END	1673437959516
USER	Create  Scenario	START	1673437959678
REQUEST		Fetch contribution	1673437959013	1673437959840	KO	status.find.is(200), but actually found 404
USER	Create  Scenario	END	1673437960011
USER	Create  Scenario	START	1673437960177
REQUEST		Fetch contribution	1673437959345	1673437960187	KO	status.find.is(200), but actually found 404
USER	Create  Scenario	END	1673437960525
REQUEST		Fetch contribution	1673437959678	1673437960529	KO	status.find.is(200), but actually found 404
USER	Create  Scenario	START	1673437960677
USER	Create  Scenario	END	1673437960891
USER	Create  Scenario	START	1673437961011
REQUEST		Fetch contribution	1673437960177	1673437961099	KO	status.find.is(200), but actually found 404
USER	Create  Scenario	END	1673437961180
USER	Create  Scenario	START	1673437961344
REQUEST		Fetch contribution	1673437960677	1673437961514	KO	status.find.is(200), but actually found 404
USER	Create  Scenario	END	1673437961537
USER	Create  Scenario	START	1673437961678
REQUEST		Fetch contribution	1673437961011	1673437961886	KO	status.find.is(200), but actually found 404
USER	Create  Scenario	END	1673437962007
USER	Create  Scenario	START	1673437962178
REQUEST		Fetch contribution	1673437961344	1673437962202	KO	status.find.is(200), but actually found 404
USER	Create  Scenario	END	1673437962509
REQUEST		Fetch contribution	1673437961678	1673437962523	KO	status.find.is(200), but actually found 404
USER	Create  Scenario	START	1673437962678
USER	Create  Scenario	END	1673437962842
USER	Create  Scenario	START	1673437963011
REQUEST		Fetch contribution	1673437962178	1673437963067	KO	status.find.is(200), but actually found 404
USER	Create  Scenario	END	1673437963188
USER	Create  Scenario	START	1673437963344
REQUEST		Fetch contribution	1673437962678	1673437963508	KO	status.find.is(200), but actually found 404
USER	Create  Scenario	END	1673437963530
USER	Create  Scenario	START	1673437963677
REQUEST		Fetch contribution	1673437963011	1673437963866	KO	status.find.is(200), but actually found 404
USER	Create  Scenario	END	1673437964100
REQUEST		Fetch contribution	1673437963344	1673437964174	KO	status.find.is(200), but actually found 404
USER	Create  Scenario	START	1673437964177
USER	Create  Scenario	END	1673437964515
REQUEST		Fetch contribution	1673437963678	1673437964526	KO	status.find.is(200), but actually found 404
USER	Create  Scenario	START	1673437964677
USER	Create  Scenario	END	1673437964887
USER	Create  Scenario	START	1673437965011
REQUEST		Fetch contribution	1673437964177	1673437965042	KO	status.find.is(200), but actually found 404
USER	Create  Scenario	END	1673437965203
USER	Create  Scenario	START	1673437965344
REQUEST		Fetch contribution	1673437964678	1673437965518	KO	status.find.is(200), but actually found 404
USER	Create  Scenario	END	1673437965524
USER	Create  Scenario	START	1673437965678
REQUEST		Fetch contribution	1673437965011	1673437965878	KO	status.find.is(200), but actually found 404
USER	Create  Scenario	END	1673437966068
USER	Create  Scenario	START	1673437966178
REQUEST		Fetch contribution	1673437965344	1673437966192	KO	status.find.is(200), but actually found 404
USER	Create  Scenario	END	1673437966510
REQUEST		Fetch contribution	1673437965679	1673437966513	KO	status.find.is(200), but actually found 404
USER	Create  Scenario	START	1673437966678
USER	Create  Scenario	END	1673437966867
USER	Create  Scenario	START	1673437967010
REQUEST		Fetch contribution	1673437966179	1673437967011	KO	status.find.is(200), but actually found 404
USER	Create  Scenario	END	1673437967176
USER	Create  Scenario	START	1673437967343
REQUEST		Fetch contribution	1673437966678	1673437967516	KO	status.find.is(200), but actually found 404
USER	Create  Scenario	END	1673437967527
USER	Create  Scenario	START	1673437967678
REQUEST		Fetch contribution	1673437967010	1673437967849	KO	status.find.is(200), but actually found 404
USER	Create  Scenario	END	1673437968043
USER	Create  Scenario	START	1673437968178
REQUEST		Fetch contribution	1673437967344	1673437968188	KO	status.find.is(200), but actually found 404
USER	Create  Scenario	END	1673437968519
REQUEST		Fetch contribution	1673437967678	1673437968546	KO	status.find.is(200), but actually found 404
USER	Create  Scenario	START	1673437968678
USER	Create  Scenario	END	1673437968879
USER	Create  Scenario	START	1673437969011
REQUEST		Fetch contribution	1673437968178	1673437969148	KO	status.find.is(200), but actually found 404
USER	Create  Scenario	END	1673437969193
USER	Create  Scenario	START	1673437969344
USER	Create  Scenario	END	1673437969515
REQUEST		Fetch contribution	1673437968678	1673437969530	KO	status.find.is(200), but actually found 404
USER	Create  Scenario	START	1673437969678
REQUEST		Fetch contribution	1673437969011	1673437969870	KO	status.find.is(200), but actually found 404
USER	Create  Scenario	END	1673437970012
USER	Create  Scenario	START	1673437970178
REQUEST		Fetch contribution	1673437969344	1673437970190	KO	status.find.is(200), but actually found 404
USER	Create  Scenario	END	1673437970517
REQUEST		Fetch contribution	1673437969678	1673437970532	KO	status.find.is(200), but actually found 404
USER	Create  Scenario	START	1673437970678
USER	Create  Scenario	END	1673437970850
REQUEST		Fetch contribution	1673437970179	1673437971010	KO	status.find.is(200), but actually found 404
USER	Create  Scenario	START	1673437971011
USER	Create  Scenario	END	1673437971189
USER	Create  Scenario	START	1673437971344
REQUEST		Fetch contribution	1673437970678	1673437971520	KO	status.find.is(200), but actually found 404
USER	Create  Scenario	END	1673437971547
USER	Create  Scenario	START	1673437971678
REQUEST		Fetch contribution	1673437971011	1673437971876	KO	status.find.is(200), but actually found 404
USER	Create  Scenario	END	1673437972149
USER	Create  Scenario	START	1673437972178
REQUEST		Fetch contribution	1673437971344	1673437972198	KO	status.find.is(200), but actually found 404
USER	Create  Scenario	END	1673437972531
REQUEST		Fetch contribution	1673437971678	1673437972537	KO	status.find.is(200), but actually found 404
USER	Create  Scenario	START	1673437972678
USER	Create  Scenario	END	1673437972871
USER	Create  Scenario	START	1673437973010
REQUEST		Fetch contribution	1673437972178	1673437973025	KO	status.find.is(200), but actually found 404
USER	Create  Scenario	END	1673437973191
USER	Create  Scenario	START	1673437973343
REQUEST		Fetch contribution	1673437972678	1673437973509	KO	status.find.is(200), but actually found 404
USER	Create  Scenario	END	1673437973533
USER	Create  Scenario	START	1673437973677
REQUEST		Fetch contribution	1673437973010	1673437973842	KO	status.find.is(200), but actually found 404
USER	Create  Scenario	END	1673437974012
REQUEST		Fetch contribution	1673437973344	1673437974175	KO	status.find.is(200), but actually found 404
USER	Create  Scenario	START	1673437974177
USER	Create  Scenario	END	1673437974521
REQUEST		Fetch contribution	1673437973678	1673437974529	KO	status.find.is(200), but actually found 404
USER	Create  Scenario	START	1673437974677
USER	Create  Scenario	END	1673437974878
USER	Create  Scenario	START	1673437975010
REQUEST		Fetch contribution	1673437974177	1673437975053	KO	status.find.is(200), but actually found 404
USER	Create  Scenario	END	1673437975200
USER	Create  Scenario	START	1673437975343
REQUEST		Fetch contribution	1673437974678	1673437975507	KO	status.find.is(200), but actually found 404
USER	Create  Scenario	END	1673437975538
USER	Create  Scenario	START	1673437975677
REQUEST		Fetch contribution	1673437975010	1673437975917	KO	status.find.is(200), but actually found 404
USER	Create  Scenario	END	1673437976026
USER	Create  Scenario	START	1673437976178
REQUEST		Fetch contribution	1673437975344	1673437976210	KO	status.find.is(200), but actually found 404
USER	Create  Scenario	END	1673437976510
REQUEST		Fetch contribution	1673437975678	1673437976515	KO	status.find.is(200), but actually found 404
USER	Create  Scenario	START	1673437976678
USER	Create  Scenario	END	1673437976843
USER	Create  Scenario	START	1673437977011
REQUEST		Fetch contribution	1673437976178	1673437977119	KO	status.find.is(200), but actually found 404
USER	Create  Scenario	END	1673437977177
USER	Create  Scenario	START	1673437977344
REQUEST		Fetch contribution	1673437976678	1673437977517	KO	status.find.is(200), but actually found 404
USER	Create  Scenario	END	1673437977530
USER	Create  Scenario	START	1673437977678
REQUEST		Fetch contribution	1673437977011	1673437977859	KO	status.find.is(200), but actually found 404
USER	Create  Scenario	END	1673437978054
REQUEST		Fetch contribution	1673437977344	1673437978167	KO	status.find.is(200), but actually found 404
USER	Create  Scenario	START	1673437978178
USER	Create  Scenario	END	1673437978509
REQUEST		Fetch contribution	1673437977678	1673437978512	KO	status.find.is(200), but actually found 404
USER	Create  Scenario	START	1673437978678
USER	Create  Scenario	END	1673437978918
USER	Create  Scenario	START	1673437979010
REQUEST		Fetch contribution	1673437978178	1673437979018	KO	status.find.is(200), but actually found 404
USER	Create  Scenario	END	1673437979211
USER	Create  Scenario	START	1673437979344
REQUEST		Fetch contribution	1673437978678	1673437979506	KO	status.find.is(200), but actually found 404
USER	Create  Scenario	END	1673437979516
USER	Create  Scenario	START	1673437979677
REQUEST		Fetch contribution	1673437979011	1673437979851	KO	status.find.is(200), but actually found 404
USER	Create  Scenario	END	1673437980120
USER	Create  Scenario	START	1673437980177
REQUEST		Fetch contribution	1673437979344	1673437980178	KO	status.find.is(200), but actually found 404
REQUEST		Fetch contribution	1673437979678	1673437980510	KO	status.find.is(200), but actually found 404
USER	Create  Scenario	END	1673437980518
USER	Create  Scenario	START	1673437980677
USER	Create  Scenario	END	1673437980859
USER	Create  Scenario	START	1673437981011
REQUEST		Fetch contribution	1673437980177	1673437981022	KO	status.find.is(200), but actually found 404
USER	Create  Scenario	END	1673437981168
USER	Create  Scenario	START	1673437981344
USER	Create  Scenario	END	1673437981513
REQUEST		Fetch contribution	1673437980678	1673437981529	KO	status.find.is(200), but actually found 404
USER	Create  Scenario	START	1673437981678
REQUEST		Fetch contribution	1673437981011	1673437981853	KO	status.find.is(200), but actually found 404
USER	Create  Scenario	END	1673437982019
USER	Create  Scenario	START	1673437982178
REQUEST		Fetch contribution	1673437981344	1673437982181	KO	status.find.is(200), but actually found 404
USER	Create  Scenario	END	1673437982508
REQUEST		Fetch contribution	1673437981678	1673437982534	KO	status.find.is(200), but actually found 404
USER	Create  Scenario	START	1673437982678
USER	Create  Scenario	END	1673437982851
REQUEST		Fetch contribution	1673437982178	1673437983007	KO	status.find.is(200), but actually found 404
USER	Create  Scenario	START	1673437983010
USER	Create  Scenario	END	1673437983179
USER	Create  Scenario	START	1673437983344
REQUEST		Fetch contribution	1673437982678	1673437983503	KO	status.find.is(200), but actually found 404
USER	Create  Scenario	END	1673437983511
USER	Create  Scenario	START	1673437983678
REQUEST		Fetch contribution	1673437983011	1673437983845	KO	status.find.is(200), but actually found 404
USER	Create  Scenario	END	1673437984023
USER	Create  Scenario	START	1673437984177
REQUEST		Fetch contribution	1673437983344	1673437984183	KO	status.find.is(200), but actually found 404
REQUEST		Fetch contribution	1673437983678	1673437984519	KO	status.find.is(200), but actually found 404
USER	Create  Scenario	END	1673437984530
USER	Create  Scenario	START	1673437984680
USER	Create  Scenario	END	1673437984854
USER	Create  Scenario	START	1673437985011
REQUEST		Fetch contribution	1673437984178	1673437985114	KO	status.find.is(200), but actually found 404
USER	Create  Scenario	END	1673437985182
USER	Create  Scenario	START	1673437985344
REQUEST		Fetch contribution	1673437984681	1673437985503	KO	status.find.is(200), but actually found 404
USER	Create  Scenario	END	1673437985534
USER	Create  Scenario	START	1673437985678
REQUEST		Fetch contribution	1673437985011	1673437985838	KO	status.find.is(200), but actually found 404
USER	Create  Scenario	END	1673437986009
USER	Create  Scenario	START	1673437986178
REQUEST		Fetch contribution	1673437985344	1673437986180	KO	status.find.is(200), but actually found 404
USER	Create  Scenario	END	1673437986505
REQUEST		Fetch contribution	1673437985679	1673437986510	KO	status.find.is(200), but actually found 404
USER	Create  Scenario	START	1673437986678
USER	Create  Scenario	END	1673437986846
USER	Create  Scenario	START	1673437987011
REQUEST		Fetch contribution	1673437986179	1673437987067	KO	status.find.is(200), but actually found 404
USER	Create  Scenario	END	1673437987183
USER	Create  Scenario	START	1673437987344
USER	Create  Scenario	END	1673437987520
REQUEST		Fetch contribution	1673437986678	1673437987559	KO	status.find.is(200), but actually found 404
USER	Create  Scenario	START	1673437987678
REQUEST		Fetch contribution	1673437987012	1673437987894	KO	status.find.is(200), but actually found 404
USER	Create  Scenario	END	1673437988115
USER	Create  Scenario	START	1673437988177
REQUEST		Fetch contribution	1673437987344	1673437988182	KO	status.find.is(200), but actually found 404
USER	Create  Scenario	END	1673437988504
REQUEST		Fetch contribution	1673437987678	1673437988516	KO	status.find.is(200), but actually found 404
USER	Create  Scenario	START	1673437988677
USER	Create  Scenario	END	1673437988839
USER	Create  Scenario	START	1673437989010
REQUEST		Fetch contribution	1673437988178	1673437989019	KO	status.find.is(200), but actually found 404
USER	Create  Scenario	END	1673437989181
USER	Create  Scenario	START	1673437989344
USER	Create  Scenario	END	1673437989511
REQUEST		Fetch contribution	1673437988678	1673437989615	KO	status.find.is(200), but actually found 404
USER	Create  Scenario	START	1673437989678
REQUEST		Fetch contribution	1673437989011	1673437989886	KO	status.find.is(200), but actually found 404
USER	Create  Scenario	END	1673437990068
USER	Create  Scenario	START	1673437990178
REQUEST		Fetch contribution	1673437989344	1673437990183	KO	status.find.is(200), but actually found 404
REQUEST		Fetch contribution	1673437989678	1673437990510	KO	status.find.is(200), but actually found 404
USER	Create  Scenario	END	1673437990560
USER	Create  Scenario	START	1673437990678
USER	Create  Scenario	END	1673437990896
USER	Create  Scenario	START	1673437991011
REQUEST		Fetch contribution	1673437990178	1673437991012	KO	status.find.is(200), but actually found 404
USER	Create  Scenario	END	1673437991183
USER	Create  Scenario	START	1673437991344
REQUEST		Fetch contribution	1673437990678	1673437991513	KO	status.find.is(200), but actually found 404
USER	Create  Scenario	END	1673437991518
USER	Create  Scenario	START	1673437991678
REQUEST		Fetch contribution	1673437991011	1673437991889	KO	status.find.is(200), but actually found 404
USER	Create  Scenario	END	1673437992020
USER	Create  Scenario	START	1673437992178
REQUEST		Fetch contribution	1673437991345	1673437992184	KO	status.find.is(200), but actually found 404
REQUEST		Fetch contribution	1673437991679	1673437992511	KO	status.find.is(200), but actually found 404
USER	Create  Scenario	END	1673437992616
USER	Create  Scenario	START	1673437992678
USER	Create  Scenario	END	1673437992887
USER	Create  Scenario	START	1673437993010
REQUEST		Fetch contribution	1673437992178	1673437993068	KO	status.find.is(200), but actually found 404
USER	Create  Scenario	END	1673437993184
USER	Create  Scenario	START	1673437993343
REQUEST		Fetch contribution	1673437992678	1673437993506	KO	status.find.is(200), but actually found 404
USER	Create  Scenario	END	1673437993511
USER	Create  Scenario	START	1673437993678
REQUEST		Fetch contribution	1673437993011	1673437993842	KO	status.find.is(200), but actually found 404
USER	Create  Scenario	END	1673437994013
USER	Create  Scenario	START	1673437994178
REQUEST		Fetch contribution	1673437993344	1673437994184	KO	status.find.is(200), but actually found 404
REQUEST		Fetch contribution	1673437993678	1673437994513	KO	status.find.is(200), but actually found 404
USER	Create  Scenario	END	1673437994514
USER	Create  Scenario	START	1673437994677
USER	Create  Scenario	END	1673437994890
USER	Create  Scenario	START	1673437995011
REQUEST		Fetch contribution	1673437994179	1673437995022	KO	status.find.is(200), but actually found 404
USER	Create  Scenario	END	1673437995185
USER	Create  Scenario	START	1673437995344
REQUEST		Fetch contribution	1673437994678	1673437995508	KO	status.find.is(200), but actually found 404
USER	Create  Scenario	END	1673437995512
USER	Create  Scenario	START	1673437995678
REQUEST		Fetch contribution	1673437995011	1673437995859	KO	status.find.is(200), but actually found 404
USER	Create  Scenario	END	1673437996069
REQUEST		Fetch contribution	1673437995344	1673437996177	KO	status.find.is(200), but actually found 404
USER	Create  Scenario	START	1673437996178
USER	Create  Scenario	END	1673437996507
REQUEST		Fetch contribution	1673437995678	1673437996511	KO	status.find.is(200), but actually found 404
USER	Create  Scenario	START	1673437996677
USER	Create  Scenario	END	1673437996844
USER	Create  Scenario	START	1673437997011
REQUEST		Fetch contribution	1673437996178	1673437997017	KO	status.find.is(200), but actually found 404
USER	Create  Scenario	END	1673437997185
USER	Create  Scenario	START	1673437997344
USER	Create  Scenario	END	1673437997514
REQUEST		Fetch contribution	1673437996678	1673437997572	KO	status.find.is(200), but actually found 404
USER	Create  Scenario	START	1673437997678
REQUEST		Fetch contribution	1673437997011	1673437997848	KO	status.find.is(200), but actually found 404
USER	Create  Scenario	END	1673437998023
USER	Create  Scenario	START	1673437998178
REQUEST		Fetch contribution	1673437997345	1673437998193	KO	status.find.is(200), but actually found 404
USER	Create  Scenario	END	1673437998509
REQUEST		Fetch contribution	1673437997679	1673437998512	KO	status.find.is(200), but actually found 404
USER	Create  Scenario	START	1673437998678
USER	Create  Scenario	END	1673437998860
REQUEST		Fetch contribution	1673437998178	1673437999003	KO	status.find.is(200), but actually found 404
USER	Create  Scenario	START	1673437999010
USER	Create  Scenario	END	1673437999178
USER	Create  Scenario	START	1673437999344
REQUEST		Fetch contribution	1673437998678	1673437999508	KO	status.find.is(200), but actually found 404
USER	Create  Scenario	END	1673437999512
USER	Create  Scenario	START	1673437999678
REQUEST		Fetch contribution	1673437999011	1673437999845	KO	status.find.is(200), but actually found 404
USER	Create  Scenario	END	1673438000018
USER	Create  Scenario	START	1673438000178
REQUEST		Fetch contribution	1673437999344	1673438000184	KO	status.find.is(200), but actually found 404
REQUEST		Fetch contribution	1673437999678	1673438000501	KO	status.find.is(200), but actually found 404
USER	Create  Scenario	END	1673438000573
USER	Create  Scenario	START	1673438000678
USER	Create  Scenario	END	1673438000849
USER	Create  Scenario	START	1673438001010
REQUEST		Fetch contribution	1673438000178	1673438001046	KO	status.find.is(200), but actually found 404
USER	Create  Scenario	END	1673438001194
USER	Create  Scenario	START	1673438001343
REQUEST		Fetch contribution	1673438000678	1673438001504	KO	status.find.is(200), but actually found 404
USER	Create  Scenario	END	1673438001513
USER	Create  Scenario	START	1673438001677
REQUEST		Fetch contribution	1673438001011	1673438001851	KO	status.find.is(200), but actually found 404
USER	Create  Scenario	END	1673438002004
REQUEST		Fetch contribution	1673438001344	1673438002175	KO	status.find.is(200), but actually found 404
USER	Create  Scenario	START	1673438002178
REQUEST		Fetch contribution	1673438001678	1673438002507	KO	status.find.is(200), but actually found 404
USER	Create  Scenario	END	1673438002510
USER	Create  Scenario	START	1673438002678
USER	Create  Scenario	END	1673438002845
USER	Create  Scenario	START	1673438003011
REQUEST		Fetch contribution	1673438002178	1673438003015	KO	status.find.is(200), but actually found 404
USER	Create  Scenario	END	1673438003185
USER	Create  Scenario	START	1673438003344
USER	Create  Scenario	END	1673438003502
REQUEST		Fetch contribution	1673438002678	1673438003507	KO	status.find.is(200), but actually found 404
USER	Create  Scenario	START	1673438003678
REQUEST		Fetch contribution	1673438003011	1673438003845	KO	status.find.is(200), but actually found 404
USER	Create  Scenario	END	1673438004047
USER	Create  Scenario	START	1673438004178
REQUEST		Fetch contribution	1673438003344	1673438004182	KO	status.find.is(200), but actually found 404
USER	Create  Scenario	END	1673438004505
REQUEST		Fetch contribution	1673438003679	1673438004513	KO	status.find.is(200), but actually found 404
USER	Create  Scenario	START	1673438004678
USER	Create  Scenario	END	1673438004852
USER	Create  Scenario	START	1673438005011
REQUEST		Fetch contribution	1673438004179	1673438005047	KO	status.find.is(200), but actually found 404
USER	Create  Scenario	END	1673438005175
USER	Create  Scenario	START	1673438005344
USER	Create  Scenario	END	1673438005508
REQUEST		Fetch contribution	1673438004679	1673438005520	KO	status.find.is(200), but actually found 404
USER	Create  Scenario	START	1673438005678
REQUEST		Fetch contribution	1673438005011	1673438005845	KO	status.find.is(200), but actually found 404
USER	Create  Scenario	END	1673438006016
USER	Create  Scenario	START	1673438006177
REQUEST		Fetch contribution	1673438005344	1673438006183	KO	status.find.is(200), but actually found 404
USER	Create  Scenario	END	1673438006507
REQUEST		Fetch contribution	1673438005678	1673438006513	KO	status.find.is(200), but actually found 404
USER	Create  Scenario	START	1673438006677
USER	Create  Scenario	END	1673438006846
USER	Create  Scenario	START	1673438007011
REQUEST		Fetch contribution	1673438006177	1673438007077	KO	status.find.is(200), but actually found 404
USER	Create  Scenario	END	1673438007182
USER	Create  Scenario	START	1673438007344
USER	Create  Scenario	END	1673438007515
REQUEST		Fetch contribution	1673438006678	1673438007569	KO	status.find.is(200), but actually found 404
USER	Create  Scenario	START	1673438007678
REQUEST		Fetch contribution	1673438007011	1673438007852	KO	status.find.is(200), but actually found 404
USER	Create  Scenario	END	1673438008049
USER	Create  Scenario	START	1673438008178
REQUEST		Fetch contribution	1673438007344	1673438008184	KO	status.find.is(200), but actually found 404
REQUEST		Fetch contribution	1673438007678	1673438008505	KO	status.find.is(200), but actually found 404
USER	Create  Scenario	END	1673438008520
USER	Create  Scenario	START	1673438008678
USER	Create  Scenario	END	1673438008846
USER	Create  Scenario	START	1673438009011
REQUEST		Fetch contribution	1673438008178	1673438009053	KO	status.find.is(200), but actually found 404
USER	Create  Scenario	END	1673438009184
USER	Create  Scenario	START	1673438009344
REQUEST		Fetch contribution	1673438008678	1673438009510	KO	status.find.is(200), but actually found 404
USER	Create  Scenario	END	1673438009514
USER	Create  Scenario	START	1673438009678
REQUEST		Fetch contribution	1673438009011	1673438009853	KO	status.find.is(200), but actually found 404
USER	Create  Scenario	END	1673438010078
REQUEST		Fetch contribution	1673438009344	1673438010177	KO	status.find.is(200), but actually found 404
USER	Create  Scenario	START	1673438010177
REQUEST		Fetch contribution	1673438009679	1673438010513	KO	status.find.is(200), but actually found 404
USER	Create  Scenario	END	1673438010570
USER	Create  Scenario	START	1673438010678
USER	Create  Scenario	END	1673438010853
REQUEST		Fetch contribution	1673438010177	1673438011002	KO	status.find.is(200), but actually found 404
USER	Create  Scenario	START	1673438011011
USER	Create  Scenario	END	1673438011185
USER	Create  Scenario	START	1673438011344
USER	Create  Scenario	END	1673438011506
REQUEST		Fetch contribution	1673438010678	1673438011534	KO	status.find.is(200), but actually found 404
USER	Create  Scenario	START	1673438011678
REQUEST		Fetch contribution	1673438011011	1673438011849	KO	status.find.is(200), but actually found 404
USER	Create  Scenario	END	1673438012054
USER	Create  Scenario	START	1673438012178
REQUEST		Fetch contribution	1673438011344	1673438012192	KO	status.find.is(200), but actually found 404
REQUEST		Fetch contribution	1673438011678	1673438012512	KO	status.find.is(200), but actually found 404
USER	Create  Scenario	END	1673438012512
USER	Create  Scenario	START	1673438012677
USER	Create  Scenario	END	1673438012854
USER	Create  Scenario	START	1673438013010
REQUEST		Fetch contribution	1673438012178	1673438013038	KO	status.find.is(200), but actually found 404
USER	Create  Scenario	END	1673438013179
USER	Create  Scenario	START	1673438013343
REQUEST		Fetch contribution	1673438012678	1673438013512	KO	status.find.is(200), but actually found 404
USER	Create  Scenario	END	1673438013514
USER	Create  Scenario	START	1673438013677
REQUEST		Fetch contribution	1673438013011	1673438013851	KO	status.find.is(200), but actually found 404
USER	Create  Scenario	END	1673438014003
REQUEST		Fetch contribution	1673438013344	1673438014168	KO	status.find.is(200), but actually found 404
USER	Create  Scenario	START	1673438014178
REQUEST		Fetch contribution	1673438013678	1673438014504	KO	status.find.is(200), but actually found 404
USER	Create  Scenario	END	1673438014535
USER	Create  Scenario	START	1673438014678
USER	Create  Scenario	END	1673438014850
USER	Create  Scenario	START	1673438015010
REQUEST		Fetch contribution	1673438014179	1673438015022	KO	status.find.is(200), but actually found 404
USER	Create  Scenario	END	1673438015192
USER	Create  Scenario	START	1673438015344
REQUEST		Fetch contribution	1673438014678	1673438015505	KO	status.find.is(200), but actually found 404
USER	Create  Scenario	END	1673438015513
USER	Create  Scenario	START	1673438015678
REQUEST		Fetch contribution	1673438015010	1673438015849	KO	status.find.is(200), but actually found 404
USER	Create  Scenario	END	1673438016039
USER	Create  Scenario	START	1673438016178
REQUEST		Fetch contribution	1673438015344	1673438016183	KO	status.find.is(200), but actually found 404
USER	Create  Scenario	END	1673438016512
REQUEST		Fetch contribution	1673438015678	1673438016514	KO	status.find.is(200), but actually found 404
USER	Create  Scenario	START	1673438016678
USER	Create  Scenario	END	1673438016852
USER	Create  Scenario	START	1673438017010
REQUEST		Fetch contribution	1673438016178	1673438017035	KO	status.find.is(200), but actually found 404
USER	Create  Scenario	END	1673438017169
USER	Create  Scenario	START	1673438017343
USER	Create  Scenario	END	1673438017505
REQUEST		Fetch contribution	1673438016678	1673438017506	KO	status.find.is(200), but actually found 404
USER	Create  Scenario	START	1673438017678
REQUEST		Fetch contribution	1673438017011	1673438017840	KO	status.find.is(200), but actually found 404
USER	Create  Scenario	END	1673438018023
USER	Create  Scenario	START	1673438018178
REQUEST		Fetch contribution	1673438017344	1673438018183	KO	status.find.is(200), but actually found 404
USER	Create  Scenario	END	1673438018506
REQUEST		Fetch contribution	1673438017678	1673438018512	KO	status.find.is(200), but actually found 404
USER	Create  Scenario	START	1673438018678
USER	Create  Scenario	END	1673438018850
USER	Create  Scenario	START	1673438019010
REQUEST		Fetch contribution	1673438018178	1673438019074	KO	status.find.is(200), but actually found 404
USER	Create  Scenario	END	1673438019184
USER	Create  Scenario	START	1673438019343
REQUEST		Fetch contribution	1673438018678	1673438019501	KO	status.find.is(200), but actually found 404
USER	Create  Scenario	END	1673438019515
USER	Create  Scenario	START	1673438019677
REQUEST		Fetch contribution	1673438019011	1673438019845	KO	status.find.is(200), but actually found 404
USER	Create  Scenario	END	1673438020036
USER	Create  Scenario	START	1673438020178
REQUEST		Fetch contribution	1673438019344	1673438020183	KO	status.find.is(200), but actually found 404
USER	Create  Scenario	END	1673438020507
REQUEST		Fetch contribution	1673438019677	1673438020514	KO	status.find.is(200), but actually found 404
USER	Create  Scenario	START	1673438020678
USER	Create  Scenario	END	1673438020841
USER	Create  Scenario	START	1673438021010
REQUEST		Fetch contribution	1673438020179	1673438021019	KO	status.find.is(200), but actually found 404
USER	Create  Scenario	END	1673438021184
USER	Create  Scenario	START	1673438021343
USER	Create  Scenario	END	1673438021513
REQUEST		Fetch contribution	1673438020678	1673438021517	KO	status.find.is(200), but actually found 404
USER	Create  Scenario	START	1673438021677
REQUEST		Fetch contribution	1673438021011	1673438021895	KO	status.find.is(200), but actually found 404
USER	Create  Scenario	END	1673438022074
REQUEST		Fetch contribution	1673438021344	1673438022175	KO	status.find.is(200), but actually found 404
USER	Create  Scenario	START	1673438022177
USER	Create  Scenario	END	1673438022502
REQUEST		Fetch contribution	1673438021678	1673438022521	KO	status.find.is(200), but actually found 404
USER	Create  Scenario	START	1673438022677
USER	Create  Scenario	END	1673438022845
USER	Create  Scenario	START	1673438023010
REQUEST		Fetch contribution	1673438022177	1673438023020	KO	status.find.is(200), but actually found 404
USER	Create  Scenario	END	1673438023184
USER	Create  Scenario	START	1673438023344
USER	Create  Scenario	END	1673438023515
REQUEST		Fetch contribution	1673438022677	1673438023607	KO	status.find.is(200), but actually found 404
USER	Create  Scenario	START	1673438023678
REQUEST		Fetch contribution	1673438023011	1673438023849	KO	status.find.is(200), but actually found 404
USER	Create  Scenario	END	1673438024020
REQUEST		Fetch contribution	1673438023345	1673438024170	KO	status.find.is(200), but actually found 404
USER	Create  Scenario	START	1673438024178
USER	Create  Scenario	END	1673438024517
REQUEST		Fetch contribution	1673438023678	1673438024518	KO	status.find.is(200), but actually found 404
USER	Create  Scenario	START	1673438024678
USER	Create  Scenario	END	1673438024896
USER	Create  Scenario	START	1673438025011
REQUEST		Fetch contribution	1673438024179	1673438025043	KO	status.find.is(200), but actually found 404
USER	Create  Scenario	END	1673438025176
USER	Create  Scenario	START	1673438025344
REQUEST		Fetch contribution	1673438024679	1673438025505	KO	status.find.is(200), but actually found 404
USER	Create  Scenario	END	1673438025522
USER	Create  Scenario	START	1673438025678
REQUEST		Fetch contribution	1673438025011	1673438025883	KO	status.find.is(200), but actually found 404
USER	Create  Scenario	END	1673438026021
USER	Create  Scenario	START	1673438026178
REQUEST		Fetch contribution	1673438025344	1673438026197	KO	status.find.is(200), but actually found 404
REQUEST		Fetch contribution	1673438025678	1673438026504	KO	status.find.is(200), but actually found 404
USER	Create  Scenario	END	1673438026608
USER	Create  Scenario	START	1673438026678
USER	Create  Scenario	END	1673438026850
USER	Create  Scenario	START	1673438027011
REQUEST		Fetch contribution	1673438026178	1673438027072	KO	status.find.is(200), but actually found 404
USER	Create  Scenario	END	1673438027171
USER	Create  Scenario	START	1673438027344
REQUEST		Fetch contribution	1673438026679	1673438027513	KO	status.find.is(200), but actually found 404
USER	Create  Scenario	END	1673438027518
USER	Create  Scenario	START	1673438027678
REQUEST		Fetch contribution	1673438027011	1673438027857	KO	status.find.is(200), but actually found 404
USER	Create  Scenario	END	1673438028044
REQUEST		Fetch contribution	1673438027344	1673438028171	KO	status.find.is(200), but actually found 404
USER	Create  Scenario	START	1673438028178
USER	Create  Scenario	END	1673438028506
REQUEST		Fetch contribution	1673438027678	1673438028528	KO	status.find.is(200), but actually found 404
USER	Create  Scenario	START	1673438028678
USER	Create  Scenario	END	1673438028884
USER	Create  Scenario	START	1673438029010
REQUEST		Fetch contribution	1673438028178	1673438029045	KO	status.find.is(200), but actually found 404
USER	Create  Scenario	END	1673438029197
USER	Create  Scenario	START	1673438029344
USER	Create  Scenario	END	1673438029505
REQUEST		Fetch contribution	1673438028679	1673438029526	KO	status.find.is(200), but actually found 404
USER	Create  Scenario	START	1673438029677
REQUEST		Fetch contribution	1673438029011	1673438029839	KO	status.find.is(200), but actually found 404
USER	Create  Scenario	END	1673438030073
REQUEST		Fetch contribution	1673438029345	1673438030173	KO	status.find.is(200), but actually found 404
USER	Create  Scenario	START	1673438030178
USER	Create  Scenario	END	1673438030514
REQUEST		Fetch contribution	1673438029678	1673438030515	KO	status.find.is(200), but actually found 404
USER	Create  Scenario	START	1673438030677
USER	Create  Scenario	END	1673438030858
REQUEST		Fetch contribution	1673438030179	1673438031002	KO	status.find.is(200), but actually found 404
USER	Create  Scenario	START	1673438031011
USER	Create  Scenario	END	1673438031171
USER	Create  Scenario	START	1673438031344
REQUEST		Fetch contribution	1673438030678	1673438031501	KO	status.find.is(200), but actually found 404
USER	Create  Scenario	END	1673438031529
USER	Create  Scenario	START	1673438031678
REQUEST		Fetch contribution	1673438031011	1673438031848	KO	status.find.is(200), but actually found 404
USER	Create  Scenario	END	1673438032046
USER	Create  Scenario	START	1673438032178
REQUEST		Fetch contribution	1673438031679	1673438032526	KO	status.find.is(200), but actually found 404
USER	Create  Scenario	END	1673438032526
USER	Create  Scenario	START	1673438032678
USER	Create  Scenario	END	1673438032840
USER	Create  Scenario	START	1673438033011
REQUEST		Fetch contribution	1673438032178	1673438033018	KO	status.find.is(200), but actually found 404
USER	Create  Scenario	END	1673438033174
USER	Create  Scenario	START	1673438033344
USER	Create  Scenario	END	1673438033516
REQUEST		Fetch contribution	1673438031344	1673438033577	KO	status.find.is(200), but actually found 404
REQUEST		Fetch contribution	1673438032679	1673438033580	KO	status.find.is(200), but actually found 404
USER	Create  Scenario	START	1673438033678
REQUEST		Fetch contribution	1673438033012	1673438033874	KO	status.find.is(200), but actually found 404
USER	Create  Scenario	END	1673438034003
USER	Create  Scenario	START	1673438034178
REQUEST		Fetch contribution	1673438033344	1673438034192	KO	status.find.is(200), but actually found 404
USER	Create  Scenario	END	1673438034502
REQUEST		Fetch contribution	1673438033679	1673438034522	KO	status.find.is(200), but actually found 404
USER	Create  Scenario	START	1673438034677
USER	Create  Scenario	END	1673438034849
USER	Create  Scenario	START	1673438035011
REQUEST		Fetch contribution	1673438034178	1673438035017	KO	status.find.is(200), but actually found 404
USER	Create  Scenario	START	1673438035344
USER	Create  Scenario	END	1673438035527
REQUEST		Fetch contribution	1673438034678	1673438035570	KO	status.find.is(200), but actually found 404
USER	Create  Scenario	START	1673438035678
REQUEST		Fetch contribution	1673438035011	1673438035861	KO	status.find.is(200), but actually found 404
USER	Create  Scenario	END	1673438036019
USER	Create  Scenario	START	1673438036178
REQUEST		Fetch contribution	1673438035344	1673438036184	KO	status.find.is(200), but actually found 404
REQUEST		Fetch contribution	1673438035678	1673438036515	KO	status.find.is(200), but actually found 404
USER	Create  Scenario	END	1673438036578
USER	Create  Scenario	END	1673438036581
USER	Create  Scenario	START	1673438036678
USER	Create  Scenario	END	1673438036875
USER	Create  Scenario	START	1673438037010
REQUEST		Fetch contribution	1673438036179	1673438037047	KO	status.find.is(200), but actually found 404
USER	Create  Scenario	END	1673438037192
USER	Create  Scenario	START	1673438037343
REQUEST		Fetch contribution	1673438036678	1673438037512	KO	status.find.is(200), but actually found 404
USER	Create  Scenario	END	1673438037523
USER	Create  Scenario	START	1673438037678
REQUEST		Fetch contribution	1673438037011	1673438037866	KO	status.find.is(200), but actually found 404
USER	Create  Scenario	END	1673438038018
USER	Create  Scenario	START	1673438038177
REQUEST		Fetch contribution	1673438037344	1673438038204	KO	status.find.is(200), but actually found 404
REQUEST		Fetch contribution	1673438037678	1673438038527	KO	status.find.is(200), but actually found 404
USER	Create  Scenario	END	1673438038571
USER	Create  Scenario	START	1673438038678
USER	Create  Scenario	END	1673438038863
USER	Create  Scenario	START	1673438039011
REQUEST		Fetch contribution	1673438038178	1673438039035	KO	status.find.is(200), but actually found 404
USER	Create  Scenario	END	1673438039186
USER	Create  Scenario	START	1673438039343
REQUEST		Fetch contribution	1673438038679	1673438039514	KO	status.find.is(200), but actually found 404
USER	Create  Scenario	END	1673438039516
USER	Create  Scenario	START	1673438039678
REQUEST		Fetch contribution	1673438039011	1673438039863	KO	status.find.is(200), but actually found 404
USER	Create  Scenario	END	1673438040047
USER	Create  Scenario	START	1673438040178
REQUEST		Fetch contribution	1673438039344	1673438040188	KO	status.find.is(200), but actually found 404
USER	Create  Scenario	END	1673438040513
REQUEST		Fetch contribution	1673438039678	1673438040518	KO	status.find.is(200), but actually found 404
USER	Create  Scenario	START	1673438040678
USER	Create  Scenario	END	1673438040867
USER	Create  Scenario	START	1673438041011
REQUEST		Fetch contribution	1673438040179	1673438041120	KO	status.find.is(200), but actually found 404
USER	Create  Scenario	END	1673438041205
USER	Create  Scenario	START	1673438041344
USER	Create  Scenario	END	1673438041528
REQUEST		Fetch contribution	1673438040679	1673438041537	KO	status.find.is(200), but actually found 404
USER	Create  Scenario	START	1673438041678
REQUEST		Fetch contribution	1673438041011	1673438041860	KO	status.find.is(200), but actually found 404
USER	Create  Scenario	END	1673438042036
USER	Create  Scenario	START	1673438042177
REQUEST		Fetch contribution	1673438041344	1673438042184	KO	status.find.is(200), but actually found 404
USER	Create  Scenario	END	1673438042515
REQUEST		Fetch contribution	1673438041678	1673438042523	KO	status.find.is(200), but actually found 404
USER	Create  Scenario	START	1673438042678
USER	Create  Scenario	END	1673438042864
USER	Create  Scenario	START	1673438043011
REQUEST		Fetch contribution	1673438042178	1673438043015	KO	status.find.is(200), but actually found 404
USER	Create  Scenario	END	1673438043189
USER	Create  Scenario	START	1673438043344
USER	Create  Scenario	END	1673438043519
REQUEST		Fetch contribution	1673438042678	1673438043543	KO	status.find.is(200), but actually found 404
USER	Create  Scenario	START	1673438043678
REQUEST		Fetch contribution	1673438043011	1673438043857	KO	status.find.is(200), but actually found 404
USER	Create  Scenario	END	1673438044121
USER	Create  Scenario	START	1673438044178
REQUEST		Fetch contribution	1673438043344	1673438044182	KO	status.find.is(200), but actually found 404
REQUEST		Fetch contribution	1673438043678	1673438044518	KO	status.find.is(200), but actually found 404
USER	Create  Scenario	END	1673438044538
USER	Create  Scenario	START	1673438044678
USER	Create  Scenario	END	1673438044860
USER	Create  Scenario	START	1673438045010
REQUEST		Fetch contribution	1673438044178	1673438045021	KO	status.find.is(200), but actually found 404
USER	Create  Scenario	END	1673438045185
USER	Create  Scenario	START	1673438045343
REQUEST		Fetch contribution	1673438044679	1673438045514	KO	status.find.is(200), but actually found 404
USER	Create  Scenario	END	1673438045524
USER	Create  Scenario	START	1673438045677
REQUEST		Fetch contribution	1673438045011	1673438045846	KO	status.find.is(200), but actually found 404
USER	Create  Scenario	END	1673438046016
USER	Create  Scenario	START	1673438046177
REQUEST		Fetch contribution	1673438045343	1673438046184	KO	status.find.is(200), but actually found 404
USER	Create  Scenario	END	1673438046544
REQUEST		Fetch contribution	1673438045677	1673438046595	KO	status.find.is(200), but actually found 404
USER	Create  Scenario	START	1673438046677
USER	Create  Scenario	END	1673438046858
USER	Create  Scenario	START	1673438047010
REQUEST		Fetch contribution	1673438046178	1673438047085	KO	status.find.is(200), but actually found 404
USER	Create  Scenario	END	1673438047183
USER	Create  Scenario	START	1673438047343
USER	Create  Scenario	END	1673438047520
USER	Create  Scenario	START	1673438047677
REQUEST		Fetch contribution	1673438046678	1673438047822	KO	status.find.is(200), but actually found 404
REQUEST		Fetch contribution	1673438047011	1673438047902	KO	status.find.is(200), but actually found 404
USER	Create  Scenario	END	1673438048022
USER	Create  Scenario	START	1673438048177
REQUEST		Fetch contribution	1673438047343	1673438048436	KO	status.find.is(200), but actually found 404
USER	Create  Scenario	END	1673438048515
REQUEST		Fetch contribution	1673438047678	1673438048642	KO	status.find.is(200), but actually found 404
USER	Create  Scenario	START	1673438048677
USER	Create  Scenario	END	1673438048847
USER	Create  Scenario	START	1673438049010
REQUEST		Fetch contribution	1673438048178	1673438049140	KO	status.find.is(200), but actually found 404
USER	Create  Scenario	END	1673438049184
USER	Create  Scenario	START	1673438049343
REQUEST		Fetch contribution	1673438048678	1673438049538	KO	status.find.is(200), but actually found 404
USER	Create  Scenario	END	1673438049596
USER	Create  Scenario	START	1673438049678
REQUEST		Fetch contribution	1673438049011	1673438049868	KO	status.find.is(200), but actually found 404
USER	Create  Scenario	END	1673438050086
REQUEST		Fetch contribution	1673438049344	1673438050175	KO	status.find.is(200), but actually found 404
USER	Create  Scenario	START	1673438050177
REQUEST		Fetch contribution	1673438049678	1673438050509	KO	status.find.is(200), but actually found 404
USER	Create  Scenario	START	1673438050677
USER	Create  Scenario	END	1673438050823
USER	Create  Scenario	END	1673438050903
USER	Create  Scenario	START	1673438051010
REQUEST		Fetch contribution	1673438050178	1673438051020	KO	status.find.is(200), but actually found 404
USER	Create  Scenario	START	1673438051343
USER	Create  Scenario	END	1673438051437
REQUEST		Fetch contribution	1673438050678	1673438051528	KO	status.find.is(200), but actually found 404
USER	Create  Scenario	END	1673438051643
USER	Create  Scenario	START	1673438051677
REQUEST		Fetch contribution	1673438051011	1673438051898	KO	status.find.is(200), but actually found 404
USER	Create  Scenario	END	1673438052141
USER	Create  Scenario	START	1673438052177
USER	Create  Scenario	END	1673438052539
USER	Create  Scenario	START	1673438052677
USER	Create  Scenario	END	1673438052869
USER	Create  Scenario	START	1673438053011
REQUEST		Fetch contribution	1673438052177	1673438053038	KO	status.find.is(200), but actually found 404
USER	Create  Scenario	END	1673438053176
USER	Create  Scenario	START	1673438053344
USER	Create  Scenario	END	1673438053510
REQUEST		Fetch contribution	1673438052677	1673438053515	KO	status.find.is(200), but actually found 404
REQUEST		Fetch contribution	1673438051344	1673438053600	KO	status.find.is(200), but actually found 404
USER	Create  Scenario	START	1673438053678
REQUEST		Fetch contribution	1673438053011	1673438053844	KO	status.find.is(200), but actually found 404
USER	Create  Scenario	END	1673438054021
REQUEST		Fetch contribution	1673438053344	1673438054172	KO	status.find.is(200), but actually found 404
USER	Create  Scenario	START	1673438054178
REQUEST		Fetch contribution	1673438051678	1673438054365	KO	status.find.is(200), but actually found 404
REQUEST		Fetch contribution	1673438053678	1673438054518	KO	status.find.is(200), but actually found 404
USER	Create  Scenario	END	1673438054529
USER	Create  Scenario	START	1673438054678
USER	Create  Scenario	END	1673438054899
USER	Create  Scenario	START	1673438055010
REQUEST		Fetch contribution	1673438054179	1673438055019	KO	status.find.is(200), but actually found 404
USER	Create  Scenario	START	1673438055343
REQUEST		Fetch contribution	1673438054679	1673438055512	KO	status.find.is(200), but actually found 404
USER	Create  Scenario	START	1673438055677
REQUEST		Fetch contribution	1673438055010	1673438055893	KO	status.find.is(200), but actually found 404
USER	Create  Scenario	END	1673438056039
USER	Create  Scenario	START	1673438056177
REQUEST		Fetch contribution	1673438055343	1673438056183	KO	status.find.is(200), but actually found 404
USER	Create  Scenario	END	1673438056515
REQUEST		Fetch contribution	1673438055678	1673438056517	KO	status.find.is(200), but actually found 404
USER	Create  Scenario	END	1673438056601
USER	Create  Scenario	START	1673438056677
USER	Create  Scenario	END	1673438056846
USER	Create  Scenario	START	1673438057010
REQUEST		Fetch contribution	1673438056177	1673438057060	KO	status.find.is(200), but actually found 404
USER	Create  Scenario	END	1673438057173
USER	Create  Scenario	START	1673438057343
USER	Create  Scenario	END	1673438057366
USER	Create  Scenario	END	1673438057519
REQUEST		Fetch contribution	1673438056678	1673438057523	KO	status.find.is(200), but actually found 404
USER	Create  Scenario	START	1673438057677
REQUEST		Fetch contribution	1673438057011	1673438057843	KO	status.find.is(200), but actually found 404
USER	Create  Scenario	END	1673438058020
REQUEST		Fetch contribution	1673438057344	1673438058174	KO	status.find.is(200), but actually found 404
USER	Create  Scenario	START	1673438058177
USER	Create  Scenario	END	1673438058513
REQUEST		Fetch contribution	1673438057678	1673438058518	KO	status.find.is(200), but actually found 404
USER	Create  Scenario	START	1673438058677
USER	Create  Scenario	END	1673438058894
USER	Create  Scenario	START	1673438059010
REQUEST		Fetch contribution	1673438058177	1673438059182	KO	status.find.is(200), but actually found 404
USER	Create  Scenario	END	1673438059184
USER	Create  Scenario	START	1673438059343
USER	Create  Scenario	END	1673438059518
REQUEST		Fetch contribution	1673438058677	1673438059524	KO	status.find.is(200), but actually found 404
USER	Create  Scenario	START	1673438059677
REQUEST		Fetch contribution	1673438059011	1673438059885	KO	status.find.is(200), but actually found 404
USER	Create  Scenario	END	1673438060061
REQUEST		Fetch contribution	1673438059344	1673438060173	KO	status.find.is(200), but actually found 404
USER	Create  Scenario	START	1673438060177
USER	Create  Scenario	END	1673438060524
REQUEST		Fetch contribution	1673438059678	1673438060526	KO	status.find.is(200), but actually found 404
USER	Create  Scenario	START	1673438060677
USER	Create  Scenario	END	1673438060844
USER	Create  Scenario	START	1673438061010
REQUEST		Fetch contribution	1673438060177	1673438061033	KO	status.find.is(200), but actually found 404
USER	Create  Scenario	END	1673438061175
USER	Create  Scenario	START	1673438061344
USER	Create  Scenario	END	1673438061519
REQUEST		Fetch contribution	1673438060677	1673438061602	KO	status.find.is(200), but actually found 404
USER	Create  Scenario	START	1673438061677
REQUEST		Fetch contribution	1673438061011	1673438061874	KO	status.find.is(200), but actually found 404
USER	Create  Scenario	START	1673438062177
USER	Create  Scenario	END	1673438062182
REQUEST		Fetch contribution	1673438061344	1673438062202	KO	status.find.is(200), but actually found 404
USER	Create  Scenario	END	1673438062525
REQUEST		Fetch contribution	1673438061678	1673438062532	KO	status.find.is(200), but actually found 404
USER	Create  Scenario	START	1673438062677
USER	Create  Scenario	END	1673438062886
USER	Create  Scenario	START	1673438063010
REQUEST		Fetch contribution	1673438062178	1673438063159	KO	status.find.is(200), but actually found 404
USER	Create  Scenario	END	1673438063174
USER	Create  Scenario	START	1673438063344
USER	Create  Scenario	END	1673438063526
REQUEST		Fetch contribution	1673438062678	1673438063529	KO	status.find.is(200), but actually found 404
USER	Create  Scenario	START	1673438063678
REQUEST		Fetch contribution	1673438063011	1673438063842	KO	status.find.is(200), but actually found 404
USER	Create  Scenario	END	1673438064033
USER	Create  Scenario	START	1673438064177
REQUEST		Fetch contribution	1673438063344	1673438064201	KO	status.find.is(200), but actually found 404
REQUEST		Fetch contribution	1673438063679	1673438064519	KO	status.find.is(200), but actually found 404
USER	Create  Scenario	END	1673438064602
USER	Create  Scenario	START	1673438064678
USER	Create  Scenario	END	1673438064875
USER	Create  Scenario	START	1673438065010
REQUEST		Fetch contribution	1673438064178	1673438065016	KO	status.find.is(200), but actually found 404
USER	Create  Scenario	END	1673438065203
USER	Create  Scenario	START	1673438065344
REQUEST		Fetch contribution	1673438064678	1673438065514	KO	status.find.is(200), but actually found 404
USER	Create  Scenario	END	1673438065533
USER	Create  Scenario	START	1673438065677
REQUEST		Fetch contribution	1673438065011	1673438065852	KO	status.find.is(200), but actually found 404
USER	Create  Scenario	END	1673438066160
USER	Create  Scenario	START	1673438066178
REQUEST		Fetch contribution	1673438065344	1673438066181	KO	status.find.is(200), but actually found 404
REQUEST		Fetch contribution	1673438065678	1673438066516	KO	status.find.is(200), but actually found 404
USER	Create  Scenario	END	1673438066531
USER	Create  Scenario	START	1673438066678
USER	Create  Scenario	END	1673438066843
USER	Create  Scenario	START	1673438067010
REQUEST		Fetch contribution	1673438066178	1673438067013	KO	status.find.is(200), but actually found 404
USER	Create  Scenario	END	1673438067201
USER	Create  Scenario	START	1673438067343
USER	Create  Scenario	END	1673438067521
REQUEST		Fetch contribution	1673438066679	1673438067534	KO	status.find.is(200), but actually found 404
USER	Create  Scenario	START	1673438067677
REQUEST		Fetch contribution	1673438067010	1673438067859	KO	status.find.is(200), but actually found 404
USER	Create  Scenario	END	1673438068016
USER	Create  Scenario	START	1673438068178
REQUEST		Fetch contribution	1673438067343	1673438068183	KO	status.find.is(200), but actually found 404
USER	Create  Scenario	END	1673438068515
REQUEST		Fetch contribution	1673438067677	1673438068520	KO	status.find.is(200), but actually found 404
USER	Create  Scenario	START	1673438068678
USER	Create  Scenario	END	1673438068853
REQUEST		Fetch contribution	1673438068178	1673438069006	KO	status.find.is(200), but actually found 404
USER	Create  Scenario	START	1673438069011
USER	Create  Scenario	END	1673438069182
USER	Create  Scenario	START	1673438069344
REQUEST		Fetch contribution	1673438068678	1673438069517	KO	status.find.is(200), but actually found 404
USER	Create  Scenario	END	1673438069518
USER	Create  Scenario	START	1673438069678
REQUEST		Fetch contribution	1673438069011	1673438069857	KO	status.find.is(200), but actually found 404
USER	Create  Scenario	END	1673438070014
USER	Create  Scenario	START	1673438070177
REQUEST		Fetch contribution	1673438069344	1673438070179	KO	status.find.is(200), but actually found 404
REQUEST		Fetch contribution	1673438069678	1673438070531	KO	status.find.is(200), but actually found 404
USER	Create  Scenario	END	1673438070535
USER	Create  Scenario	START	1673438070677
USER	Create  Scenario	END	1673438070860
USER	Create  Scenario	START	1673438071010
REQUEST		Fetch contribution	1673438070177	1673438071130	KO	status.find.is(200), but actually found 404
USER	Create  Scenario	END	1673438071184
USER	Create  Scenario	START	1673438071343
REQUEST		Fetch contribution	1673438070678	1673438071515	KO	status.find.is(200), but actually found 404
USER	Create  Scenario	END	1673438071521
USER	Create  Scenario	START	1673438071677
REQUEST		Fetch contribution	1673438071011	1673438071861	KO	status.find.is(200), but actually found 404
USER	Create  Scenario	END	1673438072007
USER	Create  Scenario	START	1673438072177
REQUEST		Fetch contribution	1673438071344	1673438072183	KO	status.find.is(200), but actually found 404
USER	Create  Scenario	END	1673438072518
REQUEST		Fetch contribution	1673438071678	1673438072522	KO	status.find.is(200), but actually found 404
USER	Create  Scenario	START	1673438072677
USER	Create  Scenario	END	1673438072858
USER	Create  Scenario	START	1673438073011
REQUEST		Fetch contribution	1673438072177	1673438073032	KO	status.find.is(200), but actually found 404
USER	Create  Scenario	END	1673438073180
USER	Create  Scenario	START	1673438073344
REQUEST		Fetch contribution	1673438072677	1673438073517	KO	status.find.is(200), but actually found 404
USER	Create  Scenario	END	1673438073532
USER	Create  Scenario	START	1673438073678
REQUEST		Fetch contribution	1673438073011	1673438073913	KO	status.find.is(200), but actually found 404
USER	Create  Scenario	END	1673438074131
USER	Create  Scenario	START	1673438074178
REQUEST		Fetch contribution	1673438073344	1673438074195	KO	status.find.is(200), but actually found 404
REQUEST		Fetch contribution	1673438073678	1673438074505	KO	status.find.is(200), but actually found 404
USER	Create  Scenario	END	1673438074516
USER	Create  Scenario	START	1673438074678
USER	Create  Scenario	END	1673438074862
REQUEST		Fetch contribution	1673438074178	1673438075003	KO	status.find.is(200), but actually found 404
USER	Create  Scenario	START	1673438075010
USER	Create  Scenario	END	1673438075184
USER	Create  Scenario	START	1673438075343
USER	Create  Scenario	END	1673438075523
REQUEST		Fetch contribution	1673438074678	1673438075527	KO	status.find.is(200), but actually found 404
USER	Create  Scenario	START	1673438075677
REQUEST		Fetch contribution	1673438075010	1673438075856	KO	status.find.is(200), but actually found 404
USER	Create  Scenario	END	1673438076033
REQUEST		Fetch contribution	1673438075343	1673438076171	KO	status.find.is(200), but actually found 404
USER	Create  Scenario	START	1673438076177
USER	Create  Scenario	END	1673438076518
REQUEST		Fetch contribution	1673438075678	1673438076526	KO	status.find.is(200), but actually found 404
USER	Create  Scenario	START	1673438076677
USER	Create  Scenario	END	1673438076913
USER	Create  Scenario	START	1673438077010
REQUEST		Fetch contribution	1673438076178	1673438077023	KO	status.find.is(200), but actually found 404
USER	Create  Scenario	END	1673438077196
USER	Create  Scenario	START	1673438077344
USER	Create  Scenario	END	1673438077506
REQUEST		Fetch contribution	1673438076678	1673438077533	KO	status.find.is(200), but actually found 404
USER	Create  Scenario	START	1673438077678
REQUEST		Fetch contribution	1673438077011	1673438077850	KO	status.find.is(200), but actually found 404
USER	Create  Scenario	END	1673438078004
REQUEST		Fetch contribution	1673438077344	1673438078167	KO	status.find.is(200), but actually found 404
USER	Create  Scenario	START	1673438078177
REQUEST		Fetch contribution	1673438077678	1673438078510	KO	status.find.is(200), but actually found 404
USER	Create  Scenario	END	1673438078528
USER	Create  Scenario	START	1673438078677
USER	Create  Scenario	END	1673438078857
USER	Create  Scenario	START	1673438079010
REQUEST		Fetch contribution	1673438078177	1673438079024	KO	status.find.is(200), but actually found 404
USER	Create  Scenario	END	1673438079172
USER	Create  Scenario	START	1673438079343
REQUEST		Fetch contribution	1673438078678	1673438079514	KO	status.find.is(200), but actually found 404
USER	Create  Scenario	END	1673438079527
USER	Create  Scenario	START	1673438079677
REQUEST		Fetch contribution	1673438079010	1673438079848	KO	status.find.is(200), but actually found 404
USER	Create  Scenario	END	1673438080024
USER	Create  Scenario	START	1673438080177
REQUEST		Fetch contribution	1673438079343	1673438080220	KO	status.find.is(200), but actually found 404
REQUEST		Fetch contribution	1673438079677	1673438080513	KO	status.find.is(200), but actually found 404
USER	Create  Scenario	END	1673438080534
USER	Create  Scenario	START	1673438080677
USER	Create  Scenario	END	1673438080851
USER	Create  Scenario	START	1673438081011
REQUEST		Fetch contribution	1673438080178	1673438081024	KO	status.find.is(200), but actually found 404
USER	Create  Scenario	END	1673438081168
USER	Create  Scenario	START	1673438081344
USER	Create  Scenario	END	1673438081511
REQUEST		Fetch contribution	1673438080678	1673438081530	KO	status.find.is(200), but actually found 404
USER	Create  Scenario	START	1673438081678
REQUEST		Fetch contribution	1673438081011	1673438081857	KO	status.find.is(200), but actually found 404
USER	Create  Scenario	END	1673438082025
USER	Create  Scenario	START	1673438082177
REQUEST		Fetch contribution	1673438081344	1673438082185	KO	status.find.is(200), but actually found 404
REQUEST		Fetch contribution	1673438081678	1673438082512	KO	status.find.is(200), but actually found 404
USER	Create  Scenario	END	1673438082516
USER	Create  Scenario	START	1673438082677
USER	Create  Scenario	END	1673438082848
REQUEST		Fetch contribution	1673438082178	1673438083002	KO	status.find.is(200), but actually found 404
USER	Create  Scenario	START	1673438083011
USER	Create  Scenario	END	1673438083220
USER	Create  Scenario	START	1673438083344
REQUEST		Fetch contribution	1673438082678	1673438083509	KO	status.find.is(200), but actually found 404
USER	Create  Scenario	END	1673438083514
USER	Create  Scenario	START	1673438083678
REQUEST		Fetch contribution	1673438083011	1673438083851	KO	status.find.is(200), but actually found 404
USER	Create  Scenario	END	1673438084025
USER	Create  Scenario	START	1673438084177
REQUEST		Fetch contribution	1673438083344	1673438084181	KO	status.find.is(200), but actually found 404
REQUEST		Fetch contribution	1673438083678	1673438084508	KO	status.find.is(200), but actually found 404
USER	Create  Scenario	END	1673438084532
USER	Create  Scenario	END	1673438084858
REQUEST		Fetch contribution	1673438084178	1673438085044	KO	status.find.is(200), but actually found 404
USER	Create  Scenario	END	1673438085186
USER	Create  Scenario	END	1673438085513
USER	Create  Scenario	END	1673438086003
USER	Create  Scenario	END	1673438086510
USER	Create  Scenario	END	1673438086852
USER	Create  Scenario	END	1673438087182
USER	Create  Scenario	END	1673438087509
USER	Create  Scenario	END	1673438088044
