RUN	Simulations.Create	create	1673356795729	 	3.5.1
USER	Create  Scenario	START	1673356801869
USER	Create  Scenario	START	1673356801906
USER	Create  Scenario	START	1673356801886
USER	Create  Scenario	START	1673356801927
USER	Create  Scenario	START	1673356801947
USER	Create  Scenario	START	1673356801968
USER	Create  Scenario	START	1673356801988
USER	Create  Scenario	START	1673356802008
USER	Create  Scenario	START	1673356802029
USER	Create  Scenario	START	1673356802049
USER	Create  Scenario	START	1673356802069
USER	Create  Scenario	START	1673356802089
USER	Create  Scenario	START	1673356802110
USER	Create  Scenario	START	1673356802131
USER	Create  Scenario	START	1673356802150
USER	Create  Scenario	START	1673356802171
USER	Create  Scenario	START	1673356802190
USER	Create  Scenario	START	1673356802211
USER	Create  Scenario	START	1673356802231
USER	Create  Scenario	START	1673356802251
USER	Create  Scenario	START	1673356802271
USER	Create  Scenario	START	1673356802291
USER	Create  Scenario	START	1673356802311
USER	Create  Scenario	START	1673356802331
USER	Create  Scenario	START	1673356802351
USER	Create  Scenario	START	1673356802371
USER	Create  Scenario	START	1673356802392
USER	Create  Scenario	START	1673356802412
USER	Create  Scenario	START	1673356802432
USER	Create  Scenario	START	1673356802452
USER	Create  Scenario	START	1673356802472
USER	Create  Scenario	START	1673356802492
USER	Create  Scenario	START	1673356802513
USER	Create  Scenario	START	1673356802533
USER	Create  Scenario	START	1673356802553
USER	Create  Scenario	START	1673356802573
USER	Create  Scenario	START	1673356802593
USER	Create  Scenario	START	1673356802613
USER	Create  Scenario	START	1673356802633
USER	Create  Scenario	START	1673356802653
USER	Create  Scenario	START	1673356802674
USER	Create  Scenario	START	1673356802694
USER	Create  Scenario	START	1673356802714
USER	Create  Scenario	START	1673356802734
USER	Create  Scenario	START	1673356802754
USER	Create  Scenario	START	1673356802774
USER	Create  Scenario	START	1673356802794
USER	Create  Scenario	START	1673356802814
REQUEST		Edit Proposal	1673356801905	1673356802813	OK	 
REQUEST		Edit Proposal	1673356801907	1673356802804	OK	 
REQUEST		Edit Proposal	1673356801927	1673356802823	OK	 
REQUEST		Edit Proposal	1673356801905	1673356802824	OK	 
USER	Create  Scenario	START	1673356802834
USER	Create  Scenario	START	1673356802854
USER	Create  Scenario	START	1673356802874
REQUEST		Edit Proposal	1673356801989	1673356802881	OK	 
REQUEST		Edit Proposal	1673356801968	1673356802881	OK	 
USER	Create  Scenario	START	1673356802886
REQUEST		Edit Proposal	1673356802009	1673356802898	OK	 
REQUEST		Edit Proposal	1673356801948	1673356802902	OK	 
USER	Create  Scenario	START	1673356802905
USER	Create  Scenario	START	1673356802926
USER	Create  Scenario	START	1673356802946
REQUEST		Edit Proposal	1673356802030	1673356802959	OK	 
USER	Create  Scenario	START	1673356802966
USER	Create  Scenario	START	1673356802986
USER	Create  Scenario	START	1673356803006
REQUEST		Edit Proposal	1673356802070	1673356803019	OK	 
USER	Create  Scenario	START	1673356803026
REQUEST		Edit Proposal	1673356802051	1673356803033	OK	 
REQUEST		Edit Proposal	1673356802090	1673356803034	OK	 
USER	Create  Scenario	START	1673356803046
REQUEST		Edit Proposal	1673356802111	1673356803054	OK	 
REQUEST		Edit Proposal	1673356802132	1673356803055	OK	 
REQUEST		Edit Proposal	1673356802151	1673356803057	OK	 
USER	Create  Scenario	START	1673356803066
USER	Create  Scenario	START	1673356803086
REQUEST		Edit Proposal	1673356802171	1673356803107	OK	 
USER	Create  Scenario	START	1673356803106
REQUEST		Edit Proposal	1673356802191	1673356803108	OK	 
REQUEST		Edit Proposal	1673356802212	1673356803122	OK	 
REQUEST		Edit Proposal	1673356802232	1673356803127	OK	 
USER	Create  Scenario	START	1673356803126
USER	Create  Scenario	START	1673356803146
USER	Create  Scenario	START	1673356803166
REQUEST		Edit Proposal	1673356802271	1673356803177	OK	 
USER	Create  Scenario	START	1673356803186
REQUEST		Edit Proposal	1673356802251	1673356803189	OK	 
REQUEST		Edit Proposal	1673356802292	1673356803190	OK	 
USER	Create  Scenario	START	1673356803206
REQUEST		Edit Proposal	1673356802312	1673356803212	OK	 
REQUEST		Edit Proposal	1673356802332	1673356803218	OK	 
USER	Create  Scenario	START	1673356803226
USER	Create  Scenario	START	1673356803247
USER	Create  Scenario	START	1673356803267
USER	Create  Scenario	START	1673356803287
REQUEST		Edit Proposal	1673356802352	1673356803299	OK	 
USER	Create  Scenario	START	1673356803306
REQUEST		Edit Proposal	1673356802372	1673356803308	OK	 
REQUEST		Edit Proposal	1673356802392	1673356803308	OK	 
REQUEST		Edit Proposal	1673356802413	1673356803315	OK	 
REQUEST		Edit Proposal	1673356802433	1673356803326	OK	 
USER	Create  Scenario	START	1673356803326
USER	Create  Scenario	START	1673356803347
REQUEST		Edit Proposal	1673356802453	1673356803361	OK	 
USER	Create  Scenario	START	1673356803366
REQUEST		Edit Proposal	1673356802473	1673356803382	OK	 
USER	Create  Scenario	START	1673356803387
REQUEST		Edit Proposal	1673356802493	1673356803398	OK	 
REQUEST		Edit Proposal	1673356802513	1673356803407	OK	 
USER	Create  Scenario	START	1673356803407
USER	Create  Scenario	START	1673356803427
REQUEST		Edit Proposal	1673356802533	1673356803431	OK	 
REQUEST		Edit Proposal	1673356802553	1673356803444	OK	 
USER	Create  Scenario	START	1673356803447
USER	Create  Scenario	START	1673356803467
REQUEST		Edit Proposal	1673356802573	1673356803483	OK	 
USER	Create  Scenario	START	1673356803487
REQUEST		Edit Proposal	1673356802594	1673356803492	OK	 
REQUEST		Edit Proposal	1673356802614	1673356803497	OK	 
USER	Create  Scenario	START	1673356803507
USER	Create  Scenario	START	1673356803527
REQUEST		Edit Proposal	1673356802654	1673356803538	OK	 
REQUEST		Edit Proposal	1673356802634	1673356803542	OK	 
USER	Create  Scenario	START	1673356803547
USER	Create  Scenario	START	1673356803567
REQUEST		Edit Proposal	1673356802675	1673356803585	OK	 
USER	Create  Scenario	START	1673356803587
REQUEST		Edit Proposal	1673356802695	1673356803608	OK	 
USER	Create  Scenario	START	1673356803607
REQUEST		Edit Proposal	1673356802715	1673356803609	OK	 
REQUEST		Edit Proposal	1673356802735	1673356803623	OK	 
USER	Create  Scenario	START	1673356803627
REQUEST		Edit Proposal	1673356802755	1673356803638	OK	 
USER	Create  Scenario	START	1673356803647
REQUEST		Edit Proposal	1673356802775	1673356803658	OK	 
USER	Create  Scenario	START	1673356803667
REQUEST		Edit Proposal	1673356802795	1673356803684	OK	 
USER	Create  Scenario	START	1673356803687
REQUEST		Edit Proposal	1673356802815	1673356803698	OK	 
USER	Create  Scenario	START	1673356803707
REQUEST		Edit Proposal	1673356802835	1673356803720	OK	 
USER	Create  Scenario	START	1673356803727
REQUEST		Edit Proposal	1673356802855	1673356803744	OK	 
USER	Create  Scenario	START	1673356803747
USER	Create  Scenario	START	1673356803767
REQUEST		Edit Proposal	1673356802875	1673356803769	OK	 
USER	Create  Scenario	START	1673356803787
REQUEST		Edit Proposal	1673356802886	1673356803789	OK	 
REQUEST		Edit Proposal	1673356802906	1673356803799	OK	 
USER	Create  Scenario	START	1673356803807
USER	Create  Scenario	START	1673356803827
REQUEST		Edit Proposal	1673356802926	1673356803829	OK	 
USER	Create  Scenario	START	1673356803847
REQUEST		Edit Proposal	1673356802946	1673356803867	OK	 
USER	Create  Scenario	START	1673356803867
REQUEST		Edit Proposal	1673356802967	1673356803884	OK	 
USER	Create  Scenario	START	1673356803885
REQUEST		Edit Proposal	1673356802986	1673356803887	OK	 
USER	Create  Scenario	START	1673356803906
REQUEST		Edit Proposal	1673356803006	1673356803909	OK	 
USER	Create  Scenario	START	1673356803926
REQUEST		Edit Proposal	1673356803047	1673356803931	OK	 
REQUEST		Edit Proposal	1673356803026	1673356803939	OK	 
USER	Create  Scenario	START	1673356803946
REQUEST		Edit Proposal	1673356803086	1673356803953	OK	 
REQUEST		Edit Proposal	1673356803066	1673356803953	OK	 
USER	Create  Scenario	START	1673356803966
USER	Create  Scenario	START	1673356803986
REQUEST		Edit Proposal	1673356803107	1673356804002	OK	 
USER	Create  Scenario	START	1673356804006
REQUEST		Edit Proposal	1673356803127	1673356804038	OK	 
REQUEST		Edit Proposal	1673356803146	1673356804057	OK	 
REQUEST		Edit Proposal	1673356803167	1673356804058	OK	 
USER	Create  Scenario	START	1673356804026
USER	Create  Scenario	START	1673356804046
USER	Create  Scenario	START	1673356804066
USER	Create  Scenario	START	1673356804086
REQUEST		Edit Proposal	1673356803186	1673356804089	OK	 
REQUEST		Edit Proposal	1673356803207	1673356804096	OK	 
USER	Create  Scenario	START	1673356804107
REQUEST		Edit Proposal	1673356803227	1673356804127	OK	 
USER	Create  Scenario	START	1673356804127
REQUEST		Edit Proposal	1673356803267	1673356804140	OK	 
REQUEST		Edit Proposal	1673356803247	1673356804147	OK	 
USER	Create  Scenario	START	1673356804147
USER	Create  Scenario	START	1673356804167
USER	Create  Scenario	START	1673356804187
REQUEST		Edit Proposal	1673356803287	1673356804187	OK	 
REQUEST		Edit Proposal	1673356803307	1673356804192	OK	 
USER	Create  Scenario	START	1673356804207
REQUEST		Edit Proposal	1673356803327	1673356804212	OK	 
USER	Create  Scenario	START	1673356804227
USER	Create  Scenario	START	1673356804247
REQUEST		Edit Proposal	1673356803347	1673356804256	OK	 
REQUEST		Edit Proposal	1673356803367	1673356804256	OK	 
USER	Create  Scenario	START	1673356804267
REQUEST		Edit Proposal	1673356803387	1673356804281	OK	 
USER	Create  Scenario	START	1673356804287
USER	Create  Scenario	START	1673356804307
REQUEST		Edit Proposal	1673356803407	1673356804311	OK	 
USER	Create  Scenario	START	1673356804327
REQUEST		Edit Proposal	1673356803447	1673356804333	OK	 
REQUEST		Edit Proposal	1673356803427	1673356804333	OK	 
USER	Create  Scenario	START	1673356804348
REQUEST		Edit Proposal	1673356803467	1673356804350	OK	 
USER	Create  Scenario	START	1673356804368
USER	Create  Scenario	START	1673356804388
REQUEST		Edit Proposal	1673356803487	1673356804403	OK	 
USER	Create  Scenario	START	1673356804408
REQUEST		Edit Proposal	1673356803507	1673356804414	OK	 
REQUEST		Edit Proposal	1673356803547	1673356804428	OK	 
REQUEST		Edit Proposal	1673356803528	1673356804428	OK	 
USER	Create  Scenario	START	1673356804428
USER	Create  Scenario	START	1673356804448
REQUEST		Edit Proposal	1673356803567	1673356804458	OK	 
USER	Create  Scenario	START	1673356804468
REQUEST		Edit Proposal	1673356803587	1673356804471	OK	 
USER	Create  Scenario	START	1673356804488
REQUEST		Edit Proposal	1673356803608	1673356804490	OK	 
USER	Create  Scenario	START	1673356804508
REQUEST		Edit Proposal	1673356803628	1673356804520	OK	 
USER	Create  Scenario	START	1673356804529
REQUEST		Edit Proposal	1673356803647	1673356804543	OK	 
USER	Create  Scenario	START	1673356804549
USER	Create  Scenario	START	1673356804569
REQUEST		Edit Proposal	1673356803668	1673356804580	OK	 
USER	Create  Scenario	START	1673356804589
REQUEST		Edit Proposal	1673356803688	1673356804591	OK	 
USER	Create  Scenario	START	1673356804609
REQUEST		Edit Proposal	1673356803708	1673356804614	OK	 
REQUEST		Edit Proposal	1673356803728	1673356804619	OK	 
USER	Create  Scenario	START	1673356804629
USER	Create  Scenario	START	1673356804649
REQUEST		Edit Proposal	1673356803748	1673356804654	OK	 
USER	Create  Scenario	START	1673356804669
REQUEST		Edit Proposal	1673356803768	1673356804677	OK	 
USER	Create  Scenario	START	1673356804689
REQUEST		Edit Proposal	1673356803808	1673356804701	OK	 
REQUEST		Edit Proposal	1673356803788	1673356804707	OK	 
USER	Create  Scenario	START	1673356804709
REQUEST		Edit Proposal	1673356803828	1673356804728	OK	 
USER	Create  Scenario	START	1673356804729
REQUEST		Edit Proposal	1673356803848	1673356804745	OK	 
USER	Create  Scenario	START	1673356804749
REQUEST		Edit Proposal	1673356803868	1673356804754	OK	 
USER	Create  Scenario	START	1673356804769
USER	Create  Scenario	START	1673356804790
REQUEST		Edit Proposal	1673356803906	1673356804794	OK	 
REQUEST		Edit Proposal	1673356803886	1673356804794	OK	 
USER	Create  Scenario	START	1673356804810
REQUEST		Edit Proposal	1673356803926	1673356804829	OK	 
REQUEST		Edit Proposal	1673356803946	1673356804829	OK	 
USER	Create  Scenario	START	1673356804830
USER	Create  Scenario	START	1673356804850
USER	Create  Scenario	START	1673356804870
USER	Create  Scenario	START	1673356804886
REQUEST		Edit Proposal	1673356803966	1673356804886	OK	 
REQUEST		Edit Proposal	1673356803987	1673356804897	OK	 
USER	Create  Scenario	START	1673356804906
REQUEST		Edit Proposal	1673356804007	1673356804924	OK	 
USER	Create  Scenario	START	1673356804926
USER	Create  Scenario	START	1673356804946
USER	Create  Scenario	START	1673356804966
USER	Create  Scenario	START	1673356804986
REQUEST		Edit Proposal	1673356804067	1673356804999	OK	 
REQUEST		Edit Proposal	1673356804087	1673356805004	OK	 
USER	Create  Scenario	START	1673356805006
REQUEST		Edit Proposal	1673356804107	1673356805012	OK	 
REQUEST		Edit Proposal	1673356804047	1673356805015	OK	 
REQUEST		Edit Proposal	1673356804127	1673356805017	OK	 
REQUEST		Edit Proposal	1673356804027	1673356805018	OK	 
USER	Create  Scenario	START	1673356805026
USER	Create  Scenario	START	1673356805046
REQUEST		Edit Proposal	1673356804147	1673356805055	OK	 
USER	Create  Scenario	START	1673356805066
USER	Create  Scenario	START	1673356805086
REQUEST		Edit Proposal	1673356804187	1673356805100	OK	 
REQUEST		Edit Proposal	1673356804167	1673356805102	OK	 
USER	Create  Scenario	START	1673356805106
REQUEST		Edit Proposal	1673356804207	1673356805118	OK	 
USER	Create  Scenario	START	1673356805126
REQUEST		Edit Proposal	1673356804228	1673356805141	OK	 
USER	Create  Scenario	START	1673356805146
USER	Create  Scenario	START	1673356805166
USER	Create  Scenario	START	1673356805186
REQUEST		Edit Proposal	1673356804248	1673356805189	OK	 
REQUEST		Edit Proposal	1673356804288	1673356805191	OK	 
USER	Create  Scenario	START	1673356805207
REQUEST		Edit Proposal	1673356804268	1673356805208	OK	 
REQUEST		Edit Proposal	1673356804308	1673356805218	OK	 
USER	Create  Scenario	START	1673356805227
USER	Create  Scenario	START	1673356805247
USER	Create  Scenario	START	1673356805267
REQUEST		Edit Proposal	1673356804348	1673356805275	OK	 
USER	Create  Scenario	START	1673356805287
REQUEST		Edit Proposal	1673356804368	1673356805288	OK	 
REQUEST		Edit Proposal	1673356804328	1673356805296	OK	 
REQUEST		Edit Proposal	1673356804409	1673356805300	OK	 
REQUEST		Edit Proposal	1673356804429	1673356805301	OK	 
USER	Create  Scenario	START	1673356805307
REQUEST		Edit Proposal	1673356804389	1673356805313	OK	 
USER	Create  Scenario	START	1673356805327
USER	Create  Scenario	START	1673356805347
REQUEST		Edit Proposal	1673356804448	1673356805358	OK	 
REQUEST		Edit Proposal	1673356804468	1673356805359	OK	 
USER	Create  Scenario	START	1673356805367
USER	Create  Scenario	START	1673356805387
REQUEST		Edit Proposal	1673356804489	1673356805387	OK	 
REQUEST		Edit Proposal	1673356804509	1673356805392	OK	 
USER	Create  Scenario	START	1673356805407
USER	Create  Scenario	START	1673356805427
USER	Create  Scenario	START	1673356805447
USER	Create  Scenario	START	1673356805467
REQUEST		Edit Proposal	1673356804549	1673356805476	OK	 
REQUEST		Edit Proposal	1673356804569	1673356805479	OK	 
USER	Create  Scenario	START	1673356805487
REQUEST		Edit Proposal	1673356804529	1673356805498	OK	 
REQUEST		Edit Proposal	1673356804609	1673356805501	OK	 
USER	Create  Scenario	START	1673356805507
USER	Create  Scenario	START	1673356805527
REQUEST		Edit Proposal	1673356804629	1673356805536	OK	 
REQUEST		Edit Proposal	1673356804589	1673356805547	OK	 
USER	Create  Scenario	START	1673356805547
REQUEST		Edit Proposal	1673356804649	1673356805552	OK	 
REQUEST		Edit Proposal	1673356804669	1673356805555	OK	 
USER	Create  Scenario	START	1673356805567
REQUEST		Edit Proposal	1673356804690	1673356805584	OK	 
USER	Create  Scenario	START	1673356805587
REQUEST		Edit Proposal	1673356804710	1673356805606	OK	 
USER	Create  Scenario	START	1673356805607
USER	Create  Scenario	START	1673356805627
REQUEST		Edit Proposal	1673356804729	1673356805633	OK	 
REQUEST		Edit Proposal	1673356804749	1673356805639	OK	 
REQUEST		Edit Proposal	1673356804770	1673356805646	OK	 
USER	Create  Scenario	START	1673356805647
USER	Create  Scenario	START	1673356805668
USER	Create  Scenario	START	1673356805688
REQUEST		Edit Proposal	1673356804810	1673356805689	OK	 
REQUEST		Edit Proposal	1673356804790	1673356805697	OK	 
USER	Create  Scenario	START	1673356805708
USER	Create  Scenario	START	1673356805728
REQUEST		Edit Proposal	1673356804830	1673356805731	OK	 
USER	Create  Scenario	START	1673356805748
REQUEST		Edit Proposal	1673356804851	1673356805757	OK	 
USER	Create  Scenario	START	1673356805768
USER	Create  Scenario	START	1673356805788
REQUEST		Edit Proposal	1673356804886	1673356805793	OK	 
USER	Create  Scenario	START	1673356805808
USER	Create  Scenario	END	1673356805822
USER	Create  Scenario	END	1673356805822
USER	Create  Scenario	END	1673356805824
USER	Create  Scenario	END	1673356805825
REQUEST		Edit Proposal	1673356804906	1673356805828	OK	 
REQUEST		Edit Proposal	1673356804870	1673356805828	OK	 
USER	Create  Scenario	START	1673356805828
REQUEST		Edit Proposal	1673356804927	1673356805835	OK	 
REQUEST		Edit Proposal	1673356804966	1673356805843	OK	 
REQUEST		Edit Proposal	1673356804946	1673356805846	OK	 
USER	Create  Scenario	START	1673356805848
USER	Create  Scenario	START	1673356805868
USER	Create  Scenario	END	1673356805882
USER	Create  Scenario	END	1673356805882
USER	Create  Scenario	START	1673356805886
REQUEST		Edit Proposal	1673356804986	1673356805898	OK	 
REQUEST		Edit Proposal	1673356805006	1673356805899	OK	 
USER	Create  Scenario	END	1673356805899
USER	Create  Scenario	END	1673356805902
USER	Create  Scenario	START	1673356805906
REQUEST		Edit Proposal	1673356805027	1673356805914	OK	 
USER	Create  Scenario	START	1673356805926
REQUEST		Edit Proposal	1673356805046	1673356805931	OK	 
USER	Create  Scenario	START	1673356805946
REQUEST		Edit Proposal	1673356805067	1673356805952	OK	 
USER	Create  Scenario	END	1673356805960
USER	Create  Scenario	START	1673356805966
USER	Create  Scenario	START	1673356805986
REQUEST		Edit Proposal	1673356805087	1673356806003	OK	 
USER	Create  Scenario	START	1673356806006
REQUEST		Edit Proposal	1673356805107	1673356806008	OK	 
REQUEST		Edit Proposal	1673356805127	1673356806011	OK	 
USER	Create  Scenario	END	1673356806020
USER	Create  Scenario	START	1673356806026
USER	Create  Scenario	END	1673356806035
USER	Create  Scenario	END	1673356806035
USER	Create  Scenario	START	1673356806046
REQUEST		Edit Proposal	1673356805147	1673356806053	OK	 
REQUEST		Edit Proposal	1673356805167	1673356806054	OK	 
USER	Create  Scenario	END	1673356806055
USER	Create  Scenario	END	1673356806056
USER	Create  Scenario	END	1673356806057
USER	Create  Scenario	START	1673356806066
USER	Create  Scenario	START	1673356806086
REQUEST		Edit Proposal	1673356805207	1673356806091	OK	 
REQUEST		Edit Proposal	1673356805187	1673356806096	OK	 
USER	Create  Scenario	START	1673356806106
USER	Create  Scenario	END	1673356806108
USER	Create  Scenario	END	1673356806109
USER	Create  Scenario	END	1673356806124
USER	Create  Scenario	START	1673356806127
USER	Create  Scenario	END	1673356806128
REQUEST		Edit Proposal	1673356805227	1673356806135	OK	 
REQUEST		Edit Proposal	1673356805247	1673356806139	OK	 
USER	Create  Scenario	START	1673356806147
USER	Create  Scenario	START	1673356806167
USER	Create  Scenario	END	1673356806178
REQUEST		Edit Proposal	1673356805267	1673356806184	OK	 
USER	Create  Scenario	START	1673356806187
USER	Create  Scenario	END	1673356806190
USER	Create  Scenario	END	1673356806191
REQUEST		Edit Proposal	1673356805307	1673356806193	OK	 
REQUEST		Edit Proposal	1673356805287	1673356806196	OK	 
USER	Create  Scenario	START	1673356806207
USER	Create  Scenario	END	1673356806213
USER	Create  Scenario	END	1673356806219
USER	Create  Scenario	START	1673356806227
REQUEST		Edit Proposal	1673356805327	1673356806228	OK	 
REQUEST		Edit Proposal	1673356805347	1673356806242	OK	 
USER	Create  Scenario	START	1673356806247
REQUEST		Edit Proposal	1673356805367	1673356806258	OK	 
USER	Create  Scenario	START	1673356806267
USER	Create  Scenario	START	1673356806287
REQUEST		Edit Proposal	1673356805387	1673356806295	OK	 
USER	Create  Scenario	END	1673356806300
REQUEST		Edit Proposal	1673356805407	1673356806303	OK	 
USER	Create  Scenario	START	1673356806307
USER	Create  Scenario	END	1673356806309
USER	Create  Scenario	END	1673356806309
USER	Create  Scenario	END	1673356806316
USER	Create  Scenario	END	1673356806326
USER	Create  Scenario	START	1673356806327
REQUEST		Edit Proposal	1673356805427	1673356806332	OK	 
USER	Create  Scenario	START	1673356806347
USER	Create  Scenario	END	1673356806362
REQUEST		Edit Proposal	1673356805448	1673356806367	OK	 
USER	Create  Scenario	START	1673356806367
REQUEST		Edit Proposal	1673356805488	1673356806381	OK	 
USER	Create  Scenario	END	1673356806383
REQUEST		Edit Proposal	1673356805468	1673356806387	OK	 
USER	Create  Scenario	START	1673356806387
REQUEST		Edit Proposal	1673356805508	1673356806396	OK	 
USER	Create  Scenario	END	1673356806399
USER	Create  Scenario	END	1673356806408
USER	Create  Scenario	START	1673356806407
REQUEST		Edit Proposal	1673356805527	1673356806420	OK	 
USER	Create  Scenario	START	1673356806427
USER	Create  Scenario	END	1673356806432
USER	Create  Scenario	END	1673356806445
USER	Create  Scenario	START	1673356806447
REQUEST		Edit Proposal	1673356805548	1673356806451	OK	 
REQUEST		Edit Proposal	1673356805568	1673356806452	OK	 
USER	Create  Scenario	START	1673356806467
REQUEST		Edit Proposal	1673356805588	1673356806484	OK	 
USER	Create  Scenario	END	1673356806485
USER	Create  Scenario	START	1673356806487
USER	Create  Scenario	END	1673356806493
USER	Create  Scenario	END	1673356806498
REQUEST		Edit Proposal	1673356805608	1673356806502	OK	 
USER	Create  Scenario	START	1673356806507
USER	Create  Scenario	START	1673356806527
REQUEST		Edit Proposal	1673356805628	1673356806528	OK	 
USER	Create  Scenario	END	1673356806539
USER	Create  Scenario	END	1673356806543
USER	Create  Scenario	START	1673356806547
REQUEST		Edit Proposal	1673356805648	1673356806555	OK	 
USER	Create  Scenario	START	1673356806567
USER	Create  Scenario	END	1673356806586
USER	Create  Scenario	START	1673356806587
REQUEST		Edit Proposal	1673356805668	1673356806601	OK	 
USER	Create  Scenario	START	1673356806607
USER	Create  Scenario	END	1673356806609
USER	Create  Scenario	END	1673356806610
REQUEST		Edit Proposal	1673356805708	1673356806621	OK	 
REQUEST		Edit Proposal	1673356805688	1673356806621	OK	 
USER	Create  Scenario	END	1673356806623
USER	Create  Scenario	START	1673356806627
REQUEST		Edit Proposal	1673356805728	1673356806630	OK	 
REQUEST		Edit Proposal	1673356805748	1673356806637	OK	 
USER	Create  Scenario	END	1673356806640
USER	Create  Scenario	START	1673356806647
REQUEST		Edit Proposal	1673356805768	1673356806652	OK	 
USER	Create  Scenario	END	1673356806659
USER	Create  Scenario	START	1673356806667
REQUEST		Edit Proposal	1673356805788	1673356806676	OK	 
USER	Create  Scenario	END	1673356806685
USER	Create  Scenario	START	1673356806687
USER	Create  Scenario	END	1673356806699
REQUEST		Edit Proposal	1673356805808	1673356806703	OK	 
USER	Create  Scenario	START	1673356806707
REQUEST		Edit Proposal	1673356805829	1673356806719	OK	 
USER	Create  Scenario	END	1673356806721
REQUEST		Edit Proposal	1673356805848	1673356806726	OK	 
USER	Create  Scenario	START	1673356806727
REQUEST		Edit Proposal	1673356805868	1673356806743	OK	 
USER	Create  Scenario	END	1673356806745
USER	Create  Scenario	START	1673356806747
USER	Create  Scenario	START	1673356806768
USER	Create  Scenario	END	1673356806770
USER	Create  Scenario	START	1673356806788
USER	Create  Scenario	END	1673356806790
REQUEST		Edit Proposal	1673356805886	1673356806792	OK	 
REQUEST		Edit Proposal	1673356805906	1673356806792	OK	 
USER	Create  Scenario	END	1673356806800
USER	Create  Scenario	START	1673356806808
REQUEST		Edit Proposal	1673356805926	1673356806813	OK	 
USER	Create  Scenario	START	1673356806828
USER	Create  Scenario	END	1673356806830
REQUEST		Edit Proposal	1673356805946	1673356806843	OK	 
USER	Create  Scenario	START	1673356806848
REQUEST		Edit Proposal	1673356805966	1673356806851	OK	 
USER	Create  Scenario	END	1673356806868
USER	Create  Scenario	START	1673356806868
USER	Create  Scenario	END	1673356806885
USER	Create  Scenario	START	1673356806886
USER	Create  Scenario	END	1673356806888
USER	Create  Scenario	START	1673356806906
USER	Create  Scenario	END	1673356806910
REQUEST		Edit Proposal	1673356805987	1673356806912	OK	 
REQUEST		Edit Proposal	1673356806007	1673356806913	OK	 
REQUEST		Edit Proposal	1673356806027	1673356806920	OK	 
REQUEST		Edit Proposal	1673356806047	1673356806921	OK	 
USER	Create  Scenario	START	1673356806926
USER	Create  Scenario	END	1673356806932
USER	Create  Scenario	END	1673356806940
USER	Create  Scenario	START	1673356806946
USER	Create  Scenario	END	1673356806954
USER	Create  Scenario	END	1673356806954
REQUEST		Edit Proposal	1673356806067	1673356806956	OK	 
USER	Create  Scenario	START	1673356806966
USER	Create  Scenario	START	1673356806986
REQUEST		Edit Proposal	1673356806107	1673356806998	OK	 
USER	Create  Scenario	END	1673356807003
USER	Create  Scenario	START	1673356807006
REQUEST		Edit Proposal	1673356806127	1673356807010	OK	 
REQUEST		Edit Proposal	1673356806087	1673356807010	OK	 
USER	Create  Scenario	START	1673356807026
USER	Create  Scenario	END	1673356807040
REQUEST		Edit Proposal	1673356806147	1673356807044	OK	 
USER	Create  Scenario	START	1673356807046
REQUEST		Edit Proposal	1673356806167	1673356807058	OK	 
USER	Create  Scenario	END	1673356807058
USER	Create  Scenario	END	1673356807059
REQUEST		Edit Proposal	1673356806187	1673356807066	OK	 
USER	Create  Scenario	START	1673356807066
USER	Create  Scenario	START	1673356807087
USER	Create  Scenario	END	1673356807090
USER	Create  Scenario	END	1673356807097
USER	Create  Scenario	START	1673356807106
REQUEST		Edit Proposal	1673356806207	1673356807111	OK	 
REQUEST		Edit Proposal	1673356806227	1673356807122	OK	 
USER	Create  Scenario	START	1673356807126
USER	Create  Scenario	END	1673356807128
USER	Create  Scenario	END	1673356807141
USER	Create  Scenario	START	1673356807146
USER	Create  Scenario	END	1673356807148
REQUEST		Edit Proposal	1673356806247	1673356807154	OK	 
USER	Create  Scenario	START	1673356807166
REQUEST		Edit Proposal	1673356806267	1673356807182	OK	 
REQUEST		Edit Proposal	1673356806287	1673356807185	OK	 
USER	Create  Scenario	START	1673356807186
USER	Create  Scenario	END	1673356807188
USER	Create  Scenario	END	1673356807193
REQUEST		Edit Proposal	1673356806307	1673356807201	OK	 
USER	Create  Scenario	START	1673356807206
USER	Create  Scenario	END	1673356807213
USER	Create  Scenario	START	1673356807226
REQUEST		Edit Proposal	1673356806327	1673356807227	OK	 
USER	Create  Scenario	START	1673356807246
USER	Create  Scenario	END	1673356807256
USER	Create  Scenario	END	1673356807257
USER	Create  Scenario	START	1673356807266
REQUEST		Edit Proposal	1673356806368	1673356807279	OK	 
USER	Create  Scenario	END	1673356807283
USER	Create  Scenario	START	1673356807286
REQUEST		Edit Proposal	1673356806347	1673356807289	OK	 
REQUEST		Edit Proposal	1673356806387	1673356807300	OK	 
REQUEST		Edit Proposal	1673356806407	1673356807301	OK	 
USER	Create  Scenario	START	1673356807306
USER	Create  Scenario	END	1673356807312
REQUEST		Edit Proposal	1673356806428	1673356807312	OK	 
REQUEST		Edit Proposal	1673356806447	1673356807325	OK	 
USER	Create  Scenario	START	1673356807326
USER	Create  Scenario	END	1673356807334
USER	Create  Scenario	END	1673356807334
USER	Create  Scenario	START	1673356807346
USER	Create  Scenario	END	1673356807351
REQUEST		Edit Proposal	1673356806468	1673356807356	OK	 
USER	Create  Scenario	START	1673356807366
USER	Create  Scenario	START	1673356807386
USER	Create  Scenario	END	1673356807405
USER	Create  Scenario	START	1673356807407
USER	Create  Scenario	END	1673356807415
REQUEST		Edit Proposal	1673356806508	1673356807426	OK	 
REQUEST		Edit Proposal	1673356806487	1673356807426	OK	 
USER	Create  Scenario	START	1673356807426
USER	Create  Scenario	END	1673356807429
USER	Create  Scenario	END	1673356807430
USER	Create  Scenario	START	1673356807446
USER	Create  Scenario	END	1673356807459
USER	Create  Scenario	START	1673356807466
USER	Create  Scenario	END	1673356807471
USER	Create  Scenario	START	1673356807486
USER	Create  Scenario	END	1673356807491
REQUEST		Edit Proposal	1673356806568	1673356807501	OK	 
USER	Create  Scenario	START	1673356807506
REQUEST		Edit Proposal	1673356806548	1673356807512	OK	 
REQUEST		Edit Proposal	1673356806528	1673356807516	OK	 
REQUEST		Edit Proposal	1673356806588	1673356807516	OK	 
USER	Create  Scenario	END	1673356807520
REQUEST		Edit Proposal	1673356806608	1673356807526	OK	 
USER	Create  Scenario	START	1673356807526
REQUEST		Edit Proposal	1673356806628	1673356807540	OK	 
USER	Create  Scenario	END	1673356807544
REQUEST		Edit Proposal	1673356806648	1673356807546	OK	 
USER	Create  Scenario	START	1673356807546
USER	Create  Scenario	START	1673356807567
REQUEST		Edit Proposal	1673356806688	1673356807572	OK	 
REQUEST		Edit Proposal	1673356806668	1673356807573	OK	 
USER	Create  Scenario	END	1673356807582
USER	Create  Scenario	START	1673356807587
USER	Create  Scenario	END	1673356807592
USER	Create  Scenario	START	1673356807607
USER	Create  Scenario	END	1673356807615
USER	Create  Scenario	END	1673356807620
REQUEST		Edit Proposal	1673356806708	1673356807621	OK	 
USER	Create  Scenario	START	1673356807626
REQUEST		Edit Proposal	1673356806748	1673356807634	OK	 
REQUEST		Edit Proposal	1673356806728	1673356807634	OK	 
USER	Create  Scenario	START	1673356807647
USER	Create  Scenario	END	1673356807656
USER	Create  Scenario	START	1673356807667
USER	Create  Scenario	END	1673356807679
REQUEST		Edit Proposal	1673356806768	1673356807682	OK	 
USER	Create  Scenario	START	1673356807687
REQUEST		Edit Proposal	1673356806788	1673356807693	OK	 
REQUEST		Edit Proposal	1673356806808	1673356807698	OK	 
USER	Create  Scenario	END	1673356807702
USER	Create  Scenario	START	1673356807707
USER	Create  Scenario	END	1673356807709
USER	Create  Scenario	START	1673356807727
USER	Create  Scenario	END	1673356807729
REQUEST		Edit Proposal	1673356806848	1673356807729	OK	 
REQUEST		Edit Proposal	1673356806828	1673356807731	OK	 
USER	Create  Scenario	END	1673356807746
USER	Create  Scenario	START	1673356807747
USER	Create  Scenario	END	1673356807755
REQUEST		Edit Proposal	1673356806886	1673356807757	OK	 
USER	Create  Scenario	START	1673356807767
USER	Create  Scenario	START	1673356807787
REQUEST		Edit Proposal	1673356806906	1673356807790	OK	 
REQUEST		Edit Proposal	1673356806868	1673356807793	OK	 
USER	Create  Scenario	END	1673356807795
USER	Create  Scenario	END	1673356807795
USER	Create  Scenario	START	1673356807807
REQUEST		Edit Proposal	1673356806926	1673356807807	OK	 
USER	Create  Scenario	START	1673356807827
USER	Create  Scenario	END	1673356807830
USER	Create  Scenario	END	1673356807830
REQUEST		Edit Proposal	1673356806946	1673356807846	OK	 
USER	Create  Scenario	START	1673356807847
REQUEST		Edit Proposal	1673356806966	1673356807850	OK	 
USER	Create  Scenario	START	1673356807867
REQUEST		Edit Proposal	1673356806986	1673356807879	OK	 
USER	Create  Scenario	START	1673356807885
USER	Create  Scenario	END	1673356807887
REQUEST		Edit Proposal	1673356807006	1673356807892	OK	 
USER	Create  Scenario	END	1673356807898
USER	Create  Scenario	START	1673356807906
USER	Create  Scenario	END	1673356807924
USER	Create  Scenario	START	1673356807925
REQUEST		Edit Proposal	1673356807026	1673356807929	OK	 
REQUEST		Edit Proposal	1673356807066	1673356807946	OK	 
REQUEST		Edit Proposal	1673356807046	1673356807946	OK	 
USER	Create  Scenario	START	1673356807946
USER	Create  Scenario	START	1673356807966
REQUEST		Edit Proposal	1673356807087	1673356807978	OK	 
USER	Create  Scenario	START	1673356807986
USER	Create  Scenario	END	1673356808000
REQUEST		Edit Proposal	1673356807106	1673356808001	OK	 
USER	Create  Scenario	END	1673356808005
USER	Create  Scenario	START	1673356808006
USER	Create  Scenario	END	1673356808013
USER	Create  Scenario	END	1673356808016
USER	Create  Scenario	END	1673356808018
USER	Create  Scenario	END	1673356808018
REQUEST		Edit Proposal	1673356807126	1673356808022	OK	 
USER	Create  Scenario	START	1673356808026
REQUEST		Edit Proposal	1673356807146	1673356808045	OK	 
USER	Create  Scenario	START	1673356808046
REQUEST		Edit Proposal	1673356807166	1673356808053	OK	 
USER	Create  Scenario	END	1673356808056
USER	Create  Scenario	START	1673356808066
USER	Create  Scenario	START	1673356808086
REQUEST		Edit Proposal	1673356807186	1673356808097	OK	 
USER	Create  Scenario	END	1673356808101
USER	Create  Scenario	END	1673356808102
USER	Create  Scenario	START	1673356808106
REQUEST		Edit Proposal	1673356807206	1673356808108	OK	 
USER	Create  Scenario	END	1673356808119
REQUEST		Edit Proposal	1673356807226	1673356808121	OK	 
USER	Create  Scenario	START	1673356808126
REQUEST		Edit Proposal	1673356807266	1673356808140	OK	 
REQUEST		Edit Proposal	1673356807247	1673356808140	OK	 
USER	Create  Scenario	END	1673356808142
USER	Create  Scenario	START	1673356808146
USER	Create  Scenario	START	1673356808166
REQUEST		Edit Proposal	1673356807286	1673356808170	OK	 
USER	Create  Scenario	START	1673356808186
USER	Create  Scenario	END	1673356808190
USER	Create  Scenario	END	1673356808191
REQUEST		Edit Proposal	1673356807306	1673356808202	OK	 
USER	Create  Scenario	START	1673356808206
REQUEST		Edit Proposal	1673356807326	1673356808208	OK	 
USER	Create  Scenario	END	1673356808209
USER	Create  Scenario	END	1673356808219
USER	Create  Scenario	START	1673356808226
REQUEST		Edit Proposal	1673356807347	1673356808227	OK	 
USER	Create  Scenario	START	1673356808246
REQUEST		Edit Proposal	1673356807367	1673356808255	OK	 
REQUEST		Edit Proposal	1673356807387	1673356808255	OK	 
USER	Create  Scenario	START	1673356808266
USER	Create  Scenario	END	1673356808276
USER	Create  Scenario	START	1673356808286
USER	Create  Scenario	END	1673356808289
USER	Create  Scenario	END	1673356808297
USER	Create  Scenario	END	1673356808301
REQUEST		Edit Proposal	1673356807427	1673356808301	OK	 
USER	Create  Scenario	END	1673356808302
USER	Create  Scenario	START	1673356808306
REQUEST		Edit Proposal	1673356807408	1673356808308	OK	 
USER	Create  Scenario	END	1673356808314
REQUEST		Edit Proposal	1673356807447	1673356808326	OK	 
USER	Create  Scenario	START	1673356808326
USER	Create  Scenario	START	1673356808346
REQUEST		Edit Proposal	1673356807467	1673356808348	OK	 
USER	Create  Scenario	END	1673356808359
USER	Create  Scenario	END	1673356808360
REQUEST		Edit Proposal	1673356807487	1673356808362	OK	 
USER	Create  Scenario	START	1673356808366
USER	Create  Scenario	START	1673356808386
USER	Create  Scenario	END	1673356808388
USER	Create  Scenario	END	1673356808392
REQUEST		Edit Proposal	1673356807507	1673356808403	OK	 
USER	Create  Scenario	START	1673356808406
REQUEST		Edit Proposal	1673356807527	1673356808413	OK	 
USER	Create  Scenario	START	1673356808426
REQUEST		Edit Proposal	1673356807547	1673356808445	OK	 
USER	Create  Scenario	START	1673356808447
USER	Create  Scenario	START	1673356808466
REQUEST		Edit Proposal	1673356807569	1673356808472	OK	 
USER	Create  Scenario	END	1673356808476
USER	Create  Scenario	END	1673356808479
REQUEST		Edit Proposal	1673356807587	1673356808488	OK	 
USER	Create  Scenario	START	1673356808487
REQUEST		Edit Proposal	1673356807607	1673356808494	OK	 
USER	Create  Scenario	END	1673356808499
USER	Create  Scenario	END	1673356808502
USER	Create  Scenario	START	1673356808506
USER	Create  Scenario	START	1673356808526
USER	Create  Scenario	END	1673356808537
REQUEST		Edit Proposal	1673356807627	1673356808538	OK	 
USER	Create  Scenario	START	1673356808546
USER	Create  Scenario	END	1673356808548
REQUEST		Edit Proposal	1673356807647	1673356808551	OK	 
USER	Create  Scenario	END	1673356808553
USER	Create  Scenario	END	1673356808556
REQUEST		Edit Proposal	1673356807667	1673356808566	OK	 
USER	Create  Scenario	START	1673356808566
USER	Create  Scenario	END	1673356808585
REQUEST		Edit Proposal	1673356807687	1673356808586	OK	 
USER	Create  Scenario	START	1673356808586
REQUEST		Edit Proposal	1673356807707	1673356808602	OK	 
USER	Create  Scenario	START	1673356808606
USER	Create  Scenario	END	1673356808607
REQUEST		Edit Proposal	1673356807727	1673356808621	OK	 
USER	Create  Scenario	START	1673356808626
USER	Create  Scenario	END	1673356808634
USER	Create  Scenario	END	1673356808639
REQUEST		Edit Proposal	1673356807747	1673356808643	OK	 
USER	Create  Scenario	END	1673356808647
USER	Create  Scenario	START	1673356808646
REQUEST		Edit Proposal	1673356807767	1673356808651	OK	 
USER	Create  Scenario	START	1673356808666
USER	Create  Scenario	START	1673356808686
USER	Create  Scenario	END	1673356808690
USER	Create  Scenario	END	1673356808698
REQUEST		Edit Proposal	1673356807787	1673356808706	OK	 
USER	Create  Scenario	START	1673356808706
REQUEST		Edit Proposal	1673356807807	1673356808712	OK	 
REQUEST		Edit Proposal	1673356807827	1673356808721	OK	 
USER	Create  Scenario	START	1673356808726
USER	Create  Scenario	END	1673356808732
USER	Create  Scenario	START	1673356808746
REQUEST		Edit Proposal	1673356807867	1673356808756	OK	 
REQUEST		Edit Proposal	1673356807886	1673356808756	OK	 
USER	Create  Scenario	END	1673356808759
USER	Create  Scenario	START	1673356808766
REQUEST		Edit Proposal	1673356807847	1673356808776	OK	 
REQUEST		Edit Proposal	1673356807906	1673356808786	OK	 
USER	Create  Scenario	START	1673356808787
USER	Create  Scenario	END	1673356808794
USER	Create  Scenario	START	1673356808806
USER	Create  Scenario	START	1673356808826
USER	Create  Scenario	END	1673356808828
USER	Create  Scenario	END	1673356808829
USER	Create  Scenario	END	1673356808837
REQUEST		Edit Proposal	1673356807926	1673356808842	OK	 
USER	Create  Scenario	END	1673356808844
USER	Create  Scenario	START	1673356808846
USER	Create  Scenario	END	1673356808847
REQUEST		Edit Proposal	1673356807966	1673356808851	OK	 
REQUEST		Edit Proposal	1673356807946	1673356808861	OK	 
USER	Create  Scenario	START	1673356808866
REQUEST		Edit Proposal	1673356807986	1673356808882	OK	 
USER	Create  Scenario	START	1673356808886
REQUEST		Edit Proposal	1673356808007	1673356808887	OK	 
USER	Create  Scenario	END	1673356808899
USER	Create  Scenario	END	1673356808899
USER	Create  Scenario	START	1673356808906
USER	Create  Scenario	END	1673356808914
REQUEST		Edit Proposal	1673356808026	1673356808921	OK	 
USER	Create  Scenario	START	1673356808925
USER	Create  Scenario	END	1673356808931
REQUEST		Edit Proposal	1673356808046	1673356808941	OK	 
USER	Create  Scenario	START	1673356808945
USER	Create  Scenario	END	1673356808954
REQUEST		Edit Proposal	1673356808066	1673356808961	OK	 
USER	Create  Scenario	START	1673356808965
REQUEST		Edit Proposal	1673356808086	1673356808985	OK	 
USER	Create  Scenario	START	1673356808985
REQUEST		Edit Proposal	1673356808106	1673356808995	OK	 
USER	Create  Scenario	END	1673356809004
USER	Create  Scenario	START	1673356809005
USER	Create  Scenario	END	1673356809009
USER	Create  Scenario	END	1673356809012
REQUEST		Edit Proposal	1673356808126	1673356809019	OK	 
USER	Create  Scenario	START	1673356809025
REQUEST		Edit Proposal	1673356808146	1673356809026	OK	 
USER	Create  Scenario	START	1673356809045
REQUEST		Edit Proposal	1673356808167	1673356809049	OK	 
USER	Create  Scenario	END	1673356809054
USER	Create  Scenario	END	1673356809054
USER	Create  Scenario	START	1673356809065
USER	Create  Scenario	START	1673356809085
USER	Create  Scenario	END	1673356809091
USER	Create  Scenario	END	1673356809097
REQUEST		Edit Proposal	1673356808186	1673356809102	OK	 
USER	Create  Scenario	START	1673356809105
REQUEST		Edit Proposal	1673356808206	1673356809108	OK	 
REQUEST		Edit Proposal	1673356808226	1673356809113	OK	 
USER	Create  Scenario	START	1673356809126
REQUEST		Edit Proposal	1673356808246	1673356809135	OK	 
USER	Create  Scenario	END	1673356809136
USER	Create  Scenario	END	1673356809140
REQUEST		Edit Proposal	1673356808266	1673356809140	OK	 
USER	Create  Scenario	START	1673356809146
USER	Create  Scenario	START	1673356809166
USER	Create  Scenario	END	1673356809185
USER	Create  Scenario	START	1673356809186
REQUEST		Edit Proposal	1673356808286	1673356809193	OK	 
USER	Create  Scenario	END	1673356809194
USER	Create  Scenario	END	1673356809198
REQUEST		Edit Proposal	1673356808306	1673356809198	OK	 
REQUEST		Edit Proposal	1673356808327	1673356809202	OK	 
USER	Create  Scenario	START	1673356809206
USER	Create  Scenario	START	1673356809226
USER	Create  Scenario	END	1673356809229
REQUEST		Edit Proposal	1673356808346	1673356809238	OK	 
USER	Create  Scenario	END	1673356809243
USER	Create  Scenario	START	1673356809246
REQUEST		Edit Proposal	1673356808367	1673356809246	OK	 
USER	Create  Scenario	END	1673356809259
USER	Create  Scenario	START	1673356809266
REQUEST		Edit Proposal	1673356808386	1673356809282	OK	 
USER	Create  Scenario	START	1673356809286
USER	Create  Scenario	END	1673356809297
REQUEST		Edit Proposal	1673356808406	1673356809302	OK	 
USER	Create  Scenario	END	1673356809304
USER	Create  Scenario	START	1673356809306
REQUEST		Edit Proposal	1673356808426	1673356809313	OK	 
USER	Create  Scenario	START	1673356809326
USER	Create  Scenario	END	1673356809333
REQUEST		Edit Proposal	1673356808447	1673356809346	OK	 
USER	Create  Scenario	START	1673356809346
REQUEST		Edit Proposal	1673356808466	1673356809350	OK	 
USER	Create  Scenario	START	1673356809366
USER	Create  Scenario	END	1673356809368
USER	Create  Scenario	END	1673356809382
USER	Create  Scenario	START	1673356809386
USER	Create  Scenario	END	1673356809388
REQUEST		Edit Proposal	1673356808487	1673356809396	OK	 
REQUEST		Edit Proposal	1673356808506	1673356809396	OK	 
USER	Create  Scenario	END	1673356809397
REQUEST		Edit Proposal	1673356808526	1673356809401	OK	 
USER	Create  Scenario	START	1673356809407
USER	Create  Scenario	END	1673356809421
USER	Create  Scenario	START	1673356809426
REQUEST		Edit Proposal	1673356808546	1673356809443	OK	 
USER	Create  Scenario	START	1673356809446
USER	Create  Scenario	END	1673356809451
REQUEST		Edit Proposal	1673356808566	1673356809451	OK	 
USER	Create  Scenario	END	1673356809453
USER	Create  Scenario	START	1673356809466
REQUEST		Edit Proposal	1673356808586	1673356809471	OK	 
USER	Create  Scenario	END	1673356809485
USER	Create  Scenario	START	1673356809486
REQUEST		Edit Proposal	1673356808606	1673356809498	OK	 
USER	Create  Scenario	END	1673356809502
REQUEST		Edit Proposal	1673356808626	1673356809506	OK	 
USER	Create  Scenario	START	1673356809506
USER	Create  Scenario	START	1673356809526
USER	Create  Scenario	END	1673356809529
USER	Create  Scenario	START	1673356809546
REQUEST		Edit Proposal	1673356808666	1673356809554	OK	 
REQUEST		Edit Proposal	1673356808647	1673356809555	OK	 
USER	Create  Scenario	END	1673356809556
USER	Create  Scenario	START	1673356809566
USER	Create  Scenario	START	1673356809586
REQUEST		Edit Proposal	1673356808706	1673356809596	OK	 
REQUEST		Edit Proposal	1673356808686	1673356809596	OK	 
USER	Create  Scenario	END	1673356809601
USER	Create  Scenario	START	1673356809606
REQUEST		Edit Proposal	1673356808726	1673356809617	OK	 
USER	Create  Scenario	END	1673356809622
USER	Create  Scenario	END	1673356809622
USER	Create  Scenario	START	1673356809626
USER	Create  Scenario	END	1673356809631
REQUEST		Edit Proposal	1673356808746	1673356809633	OK	 
USER	Create  Scenario	END	1673356809638
USER	Create  Scenario	START	1673356809646
USER	Create  Scenario	END	1673356809653
USER	Create  Scenario	START	1673356809666
USER	Create  Scenario	END	1673356809677
USER	Create  Scenario	START	1673356809686
REQUEST		Edit Proposal	1673356808767	1673356809697	OK	 
USER	Create  Scenario	END	1673356809704
USER	Create  Scenario	START	1673356809706
REQUEST		Edit Proposal	1673356808788	1673356809711	OK	 
REQUEST		Edit Proposal	1673356808806	1673356809712	OK	 
USER	Create  Scenario	END	1673356809720
USER	Create  Scenario	END	1673356809727
USER	Create  Scenario	START	1673356809726
REQUEST		Edit Proposal	1673356808826	1673356809728	OK	 
USER	Create  Scenario	END	1673356809744
USER	Create  Scenario	START	1673356809746
REQUEST		Edit Proposal	1673356808846	1673356809759	OK	 
USER	Create  Scenario	START	1673356809766
REQUEST		Edit Proposal	1673356808866	1673356809767	OK	 
USER	Create  Scenario	START	1673356809786
USER	Create  Scenario	END	1673356809793
USER	Create  Scenario	END	1673356809793
REQUEST		Edit Proposal	1673356808886	1673356809795	OK	 
REQUEST		Edit Proposal	1673356808907	1673356809798	OK	 
USER	Create  Scenario	START	1673356809806
USER	Create  Scenario	END	1673356809814
REQUEST		Edit Proposal	1673356808926	1673356809822	OK	 
USER	Create  Scenario	START	1673356809826
REQUEST		Edit Proposal	1673356808946	1673356809837	OK	 
USER	Create  Scenario	END	1673356809844
USER	Create  Scenario	START	1673356809846
USER	Create  Scenario	END	1673356809852
USER	Create  Scenario	START	1673356809866
REQUEST		Edit Proposal	1673356808966	1673356809879	OK	 
USER	Create  Scenario	START	1673356809886
REQUEST		Edit Proposal	1673356808986	1673356809892	OK	 
REQUEST		Edit Proposal	1673356809006	1673356809898	OK	 
USER	Create  Scenario	START	1673356809906
USER	Create  Scenario	END	1673356809913
USER	Create  Scenario	END	1673356809914
USER	Create  Scenario	END	1673356809921
USER	Create  Scenario	END	1673356809922
USER	Create  Scenario	START	1673356809926
REQUEST		Edit Proposal	1673356809026	1673356809944	OK	 
USER	Create  Scenario	START	1673356809946
REQUEST		Edit Proposal	1673356809046	1673356809948	OK	 
USER	Create  Scenario	END	1673356809957
USER	Create  Scenario	START	1673356809966
REQUEST		Edit Proposal	1673356809066	1673356809969	OK	 
USER	Create  Scenario	START	1673356809986
REQUEST		Edit Proposal	1673356809086	1673356809995	OK	 
REQUEST		Edit Proposal	1673356809106	1673356809997	OK	 
USER	Create  Scenario	END	1673356809998
REQUEST		Edit Proposal	1673356809126	1673356810001	OK	 
USER	Create  Scenario	START	1673356810006
USER	Create  Scenario	END	1673356810011
USER	Create  Scenario	END	1673356810011
USER	Create  Scenario	START	1673356810026
REQUEST		Edit Proposal	1673356809146	1673356810033	OK	 
REQUEST		Edit Proposal	1673356809166	1673356810037	OK	 
USER	Create  Scenario	END	1673356810045
USER	Create  Scenario	START	1673356810046
REQUEST		Edit Proposal	1673356809186	1673356810057	OK	 
USER	Create  Scenario	END	1673356810059
USER	Create  Scenario	START	1673356810066
USER	Create  Scenario	END	1673356810067
USER	Create  Scenario	START	1673356810086
USER	Create  Scenario	START	1673356810106
REQUEST		Edit Proposal	1673356809206	1673356810109	OK	 
USER	Create  Scenario	END	1673356810112
REQUEST		Edit Proposal	1673356809246	1673356810123	OK	 
USER	Create  Scenario	END	1673356810123
REQUEST		Edit Proposal	1673356809226	1673356810126	OK	 
USER	Create  Scenario	START	1673356810126
USER	Create  Scenario	START	1673356810146
USER	Create  Scenario	END	1673356810155
REQUEST		Edit Proposal	1673356809266	1673356810158	OK	 
REQUEST		Edit Proposal	1673356809286	1673356810162	OK	 
USER	Create  Scenario	START	1673356810166
USER	Create  Scenario	END	1673356810183
USER	Create  Scenario	END	1673356810186
USER	Create  Scenario	START	1673356810186
USER	Create  Scenario	END	1673356810202
USER	Create  Scenario	START	1673356810206
REQUEST		Edit Proposal	1673356809306	1673356810210	OK	 
USER	Create  Scenario	START	1673356810226
USER	Create  Scenario	END	1673356810228
USER	Create  Scenario	START	1673356810246
REQUEST		Edit Proposal	1673356809346	1673356810255	OK	 
REQUEST		Edit Proposal	1673356809326	1673356810257	OK	 
REQUEST		Edit Proposal	1673356809366	1673356810260	OK	 
USER	Create  Scenario	START	1673356810266
USER	Create  Scenario	END	1673356810280
USER	Create  Scenario	START	1673356810286
USER	Create  Scenario	END	1673356810290
REQUEST		Edit Proposal	1673356809386	1673356810300	OK	 
USER	Create  Scenario	END	1673356810301
USER	Create  Scenario	END	1673356810301
REQUEST		Edit Proposal	1673356809407	1673356810301	OK	 
REQUEST		Edit Proposal	1673356809426	1673356810302	OK	 
USER	Create  Scenario	START	1673356810306
USER	Create  Scenario	END	1673356810313
USER	Create  Scenario	END	1673356810326
USER	Create  Scenario	START	1673356810326
REQUEST		Edit Proposal	1673356809446	1673356810333	OK	 
USER	Create  Scenario	START	1673356810346
USER	Create  Scenario	END	1673356810356
USER	Create  Scenario	START	1673356810366
REQUEST		Edit Proposal	1673356809466	1673356810369	OK	 
USER	Create  Scenario	START	1673356810386
REQUEST		Edit Proposal	1673356809487	1673356810390	OK	 
USER	Create  Scenario	START	1673356810406
REQUEST		Edit Proposal	1673356809526	1673356810410	OK	 
REQUEST		Edit Proposal	1673356809506	1673356810417	OK	 
USER	Create  Scenario	END	1673356810427
USER	Create  Scenario	END	1673356810427
USER	Create  Scenario	START	1673356810426
USER	Create  Scenario	START	1673356810446
REQUEST		Edit Proposal	1673356809546	1673356810447	OK	 
REQUEST		Edit Proposal	1673356809566	1673356810454	OK	 
USER	Create  Scenario	START	1673356810466
USER	Create  Scenario	START	1673356810486
REQUEST		Edit Proposal	1673356809586	1673356810488	OK	 
REQUEST		Edit Proposal	1673356809606	1673356810493	OK	 
USER	Create  Scenario	END	1673356810502
USER	Create  Scenario	START	1673356810506
USER	Create  Scenario	END	1673356810514
USER	Create  Scenario	END	1673356810516
USER	Create  Scenario	END	1673356810517
USER	Create  Scenario	END	1673356810526
USER	Create  Scenario	START	1673356810526
REQUEST		Edit Proposal	1673356809626	1673356810529	OK	 
REQUEST		Edit Proposal	1673356809646	1673356810534	OK	 
USER	Create  Scenario	END	1673356810541
USER	Create  Scenario	START	1673356810546
USER	Create  Scenario	END	1673356810547
USER	Create  Scenario	START	1673356810566
USER	Create  Scenario	END	1673356810573
USER	Create  Scenario	END	1673356810574
REQUEST		Edit Proposal	1673356809667	1673356810578	OK	 
USER	Create  Scenario	START	1673356810586
REQUEST		Edit Proposal	1673356809686	1673356810587	OK	 
REQUEST		Edit Proposal	1673356809706	1673356810597	OK	 
REQUEST		Edit Proposal	1673356809727	1673356810603	OK	 
USER	Create  Scenario	START	1673356810606
USER	Create  Scenario	END	1673356810622
USER	Create  Scenario	START	1673356810626
REQUEST		Edit Proposal	1673356809747	1673356810634	OK	 
USER	Create  Scenario	END	1673356810634
USER	Create  Scenario	END	1673356810635
USER	Create  Scenario	START	1673356810646
REQUEST		Edit Proposal	1673356809766	1673356810662	OK	 
USER	Create  Scenario	START	1673356810666
USER	Create  Scenario	END	1673356810683
REQUEST		Edit Proposal	1673356809787	1673356810683	OK	 
USER	Create  Scenario	START	1673356810686
USER	Create  Scenario	END	1673356810693
REQUEST		Edit Proposal	1673356809806	1673356810697	OK	 
USER	Create  Scenario	END	1673356810699
USER	Create  Scenario	START	1673356810706
REQUEST		Edit Proposal	1673356809826	1673356810710	OK	 
USER	Create  Scenario	START	1673356810726
USER	Create  Scenario	END	1673356810730
USER	Create  Scenario	END	1673356810732
USER	Create  Scenario	START	1673356810746
REQUEST		Edit Proposal	1673356809846	1673356810751	OK	 
REQUEST		Edit Proposal	1673356809867	1673356810751	OK	 
USER	Create  Scenario	END	1673356810758
USER	Create  Scenario	START	1673356810766
USER	Create  Scenario	START	1673356810786
USER	Create  Scenario	END	1673356810791
USER	Create  Scenario	END	1673356810794
USER	Create  Scenario	START	1673356810806
REQUEST		Edit Proposal	1673356809886	1673356810807	OK	 
USER	Create  Scenario	END	1673356810808
REQUEST		Edit Proposal	1673356809906	1673356810810	OK	 
USER	Create  Scenario	START	1673356810826
REQUEST		Edit Proposal	1673356809926	1673356810831	OK	 
REQUEST		Edit Proposal	1673356809946	1673356810844	OK	 
USER	Create  Scenario	START	1673356810846
USER	Create  Scenario	END	1673356810847
USER	Create  Scenario	END	1673356810851
REQUEST		Edit Proposal	1673356809966	1673356810856	OK	 
USER	Create  Scenario	START	1673356810866
REQUEST		Edit Proposal	1673356809986	1673356810877	OK	 
USER	Create  Scenario	END	1673356810880
USER	Create  Scenario	START	1673356810886
REQUEST		Edit Proposal	1673356810006	1673356810891	OK	 
USER	Create  Scenario	END	1673356810893
USER	Create  Scenario	START	1673356810906
REQUEST		Edit Proposal	1673356810026	1673356810918	OK	 
USER	Create  Scenario	START	1673356810926
USER	Create  Scenario	END	1673356810930
REQUEST		Edit Proposal	1673356810046	1673356810934	OK	 
REQUEST		Edit Proposal	1673356810066	1673356810944	OK	 
USER	Create  Scenario	END	1673356810946
USER	Create  Scenario	END	1673356810947
USER	Create  Scenario	START	1673356810946
REQUEST		Edit Proposal	1673356810086	1673356810967	OK	 
USER	Create  Scenario	START	1673356810966
USER	Create  Scenario	END	1673356810980
USER	Create  Scenario	START	1673356810986
REQUEST		Edit Proposal	1673356810106	1673356811001	OK	 
USER	Create  Scenario	END	1673356811002
USER	Create  Scenario	START	1673356811006
REQUEST		Edit Proposal	1673356810126	1673356811020	OK	 
USER	Create  Scenario	END	1673356811023
USER	Create  Scenario	START	1673356811026
USER	Create  Scenario	END	1673356811046
USER	Create  Scenario	START	1673356811046
REQUEST		Edit Proposal	1673356810166	1673356811049	OK	 
USER	Create  Scenario	END	1673356811053
USER	Create  Scenario	START	1673356811066
REQUEST		Edit Proposal	1673356810146	1673356811077	OK	 
USER	Create  Scenario	START	1673356811086
USER	Create  Scenario	END	1673356811098
REQUEST		Edit Proposal	1673356810186	1673356811103	OK	 
REQUEST		Edit Proposal	1673356810206	1673356811105	OK	 
USER	Create  Scenario	START	1673356811106
USER	Create  Scenario	END	1673356811108
REQUEST		Edit Proposal	1673356810226	1673356811120	OK	 
USER	Create  Scenario	END	1673356811122
USER	Create  Scenario	START	1673356811126
USER	Create  Scenario	END	1673356811141
USER	Create  Scenario	END	1673356811141
USER	Create  Scenario	START	1673356811146
REQUEST		Edit Proposal	1673356810246	1673356811157	OK	 
REQUEST		Edit Proposal	1673356810266	1673356811158	OK	 
USER	Create  Scenario	START	1673356811166
USER	Create  Scenario	END	1673356811171
USER	Create  Scenario	START	1673356811186
USER	Create  Scenario	END	1673356811202
REQUEST		Edit Proposal	1673356810286	1673356811206	OK	 
USER	Create  Scenario	START	1673356811206
USER	Create  Scenario	END	1673356811208
REQUEST		Edit Proposal	1673356810306	1673356811211	OK	 
REQUEST		Edit Proposal	1673356810326	1673356811223	OK	 
USER	Create  Scenario	START	1673356811226
USER	Create  Scenario	END	1673356811227
USER	Create  Scenario	START	1673356811246
USER	Create  Scenario	END	1673356811256
USER	Create  Scenario	END	1673356811256
USER	Create  Scenario	START	1673356811266
REQUEST		Edit Proposal	1673356810346	1673356811278	OK	 
REQUEST		Edit Proposal	1673356810366	1673356811282	OK	 
REQUEST		Edit Proposal	1673356810386	1673356811284	OK	 
USER	Create  Scenario	START	1673356811286
USER	Create  Scenario	END	1673356811302
USER	Create  Scenario	START	1673356811306
USER	Create  Scenario	END	1673356811309
REQUEST		Edit Proposal	1673356810406	1673356811325	OK	 
USER	Create  Scenario	END	1673356811326
USER	Create  Scenario	START	1673356811326
REQUEST		Edit Proposal	1673356810426	1673356811330	OK	 
USER	Create  Scenario	START	1673356811346
USER	Create  Scenario	END	1673356811348
USER	Create  Scenario	END	1673356811362
USER	Create  Scenario	START	1673356811366
REQUEST		Edit Proposal	1673356810466	1673356811384	OK	 
REQUEST		Edit Proposal	1673356810447	1673356811386	OK	 
USER	Create  Scenario	START	1673356811387
USER	Create  Scenario	END	1673356811403
REQUEST		Edit Proposal	1673356810527	1673356811405	OK	 
USER	Create  Scenario	START	1673356811406
USER	Create  Scenario	END	1673356811413
REQUEST		Edit Proposal	1673356810506	1673356811415	OK	 
REQUEST		Edit Proposal	1673356810487	1673356811416	OK	 
USER	Create  Scenario	START	1673356811427
REQUEST		Edit Proposal	1673356810546	1673356811441	OK	 
USER	Create  Scenario	END	1673356811446
USER	Create  Scenario	START	1673356811446
USER	Create  Scenario	START	1673356811466
USER	Create  Scenario	END	1673356811473
REQUEST		Edit Proposal	1673356810586	1673356811482	OK	 
USER	Create  Scenario	START	1673356811486
REQUEST		Edit Proposal	1673356810567	1673356811487	OK	 
USER	Create  Scenario	END	1673356811488
REQUEST		Edit Proposal	1673356810606	1673356811491	OK	 
USER	Create  Scenario	END	1673356811495
USER	Create  Scenario	START	1673356811506
REQUEST		Edit Proposal	1673356810627	1673356811520	OK	 
USER	Create  Scenario	START	1673356811526
REQUEST		Edit Proposal	1673356810646	1673356811531	OK	 
USER	Create  Scenario	END	1673356811539
REQUEST		Edit Proposal	1673356810667	1673356811545	OK	 
USER	Create  Scenario	START	1673356811546
USER	Create  Scenario	END	1673356811552
USER	Create  Scenario	END	1673356811566
USER	Create  Scenario	START	1673356811567
USER	Create  Scenario	END	1673356811587
REQUEST		Edit Proposal	1673356810686	1673356811587	OK	 
USER	Create  Scenario	START	1673356811586
USER	Create  Scenario	END	1673356811603
REQUEST		Edit Proposal	1673356810707	1673356811605	OK	 
USER	Create  Scenario	START	1673356811606
REQUEST		Edit Proposal	1673356810727	1673356811613	OK	 
USER	Create  Scenario	END	1673356811621
USER	Create  Scenario	START	1673356811626
USER	Create  Scenario	END	1673356811645
USER	Create  Scenario	START	1673356811646
USER	Create  Scenario	END	1673356811651
REQUEST		Edit Proposal	1673356810767	1673356811657	OK	 
USER	Create  Scenario	START	1673356811666
REQUEST		Edit Proposal	1673356810747	1673356811686	OK	 
USER	Create  Scenario	START	1673356811686
REQUEST		Edit Proposal	1673356810787	1673356811688	OK	 
REQUEST		Edit Proposal	1673356810807	1673356811691	OK	 
USER	Create  Scenario	END	1673356811707
USER	Create  Scenario	START	1673356811706
USER	Create  Scenario	END	1673356811713
USER	Create  Scenario	END	1673356811722
USER	Create  Scenario	START	1673356811726
REQUEST		Edit Proposal	1673356810827	1673356811731	OK	 
REQUEST		Edit Proposal	1673356810847	1673356811736	OK	 
USER	Create  Scenario	START	1673356811746
USER	Create  Scenario	END	1673356811757
USER	Create  Scenario	END	1673356811757
USER	Create  Scenario	START	1673356811766
USER	Create  Scenario	END	1673356811777
REQUEST		Edit Proposal	1673356810867	1673356811784	OK	 
USER	Create  Scenario	END	1673356811786
USER	Create  Scenario	START	1673356811786
REQUEST		Edit Proposal	1673356810886	1673356811793	OK	 
REQUEST		Edit Proposal	1673356810906	1673356811804	OK	 
USER	Create  Scenario	START	1673356811806
REQUEST		Edit Proposal	1673356810926	1673356811812	OK	 
USER	Create  Scenario	START	1673356811826
USER	Create  Scenario	END	1673356811843
USER	Create  Scenario	START	1673356811847
USER	Create  Scenario	END	1673356811851
USER	Create  Scenario	END	1673356811862
REQUEST		Edit Proposal	1673356810966	1673356811863	OK	 
REQUEST		Edit Proposal	1673356810946	1673356811870	OK	 
USER	Create  Scenario	END	1673356811882
USER	Create  Scenario	END	1673356811888
REQUEST		Edit Proposal	1673356810986	1673356811922	OK	 
USER	Create  Scenario	END	1673356811922
REQUEST		Edit Proposal	1673356811006	1673356811925	OK	 
USER	Create  Scenario	END	1673356811942
REQUEST		Edit Proposal	1673356811027	1673356811942	OK	 
REQUEST		Edit Proposal	1673356811046	1673356811942	OK	 
REQUEST		Edit Proposal	1673356811066	1673356811948	OK	 
USER	Create  Scenario	END	1673356811961
REQUEST		Edit Proposal	1673356811086	1673356811980	OK	 
USER	Create  Scenario	END	1673356811986
REQUEST		Edit Proposal	1673356811106	1673356811990	OK	 
USER	Create  Scenario	END	1673356811996
USER	Create  Scenario	END	1673356812020
REQUEST		Edit Proposal	1673356811126	1673356812025	OK	 
USER	Create  Scenario	END	1673356812027
REQUEST		Edit Proposal	1673356811146	1673356812042	OK	 
USER	Create  Scenario	END	1673356812050
REQUEST		Edit Proposal	1673356811166	1673356812055	OK	 
REQUEST		Edit Proposal	1673356811186	1673356812082	OK	 
REQUEST		Edit Proposal	1673356811206	1673356812098	OK	 
USER	Create  Scenario	END	1673356812103
USER	Create  Scenario	END	1673356812109
REQUEST		Edit Proposal	1673356811226	1673356812113	OK	 
USER	Create  Scenario	END	1673356812114
REQUEST		Edit Proposal	1673356811246	1673356812133	OK	 
USER	Create  Scenario	END	1673356812136
USER	Create  Scenario	END	1673356812141
USER	Create  Scenario	END	1673356812193
REQUEST		Edit Proposal	1673356811287	1673356812194	OK	 
USER	Create  Scenario	END	1673356812199
USER	Create  Scenario	END	1673356812203
REQUEST		Edit Proposal	1673356811267	1673356812223	OK	 
REQUEST		Edit Proposal	1673356811306	1673356812225	OK	 
REQUEST		Edit Proposal	1673356811326	1673356812236	OK	 
USER	Create  Scenario	END	1673356812238
REQUEST		Edit Proposal	1673356811367	1673356812246	OK	 
USER	Create  Scenario	END	1673356812247
REQUEST		Edit Proposal	1673356811347	1673356812251	OK	 
USER	Create  Scenario	END	1673356812282
REQUEST		Edit Proposal	1673356811406	1673356812288	OK	 
REQUEST		Edit Proposal	1673356811387	1673356812290	OK	 
USER	Create  Scenario	END	1673356812303
USER	Create  Scenario	END	1673356812314
REQUEST		Edit Proposal	1673356811429	1673356812330	OK	 
USER	Create  Scenario	END	1673356812347
USER	Create  Scenario	END	1673356812351
REQUEST		Edit Proposal	1673356811447	1673356812354	OK	 
REQUEST		Edit Proposal	1673356811467	1673356812372	OK	 
REQUEST		Edit Proposal	1673356811487	1673356812380	OK	 
USER	Create  Scenario	END	1673356812397
USER	Create  Scenario	END	1673356812397
USER	Create  Scenario	END	1673356812402
REQUEST		Edit Proposal	1673356811507	1673356812411	OK	 
REQUEST		Edit Proposal	1673356811527	1673356812432	OK	 
USER	Create  Scenario	END	1673356812444
USER	Create  Scenario	END	1673356812452
USER	Create  Scenario	END	1673356812473
REQUEST		Edit Proposal	1673356811546	1673356812480	OK	 
REQUEST		Edit Proposal	1673356811567	1673356812495	OK	 
USER	Create  Scenario	END	1673356812498
REQUEST		Edit Proposal	1673356811587	1673356812498	OK	 
USER	Create  Scenario	END	1673356812507
REQUEST		Edit Proposal	1673356811606	1673356812553	OK	 
USER	Create  Scenario	END	1673356812555
REQUEST		Edit Proposal	1673356811626	1673356812555	OK	 
USER	Create  Scenario	END	1673356812556
REQUEST		Edit Proposal	1673356811666	1673356812584	OK	 
REQUEST		Edit Proposal	1673356811647	1673356812593	OK	 
REQUEST		Edit Proposal	1673356811708	1673356812595	OK	 
USER	Create  Scenario	END	1673356812597
USER	Create  Scenario	END	1673356812598
REQUEST		Edit Proposal	1673356811687	1673356812601	OK	 
REQUEST		Edit Proposal	1673356811727	1673356812615	OK	 
USER	Create  Scenario	END	1673356812618
REQUEST		Edit Proposal	1673356811747	1673356812628	OK	 
USER	Create  Scenario	END	1673356812634
REQUEST		Edit Proposal	1673356811767	1673356812650	OK	 
REQUEST		Edit Proposal	1673356811787	1673356812661	OK	 
REQUEST		Edit Proposal	1673356811807	1673356812691	OK	 
USER	Create  Scenario	END	1673356812698
USER	Create  Scenario	END	1673356812711
USER	Create  Scenario	END	1673356812713
REQUEST		Edit Proposal	1673356811827	1673356812718	OK	 
USER	Create  Scenario	END	1673356812728
REQUEST		Edit Proposal	1673356811848	1673356812740	OK	 
USER	Create  Scenario	END	1673356812760
USER	Create  Scenario	END	1673356812768
USER	Create  Scenario	END	1673356812796
USER	Create  Scenario	END	1673356812798
USER	Create  Scenario	END	1673356812823
USER	Create  Scenario	END	1673356812838
USER	Create  Scenario	END	1673356812880
USER	Create  Scenario	END	1673356812892
USER	Create  Scenario	END	1673356812899
USER	Create  Scenario	END	1673356812945
USER	Create  Scenario	END	1673356812950
USER	Create  Scenario	END	1673356812970
USER	Create  Scenario	END	1673356812996
USER	Create  Scenario	END	1673356812998
USER	Create  Scenario	END	1673356813002
USER	Create  Scenario	END	1673356813034
USER	Create  Scenario	END	1673356813038
USER	Create  Scenario	END	1673356813058
USER	Create  Scenario	END	1673356813109
USER	Create  Scenario	END	1673356813124
USER	Create  Scenario	END	1673356813128
USER	Create  Scenario	END	1673356813159
USER	Create  Scenario	END	1673356813163
USER	Create  Scenario	END	1673356813211
USER	Create  Scenario	END	1673356813256
USER	Create  Scenario	END	1673356813258
USER	Create  Scenario	END	1673356813260
USER	Create  Scenario	END	1673356813301
USER	Create  Scenario	END	1673356813302
USER	Create  Scenario	END	1673356813303
USER	Create  Scenario	END	1673356813334
USER	Create  Scenario	END	1673356813370
USER	Create  Scenario	END	1673356813391
USER	Create  Scenario	END	1673356813411
USER	Create  Scenario	END	1673356813418
USER	Create  Scenario	END	1673356813449
USER	Create  Scenario	END	1673356813456
USER	Create  Scenario	END	1673356813489
USER	Create  Scenario	END	1673356813493
USER	Create  Scenario	END	1673356813530
USER	Create  Scenario	END	1673356813534
USER	Create  Scenario	END	1673356813579
USER	Create  Scenario	END	1673356813588
USER	Create  Scenario	END	1673356813598
USER	Create  Scenario	END	1673356813604
USER	Create  Scenario	END	1673356813635
USER	Create  Scenario	END	1673356813663
USER	Create  Scenario	END	1673356813684
USER	Create  Scenario	END	1673356813698
USER	Create  Scenario	END	1673356813711
USER	Create  Scenario	END	1673356813752
USER	Create  Scenario	END	1673356813752
USER	Create  Scenario	END	1673356813808
USER	Create  Scenario	END	1673356813810
USER	Create  Scenario	END	1673356813832
USER	Create  Scenario	END	1673356813845
USER	Create  Scenario	END	1673356813857
USER	Create  Scenario	END	1673356813878
USER	Create  Scenario	END	1673356813892
USER	Create  Scenario	END	1673356813919
USER	Create  Scenario	END	1673356813934
USER	Create  Scenario	END	1673356813945
USER	Create  Scenario	END	1673356813967
USER	Create  Scenario	END	1673356814001
USER	Create  Scenario	END	1673356814021
USER	Create  Scenario	END	1673356814050
USER	Create  Scenario	END	1673356814077
USER	Create  Scenario	END	1673356814104
USER	Create  Scenario	END	1673356814106
USER	Create  Scenario	END	1673356814121
USER	Create  Scenario	END	1673356814158
USER	Create  Scenario	END	1673356814159
USER	Create  Scenario	END	1673356814207
USER	Create  Scenario	END	1673356814211
USER	Create  Scenario	END	1673356814223
USER	Create  Scenario	END	1673356814279
USER	Create  Scenario	END	1673356814283
USER	Create  Scenario	END	1673356814284
USER	Create  Scenario	END	1673356814325
USER	Create  Scenario	END	1673356814331
USER	Create  Scenario	END	1673356814385
USER	Create  Scenario	END	1673356814387
USER	Create  Scenario	END	1673356814406
USER	Create  Scenario	END	1673356814417
USER	Create  Scenario	END	1673356814417
USER	Create  Scenario	END	1673356814441
USER	Create  Scenario	END	1673356814483
USER	Create  Scenario	END	1673356814488
USER	Create  Scenario	END	1673356814492
USER	Create  Scenario	END	1673356814521
USER	Create  Scenario	END	1673356814531
USER	Create  Scenario	END	1673356814546
USER	Create  Scenario	END	1673356814588
USER	Create  Scenario	END	1673356814606
USER	Create  Scenario	END	1673356814614
USER	Create  Scenario	END	1673356814658
USER	Create  Scenario	END	1673356814687
USER	Create  Scenario	END	1673356814689
USER	Create  Scenario	END	1673356814692
USER	Create  Scenario	END	1673356814732
USER	Create  Scenario	END	1673356814738
USER	Create  Scenario	END	1673356814785
USER	Create  Scenario	END	1673356814796
USER	Create  Scenario	END	1673356814804
USER	Create  Scenario	END	1673356814813
USER	Create  Scenario	END	1673356814863
USER	Create  Scenario	END	1673356814871
USER	Create  Scenario	END	1673356814923
USER	Create  Scenario	END	1673356814925
USER	Create  Scenario	END	1673356814943
USER	Create  Scenario	END	1673356814943
USER	Create  Scenario	END	1673356814950
USER	Create  Scenario	END	1673356814981
USER	Create  Scenario	END	1673356814991
USER	Create  Scenario	END	1673356815026
USER	Create  Scenario	END	1673356815043
USER	Create  Scenario	END	1673356815056
USER	Create  Scenario	END	1673356815083
USER	Create  Scenario	END	1673356815099
USER	Create  Scenario	END	1673356815114
USER	Create  Scenario	END	1673356815134
USER	Create  Scenario	END	1673356815195
USER	Create  Scenario	END	1673356815224
USER	Create  Scenario	END	1673356815225
USER	Create  Scenario	END	1673356815237
USER	Create  Scenario	END	1673356815247
USER	Create  Scenario	END	1673356815252
USER	Create  Scenario	END	1673356815289
USER	Create  Scenario	END	1673356815290
USER	Create  Scenario	END	1673356815330
USER	Create  Scenario	END	1673356815355
USER	Create  Scenario	END	1673356815373
USER	Create  Scenario	END	1673356815380
USER	Create  Scenario	END	1673356815413
USER	Create  Scenario	END	1673356815433
USER	Create  Scenario	END	1673356815481
USER	Create  Scenario	END	1673356815496
USER	Create  Scenario	END	1673356815499
USER	Create  Scenario	END	1673356815554
USER	Create  Scenario	END	1673356815555
USER	Create  Scenario	END	1673356815584
USER	Create  Scenario	END	1673356815594
USER	Create  Scenario	END	1673356815596
USER	Create  Scenario	END	1673356815602
USER	Create  Scenario	END	1673356815616
USER	Create  Scenario	END	1673356815629
USER	Create  Scenario	END	1673356815651
USER	Create  Scenario	END	1673356815661
USER	Create  Scenario	END	1673356815692
USER	Create  Scenario	END	1673356815718
USER	Create  Scenario	END	1673356815741
