RUN	Simulations.Create	create	1672825369171	 	3.5.1
USER	Create  Scenario	START	1672825375538
USER	Create  Scenario	START	1672825375783
USER	Create  Scenario	START	1672825376034
USER	Create  Scenario	START	1672825376285
USER	Create  Scenario	START	1672825376536
REQUEST		Proposal	1672825375560	1672825376625	KO	status.find.is(200), but actually found 403
REQUEST		Proposal	1672825375784	1672825376693	KO	status.find.is(200), but actually found 403
USER	Create  Scenario	START	1672825376866
REQUEST		Proposal	1672825376035	1672825376913	KO	status.find.is(200), but actually found 403
REQUEST		Proposal	1672825376286	1672825377172	KO	status.find.is(200), but actually found 403
USER	Create  Scenario	START	1672825377200
REQUEST		Proposal	1672825376537	1672825377420	KO	status.find.is(200), but actually found 403
USER	Create  Scenario	START	1672825377534
REQUEST		Proposal	1672825376867	1672825377764	KO	status.find.is(200), but actually found 403
USER	Create  Scenario	START	1672825377866
REQUEST		Proposal	1672825377200	1672825378072	KO	status.find.is(200), but actually found 403
USER	Create  Scenario	START	1672825378200
REQUEST		Proposal	1672825377535	1672825378404	KO	status.find.is(200), but actually found 403
USER	Create  Scenario	START	1672825378534
REQUEST		Proposal	1672825377867	1672825378759	KO	status.find.is(200), but actually found 403
USER	Create  Scenario	START	1672825378783
USER	Create  Scenario	START	1672825379033
REQUEST		Proposal	1672825378200	1672825379080	KO	status.find.is(200), but actually found 403
USER	Create  Scenario	START	1672825379284
REQUEST		Proposal	1672825378535	1672825379402	KO	status.find.is(200), but actually found 403
USER	Create  Scenario	START	1672825379534
REQUEST		Proposal	1672825378783	1672825379654	KO	status.find.is(200), but actually found 403
USER	Create  Scenario	START	1672825379866
REQUEST		Proposal	1672825379034	1672825379916	KO	status.find.is(200), but actually found 403
REQUEST		Contribution	1672825379650	1672825379949	KO	status.find.is(200), but actually found 403
REQUEST		Contribution	1672825379695	1672825379995	KO	status.find.is(200), but actually found 403
REQUEST		Proposal	1672825379284	1672825380167	KO	status.find.is(200), but actually found 403
USER	Create  Scenario	START	1672825380199
REQUEST		Contribution	1672825379915	1672825380208	KO	status.find.is(200), but actually found 403
REQUEST		Proposal	1672825379535	1672825380459	KO	status.find.is(200), but actually found 403
REQUEST		Contribution	1672825380173	1672825380471	KO	status.find.is(200), but actually found 403
USER	Create  Scenario	START	1672825380533
REQUEST		Contribution	1672825380422	1672825380773	KO	status.find.is(200), but actually found 403
REQUEST		Proposal	1672825379866	1672825380773	KO	status.find.is(200), but actually found 403
USER	Create  Scenario	START	1672825380866
REQUEST		Contribution	1672825380766	1672825381062	KO	status.find.is(200), but actually found 403
REQUEST		Proposal	1672825380200	1672825381077	KO	status.find.is(200), but actually found 403
USER	Create  Scenario	START	1672825381200
REQUEST		Contribution	1672825381073	1672825381410	KO	status.find.is(200), but actually found 403
REQUEST		Proposal	1672825380534	1672825381410	KO	status.find.is(200), but actually found 403
USER	Create  Scenario	START	1672825381534
REQUEST		Contribution	1672825381405	1672825381732	KO	status.find.is(200), but actually found 403
REQUEST		Proposal	1672825380867	1672825381737	KO	status.find.is(200), but actually found 403
USER	Create  Scenario	START	1672825381783
USER	Create  Scenario	START	1672825382033
REQUEST		Contribution	1672825381761	1672825382059	KO	status.find.is(200), but actually found 403
REQUEST		Proposal	1672825381200	1672825382097	KO	status.find.is(200), but actually found 403
USER	Create  Scenario	START	1672825382284
REQUEST		Contribution	1672825382081	1672825382375	KO	status.find.is(200), but actually found 403
REQUEST		Proposal	1672825381534	1672825382411	KO	status.find.is(200), but actually found 403
USER	Create  Scenario	START	1672825382534
REQUEST		Proposal	1672825381784	1672825382658	KO	status.find.is(200), but actually found 403
REQUEST		Contribution	1672825382403	1672825382696	KO	status.find.is(200), but actually found 403
USER	Create  Scenario	START	1672825382866
REQUEST		Proposal	1672825382034	1672825382908	KO	status.find.is(200), but actually found 403
REQUEST		Contribution	1672825382656	1672825382948	KO	status.find.is(200), but actually found 403
USER	Create  Scenario	END	1672825382953
USER	Create  Scenario	END	1672825382998
REQUEST		Proposal	1672825382284	1672825383153	KO	status.find.is(200), but actually found 403
USER	Create  Scenario	START	1672825383200
USER	Create  Scenario	END	1672825383209
REQUEST		Contribution	1672825382918	1672825383211	KO	status.find.is(200), but actually found 403
REQUEST		Proposal	1672825382535	1672825383436	KO	status.find.is(200), but actually found 403
REQUEST		Contribution	1672825383168	1672825383466	KO	status.find.is(200), but actually found 403
USER	Create  Scenario	END	1672825383473
USER	Create  Scenario	START	1672825383535
REQUEST		Proposal	1672825382867	1672825383734	KO	status.find.is(200), but actually found 403
REQUEST		Contribution	1672825383460	1672825383752	KO	status.find.is(200), but actually found 403
USER	Create  Scenario	END	1672825383774
USER	Create  Scenario	START	1672825383865
USER	Create  Scenario	END	1672825384063
REQUEST		Contribution	1672825383774	1672825384064	KO	status.find.is(200), but actually found 403
REQUEST		Proposal	1672825383200	1672825384075	KO	status.find.is(200), but actually found 403
USER	Create  Scenario	START	1672825384198
REQUEST		Contribution	1672825384078	1672825384390	KO	status.find.is(200), but actually found 403
REQUEST		Proposal	1672825383535	1672825384400	KO	status.find.is(200), but actually found 403
USER	Create  Scenario	END	1672825384411
USER	Create  Scenario	START	1672825384532
USER	Create  Scenario	END	1672825384733
REQUEST		Contribution	1672825384412	1672825384738	KO	status.find.is(200), but actually found 403
REQUEST		Proposal	1672825383866	1672825384742	KO	status.find.is(200), but actually found 403
USER	Create  Scenario	START	1672825384783
USER	Create  Scenario	START	1672825385033
REQUEST		Contribution	1672825384738	1672825385045	KO	status.find.is(200), but actually found 403
USER	Create  Scenario	END	1672825385060
REQUEST		Proposal	1672825384199	1672825385075	KO	status.find.is(200), but actually found 403
USER	Create  Scenario	START	1672825385283
USER	Create  Scenario	END	1672825385376
REQUEST		Contribution	1672825385099	1672825385393	KO	status.find.is(200), but actually found 403
REQUEST		Proposal	1672825384533	1672825385401	KO	status.find.is(200), but actually found 403
USER	Create  Scenario	START	1672825385533
REQUEST		Proposal	1672825384783	1672825385657	KO	status.find.is(200), but actually found 403
USER	Create  Scenario	END	1672825385697
REQUEST		Contribution	1672825385412	1672825385708	KO	status.find.is(200), but actually found 403
USER	Create  Scenario	START	1672825385865
REQUEST		Proposal	1672825385033	1672825385902	KO	status.find.is(200), but actually found 403
USER	Create  Scenario	END	1672825385950
REQUEST		Contribution	1672825385659	1672825385954	KO	status.find.is(200), but actually found 403
REQUEST		Proposal	1672825385283	1672825386165	KO	status.find.is(200), but actually found 403
USER	Create  Scenario	START	1672825386199
REQUEST		Contribution	1672825385909	1672825386208	KO	status.find.is(200), but actually found 403
USER	Create  Scenario	END	1672825386213
REQUEST		Contribution	1672825386154	1672825386453	KO	status.find.is(200), but actually found 403
REQUEST		Proposal	1672825385534	1672825386455	KO	status.find.is(200), but actually found 403
USER	Create  Scenario	END	1672825386467
USER	Create  Scenario	START	1672825386533
REQUEST		Proposal	1672825385866	1672825386740	KO	status.find.is(200), but actually found 403
REQUEST		Contribution	1672825386439	1672825386740	KO	status.find.is(200), but actually found 403
USER	Create  Scenario	END	1672825386753
USER	Create  Scenario	START	1672825386866
REQUEST		Contribution	1672825386735	1672825387056	KO	status.find.is(200), but actually found 403
REQUEST		Proposal	1672825386199	1672825387063	KO	status.find.is(200), but actually found 403
USER	Create  Scenario	END	1672825387065
USER	Create  Scenario	START	1672825387199
REQUEST		Contribution	1672825387076	1672825387371	KO	status.find.is(200), but actually found 403
USER	Create  Scenario	END	1672825387392
REQUEST		Proposal	1672825386533	1672825387420	KO	status.find.is(200), but actually found 403
USER	Create  Scenario	START	1672825387533
USER	Create  Scenario	END	1672825387740
REQUEST		Contribution	1672825387401	1672825387745	KO	status.find.is(200), but actually found 403
REQUEST		Proposal	1672825386866	1672825387746	KO	status.find.is(200), but actually found 403
USER	Create  Scenario	START	1672825387783
USER	Create  Scenario	START	1672825388033
REQUEST		Contribution	1672825387743	1672825388043	KO	status.find.is(200), but actually found 403
USER	Create  Scenario	END	1672825388047
REQUEST		Proposal	1672825387199	1672825388065	KO	status.find.is(200), but actually found 403
USER	Create  Scenario	START	1672825388283
REQUEST		Contribution	1672825388076	1672825388373	KO	status.find.is(200), but actually found 403
USER	Create  Scenario	END	1672825388394
REQUEST		Proposal	1672825387533	1672825388395	KO	status.find.is(200), but actually found 403
USER	Create  Scenario	START	1672825388533
REQUEST		Proposal	1672825387783	1672825388650	KO	status.find.is(200), but actually found 403
REQUEST		Contribution	1672825388402	1672825388693	KO	status.find.is(200), but actually found 403
USER	Create  Scenario	END	1672825388709
USER	Create  Scenario	START	1672825388866
REQUEST		Proposal	1672825388033	1672825388905	KO	status.find.is(200), but actually found 403
USER	Create  Scenario	END	1672825388955
REQUEST		Contribution	1672825388658	1672825388964	KO	status.find.is(200), but actually found 403
REQUEST		Proposal	1672825388283	1672825389161	KO	status.find.is(200), but actually found 403
REQUEST		Contribution	1672825388903	1672825389194	KO	status.find.is(200), but actually found 403
USER	Create  Scenario	START	1672825389199
USER	Create  Scenario	END	1672825389209
REQUEST		Proposal	1672825388533	1672825389411	KO	status.find.is(200), but actually found 403
USER	Create  Scenario	END	1672825389454
REQUEST		Contribution	1672825389166	1672825389458	KO	status.find.is(200), but actually found 403
USER	Create  Scenario	START	1672825389533
REQUEST		Proposal	1672825388866	1672825389731	KO	status.find.is(200), but actually found 403
USER	Create  Scenario	END	1672825389741
REQUEST		Contribution	1672825389456	1672825389746	KO	status.find.is(200), but actually found 403
USER	Create  Scenario	START	1672825389866
USER	Create  Scenario	END	1672825390058
REQUEST		Contribution	1672825389741	1672825390063	KO	status.find.is(200), but actually found 403
REQUEST		Proposal	1672825389199	1672825390070	KO	status.find.is(200), but actually found 403
USER	Create  Scenario	START	1672825390199
REQUEST		Contribution	1672825390064	1672825390355	KO	status.find.is(200), but actually found 403
USER	Create  Scenario	END	1672825390372
REQUEST		Proposal	1672825389533	1672825390406	KO	status.find.is(200), but actually found 403
USER	Create  Scenario	START	1672825390533
REQUEST		Proposal	1672825389867	1672825390743	KO	status.find.is(200), but actually found 403
REQUEST		Contribution	1672825390421	1672825390744	KO	status.find.is(200), but actually found 403
USER	Create  Scenario	END	1672825390746
USER	Create  Scenario	START	1672825390783
USER	Create  Scenario	START	1672825391033
REQUEST		Contribution	1672825390747	1672825391038	KO	status.find.is(200), but actually found 403
USER	Create  Scenario	END	1672825391044
REQUEST		Proposal	1672825390200	1672825391065	KO	status.find.is(200), but actually found 403
USER	Create  Scenario	START	1672825391283
REQUEST		Contribution	1672825391066	1672825391359	KO	status.find.is(200), but actually found 403
USER	Create  Scenario	END	1672825391374
REQUEST		Proposal	1672825390534	1672825391401	KO	status.find.is(200), but actually found 403
USER	Create  Scenario	START	1672825391533
REQUEST		Proposal	1672825390783	1672825391647	KO	status.find.is(200), but actually found 403
REQUEST		Contribution	1672825391396	1672825391686	KO	status.find.is(200), but actually found 403
USER	Create  Scenario	END	1672825391694
USER	Create  Scenario	START	1672825391866
REQUEST		Proposal	1672825391033	1672825391909	KO	status.find.is(200), but actually found 403
REQUEST		Contribution	1672825391651	1672825391942	KO	status.find.is(200), but actually found 403
USER	Create  Scenario	END	1672825391965
REQUEST		Proposal	1672825391283	1672825392164	KO	status.find.is(200), but actually found 403
USER	Create  Scenario	END	1672825392195
REQUEST		Contribution	1672825391906	1672825392199	KO	status.find.is(200), but actually found 403
USER	Create  Scenario	START	1672825392199
REQUEST		Proposal	1672825391534	1672825392454	KO	status.find.is(200), but actually found 403
REQUEST		Contribution	1672825392162	1672825392459	KO	status.find.is(200), but actually found 403
USER	Create  Scenario	END	1672825392460
USER	Create  Scenario	START	1672825392533
REQUEST		Contribution	1672825392412	1672825392735	KO	status.find.is(200), but actually found 403
USER	Create  Scenario	END	1672825392748
REQUEST		Proposal	1672825391866	1672825392748	KO	status.find.is(200), but actually found 403
USER	Create  Scenario	START	1672825392866
USER	Create  Scenario	END	1672825393065
REQUEST		Contribution	1672825392733	1672825393071	KO	status.find.is(200), but actually found 403
REQUEST		Proposal	1672825392199	1672825393072	KO	status.find.is(200), but actually found 403
USER	Create  Scenario	START	1672825393200
USER	Create  Scenario	END	1672825393356
REQUEST		Contribution	1672825393071	1672825393364	KO	status.find.is(200), but actually found 403
REQUEST		Proposal	1672825392533	1672825393395	KO	status.find.is(200), but actually found 403
USER	Create  Scenario	START	1672825393533
REQUEST		Contribution	1672825393407	1672825393700	KO	status.find.is(200), but actually found 403
REQUEST		Proposal	1672825392866	1672825393726	KO	status.find.is(200), but actually found 403
USER	Create  Scenario	END	1672825393745
USER	Create  Scenario	START	1672825393783
USER	Create  Scenario	START	1672825394033
REQUEST		Contribution	1672825393744	1672825394035	KO	status.find.is(200), but actually found 403
USER	Create  Scenario	END	1672825394039
REQUEST		Proposal	1672825393200	1672825394080	KO	status.find.is(200), but actually found 403
USER	Create  Scenario	START	1672825394283
REQUEST		Contribution	1672825394066	1672825394358	KO	status.find.is(200), but actually found 403
USER	Create  Scenario	END	1672825394360
REQUEST		Proposal	1672825393534	1672825394397	KO	status.find.is(200), but actually found 403
USER	Create  Scenario	START	1672825394533
REQUEST		Proposal	1672825393783	1672825394651	KO	status.find.is(200), but actually found 403
USER	Create  Scenario	END	1672825394687
REQUEST		Contribution	1672825394402	1672825394695	KO	status.find.is(200), but actually found 403
USER	Create  Scenario	START	1672825394866
REQUEST		Proposal	1672825394033	1672825394899	KO	status.find.is(200), but actually found 403
REQUEST		Contribution	1672825394648	1672825394938	KO	status.find.is(200), but actually found 403
USER	Create  Scenario	END	1672825394943
REQUEST		Proposal	1672825394283	1672825395149	KO	status.find.is(200), but actually found 403
USER	Create  Scenario	START	1672825395199
USER	Create  Scenario	END	1672825395200
REQUEST		Contribution	1672825394910	1672825395203	KO	status.find.is(200), but actually found 403
REQUEST		Proposal	1672825394533	1672825395439	KO	status.find.is(200), but actually found 403
REQUEST		Contribution	1672825395165	1672825395457	KO	status.find.is(200), but actually found 403
USER	Create  Scenario	END	1672825395460
USER	Create  Scenario	START	1672825395533
USER	Create  Scenario	END	1672825395737
REQUEST		Proposal	1672825394867	1672825395744	KO	status.find.is(200), but actually found 403
REQUEST		Contribution	1672825395455	1672825395747	KO	status.find.is(200), but actually found 403
USER	Create  Scenario	START	1672825395866
REQUEST		Contribution	1672825395749	1672825396039	KO	status.find.is(200), but actually found 403
REQUEST		Proposal	1672825395200	1672825396067	KO	status.find.is(200), but actually found 403
USER	Create  Scenario	END	1672825396072
USER	Create  Scenario	START	1672825396199
REQUEST		Contribution	1672825396073	1672825396364	KO	status.find.is(200), but actually found 403
USER	Create  Scenario	END	1672825396365
REQUEST		Proposal	1672825395533	1672825396400	KO	status.find.is(200), but actually found 403
USER	Create  Scenario	START	1672825396533
REQUEST		Contribution	1672825396397	1672825396689	KO	status.find.is(200), but actually found 403
USER	Create  Scenario	END	1672825396702
REQUEST		Proposal	1672825395866	1672825396741	KO	status.find.is(200), but actually found 403
USER	Create  Scenario	START	1672825396782
USER	Create  Scenario	START	1672825397033
USER	Create  Scenario	END	1672825397036
REQUEST		Contribution	1672825396727	1672825397039	KO	status.find.is(200), but actually found 403
REQUEST		Proposal	1672825396199	1672825397072	KO	status.find.is(200), but actually found 403
USER	Create  Scenario	START	1672825397283
USER	Create  Scenario	END	1672825397359
REQUEST		Contribution	1672825397081	1672825397381	KO	status.find.is(200), but actually found 403
REQUEST		Proposal	1672825396533	1672825397395	KO	status.find.is(200), but actually found 403
USER	Create  Scenario	START	1672825397533
REQUEST		Proposal	1672825396782	1672825397645	KO	status.find.is(200), but actually found 403
REQUEST		Contribution	1672825397398	1672825397689	KO	status.find.is(200), but actually found 403
USER	Create  Scenario	END	1672825397696
USER	Create  Scenario	START	1672825397865
REQUEST		Proposal	1672825397033	1672825397910	KO	status.find.is(200), but actually found 403
USER	Create  Scenario	END	1672825397939
REQUEST		Contribution	1672825397652	1672825397943	KO	status.find.is(200), but actually found 403
REQUEST		Proposal	1672825397283	1672825398162	KO	status.find.is(200), but actually found 403
REQUEST		Contribution	1672825397900	1672825398194	KO	status.find.is(200), but actually found 403
USER	Create  Scenario	START	1672825398198
USER	Create  Scenario	END	1672825398204
REQUEST		Contribution	1672825398150	1672825398445	KO	status.find.is(200), but actually found 403
REQUEST		Proposal	1672825397533	1672825398448	KO	status.find.is(200), but actually found 403
USER	Create  Scenario	END	1672825398458
USER	Create  Scenario	START	1672825398533
USER	Create  Scenario	END	1672825398748
REQUEST		Contribution	1672825398440	1672825398749	KO	status.find.is(200), but actually found 403
REQUEST		Proposal	1672825397866	1672825398750	KO	status.find.is(200), but actually found 403
USER	Create  Scenario	START	1672825398866
USER	Create  Scenario	END	1672825399040
REQUEST		Contribution	1672825398745	1672825399048	KO	status.find.is(200), but actually found 403
REQUEST		Proposal	1672825398199	1672825399082	KO	status.find.is(200), but actually found 403
USER	Create  Scenario	START	1672825399199
REQUEST		Contribution	1672825399068	1672825399361	KO	status.find.is(200), but actually found 403
USER	Create  Scenario	END	1672825399365
REQUEST		Proposal	1672825398533	1672825399406	KO	status.find.is(200), but actually found 403
USER	Create  Scenario	START	1672825399533
USER	Create  Scenario	END	1672825399690
REQUEST		Contribution	1672825399401	1672825399695	KO	status.find.is(200), but actually found 403
REQUEST		Proposal	1672825398866	1672825399733	KO	status.find.is(200), but actually found 403
USER	Create  Scenario	START	1672825399783
USER	Create  Scenario	START	1672825400033
USER	Create  Scenario	END	1672825400040
REQUEST		Contribution	1672825399742	1672825400047	KO	status.find.is(200), but actually found 403
REQUEST		Proposal	1672825399199	1672825400072	KO	status.find.is(200), but actually found 403
USER	Create  Scenario	START	1672825400283
REQUEST		Contribution	1672825400073	1672825400376	KO	status.find.is(200), but actually found 403
USER	Create  Scenario	END	1672825400382
REQUEST		Proposal	1672825399533	1672825400397	KO	status.find.is(200), but actually found 403
USER	Create  Scenario	START	1672825400533
REQUEST		Proposal	1672825399783	1672825400666	KO	status.find.is(200), but actually found 403
REQUEST		Contribution	1672825400396	1672825400690	KO	status.find.is(200), but actually found 403
USER	Create  Scenario	END	1672825400690
USER	Create  Scenario	START	1672825400866
REQUEST		Proposal	1672825400033	1672825400906	KO	status.find.is(200), but actually found 403
REQUEST		Contribution	1672825400645	1672825400937	KO	status.find.is(200), but actually found 403
USER	Create  Scenario	END	1672825400944
REQUEST		Proposal	1672825400283	1672825401163	KO	status.find.is(200), but actually found 403
USER	Create  Scenario	END	1672825401195
USER	Create  Scenario	START	1672825401199
REQUEST		Contribution	1672825400911	1672825401210	KO	status.find.is(200), but actually found 403
USER	Create  Scenario	END	1672825401446
REQUEST		Proposal	1672825400533	1672825401455	KO	status.find.is(200), but actually found 403
REQUEST		Contribution	1672825401163	1672825401456	KO	status.find.is(200), but actually found 403
USER	Create  Scenario	START	1672825401533
USER	Create  Scenario	END	1672825401750
REQUEST		Proposal	1672825400866	1672825401760	KO	status.find.is(200), but actually found 403
REQUEST		Contribution	1672825401449	1672825401760	KO	status.find.is(200), but actually found 403
USER	Create  Scenario	START	1672825401865
USER	Create  Scenario	END	1672825402049
REQUEST		Contribution	1672825401750	1672825402053	KO	status.find.is(200), but actually found 403
REQUEST		Proposal	1672825401199	1672825402065	KO	status.find.is(200), but actually found 403
USER	Create  Scenario	START	1672825402199
USER	Create  Scenario	END	1672825402362
REQUEST		Contribution	1672825402082	1672825402377	KO	status.find.is(200), but actually found 403
REQUEST		Proposal	1672825401533	1672825402403	KO	status.find.is(200), but actually found 403
USER	Create  Scenario	START	1672825402533
USER	Create  Scenario	END	1672825402696
REQUEST		Contribution	1672825402407	1672825402702	KO	status.find.is(200), but actually found 403
REQUEST		Proposal	1672825401866	1672825402735	KO	status.find.is(200), but actually found 403
USER	Create  Scenario	START	1672825402782
REQUEST		Contribution	1672825402734	1672825403029	KO	status.find.is(200), but actually found 403
USER	Create  Scenario	START	1672825403033
USER	Create  Scenario	END	1672825403048
REQUEST		Proposal	1672825402199	1672825403058	KO	status.find.is(200), but actually found 403
USER	Create  Scenario	START	1672825403283
USER	Create  Scenario	END	1672825403377
REQUEST		Contribution	1672825403073	1672825403379	KO	status.find.is(200), but actually found 403
REQUEST		Proposal	1672825402533	1672825403413	KO	status.find.is(200), but actually found 403
USER	Create  Scenario	START	1672825403533
REQUEST		Proposal	1672825402783	1672825403675	KO	status.find.is(200), but actually found 403
REQUEST		Contribution	1672825403397	1672825403688	KO	status.find.is(200), but actually found 403
USER	Create  Scenario	END	1672825403691
USER	Create  Scenario	START	1672825403865
REQUEST		Proposal	1672825403033	1672825403907	KO	status.find.is(200), but actually found 403
USER	Create  Scenario	END	1672825403938
REQUEST		Contribution	1672825403667	1672825403966	KO	status.find.is(200), but actually found 403
REQUEST		Proposal	1672825403283	1672825404156	KO	status.find.is(200), but actually found 403
REQUEST		Contribution	1672825403907	1672825404196	KO	status.find.is(200), but actually found 403
USER	Create  Scenario	START	1672825404198
USER	Create  Scenario	END	1672825404211
USER	Create  Scenario	END	1672825404457
REQUEST		Contribution	1672825404164	1672825404462	KO	status.find.is(200), but actually found 403
REQUEST		Proposal	1672825403533	1672825404462	KO	status.find.is(200), but actually found 403
USER	Create  Scenario	START	1672825404532
USER	Create  Scenario	END	1672825404761
REQUEST		Proposal	1672825403865	1672825404770	KO	status.find.is(200), but actually found 403
REQUEST		Contribution	1672825404456	1672825404771	KO	status.find.is(200), but actually found 403
USER	Create  Scenario	START	1672825404866
USER	Create  Scenario	END	1672825405054
REQUEST		Contribution	1672825404761	1672825405062	KO	status.find.is(200), but actually found 403
REQUEST		Proposal	1672825404199	1672825405065	KO	status.find.is(200), but actually found 403
USER	Create  Scenario	START	1672825405200
REQUEST		Contribution	1672825405066	1672825405358	KO	status.find.is(200), but actually found 403
USER	Create  Scenario	END	1672825405378
REQUEST		Proposal	1672825404533	1672825405399	KO	status.find.is(200), but actually found 403
REQUEST		Contribution	1672825405404	1672825405696	KO	status.find.is(200), but actually found 403
USER	Create  Scenario	END	1672825405703
REQUEST		Proposal	1672825404866	1672825405736	KO	status.find.is(200), but actually found 403
USER	Create  Scenario	END	1672825406030
REQUEST		Contribution	1672825405736	1672825406037	KO	status.find.is(200), but actually found 403
REQUEST		Proposal	1672825405200	1672825406061	KO	status.find.is(200), but actually found 403
USER	Create  Scenario	END	1672825406380
REQUEST		Contribution	1672825406059	1672825406384	KO	status.find.is(200), but actually found 403
USER	Create  Scenario	END	1672825406689
REQUEST		Contribution	1672825406414	1672825406714	KO	status.find.is(200), but actually found 403
USER	Create  Scenario	END	1672825406967
REQUEST		Contribution	1672825406676	1672825406968	KO	status.find.is(200), but actually found 403
USER	Create  Scenario	END	1672825407197
REQUEST		Contribution	1672825406908	1672825407216	KO	status.find.is(200), but actually found 403
USER	Create  Scenario	END	1672825407463
REQUEST		Contribution	1672825407157	1672825407470	KO	status.find.is(200), but actually found 403
REQUEST		Contribution	1672825407463	1672825407757	KO	status.find.is(200), but actually found 403
USER	Create  Scenario	END	1672825407772
USER	Create  Scenario	END	1672825408064
REQUEST		Contribution	1672825407771	1672825408068	KO	status.find.is(200), but actually found 403
USER	Create  Scenario	END	1672825408359
REQUEST		Contribution	1672825408065	1672825408366	KO	status.find.is(200), but actually found 403
REQUEST		Contribution	1672825408400	1672825408692	KO	status.find.is(200), but actually found 403
USER	Create  Scenario	END	1672825408697
USER	Create  Scenario	END	1672825409038
REQUEST		Contribution	1672825408737	1672825409045	KO	status.find.is(200), but actually found 403
REQUEST		Contribution	1672825409062	1672825409378	KO	status.find.is(200), but actually found 403
USER	Create  Scenario	END	1672825409385
USER	Create  Scenario	END	1672825409715
USER	Create  Scenario	END	1672825409969
USER	Create  Scenario	END	1672825410217
USER	Create  Scenario	END	1672825410471
USER	Create  Scenario	END	1672825410758
USER	Create  Scenario	END	1672825411069
USER	Create  Scenario	END	1672825411367
USER	Create  Scenario	END	1672825411693
USER	Create  Scenario	END	1672825412047
USER	Create  Scenario	END	1672825412379
