RUN	Simulations.Runner.Runner	runner	1673528986248	 	3.5.1
USER	Create  Scenario	START	1673528992529
USER	Create  Scenario	START	1673528993022
USER	Create  Scenario	START	1673528993523
REQUEST		Reputation	1673528992559	1673528993798	OK	 
USER	Create  Scenario	START	1673528994023
REQUEST		Reputation	1673528993023	1673528994160	OK	 
USER	Create  Scenario	START	1673528994524
REQUEST		Reputation	1673528993523	1673528994719	OK	 
USER	Create  Scenario	START	1673528995023
REQUEST		Reputation	1673528994023	1673528995316	OK	 
USER	Create  Scenario	START	1673528995524
REQUEST		Reputation	1673528994524	1673528995656	OK	 
USER	Create  Scenario	START	1673528996022
REQUEST		Reputation	1673528995023	1673528996151	OK	 
USER	Create  Scenario	START	1673528996523
REQUEST		Reputation	1673528995525	1673528996663	OK	 
USER	Create  Scenario	START	1673528997023
REQUEST		Last Contribution	1673528996812	1673528997108	OK	 
REQUEST		Reputation	1673528996023	1673528997232	OK	 
REQUEST		Last Contribution	1673528997161	1673528997476	OK	 
USER	Create  Scenario	START	1673528997524
REQUEST		Reputation	1673528996524	1673528997744	OK	 
USER	Create  Scenario	START	1673528998023
REQUEST		Last Contribution	1673528997719	1673528998027	OK	 
REQUEST		Reputation	1673528997023	1673528998139	OK	 
USER	Create  Scenario	START	1673528998523
REQUEST		Last Contribution	1673528998317	1673528998615	OK	 
REQUEST		Reputation	1673528997525	1673528998652	OK	 
REQUEST		Last Contribution	1673528998659	1673528998954	OK	 
USER	Create  Scenario	START	1673528999022
REQUEST		Reputation	1673528998023	1673528999160	OK	 
REQUEST		Last Contribution	1673528999152	1673528999445	OK	 
USER	Create  Scenario	START	1673528999523
REQUEST		Reputation	1673528998523	1673528999665	OK	 
REQUEST		Last Contribution	1673528999664	1673528999971	OK	 
USER	Create  Scenario	START	1673529000022
REQUEST		Reputation	1673528999023	1673529000179	OK	 
REQUEST		Reputation Twelve months	1673529000109	1673529000415	OK	 
USER	Create  Scenario	START	1673529000523
REQUEST		Last Contribution	1673529000233	1673529000562	OK	 
REQUEST		Reputation	1673528999523	1673529000661	OK	 
REQUEST		Reputation Twelve months	1673529000477	1673529000795	OK	 
USER	Create  Scenario	START	1673529001023
REQUEST		Last Contribution	1673529000745	1673529001067	OK	 
REQUEST		Reputation	1673529000023	1673529001298	OK	 
REQUEST		Reputation Twelve months	1673529001028	1673529001340	OK	 
REQUEST		Last Contribution	1673529001140	1673529001433	OK	 
USER	Create  Scenario	START	1673529001523
REQUEST		Reputation	1673529000523	1673529001657	OK	 
REQUEST		Reputation Twelve months	1673529001616	1673529001930	OK	 
REQUEST		Last Contribution	1673529001653	1673529001943	OK	 
USER	Create  Scenario	START	1673529002022
REQUEST		Reputation	1673529001023	1673529002163	OK	 
REQUEST		Reputation Twelve months	1673529001955	1673529002256	OK	 
REQUEST		Last Contribution	1673529002161	1673529002466	OK	 
REQUEST		Reputation	1673529001523	1673529002658	OK	 
REQUEST		Reputation Twelve months	1673529002446	1673529002773	OK	 
REQUEST		Last Contribution	1673529002666	1673529002976	OK	 
REQUEST		Reputation	1673529002023	1673529003162	OK	 
REQUEST		Reputation Twelve months	1673529002972	1673529003297	OK	 
REQUEST		Last Contribution	1673529003180	1673529003482	OK	 
REQUEST		Knolder ID	1673529003422	1673529003709	OK	 
REQUEST		Reputation Twelve months	1673529003563	1673529003891	OK	 
REQUEST		Last Contribution	1673529003663	1673529003968	OK	 
REQUEST		Knolder ID	1673529003797	1673529004084	OK	 
REQUEST		Reputation Twelve months	1673529004068	1673529004376	OK	 
REQUEST		Knolder ID	1673529004341	1673529004647	OK	 
REQUEST		Last Contribution	1673529004300	1673529004647	OK	 
REQUEST		Reputation Twelve months	1673529004434	1673529004738	OK	 
REQUEST		Last Contribution	1673529004658	1673529004988	OK	 
REQUEST		Knolder ID	1673529004931	1673529005238	OK	 
REQUEST		Reputation Twelve months	1673529004944	1673529005265	OK	 
REQUEST		Last Contribution	1673529005164	1673529005466	OK	 
REQUEST		Knolder ID	1673529005257	1673529005541	OK	 
REQUEST		Reputation Twelve months	1673529005467	1673529005773	OK	 
REQUEST		Last Contribution	1673529005660	1673529005978	OK	 
REQUEST		Knolder ID	1673529005774	1673529006073	OK	 
REQUEST		Reputation Twelve months	1673529005977	1673529006359	OK	 
REQUEST		Last Contribution	1673529006163	1673529006455	OK	 
REQUEST		Knolder ID	1673529006298	1673529006595	OK	 
REQUEST		Reputation Twelve months	1673529006483	1673529006807	OK	 
REQUEST		Knolder ID	1673529006893	1673529007188	OK	 
REQUEST		Reputation Twelve months	1673529006969	1673529007270	OK	 
REQUEST		Knolder ID	1673529007377	1673529007668	OK	 
REQUEST		Reputation Twelve months	1673529007648	1673529007959	OK	 
REQUEST		Knolder ID	1673529007739	1673529008036	OK	 
REQUEST		Get All Rewards	1673529006710	1673529008102	OK	 
REQUEST		Reputation Twelve months	1673529007989	1673529008311	OK	 
REQUEST		Get All Rewards	1673529007085	1673529008480	OK	 
REQUEST		Knolder ID	1673529008267	1673529008556	OK	 
REQUEST		Reputation Twelve months	1673529008467	1673529008778	OK	 
REQUEST		Get All Rewards	1673529007648	1673529009028	OK	 
REQUEST		Knolder ID	1673529008775	1673529009064	OK	 
REQUEST		Reputation Twelve months	1673529008979	1673529009295	OK	 
REQUEST		Knolder ID	1673529009360	1673529009651	OK	 
REQUEST		Get All Rewards	1673529008238	1673529009680	OK	 
REQUEST		Reputation Twelve months	1673529009456	1673529009766	OK	 
REQUEST		Get All Rewards	1673529008542	1673529009937	OK	 
REQUEST		Knolder ID	1673529009808	1673529010132	OK	 
REQUEST		Get All Rewards	1673529009074	1673529010497	OK	 
REQUEST		Knolder ID	1673529010271	1673529010575	OK	 
REQUEST		Get All Rewards	1673529009596	1673529011033	OK	 
USER	Create  Scenario	END	1673529011106
REQUEST		Knolder ID	1673529010960	1673529011264	OK	 
USER	Create  Scenario	END	1673529011481
REQUEST		Knolder ID	1673529011312	1673529011599	OK	 
REQUEST		Get All Rewards	1673529010189	1673529011614	OK	 
USER	Create  Scenario	END	1673529012029
REQUEST		Knolder ID	1673529011779	1673529012068	OK	 
REQUEST		Get All Rewards	1673529010669	1673529012073	OK	 
REQUEST		Get All Rewards	1673529011037	1673529012414	OK	 
REQUEST		Knolder ID	1673529012296	1673529012589	OK	 
USER	Create  Scenario	END	1673529012681
USER	Create  Scenario	END	1673529012939
REQUEST		Get All Rewards	1673529011557	1673529012953	OK	 
REQUEST		Knolder ID	1673529012767	1673529013086	OK	 
REQUEST		Get All Rewards	1673529012065	1673529013462	OK	 
USER	Create  Scenario	END	1673529013498
USER	Create  Scenario	END	1673529014034
REQUEST		Get All Rewards	1673529012652	1673529014050	OK	 
REQUEST		Get All Rewards	1673529013133	1673529014583	OK	 
USER	Create  Scenario	END	1673529014616
REQUEST		Get All Rewards	1673529013576	1673529014958	OK	 
USER	Create  Scenario	END	1673529015074
USER	Create  Scenario	END	1673529015416
REQUEST		Get All Rewards	1673529014265	1673529015720	OK	 
USER	Create  Scenario	END	1673529015954
REQUEST		Get All Rewards	1673529014600	1673529016011	OK	 
USER	Create  Scenario	END	1673529016463
REQUEST		Get All Rewards	1673529015069	1673529016500	OK	 
REQUEST		Get All Rewards	1673529015590	1673529017036	OK	 
USER	Create  Scenario	END	1673529017051
USER	Create  Scenario	END	1673529017585
USER	Create  Scenario	END	1673529017960
REQUEST		Get All Rewards	1673529016087	1673529017963	OK	 
USER	Create  Scenario	END	1673529018721
USER	Create  Scenario	END	1673529019013
USER	Create  Scenario	END	1673529019501
USER	Create  Scenario	END	1673529020037
USER	Create  Scenario	END	1673529020965
