RUN	Simulations.Create	create	1672898603095	 	3.5.1
USER	Create  Scenario	START	1672898609185
USER	Create  Scenario	START	1672898610182
USER	Create  Scenario	START	1672898611182
USER	Create  Scenario	START	1672898612186
USER	Create  Scenario	START	1672898613182
REQUEST		my Proposal	1672898609202	1672898614148	OK	 
USER	Create  Scenario	START	1672898614181
REQUEST		my Proposal	1672898610182	1672898614521	OK	 
USER	Create  Scenario	START	1672898615181
USER	Create  Scenario	START	1672898616181
REQUEST		my Proposal	1672898612187	1672898616579	OK	 
REQUEST		my Proposal	1672898613183	1672898617176	OK	 
USER	Create  Scenario	START	1672898617181
REQUEST		Proposal	1672898617171	1672898617475	OK	 
REQUEST		Proposal	1672898617522	1672898617873	OK	 
USER	Create  Scenario	START	1672898618182
REQUEST		my Proposal	1672898614182	1672898618203	OK	 
USER	Create  Scenario	START	1672898619182
REQUEST		my Proposal	1672898615182	1672898619340	OK	 
REQUEST		Proposal	1672898619580	1672898619897	OK	 
USER	Create  Scenario	START	1672898620181
REQUEST		my Proposal	1672898616182	1672898620269	OK	 
REQUEST		Proposal	1672898620177	1672898620479	OK	 
USER	Create  Scenario	START	1672898621181
REQUEST		my Proposal	1672898617182	1672898621203	OK	 
REQUEST		Proposal	1672898621204	1672898621525	OK	 
USER	Create  Scenario	START	1672898622182
REQUEST		Proposal	1672898622342	1672898622775	OK	 
USER	Create  Scenario	START	1672898623181
REQUEST		Proposal	1672898623270	1672898623642	OK	 
USER	Create  Scenario	START	1672898624182
REQUEST		Proposal	1672898624204	1672898624571	OK	 
REQUEST		my Proposal	1672898619183	1672898624578	OK	 
REQUEST		my Proposal	1672898618182	1672898624648	OK	 
REQUEST		Proposals	1672898620874	1672898624859	OK	 
USER	Create  Scenario	START	1672898625182
REQUEST		Proposals	1672898620476	1672898625509	OK	 
USER	Create  Scenario	START	1672898626182
REQUEST		Proposals	1672898622898	1672898626763	OK	 
REQUEST		my Proposal	1672898620182	1672898626961	OK	 
USER	Create  Scenario	START	1672898627182
REQUEST		Proposal	1672898627579	1672898627892	OK	 
REQUEST		Proposal	1672898627650	1672898627966	OK	 
USER	Create  Scenario	START	1672898628182
REQUEST		Edit Proposal	1672898627870	1672898628191	OK	 
REQUEST		Proposals	1672898624526	1672898628334	OK	 
REQUEST		Edit Proposal	1672898628510	1672898628834	OK	 
USER	Create  Scenario	START	1672898629182
REQUEST		my Proposal	1672898611182	1672898629820	OK	 
REQUEST		Proposals	1672898626643	1672898630048	OK	 
REQUEST		Edit Proposal	1672898629764	1672898630073	OK	 
USER	Create  Scenario	START	1672898630182
REQUEST		my Proposal	1672898624182	1672898630185	OK	 
REQUEST		Proposal	1672898629963	1672898630413	OK	 
USER	Create  Scenario	START	1672898631182
USER	Create  Scenario	END	1672898631196
REQUEST		Proposals	1672898627572	1672898631616	OK	 
REQUEST		Edit Proposal	1672898631335	1672898631676	OK	 
USER	Create  Scenario	END	1672898631836
USER	Create  Scenario	START	1672898632182
USER	Create  Scenario	END	1672898633073
USER	Create  Scenario	START	1672898633182
REQUEST		Proposal	1672898632821	1672898633215	OK	 
REQUEST		Edit Proposal	1672898633049	1672898633435	OK	 
REQUEST		Proposal	1672898633186	1672898633561	OK	 
USER	Create  Scenario	START	1672898634181
USER	Create  Scenario	END	1672898634677
REQUEST		Edit Proposal	1672898634617	1672898635017	OK	 
USER	Create  Scenario	START	1672898635181
REQUEST		my Proposal	1672898630183	1672898635810	OK	 
REQUEST		Proposals	1672898630967	1672898635920	OK	 
USER	Create  Scenario	START	1672898636182
REQUEST		Proposals	1672898630893	1672898636207	OK	 
USER	Create  Scenario	END	1672898636436
REQUEST		my Proposal	1672898629182	1672898636978	OK	 
REQUEST		my Proposal	1672898627183	1672898637103	OK	 
USER	Create  Scenario	START	1672898637182
USER	Create  Scenario	END	1672898638018
USER	Create  Scenario	START	1672898638181
REQUEST		Proposals	1672898633414	1672898638552	OK	 
REQUEST		my Proposal	1672898634182	1672898638963	OK	 
REQUEST		Proposal	1672898638811	1672898639125	OK	 
USER	Create  Scenario	START	1672898639181
REQUEST		Edit Proposal	1672898638921	1672898639256	OK	 
REQUEST		Edit Proposal	1672898639208	1672898639544	OK	 
USER	Create  Scenario	START	1672898640182
REQUEST		Proposal	1672898639980	1672898640279	OK	 
REQUEST		Proposal	1672898640104	1672898640471	OK	 
REQUEST		my Proposal	1672898635182	1672898640495	OK	 
USER	Create  Scenario	START	1672898641181
REQUEST		Edit Proposal	1672898641553	1672898642103	OK	 
USER	Create  Scenario	START	1672898642182
USER	Create  Scenario	END	1672898642257
REQUEST		Proposal	1672898641964	1672898642398	OK	 
REQUEST		my Proposal	1672898637182	1672898642453	OK	 
USER	Create  Scenario	END	1672898642545
USER	Create  Scenario	START	1672898643181
REQUEST		Proposal	1672898643496	1672898643881	OK	 
USER	Create  Scenario	START	1672898644182
REQUEST		my Proposal	1672898638182	1672898644616	OK	 
USER	Create  Scenario	END	1672898645103
USER	Create  Scenario	START	1672898645181
REQUEST		my Proposal	1672898636182	1672898646085	OK	 
USER	Create  Scenario	START	1672898646181
REQUEST		Proposals	1672898642126	1672898646355	OK	 
REQUEST		my Proposal	1672898639182	1672898646561	OK	 
REQUEST		Proposal	1672898645454	1672898646622	OK	 
USER	Create  Scenario	START	1672898647182
REQUEST		my Proposal	1672898641181	1672898647292	OK	 
REQUEST		Proposal	1672898647617	1672898647943	OK	 
USER	Create  Scenario	START	1672898648182
USER	Create  Scenario	START	1672898649182
REQUEST		Proposal	1672898649086	1672898649456	OK	 
REQUEST		Edit Proposal	1672898649356	1672898649765	OK	 
REQUEST		my Proposal	1672898645181	1672898649851	OK	 
REQUEST		Proposal	1672898649562	1672898649925	OK	 
USER	Create  Scenario	START	1672898650181
REQUEST		Proposal	1672898650293	1672898650591	OK	 
REQUEST		Proposals	1672898645399	1672898650892	OK	 
USER	Create  Scenario	START	1672898651182
USER	Create  Scenario	START	1672898652181
REQUEST		Proposals	1672898646882	1672898652422	OK	 
USER	Create  Scenario	END	1672898652766
REQUEST		Proposals	1672898636562	1672898652772	OK	 
USER	Create  Scenario	START	1672898653182
REQUEST		Proposal	1672898652852	1672898653238	OK	 
USER	Create  Scenario	START	1672898654182
REQUEST		Edit Proposal	1672898653893	1672898654289	OK	 
REQUEST		my Proposal	1672898644182	1672898654493	OK	 
USER	Create  Scenario	START	1672898655182
REQUEST		Edit Proposal	1672898655423	1672898655780	OK	 
REQUEST		Proposals	1672898650944	1672898656061	OK	 
REQUEST		Edit Proposal	1672898655773	1672898656141	OK	 
USER	Create  Scenario	START	1672898656181
USER	Create  Scenario	START	1672898657182
USER	Create  Scenario	END	1672898657290
REQUEST		my Proposal	1672898649182	1672898657442	OK	 
REQUEST		Proposal	1672898657494	1672898657825	OK	 
USER	Create  Scenario	START	1672898658181
REQUEST		my Proposal	1672898643182	1672898658651	OK	 
REQUEST		Proposals	1672898652457	1672898658739	OK	 
USER	Create  Scenario	END	1672898658781
USER	Create  Scenario	END	1672898659143
USER	Create  Scenario	START	1672898659181
REQUEST		Edit Proposal	1672898659062	1672898659442	OK	 
REQUEST		Proposals	1672898652926	1672898660116	OK	 
USER	Create  Scenario	START	1672898660181
REQUEST		Proposal	1672898660443	1672898660799	OK	 
REQUEST		Proposals	1672898653592	1672898660943	OK	 
USER	Create  Scenario	START	1672898661181
REQUEST		Proposals	1672898656239	1672898661381	OK	 
REQUEST		my Proposal	1672898650182	1672898661689	OK	 
REQUEST		my Proposal	1672898654182	1672898661843	OK	 
REQUEST		Proposal	1672898661653	1672898661951	OK	 
REQUEST		my Proposal	1672898655182	1672898662042	OK	 
REQUEST		Edit Proposal	1672898661740	1672898662065	OK	 
USER	Create  Scenario	START	1672898662181
USER	Create  Scenario	END	1672898662443
USER	Create  Scenario	START	1672898663182
REQUEST		Edit Proposal	1672898663117	1672898663447	OK	 
REQUEST		my Proposal	1672898626183	1672898663947	OK	 
USER	Create  Scenario	START	1672898664182
REQUEST		Edit Proposal	1672898663945	1672898664325	OK	 
REQUEST		Edit Proposal	1672898664382	1672898664790	OK	 
USER	Create  Scenario	END	1672898665066
REQUEST		Proposal	1672898664690	1672898665071	OK	 
REQUEST		Proposals	1672898660826	1672898665143	OK	 
REQUEST		Proposal	1672898664844	1672898665180	OK	 
USER	Create  Scenario	START	1672898665181
REQUEST		Proposal	1672898665043	1672898665381	OK	 
REQUEST		my Proposal	1672898660182	1672898665448	OK	 
REQUEST		Proposals	1672898643280	1672898665966	OK	 
USER	Create  Scenario	START	1672898666182
USER	Create  Scenario	END	1672898666448
USER	Create  Scenario	START	1672898667181
REQUEST		Proposal	1672898666947	1672898667311	OK	 
USER	Create  Scenario	END	1672898667326
USER	Create  Scenario	END	1672898667791
USER	Create  Scenario	START	1672898668182
REQUEST		my Proposal	1672898658181	1672898668394	OK	 
REQUEST		Edit Proposal	1672898668143	1672898668538	OK	 
REQUEST		my Proposal	1672898663182	1672898668673	OK	 
REQUEST		Proposal	1672898668449	1672898668764	OK	 
USER	Create  Scenario	START	1672898669181
REQUEST		Edit Proposal	1672898668967	1672898669273	OK	 
REQUEST		my Proposal	1672898646182	1672898669350	OK	 
USER	Create  Scenario	START	1672898670182
USER	Create  Scenario	START	1672898671181
USER	Create  Scenario	END	1672898671539
REQUEST		my Proposal	1672898662182	1672898671889	OK	 
REQUEST		Proposal	1672898671395	1672898671895	OK	 
USER	Create  Scenario	START	1672898672182
REQUEST		Proposal	1672898671675	1672898672216	OK	 
REQUEST		my Proposal	1672898661181	1672898672216	OK	 
USER	Create  Scenario	END	1672898672274
REQUEST		Proposal	1672898672351	1672898672706	OK	 
REQUEST		my Proposal	1672898667182	1672898673000	OK	 
USER	Create  Scenario	START	1672898673181
REQUEST		Proposals	1672898664952	1672898673280	OK	 
USER	Create  Scenario	START	1672898674182
REQUEST		Proposals	1672898668381	1672898674410	OK	 
USER	Create  Scenario	START	1672898675182
REQUEST		Proposal	1672898674890	1672898675257	OK	 
REQUEST		Proposal	1672898675217	1672898675596	OK	 
REQUEST		my Proposal	1672898665182	1672898675682	OK	 
REQUEST		Proposals	1672898668180	1672898675813	OK	 
REQUEST		my Proposal	1672898671181	1672898675968	OK	 
USER	Create  Scenario	START	1672898676181
REQUEST		Proposal	1672898676001	1672898676336	OK	 
REQUEST		Edit Proposal	1672898676281	1672898676628	OK	 
USER	Create  Scenario	START	1672898677182
REQUEST		Edit Proposal	1672898677411	1672898677810	OK	 
USER	Create  Scenario	START	1672898678182
REQUEST		Proposal	1672898678683	1672898679027	OK	 
REQUEST		Edit Proposal	1672898678814	1672898679132	OK	 
USER	Create  Scenario	START	1672898679182
REQUEST		Proposals	1672898675216	1672898679202	OK	 
REQUEST		Proposal	1672898678969	1672898679278	OK	 
REQUEST		my Proposal	1672898672182	1672898679397	OK	 
USER	Create  Scenario	END	1672898679629
REQUEST		Proposals	1672898668072	1672898680111	OK	 
USER	Create  Scenario	START	1672898680182
REQUEST		Proposals	1672898674896	1672898680399	OK	 
USER	Create  Scenario	END	1672898680811
USER	Create  Scenario	START	1672898681181
REQUEST		my Proposal	1672898621182	1672898681182	KO	i.g.h.c.i.RequestTimeoutException: Request timeout to backend-qa.knoldus.com/34.132.142.94:443 after 60000 ms
REQUEST		Proposals	1672898678258	1672898681575	OK	 
USER	Create  Scenario	END	1672898682132
USER	Create  Scenario	START	1672898682181
REQUEST		my Proposal	1672898622182	1672898682182	KO	i.g.h.c.i.RequestTimeoutException: Request timeout to backend-qa.knoldus.com/34.132.142.94:443 after 60000 ms
REQUEST		Edit Proposal	1672898682203	1672898682539	OK	 
REQUEST		Proposal	1672898682398	1672898682696	OK	 
USER	Create  Scenario	START	1672898683181
REQUEST		my Proposal	1672898623182	1672898683182	KO	i.g.h.c.i.RequestTimeoutException: Request timeout to backend-qa.knoldus.com/34.132.142.94:443 after 60000 ms
REQUEST		Edit Proposal	1672898683112	1672898683418	OK	 
REQUEST		Proposals	1672898623480	1672898683480	KO	i.g.h.c.i.RequestTimeoutException: Request timeout to backend-qa.knoldus.com/34.132.142.94:443 after 60000 ms
REQUEST		Proposals	1672898679337	1672898683754	OK	 
REQUEST		Edit Proposal	1672898683399	1672898683759	OK	 
USER	Create  Scenario	START	1672898684181
REQUEST		Edit Proposal	1672898684576	1672898684967	OK	 
USER	Create  Scenario	START	1672898685182
REQUEST		my Proposal	1672898625182	1672898685182	KO	i.g.h.c.i.RequestTimeoutException: Request timeout to backend-qa.knoldus.com/34.132.142.94:443 after 60000 ms
USER	Create  Scenario	END	1672898685540
REQUEST		Proposals	1672898625776	1672898685776	KO	i.g.h.c.i.RequestTimeoutException: Request timeout to backend-qa.knoldus.com/34.132.142.94:443 after 60000 ms
REQUEST		Proposals	1672898682279	1672898685929	OK	 
USER	Create  Scenario	START	1672898686181
REQUEST		Proposal	1672898685183	1672898686339	OK	 
REQUEST		Proposal	1672898684184	1672898686358	OK	 
USER	Create  Scenario	END	1672898686419
REQUEST		Proposals	1672898682028	1672898686706	OK	 
USER	Create  Scenario	END	1672898686759
REQUEST		Edit Proposal	1672898686754	1672898687153	OK	 
USER	Create  Scenario	START	1672898687182
REQUEST		Proposal	1672898686182	1672898687381	OK	 
USER	Create  Scenario	END	1672898687968
USER	Create  Scenario	START	1672898688182
REQUEST		my Proposal	1672898628183	1672898688183	KO	i.g.h.c.i.RequestTimeoutException: Request timeout to backend-qa.knoldus.com/34.132.142.94:443 after 60000 ms
REQUEST		Edit Proposal	1672898686481	1672898688239	OK	 
REQUEST		Proposal	1672898688183	1672898689111	OK	 
USER	Create  Scenario	START	1672898689181
REQUEST		Edit Proposal	1672898688930	1672898689323	OK	 
REQUEST		Edit Proposal	1672898688777	1672898689897	OK	 
REQUEST		Edit Proposal	1672898689706	1672898690066	OK	 
USER	Create  Scenario	END	1672898690154
USER	Create  Scenario	START	1672898690181
USER	Create  Scenario	START	1672898691181
REQUEST		my Proposal	1672898631182	1672898691182	KO	i.g.h.c.i.RequestTimeoutException: Request timeout to backend-qa.knoldus.com/34.132.142.94:443 after 60000 ms
USER	Create  Scenario	END	1672898691239
REQUEST		Proposals	1672898685696	1672898691484	OK	 
REQUEST		Proposal	1672898691183	1672898692148	OK	 
REQUEST		my Proposal	1672898632182	1672898692182	KO	i.g.h.c.i.RequestTimeoutException: Request timeout to backend-qa.knoldus.com/34.132.142.94:443 after 60000 ms
USER	Create  Scenario	START	1672898692182
USER	Create  Scenario	END	1672898692324
USER	Create  Scenario	END	1672898692898
USER	Create  Scenario	END	1672898693067
REQUEST		my Proposal	1672898633182	1672898693182	KO	i.g.h.c.i.RequestTimeoutException: Request timeout to backend-qa.knoldus.com/34.132.142.94:443 after 60000 ms
USER	Create  Scenario	START	1672898693181
REQUEST		my Proposal	1672898686181	1672898693645	OK	 
USER	Create  Scenario	START	1672898694181
REQUEST		Edit Proposal	1672898694484	1672898694899	OK	 
USER	Create  Scenario	START	1672898695181
REQUEST		Proposal	1672898694183	1672898695287	OK	 
REQUEST		Proposals	1672898636216	1672898696216	KO	i.g.h.c.i.RequestTimeoutException: Request timeout to backend-qa.knoldus.com/34.132.142.94:443 after 60000 ms
USER	Create  Scenario	START	1672898696181
REQUEST		Proposal	1672898695182	1672898696298	OK	 
REQUEST		Proposal	1672898696646	1672898697018	OK	 
USER	Create  Scenario	START	1672898697181
REQUEST		Proposals	1672898689340	1672898697415	OK	 
REQUEST		Proposal	1672898696182	1672898697845	OK	 
USER	Create  Scenario	END	1672898697900
USER	Create  Scenario	START	1672898698181
REQUEST		my Proposal	1672898689181	1672898699048	OK	 
USER	Create  Scenario	START	1672898699182
REQUEST		Proposals	1672898692111	1672898699858	OK	 
REQUEST		Edit Proposal	1672898699217	1672898700142	OK	 
REQUEST		my Proposal	1672898640182	1672898700182	KO	i.g.h.c.i.RequestTimeoutException: Request timeout to backend-qa.knoldus.com/34.132.142.94:443 after 60000 ms
USER	Create  Scenario	START	1672898700182
REQUEST		my Proposal	1672898691181	1672898700712	OK	 
REQUEST		Edit Proposal	1672898700416	1672898700766	OK	 
USER	Create  Scenario	START	1672898701181
REQUEST		my Proposal	1672898642183	1672898702007	OK	 
USER	Create  Scenario	START	1672898702182
REQUEST		Proposal	1672898702049	1672898702460	OK	 
USER	Create  Scenario	END	1672898703143
USER	Create  Scenario	START	1672898703182
REQUEST		Edit Proposal	1672898702859	1672898703299	OK	 
REQUEST		Proposals	1672898643472	1672898703472	KO	i.g.h.c.i.RequestTimeoutException: Request timeout to backend-qa.knoldus.com/34.132.142.94:443 after 60000 ms
USER	Create  Scenario	END	1672898703767
REQUEST		Proposal	1672898703713	1672898704095	OK	 
REQUEST		my Proposal	1672898664183	1672898704107	OK	 
USER	Create  Scenario	START	1672898704182
REQUEST		Proposal	1672898703183	1672898704373	OK	 
USER	Create  Scenario	START	1672898705181
REQUEST		Proposal	1672898705007	1672898705430	OK	 
REQUEST		Proposals	1672898663800	1672898705477	OK	 
REQUEST		my Proposal	1672898695182	1672898705586	OK	 
USER	Create  Scenario	START	1672898706181
USER	Create  Scenario	END	1672898706300
USER	Create  Scenario	START	1672898707181
REQUEST		my Proposal	1672898647183	1672898707183	KO	i.g.h.c.i.RequestTimeoutException: Request timeout to backend-qa.knoldus.com/34.132.142.94:443 after 60000 ms
REQUEST		Proposals	1672898699299	1672898707278	OK	 
REQUEST		Proposal	1672898707108	1672898707495	OK	 
REQUEST		Edit Proposal	1672898706473	1672898707554	OK	 
USER	Create  Scenario	START	1672898708181
REQUEST		my Proposal	1672898648182	1672898708182	KO	i.g.h.c.i.RequestTimeoutException: Request timeout to backend-qa.knoldus.com/34.132.142.94:443 after 60000 ms
REQUEST		Edit Proposal	1672898708477	1672898708878	OK	 
REQUEST		Proposal	1672898708587	1672898708958	OK	 
REQUEST		Proposals	1672898649623	1672898709623	KO	i.g.h.c.i.RequestTimeoutException: Request timeout to backend-qa.knoldus.com/34.132.142.94:443 after 60000 ms
REQUEST		Proposals	1672898705461	1672898709873	OK	 
USER	Create  Scenario	END	1672898710558
REQUEST		Edit Proposal	1672898710279	1672898710752	OK	 
REQUEST		Proposal	1672898710184	1672898711070	OK	 
REQUEST		my Proposal	1672898651182	1672898711182	KO	i.g.h.c.i.RequestTimeoutException: Request timeout to backend-qa.knoldus.com/34.132.142.94:443 after 60000 ms
REQUEST		Proposals	1672898707096	1672898711253	OK	 
USER	Create  Scenario	END	1672898711879
REQUEST		Proposal	1672898711183	1672898712058	OK	 
REQUEST		my Proposal	1672898652181	1672898712181	KO	i.g.h.c.i.RequestTimeoutException: Request timeout to backend-qa.knoldus.com/34.132.142.94:443 after 60000 ms
REQUEST		my Proposal	1672898653182	1672898713182	KO	i.g.h.c.i.RequestTimeoutException: Request timeout to backend-qa.knoldus.com/34.132.142.94:443 after 60000 ms
REQUEST		Edit Proposal	1672898712874	1672898713187	OK	 
REQUEST		Edit Proposal	1672898712623	1672898713502	OK	 
USER	Create  Scenario	END	1672898713753
REQUEST		Edit Proposal	1672898714254	1672898714645	OK	 
REQUEST		my Proposal	1672898707181	1672898715354	OK	 
REQUEST		my Proposal	1672898656182	1672898716182	KO	i.g.h.c.i.RequestTimeoutException: Request timeout to backend-qa.knoldus.com/34.132.142.94:443 after 60000 ms
USER	Create  Scenario	END	1672898716188
REQUEST		Proposal	1672898715182	1672898716239	OK	 
USER	Create  Scenario	END	1672898716503
REQUEST		Proposal	1672898714183	1672898716590	OK	 
REQUEST		my Proposal	1672898657182	1672898717182	KO	i.g.h.c.i.RequestTimeoutException: Request timeout to backend-qa.knoldus.com/34.132.142.94:443 after 60000 ms
REQUEST		Proposals	1672898711958	1672898717552	OK	 
USER	Create  Scenario	END	1672898717645
REQUEST		Proposal	1672898718354	1672898718674	OK	 
REQUEST		Proposal	1672898716183	1672898718700	OK	 
REQUEST		my Proposal	1672898659182	1672898719058	OK	 
REQUEST		my Proposal	1672898670182	1672898719934	OK	 
REQUEST		Proposal	1672898719183	1672898720239	OK	 
REQUEST		Edit Proposal	1672898720553	1672898720944	OK	 
REQUEST		Proposal	1672898720183	1672898721285	OK	 
REQUEST		my Proposal	1672898673181	1672898721654	OK	 
REQUEST		Proposal	1672898722059	1672898722438	OK	 
REQUEST		my Proposal	1672898708182	1672898722514	OK	 
REQUEST		Proposals	1672898675707	1672898722923	OK	 
REQUEST		Proposal	1672898722936	1672898723234	OK	 
USER	Create  Scenario	END	1672898723944
REQUEST		my Proposal	1672898682182	1672898724933	OK	 
REQUEST		my Proposal	1672898675182	1672898725016	OK	 
REQUEST		Proposal	1672898724654	1672898725033	OK	 
REQUEST		Proposal	1672898725515	1672898725891	OK	 
REQUEST		my Proposal	1672898666182	1672898726182	KO	i.g.h.c.i.RequestTimeoutException: Request timeout to backend-qa.knoldus.com/34.132.142.94:443 after 60000 ms
REQUEST		Edit Proposal	1672898725924	1672898726327	OK	 
REQUEST		Proposals	1672898719240	1672898726992	OK	 
REQUEST		Proposals	1672898721674	1672898727556	OK	 
REQUEST		my Proposal	1672898685182	1672898727947	OK	 
REQUEST		my Proposal	1672898668182	1672898728182	KO	i.g.h.c.i.RequestTimeoutException: Request timeout to backend-qa.knoldus.com/34.132.142.94:443 after 60000 ms
REQUEST		Proposal	1672898727934	1672898728248	OK	 
REQUEST		Proposal	1672898728017	1672898728319	OK	 
REQUEST		Proposals	1672898700018	1672898728744	OK	 
REQUEST		my Proposal	1672898669181	1672898729182	KO	i.g.h.c.i.RequestTimeoutException: Request timeout to backend-qa.knoldus.com/34.132.142.94:443 after 60000 ms
USER	Create  Scenario	END	1672898729328
REQUEST		Proposals	1672898670312	1672898730312	KO	i.g.h.c.i.RequestTimeoutException: Request timeout to backend-qa.knoldus.com/34.132.142.94:443 after 60000 ms
REQUEST		Proposal	1672898729183	1672898730326	OK	 
REQUEST		Edit Proposal	1672898729993	1672898730383	OK	 
REQUEST		Edit Proposal	1672898730557	1672898730935	OK	 
REQUEST		Proposals	1672898678597	1672898731189	OK	 
REQUEST		Proposal	1672898730948	1672898731313	OK	 
REQUEST		Proposals	1672898671765	1672898731765	KO	i.g.h.c.i.RequestTimeoutException: Request timeout to backend-qa.knoldus.com/34.132.142.94:443 after 60000 ms
REQUEST		Edit Proposal	1672898731745	1672898732508	OK	 
REQUEST		my Proposal	1672898693181	1672898732550	OK	 
REQUEST		Proposal	1672898731183	1672898732740	OK	 
REQUEST		Proposals	1672898728892	1672898733300	OK	 
USER	Create  Scenario	END	1672898733384
REQUEST		my Proposal	1672898703182	1672898733659	OK	 
REQUEST		Proposal	1672898732182	1672898733668	OK	 
USER	Create  Scenario	END	1672898733936
REQUEST		my Proposal	1672898674182	1672898734182	KO	i.g.h.c.i.RequestTimeoutException: Request timeout to backend-qa.knoldus.com/34.132.142.94:443 after 60000 ms
REQUEST		Edit Proposal	1672898733313	1672898734208	OK	 
REQUEST		Edit Proposal	1672898734190	1672898734505	OK	 
REQUEST		my Proposal	1672898676181	1672898735163	OK	 
USER	Create  Scenario	END	1672898735509
REQUEST		my Proposal	1672898681181	1672898735705	OK	 
REQUEST		Proposal	1672898735551	1672898735922	OK	 
REQUEST		my Proposal	1672898687183	1672898736075	OK	 
REQUEST		my Proposal	1672898697182	1672898736087	OK	 
REQUEST		my Proposal	1672898688182	1672898736130	OK	 
REQUEST		Edit Proposal	1672898734766	1672898736224	OK	 
REQUEST		Edit Proposal	1672898736300	1672898736664	OK	 
REQUEST		Proposal	1672898736660	1672898737015	OK	 
REQUEST		my Proposal	1672898677183	1672898737183	KO	i.g.h.c.i.RequestTimeoutException: Request timeout to backend-qa.knoldus.com/34.132.142.94:443 after 60000 ms
REQUEST		Proposals	1672898733327	1672898737193	OK	 
USER	Create  Scenario	END	1672898737209
USER	Create  Scenario	END	1672898737505
REQUEST		Proposal	1672898737183	1672898738070	OK	 
REQUEST		my Proposal	1672898678182	1672898738182	KO	i.g.h.c.i.RequestTimeoutException: Request timeout to backend-qa.knoldus.com/34.132.142.94:443 after 60000 ms
REQUEST		Proposal	1672898738164	1672898738470	OK	 
REQUEST		Proposal	1672898738705	1672898739004	OK	 
REQUEST		my Proposal	1672898679182	1672898739182	KO	i.g.h.c.i.RequestTimeoutException: Request timeout to backend-qa.knoldus.com/34.132.142.94:443 after 60000 ms
USER	Create  Scenario	END	1672898739225
REQUEST		Proposal	1672898739076	1672898739377	OK	 
REQUEST		my Proposal	1672898694181	1672898739382	OK	 
REQUEST		Proposals	1672898714071	1672898739386	OK	 
REQUEST		Proposal	1672898739088	1672898739393	OK	 
REQUEST		Proposal	1672898739131	1672898739452	OK	 
USER	Create  Scenario	END	1672898739665
REQUEST		my Proposal	1672898680182	1672898740182	KO	i.g.h.c.i.RequestTimeoutException: Request timeout to backend-qa.knoldus.com/34.132.142.94:443 after 60000 ms
REQUEST		Edit Proposal	1672898740194	1672898740586	OK	 
REQUEST		Proposals	1672898723240	1672898741604	OK	 
REQUEST		my Proposal	1672898699182	1672898741749	OK	 
REQUEST		Proposal	1672898741183	1672898742273	OK	 
REQUEST		Proposals	1672898715059	1672898742288	OK	 
REQUEST		Edit Proposal	1672898742387	1672898742736	OK	 
REQUEST		Proposal	1672898742383	1672898742741	OK	 
REQUEST		Proposal	1672898740183	1672898742907	OK	 
REQUEST		Proposal	1672898742183	1672898743155	OK	 
REQUEST		my Proposal	1672898683181	1672898743181	KO	i.g.h.c.i.RequestTimeoutException: Request timeout to backend-qa.knoldus.com/34.132.142.94:443 after 60000 ms
REQUEST		Proposals	1672898721701	1672898743497	OK	 
REQUEST		Proposals	1672898689358	1672898743505	OK	 
USER	Create  Scenario	END	1672898743586
REQUEST		my Proposal	1672898696182	1672898743601	OK	 
REQUEST		my Proposal	1672898700182	1672898744146	OK	 
REQUEST		my Proposal	1672898684182	1672898744182	KO	i.g.h.c.i.RequestTimeoutException: Request timeout to backend-qa.knoldus.com/34.132.142.94:443 after 60000 ms
REQUEST		Proposal	1672898743183	1672898744192	OK	 
REQUEST		my Proposal	1672898702182	1672898744418	OK	 
REQUEST		Proposals	1672898698287	1672898744851	OK	 
REQUEST		Edit Proposal	1672898744605	1672898744965	OK	 
REQUEST		Proposal	1672898744750	1672898745082	OK	 
REQUEST		Proposals	1672898710496	1672898745312	OK	 
REQUEST		Edit Proposal	1672898745289	1672898745622	OK	 
USER	Create  Scenario	END	1672898745736
REQUEST		my Proposal	1672898706182	1672898746185	OK	 
REQUEST		my Proposal	1672898701181	1672898746965	OK	 
REQUEST		Edit Proposal	1672898746506	1672898747177	OK	 
REQUEST		Edit Proposal	1672898746498	1672898747195	OK	 
REQUEST		Proposal	1672898746602	1672898747239	OK	 
REQUEST		Proposals	1672898690382	1672898747434	OK	 
REQUEST		Proposal	1672898747147	1672898747484	OK	 
REQUEST		Proposal	1672898746182	1672898747546	OK	 
REQUEST		Proposal	1672898747419	1672898747739	OK	 
USER	Create  Scenario	END	1672898747966
REQUEST		Proposal	1672898747183	1672898748220	OK	 
REQUEST		Edit Proposal	1672898747852	1672898748247	OK	 
USER	Create  Scenario	END	1672898748623
REQUEST		Proposals	1672898725439	1672898748893	OK	 
REQUEST		Edit Proposal	1672898748313	1672898749215	OK	 
REQUEST		my Proposal	1672898692182	1672898749470	OK	 
REQUEST		Proposal	1672898749186	1672898750129	OK	 
USER	Create  Scenario	END	1672898750178
REQUEST		my Proposal	1672898690181	1672898750181	KO	i.g.h.c.i.RequestTimeoutException: Request timeout to backend-qa.knoldus.com/34.132.142.94:443 after 60000 ms
USER	Create  Scenario	END	1672898750195
REQUEST		Proposals	1672898719590	1672898750238	OK	 
REQUEST		Proposal	1672898749965	1672898750304	OK	 
REQUEST		my Proposal	1672898698182	1672898750344	OK	 
REQUEST		Edit Proposal	1672898750434	1672898750768	OK	 
REQUEST		Proposals	1672898695148	1672898750945	OK	 
USER	Create  Scenario	END	1672898751247
REQUEST		my Proposal	1672898705181	1672898751390	OK	 
REQUEST		Proposals	1672898742393	1672898752009	OK	 
USER	Create  Scenario	END	1672898752215
REQUEST		my Proposal	1672898704182	1672898752247	OK	 
REQUEST		Edit Proposal	1672898751894	1672898752301	OK	 
REQUEST		Proposal	1672898752471	1672898752799	OK	 
REQUEST		Proposals	1672898746155	1672898753369	OK	 
REQUEST		Proposals	1672898726235	1672898753388	OK	 
REQUEST		Proposals	1672898745274	1672898753506	OK	 
REQUEST		Edit Proposal	1672898753239	1672898753588	OK	 
REQUEST		Proposal	1672898753344	1672898753690	OK	 
USER	Create  Scenario	END	1672898753770
REQUEST		Proposal	1672898753181	1672898754084	OK	 
REQUEST		Edit Proposal	1672898753946	1672898754262	OK	 
REQUEST		Proposal	1672898754391	1672898754761	OK	 
USER	Create  Scenario	END	1672898755302
REQUEST		Edit Proposal	1672898755010	1672898755392	OK	 
REQUEST		Proposal	1672898755248	1672898755622	OK	 
REQUEST		Proposals	1672898707374	1672898755822	OK	 
REQUEST		Proposals	1672898745907	1672898756028	OK	 
USER	Create  Scenario	END	1672898756589
REQUEST		Proposals	1672898742004	1672898756639	OK	 
REQUEST		Edit Proposal	1672898756389	1672898756807	OK	 
REQUEST		Edit Proposal	1672898756507	1672898756900	OK	 
USER	Create  Scenario	END	1672898757263
REQUEST		Edit Proposal	1672898756370	1672898757320	OK	 
USER	Create  Scenario	END	1672898758392
REQUEST		Proposals	1672898731320	1672898758398	OK	 
REQUEST		Proposals	1672898708431	1672898759012	OK	 
REQUEST		Edit Proposal	1672898758822	1672898759178	OK	 
REQUEST		Proposals	1672898700846	1672898759336	OK	 
REQUEST		Edit Proposal	1672898759029	1672898759371	OK	 
REQUEST		Proposals	1672898750239	1672898759489	OK	 
USER	Create  Scenario	END	1672898759808
REQUEST		Proposals	1672898740016	1672898759821	OK	 
USER	Create  Scenario	END	1672898759901
REQUEST		Edit Proposal	1672898759640	1672898759953	OK	 
USER	Create  Scenario	END	1672898760320
REQUEST		Proposals	1672898735741	1672898760333	OK	 
REQUEST		Proposals	1672898731249	1672898760556	OK	 
REQUEST		Proposals	1672898753305	1672898761064	OK	 
REQUEST		Proposals	1672898748083	1672898761110	OK	 
REQUEST		Edit Proposal	1672898761399	1672898761930	OK	 
USER	Create  Scenario	END	1672898762179
USER	Create  Scenario	END	1672898762372
REQUEST		Proposals	1672898724286	1672898762393	OK	 
REQUEST		Edit Proposal	1672898762012	1672898762422	OK	 
REQUEST		Edit Proposal	1672898762336	1672898762643	OK	 
REQUEST		Edit Proposal	1672898762489	1672898762811	OK	 
USER	Create  Scenario	END	1672898762954
REQUEST		Proposals	1672898734314	1672898762993	OK	 
REQUEST		Edit Proposal	1672898762822	1672898763137	OK	 
REQUEST		Proposals	1672898736669	1672898763405	OK	 
REQUEST		Edit Proposal	1672898763334	1672898763648	OK	 
REQUEST		Proposals	1672898750485	1672898763648	OK	 
REQUEST		Edit Proposal	1672898763557	1672898763878	OK	 
REQUEST		Proposals	1672898728034	1672898764031	OK	 
REQUEST		Proposals	1672898738923	1672898764187	OK	 
REQUEST		Edit Proposal	1672898764066	1672898764379	OK	 
REQUEST		Edit Proposal	1672898764111	1672898764422	OK	 
USER	Create  Scenario	END	1672898764931
USER	Create  Scenario	END	1672898765423
REQUEST		Proposals	1672898741070	1672898765494	OK	 
USER	Create  Scenario	END	1672898765644
REQUEST		Edit Proposal	1672898765394	1672898765698	OK	 
USER	Create  Scenario	END	1672898765812
REQUEST		Proposals	1672898742453	1672898765872	OK	 
REQUEST		Proposals	1672898750546	1672898765990	OK	 
USER	Create  Scenario	END	1672898766138
REQUEST		Edit Proposal	1672898765994	1672898766336	OK	 
USER	Create  Scenario	END	1672898766649
REQUEST		Edit Proposal	1672898766406	1672898766802	OK	 
REQUEST		Proposals	1672898741471	1672898766812	OK	 
USER	Create  Scenario	END	1672898766879
REQUEST		Edit Proposal	1672898766649	1672898767027	OK	 
USER	Create  Scenario	END	1672898767380
REQUEST		Edit Proposal	1672898767032	1672898767402	OK	 
USER	Create  Scenario	END	1672898767423
REQUEST		Proposals	1672898757762	1672898767485	OK	 
REQUEST		Proposals	1672898742378	1672898767536	OK	 
REQUEST		Edit Proposal	1672898767187	1672898767554	OK	 
REQUEST		Proposals	1672898756691	1672898767617	OK	 
REQUEST		Proposals	1672898750740	1672898767644	OK	 
REQUEST		Proposals	1672898751221	1672898767948	OK	 
REQUEST		Proposals	1672898747192	1672898767957	OK	 
USER	Create  Scenario	END	1672898768699
REQUEST		Edit Proposal	1672898768495	1672898768804	OK	 
REQUEST		Edit Proposal	1672898768873	1672898769177	OK	 
REQUEST		Proposals	1672898758623	1672898769237	OK	 
REQUEST		Proposals	1672898755800	1672898769272	OK	 
REQUEST		Edit Proposal	1672898768991	1672898769311	OK	 
USER	Create  Scenario	END	1672898769337
REQUEST		Proposals	1672898757085	1672898769537	OK	 
USER	Create  Scenario	END	1672898769803
USER	Create  Scenario	END	1672898770028
REQUEST		Edit Proposal	1672898769813	1672898770122	OK	 
USER	Create  Scenario	END	1672898770403
USER	Create  Scenario	END	1672898770555
REQUEST		Edit Proposal	1672898770486	1672898770790	OK	 
REQUEST		Edit Proposal	1672898770537	1672898770845	OK	 
REQUEST		Edit Proposal	1672898770618	1672898770938	OK	 
REQUEST		Edit Proposal	1672898770644	1672898770977	OK	 
REQUEST		Edit Proposal	1672898770949	1672898771252	OK	 
REQUEST		Edit Proposal	1672898770958	1672898771272	OK	 
USER	Create  Scenario	END	1672898771805
USER	Create  Scenario	END	1672898772178
USER	Create  Scenario	END	1672898772312
REQUEST		Edit Proposal	1672898772237	1672898772546	OK	 
REQUEST		Edit Proposal	1672898772273	1672898772594	OK	 
REQUEST		Proposals	1672898745742	1672898772796	OK	 
REQUEST		Edit Proposal	1672898772538	1672898772854	OK	 
USER	Create  Scenario	END	1672898773123
USER	Create  Scenario	END	1672898773791
USER	Create  Scenario	END	1672898773846
USER	Create  Scenario	END	1672898773939
USER	Create  Scenario	END	1672898773978
USER	Create  Scenario	END	1672898774254
USER	Create  Scenario	END	1672898774274
USER	Create  Scenario	END	1672898775548
USER	Create  Scenario	END	1672898775595
USER	Create  Scenario	END	1672898775855
REQUEST		Proposals	1672898753130	1672898776067	OK	 
REQUEST		Edit Proposal	1672898775797	1672898776123	OK	 
USER	Create  Scenario	END	1672898779124
REQUEST		Edit Proposal	1672898779067	1672898779441	OK	 
USER	Create  Scenario	END	1672898782443
