RUN	Simulations.Runner.Go1percent	go1percent	1674753934710	 	3.5.1
USER	Summary API	START	1674753935757
USER	Summary API	START	1674753935730
USER	Summary API	START	1674753935736
USER	Summary API	START	1674753935777
USER	Summary API	START	1674753935797
USER	Summary API	START	1674753935818
USER	Summary API	START	1674753935838
USER	Summary API	START	1674753935858
USER	Summary API	START	1674753935879
USER	Summary API	START	1674753935899
USER	Summary API	START	1674753935919
USER	Summary API	START	1674753935939
USER	Summary API	START	1674753935960
USER	Summary API	START	1674753935980
USER	Summary API	START	1674753936000
USER	Summary API	START	1674753936020
USER	Summary API	START	1674753936042
USER	Summary API	START	1674753936061
USER	Summary API	START	1674753936081
USER	Summary API	START	1674753936101
USER	Summary API	START	1674753936121
USER	Summary API	START	1674753936141
USER	Summary API	START	1674753936161
USER	Summary API	START	1674753936181
USER	Summary API	START	1674753936202
USER	Summary API	START	1674753936222
USER	Summary API	START	1674753936242
USER	Summary API	START	1674753936262
USER	Summary API	START	1674753936282
USER	Summary API	START	1674753936302
USER	Summary API	START	1674753936322
USER	Summary API	START	1674753936342
USER	Summary API	START	1674753936362
USER	Summary API	START	1674753936382
USER	Summary API	START	1674753936402
USER	Summary API	START	1674753936422
USER	Summary API	START	1674753936442
USER	Summary API	START	1674753936462
USER	Summary API	START	1674753936483
USER	Summary API	START	1674753936503
USER	Summary API	START	1674753936523
USER	Summary API	START	1674753936543
USER	Summary API	START	1674753936563
USER	Summary API	START	1674753936583
USER	Summary API	START	1674753936603
USER	Summary API	START	1674753936623
USER	Summary API	START	1674753936643
USER	Summary API	START	1674753936663
REQUEST		Monthly Contribution-Fetch monthly data of user like contributions done in a month and scored according to contribution	1674753935764	1674753936668	OK	 
REQUEST		Monthly Contribution-Fetch monthly data of user like contributions done in a month and scored according to contribution	1674753935839	1674753936680	OK	 
REQUEST		Monthly Contribution-Fetch monthly data of user like contributions done in a month and scored according to contribution	1674753935764	1674753936668	OK	 
REQUEST		Monthly Contribution-Fetch monthly data of user like contributions done in a month and scored according to contribution	1674753935777	1674753936668	OK	 
REQUEST		Monthly Contribution-Fetch monthly data of user like contributions done in a month and scored according to contribution	1674753935798	1674753936668	OK	 
REQUEST		Monthly Contribution-Fetch monthly data of user like contributions done in a month and scored according to contribution	1674753935818	1674753936668	OK	 
REQUEST		Monthly Contribution-Fetch monthly data of user like contributions done in a month and scored according to contribution	1674753935764	1674753936668	OK	 
USER	Summary API	START	1674753936690
REQUEST		Monthly Contribution-Fetch monthly data of user like contributions done in a month and scored according to contribution	1674753935859	1674753936694	OK	 
USER	Summary API	START	1674753936704
REQUEST		Monthly Contribution-Fetch monthly data of user like contributions done in a month and scored according to contribution	1674753935879	1674753936730	OK	 
REQUEST		Monthly Contribution-Fetch monthly data of user like contributions done in a month and scored according to contribution	1674753935900	1674753936740	OK	 
REQUEST		Monthly Contribution-Fetch monthly data of user like contributions done in a month and scored according to contribution	1674753935920	1674753936765	OK	 
REQUEST		Monthly Contribution-Fetch monthly data of user like contributions done in a month and scored according to contribution	1674753935940	1674753936785	OK	 
REQUEST		Monthly Contribution-Fetch monthly data of user like contributions done in a month and scored according to contribution	1674753935960	1674753936803	OK	 
REQUEST		Monthly Contribution-Fetch monthly data of user like contributions done in a month and scored according to contribution	1674753935980	1674753936843	OK	 
REQUEST		Monthly Contribution-Fetch monthly data of user like contributions done in a month and scored according to contribution	1674753936000	1674753936844	OK	 
REQUEST		Monthly Contribution-Fetch monthly data of user like contributions done in a month and scored according to contribution	1674753936021	1674753936863	OK	 
REQUEST		Monthly Contribution-Fetch monthly data of user like contributions done in a month and scored according to contribution	1674753936043	1674753936896	OK	 
REQUEST		Monthly Contribution-Fetch monthly data of user like contributions done in a month and scored according to contribution	1674753936061	1674753936902	OK	 
REQUEST		Monthly Contribution-Fetch monthly data of user like contributions done in a month and scored according to contribution	1674753936081	1674753936933	OK	 
REQUEST		Monthly Contribution-Fetch monthly data of user like contributions done in a month and scored according to contribution	1674753936101	1674753936938	OK	 
REQUEST		Monthly Contribution-Fetch monthly data of user like contributions done in a month and scored according to contribution	1674753936122	1674753936980	OK	 
REQUEST		Monthly Contribution-Fetch monthly data of user like contributions done in a month and scored according to contribution	1674753936142	1674753936985	OK	 
REQUEST		Monthly Contribution-Fetch monthly data of user like contributions done in a month and scored according to contribution	1674753936162	1674753936995	OK	 
REQUEST		Monthly Contribution-Fetch monthly data of user like contributions done in a month and scored according to contribution	1674753936202	1674753937027	OK	 
REQUEST		Monthly Contribution-Fetch monthly data of user like contributions done in a month and scored according to contribution	1674753936182	1674753937033	OK	 
REQUEST		Monthly Contribution-Fetch monthly data of user like contributions done in a month and scored according to contribution	1674753936222	1674753937086	OK	 
REQUEST		Monthly Contribution-Fetch monthly data of user like contributions done in a month and scored according to contribution	1674753936242	1674753937090	OK	 
REQUEST		Monthly Contribution-Fetch monthly data of user like contributions done in a month and scored according to contribution	1674753936262	1674753937103	OK	 
REQUEST		Monthly Contribution-Fetch monthly data of user like contributions done in a month and scored according to contribution	1674753936282	1674753937127	OK	 
REQUEST		Monthly Contribution-Fetch monthly data of user like contributions done in a month and scored according to contribution	1674753936302	1674753937142	OK	 
REQUEST		Monthly Contribution-Fetch monthly data of user like contributions done in a month and scored according to contribution	1674753936323	1674753937152	OK	 
REQUEST		Monthly Contribution-Fetch monthly data of user like contributions done in a month and scored according to contribution	1674753936342	1674753937169	OK	 
REQUEST		Monthly Contribution-Fetch monthly data of user like contributions done in a month and scored according to contribution	1674753936362	1674753937203	OK	 
REQUEST		Monthly Contribution-Fetch monthly data of user like contributions done in a month and scored according to contribution	1674753936383	1674753937223	OK	 
REQUEST		Monthly Contribution-Fetch monthly data of user like contributions done in a month and scored according to contribution	1674753936423	1674753937251	OK	 
REQUEST		Monthly Contribution-Fetch monthly data of user like contributions done in a month and scored according to contribution	1674753936403	1674753937255	OK	 
REQUEST		Monthly Contribution-Fetch monthly data of user like contributions done in a month and scored according to contribution	1674753936443	1674753937268	OK	 
REQUEST		Monthly Contribution-Fetch monthly data of user like contributions done in a month and scored according to contribution	1674753936463	1674753937330	OK	 
REQUEST		Monthly Contribution-Fetch monthly data of user like contributions done in a month and scored according to contribution	1674753936503	1674753937336	OK	 
REQUEST		Monthly Contribution-Fetch monthly data of user like contributions done in a month and scored according to contribution	1674753936483	1674753937336	OK	 
REQUEST		Monthly Contribution-Fetch monthly data of user like contributions done in a month and scored according to contribution	1674753936523	1674753937358	OK	 
REQUEST		Monthly Contribution-Fetch monthly data of user like contributions done in a month and scored according to contribution	1674753936543	1674753937386	OK	 
REQUEST		Monthly Contribution-Fetch monthly data of user like contributions done in a month and scored according to contribution	1674753936563	1674753937407	OK	 
REQUEST		Monthly Contribution-Fetch monthly data of user like contributions done in a month and scored according to contribution	1674753936583	1674753937423	OK	 
REQUEST		Monthly Contribution-Fetch monthly data of user like contributions done in a month and scored according to contribution	1674753936603	1674753937446	OK	 
REQUEST		Monthly Contribution-Fetch monthly data of user like contributions done in a month and scored according to contribution	1674753936623	1674753937464	OK	 
REQUEST		Monthly Contribution-Fetch monthly data of user like contributions done in a month and scored according to contribution	1674753936643	1674753937488	OK	 
REQUEST		Monthly Contribution-Fetch monthly data of user like contributions done in a month and scored according to contribution	1674753936663	1674753937495	OK	 
REQUEST		Monthly Contribution-Fetch monthly data of user like contributions done in a month and scored according to contribution	1674753936690	1674753937524	OK	 
REQUEST		Monthly Contribution-Fetch monthly data of user like contributions done in a month and scored according to contribution	1674753936704	1674753937527	OK	 
REQUEST		Reputation- Fetch monthly contributions and all-time contributions data	1674753939689	1674753941098	OK	 
REQUEST		Reputation- Fetch monthly contributions and all-time contributions data	1674753939695	1674753941101	OK	 
REQUEST		Reputation- Fetch monthly contributions and all-time contributions data	1674753939689	1674753941105	OK	 
REQUEST		Reputation- Fetch monthly contributions and all-time contributions data	1674753939691	1674753941105	OK	 
REQUEST		Reputation- Fetch monthly contributions and all-time contributions data	1674753939689	1674753941111	OK	 
REQUEST		Reputation- Fetch monthly contributions and all-time contributions data	1674753939689	1674753941131	OK	 
REQUEST		Reputation- Fetch monthly contributions and all-time contributions data	1674753939689	1674753941132	OK	 
REQUEST		Reputation- Fetch monthly contributions and all-time contributions data	1674753939742	1674753941155	OK	 
REQUEST		Reputation- Fetch monthly contributions and all-time contributions data	1674753939689	1674753941162	OK	 
REQUEST		Reputation- Fetch monthly contributions and all-time contributions data	1674753939731	1674753941163	OK	 
REQUEST		Reputation- Fetch monthly contributions and all-time contributions data	1674753939766	1674753941169	OK	 
REQUEST		Reputation- Fetch monthly contributions and all-time contributions data	1674753939786	1674753941181	OK	 
REQUEST		Reputation- Fetch monthly contributions and all-time contributions data	1674753939804	1674753941183	OK	 
REQUEST		Reputation- Fetch monthly contributions and all-time contributions data	1674753939846	1674753941204	OK	 
REQUEST		Reputation- Fetch monthly contributions and all-time contributions data	1674753939844	1674753941213	OK	 
REQUEST		Reputation- Fetch monthly contributions and all-time contributions data	1674753939864	1674753941247	OK	 
REQUEST		Reputation- Fetch monthly contributions and all-time contributions data	1674753939939	1674753941321	OK	 
REQUEST		Reputation- Fetch monthly contributions and all-time contributions data	1674753939897	1674753941322	OK	 
REQUEST		Reputation- Fetch monthly contributions and all-time contributions data	1674753939903	1674753941322	OK	 
REQUEST		Reputation- Fetch monthly contributions and all-time contributions data	1674753939934	1674753941331	OK	 
REQUEST		Reputation- Fetch monthly contributions and all-time contributions data	1674753939981	1674753941354	OK	 
REQUEST		Reputation- Fetch monthly contributions and all-time contributions data	1674753939997	1674753941367	OK	 
REQUEST		Reputation- Fetch monthly contributions and all-time contributions data	1674753939986	1674753941371	OK	 
REQUEST		Reputation- Fetch monthly contributions and all-time contributions data	1674753940029	1674753941382	OK	 
REQUEST		Reputation- Fetch monthly contributions and all-time contributions data	1674753940034	1674753941449	OK	 
REQUEST		Reputation- Fetch monthly contributions and all-time contributions data	1674753940091	1674753941467	OK	 
REQUEST		Reputation- Fetch monthly contributions and all-time contributions data	1674753940087	1674753941474	OK	 
REQUEST		Reputation- Fetch monthly contributions and all-time contributions data	1674753940104	1674753941478	OK	 
REQUEST		Reputation- Fetch monthly contributions and all-time contributions data	1674753940128	1674753941517	OK	 
REQUEST		Reputation- Fetch monthly contributions and all-time contributions data	1674753940153	1674753941518	OK	 
REQUEST		Reputation- Fetch monthly contributions and all-time contributions data	1674753940143	1674753941520	OK	 
REQUEST		Reputation- Fetch monthly contributions and all-time contributions data	1674753940170	1674753941532	OK	 
REQUEST		Reputation- Fetch monthly contributions and all-time contributions data	1674753940204	1674753941606	OK	 
REQUEST		Reputation- Fetch monthly contributions and all-time contributions data	1674753940252	1674753941616	OK	 
REQUEST		Reputation- Fetch monthly contributions and all-time contributions data	1674753940268	1674753941631	OK	 
REQUEST		Reputation- Fetch monthly contributions and all-time contributions data	1674753940223	1674753941632	OK	 
REQUEST		Reputation- Fetch monthly contributions and all-time contributions data	1674753940256	1674753941633	OK	 
REQUEST		Reputation- Fetch monthly contributions and all-time contributions data	1674753940338	1674753941702	OK	 
REQUEST		Reputation- Fetch monthly contributions and all-time contributions data	1674753940337	1674753941709	OK	 
REQUEST		Reputation- Fetch monthly contributions and all-time contributions data	1674753940331	1674753941721	OK	 
REQUEST		Reputation- Fetch monthly contributions and all-time contributions data	1674753940359	1674753941723	OK	 
REQUEST		Reputation- Fetch monthly contributions and all-time contributions data	1674753940424	1674753941791	OK	 
REQUEST		Reputation- Fetch monthly contributions and all-time contributions data	1674753940409	1674753941793	OK	 
REQUEST		Reputation- Fetch monthly contributions and all-time contributions data	1674753940387	1674753941792	OK	 
REQUEST		Reputation- Fetch monthly contributions and all-time contributions data	1674753940496	1674753941857	OK	 
REQUEST		Reputation- Fetch monthly contributions and all-time contributions data	1674753940489	1674753941863	OK	 
REQUEST		Reputation- Fetch monthly contributions and all-time contributions data	1674753940447	1674753941864	OK	 
REQUEST		Reputation- Fetch monthly contributions and all-time contributions data	1674753940465	1674753941883	OK	 
REQUEST		Reputation- Fetch monthly contributions and all-time contributions data	1674753940528	1674753941905	OK	 
REQUEST		Reputation- Fetch monthly contributions and all-time contributions data	1674753940525	1674753941957	OK	 
REQUEST		Hall of Frame-Fetches the top five monthly rankers for all the months in each year	1674753944106	1674753944663	OK	 
REQUEST		Hall of Frame-Fetches the top five monthly rankers for all the months in each year	1674753944106	1674753944664	OK	 
REQUEST		Hall of Frame-Fetches the top five monthly rankers for all the months in each year	1674753944112	1674753944671	OK	 
REQUEST		Hall of Frame-Fetches the top five monthly rankers for all the months in each year	1674753944132	1674753944685	OK	 
REQUEST		Hall of Frame-Fetches the top five monthly rankers for all the months in each year	1674753944156	1674753944712	OK	 
REQUEST		Hall of Frame-Fetches the top five monthly rankers for all the months in each year	1674753944133	1674753944726	OK	 
REQUEST		Hall of Frame-Fetches the top five monthly rankers for all the months in each year	1674753944163	1674753944750	OK	 
REQUEST		Hall of Frame-Fetches the top five monthly rankers for all the months in each year	1674753944164	1674753944752	OK	 
REQUEST		Hall of Frame-Fetches the top five monthly rankers for all the months in each year	1674753944183	1674753944758	OK	 
REQUEST		Hall of Frame-Fetches the top five monthly rankers for all the months in each year	1674753944170	1674753944759	OK	 
REQUEST		Hall of Frame-Fetches the top five monthly rankers for all the months in each year	1674753944181	1674753944760	OK	 
REQUEST		Hall of Frame-Fetches the top five monthly rankers for all the months in each year	1674753944214	1674753944768	OK	 
REQUEST		Hall of Frame-Fetches the top five monthly rankers for all the months in each year	1674753944247	1674753944809	OK	 
REQUEST		Hall of Frame-Fetches the top five monthly rankers for all the months in each year	1674753944323	1674753944888	OK	 
REQUEST		Hall of Frame-Fetches the top five monthly rankers for all the months in each year	1674753944323	1674753944907	OK	 
REQUEST		Hall of Frame-Fetches the top five monthly rankers for all the months in each year	1674753944332	1674753944925	OK	 
REQUEST		Hall of Frame-Fetches the top five monthly rankers for all the months in each year	1674753944355	1674753944925	OK	 
REQUEST		Hall of Frame-Fetches the top five monthly rankers for all the months in each year	1674753944102	1674753944928	OK	 
REQUEST		Hall of Frame-Fetches the top five monthly rankers for all the months in each year	1674753944099	1674753944928	OK	 
REQUEST		Hall of Frame-Fetches the top five monthly rankers for all the months in each year	1674753944368	1674753944932	OK	 
REQUEST		Hall of Frame-Fetches the top five monthly rankers for all the months in each year	1674753944383	1674753944935	OK	 
REQUEST		Hall of Frame-Fetches the top five monthly rankers for all the months in each year	1674753944372	1674753944940	OK	 
REQUEST		Hall of Frame-Fetches the top five monthly rankers for all the months in each year	1674753944450	1674753945013	OK	 
REQUEST		Hall of Frame-Fetches the top five monthly rankers for all the months in each year	1674753944206	1674753945024	OK	 
REQUEST		Hall of Frame-Fetches the top five monthly rankers for all the months in each year	1674753944468	1674753945026	OK	 
REQUEST		Hall of Frame-Fetches the top five monthly rankers for all the months in each year	1674753944479	1674753945034	OK	 
REQUEST		Hall of Frame-Fetches the top five monthly rankers for all the months in each year	1674753944476	1674753945038	OK	 
REQUEST		Hall of Frame-Fetches the top five monthly rankers for all the months in each year	1674753944519	1674753945093	OK	 
REQUEST		Hall of Frame-Fetches the top five monthly rankers for all the months in each year	1674753944533	1674753945102	OK	 
REQUEST		Hall of Frame-Fetches the top five monthly rankers for all the months in each year	1674753944518	1674753945104	OK	 
REQUEST		Hall of Frame-Fetches the top five monthly rankers for all the months in each year	1674753944323	1674753945154	OK	 
REQUEST		Hall of Frame-Fetches the top five monthly rankers for all the months in each year	1674753944607	1674753945165	OK	 
REQUEST		Hall of Frame-Fetches the top five monthly rankers for all the months in each year	1674753944631	1674753945182	OK	 
REQUEST		Hall of Frame-Fetches the top five monthly rankers for all the months in each year	1674753944633	1674753945189	OK	 
REQUEST		Hall of Frame-Fetches the top five monthly rankers for all the months in each year	1674753944632	1674753945193	OK	 
REQUEST		Hall of Frame-Fetches the top five monthly rankers for all the months in each year	1674753944703	1674753945283	OK	 
REQUEST		Hall of Frame-Fetches the top five monthly rankers for all the months in each year	1674753944710	1674753945290	OK	 
REQUEST		Hall of Frame-Fetches the top five monthly rankers for all the months in each year	1674753944722	1674753945305	OK	 
REQUEST		Hall of Frame-Fetches the top five monthly rankers for all the months in each year	1674753944792	1674753945346	OK	 
REQUEST		Hall of Frame-Fetches the top five monthly rankers for all the months in each year	1674753944794	1674753945352	OK	 
REQUEST		Hall of Frame-Fetches the top five monthly rankers for all the months in each year	1674753944521	1674753945375	OK	 
REQUEST		Hall of Frame-Fetches the top five monthly rankers for all the months in each year	1674753944864	1674753945424	OK	 
REQUEST		Hall of Frame-Fetches the top five monthly rankers for all the months in each year	1674753944617	1674753945432	OK	 
REQUEST		Hall of Frame-Fetches the top five monthly rankers for all the months in each year	1674753944884	1674753945438	OK	 
REQUEST		Hall of Frame-Fetches the top five monthly rankers for all the months in each year	1674753944907	1674753945478	OK	 
REQUEST		Hall of Frame-Fetches the top five monthly rankers for all the months in each year	1674753944958	1674753945511	OK	 
REQUEST		Hall of Frame-Fetches the top five monthly rankers for all the months in each year	1674753944724	1674753945567	OK	 
REQUEST		Hall of Frame-Fetches the top five monthly rankers for all the months in each year	1674753944794	1674753945620	OK	 
REQUEST		Hall of Frame-Fetches the top five monthly rankers for all the months in each year	1674753944858	1674753945678	OK	 
REQUEST		Hall of Frame-Fetches the top five monthly rankers for all the months in each year	1674753944865	1674753945693	OK	 
REQUEST		Dynamic Score -Fetches all the points of Contribution	1674753947665	1674753947949	OK	 
REQUEST		Dynamic Score -Fetches all the points of Contribution	1674753947664	1674753947951	OK	 
REQUEST		Dynamic Score -Fetches all the points of Contribution	1674753947672	1674753947956	OK	 
REQUEST		Dynamic Score -Fetches all the points of Contribution	1674753947686	1674753947968	OK	 
REQUEST		Dynamic Score -Fetches all the points of Contribution	1674753947713	1674753947995	OK	 
REQUEST		Dynamic Score -Fetches all the points of Contribution	1674753947727	1674753948008	OK	 
REQUEST		Dynamic Score -Fetches all the points of Contribution	1674753947751	1674753948038	OK	 
REQUEST		Dynamic Score -Fetches all the points of Contribution	1674753947753	1674753948038	OK	 
REQUEST		Dynamic Score -Fetches all the points of Contribution	1674753947759	1674753948042	OK	 
REQUEST		Dynamic Score -Fetches all the points of Contribution	1674753947759	1674753948042	OK	 
REQUEST		Dynamic Score -Fetches all the points of Contribution	1674753947760	1674753948053	OK	 
REQUEST		Dynamic Score -Fetches all the points of Contribution	1674753947769	1674753948058	OK	 
REQUEST		Dynamic Score -Fetches all the points of Contribution	1674753947810	1674753948093	OK	 
REQUEST		Dynamic Score -Fetches all the points of Contribution	1674753947889	1674753948173	OK	 
REQUEST		Dynamic Score -Fetches all the points of Contribution	1674753947908	1674753948188	OK	 
REQUEST		Dynamic Score -Fetches all the points of Contribution	1674753947926	1674753948209	OK	 
REQUEST		Dynamic Score -Fetches all the points of Contribution	1674753947929	1674753948212	OK	 
REQUEST		Dynamic Score -Fetches all the points of Contribution	1674753947936	1674753948213	OK	 
REQUEST		Dynamic Score -Fetches all the points of Contribution	1674753947933	1674753948214	OK	 
REQUEST		Dynamic Score -Fetches all the points of Contribution	1674753947928	1674753948214	OK	 
REQUEST		Dynamic Score -Fetches all the points of Contribution	1674753947926	1674753948215	OK	 
REQUEST		Dynamic Score -Fetches all the points of Contribution	1674753947941	1674753948224	OK	 
REQUEST		Dynamic Score -Fetches all the points of Contribution	1674753948014	1674753948307	OK	 
REQUEST		Dynamic Score -Fetches all the points of Contribution	1674753948024	1674753948309	OK	 
REQUEST		Dynamic Score -Fetches all the points of Contribution	1674753948027	1674753948315	OK	 
REQUEST		Dynamic Score -Fetches all the points of Contribution	1674753948036	1674753948322	OK	 
REQUEST		Dynamic Score -Fetches all the points of Contribution	1674753948039	1674753948322	OK	 
REQUEST		Dynamic Score -Fetches all the points of Contribution	1674753948094	1674753948373	OK	 
REQUEST		Dynamic Score -Fetches all the points of Contribution	1674753948103	1674753948382	OK	 
REQUEST		Dynamic Score -Fetches all the points of Contribution	1674753948104	1674753948388	OK	 
REQUEST		Dynamic Score -Fetches all the points of Contribution	1674753948155	1674753948437	OK	 
REQUEST		Dynamic Score -Fetches all the points of Contribution	1674753948166	1674753948447	OK	 
REQUEST		Dynamic Score -Fetches all the points of Contribution	1674753948183	1674753948459	OK	 
REQUEST		Dynamic Score -Fetches all the points of Contribution	1674753948190	1674753948470	OK	 
REQUEST		Dynamic Score -Fetches all the points of Contribution	1674753948194	1674753948474	OK	 
REQUEST		Dynamic Score -Fetches all the points of Contribution	1674753948284	1674753948571	OK	 
REQUEST		Dynamic Score -Fetches all the points of Contribution	1674753948291	1674753948575	OK	 
REQUEST		Dynamic Score -Fetches all the points of Contribution	1674753948306	1674753948592	OK	 
REQUEST		Dynamic Score -Fetches all the points of Contribution	1674753948347	1674753948627	OK	 
REQUEST		Dynamic Score -Fetches all the points of Contribution	1674753948353	1674753948635	OK	 
REQUEST		Dynamic Score -Fetches all the points of Contribution	1674753948376	1674753948659	OK	 
REQUEST		Dynamic Score -Fetches all the points of Contribution	1674753948425	1674753948708	OK	 
REQUEST		Dynamic Score -Fetches all the points of Contribution	1674753948433	1674753948710	OK	 
REQUEST		Dynamic Score -Fetches all the points of Contribution	1674753948439	1674753948721	OK	 
REQUEST		Dynamic Score -Fetches all the points of Contribution	1674753948479	1674753948758	OK	 
REQUEST		Dynamic Score -Fetches all the points of Contribution	1674753948512	1674753948793	OK	 
REQUEST		Dynamic Score -Fetches all the points of Contribution	1674753948568	1674753948847	OK	 
REQUEST		Dynamic Score -Fetches all the points of Contribution	1674753948621	1674753948903	OK	 
REQUEST		Dynamic Score -Fetches all the points of Contribution	1674753948679	1674753948964	OK	 
REQUEST		Dynamic Score -Fetches all the points of Contribution	1674753948694	1674753948976	OK	 
REQUEST		Individual Contribution-Retrieve the individual data of knolder like his email,contribution and the score of each contribution	1674753950950	1674753951237	OK	 
REQUEST		Individual Contribution-Retrieve the individual data of knolder like his email,contribution and the score of each contribution	1674753950952	1674753951237	OK	 
REQUEST		Individual Contribution-Retrieve the individual data of knolder like his email,contribution and the score of each contribution	1674753950957	1674753951246	OK	 
REQUEST		Individual Contribution-Retrieve the individual data of knolder like his email,contribution and the score of each contribution	1674753950969	1674753951255	OK	 
REQUEST		Individual Contribution-Retrieve the individual data of knolder like his email,contribution and the score of each contribution	1674753950996	1674753951284	OK	 
REQUEST		Individual Contribution-Retrieve the individual data of knolder like his email,contribution and the score of each contribution	1674753951008	1674753951292	OK	 
REQUEST		Individual Contribution-Retrieve the individual data of knolder like his email,contribution and the score of each contribution	1674753951038	1674753951325	OK	 
REQUEST		Individual Contribution-Retrieve the individual data of knolder like his email,contribution and the score of each contribution	1674753951039	1674753951326	OK	 
REQUEST		Individual Contribution-Retrieve the individual data of knolder like his email,contribution and the score of each contribution	1674753951043	1674753951328	OK	 
REQUEST		Individual Contribution-Retrieve the individual data of knolder like his email,contribution and the score of each contribution	1674753951043	1674753951328	OK	 
REQUEST		Individual Contribution-Retrieve the individual data of knolder like his email,contribution and the score of each contribution	1674753951059	1674753951347	OK	 
REQUEST		Individual Contribution-Retrieve the individual data of knolder like his email,contribution and the score of each contribution	1674753951053	1674753951348	OK	 
REQUEST		Individual Contribution-Retrieve the individual data of knolder like his email,contribution and the score of each contribution	1674753951094	1674753951379	OK	 
REQUEST		Individual Contribution-Retrieve the individual data of knolder like his email,contribution and the score of each contribution	1674753951175	1674753951460	OK	 
REQUEST		Individual Contribution-Retrieve the individual data of knolder like his email,contribution and the score of each contribution	1674753951189	1674753951470	OK	 
REQUEST		Individual Contribution-Retrieve the individual data of knolder like his email,contribution and the score of each contribution	1674753951210	1674753951492	OK	 
REQUEST		Individual Contribution-Retrieve the individual data of knolder like his email,contribution and the score of each contribution	1674753951213	1674753951493	OK	 
REQUEST		Individual Contribution-Retrieve the individual data of knolder like his email,contribution and the score of each contribution	1674753951215	1674753951497	OK	 
REQUEST		Individual Contribution-Retrieve the individual data of knolder like his email,contribution and the score of each contribution	1674753951214	1674753951498	OK	 
REQUEST		Individual Contribution-Retrieve the individual data of knolder like his email,contribution and the score of each contribution	1674753951212	1674753951502	OK	 
REQUEST		Individual Contribution-Retrieve the individual data of knolder like his email,contribution and the score of each contribution	1674753951216	1674753951503	OK	 
REQUEST		Individual Contribution-Retrieve the individual data of knolder like his email,contribution and the score of each contribution	1674753951225	1674753951508	OK	 
REQUEST		Individual Contribution-Retrieve the individual data of knolder like his email,contribution and the score of each contribution	1674753951310	1674753951596	OK	 
REQUEST		Individual Contribution-Retrieve the individual data of knolder like his email,contribution and the score of each contribution	1674753951308	1674753951599	OK	 
REQUEST		Individual Contribution-Retrieve the individual data of knolder like his email,contribution and the score of each contribution	1674753951316	1674753951601	OK	 
REQUEST		Individual Contribution-Retrieve the individual data of knolder like his email,contribution and the score of each contribution	1674753951323	1674753951606	OK	 
REQUEST		Individual Contribution-Retrieve the individual data of knolder like his email,contribution and the score of each contribution	1674753951323	1674753951606	OK	 
REQUEST		Individual Contribution-Retrieve the individual data of knolder like his email,contribution and the score of each contribution	1674753951374	1674753951654	OK	 
REQUEST		Individual Contribution-Retrieve the individual data of knolder like his email,contribution and the score of each contribution	1674753951382	1674753951661	OK	 
REQUEST		Individual Contribution-Retrieve the individual data of knolder like his email,contribution and the score of each contribution	1674753951389	1674753951673	OK	 
REQUEST		Individual Contribution-Retrieve the individual data of knolder like his email,contribution and the score of each contribution	1674753951438	1674753951721	OK	 
REQUEST		Individual Contribution-Retrieve the individual data of knolder like his email,contribution and the score of each contribution	1674753951448	1674753951729	OK	 
REQUEST		Individual Contribution-Retrieve the individual data of knolder like his email,contribution and the score of each contribution	1674753951460	1674753951735	OK	 
REQUEST		Individual Contribution-Retrieve the individual data of knolder like his email,contribution and the score of each contribution	1674753951471	1674753951751	OK	 
REQUEST		Individual Contribution-Retrieve the individual data of knolder like his email,contribution and the score of each contribution	1674753951474	1674753951756	OK	 
REQUEST		Individual Contribution-Retrieve the individual data of knolder like his email,contribution and the score of each contribution	1674753951571	1674753951858	OK	 
REQUEST		Individual Contribution-Retrieve the individual data of knolder like his email,contribution and the score of each contribution	1674753951576	1674753951859	OK	 
REQUEST		Individual Contribution-Retrieve the individual data of knolder like his email,contribution and the score of each contribution	1674753951593	1674753951878	OK	 
REQUEST		Individual Contribution-Retrieve the individual data of knolder like his email,contribution and the score of each contribution	1674753951628	1674753951908	OK	 
REQUEST		Individual Contribution-Retrieve the individual data of knolder like his email,contribution and the score of each contribution	1674753951636	1674753951917	OK	 
REQUEST		Individual Contribution-Retrieve the individual data of knolder like his email,contribution and the score of each contribution	1674753951660	1674753951942	OK	 
REQUEST		Individual Contribution-Retrieve the individual data of knolder like his email,contribution and the score of each contribution	1674753951711	1674753951988	OK	 
REQUEST		Individual Contribution-Retrieve the individual data of knolder like his email,contribution and the score of each contribution	1674753951709	1674753951991	OK	 
REQUEST		Individual Contribution-Retrieve the individual data of knolder like his email,contribution and the score of each contribution	1674753951722	1674753952007	OK	 
REQUEST		Individual Contribution-Retrieve the individual data of knolder like his email,contribution and the score of each contribution	1674753951758	1674753952036	OK	 
REQUEST		Individual Contribution-Retrieve the individual data of knolder like his email,contribution and the score of each contribution	1674753951794	1674753952074	OK	 
REQUEST		Individual Contribution-Retrieve the individual data of knolder like his email,contribution and the score of each contribution	1674753951848	1674753952128	OK	 
REQUEST		Individual Contribution-Retrieve the individual data of knolder like his email,contribution and the score of each contribution	1674753951904	1674753952192	OK	 
REQUEST		Individual Contribution-Retrieve the individual data of knolder like his email,contribution and the score of each contribution	1674753951965	1674753952244	OK	 
REQUEST		Individual Contribution-Retrieve the individual data of knolder like his email,contribution and the score of each contribution	1674753951977	1674753952259	OK	 
USER	Summary API	END	1674753954241
USER	Summary API	END	1674753954241
USER	Summary API	END	1674753954248
USER	Summary API	END	1674753954256
USER	Summary API	END	1674753954285
USER	Summary API	END	1674753954293
USER	Summary API	END	1674753954326
USER	Summary API	END	1674753954327
USER	Summary API	END	1674753954329
USER	Summary API	END	1674753954329
USER	Summary API	END	1674753954349
USER	Summary API	END	1674753954349
USER	Summary API	END	1674753954380
USER	Summary API	END	1674753954461
USER	Summary API	END	1674753954471
USER	Summary API	END	1674753954493
USER	Summary API	END	1674753954494
USER	Summary API	END	1674753954498
USER	Summary API	END	1674753954498
USER	Summary API	END	1674753954503
USER	Summary API	END	1674753954504
USER	Summary API	END	1674753954509
USER	Summary API	END	1674753954597
USER	Summary API	END	1674753954600
USER	Summary API	END	1674753954602
USER	Summary API	END	1674753954607
USER	Summary API	END	1674753954607
USER	Summary API	END	1674753954655
USER	Summary API	END	1674753954662
USER	Summary API	END	1674753954674
USER	Summary API	END	1674753954722
USER	Summary API	END	1674753954730
USER	Summary API	END	1674753954737
USER	Summary API	END	1674753954752
USER	Summary API	END	1674753954757
USER	Summary API	END	1674753954860
USER	Summary API	END	1674753954860
USER	Summary API	END	1674753954879
USER	Summary API	END	1674753954909
USER	Summary API	END	1674753954918
USER	Summary API	END	1674753954943
USER	Summary API	END	1674753954989
USER	Summary API	END	1674753954992
USER	Summary API	END	1674753955009
USER	Summary API	END	1674753955037
USER	Summary API	END	1674753955076
USER	Summary API	END	1674753955129
USER	Summary API	END	1674753955193
USER	Summary API	END	1674753955245
USER	Summary API	END	1674753955261
