RUN	Simulations.Runner.Runner	runner	1674039441845	 	3.5.1
USER	Leaderboard API	START	1674039448380
USER	Leaderboard API	START	1674039448573
USER	Leaderboard API	START	1674039448775
USER	Leaderboard API	START	1674039448975
USER	Leaderboard API	START	1674039449176
USER	Leaderboard API	START	1674039449377
REQUEST		Dynamic Scoring	1674039448407	1674039449416	OK	 
USER	Leaderboard API	START	1674039449575
REQUEST		Dynamic Scoring	1674039448776	1674039449658	OK	 
USER	Leaderboard API	START	1674039449775
REQUEST		Dynamic Scoring	1674039448976	1674039449854	OK	 
USER	Leaderboard API	START	1674039449976
REQUEST		Dynamic Scoring	1674039449177	1674039450018	OK	 
USER	Leaderboard API	START	1674039450176
REQUEST		Dynamic Scoring	1674039449377	1674039450256	OK	 
USER	Leaderboard API	START	1674039450376
REQUEST		Dynamic Scoring	1674039449576	1674039450429	OK	 
USER	Leaderboard API	START	1674039450574
REQUEST		Dynamic Scoring	1674039449776	1674039450618	OK	 
USER	Leaderboard API	START	1674039450775
REQUEST		Dynamic Scoring	1674039449976	1674039450820	OK	 
USER	Leaderboard API	START	1674039450976
REQUEST		Dynamic Scoring	1674039450176	1674039451039	OK	 
REQUEST		Dynamic Scoring	1674039448574	1674039451046	OK	 
USER	Leaderboard API	START	1674039451176
REQUEST		Dynamic Scoring	1674039450377	1674039451210	OK	 
USER	Leaderboard API	START	1674039451376
REQUEST		Dynamic Scoring	1674039450575	1674039451406	OK	 
USER	Leaderboard API	START	1674039451574
REQUEST		Dynamic Scoring	1674039450776	1674039451618	OK	 
USER	Leaderboard API	START	1674039451774
REQUEST		Dynamic Scoring	1674039450976	1674039451810	OK	 
USER	Leaderboard API	START	1674039451974
REQUEST		Dynamic Scoring	1674039451176	1674039452017	OK	 
USER	Leaderboard API	START	1674039452174
REQUEST		Dynamic Scoring	1674039451377	1674039452212	OK	 
USER	Leaderboard API	START	1674039452374
REQUEST		Dynamic Scoring	1674039451574	1674039452426	OK	 
USER	Leaderboard API	END	1674039452438
USER	Leaderboard API	START	1674039452573
REQUEST		Dynamic Scoring	1674039451775	1674039452613	OK	 
USER	Leaderboard API	END	1674039452659
USER	Leaderboard API	START	1674039452774
REQUEST		Dynamic Scoring	1674039451975	1674039452809	OK	 
USER	Leaderboard API	END	1674039452855
USER	Leaderboard API	START	1674039452974
REQUEST		Dynamic Scoring	1674039452175	1674039453006	OK	 
USER	Leaderboard API	END	1674039453020
USER	Leaderboard API	START	1674039453174
REQUEST		Dynamic Scoring	1674039452375	1674039453258	OK	 
USER	Leaderboard API	END	1674039453258
USER	Leaderboard API	START	1674039453374
USER	Leaderboard API	END	1674039453430
REQUEST		Dynamic Scoring	1674039452574	1674039453448	OK	 
USER	Leaderboard API	START	1674039453573
USER	Leaderboard API	END	1674039453620
REQUEST		Dynamic Scoring	1674039452775	1674039453641	OK	 
USER	Leaderboard API	START	1674039453774
USER	Leaderboard API	END	1674039453822
REQUEST		Dynamic Scoring	1674039452975	1674039453871	OK	 
USER	Leaderboard API	START	1674039453974
USER	Leaderboard API	END	1674039454041
USER	Leaderboard API	END	1674039454047
REQUEST		Dynamic Scoring	1674039453175	1674039454047	OK	 
USER	Leaderboard API	START	1674039454174
USER	Leaderboard API	END	1674039454211
REQUEST		Dynamic Scoring	1674039453375	1674039454264	OK	 
USER	Leaderboard API	START	1674039454375
USER	Leaderboard API	END	1674039454407
REQUEST		Dynamic Scoring	1674039453574	1674039454419	OK	 
USER	Leaderboard API	START	1674039454574
USER	Leaderboard API	END	1674039454619
REQUEST		Dynamic Scoring	1674039453775	1674039454623	OK	 
USER	Leaderboard API	START	1674039454775
USER	Leaderboard API	END	1674039454812
REQUEST		Dynamic Scoring	1674039453975	1674039454847	OK	 
USER	Leaderboard API	START	1674039454975
USER	Leaderboard API	END	1674039455018
REQUEST		Dynamic Scoring	1674039454175	1674039455025	OK	 
USER	Leaderboard API	START	1674039455175
USER	Leaderboard API	END	1674039455214
REQUEST		Dynamic Scoring	1674039454375	1674039455261	OK	 
USER	Leaderboard API	START	1674039455375
REQUEST		Dynamic Scoring	1674039454575	1674039455414	OK	 
USER	Leaderboard API	END	1674039455427
USER	Leaderboard API	START	1674039455574
REQUEST		Dynamic Scoring	1674039454775	1674039455603	OK	 
USER	Leaderboard API	END	1674039455614
USER	Leaderboard API	START	1674039455774
REQUEST		Dynamic Scoring	1674039454975	1674039455806	OK	 
USER	Leaderboard API	END	1674039455810
USER	Leaderboard API	START	1674039455974
USER	Leaderboard API	END	1674039456007
REQUEST		Dynamic Scoring	1674039455176	1674039456007	OK	 
USER	Leaderboard API	START	1674039456174
REQUEST		Dynamic Scoring	1674039455376	1674039456211	OK	 
USER	Leaderboard API	END	1674039456259
USER	Leaderboard API	START	1674039456374
REQUEST		Dynamic Scoring	1674039455574	1674039456409	OK	 
USER	Leaderboard API	END	1674039456450
USER	Leaderboard API	START	1674039456574
REQUEST		Dynamic Scoring	1674039455775	1674039456605	OK	 
USER	Leaderboard API	END	1674039456643
USER	Leaderboard API	START	1674039456774
REQUEST		Dynamic Scoring	1674039455974	1674039456819	OK	 
USER	Leaderboard API	END	1674039456873
USER	Leaderboard API	START	1674039456974
REQUEST		Dynamic Scoring	1674039456175	1674039457015	OK	 
USER	Leaderboard API	END	1674039457048
USER	Leaderboard API	START	1674039457174
USER	Leaderboard API	END	1674039457266
USER	Leaderboard API	START	1674039457374
REQUEST		Dynamic Scoring	1674039456375	1674039457388	OK	 
USER	Leaderboard API	END	1674039457420
REQUEST		Dynamic Scoring	1674039456575	1674039457450	OK	 
USER	Leaderboard API	START	1674039457573
USER	Leaderboard API	END	1674039457624
REQUEST		Dynamic Scoring	1674039456775	1674039457690	OK	 
USER	Leaderboard API	START	1674039457774
USER	Leaderboard API	END	1674039457848
REQUEST		Dynamic Scoring	1674039456975	1674039457885	OK	 
USER	Leaderboard API	START	1674039457973
REQUEST		Dynamic Scoring	1674039457175	1674039458026	OK	 
USER	Leaderboard API	END	1674039458026
USER	Leaderboard API	START	1674039458174
REQUEST		Dynamic Scoring	1674039457375	1674039458205	OK	 
USER	Leaderboard API	END	1674039458263
USER	Leaderboard API	START	1674039458374
USER	Leaderboard API	END	1674039458416
REQUEST		Dynamic Scoring	1674039457574	1674039458443	OK	 
USER	Leaderboard API	START	1674039458574
USER	Leaderboard API	END	1674039458605
REQUEST		Dynamic Scoring	1674039457774	1674039458608	OK	 
USER	Leaderboard API	START	1674039458774
REQUEST		Dynamic Scoring	1674039457974	1674039458806	OK	 
USER	Leaderboard API	END	1674039458807
USER	Leaderboard API	START	1674039458974
USER	Leaderboard API	END	1674039459009
REQUEST		Dynamic Scoring	1674039458174	1674039459017	OK	 
USER	Leaderboard API	START	1674039459174
USER	Leaderboard API	END	1674039459212
REQUEST		Dynamic Scoring	1674039458374	1674039459221	OK	 
USER	Leaderboard API	START	1674039459374
USER	Leaderboard API	END	1674039459410
REQUEST		Dynamic Scoring	1674039458574	1674039459430	OK	 
USER	Leaderboard API	START	1674039459573
USER	Leaderboard API	END	1674039459607
REQUEST		Dynamic Scoring	1674039458774	1674039459642	OK	 
USER	Leaderboard API	START	1674039459774
USER	Leaderboard API	END	1674039459820
REQUEST		Dynamic Scoring	1674039458974	1674039459868	OK	 
USER	Leaderboard API	START	1674039459974
USER	Leaderboard API	END	1674039460016
REQUEST		Dynamic Scoring	1674039459175	1674039460059	OK	 
USER	Leaderboard API	START	1674039460174
REQUEST		Dynamic Scoring	1674039459375	1674039460226	OK	 
USER	Leaderboard API	START	1674039460374
USER	Leaderboard API	END	1674039460389
REQUEST		Dynamic Scoring	1674039459574	1674039460432	OK	 
USER	Leaderboard API	END	1674039460451
USER	Leaderboard API	START	1674039460573
REQUEST		Dynamic Scoring	1674039459774	1674039460626	OK	 
USER	Leaderboard API	END	1674039460692
USER	Leaderboard API	START	1674039460773
REQUEST		Dynamic Scoring	1674039459975	1674039460808	OK	 
USER	Leaderboard API	END	1674039460886
USER	Leaderboard API	START	1674039460974
REQUEST		Dynamic Scoring	1674039460175	1674039461011	OK	 
USER	Leaderboard API	END	1674039461027
USER	Leaderboard API	START	1674039461174
USER	Leaderboard API	END	1674039461207
REQUEST		Dynamic Scoring	1674039460375	1674039461220	OK	 
USER	Leaderboard API	START	1674039461374
REQUEST		Dynamic Scoring	1674039460574	1674039461416	OK	 
USER	Leaderboard API	END	1674039461445
USER	Leaderboard API	START	1674039461574
USER	Leaderboard API	END	1674039461609
REQUEST		Dynamic Scoring	1674039460774	1674039461615	OK	 
USER	Leaderboard API	START	1674039461774
REQUEST		Dynamic Scoring	1674039460974	1674039461805	OK	 
USER	Leaderboard API	END	1674039461807
USER	Leaderboard API	START	1674039461974
USER	Leaderboard API	END	1674039462019
REQUEST		Dynamic Scoring	1674039461174	1674039462029	OK	 
USER	Leaderboard API	START	1674039462174
REQUEST		Dynamic Scoring	1674039461374	1674039462218	OK	 
USER	Leaderboard API	END	1674039462222
USER	Leaderboard API	START	1674039462374
USER	Leaderboard API	END	1674039462432
REQUEST		Dynamic Scoring	1674039461574	1674039462441	OK	 
USER	Leaderboard API	START	1674039462574
REQUEST		Dynamic Scoring	1674039461775	1674039462624	OK	 
USER	Leaderboard API	END	1674039462644
USER	Leaderboard API	START	1674039462774
REQUEST		Dynamic Scoring	1674039461975	1674039462816	OK	 
USER	Leaderboard API	END	1674039462870
USER	Leaderboard API	START	1674039462974
REQUEST		Dynamic Scoring	1674039462175	1674039463004	OK	 
USER	Leaderboard API	END	1674039463060
USER	Leaderboard API	START	1674039463174
REQUEST		Dynamic Scoring	1674039462375	1674039463206	OK	 
USER	Leaderboard API	END	1674039463227
USER	Leaderboard API	START	1674039463374
REQUEST		Dynamic Scoring	1674039462574	1674039463420	OK	 
USER	Leaderboard API	END	1674039463433
USER	Leaderboard API	START	1674039463574
REQUEST		Dynamic Scoring	1674039462774	1674039463616	OK	 
USER	Leaderboard API	END	1674039463627
USER	Leaderboard API	START	1674039463774
USER	Leaderboard API	END	1674039463810
REQUEST		Dynamic Scoring	1674039462974	1674039463873	OK	 
USER	Leaderboard API	START	1674039463974
USER	Leaderboard API	END	1674039464012
REQUEST		Dynamic Scoring	1674039463175	1674039464022	OK	 
USER	Leaderboard API	START	1674039464174
USER	Leaderboard API	END	1674039464221
REQUEST		Dynamic Scoring	1674039463374	1674039464273	OK	 
USER	Leaderboard API	START	1674039464375
REQUEST		Dynamic Scoring	1674039463574	1674039464417	OK	 
USER	Leaderboard API	END	1674039464417
USER	Leaderboard API	START	1674039464574
USER	Leaderboard API	END	1674039464616
REQUEST		Dynamic Scoring	1674039463774	1674039464622	OK	 
USER	Leaderboard API	START	1674039464774
USER	Leaderboard API	END	1674039464807
REQUEST		Dynamic Scoring	1674039463975	1674039464850	OK	 
USER	Leaderboard API	START	1674039464974
USER	Leaderboard API	END	1674039465030
REQUEST		Dynamic Scoring	1674039464175	1674039465041	OK	 
USER	Leaderboard API	START	1674039465174
REQUEST		Dynamic Scoring	1674039464375	1674039465219	OK	 
USER	Leaderboard API	END	1674039465220
USER	Leaderboard API	START	1674039465374
REQUEST		Dynamic Scoring	1674039464575	1674039465429	OK	 
USER	Leaderboard API	END	1674039465442
USER	Leaderboard API	START	1674039465574
USER	Leaderboard API	END	1674039465626
REQUEST		Dynamic Scoring	1674039464775	1674039465640	OK	 
USER	Leaderboard API	START	1674039465773
USER	Leaderboard API	END	1674039465817
REQUEST		Dynamic Scoring	1674039464975	1674039465853	OK	 
USER	Leaderboard API	START	1674039465974
USER	Leaderboard API	END	1674039466006
REQUEST		Dynamic Scoring	1674039465175	1674039466065	OK	 
USER	Leaderboard API	START	1674039466174
USER	Leaderboard API	END	1674039466207
REQUEST		Dynamic Scoring	1674039465375	1674039466228	OK	 
USER	Leaderboard API	START	1674039466374
USER	Leaderboard API	END	1674039466421
REQUEST		Dynamic Scoring	1674039465574	1674039466455	OK	 
USER	Leaderboard API	START	1674039466574
USER	Leaderboard API	END	1674039466617
REQUEST		Dynamic Scoring	1674039465774	1674039466626	OK	 
USER	Leaderboard API	START	1674039466774
REQUEST		Dynamic Scoring	1674039465974	1674039466816	OK	 
USER	Leaderboard API	END	1674039466874
USER	Leaderboard API	START	1674039466974
USER	Leaderboard API	END	1674039467023
REQUEST		Dynamic Scoring	1674039466174	1674039467034	OK	 
USER	Leaderboard API	START	1674039467174
REQUEST		Dynamic Scoring	1674039466374	1674039467217	OK	 
USER	Leaderboard API	END	1674039467274
USER	Leaderboard API	START	1674039467374
USER	Leaderboard API	END	1674039467418
REQUEST		Dynamic Scoring	1674039466574	1674039467473	OK	 
USER	Leaderboard API	START	1674039467573
REQUEST		Dynamic Scoring	1674039466774	1674039467620	OK	 
USER	Leaderboard API	END	1674039467623
USER	Leaderboard API	START	1674039467774
REQUEST		Dynamic Scoring	1674039466974	1674039467807	OK	 
USER	Leaderboard API	END	1674039467852
USER	Leaderboard API	START	1674039467974
REQUEST		Dynamic Scoring	1674039467174	1674039468014	OK	 
USER	Leaderboard API	END	1674039468043
USER	Leaderboard API	START	1674039468174
REQUEST		Dynamic Scoring	1674039467375	1674039468212	OK	 
USER	Leaderboard API	END	1674039468220
USER	Leaderboard API	START	1674039468374
USER	Leaderboard API	END	1674039468430
REQUEST		Dynamic Scoring	1674039467574	1674039468447	OK	 
USER	Leaderboard API	START	1674039468574
REQUEST		Dynamic Scoring	1674039467774	1674039468609	OK	 
USER	Leaderboard API	END	1674039468641
USER	Leaderboard API	START	1674039468774
REQUEST		Dynamic Scoring	1674039467974	1674039468801	OK	 
USER	Leaderboard API	END	1674039468854
USER	Leaderboard API	START	1674039468974
REQUEST		Dynamic Scoring	1674039468174	1674039469010	OK	 
USER	Leaderboard API	END	1674039469066
USER	Leaderboard API	START	1674039469174
REQUEST		Dynamic Scoring	1674039468374	1674039469224	OK	 
USER	Leaderboard API	END	1674039469229
USER	Leaderboard API	START	1674039469374
REQUEST		Dynamic Scoring	1674039468574	1674039469410	OK	 
USER	Leaderboard API	END	1674039469456
USER	Leaderboard API	START	1674039469574
REQUEST		Dynamic Scoring	1674039468774	1674039469620	OK	 
USER	Leaderboard API	END	1674039469627
USER	Leaderboard API	START	1674039469774
USER	Leaderboard API	END	1674039469817
REQUEST		Dynamic Scoring	1674039468974	1674039469841	OK	 
USER	Leaderboard API	START	1674039469974
REQUEST		Dynamic Scoring	1674039469175	1674039470006	OK	 
USER	Leaderboard API	END	1674039470036
USER	Leaderboard API	START	1674039470174
USER	Leaderboard API	END	1674039470218
REQUEST		Dynamic Scoring	1674039469374	1674039470223	OK	 
USER	Leaderboard API	START	1674039470374
REQUEST		Dynamic Scoring	1674039469574	1674039470410	OK	 
USER	Leaderboard API	END	1674039470474
USER	Leaderboard API	START	1674039470574
REQUEST		Dynamic Scoring	1674039469774	1674039470606	OK	 
USER	Leaderboard API	END	1674039470621
USER	Leaderboard API	START	1674039470774
REQUEST		Dynamic Scoring	1674039469974	1674039470803	OK	 
USER	Leaderboard API	END	1674039470807
USER	Leaderboard API	START	1674039470974
REQUEST		Dynamic Scoring	1674039470174	1674039471011	OK	 
USER	Leaderboard API	END	1674039471015
USER	Leaderboard API	START	1674039471174
USER	Leaderboard API	END	1674039471213
REQUEST		Dynamic Scoring	1674039470374	1674039471219	OK	 
USER	Leaderboard API	START	1674039471374
REQUEST		Dynamic Scoring	1674039470574	1674039471435	OK	 
USER	Leaderboard API	END	1674039471448
USER	Leaderboard API	START	1674039471573
USER	Leaderboard API	END	1674039471611
REQUEST		Dynamic Scoring	1674039470774	1674039471647	OK	 
USER	Leaderboard API	START	1674039471773
USER	Leaderboard API	END	1674039471802
REQUEST		Dynamic Scoring	1674039470974	1674039471854	OK	 
USER	Leaderboard API	START	1674039471974
USER	Leaderboard API	END	1674039472011
REQUEST		Dynamic Scoring	1674039471175	1674039472058	OK	 
USER	Leaderboard API	START	1674039472173
USER	Leaderboard API	END	1674039472225
REQUEST		Dynamic Scoring	1674039471375	1674039472254	OK	 
USER	Leaderboard API	START	1674039472373
USER	Leaderboard API	END	1674039472410
REQUEST		Dynamic Scoring	1674039471574	1674039472436	OK	 
USER	Leaderboard API	START	1674039472574
REQUEST		Dynamic Scoring	1674039471774	1674039472617	OK	 
USER	Leaderboard API	END	1674039472621
USER	Leaderboard API	START	1674039472774
REQUEST		Dynamic Scoring	1674039471974	1674039472815	OK	 
USER	Leaderboard API	END	1674039472843
USER	Leaderboard API	START	1674039472974
USER	Leaderboard API	END	1674039473007
REQUEST		Dynamic Scoring	1674039472174	1674039473009	OK	 
USER	Leaderboard API	START	1674039473175
USER	Leaderboard API	END	1674039473224
REQUEST		Dynamic Scoring	1674039472374	1674039473224	OK	 
USER	Leaderboard API	START	1674039473375
REQUEST		Dynamic Scoring	1674039472574	1674039473406	OK	 
USER	Leaderboard API	END	1674039473412
USER	Leaderboard API	START	1674039473573
USER	Leaderboard API	END	1674039473607
REQUEST		Dynamic Scoring	1674039472774	1674039473623	OK	 
USER	Leaderboard API	START	1674039473774
USER	Leaderboard API	END	1674039473804
REQUEST		Dynamic Scoring	1674039472975	1674039473816	OK	 
USER	Leaderboard API	START	1674039473974
USER	Leaderboard API	END	1674039474012
REQUEST		Dynamic Scoring	1674039473176	1674039474018	OK	 
USER	Leaderboard API	START	1674039474173
USER	Leaderboard API	END	1674039474220
REQUEST		Dynamic Scoring	1674039473375	1674039474230	OK	 
USER	Leaderboard API	START	1674039474373
REQUEST		Dynamic Scoring	1674039473574	1674039474419	OK	 
USER	Leaderboard API	END	1674039474436
USER	Leaderboard API	START	1674039474574
REQUEST		Dynamic Scoring	1674039473776	1674039474643	OK	 
USER	Leaderboard API	END	1674039474649
USER	Leaderboard API	START	1674039474774
REQUEST		Dynamic Scoring	1674039473974	1674039474849	OK	 
USER	Leaderboard API	END	1674039474855
USER	Leaderboard API	START	1674039474974
REQUEST		Dynamic Scoring	1674039474174	1674039475018	OK	 
USER	Leaderboard API	END	1674039475059
USER	Leaderboard API	START	1674039475174
REQUEST		Dynamic Scoring	1674039474374	1674039475227	OK	 
USER	Leaderboard API	END	1674039475256
USER	Leaderboard API	START	1674039475374
REQUEST		Dynamic Scoring	1674039474575	1674039475404	OK	 
USER	Leaderboard API	END	1674039475437
USER	Leaderboard API	START	1674039475573
REQUEST		Dynamic Scoring	1674039474774	1674039475598	OK	 
USER	Leaderboard API	END	1674039475619
USER	Leaderboard API	START	1674039475774
REQUEST		Dynamic Scoring	1674039474974	1674039475813	OK	 
USER	Leaderboard API	END	1674039475816
USER	Leaderboard API	START	1674039475974
REQUEST		Dynamic Scoring	1674039475174	1674039475996	OK	 
USER	Leaderboard API	END	1674039476010
USER	Leaderboard API	START	1674039476174
REQUEST		Dynamic Scoring	1674039475375	1674039476213	OK	 
USER	Leaderboard API	END	1674039476226
USER	Leaderboard API	START	1674039476374
USER	Leaderboard API	END	1674039476407
REQUEST		Dynamic Scoring	1674039475574	1674039476415	OK	 
USER	Leaderboard API	START	1674039476574
USER	Leaderboard API	END	1674039476624
REQUEST		Dynamic Scoring	1674039475774	1674039476631	OK	 
USER	Leaderboard API	START	1674039476774
USER	Leaderboard API	END	1674039476817
REQUEST		Dynamic Scoring	1674039475975	1674039476880	OK	 
USER	Leaderboard API	START	1674039476974
USER	Leaderboard API	END	1674039477019
REQUEST		Dynamic Scoring	1674039476175	1674039477043	OK	 
USER	Leaderboard API	START	1674039477174
USER	Leaderboard API	END	1674039477232
REQUEST		Dynamic Scoring	1674039476375	1674039477249	OK	 
USER	Leaderboard API	START	1674039477374
USER	Leaderboard API	END	1674039477421
REQUEST		Dynamic Scoring	1674039476574	1674039477444	OK	 
USER	Leaderboard API	START	1674039477573
REQUEST		Dynamic Scoring	1674039476774	1674039477643	OK	 
USER	Leaderboard API	END	1674039477645
USER	Leaderboard API	START	1674039477773
USER	Leaderboard API	END	1674039477850
REQUEST		Dynamic Scoring	1674039476974	1674039477855	OK	 
USER	Leaderboard API	START	1674039477973
USER	Leaderboard API	END	1674039478019
REQUEST		Dynamic Scoring	1674039477174	1674039478092	OK	 
USER	Leaderboard API	START	1674039478174
REQUEST		Dynamic Scoring	1674039477375	1674039478207	OK	 
USER	Leaderboard API	END	1674039478228
USER	Leaderboard API	START	1674039478374
USER	Leaderboard API	END	1674039478405
REQUEST		Dynamic Scoring	1674039477574	1674039478427	OK	 
USER	Leaderboard API	START	1674039478573
USER	Leaderboard API	END	1674039478599
REQUEST		Dynamic Scoring	1674039477774	1674039478619	OK	 
USER	Leaderboard API	START	1674039478774
USER	Leaderboard API	END	1674039478814
REQUEST		Dynamic Scoring	1674039477974	1674039478821	OK	 
USER	Leaderboard API	START	1674039478973
USER	Leaderboard API	END	1674039478997
REQUEST		Dynamic Scoring	1674039478174	1674039479008	OK	 
USER	Leaderboard API	START	1674039479174
REQUEST		Dynamic Scoring	1674039478374	1674039479203	OK	 
USER	Leaderboard API	END	1674039479214
USER	Leaderboard API	START	1674039479374
REQUEST		Dynamic Scoring	1674039478574	1674039479404	OK	 
USER	Leaderboard API	END	1674039479416
USER	Leaderboard API	START	1674039479574
REQUEST		Dynamic Scoring	1674039478774	1674039479625	OK	 
USER	Leaderboard API	END	1674039479632
USER	Leaderboard API	START	1674039479774
REQUEST		Dynamic Scoring	1674039478974	1674039479857	OK	 
USER	Leaderboard API	END	1674039479881
USER	Leaderboard API	START	1674039479974
REQUEST		Dynamic Scoring	1674039479174	1674039480035	OK	 
USER	Leaderboard API	END	1674039480045
USER	Leaderboard API	START	1674039480174
REQUEST		Dynamic Scoring	1674039479374	1674039480241	OK	 
USER	Leaderboard API	END	1674039480250
USER	Leaderboard API	START	1674039480374
REQUEST		Dynamic Scoring	1674039479574	1674039480417	OK	 
USER	Leaderboard API	END	1674039480445
USER	Leaderboard API	START	1674039480574
USER	Leaderboard API	END	1674039480644
REQUEST		Dynamic Scoring	1674039479774	1674039480681	OK	 
USER	Leaderboard API	START	1674039480774
USER	Leaderboard API	END	1674039480856
REQUEST		Dynamic Scoring	1674039479974	1674039480948	OK	 
USER	Leaderboard API	START	1674039480974
USER	Leaderboard API	END	1674039481093
REQUEST		Dynamic Scoring	1674039480175	1674039481100	OK	 
USER	Leaderboard API	START	1674039481174
USER	Leaderboard API	END	1674039481209
REQUEST		Dynamic Scoring	1674039480375	1674039481273	OK	 
USER	Leaderboard API	START	1674039481375
USER	Leaderboard API	END	1674039481428
USER	Leaderboard API	START	1674039481573
REQUEST		Dynamic Scoring	1674039480574	1674039481576	OK	 
USER	Leaderboard API	END	1674039481620
REQUEST		Dynamic Scoring	1674039480775	1674039481695	OK	 
USER	Leaderboard API	START	1674039481773
USER	Leaderboard API	END	1674039481823
REQUEST		Dynamic Scoring	1674039480975	1674039481878	OK	 
USER	Leaderboard API	START	1674039481974
USER	Leaderboard API	END	1674039482009
REQUEST		Dynamic Scoring	1674039481175	1674039482060	OK	 
USER	Leaderboard API	START	1674039482174
USER	Leaderboard API	END	1674039482205
REQUEST		Dynamic Scoring	1674039481375	1674039482307	OK	 
USER	Leaderboard API	START	1674039482374
USER	Leaderboard API	END	1674039482405
REQUEST		Dynamic Scoring	1674039481574	1674039482533	OK	 
USER	Leaderboard API	START	1674039482574
USER	Leaderboard API	END	1674039482626
REQUEST		Dynamic Scoring	1674039481774	1674039482633	OK	 
USER	Leaderboard API	START	1674039482774
USER	Leaderboard API	END	1674039482857
REQUEST		Dynamic Scoring	1674039481974	1674039482884	OK	 
USER	Leaderboard API	START	1674039482974
USER	Leaderboard API	END	1674039483036
REQUEST		Dynamic Scoring	1674039482174	1674039483159	OK	 
USER	Leaderboard API	START	1674039483174
USER	Leaderboard API	END	1674039483242
USER	Leaderboard API	START	1674039483374
REQUEST		Dynamic Scoring	1674039482374	1674039483380	OK	 
USER	Leaderboard API	END	1674039483418
REQUEST		Dynamic Scoring	1674039482574	1674039483502	OK	 
USER	Leaderboard API	START	1674039483574
USER	Leaderboard API	END	1674039483682
REQUEST		Dynamic Scoring	1674039482774	1674039483703	OK	 
USER	Leaderboard API	START	1674039483774
REQUEST		Dynamic Scoring	1674039482974	1674039483898	OK	 
USER	Leaderboard API	END	1674039483948
USER	Leaderboard API	START	1674039483974
REQUEST		Dynamic Scoring	1674039483174	1674039484089	OK	 
USER	Leaderboard API	END	1674039484101
USER	Leaderboard API	START	1674039484175
REQUEST		Dynamic Scoring	1674039483374	1674039484228	OK	 
USER	Leaderboard API	END	1674039484274
USER	Leaderboard API	START	1674039484374
REQUEST		Dynamic Scoring	1674039483574	1674039484435	OK	 
USER	Leaderboard API	START	1674039484573
USER	Leaderboard API	END	1674039484577
REQUEST		Dynamic Scoring	1674039483774	1674039484627	OK	 
USER	Leaderboard API	END	1674039484696
USER	Leaderboard API	START	1674039484773
REQUEST		Dynamic Scoring	1674039483975	1674039484824	OK	 
USER	Leaderboard API	END	1674039484879
USER	Leaderboard API	START	1674039484973
REQUEST		Dynamic Scoring	1674039484175	1674039485021	OK	 
USER	Leaderboard API	END	1674039485061
USER	Leaderboard API	START	1674039485173
REQUEST		Dynamic Scoring	1674039484374	1674039485246	OK	 
USER	Leaderboard API	END	1674039485308
USER	Leaderboard API	START	1674039485374
REQUEST		Dynamic Scoring	1674039484573	1674039485405	OK	 
USER	Leaderboard API	END	1674039485534
USER	Leaderboard API	START	1674039485573
REQUEST		Dynamic Scoring	1674039484774	1674039485613	OK	 
USER	Leaderboard API	END	1674039485634
USER	Leaderboard API	START	1674039485773
REQUEST		Dynamic Scoring	1674039484973	1674039485803	OK	 
USER	Leaderboard API	END	1674039485886
USER	Leaderboard API	START	1674039485974
REQUEST		Dynamic Scoring	1674039485174	1674039486051	OK	 
USER	Leaderboard API	END	1674039486160
USER	Leaderboard API	START	1674039486173
REQUEST		Dynamic Scoring	1674039485374	1674039486229	OK	 
USER	Leaderboard API	START	1674039486374
USER	Leaderboard API	END	1674039486381
REQUEST		Dynamic Scoring	1674039485573	1674039486473	OK	 
USER	Leaderboard API	END	1674039486504
USER	Leaderboard API	START	1674039486573
REQUEST		Dynamic Scoring	1674039485774	1674039486650	OK	 
USER	Leaderboard API	END	1674039486705
USER	Leaderboard API	START	1674039486773
USER	Leaderboard API	END	1674039486899
REQUEST		Dynamic Scoring	1674039485974	1674039486903	OK	 
USER	Leaderboard API	START	1674039486974
REQUEST		Dynamic Scoring	1674039486174	1674039487070	OK	 
USER	Leaderboard API	END	1674039487091
USER	Leaderboard API	START	1674039487174
USER	Leaderboard API	END	1674039487229
REQUEST		Dynamic Scoring	1674039486374	1674039487280	OK	 
USER	Leaderboard API	START	1674039487374
USER	Leaderboard API	END	1674039487437
REQUEST		Dynamic Scoring	1674039486574	1674039487515	OK	 
USER	Leaderboard API	START	1674039487574
USER	Leaderboard API	END	1674039487628
REQUEST		Dynamic Scoring	1674039486774	1674039487736	OK	 
USER	Leaderboard API	START	1674039487774
USER	Leaderboard API	END	1674039487826
REQUEST		Dynamic Scoring	1674039486974	1674039487834	OK	 
USER	Leaderboard API	START	1674039487974
USER	Leaderboard API	END	1674039488022
REQUEST		Dynamic Scoring	1674039487174	1674039488042	OK	 
USER	Leaderboard API	START	1674039488174
USER	Leaderboard API	END	1674039488247
REQUEST		Dynamic Scoring	1674039487374	1674039488320	OK	 
USER	Leaderboard API	START	1674039488374
USER	Leaderboard API	END	1674039488407
REQUEST		Dynamic Scoring	1674039487574	1674039488488	OK	 
USER	Leaderboard API	START	1674039488574
USER	Leaderboard API	END	1674039488614
REQUEST		Dynamic Scoring	1674039487774	1674039488694	OK	 
USER	Leaderboard API	START	1674039488774
USER	Leaderboard API	END	1674039488804
REQUEST		Dynamic Scoring	1674039487974	1674039488936	OK	 
USER	Leaderboard API	START	1674039488974
REQUEST		Dynamic Scoring	1674039488174	1674039489043	OK	 
USER	Leaderboard API	END	1674039489053
USER	Leaderboard API	START	1674039489174
USER	Leaderboard API	END	1674039489231
REQUEST		Dynamic Scoring	1674039488375	1674039489265	OK	 
USER	Leaderboard API	START	1674039489374
USER	Leaderboard API	END	1674039489475
REQUEST		Dynamic Scoring	1674039488574	1674039489524	OK	 
USER	Leaderboard API	START	1674039489574
USER	Leaderboard API	END	1674039489652
REQUEST		Dynamic Scoring	1674039488774	1674039489705	OK	 
USER	Leaderboard API	START	1674039489774
USER	Leaderboard API	END	1674039489904
USER	Leaderboard API	START	1674039489974
REQUEST		Dynamic Scoring	1674039488974	1674039489976	OK	 
USER	Leaderboard API	END	1674039490072
REQUEST		Dynamic Scoring	1674039489174	1674039490097	OK	 
USER	Leaderboard API	START	1674039490174
USER	Leaderboard API	END	1674039490282
REQUEST		Dynamic Scoring	1674039489374	1674039490292	OK	 
USER	Leaderboard API	START	1674039490374
REQUEST		Dynamic Scoring	1674039489574	1674039490477	OK	 
USER	Leaderboard API	END	1674039490516
USER	Leaderboard API	START	1674039490574
REQUEST		Dynamic Scoring	1674039489774	1674039490669	OK	 
USER	Leaderboard API	END	1674039490737
USER	Leaderboard API	START	1674039490774
USER	Leaderboard API	END	1674039490835
REQUEST		Dynamic Scoring	1674039489974	1674039490858	OK	 
USER	Leaderboard API	START	1674039490974
REQUEST		Dynamic Scoring	1674039490174	1674039491010	OK	 
USER	Leaderboard API	END	1674039491043
USER	Leaderboard API	START	1674039491174
REQUEST		Dynamic Scoring	1674039490374	1674039491308	OK	 
USER	Leaderboard API	END	1674039491321
USER	Leaderboard API	START	1674039491374
USER	Leaderboard API	END	1674039491489
REQUEST		Dynamic Scoring	1674039490574	1674039491502	OK	 
USER	Leaderboard API	START	1674039491574
REQUEST		Dynamic Scoring	1674039490774	1674039491682	OK	 
USER	Leaderboard API	END	1674039491695
USER	Leaderboard API	START	1674039491774
USER	Leaderboard API	END	1674039491937
USER	Leaderboard API	START	1674039491974
REQUEST		Dynamic Scoring	1674039490974	1674039492003	OK	 
REQUEST		Dynamic Scoring	1674039491174	1674039492040	OK	 
USER	Leaderboard API	END	1674039492044
USER	Leaderboard API	START	1674039492174
USER	Leaderboard API	END	1674039492266
REQUEST		Dynamic Scoring	1674039491374	1674039492322	OK	 
USER	Leaderboard API	START	1674039492374
REQUEST		Dynamic Scoring	1674039491574	1674039492502	OK	 
USER	Leaderboard API	END	1674039492526
USER	Leaderboard API	START	1674039492574
REQUEST		Dynamic Scoring	1674039491774	1674039492637	OK	 
USER	Leaderboard API	END	1674039492706
USER	Leaderboard API	START	1674039492774
REQUEST		Dynamic Scoring	1674039491974	1674039492852	OK	 
USER	Leaderboard API	START	1674039492974
USER	Leaderboard API	END	1674039492977
REQUEST		Dynamic Scoring	1674039492174	1674039493044	OK	 
USER	Leaderboard API	END	1674039493098
USER	Leaderboard API	START	1674039493174
REQUEST		Dynamic Scoring	1674039492374	1674039493234	OK	 
USER	Leaderboard API	END	1674039493293
USER	Leaderboard API	START	1674039493374
REQUEST		Dynamic Scoring	1674039492574	1674039493472	OK	 
USER	Leaderboard API	END	1674039493479
USER	Leaderboard API	START	1674039493574
REQUEST		Dynamic Scoring	1674039492774	1674039493665	OK	 
USER	Leaderboard API	END	1674039493671
USER	Leaderboard API	START	1674039493774
REQUEST		Dynamic Scoring	1674039492975	1674039493853	OK	 
USER	Leaderboard API	END	1674039493860
USER	Leaderboard API	START	1674039493974
USER	Leaderboard API	END	1674039494011
REQUEST		Dynamic Scoring	1674039493174	1674039494079	OK	 
USER	Leaderboard API	START	1674039494174
REQUEST		Dynamic Scoring	1674039493374	1674039494229	OK	 
USER	Leaderboard API	END	1674039494310
USER	Leaderboard API	START	1674039494374
USER	Leaderboard API	END	1674039494504
USER	Leaderboard API	START	1674039494574
REQUEST		Dynamic Scoring	1674039493574	1674039494575	OK	 
REQUEST		Dynamic Scoring	1674039493774	1674039494654	OK	 
USER	Leaderboard API	END	1674039494682
USER	Leaderboard API	START	1674039494774
REQUEST		Dynamic Scoring	1674039493974	1674039494898	OK	 
USER	Leaderboard API	START	1674039494974
USER	Leaderboard API	END	1674039495004
USER	Leaderboard API	END	1674039495041
REQUEST		Dynamic Scoring	1674039494174	1674039495105	OK	 
USER	Leaderboard API	START	1674039495174
USER	Leaderboard API	END	1674039495323
USER	Leaderboard API	START	1674039495374
REQUEST		Dynamic Scoring	1674039494374	1674039495380	OK	 
USER	Leaderboard API	END	1674039495504
REQUEST		Dynamic Scoring	1674039494574	1674039495515	OK	 
USER	Leaderboard API	START	1674039495574
USER	Leaderboard API	END	1674039495638
REQUEST		Dynamic Scoring	1674039494774	1674039495695	OK	 
USER	Leaderboard API	START	1674039495774
USER	Leaderboard API	END	1674039495853
REQUEST		Dynamic Scoring	1674039494974	1674039495962	OK	 
USER	Leaderboard API	START	1674039495974
USER	Leaderboard API	END	1674039496045
REQUEST		Dynamic Scoring	1674039495174	1674039496088	OK	 
USER	Leaderboard API	START	1674039496174
USER	Leaderboard API	END	1674039496235
USER	Leaderboard API	START	1674039496374
REQUEST		Dynamic Scoring	1674039495374	1674039496390	OK	 
USER	Leaderboard API	END	1674039496474
REQUEST		Dynamic Scoring	1674039495575	1674039496525	OK	 
USER	Leaderboard API	START	1674039496574
REQUEST		Dynamic Scoring	1674039495775	1674039496645	OK	 
USER	Leaderboard API	END	1674039496666
USER	Leaderboard API	START	1674039496774
REQUEST		Dynamic Scoring	1674039495974	1674039496839	OK	 
USER	Leaderboard API	END	1674039496854
USER	Leaderboard API	START	1674039496974
USER	Leaderboard API	END	1674039497080
REQUEST		Dynamic Scoring	1674039496174	1674039497088	OK	 
USER	Leaderboard API	START	1674039497174
USER	Leaderboard API	END	1674039497230
REQUEST		Dynamic Scoring	1674039496374	1674039497313	OK	 
USER	Leaderboard API	START	1674039497374
REQUEST		Dynamic Scoring	1674039496574	1674039497549	OK	 
USER	Leaderboard API	START	1674039497574
USER	Leaderboard API	END	1674039497577
USER	Leaderboard API	END	1674039497654
REQUEST		Dynamic Scoring	1674039496774	1674039497682	OK	 
USER	Leaderboard API	START	1674039497774
REQUEST		Dynamic Scoring	1674039496974	1674039497859	OK	 
USER	Leaderboard API	END	1674039497899
USER	Leaderboard API	START	1674039497974
USER	Leaderboard API	END	1674039498106
REQUEST		Dynamic Scoring	1674039497174	1674039498142	OK	 
USER	Leaderboard API	START	1674039498174
REQUEST		Dynamic Scoring	1674039497375	1674039498239	OK	 
USER	Leaderboard API	START	1674039498374
USER	Leaderboard API	END	1674039498381
REQUEST		Dynamic Scoring	1674039497574	1674039498446	OK	 
USER	Leaderboard API	END	1674039498516
USER	Leaderboard API	START	1674039498574
REQUEST		Dynamic Scoring	1674039497774	1674039498674	OK	 
USER	Leaderboard API	END	1674039498696
USER	Leaderboard API	START	1674039498774
REQUEST		Dynamic Scoring	1674039497974	1674039498836	OK	 
USER	Leaderboard API	END	1674039498963
USER	Leaderboard API	START	1674039498975
REQUEST		Dynamic Scoring	1674039498175	1674039499019	OK	 
USER	Leaderboard API	END	1674039499089
USER	Leaderboard API	START	1674039499174
REQUEST		Dynamic Scoring	1674039498374	1674039499218	OK	 
USER	Leaderboard API	START	1674039499374
USER	Leaderboard API	END	1674039499391
REQUEST		Dynamic Scoring	1674039498574	1674039499427	OK	 
USER	Leaderboard API	END	1674039499526
USER	Leaderboard API	START	1674039499574
USER	Leaderboard API	END	1674039499647
REQUEST		Dynamic Scoring	1674039498774	1674039499647	OK	 
USER	Leaderboard API	START	1674039499774
USER	Leaderboard API	END	1674039499840
REQUEST		Dynamic Scoring	1674039498975	1674039499842	OK	 
USER	Leaderboard API	START	1674039499974
REQUEST		Dynamic Scoring	1674039499175	1674039500036	OK	 
USER	Leaderboard API	END	1674039500089
USER	Leaderboard API	START	1674039500174
REQUEST		Dynamic Scoring	1674039499375	1674039500262	OK	 
USER	Leaderboard API	END	1674039500314
USER	Leaderboard API	START	1674039500374
REQUEST		Dynamic Scoring	1674039499574	1674039500439	OK	 
USER	Leaderboard API	END	1674039500550
USER	Leaderboard API	START	1674039500574
USER	Leaderboard API	END	1674039500683
REQUEST		Dynamic Scoring	1674039499774	1674039500701	OK	 
USER	Leaderboard API	START	1674039500774
REQUEST		Dynamic Scoring	1674039499974	1674039500815	OK	 
USER	Leaderboard API	END	1674039500860
USER	Leaderboard API	START	1674039500974
REQUEST		Dynamic Scoring	1674039500175	1674039501122	OK	 
USER	Leaderboard API	END	1674039501144
USER	Leaderboard API	START	1674039501174
USER	Leaderboard API	END	1674039501240
REQUEST		Dynamic Scoring	1674039500374	1674039501372	OK	 
USER	Leaderboard API	START	1674039501374
USER	Leaderboard API	END	1674039501447
REQUEST		Dynamic Scoring	1674039500574	1674039501454	OK	 
USER	Leaderboard API	START	1674039501574
USER	Leaderboard API	END	1674039501675
REQUEST		Dynamic Scoring	1674039500774	1674039501695	OK	 
USER	Leaderboard API	START	1674039501774
USER	Leaderboard API	END	1674039501837
REQUEST		Dynamic Scoring	1674039500974	1674039501955	OK	 
USER	Leaderboard API	START	1674039501974
USER	Leaderboard API	END	1674039502020
REQUEST		Dynamic Scoring	1674039501174	1674039502061	OK	 
USER	Leaderboard API	START	1674039502174
USER	Leaderboard API	END	1674039502218
REQUEST		Dynamic Scoring	1674039501374	1674039502245	OK	 
USER	Leaderboard API	START	1674039502374
USER	Leaderboard API	END	1674039502428
REQUEST		Dynamic Scoring	1674039501574	1674039502470	OK	 
USER	Leaderboard API	START	1674039502574
REQUEST		Dynamic Scoring	1674039501774	1674039502626	OK	 
USER	Leaderboard API	END	1674039502648
USER	Leaderboard API	START	1674039502774
USER	Leaderboard API	END	1674039502843
REQUEST		Dynamic Scoring	1674039501974	1674039502854	OK	 
USER	Leaderboard API	START	1674039502974
USER	Leaderboard API	END	1674039503037
REQUEST		Dynamic Scoring	1674039502174	1674039503065	OK	 
USER	Leaderboard API	START	1674039503173
USER	Leaderboard API	END	1674039503264
REQUEST		Dynamic Scoring	1674039502374	1674039503329	OK	 
USER	Leaderboard API	START	1674039503374
USER	Leaderboard API	END	1674039503440
REQUEST		Dynamic Scoring	1674039502574	1674039503446	OK	 
USER	Leaderboard API	START	1674039503573
USER	Leaderboard API	END	1674039503702
REQUEST		Dynamic Scoring	1674039502774	1674039503711	OK	 
USER	Leaderboard API	START	1674039503773
USER	Leaderboard API	END	1674039503816
REQUEST		Dynamic Scoring	1674039502974	1674039503823	OK	 
USER	Leaderboard API	START	1674039503973
REQUEST		Dynamic Scoring	1674039503174	1674039504098	OK	 
USER	Leaderboard API	END	1674039504123
USER	Leaderboard API	START	1674039504173
REQUEST		Dynamic Scoring	1674039503374	1674039504255	OK	 
USER	Leaderboard API	END	1674039504373
USER	Leaderboard API	START	1674039504373
USER	Leaderboard API	END	1674039504454
REQUEST		Dynamic Scoring	1674039503573	1674039504512	OK	 
USER	Leaderboard API	START	1674039504574
REQUEST		Dynamic Scoring	1674039503774	1674039504645	OK	 
USER	Leaderboard API	END	1674039504696
USER	Leaderboard API	START	1674039504774
REQUEST		Dynamic Scoring	1674039503973	1674039504863	OK	 
USER	Leaderboard API	END	1674039504957
USER	Leaderboard API	START	1674039504974
REQUEST		Dynamic Scoring	1674039504174	1674039505038	OK	 
USER	Leaderboard API	END	1674039505062
USER	Leaderboard API	START	1674039505174
REQUEST		Dynamic Scoring	1674039504374	1674039505223	OK	 
USER	Leaderboard API	END	1674039505246
USER	Leaderboard API	START	1674039505374
REQUEST		Dynamic Scoring	1674039504574	1674039505411	OK	 
USER	Leaderboard API	END	1674039505471
USER	Leaderboard API	START	1674039505574
REQUEST		Dynamic Scoring	1674039504774	1674039505607	OK	 
USER	Leaderboard API	END	1674039505627
USER	Leaderboard API	START	1674039505774
REQUEST		Dynamic Scoring	1674039504974	1674039505809	OK	 
USER	Leaderboard API	END	1674039505855
USER	Leaderboard API	START	1674039505974
REQUEST		Dynamic Scoring	1674039505174	1674039506031	OK	 
USER	Leaderboard API	END	1674039506066
USER	Leaderboard API	START	1674039506174
REQUEST		Dynamic Scoring	1674039505374	1674039506237	OK	 
USER	Leaderboard API	END	1674039506330
USER	Leaderboard API	START	1674039506374
USER	Leaderboard API	END	1674039506446
REQUEST		Dynamic Scoring	1674039505574	1674039506455	OK	 
USER	Leaderboard API	START	1674039506574
REQUEST		Dynamic Scoring	1674039505774	1674039506611	OK	 
USER	Leaderboard API	END	1674039506712
USER	Leaderboard API	START	1674039506774
USER	Leaderboard API	END	1674039506824
REQUEST		Dynamic Scoring	1674039505974	1674039506831	OK	 
USER	Leaderboard API	START	1674039506974
REQUEST		Dynamic Scoring	1674039506175	1674039507010	OK	 
USER	Leaderboard API	END	1674039507099
USER	Leaderboard API	START	1674039507174
REQUEST		Dynamic Scoring	1674039506374	1674039507203	OK	 
USER	Leaderboard API	END	1674039507256
USER	Leaderboard API	START	1674039507374
REQUEST		Dynamic Scoring	1674039506574	1674039507458	OK	 
USER	Leaderboard API	END	1674039507513
USER	Leaderboard API	START	1674039507574
USER	Leaderboard API	END	1674039507645
REQUEST		Dynamic Scoring	1674039506774	1674039507651	OK	 
USER	Leaderboard API	START	1674039507774
USER	Leaderboard API	END	1674039507864
REQUEST		Dynamic Scoring	1674039506974	1674039507869	OK	 
USER	Leaderboard API	START	1674039507974
USER	Leaderboard API	END	1674039508039
REQUEST		Dynamic Scoring	1674039507175	1674039508052	OK	 
USER	Leaderboard API	START	1674039508174
USER	Leaderboard API	END	1674039508224
REQUEST		Dynamic Scoring	1674039507374	1674039508228	OK	 
USER	Leaderboard API	START	1674039508374
USER	Leaderboard API	END	1674039508412
REQUEST		Dynamic Scoring	1674039507574	1674039508448	OK	 
USER	Leaderboard API	START	1674039508574
USER	Leaderboard API	END	1674039508608
REQUEST		Dynamic Scoring	1674039507774	1674039508619	OK	 
USER	Leaderboard API	START	1674039508774
USER	Leaderboard API	END	1674039508810
REQUEST		Dynamic Scoring	1674039507974	1674039508814	OK	 
USER	Leaderboard API	START	1674039508974
REQUEST		Dynamic Scoring	1674039508174	1674039509011	OK	 
USER	Leaderboard API	END	1674039509031
USER	Leaderboard API	START	1674039509174
REQUEST		Dynamic Scoring	1674039508374	1674039509220	OK	 
USER	Leaderboard API	END	1674039509238
USER	Leaderboard API	START	1674039509375
REQUEST		Dynamic Scoring	1674039508575	1674039509400	OK	 
USER	Leaderboard API	END	1674039509456
USER	Leaderboard API	START	1674039509574
REQUEST		Dynamic Scoring	1674039508775	1674039509611	OK	 
USER	Leaderboard API	END	1674039509611
USER	Leaderboard API	START	1674039509774
REQUEST		Dynamic Scoring	1674039508975	1674039509819	OK	 
USER	Leaderboard API	END	1674039509831
USER	Leaderboard API	START	1674039509974
REQUEST		Dynamic Scoring	1674039509175	1674039510004	OK	 
USER	Leaderboard API	END	1674039510011
USER	Leaderboard API	START	1674039510174
USER	Leaderboard API	END	1674039510204
REQUEST		Dynamic Scoring	1674039509375	1674039510213	OK	 
USER	Leaderboard API	START	1674039510374
REQUEST		Dynamic Scoring	1674039509575	1674039510433	OK	 
USER	Leaderboard API	END	1674039510460
USER	Leaderboard API	START	1674039510573
REQUEST		Dynamic Scoring	1674039509774	1674039510616	OK	 
USER	Leaderboard API	END	1674039510652
USER	Leaderboard API	START	1674039510773
REQUEST		Dynamic Scoring	1674039509974	1674039510800	OK	 
USER	Leaderboard API	END	1674039510870
USER	Leaderboard API	START	1674039510973
REQUEST		Dynamic Scoring	1674039510174	1674039511023	OK	 
USER	Leaderboard API	END	1674039511053
USER	Leaderboard API	START	1674039511173
REQUEST		Dynamic Scoring	1674039510375	1674039511207	OK	 
USER	Leaderboard API	END	1674039511229
USER	Leaderboard API	START	1674039511373
REQUEST		Dynamic Scoring	1674039510574	1674039511415	OK	 
USER	Leaderboard API	END	1674039511449
USER	Leaderboard API	START	1674039511573
REQUEST		Dynamic Scoring	1674039510774	1674039511617	OK	 
USER	Leaderboard API	END	1674039511620
USER	Leaderboard API	START	1674039511773
USER	Leaderboard API	END	1674039511815
REQUEST		Dynamic Scoring	1674039510974	1674039511815	OK	 
USER	Leaderboard API	START	1674039511973
USER	Leaderboard API	END	1674039512012
REQUEST		Dynamic Scoring	1674039511174	1674039512036	OK	 
USER	Leaderboard API	START	1674039512173
USER	Leaderboard API	END	1674039512222
REQUEST		Dynamic Scoring	1674039511374	1674039512250	OK	 
USER	Leaderboard API	START	1674039512373
USER	Leaderboard API	END	1674039512401
REQUEST		Dynamic Scoring	1674039511574	1674039512454	OK	 
USER	Leaderboard API	START	1674039512573
USER	Leaderboard API	END	1674039512612
REQUEST		Dynamic Scoring	1674039511774	1674039512648	OK	 
USER	Leaderboard API	START	1674039512774
REQUEST		Dynamic Scoring	1674039511973	1674039512820	OK	 
USER	Leaderboard API	END	1674039512820
USER	Leaderboard API	START	1674039512973
USER	Leaderboard API	END	1674039513005
REQUEST		Dynamic Scoring	1674039512174	1674039513044	OK	 
USER	Leaderboard API	START	1674039513173
USER	Leaderboard API	END	1674039513213
REQUEST		Dynamic Scoring	1674039512374	1674039513222	OK	 
USER	Leaderboard API	START	1674039513374
USER	Leaderboard API	END	1674039513434
REQUEST		Dynamic Scoring	1674039512574	1674039513447	OK	 
USER	Leaderboard API	START	1674039513573
USER	Leaderboard API	END	1674039513616
REQUEST		Dynamic Scoring	1674039512775	1674039513637	OK	 
USER	Leaderboard API	START	1674039513773
USER	Leaderboard API	END	1674039513801
REQUEST		Dynamic Scoring	1674039512974	1674039513851	OK	 
USER	Leaderboard API	START	1674039513973
USER	Leaderboard API	END	1674039514025
REQUEST		Dynamic Scoring	1674039513174	1674039514119	OK	 
USER	Leaderboard API	START	1674039514173
USER	Leaderboard API	END	1674039514208
REQUEST		Dynamic Scoring	1674039513374	1674039514229	OK	 
USER	Leaderboard API	START	1674039514374
USER	Leaderboard API	END	1674039514415
REQUEST		Dynamic Scoring	1674039513574	1674039514432	OK	 
USER	Leaderboard API	START	1674039514573
USER	Leaderboard API	END	1674039514618
REQUEST		Dynamic Scoring	1674039513773	1674039514641	OK	 
USER	Leaderboard API	START	1674039514773
USER	Leaderboard API	END	1674039514817
REQUEST		Dynamic Scoring	1674039513974	1674039514825	OK	 
USER	Leaderboard API	START	1674039514973
REQUEST		Dynamic Scoring	1674039514174	1674039515004	OK	 
USER	Leaderboard API	END	1674039515037
USER	Leaderboard API	START	1674039515173
USER	Leaderboard API	END	1674039515251
REQUEST		Dynamic Scoring	1674039514374	1674039515252	OK	 
USER	Leaderboard API	START	1674039515373
REQUEST		Dynamic Scoring	1674039514574	1674039515426	OK	 
USER	Leaderboard API	END	1674039515455
USER	Leaderboard API	START	1674039515574
REQUEST		Dynamic Scoring	1674039514774	1674039515605	OK	 
USER	Leaderboard API	END	1674039515649
USER	Leaderboard API	START	1674039515774
REQUEST		Dynamic Scoring	1674039514974	1674039515811	OK	 
USER	Leaderboard API	END	1674039515820
USER	Leaderboard API	START	1674039515974
REQUEST		Dynamic Scoring	1674039515174	1674039516009	OK	 
USER	Leaderboard API	END	1674039516044
USER	Leaderboard API	START	1674039516174
REQUEST		Dynamic Scoring	1674039515374	1674039516212	OK	 
USER	Leaderboard API	END	1674039516223
USER	Leaderboard API	START	1674039516374
REQUEST		Dynamic Scoring	1674039515574	1674039516406	OK	 
USER	Leaderboard API	END	1674039516448
USER	Leaderboard API	START	1674039516574
REQUEST		Dynamic Scoring	1674039515774	1674039516609	OK	 
USER	Leaderboard API	END	1674039516638
USER	Leaderboard API	START	1674039516774
REQUEST		Dynamic Scoring	1674039515974	1674039516806	OK	 
USER	Leaderboard API	END	1674039516851
USER	Leaderboard API	START	1674039516974
REQUEST		Dynamic Scoring	1674039516175	1674039517005	OK	 
USER	Leaderboard API	END	1674039517119
USER	Leaderboard API	START	1674039517174
REQUEST		Dynamic Scoring	1674039516375	1674039517208	OK	 
USER	Leaderboard API	END	1674039517230
USER	Leaderboard API	START	1674039517374
REQUEST		Dynamic Scoring	1674039516575	1674039517429	OK	 
USER	Leaderboard API	END	1674039517433
USER	Leaderboard API	START	1674039517574
REQUEST		Dynamic Scoring	1674039516775	1674039517614	OK	 
USER	Leaderboard API	END	1674039517642
USER	Leaderboard API	START	1674039517774
REQUEST		Dynamic Scoring	1674039516974	1674039517803	OK	 
USER	Leaderboard API	END	1674039517827
USER	Leaderboard API	START	1674039517974
USER	Leaderboard API	END	1674039518005
REQUEST		Dynamic Scoring	1674039517174	1674039518015	OK	 
USER	Leaderboard API	START	1674039518174
REQUEST		Dynamic Scoring	1674039517375	1674039518249	OK	 
USER	Leaderboard API	END	1674039518253
USER	Leaderboard API	START	1674039518374
USER	Leaderboard API	END	1674039518428
REQUEST		Dynamic Scoring	1674039517575	1674039518440	OK	 
USER	Leaderboard API	START	1674039518573
USER	Leaderboard API	END	1674039518606
REQUEST		Dynamic Scoring	1674039517774	1674039518621	OK	 
USER	Leaderboard API	START	1674039518773
USER	Leaderboard API	END	1674039518811
REQUEST		Dynamic Scoring	1674039517975	1674039518814	OK	 
USER	Leaderboard API	START	1674039518973
REQUEST		Dynamic Scoring	1674039518175	1674039518999	OK	 
USER	Leaderboard API	END	1674039519010
USER	Leaderboard API	START	1674039519174
USER	Leaderboard API	END	1674039519213
REQUEST		Dynamic Scoring	1674039518375	1674039519229	OK	 
USER	Leaderboard API	START	1674039519373
USER	Leaderboard API	END	1674039519407
REQUEST		Dynamic Scoring	1674039518574	1674039519427	OK	 
USER	Leaderboard API	START	1674039519573
USER	Leaderboard API	END	1674039519610
REQUEST		Dynamic Scoring	1674039518774	1674039519645	OK	 
USER	Leaderboard API	START	1674039519773
USER	Leaderboard API	END	1674039519808
REQUEST		Dynamic Scoring	1674039518974	1674039519870	OK	 
USER	Leaderboard API	START	1674039519973
USER	Leaderboard API	END	1674039520006
REQUEST		Dynamic Scoring	1674039519174	1674039520067	OK	 
USER	Leaderboard API	START	1674039520173
USER	Leaderboard API	END	1674039520209
REQUEST		Dynamic Scoring	1674039519374	1674039520237	OK	 
USER	Leaderboard API	START	1674039520373
USER	Leaderboard API	END	1674039520430
REQUEST		Dynamic Scoring	1674039519573	1674039520431	OK	 
USER	Leaderboard API	START	1674039520574
USER	Leaderboard API	END	1674039520615
REQUEST		Dynamic Scoring	1674039519773	1674039520617	OK	 
USER	Leaderboard API	START	1674039520774
USER	Leaderboard API	END	1674039520805
REQUEST		Dynamic Scoring	1674039519973	1674039520808	OK	 
USER	Leaderboard API	START	1674039520974
REQUEST		Dynamic Scoring	1674039520173	1674039521014	OK	 
USER	Leaderboard API	END	1674039521016
USER	Leaderboard API	START	1674039521174
REQUEST		Dynamic Scoring	1674039520373	1674039521229	OK	 
USER	Leaderboard API	END	1674039521250
USER	Leaderboard API	START	1674039521374
REQUEST		Dynamic Scoring	1674039520575	1674039521411	OK	 
USER	Leaderboard API	END	1674039521442
USER	Leaderboard API	START	1674039521574
REQUEST		Dynamic Scoring	1674039520775	1674039521606	OK	 
USER	Leaderboard API	END	1674039521622
USER	Leaderboard API	START	1674039521775
USER	Leaderboard API	END	1674039521815
REQUEST		Dynamic Scoring	1674039520975	1674039521821	OK	 
USER	Leaderboard API	START	1674039521974
USER	Leaderboard API	END	1674039522000
REQUEST		Dynamic Scoring	1674039521175	1674039522001	OK	 
USER	Leaderboard API	START	1674039522174
REQUEST		Dynamic Scoring	1674039521375	1674039522210	OK	 
USER	Leaderboard API	END	1674039522230
USER	Leaderboard API	START	1674039522374
USER	Leaderboard API	END	1674039522428
REQUEST		Dynamic Scoring	1674039521575	1674039522444	OK	 
USER	Leaderboard API	START	1674039522574
REQUEST		Dynamic Scoring	1674039521775	1674039522609	OK	 
USER	Leaderboard API	END	1674039522645
USER	Leaderboard API	START	1674039522774
REQUEST		Dynamic Scoring	1674039521975	1674039522795	OK	 
USER	Leaderboard API	END	1674039522871
USER	Leaderboard API	START	1674039522974
REQUEST		Dynamic Scoring	1674039522175	1674039523037	OK	 
USER	Leaderboard API	END	1674039523068
USER	Leaderboard API	START	1674039523174
REQUEST		Dynamic Scoring	1674039522375	1674039523208	OK	 
USER	Leaderboard API	END	1674039523238
USER	Leaderboard API	START	1674039523374
REQUEST		Dynamic Scoring	1674039522574	1674039523416	OK	 
USER	Leaderboard API	END	1674039523433
USER	Leaderboard API	START	1674039523573
REQUEST		Dynamic Scoring	1674039522774	1674039523608	OK	 
USER	Leaderboard API	END	1674039523618
USER	Leaderboard API	START	1674039523773
REQUEST		Dynamic Scoring	1674039522975	1674039523798	OK	 
USER	Leaderboard API	END	1674039523809
USER	Leaderboard API	START	1674039523973
USER	Leaderboard API	END	1674039524015
REQUEST		Dynamic Scoring	1674039523175	1674039524015	OK	 
USER	Leaderboard API	START	1674039524173
REQUEST		Dynamic Scoring	1674039523374	1674039524205	OK	 
USER	Leaderboard API	END	1674039524230
USER	Leaderboard API	START	1674039524373
REQUEST		Dynamic Scoring	1674039523573	1674039524408	OK	 
USER	Leaderboard API	END	1674039524412
USER	Leaderboard API	START	1674039524575
USER	Leaderboard API	END	1674039524608
REQUEST		Dynamic Scoring	1674039523773	1674039524615	OK	 
USER	Leaderboard API	START	1674039524774
USER	Leaderboard API	END	1674039524822
REQUEST		Dynamic Scoring	1674039523974	1674039524835	OK	 
USER	Leaderboard API	START	1674039524974
USER	Leaderboard API	END	1674039525002
REQUEST		Dynamic Scoring	1674039524174	1674039525020	OK	 
USER	Leaderboard API	START	1674039525174
REQUEST		Dynamic Scoring	1674039524374	1674039525202	OK	 
USER	Leaderboard API	END	1674039525212
USER	Leaderboard API	START	1674039525374
REQUEST		Dynamic Scoring	1674039524576	1674039525425	OK	 
USER	Leaderboard API	END	1674039525445
USER	Leaderboard API	START	1674039525573
USER	Leaderboard API	END	1674039525611
REQUEST		Dynamic Scoring	1674039524775	1674039525627	OK	 
USER	Leaderboard API	START	1674039525773
USER	Leaderboard API	END	1674039525796
REQUEST		Dynamic Scoring	1674039524975	1674039525845	OK	 
USER	Leaderboard API	START	1674039525973
USER	Leaderboard API	END	1674039526038
REQUEST		Dynamic Scoring	1674039525175	1674039526045	OK	 
USER	Leaderboard API	START	1674039526173
USER	Leaderboard API	END	1674039526209
REQUEST		Dynamic Scoring	1674039525375	1674039526221	OK	 
USER	Leaderboard API	START	1674039526373
USER	Leaderboard API	END	1674039526417
REQUEST		Dynamic Scoring	1674039525573	1674039526428	OK	 
USER	Leaderboard API	START	1674039526573
REQUEST		Dynamic Scoring	1674039525774	1674039526606	OK	 
USER	Leaderboard API	END	1674039526609
USER	Leaderboard API	START	1674039526773
USER	Leaderboard API	END	1674039526799
REQUEST		Dynamic Scoring	1674039525974	1674039526829	OK	 
USER	Leaderboard API	START	1674039526973
USER	Leaderboard API	END	1674039527017
REQUEST		Dynamic Scoring	1674039526174	1674039527058	OK	 
USER	Leaderboard API	START	1674039527174
REQUEST		Dynamic Scoring	1674039526374	1674039527195	OK	 
USER	Leaderboard API	END	1674039527206
USER	Leaderboard API	START	1674039527374
USER	Leaderboard API	END	1674039527409
REQUEST		Dynamic Scoring	1674039526574	1674039527436	OK	 
USER	Leaderboard API	START	1674039527574
USER	Leaderboard API	END	1674039527615
REQUEST		Dynamic Scoring	1674039526774	1674039527617	OK	 
USER	Leaderboard API	START	1674039527774
REQUEST		Dynamic Scoring	1674039526974	1674039527814	OK	 
USER	Leaderboard API	END	1674039527836
USER	Leaderboard API	START	1674039527974
USER	Leaderboard API	END	1674039528021
REQUEST		Dynamic Scoring	1674039527174	1674039528022	OK	 
USER	Leaderboard API	START	1674039528174
USER	Leaderboard API	END	1674039528203
REQUEST		Dynamic Scoring	1674039527374	1674039528210	OK	 
USER	Leaderboard API	START	1674039528375
REQUEST		Dynamic Scoring	1674039527575	1674039528403	OK	 
USER	Leaderboard API	END	1674039528426
USER	Leaderboard API	START	1674039528573
USER	Leaderboard API	END	1674039528628
REQUEST		Dynamic Scoring	1674039527775	1674039528642	OK	 
USER	Leaderboard API	START	1674039528773
USER	Leaderboard API	END	1674039528846
REQUEST		Dynamic Scoring	1674039527975	1674039528861	OK	 
USER	Leaderboard API	START	1674039528973
REQUEST		Dynamic Scoring	1674039528175	1674039529028	OK	 
USER	Leaderboard API	END	1674039529046
USER	Leaderboard API	START	1674039529173
USER	Leaderboard API	END	1674039529221
REQUEST		Dynamic Scoring	1674039528375	1674039529236	OK	 
USER	Leaderboard API	START	1674039529373
REQUEST		Dynamic Scoring	1674039528573	1674039529410	OK	 
USER	Leaderboard API	END	1674039529429
USER	Leaderboard API	START	1674039529574
USER	Leaderboard API	END	1674039529607
REQUEST		Dynamic Scoring	1674039528773	1674039529642	OK	 
USER	Leaderboard API	START	1674039529774
REQUEST		Dynamic Scoring	1674039528973	1674039529818	OK	 
USER	Leaderboard API	END	1674039529830
USER	Leaderboard API	START	1674039529974
REQUEST		Dynamic Scoring	1674039529174	1674039530014	OK	 
USER	Leaderboard API	END	1674039530059
USER	Leaderboard API	START	1674039530174
USER	Leaderboard API	END	1674039530196
REQUEST		Dynamic Scoring	1674039529374	1674039530202	OK	 
USER	Leaderboard API	START	1674039530374
REQUEST		Dynamic Scoring	1674039529575	1674039530423	OK	 
USER	Leaderboard API	END	1674039530437
USER	Leaderboard API	START	1674039530573
REQUEST		Dynamic Scoring	1674039529775	1674039530607	OK	 
USER	Leaderboard API	END	1674039530618
USER	Leaderboard API	START	1674039530773
REQUEST		Dynamic Scoring	1674039529975	1674039530812	OK	 
USER	Leaderboard API	END	1674039530814
USER	Leaderboard API	START	1674039530973
REQUEST		Dynamic Scoring	1674039530175	1674039531009	OK	 
USER	Leaderboard API	END	1674039531023
USER	Leaderboard API	START	1674039531173
USER	Leaderboard API	END	1674039531211
REQUEST		Dynamic Scoring	1674039530375	1674039531258	OK	 
USER	Leaderboard API	START	1674039531373
USER	Leaderboard API	END	1674039531404
REQUEST		Dynamic Scoring	1674039530573	1674039531448	OK	 
USER	Leaderboard API	START	1674039531573
REQUEST		Dynamic Scoring	1674039530773	1674039531638	OK	 
USER	Leaderboard API	END	1674039531644
USER	Leaderboard API	START	1674039531773
USER	Leaderboard API	END	1674039531862
REQUEST		Dynamic Scoring	1674039530973	1674039531866	OK	 
USER	Leaderboard API	START	1674039531973
USER	Leaderboard API	END	1674039532029
REQUEST		Dynamic Scoring	1674039531173	1674039532047	OK	 
USER	Leaderboard API	START	1674039532173
REQUEST		Dynamic Scoring	1674039531374	1674039532210	OK	 
USER	Leaderboard API	END	1674039532237
USER	Leaderboard API	START	1674039532373
USER	Leaderboard API	END	1674039532411
REQUEST		Dynamic Scoring	1674039531573	1674039532434	OK	 
USER	Leaderboard API	START	1674039532573
REQUEST		Dynamic Scoring	1674039531773	1674039532612	OK	 
USER	Leaderboard API	END	1674039532643
USER	Leaderboard API	START	1674039532773
REQUEST		Dynamic Scoring	1674039531973	1674039532808	OK	 
USER	Leaderboard API	END	1674039532819
USER	Leaderboard API	START	1674039532973
USER	Leaderboard API	END	1674039533015
REQUEST		Dynamic Scoring	1674039532174	1674039533020	OK	 
USER	Leaderboard API	START	1674039533173
USER	Leaderboard API	END	1674039533203
REQUEST		Dynamic Scoring	1674039532374	1674039533227	OK	 
USER	Leaderboard API	START	1674039533373
REQUEST		Dynamic Scoring	1674039532573	1674039533409	OK	 
USER	Leaderboard API	END	1674039533424
USER	Leaderboard API	START	1674039533573
REQUEST		Dynamic Scoring	1674039532774	1674039533608	OK	 
USER	Leaderboard API	END	1674039533608
USER	Leaderboard API	START	1674039533774
REQUEST		Dynamic Scoring	1674039532974	1674039533813	OK	 
USER	Leaderboard API	END	1674039533814
USER	Leaderboard API	START	1674039533974
REQUEST		Dynamic Scoring	1674039533174	1674039533998	OK	 
USER	Leaderboard API	END	1674039534011
USER	Leaderboard API	START	1674039534174
REQUEST		Dynamic Scoring	1674039533374	1674039534198	OK	 
USER	Leaderboard API	END	1674039534259
USER	Leaderboard API	START	1674039534374
REQUEST		Dynamic Scoring	1674039533574	1674039534401	OK	 
USER	Leaderboard API	END	1674039534449
USER	Leaderboard API	START	1674039534574
USER	Leaderboard API	END	1674039534639
REQUEST		Dynamic Scoring	1674039533774	1674039534645	OK	 
USER	Leaderboard API	START	1674039534774
REQUEST		Dynamic Scoring	1674039533974	1674039534812	OK	 
USER	Leaderboard API	END	1674039534867
USER	Leaderboard API	START	1674039534974
REQUEST		Dynamic Scoring	1674039534174	1674039535015	OK	 
USER	Leaderboard API	END	1674039535048
USER	Leaderboard API	START	1674039535174
USER	Leaderboard API	END	1674039535211
REQUEST		Dynamic Scoring	1674039534374	1674039535235	OK	 
USER	Leaderboard API	START	1674039535374
REQUEST		Dynamic Scoring	1674039534574	1674039535399	OK	 
USER	Leaderboard API	END	1674039535435
USER	Leaderboard API	START	1674039535573
REQUEST		Dynamic Scoring	1674039534774	1674039535604	OK	 
USER	Leaderboard API	END	1674039535613
USER	Leaderboard API	START	1674039535773
USER	Leaderboard API	END	1674039535810
REQUEST		Dynamic Scoring	1674039534974	1674039535813	OK	 
USER	Leaderboard API	START	1674039535973
REQUEST		Dynamic Scoring	1674039535174	1674039536012	OK	 
USER	Leaderboard API	END	1674039536020
USER	Leaderboard API	START	1674039536174
REQUEST		Dynamic Scoring	1674039535374	1674039536199	OK	 
USER	Leaderboard API	END	1674039536228
USER	Leaderboard API	START	1674039536373
REQUEST		Dynamic Scoring	1674039535574	1674039536400	OK	 
USER	Leaderboard API	END	1674039536410
USER	Leaderboard API	START	1674039536574
REQUEST		Dynamic Scoring	1674039535774	1674039536608	OK	 
USER	Leaderboard API	END	1674039536609
USER	Leaderboard API	START	1674039536774
REQUEST		Dynamic Scoring	1674039535974	1674039536810	OK	 
USER	Leaderboard API	END	1674039536814
USER	Leaderboard API	START	1674039536974
REQUEST		Dynamic Scoring	1674039536174	1674039536996	OK	 
USER	Leaderboard API	END	1674039536999
USER	Leaderboard API	START	1674039537174
USER	Leaderboard API	END	1674039537199
REQUEST		Dynamic Scoring	1674039536374	1674039537295	OK	 
USER	Leaderboard API	START	1674039537374
USER	Leaderboard API	END	1674039537402
REQUEST		Dynamic Scoring	1674039536574	1674039537490	OK	 
USER	Leaderboard API	START	1674039537573
USER	Leaderboard API	END	1674039537646
REQUEST		Dynamic Scoring	1674039536774	1674039537741	OK	 
USER	Leaderboard API	START	1674039537773
USER	Leaderboard API	END	1674039537813
REQUEST		Dynamic Scoring	1674039536974	1674039537957	OK	 
USER	Leaderboard API	START	1674039537973
USER	Leaderboard API	END	1674039538016
REQUEST		Dynamic Scoring	1674039537174	1674039538137	OK	 
USER	Leaderboard API	START	1674039538173
USER	Leaderboard API	END	1674039538236
REQUEST		Dynamic Scoring	1674039537374	1674039538242	OK	 
USER	Leaderboard API	START	1674039538374
USER	Leaderboard API	END	1674039538399
REQUEST		Dynamic Scoring	1674039537574	1674039538461	OK	 
USER	Leaderboard API	START	1674039538573
USER	Leaderboard API	END	1674039538605
REQUEST		Dynamic Scoring	1674039537774	1674039538608	OK	 
USER	Leaderboard API	START	1674039538773
USER	Leaderboard API	END	1674039538814
REQUEST		Dynamic Scoring	1674039537974	1674039538819	OK	 
USER	Leaderboard API	START	1674039538973
USER	Leaderboard API	END	1674039539013
REQUEST		Dynamic Scoring	1674039538174	1674039539026	OK	 
USER	Leaderboard API	START	1674039539173
USER	Leaderboard API	END	1674039539200
REQUEST		Dynamic Scoring	1674039538374	1674039539219	OK	 
USER	Leaderboard API	START	1674039539373
REQUEST		Dynamic Scoring	1674039538573	1674039539400	OK	 
USER	Leaderboard API	END	1674039539401
USER	Leaderboard API	START	1674039539573
USER	Leaderboard API	END	1674039539610
REQUEST		Dynamic Scoring	1674039538774	1674039539639	OK	 
USER	Leaderboard API	START	1674039539773
USER	Leaderboard API	END	1674039539811
REQUEST		Dynamic Scoring	1674039538974	1674039539842	OK	 
USER	Leaderboard API	START	1674039539973
USER	Leaderboard API	END	1674039539997
REQUEST		Dynamic Scoring	1674039539174	1674039540005	OK	 
USER	Leaderboard API	START	1674039540173
REQUEST		Dynamic Scoring	1674039539374	1674039540206	OK	 
USER	Leaderboard API	END	1674039540296
USER	Leaderboard API	START	1674039540373
REQUEST		Dynamic Scoring	1674039539573	1674039540431	OK	 
USER	Leaderboard API	END	1674039540492
USER	Leaderboard API	START	1674039540573
REQUEST		Dynamic Scoring	1674039539773	1674039540599	OK	 
USER	Leaderboard API	END	1674039540742
USER	Leaderboard API	START	1674039540773
REQUEST		Dynamic Scoring	1674039539973	1674039540839	OK	 
USER	Leaderboard API	END	1674039540959
USER	Leaderboard API	START	1674039540973
REQUEST		Dynamic Scoring	1674039540174	1674039541005	OK	 
USER	Leaderboard API	END	1674039541138
USER	Leaderboard API	START	1674039541173
REQUEST		Dynamic Scoring	1674039540374	1674039541209	OK	 
USER	Leaderboard API	END	1674039541243
USER	Leaderboard API	START	1674039541373
REQUEST		Dynamic Scoring	1674039540573	1674039541406	OK	 
USER	Leaderboard API	END	1674039541462
USER	Leaderboard API	START	1674039541573
REQUEST		Dynamic Scoring	1674039540773	1674039541609	OK	 
USER	Leaderboard API	END	1674039541610
USER	Leaderboard API	START	1674039541773
REQUEST		Dynamic Scoring	1674039540973	1674039541798	OK	 
USER	Leaderboard API	END	1674039541819
USER	Leaderboard API	START	1674039541973
REQUEST		Dynamic Scoring	1674039541173	1674039542021	OK	 
USER	Leaderboard API	END	1674039542027
USER	Leaderboard API	START	1674039542173
REQUEST		Dynamic Scoring	1674039541374	1674039542200	OK	 
USER	Leaderboard API	END	1674039542221
USER	Leaderboard API	START	1674039542373
USER	Leaderboard API	END	1674039542401
REQUEST		Dynamic Scoring	1674039541573	1674039542421	OK	 
USER	Leaderboard API	START	1674039542573
REQUEST		Dynamic Scoring	1674039541773	1674039542612	OK	 
USER	Leaderboard API	END	1674039542640
USER	Leaderboard API	START	1674039542773
REQUEST		Dynamic Scoring	1674039541974	1674039542798	OK	 
USER	Leaderboard API	END	1674039542843
USER	Leaderboard API	START	1674039542973
USER	Leaderboard API	END	1674039543006
REQUEST		Dynamic Scoring	1674039542174	1674039543012	OK	 
USER	Leaderboard API	START	1674039543173
USER	Leaderboard API	END	1674039543207
REQUEST		Dynamic Scoring	1674039542374	1674039543269	OK	 
USER	Leaderboard API	START	1674039543373
USER	Leaderboard API	END	1674039543432
REQUEST		Dynamic Scoring	1674039542574	1674039543475	OK	 
USER	Leaderboard API	START	1674039543573
USER	Leaderboard API	END	1674039543600
REQUEST		Dynamic Scoring	1674039542774	1674039543670	OK	 
USER	Leaderboard API	START	1674039543773
USER	Leaderboard API	END	1674039543840
REQUEST		Dynamic Scoring	1674039542974	1674039543872	OK	 
USER	Leaderboard API	START	1674039543973
USER	Leaderboard API	END	1674039544006
REQUEST		Dynamic Scoring	1674039543174	1674039544087	OK	 
USER	Leaderboard API	START	1674039544173
USER	Leaderboard API	END	1674039544210
REQUEST		Dynamic Scoring	1674039543374	1674039544258	OK	 
USER	Leaderboard API	START	1674039544373
USER	Leaderboard API	END	1674039544408
REQUEST		Dynamic Scoring	1674039543573	1674039544435	OK	 
USER	Leaderboard API	START	1674039544573
USER	Leaderboard API	END	1674039544610
REQUEST		Dynamic Scoring	1674039543773	1674039544666	OK	 
USER	Leaderboard API	START	1674039544773
USER	Leaderboard API	END	1674039544799
REQUEST		Dynamic Scoring	1674039543973	1674039544804	OK	 
USER	Leaderboard API	START	1674039544973
USER	Leaderboard API	END	1674039545022
REQUEST		Dynamic Scoring	1674039544173	1674039545082	OK	 
USER	Leaderboard API	START	1674039545173
USER	Leaderboard API	END	1674039545201
REQUEST		Dynamic Scoring	1674039544373	1674039545237	OK	 
USER	Leaderboard API	START	1674039545373
REQUEST		Dynamic Scoring	1674039544573	1674039545412	OK	 
USER	Leaderboard API	END	1674039545423
USER	Leaderboard API	START	1674039545573
REQUEST		Dynamic Scoring	1674039544773	1674039545609	OK	 
USER	Leaderboard API	END	1674039545613
USER	Leaderboard API	START	1674039545773
USER	Leaderboard API	END	1674039545799
REQUEST		Dynamic Scoring	1674039544973	1674039545808	OK	 
USER	Leaderboard API	START	1674039545973
USER	Leaderboard API	END	1674039546013
REQUEST		Dynamic Scoring	1674039545173	1674039546020	OK	 
USER	Leaderboard API	START	1674039546174
REQUEST		Dynamic Scoring	1674039545373	1674039546206	OK	 
USER	Leaderboard API	END	1674039546269
USER	Leaderboard API	START	1674039546374
REQUEST		Dynamic Scoring	1674039545574	1674039546409	OK	 
USER	Leaderboard API	END	1674039546476
USER	Leaderboard API	START	1674039546574
REQUEST		Dynamic Scoring	1674039545774	1674039546612	OK	 
USER	Leaderboard API	END	1674039546672
USER	Leaderboard API	START	1674039546774
REQUEST		Dynamic Scoring	1674039545974	1674039546798	OK	 
USER	Leaderboard API	END	1674039546873
USER	Leaderboard API	START	1674039546974
REQUEST		Dynamic Scoring	1674039546174	1674039547007	OK	 
USER	Leaderboard API	END	1674039547089
USER	Leaderboard API	START	1674039547174
REQUEST		Dynamic Scoring	1674039546374	1674039547226	OK	 
USER	Leaderboard API	END	1674039547259
USER	Leaderboard API	START	1674039547374
REQUEST		Dynamic Scoring	1674039546574	1674039547433	OK	 
USER	Leaderboard API	END	1674039547435
USER	Leaderboard API	START	1674039547574
REQUEST		Dynamic Scoring	1674039546774	1674039547633	OK	 
USER	Leaderboard API	END	1674039547667
USER	Leaderboard API	START	1674039547774
USER	Leaderboard API	END	1674039547805
REQUEST		Dynamic Scoring	1674039546975	1674039547808	OK	 
USER	Leaderboard API	START	1674039547974
REQUEST		Dynamic Scoring	1674039547175	1674039548001	OK	 
USER	Leaderboard API	END	1674039548083
USER	Leaderboard API	START	1674039548175
REQUEST		Dynamic Scoring	1674039547375	1674039548214	OK	 
USER	Leaderboard API	END	1674039548238
USER	Leaderboard API	END	1674039548413
REQUEST		Dynamic Scoring	1674039547574	1674039548413	OK	 
USER	Leaderboard API	END	1674039548610
REQUEST		Dynamic Scoring	1674039547774	1674039548610	OK	 
REQUEST		Dynamic Scoring	1674039547974	1674039548803	OK	 
USER	Leaderboard API	END	1674039548809
USER	Leaderboard API	END	1674039549021
REQUEST		Dynamic Scoring	1674039548176	1674039549050	OK	 
USER	Leaderboard API	END	1674039549207
USER	Leaderboard API	END	1674039549410
USER	Leaderboard API	END	1674039549613
USER	Leaderboard API	END	1674039549799
USER	Leaderboard API	END	1674039550008
USER	Leaderboard API	END	1674039550228
USER	Leaderboard API	END	1674039550434
USER	Leaderboard API	END	1674039550634
USER	Leaderboard API	END	1674039550809
USER	Leaderboard API	END	1674039551002
USER	Leaderboard API	END	1674039551215
USER	Leaderboard API	END	1674039551414
USER	Leaderboard API	END	1674039551611
USER	Leaderboard API	END	1674039551804
USER	Leaderboard API	END	1674039552050
