RUN	Simulations.Runner.Go1percent	go1percent	1676384681747	 	3.5.1
USER	Summary API	START	1676384682963
USER	Summary API	START	1676384683954
REQUEST		My Techup - Fetch approved Techup	1676384682984	1676384684156	OK	 
USER	Summary API	START	1676384684955
REQUEST		My Techup - Fetch approved Techup	1676384683955	1676384684969	OK	 
USER	Summary API	START	1676384685950
REQUEST		My Techup - Fetch approved Techup	1676384684955	1676384686089	OK	 
USER	Summary API	START	1676384686950
REQUEST		My Techup - Fetch approved Techup	1676384685951	1676384687169	OK	 
REQUEST		Approval Techup - Fetch approval Techups	1676384687174	1676384687579	OK	 
USER	Summary API	START	1676384687949
REQUEST		My Techup - Fetch approved Techup	1676384686951	1676384687956	OK	 
REQUEST		Approval Techup - Fetch approval Techups	1676384687970	1676384688343	OK	 
USER	Summary API	START	1676384688949
REQUEST		My Techup - Fetch approved Techup	1676384687950	1676384688965	OK	 
REQUEST		Approval Techup - Fetch approval Techups	1676384689090	1676384689472	OK	 
USER	Summary API	START	1676384689949
REQUEST		My Techup - Fetch approved Techup	1676384688950	1676384689965	OK	 
REQUEST		Approval Techup - Fetch approval Techups	1676384690171	1676384690539	OK	 
USER	Summary API	START	1676384690950
REQUEST		My Techup - Fetch approved Techup	1676384689950	1676384690958	OK	 
REQUEST		AllTechup - Fetch all Techup	1676384690580	1676384690967	OK	 
REQUEST		Approval Techup - Fetch approval Techups	1676384690958	1676384691356	OK	 
REQUEST		AllTechup - Fetch all Techup	1676384691344	1676384691734	OK	 
USER	Summary API	START	1676384691950
REQUEST		My Techup - Fetch approved Techup	1676384690950	1676384692015	OK	 
REQUEST		Approval Techup - Fetch approval Techups	1676384691966	1676384692359	OK	 
REQUEST		AllTechup - Fetch all Techup	1676384692474	1676384692905	OK	 
REQUEST		My Techup - Fetch approved Techup	1676384691951	1676384692925	OK	 
USER	Summary API	START	1676384692950
REQUEST		Approval Techup - Fetch approval Techups	1676384692967	1676384693342	OK	 
REQUEST		AllTechup - Fetch all Techup	1676384693541	1676384693944	OK	 
USER	Summary API	START	1676384693950
REQUEST		My Techup - Fetch approved Techup	1676384692951	1676384693968	OK	 
USER	Summary API	END	1676384693973
REQUEST		Approval Techup - Fetch approval Techups	1676384693959	1676384694331	OK	 
USER	Summary API	END	1676384694736
REQUEST		AllTechup - Fetch all Techup	1676384694357	1676384694746	OK	 
USER	Summary API	START	1676384694950
REQUEST		My Techup - Fetch approved Techup	1676384693951	1676384695115	OK	 
REQUEST		Approval Techup - Fetch approval Techups	1676384695016	1676384695486	OK	 
REQUEST		AllTechup - Fetch all Techup	1676384695361	1676384695795	OK	 
USER	Summary API	END	1676384695906
USER	Summary API	START	1676384695950
REQUEST		My Techup - Fetch approved Techup	1676384694951	1676384696294	OK	 
REQUEST		Approval Techup - Fetch approval Techups	1676384695927	1676384696308	OK	 
REQUEST		AllTechup - Fetch all Techup	1676384696343	1676384696796	OK	 
USER	Summary API	END	1676384696946
USER	Summary API	START	1676384696950
REQUEST		My Techup - Fetch approved Techup	1676384695950	1676384697150	OK	 
REQUEST		Approval Techup - Fetch approval Techups	1676384696969	1676384697352	OK	 
REQUEST		AllTechup - Fetch all Techup	1676384697332	1676384697723	OK	 
USER	Summary API	END	1676384697748
REQUEST		My Techup - Fetch approved Techup	1676384696951	1676384697932	OK	 
USER	Summary API	START	1676384697950
REQUEST		Approval Techup - Fetch approval Techups	1676384698116	1676384698517	OK	 
USER	Summary API	END	1676384698796
REQUEST		AllTechup - Fetch all Techup	1676384698488	1676384698868	OK	 
USER	Summary API	START	1676384698950
REQUEST		My Techup - Fetch approved Techup	1676384697951	1676384699095	OK	 
REQUEST		Approval Techup - Fetch approval Techups	1676384699296	1676384699686	OK	 
REQUEST		AllTechup - Fetch all Techup	1676384699310	1676384699693	OK	 
USER	Summary API	END	1676384699797
USER	Summary API	START	1676384699950
REQUEST		My Techup - Fetch approved Techup	1676384698951	1676384699954	OK	 
REQUEST		Approval Techup - Fetch approval Techups	1676384700152	1676384700589	OK	 
USER	Summary API	END	1676384700724
REQUEST		AllTechup - Fetch all Techup	1676384700353	1676384700752	OK	 
REQUEST		My Techup - Fetch approved Techup	1676384699950	1676384700925	OK	 
USER	Summary API	START	1676384700950
REQUEST		Approval Techup - Fetch approval Techups	1676384700934	1676384701326	OK	 
USER	Summary API	END	1676384701870
REQUEST		AllTechup - Fetch all Techup	1676384701519	1676384701930	OK	 
REQUEST		My Techup - Fetch approved Techup	1676384700951	1676384701935	OK	 
USER	Summary API	START	1676384701950
REQUEST		Approval Techup - Fetch approval Techups	1676384702097	1676384702502	OK	 
USER	Summary API	END	1676384702694
REQUEST		My Techup - Fetch approved Techup	1676384701950	1676384702950	OK	 
USER	Summary API	START	1676384702950
REQUEST		AllTechup - Fetch all Techup	1676384702687	1676384703063	OK	 
REQUEST		Approval Techup - Fetch approval Techups	1676384702955	1676384703333	OK	 
USER	Summary API	END	1676384703754
USER	Summary API	START	1676384703950
REQUEST		My Techup - Fetch approved Techup	1676384702950	1676384704076	OK	 
REQUEST		AllTechup - Fetch all Techup	1676384703590	1676384704092	OK	 
REQUEST		Approval Techup - Fetch approval Techups	1676384703926	1676384704299	OK	 
REQUEST		AllTechup - Fetch all Techup	1676384704327	1676384704730	OK	 
USER	Summary API	END	1676384704931
USER	Summary API	START	1676384704950
REQUEST		My Techup - Fetch approved Techup	1676384703950	1676384704953	OK	 
REQUEST		Approval Techup - Fetch approval Techups	1676384704937	1676384705316	OK	 
REQUEST		AllTechup - Fetch all Techup	1676384705504	1676384705909	OK	 
REQUEST		My Techup - Fetch approved Techup	1676384704950	1676384705921	OK	 
USER	Summary API	START	1676384705949
USER	Summary API	END	1676384706064
REQUEST		Approval Techup - Fetch approval Techups	1676384705951	1676384706335	OK	 
REQUEST		AllTechup - Fetch all Techup	1676384706335	1676384706729	OK	 
USER	Summary API	START	1676384706950
REQUEST		My Techup - Fetch approved Techup	1676384705950	1676384707075	OK	 
USER	Summary API	END	1676384707094
REQUEST		Approval Techup - Fetch approval Techups	1676384707077	1676384707466	OK	 
REQUEST		AllTechup - Fetch all Techup	1676384707300	1676384707682	OK	 
USER	Summary API	END	1676384707731
USER	Summary API	START	1676384707949
REQUEST		My Techup - Fetch approved Techup	1676384706950	1676384708008	OK	 
REQUEST		Approval Techup - Fetch approval Techups	1676384707954	1676384708314	OK	 
REQUEST		AllTechup - Fetch all Techup	1676384708317	1676384708692	OK	 
USER	Summary API	END	1676384708910
REQUEST		My Techup - Fetch approved Techup	1676384707950	1676384708932	OK	 
USER	Summary API	START	1676384708950
REQUEST		Approval Techup - Fetch approval Techups	1676384708923	1676384709287	OK	 
USER	Summary API	END	1676384709730
REQUEST		AllTechup - Fetch all Techup	1676384709336	1676384709751	OK	 
REQUEST		My Techup - Fetch approved Techup	1676384708950	1676384709927	OK	 
USER	Summary API	START	1676384709950
REQUEST		Approval Techup - Fetch approval Techups	1676384710076	1676384710453	OK	 
USER	Summary API	END	1676384710683
REQUEST		AllTechup - Fetch all Techup	1676384710467	1676384710925	OK	 
USER	Summary API	START	1676384710950
REQUEST		My Techup - Fetch approved Techup	1676384709951	1676384711668	OK	 
USER	Summary API	END	1676384711693
REQUEST		Approval Techup - Fetch approval Techups	1676384711009	1676384711709	OK	 
REQUEST		AllTechup - Fetch all Techup	1676384711315	1676384711744	OK	 
USER	Summary API	START	1676384711949
REQUEST		My Techup - Fetch approved Techup	1676384710950	1676384712052	OK	 
REQUEST		Approval Techup - Fetch approval Techups	1676384711933	1676384712324	OK	 
REQUEST		AllTechup - Fetch all Techup	1676384712288	1676384712699	OK	 
USER	Summary API	END	1676384712752
USER	Summary API	START	1676384712950
REQUEST		My Techup - Fetch approved Techup	1676384711950	1676384713027	OK	 
REQUEST		Approval Techup - Fetch approval Techups	1676384712928	1676384713324	OK	 
REQUEST		AllTechup - Fetch all Techup	1676384713454	1676384713837	OK	 
USER	Summary API	END	1676384713927
USER	Summary API	START	1676384713950
REQUEST		My Techup - Fetch approved Techup	1676384712950	1676384713963	OK	 
USER	Summary API	END	1676384714746
USER	Summary API	START	1676384714950
REQUEST		My Techup - Fetch approved Techup	1676384713951	1676384715063	OK	 
REQUEST		Approval Techup - Fetch approval Techups	1676384714669	1676384715083	OK	 
REQUEST		AllTechup - Fetch all Techup	1676384714710	1676384715128	OK	 
REQUEST		Approval Techup - Fetch approval Techups	1676384715054	1676384715534	OK	 
USER	Summary API	END	1676384715701
REQUEST		AllTechup - Fetch all Techup	1676384715326	1676384715734	OK	 
USER	Summary API	START	1676384715950
REQUEST		My Techup - Fetch approved Techup	1676384714950	1676384716061	OK	 
REQUEST		Approval Techup - Fetch approval Techups	1676384716028	1676384716429	OK	 
REQUEST		AllTechup - Fetch all Techup	1676384716325	1676384716737	OK	 
USER	Summary API	END	1676384716838
USER	Summary API	START	1676384716950
REQUEST		My Techup - Fetch approved Techup	1676384715950	1676384716983	OK	 
REQUEST		Approval Techup - Fetch approval Techups	1676384716964	1676384717334	OK	 
USER	Summary API	START	1676384717949
REQUEST		My Techup - Fetch approved Techup	1676384716951	1676384718045	OK	 
USER	Summary API	END	1676384718129
REQUEST		Approval Techup - Fetch approval Techups	1676384718063	1676384718471	OK	 
REQUEST		AllTechup - Fetch all Techup	1676384718084	1676384718478	OK	 
USER	Summary API	END	1676384718736
REQUEST		AllTechup - Fetch all Techup	1676384718535	1676384718914	OK	 
USER	Summary API	START	1676384718950
REQUEST		My Techup - Fetch approved Techup	1676384717950	1676384718978	OK	 
REQUEST		Approval Techup - Fetch approval Techups	1676384719062	1676384719444	OK	 
USER	Summary API	END	1676384719738
REQUEST		AllTechup - Fetch all Techup	1676384719430	1676384719829	OK	 
USER	Summary API	START	1676384719949
REQUEST		My Techup - Fetch approved Techup	1676384718950	1676384719957	OK	 
REQUEST		Approval Techup - Fetch approval Techups	1676384719984	1676384720382	OK	 
REQUEST		AllTechup - Fetch all Techup	1676384720335	1676384720725	OK	 
USER	Summary API	START	1676384720950
REQUEST		My Techup - Fetch approved Techup	1676384719950	1676384720965	OK	 
REQUEST		Approval Techup - Fetch approval Techups	1676384721046	1676384721422	OK	 
USER	Summary API	END	1676384721480
REQUEST		AllTechup - Fetch all Techup	1676384721472	1676384721909	OK	 
USER	Summary API	END	1676384721916
REQUEST		My Techup - Fetch approved Techup	1676384720950	1676384721940	OK	 
USER	Summary API	START	1676384721950
REQUEST		Approval Techup - Fetch approval Techups	1676384721979	1676384722373	OK	 
USER	Summary API	END	1676384722830
REQUEST		AllTechup - Fetch all Techup	1676384722445	1676384722848	OK	 
USER	Summary API	START	1676384722949
REQUEST		My Techup - Fetch approved Techup	1676384721950	1676384722967	OK	 
REQUEST		Approval Techup - Fetch approval Techups	1676384722958	1676384723335	OK	 
USER	Summary API	END	1676384723727
REQUEST		AllTechup - Fetch all Techup	1676384723383	1676384723786	OK	 
USER	Summary API	START	1676384723950
REQUEST		My Techup - Fetch approved Techup	1676384722950	1676384723986	OK	 
REQUEST		Approval Techup - Fetch approval Techups	1676384723966	1676384724340	OK	 
REQUEST		AllTechup - Fetch all Techup	1676384724423	1676384724804	OK	 
USER	Summary API	END	1676384724910
USER	Summary API	START	1676384724950
REQUEST		My Techup - Fetch approved Techup	1676384723951	1676384725159	OK	 
REQUEST		Approval Techup - Fetch approval Techups	1676384724941	1676384725387	OK	 
REQUEST		AllTechup - Fetch all Techup	1676384725374	1676384725759	OK	 
USER	Summary API	END	1676384725850
REQUEST		My Techup - Fetch approved Techup	1676384724950	1676384725925	OK	 
USER	Summary API	START	1676384725949
REQUEST		Approval Techup - Fetch approval Techups	1676384725968	1676384726412	OK	 
USER	Summary API	END	1676384726788
REQUEST		AllTechup - Fetch all Techup	1676384726336	1676384726836	OK	 
USER	Summary API	START	1676384726950
REQUEST		My Techup - Fetch approved Techup	1676384725950	1676384727208	OK	 
REQUEST		Approval Techup - Fetch approval Techups	1676384726987	1676384727378	OK	 
REQUEST		AllTechup - Fetch all Techup	1676384727341	1676384727721	OK	 
USER	Summary API	END	1676384727806
USER	Summary API	START	1676384727950
REQUEST		My Techup - Fetch approved Techup	1676384726950	1676384727966	OK	 
REQUEST		Approval Techup - Fetch approval Techups	1676384728160	1676384728641	OK	 
USER	Summary API	END	1676384728761
REQUEST		AllTechup - Fetch all Techup	1676384728389	1676384728778	OK	 
USER	Summary API	START	1676384728949
REQUEST		My Techup - Fetch approved Techup	1676384727951	1676384729015	OK	 
REQUEST		Approval Techup - Fetch approval Techups	1676384728927	1676384729313	OK	 
REQUEST		AllTechup - Fetch all Techup	1676384729413	1676384729803	OK	 
USER	Summary API	END	1676384729837
USER	Summary API	START	1676384729950
REQUEST		My Techup - Fetch approved Techup	1676384728950	1676384729979	OK	 
REQUEST		Approval Techup - Fetch approval Techups	1676384730209	1676384730586	OK	 
USER	Summary API	END	1676384730723
REQUEST		AllTechup - Fetch all Techup	1676384730379	1676384730782	OK	 
USER	Summary API	START	1676384730950
REQUEST		My Techup - Fetch approved Techup	1676384729950	1676384730964	OK	 
REQUEST		Approval Techup - Fetch approval Techups	1676384730967	1676384731339	OK	 
USER	Summary API	END	1676384731779
USER	Summary API	START	1676384731950
REQUEST		My Techup - Fetch approved Techup	1676384730950	1676384731979	OK	 
REQUEST		AllTechup - Fetch all Techup	1676384731642	1676384732041	OK	 
REQUEST		Approval Techup - Fetch approval Techups	1676384732016	1676384732398	OK	 
REQUEST		AllTechup - Fetch all Techup	1676384732314	1676384732690	OK	 
USER	Summary API	END	1676384732804
USER	Summary API	START	1676384732950
REQUEST		My Techup - Fetch approved Techup	1676384731950	1676384732994	OK	 
REQUEST		Approval Techup - Fetch approval Techups	1676384732979	1676384733360	OK	 
USER	Summary API	END	1676384733784
USER	Summary API	START	1676384733950
REQUEST		AllTechup - Fetch all Techup	1676384733587	1676384733965	OK	 
REQUEST		My Techup - Fetch approved Techup	1676384732950	1676384734037	OK	 
REQUEST		Approval Techup - Fetch approval Techups	1676384733965	1676384734374	OK	 
REQUEST		AllTechup - Fetch all Techup	1676384734340	1676384734722	OK	 
USER	Summary API	START	1676384734949
USER	Summary API	END	1676384735043
REQUEST		My Techup - Fetch approved Techup	1676384733950	1676384735063	OK	 
REQUEST		Approval Techup - Fetch approval Techups	1676384734980	1676384735368	OK	 
USER	Summary API	END	1676384735692
REQUEST		AllTechup - Fetch all Techup	1676384735399	1676384735787	OK	 
USER	Summary API	START	1676384735949
REQUEST		My Techup - Fetch approved Techup	1676384734950	1676384735968	OK	 
REQUEST		Approval Techup - Fetch approval Techups	1676384735995	1676384736364	OK	 
REQUEST		AllTechup - Fetch all Techup	1676384736361	1676384736746	OK	 
REQUEST		My Techup - Fetch approved Techup	1676384735950	1676384736950	OK	 
USER	Summary API	START	1676384736950
USER	Summary API	END	1676384736967
REQUEST		Approval Techup - Fetch approval Techups	1676384737038	1676384737426	OK	 
USER	Summary API	END	1676384737723
REQUEST		AllTechup - Fetch all Techup	1676384737375	1676384737775	OK	 
USER	Summary API	START	1676384737950
REQUEST		My Techup - Fetch approved Techup	1676384736950	1676384738081	OK	 
REQUEST		Approval Techup - Fetch approval Techups	1676384738064	1676384738426	OK	 
REQUEST		AllTechup - Fetch all Techup	1676384738369	1676384738738	OK	 
USER	Summary API	END	1676384738788
USER	Summary API	START	1676384738950
REQUEST		My Techup - Fetch approved Techup	1676384737950	1676384739005	OK	 
REQUEST		Approval Techup - Fetch approval Techups	1676384738969	1676384739338	OK	 
REQUEST		AllTechup - Fetch all Techup	1676384739365	1676384739743	OK	 
USER	Summary API	END	1676384739747
REQUEST		My Techup - Fetch approved Techup	1676384738950	1676384739934	OK	 
USER	Summary API	START	1676384739950
REQUEST		Approval Techup - Fetch approval Techups	1676384739951	1676384740345	OK	 
USER	Summary API	END	1676384740777
USER	Summary API	START	1676384740950
REQUEST		AllTechup - Fetch all Techup	1676384740427	1676384740992	OK	 
REQUEST		My Techup - Fetch approved Techup	1676384739950	1676384741158	OK	 
REQUEST		Approval Techup - Fetch approval Techups	1676384741081	1676384741568	OK	 
USER	Summary API	END	1676384741740
REQUEST		AllTechup - Fetch all Techup	1676384741427	1676384741814	OK	 
USER	Summary API	START	1676384741950
REQUEST		My Techup - Fetch approved Techup	1676384740950	1676384742182	OK	 
REQUEST		Approval Techup - Fetch approval Techups	1676384742006	1676384742392	OK	 
USER	Summary API	END	1676384742745
REQUEST		AllTechup - Fetch all Techup	1676384742339	1676384742797	OK	 
USER	Summary API	START	1676384742950
REQUEST		My Techup - Fetch approved Techup	1676384741951	1676384743206	OK	 
REQUEST		Approval Techup - Fetch approval Techups	1676384742935	1676384743412	OK	 
REQUEST		AllTechup - Fetch all Techup	1676384743346	1676384743834	OK	 
USER	Summary API	START	1676384743950
USER	Summary API	END	1676384743994
REQUEST		My Techup - Fetch approved Techup	1676384742950	1676384744193	OK	 
REQUEST		Approval Techup - Fetch approval Techups	1676384744159	1676384744537	OK	 
USER	Summary API	END	1676384744816
REQUEST		My Techup - Fetch approved Techup	1676384743951	1676384744930	OK	 
REQUEST		AllTechup - Fetch all Techup	1676384744569	1676384744981	OK	 
REQUEST		Approval Techup - Fetch approval Techups	1676384745183	1676384745556	OK	 
REQUEST		AllTechup - Fetch all Techup	1676384745393	1676384745781	OK	 
USER	Summary API	END	1676384745798
REQUEST		Approval Techup - Fetch approval Techups	1676384746207	1676384746578	OK	 
USER	Summary API	END	1676384746835
REQUEST		AllTechup - Fetch all Techup	1676384746413	1676384746902	OK	 
REQUEST		Approval Techup - Fetch approval Techups	1676384747194	1676384747595	OK	 
REQUEST		AllTechup - Fetch all Techup	1676384747538	1676384747925	OK	 
USER	Summary API	END	1676384747982
REQUEST		Approval Techup - Fetch approval Techups	1676384747931	1676384748304	OK	 
USER	Summary API	END	1676384748783
REQUEST		AllTechup - Fetch all Techup	1676384748557	1676384748943	OK	 
USER	Summary API	END	1676384749903
REQUEST		AllTechup - Fetch all Techup	1676384749579	1676384749948	OK	 
USER	Summary API	START	1676384744949
USER	Summary API	START	1676384747950
USER	Summary API	START	1676384748950
USER	Summary API	START	1676384749950
USER	Summary API	START	1676384746949
USER	Summary API	START	1676384745950
USER	Summary API	END	1676384750927
USER	Summary API	START	1676384750950
REQUEST		AllTechup - Fetch all Techup	1676384750596	1676384750996	OK	 
REQUEST		My Techup - Fetch approved Techup	1676384748950	1676384751219	OK	 
REQUEST		My Techup - Fetch approved Techup	1676384744950	1676384751225	OK	 
REQUEST		My Techup - Fetch approved Techup	1676384746950	1676384751225	OK	 
REQUEST		My Techup - Fetch approved Techup	1676384745951	1676384751231	OK	 
REQUEST		My Techup - Fetch approved Techup	1676384749950	1676384751237	OK	 
REQUEST		My Techup - Fetch approved Techup	1676384747951	1676384751249	OK	 
REQUEST		AllTechup - Fetch all Techup	1676384751305	1676384751702	OK	 
USER	Summary API	END	1676384751945
REQUEST		My Techup - Fetch approved Techup	1676384750950	1676384751948	OK	 
USER	Summary API	START	1676384751950
USER	Summary API	END	1676384752950
USER	Summary API	START	1676384752950
REQUEST		My Techup - Fetch approved Techup	1676384751950	1676384753138	OK	 
USER	Summary API	START	1676384753950
REQUEST		My Techup - Fetch approved Techup	1676384752951	1676384753954	OK	 
USER	Summary API	END	1676384753998
REQUEST		Approval Techup - Fetch approval Techups	1676384754220	1676384754639	OK	 
REQUEST		Approval Techup - Fetch approval Techups	1676384754226	1676384754700	OK	 
USER	Summary API	END	1676384754704
REQUEST		Approval Techup - Fetch approval Techups	1676384754226	1676384754705	OK	 
REQUEST		Approval Techup - Fetch approval Techups	1676384754232	1676384754713	OK	 
REQUEST		Approval Techup - Fetch approval Techups	1676384754250	1676384754733	OK	 
REQUEST		Approval Techup - Fetch approval Techups	1676384754238	1676384754745	OK	 
USER	Summary API	START	1676384754949
REQUEST		My Techup - Fetch approved Techup	1676384753950	1676384754954	OK	 
REQUEST		Approval Techup - Fetch approval Techups	1676384754949	1676384755490	OK	 
USER	Summary API	START	1676384755950
REQUEST		My Techup - Fetch approved Techup	1676384754950	1676384756166	OK	 
REQUEST		Approval Techup - Fetch approval Techups	1676384756139	1676384756518	OK	 
USER	Summary API	START	1676384756950
REQUEST		My Techup - Fetch approved Techup	1676384755950	1676384757087	OK	 
REQUEST		Approval Techup - Fetch approval Techups	1676384756955	1676384757354	OK	 
USER	Summary API	START	1676384757949
REQUEST		My Techup - Fetch approved Techup	1676384756951	1676384758025	OK	 
REQUEST		AllTechup - Fetch all Techup	1676384757640	1676384758045	OK	 
REQUEST		AllTechup - Fetch all Techup	1676384757701	1676384758113	OK	 
REQUEST		AllTechup - Fetch all Techup	1676384757714	1676384758132	OK	 
REQUEST		AllTechup - Fetch all Techup	1676384757706	1676384758138	OK	 
REQUEST		AllTechup - Fetch all Techup	1676384757746	1676384758151	OK	 
REQUEST		AllTechup - Fetch all Techup	1676384757734	1676384758169	OK	 
REQUEST		Approval Techup - Fetch approval Techups	1676384757955	1676384758334	OK	 
REQUEST		AllTechup - Fetch all Techup	1676384758491	1676384758869	OK	 
REQUEST		My Techup - Fetch approved Techup	1676384757950	1676384758936	OK	 
USER	Summary API	START	1676384758950
REQUEST		Approval Techup - Fetch approval Techups	1676384759167	1676384759550	OK	 
REQUEST		AllTechup - Fetch all Techup	1676384759518	1676384759889	OK	 
REQUEST		My Techup - Fetch approved Techup	1676384758950	1676384759917	OK	 
USER	Summary API	START	1676384759950
REQUEST		Approval Techup - Fetch approval Techups	1676384760088	1676384760466	OK	 
REQUEST		AllTechup - Fetch all Techup	1676384760354	1676384760742	OK	 
REQUEST		My Techup - Fetch approved Techup	1676384759950	1676384760911	OK	 
USER	Summary API	START	1676384760949
USER	Summary API	END	1676384761046
USER	Summary API	END	1676384761115
USER	Summary API	END	1676384761134
USER	Summary API	END	1676384761139
USER	Summary API	END	1676384761152
USER	Summary API	END	1676384761171
REQUEST		Approval Techup - Fetch approval Techups	1676384761026	1676384761428	OK	 
REQUEST		AllTechup - Fetch all Techup	1676384761335	1676384761730	OK	 
USER	Summary API	END	1676384761870
REQUEST		My Techup - Fetch approved Techup	1676384760950	1676384761924	OK	 
USER	Summary API	START	1676384761950
REQUEST		Approval Techup - Fetch approval Techups	1676384761937	1676384762299	OK	 
USER	Summary API	END	1676384762890
REQUEST		AllTechup - Fetch all Techup	1676384762551	1676384762934	OK	 
REQUEST		My Techup - Fetch approved Techup	1676384761950	1676384762941	OK	 
USER	Summary API	START	1676384762950
REQUEST		Approval Techup - Fetch approval Techups	1676384762918	1676384763291	OK	 
USER	Summary API	END	1676384763743
REQUEST		AllTechup - Fetch all Techup	1676384763467	1676384763862	OK	 
USER	Summary API	START	1676384763950
REQUEST		My Techup - Fetch approved Techup	1676384762950	1676384764006	OK	 
REQUEST		Approval Techup - Fetch approval Techups	1676384763912	1676384764275	OK	 
USER	Summary API	END	1676384764731
USER	Summary API	START	1676384764950
REQUEST		My Techup - Fetch approved Techup	1676384763951	1676384765300	OK	 
REQUEST		AllTechup - Fetch all Techup	1676384764429	1676384765322	OK	 
REQUEST		Approval Techup - Fetch approval Techups	1676384764925	1676384765351	OK	 
REQUEST		AllTechup - Fetch all Techup	1676384765300	1676384765711	OK	 
USER	Summary API	END	1676384765936
USER	Summary API	START	1676384765950
REQUEST		My Techup - Fetch approved Techup	1676384764950	1676384766071	OK	 
REQUEST		Approval Techup - Fetch approval Techups	1676384765942	1676384766312	OK	 
REQUEST		AllTechup - Fetch all Techup	1676384766292	1676384766697	OK	 
USER	Summary API	END	1676384766864
USER	Summary API	START	1676384766950
REQUEST		My Techup - Fetch approved Techup	1676384765950	1676384766981	OK	 
REQUEST		Approval Techup - Fetch approval Techups	1676384767007	1676384767412	OK	 
REQUEST		AllTechup - Fetch all Techup	1676384767276	1676384767665	OK	 
USER	Summary API	START	1676384767950
REQUEST		My Techup - Fetch approved Techup	1676384766950	1676384767954	OK	 
USER	Summary API	END	1676384768323
REQUEST		Approval Techup - Fetch approval Techups	1676384768301	1676384768683	OK	 
USER	Summary API	END	1676384768712
REQUEST		AllTechup - Fetch all Techup	1676384768352	1676384768726	OK	 
USER	Summary API	START	1676384768950
REQUEST		My Techup - Fetch approved Techup	1676384767950	1676384769032	OK	 
REQUEST		Approval Techup - Fetch approval Techups	1676384769072	1676384769474	OK	 
USER	Summary API	END	1676384769698
REQUEST		AllTechup - Fetch all Techup	1676384769313	1676384769704	OK	 
USER	Summary API	START	1676384769950
REQUEST		My Techup - Fetch approved Techup	1676384768951	1676384770079	OK	 
REQUEST		Approval Techup - Fetch approval Techups	1676384769982	1676384770435	OK	 
USER	Summary API	END	1676384770666
REQUEST		AllTechup - Fetch all Techup	1676384770413	1676384770803	OK	 
USER	Summary API	START	1676384770950
REQUEST		My Techup - Fetch approved Techup	1676384769950	1676384771251	OK	 
REQUEST		Approval Techup - Fetch approval Techups	1676384770955	1676384771331	OK	 
USER	Summary API	END	1676384771727
USER	Summary API	START	1676384771949
REQUEST		My Techup - Fetch approved Techup	1676384770950	1676384772025	OK	 
REQUEST		AllTechup - Fetch all Techup	1676384771684	1676384772055	OK	 
REQUEST		Approval Techup - Fetch approval Techups	1676384772033	1676384772419	OK	 
USER	Summary API	END	1676384772705
REQUEST		AllTechup - Fetch all Techup	1676384772475	1676384772835	OK	 
USER	Summary API	START	1676384772950
REQUEST		My Techup - Fetch approved Techup	1676384771950	1676384773071	OK	 
REQUEST		Approval Techup - Fetch approval Techups	1676384773080	1676384773470	OK	 
USER	Summary API	END	1676384773804
REQUEST		AllTechup - Fetch all Techup	1676384773436	1676384773814	OK	 
USER	Summary API	START	1676384773950
REQUEST		My Techup - Fetch approved Techup	1676384772951	1676384774038	OK	 
REQUEST		Approval Techup - Fetch approval Techups	1676384774251	1676384774630	OK	 
REQUEST		AllTechup - Fetch all Techup	1676384774332	1676384774703	OK	 
REQUEST		My Techup - Fetch approved Techup	1676384773950	1676384774939	OK	 
USER	Summary API	START	1676384774950
USER	Summary API	END	1676384775056
REQUEST		Approval Techup - Fetch approval Techups	1676384775026	1676384775540	OK	 
REQUEST		AllTechup - Fetch all Techup	1676384775420	1676384775833	OK	 
USER	Summary API	END	1676384775836
USER	Summary API	START	1676384775949
REQUEST		My Techup - Fetch approved Techup	1676384774950	1676384775995	OK	 
REQUEST		Approval Techup - Fetch approval Techups	1676384776072	1676384776472	OK	 
USER	Summary API	END	1676384776816
REQUEST		AllTechup - Fetch all Techup	1676384776471	1676384776872	OK	 
USER	Summary API	START	1676384776950
REQUEST		My Techup - Fetch approved Techup	1676384775950	1676384777115	OK	 
REQUEST		Approval Techup - Fetch approval Techups	1676384777039	1676384777403	OK	 
USER	Summary API	END	1676384777704
USER	Summary API	START	1676384777949
REQUEST		My Techup - Fetch approved Techup	1676384776950	1676384777986	OK	 
REQUEST		AllTechup - Fetch all Techup	1676384777631	1676384778005	OK	 
REQUEST		Approval Techup - Fetch approval Techups	1676384777940	1676384778313	OK	 
USER	Summary API	END	1676384778834
REQUEST		AllTechup - Fetch all Techup	1676384778541	1676384778938	OK	 
REQUEST		My Techup - Fetch approved Techup	1676384777950	1676384778946	OK	 
USER	Summary API	START	1676384778950
REQUEST		Approval Techup - Fetch approval Techups	1676384778996	1676384779359	OK	 
REQUEST		AllTechup - Fetch all Techup	1676384779473	1676384779871	OK	 
USER	Summary API	END	1676384779873
USER	Summary API	START	1676384779950
REQUEST		My Techup - Fetch approved Techup	1676384778950	1676384779953	OK	 
REQUEST		Approval Techup - Fetch approval Techups	1676384780115	1676384780496	OK	 
REQUEST		AllTechup - Fetch all Techup	1676384780404	1676384780784	OK	 
USER	Summary API	START	1676384780950
USER	Summary API	END	1676384781006
REQUEST		My Techup - Fetch approved Techup	1676384779950	1676384781012	OK	 
REQUEST		Approval Techup - Fetch approval Techups	1676384780987	1676384781376	OK	 
REQUEST		AllTechup - Fetch all Techup	1676384781314	1676384781684	OK	 
REQUEST		My Techup - Fetch approved Techup	1676384780950	1676384781939	OK	 
USER	Summary API	END	1676384781939
USER	Summary API	START	1676384781950
REQUEST		Approval Techup - Fetch approval Techups	1676384781946	1676384782321	OK	 
REQUEST		AllTechup - Fetch all Techup	1676384782360	1676384782740	OK	 
USER	Summary API	END	1676384782872
REQUEST		My Techup - Fetch approved Techup	1676384781950	1676384783051	OK	 
REQUEST		Approval Techup - Fetch approval Techups	1676384782954	1676384783349	OK	 
USER	Summary API	END	1676384783785
REQUEST		AllTechup - Fetch all Techup	1676384783497	1676384783888	OK	 
REQUEST		Approval Techup - Fetch approval Techups	1676384784013	1676384784400	OK	 
USER	Summary API	END	1676384784685
REQUEST		AllTechup - Fetch all Techup	1676384784377	1676384784811	OK	 
REQUEST		Approval Techup - Fetch approval Techups	1676384784940	1676384785383	OK	 
USER	Summary API	END	1676384785741
REQUEST		AllTechup - Fetch all Techup	1676384785321	1676384785769	OK	 
REQUEST		Approval Techup - Fetch approval Techups	1676384786052	1676384786410	OK	 
USER	Summary API	END	1676384786889
REQUEST		AllTechup - Fetch all Techup	1676384786350	1676384786892	OK	 
REQUEST		AllTechup - Fetch all Techup	1676384787401	1676384787792	OK	 
USER	Summary API	END	1676384787812
REQUEST		AllTechup - Fetch all Techup	1676384788384	1676384788765	OK	 
USER	Summary API	END	1676384788770
REQUEST		AllTechup - Fetch all Techup	1676384789411	1676384789778	OK	 
USER	Summary API	END	1676384789893
USER	Summary API	END	1676384790794
USER	Summary API	END	1676384791766
USER	Summary API	END	1676384792780
