RUN	Simulations.Runner.Create	create	1673449980721	 	3.5.1
USER	Create  Scenario	START	1673449986864
USER	Create  Scenario	START	1673449986908
USER	Create  Scenario	START	1673449986959
USER	Create  Scenario	START	1673449987009
USER	Create  Scenario	START	1673449987060
USER	Create  Scenario	START	1673449987111
USER	Create  Scenario	START	1673449987161
USER	Create  Scenario	START	1673449987212
USER	Create  Scenario	START	1673449987262
USER	Create  Scenario	START	1673449987313
USER	Create  Scenario	START	1673449987363
USER	Create  Scenario	START	1673449987414
USER	Create  Scenario	START	1673449987464
USER	Create  Scenario	START	1673449987514
USER	Create  Scenario	START	1673449987565
USER	Create  Scenario	START	1673449987615
USER	Create  Scenario	START	1673449987665
USER	Create  Scenario	START	1673449987715
USER	Create  Scenario	START	1673449987765
REQUEST		Proposal	1673449986898	1673449987785	OK	 
REQUEST		Proposal	1673449986908	1673449987782	OK	 
REQUEST		Proposal	1673449986959	1673449987803	OK	 
USER	Create  Scenario	START	1673449987815
REQUEST		Proposal	1673449987010	1673449987851	OK	 
USER	Create  Scenario	START	1673449987865
REQUEST		Proposal	1673449987060	1673449987900	OK	 
USER	Create  Scenario	START	1673449987908
REQUEST		Proposal	1673449987112	1673449987959	OK	 
USER	Create  Scenario	START	1673449987958
USER	Create  Scenario	START	1673449988008
REQUEST		Proposal	1673449987162	1673449988011	OK	 
USER	Create  Scenario	START	1673449988058
REQUEST		Proposal	1673449987213	1673449988061	OK	 
REQUEST		Proposal	1673449987263	1673449988091	OK	 
USER	Create  Scenario	START	1673449988108
REQUEST		Proposal	1673449987313	1673449988148	OK	 
USER	Create  Scenario	START	1673449988158
REQUEST		Proposal	1673449987364	1673449988197	OK	 
USER	Create  Scenario	START	1673449988209
REQUEST		Proposal	1673449987415	1673449988250	OK	 
USER	Create  Scenario	START	1673449988259
USER	Create  Scenario	START	1673449988309
REQUEST		Proposal	1673449987465	1673449988323	OK	 
USER	Create  Scenario	START	1673449988359
REQUEST		Proposal	1673449987515	1673449988361	OK	 
REQUEST		Proposal	1673449987565	1673449988405	OK	 
USER	Create  Scenario	START	1673449988408
REQUEST		Proposal	1673449987615	1673449988456	OK	 
USER	Create  Scenario	START	1673449988459
REQUEST		Proposal	1673449987666	1673449988507	OK	 
USER	Create  Scenario	START	1673449988509
USER	Create  Scenario	START	1673449988559
REQUEST		Proposal	1673449987716	1673449988575	OK	 
REQUEST		Proposal	1673449987766	1673449988603	OK	 
USER	Create  Scenario	START	1673449988609
USER	Create  Scenario	START	1673449988659
REQUEST		Proposal	1673449987816	1673449988674	OK	 
USER	Create  Scenario	START	1673449988709
REQUEST		Proposal	1673449987866	1673449988726	OK	 
REQUEST		Proposal	1673449987909	1673449988754	OK	 
USER	Create  Scenario	START	1673449988759
USER	Create  Scenario	START	1673449988809
REQUEST		Proposal	1673449987959	1673449988827	OK	 
REQUEST		Proposal	1673449988009	1673449988846	OK	 
USER	Create  Scenario	START	1673449988859
REQUEST		Proposal	1673449988059	1673449988892	OK	 
USER	Create  Scenario	START	1673449988907
USER	Create  Scenario	START	1673449988957
REQUEST		Proposal	1673449988109	1673449988971	OK	 
USER	Create  Scenario	START	1673449989008
REQUEST		Proposal	1673449988159	1673449989021	OK	 
USER	Create  Scenario	START	1673449989058
REQUEST		Proposal	1673449988209	1673449989070	OK	 
REQUEST		Proposal	1673449988259	1673449989086	OK	 
USER	Create  Scenario	START	1673449989108
USER	Create  Scenario	START	1673449989158
REQUEST		Proposal	1673449988309	1673449989161	OK	 
REQUEST		Proposal	1673449988359	1673449989193	OK	 
USER	Create  Scenario	START	1673449989208
REQUEST		Proposal	1673449988409	1673449989248	OK	 
USER	Create  Scenario	START	1673449989258
REQUEST		Proposal	1673449988459	1673449989300	OK	 
USER	Create  Scenario	START	1673449989308
USER	Create  Scenario	START	1673449989358
REQUEST		Proposal	1673449988509	1673449989365	OK	 
REQUEST		Proposal	1673449988559	1673449989395	OK	 
USER	Create  Scenario	START	1673449989408
REQUEST		Proposal	1673449988609	1673449989447	OK	 
USER	Create  Scenario	START	1673449989458
REQUEST		Proposal	1673449988659	1673449989490	OK	 
USER	Create  Scenario	START	1673449989508
USER	Create  Scenario	START	1673449989558
REQUEST		Proposal	1673449988709	1673449989571	OK	 
USER	Create  Scenario	START	1673449989609
USER	Create  Scenario	START	1673449989659
REQUEST		Proposal	1673449988759	1673449989668	OK	 
USER	Create  Scenario	START	1673449989709
REQUEST		Proposal	1673449988809	1673449989722	OK	 
REQUEST		Proposal	1673449988908	1673449989756	OK	 
REQUEST		Proposal	1673449988859	1673449989756	OK	 
USER	Create  Scenario	START	1673449989759
REQUEST		Proposal	1673449988958	1673449989781	OK	 
USER	Create  Scenario	START	1673449989809
REQUEST		Proposal	1673449989008	1673449989857	OK	 
USER	Create  Scenario	START	1673449989859
USER	Create  Scenario	START	1673449989908
USER	Create  Scenario	START	1673449989958
REQUEST		Proposal	1673449989058	1673449989965	OK	 
USER	Create  Scenario	START	1673449990008
REQUEST		Proposal	1673449989108	1673449990010	OK	 
REQUEST		Proposal	1673449989158	1673449990042	OK	 
REQUEST		Proposal	1673449989208	1673449990045	OK	 
USER	Create  Scenario	START	1673449990058
REQUEST		Proposal	1673449989258	1673449990101	OK	 
USER	Create  Scenario	START	1673449990108
REQUEST		Proposal	1673449989308	1673449990153	OK	 
USER	Create  Scenario	START	1673449990158
USER	Create  Scenario	START	1673449990208
REQUEST		Proposal	1673449989358	1673449990258	OK	 
USER	Create  Scenario	START	1673449990258
REQUEST		Proposal	1673449989409	1673449990300	OK	 
USER	Create  Scenario	START	1673449990308
REQUEST		Proposal	1673449989458	1673449990320	OK	 
USER	Create  Scenario	START	1673449990358
REQUEST		Proposal	1673449989509	1673449990373	OK	 
REQUEST		Proposal	1673449989559	1673449990393	OK	 
USER	Create  Scenario	START	1673449990408
USER	Create  Scenario	START	1673449990458
REQUEST		Proposal	1673449989609	1673449990470	OK	 
REQUEST		Proposal	1673449989659	1673449990493	OK	 
USER	Create  Scenario	START	1673449990509
REQUEST		Proposal	1673449989709	1673449990545	OK	 
USER	Create  Scenario	START	1673449990559
REQUEST		Proposal	1673449989759	1673449990605	OK	 
USER	Create  Scenario	START	1673449990609
REQUEST		Proposal	1673449989809	1673449990647	OK	 
USER	Create  Scenario	START	1673449990659
REQUEST		Proposal	1673449989859	1673449990707	OK	 
USER	Create  Scenario	START	1673449990709
REQUEST		Proposal	1673449989908	1673449990748	OK	 
USER	Create  Scenario	START	1673449990759
REQUEST		Proposal	1673449989958	1673449990798	OK	 
USER	Create  Scenario	START	1673449990809
REQUEST		Proposal	1673449990008	1673449990844	OK	 
USER	Create  Scenario	START	1673449990859
REQUEST		Proposal	1673449990058	1673449990896	OK	 
USER	Create  Scenario	START	1673449990907
USER	Create  Scenario	START	1673449990957
REQUEST		Proposal	1673449990109	1673449990985	OK	 
REQUEST		Proposal	1673449990159	1673449990991	OK	 
USER	Create  Scenario	START	1673449991008
REQUEST		Proposal	1673449990209	1673449991047	OK	 
USER	Create  Scenario	START	1673449991058
USER	Create  Scenario	START	1673449991108
REQUEST		Proposal	1673449990259	1673449991138	OK	 
USER	Create  Scenario	START	1673449991158
REQUEST		Proposal	1673449990309	1673449991178	OK	 
USER	Create  Scenario	START	1673449991208
REQUEST		Proposal	1673449990359	1673449991212	OK	 
USER	Create  Scenario	START	1673449991258
USER	Create  Scenario	START	1673449991308
USER	Create  Scenario	START	1673449991358
USER	Create  Scenario	START	1673449991408
USER	Create  Scenario	START	1673449991458
REQUEST		Proposal	1673449990409	1673449991479	OK	 
USER	Create  Scenario	START	1673449991508
USER	Create  Scenario	START	1673449991558
USER	Create  Scenario	START	1673449991608
USER	Create  Scenario	START	1673449991658
USER	Create  Scenario	START	1673449991708
REQUEST		Proposal	1673449990559	1673449991734	OK	 
USER	Create  Scenario	START	1673449991758
USER	Create  Scenario	START	1673449991809
REQUEST		Proposal	1673449990459	1673449991825	OK	 
REQUEST		Proposal	1673449990509	1673449991825	OK	 
REQUEST		Proposal	1673449990659	1673449991825	OK	 
REQUEST		Proposal	1673449990609	1673449991829	OK	 
REQUEST		Proposal	1673449990759	1673449991891	OK	 
REQUEST		Proposal	1673449990860	1673449991898	OK	 
REQUEST		Proposal	1673449990809	1673449991900	OK	 
REQUEST		Proposal	1673449990709	1673449991901	OK	 
REQUEST		Proposal	1673449990908	1673449991925	OK	 
REQUEST		Proposal	1673449990958	1673449991960	OK	 
REQUEST		Proposal	1673449991008	1673449991975	OK	 
REQUEST		Proposal	1673449991058	1673449992026	OK	 
REQUEST		Proposal	1673449991108	1673449992083	OK	 
REQUEST		Proposal	1673449991158	1673449992098	OK	 
REQUEST		Proposal	1673449991208	1673449992184	OK	 
REQUEST		Proposal	1673449991458	1673449992491	OK	 
REQUEST		Proposal	1673449991308	1673449992585	OK	 
REQUEST		Proposal	1673449991709	1673449992733	OK	 
REQUEST		Proposal	1673449991408	1673449992733	OK	 
REQUEST		Proposal	1673449991559	1673449992733	OK	 
REQUEST		Proposal	1673449991809	1673449992733	OK	 
REQUEST		Proposal	1673449991659	1673449992736	OK	 
REQUEST		Proposal	1673449991609	1673449992736	OK	 
REQUEST		Proposal	1673449991358	1673449992743	OK	 
REQUEST		Proposal	1673449991509	1673449992745	OK	 
REQUEST		Proposal	1673449991258	1673449992747	OK	 
REQUEST		Proposal	1673449991758	1673449992763	OK	 
REQUEST		Proposals	1673449991252	1673449999364	OK	 
REQUEST		Edit Proposal	1673450002374	1673450002776	OK	 
REQUEST		Proposals	1673449990802	1673450002943	OK	 
REQUEST		Proposals	1673449992448	1673450003313	OK	 
REQUEST		Proposals	1673449992301	1673450003800	OK	 
REQUEST		Edit Proposal	1673450005944	1673450006343	OK	 
REQUEST		Reputation	1673450005777	1673450006530	OK	 
REQUEST		Edit Proposal	1673450006314	1673450006678	OK	 
REQUEST		Proposals	1673449992858	1673450006766	OK	 
REQUEST		Proposals	1673449992573	1673450006876	OK	 
REQUEST		Edit Proposal	1673450006801	1673450007163	OK	 
REQUEST		Proposals	1673449992194	1673450008615	OK	 
REQUEST		Proposals	1673449992397	1673450008992	OK	 
REQUEST		Proposals	1673449995764	1673450009486	OK	 
REQUEST		Proposals	1673449994900	1673450009530	OK	 
USER	Create  Scenario	END	1673450009534
REQUEST		Proposals	1673449994976	1673450009837	OK	 
REQUEST		Reputation	1673450009344	1673450010081	OK	 
REQUEST		Edit Proposal	1673450009767	1673450010124	OK	 
REQUEST		Edit Proposal	1673450009876	1673450010229	OK	 
REQUEST		Reputation	1673450009679	1673450010371	OK	 
REQUEST		Reputation	1673450010164	1673450010894	OK	 
REQUEST		Proposals	1673449994139	1673450010986	OK	 
REQUEST		Proposals	1673449991754	1673450011452	OK	 
REQUEST		Proposals	1673449993259	1673450011780	OK	 
REQUEST		Edit Proposal	1673450011615	1673450011960	OK	 
REQUEST		Edit Proposal	1673450011993	1673450012362	OK	 
REQUEST		Proposals	1673449995745	1673450012660	OK	 
REQUEST		Proposals	1673449995744	1673450012664	OK	 
REQUEST		Edit Proposal	1673450012487	1673450012859	OK	 
REQUEST		Edit Proposal	1673450012531	1673450012906	OK	 
USER	Create  Scenario	END	1673450013082
REQUEST		Edit Proposal	1673450012838	1673450013217	OK	 
USER	Create  Scenario	END	1673450013372
REQUEST		Reputation	1673450013124	1673450013890	OK	 
USER	Create  Scenario	END	1673450013895
REQUEST		Reputation	1673450013230	1673450014010	OK	 
REQUEST		Proposals	1673449994735	1673450014200	OK	 
REQUEST		Edit Proposal	1673450013987	1673450014378	OK	 
REQUEST		Proposals	1673449993321	1673450014476	OK	 
REQUEST		Edit Proposal	1673450014453	1673450014830	OK	 
REQUEST		Proposals	1673449991847	1673450014842	OK	 
REQUEST		Proposals	1673449992162	1673450015025	OK	 
REQUEST		Edit Proposal	1673450014781	1673450015167	OK	 
REQUEST		Proposals	1673449992782	1673450015520	OK	 
REQUEST		Proposals	1673449995734	1673450015559	OK	 
REQUEST		Proposals	1673449994179	1673450015672	OK	 
REQUEST		Reputation	1673450014960	1673450015724	OK	 
REQUEST		Edit Proposal	1673450015661	1673450015985	OK	 
REQUEST		Edit Proposal	1673450015665	1673450015986	OK	 
REQUEST		Reputation	1673450015362	1673450016028	OK	 
REQUEST		Proposals	1673449995734	1673450016365	OK	 
REQUEST		Proposals	1673449995736	1673450016402	OK	 
REQUEST		Reputation	1673450015859	1673450016520	OK	 
REQUEST		Reputation	1673450015907	1673450016580	OK	 
USER	Create  Scenario	END	1673450016891
REQUEST		Reputation	1673450016218	1673450016895	OK	 
USER	Create  Scenario	END	1673450017011
REQUEST		Proposals	1673449995737	1673450017180	OK	 
REQUEST		Edit Proposal	1673450017200	1673450017503	OK	 
REQUEST		Edit Proposal	1673450017477	1673450017836	OK	 
REQUEST		Reputation	1673450017379	1673450018072	OK	 
REQUEST		Edit Proposal	1673450017843	1673450018213	OK	 
REQUEST		Edit Proposal	1673450018026	1673450018417	OK	 
REQUEST		Reputation	1673450017831	1673450018535	OK	 
USER	Create  Scenario	END	1673450018725
REQUEST		Reputation	1673450018168	1673450018851	OK	 
REQUEST		Edit Proposal	1673450018521	1673450018882	OK	 
REQUEST		Edit Proposal	1673450018559	1673450018919	OK	 
USER	Create  Scenario	END	1673450019029
REQUEST		Edit Proposal	1673450018674	1673450019062	OK	 
USER	Create  Scenario	END	1673450019521
USER	Create  Scenario	END	1673450019581
REQUEST		Reputation	1673450018987	1673450019690	OK	 
REQUEST		Reputation	1673450018986	1673450019695	OK	 
REQUEST		Edit Proposal	1673450019366	1673450019732	OK	 
REQUEST		Edit Proposal	1673450019403	1673450019763	OK	 
USER	Create  Scenario	END	1673450019896
REQUEST		Edit Proposal	1673450020180	1673450020552	OK	 
USER	Create  Scenario	END	1673450021073
REQUEST		Reputation	1673450020504	1673450021245	OK	 
USER	Create  Scenario	END	1673450021536
REQUEST		Reputation	1673450020836	1673450021562	OK	 
USER	Create  Scenario	END	1673450021852
REQUEST		Reputation	1673450021214	1673450021951	OK	 
REQUEST		Reputation	1673450021418	1673450022153	OK	 
REQUEST		Reputation	1673450021882	1673450022618	OK	 
REQUEST		Reputation	1673450021920	1673450022666	OK	 
USER	Create  Scenario	END	1673450022691
USER	Create  Scenario	END	1673450022697
REQUEST		Reputation	1673450022062	1673450022786	OK	 
REQUEST		Reputation	1673450022733	1673450023416	OK	 
REQUEST		Reputation	1673450022764	1673450023450	OK	 
USER	Create  Scenario	END	1673450024246
REQUEST		Reputation	1673450023553	1673450024272	OK	 
USER	Create  Scenario	END	1673450024563
USER	Create  Scenario	END	1673450024952
USER	Create  Scenario	END	1673450025154
USER	Create  Scenario	END	1673450025619
USER	Create  Scenario	END	1673450025667
USER	Create  Scenario	END	1673450025787
USER	Create  Scenario	END	1673450026417
USER	Create  Scenario	END	1673450026452
USER	Create  Scenario	END	1673450027273
REQUEST		Proposals	1673449995184	1673450044036	OK	 
REQUEST		Edit Proposal	1673450047037	1673450047402	OK	 
REQUEST		Proposals	1673449990802	1673450050803	KO	i.g.h.c.i.RequestTimeoutException: Request timeout to backend-qa.knoldus.com/34.132.142.94:443 after 60000 ms
REQUEST		Proposals	1673449990804	1673450050804	KO	i.g.h.c.i.RequestTimeoutException: Request timeout to backend-qa.knoldus.com/34.132.142.94:443 after 60000 ms
REQUEST		Proposals	1673449990852	1673450050852	KO	i.g.h.c.i.RequestTimeoutException: Request timeout to backend-qa.knoldus.com/34.132.142.94:443 after 60000 ms
REQUEST		Proposals	1673449990901	1673450050901	KO	i.g.h.c.i.RequestTimeoutException: Request timeout to backend-qa.knoldus.com/34.132.142.94:443 after 60000 ms
REQUEST		Proposals	1673449990960	1673450050960	KO	i.g.h.c.i.RequestTimeoutException: Request timeout to backend-qa.knoldus.com/34.132.142.94:443 after 60000 ms
REQUEST		Proposals	1673449991012	1673450051012	KO	i.g.h.c.i.RequestTimeoutException: Request timeout to backend-qa.knoldus.com/34.132.142.94:443 after 60000 ms
REQUEST		Proposals	1673449991062	1673450051062	KO	i.g.h.c.i.RequestTimeoutException: Request timeout to backend-qa.knoldus.com/34.132.142.94:443 after 60000 ms
REQUEST		Proposals	1673449991092	1673450051092	KO	i.g.h.c.i.RequestTimeoutException: Request timeout to backend-qa.knoldus.com/34.132.142.94:443 after 60000 ms
REQUEST		Reputation	1673450050403	1673450051125	OK	 
REQUEST		Proposals	1673449991149	1673450051149	KO	i.g.h.c.i.RequestTimeoutException: Request timeout to backend-qa.knoldus.com/34.132.142.94:443 after 60000 ms
REQUEST		Proposals	1673449991198	1673450051198	KO	i.g.h.c.i.RequestTimeoutException: Request timeout to backend-qa.knoldus.com/34.132.142.94:443 after 60000 ms
REQUEST		Proposals	1673449991325	1673450051325	KO	i.g.h.c.i.RequestTimeoutException: Request timeout to backend-qa.knoldus.com/34.132.142.94:443 after 60000 ms
REQUEST		Proposals	1673449991362	1673450051363	KO	i.g.h.c.i.RequestTimeoutException: Request timeout to backend-qa.knoldus.com/34.132.142.94:443 after 60000 ms
REQUEST		Proposals	1673449991407	1673450051407	KO	i.g.h.c.i.RequestTimeoutException: Request timeout to backend-qa.knoldus.com/34.132.142.94:443 after 60000 ms
REQUEST		Proposals	1673449991457	1673450051457	KO	i.g.h.c.i.RequestTimeoutException: Request timeout to backend-qa.knoldus.com/34.132.142.94:443 after 60000 ms
REQUEST		Proposals	1673449991508	1673450051508	KO	i.g.h.c.i.RequestTimeoutException: Request timeout to backend-qa.knoldus.com/34.132.142.94:443 after 60000 ms
REQUEST		Proposals	1673449991577	1673450051577	KO	i.g.h.c.i.RequestTimeoutException: Request timeout to backend-qa.knoldus.com/34.132.142.94:443 after 60000 ms
REQUEST		Proposals	1673449991604	1673450051604	KO	i.g.h.c.i.RequestTimeoutException: Request timeout to backend-qa.knoldus.com/34.132.142.94:443 after 60000 ms
REQUEST		Proposals	1673449991675	1673450051675	KO	i.g.h.c.i.RequestTimeoutException: Request timeout to backend-qa.knoldus.com/34.132.142.94:443 after 60000 ms
REQUEST		Proposals	1673449991727	1673450051727	KO	i.g.h.c.i.RequestTimeoutException: Request timeout to backend-qa.knoldus.com/34.132.142.94:443 after 60000 ms
REQUEST		Proposals	1673449991828	1673450051828	KO	i.g.h.c.i.RequestTimeoutException: Request timeout to backend-qa.knoldus.com/34.132.142.94:443 after 60000 ms
REQUEST		Proposals	1673449991893	1673450051893	KO	i.g.h.c.i.RequestTimeoutException: Request timeout to backend-qa.knoldus.com/34.132.142.94:443 after 60000 ms
REQUEST		Proposals	1673449991972	1673450051972	KO	i.g.h.c.i.RequestTimeoutException: Request timeout to backend-qa.knoldus.com/34.132.142.94:443 after 60000 ms
REQUEST		Proposals	1673449992023	1673450052023	KO	i.g.h.c.i.RequestTimeoutException: Request timeout to backend-qa.knoldus.com/34.132.142.94:443 after 60000 ms
REQUEST		Proposals	1673449992071	1673450052072	KO	i.g.h.c.i.RequestTimeoutException: Request timeout to backend-qa.knoldus.com/34.132.142.94:443 after 60000 ms
REQUEST		Proposals	1673449992087	1673450052087	KO	i.g.h.c.i.RequestTimeoutException: Request timeout to backend-qa.knoldus.com/34.132.142.94:443 after 60000 ms
REQUEST		Proposals	1673449992249	1673450052249	KO	i.g.h.c.i.RequestTimeoutException: Request timeout to backend-qa.knoldus.com/34.132.142.94:443 after 60000 ms
REQUEST		Proposals	1673449992366	1673450052366	KO	i.g.h.c.i.RequestTimeoutException: Request timeout to backend-qa.knoldus.com/34.132.142.94:443 after 60000 ms
REQUEST		Proposals	1673449992491	1673450052492	KO	i.g.h.c.i.RequestTimeoutException: Request timeout to backend-qa.knoldus.com/34.132.142.94:443 after 60000 ms
REQUEST		Proposals	1673449992669	1673450052669	KO	i.g.h.c.i.RequestTimeoutException: Request timeout to backend-qa.knoldus.com/34.132.142.94:443 after 60000 ms
REQUEST		Proposals	1673449992724	1673450052724	KO	i.g.h.c.i.RequestTimeoutException: Request timeout to backend-qa.knoldus.com/34.132.142.94:443 after 60000 ms
REQUEST		Proposals	1673449992757	1673450052757	KO	i.g.h.c.i.RequestTimeoutException: Request timeout to backend-qa.knoldus.com/34.132.142.94:443 after 60000 ms
REQUEST		Proposals	1673449992757	1673450052757	KO	i.g.h.c.i.RequestTimeoutException: Request timeout to backend-qa.knoldus.com/34.132.142.94:443 after 60000 ms
REQUEST		Proposals	1673449992966	1673450052966	KO	i.g.h.c.i.RequestTimeoutException: Request timeout to backend-qa.knoldus.com/34.132.142.94:443 after 60000 ms
REQUEST		Proposals	1673449993010	1673450053010	KO	i.g.h.c.i.RequestTimeoutException: Request timeout to backend-qa.knoldus.com/34.132.142.94:443 after 60000 ms
REQUEST		Proposals	1673449993043	1673450053043	KO	i.g.h.c.i.RequestTimeoutException: Request timeout to backend-qa.knoldus.com/34.132.142.94:443 after 60000 ms
REQUEST		Proposals	1673449993046	1673450053046	KO	i.g.h.c.i.RequestTimeoutException: Request timeout to backend-qa.knoldus.com/34.132.142.94:443 after 60000 ms
REQUEST		Proposals	1673449993102	1673450053102	KO	i.g.h.c.i.RequestTimeoutException: Request timeout to backend-qa.knoldus.com/34.132.142.94:443 after 60000 ms
REQUEST		Proposals	1673449993154	1673450053154	KO	i.g.h.c.i.RequestTimeoutException: Request timeout to backend-qa.knoldus.com/34.132.142.94:443 after 60000 ms
REQUEST		Proposals	1673449993301	1673450053301	KO	i.g.h.c.i.RequestTimeoutException: Request timeout to backend-qa.knoldus.com/34.132.142.94:443 after 60000 ms
REQUEST		Proposals	1673449993374	1673450053374	KO	i.g.h.c.i.RequestTimeoutException: Request timeout to backend-qa.knoldus.com/34.132.142.94:443 after 60000 ms
REQUEST		Proposals	1673449993393	1673450053394	KO	i.g.h.c.i.RequestTimeoutException: Request timeout to backend-qa.knoldus.com/34.132.142.94:443 after 60000 ms
REQUEST		Proposals	1673449993472	1673450053472	KO	i.g.h.c.i.RequestTimeoutException: Request timeout to backend-qa.knoldus.com/34.132.142.94:443 after 60000 ms
REQUEST		Proposals	1673449993494	1673450053494	KO	i.g.h.c.i.RequestTimeoutException: Request timeout to backend-qa.knoldus.com/34.132.142.94:443 after 60000 ms
REQUEST		Proposals	1673449993546	1673450053546	KO	i.g.h.c.i.RequestTimeoutException: Request timeout to backend-qa.knoldus.com/34.132.142.94:443 after 60000 ms
REQUEST		Proposals	1673449993607	1673450053607	KO	i.g.h.c.i.RequestTimeoutException: Request timeout to backend-qa.knoldus.com/34.132.142.94:443 after 60000 ms
REQUEST		Proposals	1673449993648	1673450053648	KO	i.g.h.c.i.RequestTimeoutException: Request timeout to backend-qa.knoldus.com/34.132.142.94:443 after 60000 ms
REQUEST		Proposals	1673449993708	1673450053708	KO	i.g.h.c.i.RequestTimeoutException: Request timeout to backend-qa.knoldus.com/34.132.142.94:443 after 60000 ms
REQUEST		Proposals	1673449993749	1673450053749	KO	i.g.h.c.i.RequestTimeoutException: Request timeout to backend-qa.knoldus.com/34.132.142.94:443 after 60000 ms
REQUEST		Proposals	1673449993798	1673450053799	KO	i.g.h.c.i.RequestTimeoutException: Request timeout to backend-qa.knoldus.com/34.132.142.94:443 after 60000 ms
REQUEST		Proposals	1673449993845	1673450053845	KO	i.g.h.c.i.RequestTimeoutException: Request timeout to backend-qa.knoldus.com/34.132.142.94:443 after 60000 ms
REQUEST		Proposals	1673449993897	1673450053897	KO	i.g.h.c.i.RequestTimeoutException: Request timeout to backend-qa.knoldus.com/34.132.142.94:443 after 60000 ms
REQUEST		Proposals	1673449993986	1673450053986	KO	i.g.h.c.i.RequestTimeoutException: Request timeout to backend-qa.knoldus.com/34.132.142.94:443 after 60000 ms
REQUEST		Proposals	1673449993992	1673450053992	KO	i.g.h.c.i.RequestTimeoutException: Request timeout to backend-qa.knoldus.com/34.132.142.94:443 after 60000 ms
REQUEST		Proposals	1673449994048	1673450054048	KO	i.g.h.c.i.RequestTimeoutException: Request timeout to backend-qa.knoldus.com/34.132.142.94:443 after 60000 ms
USER	Create  Scenario	END	1673450054126
REQUEST		Proposals	1673449994213	1673450054213	KO	i.g.h.c.i.RequestTimeoutException: Request timeout to backend-qa.knoldus.com/34.132.142.94:443 after 60000 ms
REQUEST		Proposals	1673449994480	1673450054480	KO	i.g.h.c.i.RequestTimeoutException: Request timeout to backend-qa.knoldus.com/34.132.142.94:443 after 60000 ms
REQUEST		Edit Proposal	1673450053808	1673450054767	OK	 
REQUEST		Edit Proposal	1673450053853	1673450054784	OK	 
REQUEST		Edit Proposal	1673450053808	1673450054803	OK	 
REQUEST		Proposals	1673449994825	1673450054825	KO	i.g.h.c.i.RequestTimeoutException: Request timeout to backend-qa.knoldus.com/34.132.142.94:443 after 60000 ms
REQUEST		Proposals	1673449994825	1673450054826	KO	i.g.h.c.i.RequestTimeoutException: Request timeout to backend-qa.knoldus.com/34.132.142.94:443 after 60000 ms
REQUEST		Proposals	1673449994826	1673450054826	KO	i.g.h.c.i.RequestTimeoutException: Request timeout to backend-qa.knoldus.com/34.132.142.94:443 after 60000 ms
REQUEST		Edit Proposal	1673450053902	1673450054830	OK	 
REQUEST		Proposals	1673449994830	1673450054830	KO	i.g.h.c.i.RequestTimeoutException: Request timeout to backend-qa.knoldus.com/34.132.142.94:443 after 60000 ms
REQUEST		Edit Proposal	1673450053961	1673450054886	OK	 
REQUEST		Proposals	1673449994893	1673450054893	KO	i.g.h.c.i.RequestTimeoutException: Request timeout to backend-qa.knoldus.com/34.132.142.94:443 after 60000 ms
REQUEST		Proposals	1673449994899	1673450054900	KO	i.g.h.c.i.RequestTimeoutException: Request timeout to backend-qa.knoldus.com/34.132.142.94:443 after 60000 ms
REQUEST		Proposals	1673449994901	1673450054901	KO	i.g.h.c.i.RequestTimeoutException: Request timeout to backend-qa.knoldus.com/34.132.142.94:443 after 60000 ms
REQUEST		Edit Proposal	1673450054013	1673450054925	OK	 
REQUEST		Proposals	1673449994926	1673450054926	KO	i.g.h.c.i.RequestTimeoutException: Request timeout to backend-qa.knoldus.com/34.132.142.94:443 after 60000 ms
REQUEST		Edit Proposal	1673450054063	1673450054951	OK	 
REQUEST		Proposals	1673449994961	1673450054961	KO	i.g.h.c.i.RequestTimeoutException: Request timeout to backend-qa.knoldus.com/34.132.142.94:443 after 60000 ms
REQUEST		Edit Proposal	1673450054093	1673450055027	OK	 
REQUEST		Proposals	1673449995027	1673450055027	KO	i.g.h.c.i.RequestTimeoutException: Request timeout to backend-qa.knoldus.com/34.132.142.94:443 after 60000 ms
REQUEST		Proposals	1673449995084	1673450055084	KO	i.g.h.c.i.RequestTimeoutException: Request timeout to backend-qa.knoldus.com/34.132.142.94:443 after 60000 ms
REQUEST		Edit Proposal	1673450054150	1673450055090	OK	 
REQUEST		Proposals	1673449995099	1673450055099	KO	i.g.h.c.i.RequestTimeoutException: Request timeout to backend-qa.knoldus.com/34.132.142.94:443 after 60000 ms
REQUEST		Edit Proposal	1673450054199	1673450055128	OK	 
REQUEST		Edit Proposal	1673450054326	1673450055245	OK	 
REQUEST		Edit Proposal	1673450054363	1673450055288	OK	 
REQUEST		Edit Proposal	1673450054409	1673450055371	OK	 
REQUEST		Edit Proposal	1673450054459	1673450055441	OK	 
REQUEST		Edit Proposal	1673450054509	1673450055450	OK	 
REQUEST		Proposals	1673449995492	1673450055492	KO	i.g.h.c.i.RequestTimeoutException: Request timeout to backend-qa.knoldus.com/34.132.142.94:443 after 60000 ms
REQUEST		Edit Proposal	1673450054577	1673450055535	OK	 
REQUEST		Edit Proposal	1673450054605	1673450055553	OK	 
REQUEST		Proposals	1673449995586	1673450055586	KO	i.g.h.c.i.RequestTimeoutException: Request timeout to backend-qa.knoldus.com/34.132.142.94:443 after 60000 ms
REQUEST		Edit Proposal	1673450054676	1673450055630	OK	 
REQUEST		Edit Proposal	1673450054728	1673450055662	OK	 
REQUEST		Proposals	1673449995734	1673450055734	KO	i.g.h.c.i.RequestTimeoutException: Request timeout to backend-qa.knoldus.com/34.132.142.94:443 after 60000 ms
REQUEST		Proposals	1673449995734	1673450055734	KO	i.g.h.c.i.RequestTimeoutException: Request timeout to backend-qa.knoldus.com/34.132.142.94:443 after 60000 ms
REQUEST		Proposals	1673449995748	1673450055748	KO	i.g.h.c.i.RequestTimeoutException: Request timeout to backend-qa.knoldus.com/34.132.142.94:443 after 60000 ms
REQUEST		Edit Proposal	1673450054828	1673450055787	OK	 
REQUEST		Edit Proposal	1673450054894	1673450055824	OK	 
REQUEST		Edit Proposal	1673450054973	1673450055936	OK	 
REQUEST		Edit Proposal	1673450055024	1673450055948	OK	 
REQUEST		Edit Proposal	1673450055072	1673450055976	OK	 
REQUEST		Edit Proposal	1673450055088	1673450056022	OK	 
REQUEST		Edit Proposal	1673450055250	1673450056181	OK	 
REQUEST		Edit Proposal	1673450055367	1673450056288	OK	 
REQUEST		Edit Proposal	1673450055493	1673450056406	OK	 
REQUEST		Edit Proposal	1673450055670	1673450056596	OK	 
REQUEST		Edit Proposal	1673450055725	1673450056722	OK	 
REQUEST		Edit Proposal	1673450055758	1673450056740	OK	 
REQUEST		Edit Proposal	1673450055758	1673450056756	OK	 
REQUEST		Edit Proposal	1673450055967	1673450056909	OK	 
REQUEST		Edit Proposal	1673450056011	1673450057021	OK	 
REQUEST		Edit Proposal	1673450056044	1673450057029	OK	 
REQUEST		Edit Proposal	1673450056047	1673450057041	OK	 
REQUEST		Edit Proposal	1673450056103	1673450057067	OK	 
REQUEST		Edit Proposal	1673450056155	1673450057085	OK	 
REQUEST		Edit Proposal	1673450056302	1673450057252	OK	 
REQUEST		Edit Proposal	1673450056375	1673450057309	OK	 
REQUEST		Edit Proposal	1673450056394	1673450057320	OK	 
REQUEST		Edit Proposal	1673450056473	1673450057404	OK	 
REQUEST		Edit Proposal	1673450056495	1673450057430	OK	 
REQUEST		Edit Proposal	1673450056547	1673450057455	OK	 
REQUEST		Edit Proposal	1673450056608	1673450057522	OK	 
REQUEST		Edit Proposal	1673450056649	1673450057600	OK	 
REQUEST		Edit Proposal	1673450056709	1673450057623	OK	 
REQUEST		Edit Proposal	1673450056750	1673450057687	OK	 
REQUEST		Edit Proposal	1673450056799	1673450057708	OK	 
REQUEST		Edit Proposal	1673450056846	1673450057757	OK	 
REQUEST		Edit Proposal	1673450056897	1673450057789	OK	 
REQUEST		Edit Proposal	1673450056993	1673450057905	OK	 
REQUEST		Edit Proposal	1673450056987	1673450057924	OK	 
REQUEST		Edit Proposal	1673450057049	1673450057956	OK	 
REQUEST		Edit Proposal	1673450057213	1673450058142	OK	 
REQUEST		Edit Proposal	1673450057481	1673450058332	OK	 
REQUEST		Reputation	1673450057767	1673450058397	OK	 
REQUEST		Reputation	1673450057785	1673450058426	OK	 
REQUEST		Reputation	1673450057804	1673450058447	OK	 
REQUEST		Reputation	1673450057830	1673450058461	OK	 
REQUEST		Reputation	1673450057887	1673450058507	OK	 
REQUEST		Reputation	1673450057925	1673450058555	OK	 
REQUEST		Reputation	1673450057952	1673450058575	OK	 
REQUEST		Reputation	1673450058027	1673450058638	OK	 
REQUEST		Reputation	1673450058091	1673450058739	OK	 
REQUEST		Reputation	1673450058128	1673450058763	OK	 
REQUEST		Edit Proposal	1673450057826	1673450058798	OK	 
REQUEST		Edit Proposal	1673450057826	1673450058798	OK	 
REQUEST		Edit Proposal	1673450057830	1673450058812	OK	 
REQUEST		Edit Proposal	1673450057826	1673450058835	OK	 
REQUEST		Edit Proposal	1673450057900	1673450058851	OK	 
REQUEST		Edit Proposal	1673450057894	1673450058872	OK	 
REQUEST		Reputation	1673450058246	1673450058889	OK	 
REQUEST		Edit Proposal	1673450057926	1673450058901	OK	 
REQUEST		Edit Proposal	1673450057902	1673450058920	OK	 
REQUEST		Reputation	1673450058289	1673450058920	OK	 
REQUEST		Edit Proposal	1673450057961	1673450058922	OK	 
REQUEST		Edit Proposal	1673450058028	1673450058970	OK	 
REQUEST		Reputation	1673450058372	1673450059008	OK	 
REQUEST		Edit Proposal	1673450058085	1673450059047	OK	 
REQUEST		Edit Proposal	1673450058100	1673450059058	OK	 
REQUEST		Reputation	1673450058450	1673450059105	OK	 
REQUEST		Reputation	1673450058443	1673450059106	OK	 
REQUEST		Reputation	1673450058536	1673450059152	OK	 
REQUEST		Reputation	1673450058554	1673450059167	OK	 
REQUEST		Reputation	1673450058631	1673450059271	OK	 
REQUEST		Reputation	1673450058663	1673450059285	OK	 
REQUEST		Edit Proposal	1673450058493	1673450059381	OK	 
REQUEST		Reputation	1673450058788	1673450059403	OK	 
REQUEST		Reputation	1673450058824	1673450059420	OK	 
REQUEST		Edit Proposal	1673450058587	1673450059482	OK	 
REQUEST		Reputation	1673450058937	1673450059535	OK	 
REQUEST		Reputation	1673450058949	1673450059541	OK	 
REQUEST		Reputation	1673450058977	1673450059553	OK	 
REQUEST		Edit Proposal	1673450058735	1673450059597	OK	 
REQUEST		Edit Proposal	1673450058735	1673450059618	OK	 
REQUEST		Edit Proposal	1673450058749	1673450059630	OK	 
REQUEST		Reputation	1673450059022	1673450059631	OK	 
REQUEST		Reputation	1673450059182	1673450059757	OK	 
REQUEST		Reputation	1673450059289	1673450059915	OK	 
REQUEST		Reputation	1673450059407	1673450059988	OK	 
REQUEST		Reputation	1673450059597	1673450060190	OK	 
REQUEST		Reputation	1673450059723	1673450060323	OK	 
REQUEST		Reputation	1673450059741	1673450060332	OK	 
REQUEST		Reputation	1673450059757	1673450060333	OK	 
REQUEST		Reputation	1673450059910	1673450060486	OK	 
REQUEST		Reputation	1673450060022	1673450060618	OK	 
REQUEST		Reputation	1673450060029	1673450060631	OK	 
REQUEST		Reputation	1673450060041	1673450060655	OK	 
REQUEST		Reputation	1673450060068	1673450060668	OK	 
REQUEST		Reputation	1673450060086	1673450060671	OK	 
REQUEST		Reputation	1673450060253	1673450060824	OK	 
REQUEST		Reputation	1673450060321	1673450060897	OK	 
REQUEST		Reputation	1673450060310	1673450060908	OK	 
REQUEST		Reputation	1673450060405	1673450060974	OK	 
REQUEST		Reputation	1673450060431	1673450061012	OK	 
REQUEST		Reputation	1673450060456	1673450061028	OK	 
REQUEST		Reputation	1673450060523	1673450061096	OK	 
REQUEST		Reputation	1673450060601	1673450061187	OK	 
REQUEST		Reputation	1673450060623	1673450061204	OK	 
REQUEST		Reputation	1673450060688	1673450061321	OK	 
REQUEST		Reputation	1673450060709	1673450061321	OK	 
REQUEST		Reputation	1673450060759	1673450061355	OK	 
REQUEST		Reputation	1673450060790	1673450061366	OK	 
USER	Create  Scenario	END	1673450061398
USER	Create  Scenario	END	1673450061427
USER	Create  Scenario	END	1673450061447
USER	Create  Scenario	END	1673450061462
REQUEST		Reputation	1673450060906	1673450061481	OK	 
USER	Create  Scenario	END	1673450061508
REQUEST		Reputation	1673450060926	1673450061517	OK	 
USER	Create  Scenario	END	1673450061557
REQUEST		Reputation	1673450060958	1673450061574	OK	 
USER	Create  Scenario	END	1673450061577
USER	Create  Scenario	END	1673450061639
USER	Create  Scenario	END	1673450061741
REQUEST		Reputation	1673450061143	1673450061751	OK	 
USER	Create  Scenario	END	1673450061764
USER	Create  Scenario	END	1673450061890
REQUEST		Reputation	1673450061333	1673450061908	OK	 
USER	Create  Scenario	END	1673450061922
USER	Create  Scenario	END	1673450062010
USER	Create  Scenario	END	1673450062107
USER	Create  Scenario	END	1673450062107
USER	Create  Scenario	END	1673450062153
USER	Create  Scenario	END	1673450062168
USER	Create  Scenario	END	1673450062272
USER	Create  Scenario	END	1673450062286
REQUEST		Reputation	1673450061799	1673450062402	OK	 
USER	Create  Scenario	END	1673450062404
REQUEST		Reputation	1673450061799	1673450062408	OK	 
USER	Create  Scenario	END	1673450062421
REQUEST		Reputation	1673450061813	1673450062458	OK	 
REQUEST		Reputation	1673450061836	1673450062490	OK	 
REQUEST		Reputation	1673450061852	1673450062490	OK	 
REQUEST		Reputation	1673450061873	1673450062526	OK	 
USER	Create  Scenario	END	1673450062536
REQUEST		Reputation	1673450061902	1673450062541	OK	 
USER	Create  Scenario	END	1673450062543
USER	Create  Scenario	END	1673450062554
REQUEST		Reputation	1673450061922	1673450062565	OK	 
REQUEST		Reputation	1673450061971	1673450062570	OK	 
REQUEST		Reputation	1673450061921	1673450062579	OK	 
REQUEST		Reputation	1673450062048	1673450062625	OK	 
USER	Create  Scenario	END	1673450062632
REQUEST		Reputation	1673450062059	1673450062633	OK	 
USER	Create  Scenario	END	1673450062758
USER	Create  Scenario	END	1673450062916
USER	Create  Scenario	END	1673450062989
REQUEST		Reputation	1673450062382	1673450062990	OK	 
REQUEST		Reputation	1673450062483	1673450063070	OK	 
REQUEST		Reputation	1673450062598	1673450063186	OK	 
USER	Create  Scenario	END	1673450063191
REQUEST		Reputation	1673450062618	1673450063192	OK	 
REQUEST		Reputation	1673450062631	1673450063217	OK	 
USER	Create  Scenario	END	1673450063324
USER	Create  Scenario	END	1673450063333
USER	Create  Scenario	END	1673450063333
USER	Create  Scenario	END	1673450063487
USER	Create  Scenario	END	1673450063619
USER	Create  Scenario	END	1673450063632
USER	Create  Scenario	END	1673450063656
USER	Create  Scenario	END	1673450063669
USER	Create  Scenario	END	1673450063672
USER	Create  Scenario	END	1673450063826
USER	Create  Scenario	END	1673450063898
USER	Create  Scenario	END	1673450063909
USER	Create  Scenario	END	1673450063975
USER	Create  Scenario	END	1673450064013
USER	Create  Scenario	END	1673450064029
USER	Create  Scenario	END	1673450064097
USER	Create  Scenario	END	1673450064188
USER	Create  Scenario	END	1673450064205
USER	Create  Scenario	END	1673450064322
USER	Create  Scenario	END	1673450064322
USER	Create  Scenario	END	1673450064356
USER	Create  Scenario	END	1673450064367
USER	Create  Scenario	END	1673450064482
USER	Create  Scenario	END	1673450064518
USER	Create  Scenario	END	1673450064576
USER	Create  Scenario	END	1673450064752
USER	Create  Scenario	END	1673450064910
USER	Create  Scenario	END	1673450065403
USER	Create  Scenario	END	1673450065410
USER	Create  Scenario	END	1673450065460
USER	Create  Scenario	END	1673450065491
USER	Create  Scenario	END	1673450065491
USER	Create  Scenario	END	1673450065528
USER	Create  Scenario	END	1673450065543
USER	Create  Scenario	END	1673450065566
USER	Create  Scenario	END	1673450065571
USER	Create  Scenario	END	1673450065581
USER	Create  Scenario	END	1673450065626
USER	Create  Scenario	END	1673450065634
USER	Create  Scenario	END	1673450065991
USER	Create  Scenario	END	1673450066071
USER	Create  Scenario	END	1673450066187
USER	Create  Scenario	END	1673450066192
USER	Create  Scenario	END	1673450066218
