RUN	Simulations.Runner.ContributionRunner	contributionrunner	1674667035352	 	3.5.1
USER	Contribution API	START	1674667036709
USER	Contribution API	START	1674667036795
USER	Contribution API	START	1674667036895
USER	Contribution API	START	1674667036996
USER	Contribution API	START	1674667037097
USER	Contribution API	START	1674667037198
USER	Contribution API	START	1674667037299
USER	Contribution API	START	1674667037399
USER	Contribution API	START	1674667037499
REQUEST		/updateProposal?contributionId=12755-Helps us to edit the proposal contribution.	1674667036737	1674667037567	KO	status.find.is(200), but actually found 404
USER	Contribution API	START	1674667037599
REQUEST		/updateProposal?contributionId=12755-Helps us to edit the proposal contribution.	1674667036795	1674667037626	KO	status.find.is(200), but actually found 404
USER	Contribution API	START	1674667037700
REQUEST		/updateProposal?contributionId=12755-Helps us to edit the proposal contribution.	1674667036896	1674667037709	KO	status.find.is(200), but actually found 404
USER	Contribution API	START	1674667037800
REQUEST		/updateProposal?contributionId=12755-Helps us to edit the proposal contribution.	1674667036997	1674667037805	KO	status.find.is(200), but actually found 404
USER	Contribution API	START	1674667037901
REQUEST		/updateProposal?contributionId=12755-Helps us to edit the proposal contribution.	1674667037098	1674667037912	KO	status.find.is(200), but actually found 404
USER	Contribution API	START	1674667038001
REQUEST		/updateProposal?contributionId=12755-Helps us to edit the proposal contribution.	1674667037198	1674667038008	KO	status.find.is(200), but actually found 404
USER	Contribution API	START	1674667038101
REQUEST		/updateProposal?contributionId=12755-Helps us to edit the proposal contribution.	1674667037299	1674667038110	KO	status.find.is(200), but actually found 404
USER	Contribution API	START	1674667038201
REQUEST		/updateProposal?contributionId=12755-Helps us to edit the proposal contribution.	1674667037400	1674667038225	KO	status.find.is(200), but actually found 404
USER	Contribution API	START	1674667038302
REQUEST		/updateProposal?contributionId=12755-Helps us to edit the proposal contribution.	1674667037500	1674667038320	KO	status.find.is(200), but actually found 404
USER	Contribution API	START	1674667038402
REQUEST		/updateProposal?contributionId=12755-Helps us to edit the proposal contribution.	1674667037600	1674667038410	KO	status.find.is(200), but actually found 404
USER	Contribution API	START	1674667038502
REQUEST		/updateProposal?contributionId=12755-Helps us to edit the proposal contribution.	1674667037701	1674667038513	KO	status.find.is(200), but actually found 404
USER	Contribution API	START	1674667038602
REQUEST		/updateProposal?contributionId=12755-Helps us to edit the proposal contribution.	1674667037801	1674667038604	KO	status.find.is(200), but actually found 404
USER	Contribution API	START	1674667038702
REQUEST		/updateProposal?contributionId=12755-Helps us to edit the proposal contribution.	1674667037901	1674667038711	KO	status.find.is(200), but actually found 404
USER	Contribution API	START	1674667038792
REQUEST		/updateProposal?contributionId=12755-Helps us to edit the proposal contribution.	1674667038001	1674667038851	KO	status.find.is(200), but actually found 404
USER	Contribution API	START	1674667038892
REQUEST		/updateProposal?contributionId=12755-Helps us to edit the proposal contribution.	1674667038102	1674667038931	KO	status.find.is(200), but actually found 404
USER	Contribution API	START	1674667038992
REQUEST		/updateProposal?contributionId=12755-Helps us to edit the proposal contribution.	1674667038202	1674667039006	KO	status.find.is(200), but actually found 404
USER	Contribution API	START	1674667039092
REQUEST		/updateProposal?contributionId=12755-Helps us to edit the proposal contribution.	1674667038302	1674667039141	KO	status.find.is(200), but actually found 404
USER	Contribution API	START	1674667039193
REQUEST		/updateProposal?contributionId=12755-Helps us to edit the proposal contribution.	1674667038402	1674667039214	KO	status.find.is(200), but actually found 404
USER	Contribution API	START	1674667039293
REQUEST		/updateProposal?contributionId=12755-Helps us to edit the proposal contribution.	1674667038502	1674667039313	KO	status.find.is(200), but actually found 404
USER	Contribution API	START	1674667039393
REQUEST		/updateProposal?contributionId=12755-Helps us to edit the proposal contribution.	1674667038603	1674667039422	KO	status.find.is(200), but actually found 404
USER	Contribution API	START	1674667039494
REQUEST		/updateProposal?contributionId=12755-Helps us to edit the proposal contribution.	1674667038702	1674667039515	KO	status.find.is(200), but actually found 404
USER	Contribution API	START	1674667039593
REQUEST		/updateProposal?contributionId=12755-Helps us to edit the proposal contribution.	1674667038793	1674667039602	KO	status.find.is(200), but actually found 404
USER	Contribution API	START	1674667039693
REQUEST		/updateProposal?contributionId=12755-Helps us to edit the proposal contribution.	1674667038893	1674667039718	KO	status.find.is(200), but actually found 404
USER	Contribution API	START	1674667039792
REQUEST		/updateProposal?contributionId=12755-Helps us to edit the proposal contribution.	1674667038993	1674667039837	KO	status.find.is(200), but actually found 404
USER	Contribution API	START	1674667039892
REQUEST		/updateProposal?contributionId=12755-Helps us to edit the proposal contribution.	1674667039093	1674667039917	KO	status.find.is(200), but actually found 404
USER	Contribution API	START	1674667039993
REQUEST		/updateProposal?contributionId=12755-Helps us to edit the proposal contribution.	1674667039193	1674667040046	KO	status.find.is(200), but actually found 404
USER	Contribution API	START	1674667040092
REQUEST		/updateProposal?contributionId=12755-Helps us to edit the proposal contribution.	1674667039293	1674667040112	KO	status.find.is(200), but actually found 404
REQUEST		/updateProposal?contributionId=12755-Helps us to edit the proposal contribution.	1674667039394	1674667040192	KO	status.find.is(200), but actually found 404
USER	Contribution API	START	1674667040192
USER	Contribution API	START	1674667040292
REQUEST		/updateProposal?contributionId=12755-Helps us to edit the proposal contribution.	1674667039494	1674667040310	KO	status.find.is(200), but actually found 404
USER	Contribution API	START	1674667040392
REQUEST		/updateProposal?contributionId=12755-Helps us to edit the proposal contribution.	1674667039594	1674667040427	KO	status.find.is(200), but actually found 404
USER	Contribution API	START	1674667040492
REQUEST		/updateProposal?contributionId=12755-Helps us to edit the proposal contribution.	1674667039694	1674667040494	KO	status.find.is(200), but actually found 404
USER	Contribution API	END	1674667040586
USER	Contribution API	START	1674667040592
REQUEST		/updateProposal?contributionId=12755-Helps us to edit the proposal contribution.	1674667039793	1674667040621	KO	status.find.is(200), but actually found 404
USER	Contribution API	END	1674667040627
USER	Contribution API	START	1674667040692
USER	Contribution API	END	1674667040711
REQUEST		/updateProposal?contributionId=12755-Helps us to edit the proposal contribution.	1674667039892	1674667040711	KO	status.find.is(200), but actually found 404
USER	Contribution API	START	1674667040792
USER	Contribution API	END	1674667040807
REQUEST		/updateProposal?contributionId=12755-Helps us to edit the proposal contribution.	1674667039993	1674667040820	KO	status.find.is(200), but actually found 404
USER	Contribution API	START	1674667040892
REQUEST		/updateProposal?contributionId=12755-Helps us to edit the proposal contribution.	1674667040093	1674667040905	KO	status.find.is(200), but actually found 404
USER	Contribution API	END	1674667040913
USER	Contribution API	START	1674667040993
REQUEST		/updateProposal?contributionId=12755-Helps us to edit the proposal contribution.	1674667040193	1674667041001	KO	status.find.is(200), but actually found 404
USER	Contribution API	END	1674667041009
USER	Contribution API	START	1674667041092
REQUEST		/updateProposal?contributionId=12755-Helps us to edit the proposal contribution.	1674667040293	1674667041095	KO	status.find.is(200), but actually found 404
USER	Contribution API	END	1674667041111
USER	Contribution API	START	1674667041192
REQUEST		/updateProposal?contributionId=12755-Helps us to edit the proposal contribution.	1674667040393	1674667041199	KO	status.find.is(200), but actually found 404
USER	Contribution API	END	1674667041226
USER	Contribution API	START	1674667041293
REQUEST		/updateProposal?contributionId=12755-Helps us to edit the proposal contribution.	1674667040493	1674667041309	KO	status.find.is(200), but actually found 404
USER	Contribution API	END	1674667041322
USER	Contribution API	START	1674667041393
USER	Contribution API	END	1674667041411
REQUEST		/updateProposal?contributionId=12755-Helps us to edit the proposal contribution.	1674667040592	1674667041431	KO	status.find.is(200), but actually found 404
USER	Contribution API	START	1674667041493
REQUEST		/updateProposal?contributionId=12755-Helps us to edit the proposal contribution.	1674667040693	1674667041509	KO	status.find.is(200), but actually found 404
USER	Contribution API	END	1674667041514
USER	Contribution API	START	1674667041593
REQUEST		/updateProposal?contributionId=12755-Helps us to edit the proposal contribution.	1674667040793	1674667041597	KO	status.find.is(200), but actually found 404
USER	Contribution API	END	1674667041606
USER	Contribution API	START	1674667041693
USER	Contribution API	END	1674667041712
REQUEST		/updateProposal?contributionId=12755-Helps us to edit the proposal contribution.	1674667040893	1674667041714	KO	status.find.is(200), but actually found 404
USER	Contribution API	START	1674667041792
REQUEST		/updateProposal?contributionId=12755-Helps us to edit the proposal contribution.	1674667040994	1674667041823	KO	status.find.is(200), but actually found 404
USER	Contribution API	END	1674667041852
USER	Contribution API	START	1674667041893
REQUEST		/updateProposal?contributionId=12755-Helps us to edit the proposal contribution.	1674667041093	1674667041906	KO	status.find.is(200), but actually found 404
USER	Contribution API	END	1674667041933
USER	Contribution API	START	1674667041993
REQUEST		/updateProposal?contributionId=12755-Helps us to edit the proposal contribution.	1674667041193	1674667041997	KO	status.find.is(200), but actually found 404
USER	Contribution API	END	1674667042007
USER	Contribution API	START	1674667042092
REQUEST		/updateProposal?contributionId=12755-Helps us to edit the proposal contribution.	1674667041293	1674667042120	KO	status.find.is(200), but actually found 404
USER	Contribution API	END	1674667042143
USER	Contribution API	START	1674667042193
REQUEST		/updateProposal?contributionId=12755-Helps us to edit the proposal contribution.	1674667041394	1674667042200	KO	status.find.is(200), but actually found 404
USER	Contribution API	END	1674667042215
USER	Contribution API	START	1674667042293
REQUEST		/updateProposal?contributionId=12755-Helps us to edit the proposal contribution.	1674667041493	1674667042298	KO	status.find.is(200), but actually found 404
USER	Contribution API	END	1674667042314
USER	Contribution API	START	1674667042393
REQUEST		/updateProposal?contributionId=12755-Helps us to edit the proposal contribution.	1674667041593	1674667042400	KO	status.find.is(200), but actually found 404
USER	Contribution API	END	1674667042425
USER	Contribution API	START	1674667042493
REQUEST		/updateProposal?contributionId=12755-Helps us to edit the proposal contribution.	1674667041694	1674667042504	KO	status.find.is(200), but actually found 404
USER	Contribution API	END	1674667042516
USER	Contribution API	START	1674667042593
USER	Contribution API	END	1674667042603
REQUEST		/updateProposal?contributionId=12755-Helps us to edit the proposal contribution.	1674667041792	1674667042622	KO	status.find.is(200), but actually found 404
USER	Contribution API	START	1674667042693
REQUEST		/updateProposal?contributionId=12755-Helps us to edit the proposal contribution.	1674667041893	1674667042707	KO	status.find.is(200), but actually found 404
USER	Contribution API	END	1674667042719
USER	Contribution API	START	1674667042792
REQUEST		/updateProposal?contributionId=12755-Helps us to edit the proposal contribution.	1674667041993	1674667042807	KO	status.find.is(200), but actually found 404
USER	Contribution API	END	1674667042838
USER	Contribution API	START	1674667042892
USER	Contribution API	END	1674667042918
REQUEST		/updateProposal?contributionId=12755-Helps us to edit the proposal contribution.	1674667042093	1674667042918	KO	status.find.is(200), but actually found 404
USER	Contribution API	START	1674667042993
REQUEST		/updateProposal?contributionId=12755-Helps us to edit the proposal contribution.	1674667042193	1674667043013	KO	status.find.is(200), but actually found 404
USER	Contribution API	END	1674667043047
USER	Contribution API	START	1674667043093
REQUEST		/updateProposal?contributionId=12755-Helps us to edit the proposal contribution.	1674667042293	1674667043096	KO	status.find.is(200), but actually found 404
USER	Contribution API	END	1674667043113
USER	Contribution API	END	1674667043194
USER	Contribution API	START	1674667043193
REQUEST		/updateProposal?contributionId=12755-Helps us to edit the proposal contribution.	1674667042393	1674667043200	KO	status.find.is(200), but actually found 404
USER	Contribution API	START	1674667043293
REQUEST		/updateProposal?contributionId=12755-Helps us to edit the proposal contribution.	1674667042494	1674667043307	KO	status.find.is(200), but actually found 404
USER	Contribution API	END	1674667043311
REQUEST		/updateProposal?contributionId=12755-Helps us to edit the proposal contribution.	1674667042593	1674667043394	KO	status.find.is(200), but actually found 404
USER	Contribution API	START	1674667043393
USER	Contribution API	END	1674667043428
USER	Contribution API	START	1674667043493
USER	Contribution API	END	1674667043496
REQUEST		/updateProposal?contributionId=12755-Helps us to edit the proposal contribution.	1674667042693	1674667043504	KO	status.find.is(200), but actually found 404
USER	Contribution API	START	1674667043593
REQUEST		/updateProposal?contributionId=12755-Helps us to edit the proposal contribution.	1674667042793	1674667043597	KO	status.find.is(200), but actually found 404
USER	Contribution API	END	1674667043622
USER	Contribution API	START	1674667043693
REQUEST		/updateProposal?contributionId=12755-Helps us to edit the proposal contribution.	1674667042893	1674667043695	KO	status.find.is(200), but actually found 404
USER	Contribution API	END	1674667043712
USER	Contribution API	START	1674667043792
REQUEST		/updateProposal?contributionId=12755-Helps us to edit the proposal contribution.	1674667042994	1674667043809	KO	status.find.is(200), but actually found 404
USER	Contribution API	END	1674667043821
USER	Contribution API	START	1674667043892
REQUEST		/updateProposal?contributionId=12755-Helps us to edit the proposal contribution.	1674667043093	1674667043899	KO	status.find.is(200), but actually found 404
USER	Contribution API	END	1674667043906
USER	Contribution API	START	1674667043993
USER	Contribution API	END	1674667044002
REQUEST		/updateProposal?contributionId=12755-Helps us to edit the proposal contribution.	1674667043193	1674667044009	KO	status.find.is(200), but actually found 404
USER	Contribution API	START	1674667044092
USER	Contribution API	END	1674667044096
REQUEST		/updateProposal?contributionId=12755-Helps us to edit the proposal contribution.	1674667043293	1674667044129	KO	status.find.is(200), but actually found 404
USER	Contribution API	START	1674667044192
USER	Contribution API	END	1674667044200
REQUEST		/updateProposal?contributionId=12755-Helps us to edit the proposal contribution.	1674667043394	1674667044218	KO	status.find.is(200), but actually found 404
USER	Contribution API	START	1674667044292
USER	Contribution API	END	1674667044311
REQUEST		/updateProposal?contributionId=12755-Helps us to edit the proposal contribution.	1674667043493	1674667044312	KO	status.find.is(200), but actually found 404
USER	Contribution API	START	1674667044392
REQUEST		/updateProposal?contributionId=12755-Helps us to edit the proposal contribution.	1674667043594	1674667044397	KO	status.find.is(200), but actually found 404
USER	Contribution API	END	1674667044433
USER	Contribution API	START	1674667044493
USER	Contribution API	END	1674667044511
REQUEST		/updateProposal?contributionId=12755-Helps us to edit the proposal contribution.	1674667043694	1674667044511	KO	status.find.is(200), but actually found 404
USER	Contribution API	START	1674667044593
USER	Contribution API	END	1674667044598
REQUEST		/updateProposal?contributionId=12755-Helps us to edit the proposal contribution.	1674667043793	1674667044627	KO	status.find.is(200), but actually found 404
USER	Contribution API	START	1674667044693
REQUEST		/updateProposal?contributionId=12755-Helps us to edit the proposal contribution.	1674667043893	1674667044709	KO	status.find.is(200), but actually found 404
USER	Contribution API	END	1674667044715
USER	Contribution API	START	1674667044792
USER	Contribution API	END	1674667044824
REQUEST		/updateProposal?contributionId=12755-Helps us to edit the proposal contribution.	1674667043993	1674667044845	KO	status.find.is(200), but actually found 404
USER	Contribution API	START	1674667044892
REQUEST		/updateProposal?contributionId=12755-Helps us to edit the proposal contribution.	1674667044093	1674667044907	KO	status.find.is(200), but actually found 404
USER	Contribution API	END	1674667044908
USER	Contribution API	START	1674667044992
REQUEST		/updateProposal?contributionId=12755-Helps us to edit the proposal contribution.	1674667044193	1674667044997	KO	status.find.is(200), but actually found 404
USER	Contribution API	END	1674667044998
USER	Contribution API	START	1674667045092
REQUEST		/updateProposal?contributionId=12755-Helps us to edit the proposal contribution.	1674667044293	1674667045119	KO	status.find.is(200), but actually found 404
USER	Contribution API	END	1674667045121
USER	Contribution API	START	1674667045192
USER	Contribution API	END	1674667045201
REQUEST		/updateProposal?contributionId=12755-Helps us to edit the proposal contribution.	1674667044393	1674667045217	KO	status.find.is(200), but actually found 404
USER	Contribution API	START	1674667045292
USER	Contribution API	END	1674667045299
REQUEST		/updateProposal?contributionId=12755-Helps us to edit the proposal contribution.	1674667044493	1674667045308	KO	status.find.is(200), but actually found 404
USER	Contribution API	START	1674667045392
USER	Contribution API	END	1674667045401
REQUEST		/updateProposal?contributionId=12755-Helps us to edit the proposal contribution.	1674667044594	1674667045410	KO	status.find.is(200), but actually found 404
USER	Contribution API	START	1674667045493
USER	Contribution API	END	1674667045505
REQUEST		/updateProposal?contributionId=12755-Helps us to edit the proposal contribution.	1674667044693	1674667045508	KO	status.find.is(200), but actually found 404
USER	Contribution API	START	1674667045592
REQUEST		/updateProposal?contributionId=12755-Helps us to edit the proposal contribution.	1674667044792	1674667045605	KO	status.find.is(200), but actually found 404
USER	Contribution API	END	1674667045623
USER	Contribution API	START	1674667045692
USER	Contribution API	END	1674667045708
REQUEST		/updateProposal?contributionId=12755-Helps us to edit the proposal contribution.	1674667044893	1674667045711	KO	status.find.is(200), but actually found 404
USER	Contribution API	START	1674667045791
REQUEST		/updateProposal?contributionId=12755-Helps us to edit the proposal contribution.	1674667044993	1674667045804	KO	status.find.is(200), but actually found 404
USER	Contribution API	END	1674667045809
USER	Contribution API	START	1674667045892
REQUEST		/updateProposal?contributionId=12755-Helps us to edit the proposal contribution.	1674667045093	1674667045904	KO	status.find.is(200), but actually found 404
USER	Contribution API	END	1674667045920
USER	Contribution API	START	1674667045992
USER	Contribution API	END	1674667046014
REQUEST		/updateProposal?contributionId=12755-Helps us to edit the proposal contribution.	1674667045192	1674667046020	KO	status.find.is(200), but actually found 404
USER	Contribution API	START	1674667046092
USER	Contribution API	END	1674667046097
REQUEST		/updateProposal?contributionId=12755-Helps us to edit the proposal contribution.	1674667045293	1674667046102	KO	status.find.is(200), but actually found 404
USER	Contribution API	START	1674667046191
USER	Contribution API	END	1674667046200
REQUEST		/updateProposal?contributionId=12755-Helps us to edit the proposal contribution.	1674667045393	1674667046206	KO	status.find.is(200), but actually found 404
USER	Contribution API	START	1674667046291
REQUEST		/updateProposal?contributionId=12755-Helps us to edit the proposal contribution.	1674667045494	1674667046300	KO	status.find.is(200), but actually found 404
USER	Contribution API	END	1674667046309
USER	Contribution API	START	1674667046391
USER	Contribution API	END	1674667046395
REQUEST		/updateProposal?contributionId=12755-Helps us to edit the proposal contribution.	1674667045593	1674667046422	KO	status.find.is(200), but actually found 404
REQUEST		/updateProposal?contributionId=12755-Helps us to edit the proposal contribution.	1674667045692	1674667046491	KO	status.find.is(200), but actually found 404
USER	Contribution API	START	1674667046492
USER	Contribution API	END	1674667046505
USER	Contribution API	START	1674667046592
REQUEST		/updateProposal?contributionId=12755-Helps us to edit the proposal contribution.	1674667045792	1674667046598	KO	status.find.is(200), but actually found 404
USER	Contribution API	END	1674667046598
USER	Contribution API	START	1674667046692
USER	Contribution API	END	1674667046696
REQUEST		/updateProposal?contributionId=12755-Helps us to edit the proposal contribution.	1674667045892	1674667046710	KO	status.find.is(200), but actually found 404
REQUEST		/updateProposal?contributionId=12755-Helps us to edit the proposal contribution.	1674667045992	1674667046790	KO	status.find.is(200), but actually found 404
USER	Contribution API	START	1674667046792
USER	Contribution API	END	1674667046811
USER	Contribution API	START	1674667046892
USER	Contribution API	END	1674667046899
REQUEST		/updateProposal?contributionId=12755-Helps us to edit the proposal contribution.	1674667046092	1674667046904	KO	status.find.is(200), but actually found 404
USER	Contribution API	START	1674667046992
REQUEST		/updateProposal?contributionId=12755-Helps us to edit the proposal contribution.	1674667046192	1674667046996	KO	status.find.is(200), but actually found 404
USER	Contribution API	END	1674667047010
USER	Contribution API	START	1674667047092
REQUEST		/updateProposal?contributionId=12755-Helps us to edit the proposal contribution.	1674667046292	1674667047107	KO	status.find.is(200), but actually found 404
USER	Contribution API	END	1674667047130
USER	Contribution API	START	1674667047192
REQUEST		/updateProposal?contributionId=12755-Helps us to edit the proposal contribution.	1674667046392	1674667047218	KO	status.find.is(200), but actually found 404
USER	Contribution API	END	1674667047219
USER	Contribution API	START	1674667047292
USER	Contribution API	END	1674667047313
REQUEST		/updateProposal?contributionId=12755-Helps us to edit the proposal contribution.	1674667046492	1674667047315	KO	status.find.is(200), but actually found 404
USER	Contribution API	START	1674667047392
USER	Contribution API	END	1674667047398
REQUEST		/updateProposal?contributionId=12755-Helps us to edit the proposal contribution.	1674667046592	1674667047439	KO	status.find.is(200), but actually found 404
USER	Contribution API	START	1674667047492
USER	Contribution API	END	1674667047512
REQUEST		/updateProposal?contributionId=12755-Helps us to edit the proposal contribution.	1674667046692	1674667047517	KO	status.find.is(200), but actually found 404
USER	Contribution API	START	1674667047592
REQUEST		/updateProposal?contributionId=12755-Helps us to edit the proposal contribution.	1674667046793	1674667047602	KO	status.find.is(200), but actually found 404
USER	Contribution API	END	1674667047629
USER	Contribution API	START	1674667047692
REQUEST		/updateProposal?contributionId=12755-Helps us to edit the proposal contribution.	1674667046892	1674667047704	KO	status.find.is(200), but actually found 404
USER	Contribution API	END	1674667047711
USER	Contribution API	START	1674667047791
REQUEST		/updateProposal?contributionId=12755-Helps us to edit the proposal contribution.	1674667046993	1674667047807	KO	status.find.is(200), but actually found 404
USER	Contribution API	END	1674667047846
USER	Contribution API	START	1674667047891
REQUEST		/updateProposal?contributionId=12755-Helps us to edit the proposal contribution.	1674667047092	1674667047901	KO	status.find.is(200), but actually found 404
USER	Contribution API	END	1674667047908
USER	Contribution API	START	1674667047992
USER	Contribution API	END	1674667047998
REQUEST		/updateProposal?contributionId=12755-Helps us to edit the proposal contribution.	1674667047192	1674667048010	KO	status.find.is(200), but actually found 404
USER	Contribution API	START	1674667048091
REQUEST		/updateProposal?contributionId=12755-Helps us to edit the proposal contribution.	1674667047292	1674667048104	KO	status.find.is(200), but actually found 404
USER	Contribution API	END	1674667048120
REQUEST		/updateProposal?contributionId=12755-Helps us to edit the proposal contribution.	1674667047392	1674667048190	KO	status.find.is(200), but actually found 404
USER	Contribution API	START	1674667048191
USER	Contribution API	END	1674667048218
USER	Contribution API	START	1674667048292
REQUEST		/updateProposal?contributionId=12755-Helps us to edit the proposal contribution.	1674667047493	1674667048309	KO	status.find.is(200), but actually found 404
USER	Contribution API	END	1674667048310
USER	Contribution API	START	1674667048392
REQUEST		/updateProposal?contributionId=12755-Helps us to edit the proposal contribution.	1674667047593	1674667048395	KO	status.find.is(200), but actually found 404
USER	Contribution API	END	1674667048410
REQUEST		/updateProposal?contributionId=12755-Helps us to edit the proposal contribution.	1674667047693	1674667048484	KO	status.find.is(200), but actually found 404
USER	Contribution API	START	1674667048492
USER	Contribution API	END	1674667048509
USER	Contribution API	START	1674667048592
USER	Contribution API	END	1674667048606
REQUEST		/updateProposal?contributionId=12755-Helps us to edit the proposal contribution.	1674667047792	1674667048630	KO	status.find.is(200), but actually found 404
USER	Contribution API	START	1674667048692
REQUEST		/updateProposal?contributionId=12755-Helps us to edit the proposal contribution.	1674667047892	1674667048709	KO	status.find.is(200), but actually found 404
USER	Contribution API	END	1674667048712
USER	Contribution API	START	1674667048792
USER	Contribution API	END	1674667048805
REQUEST		/updateProposal?contributionId=12755-Helps us to edit the proposal contribution.	1674667047993	1674667048810	KO	status.find.is(200), but actually found 404
USER	Contribution API	START	1674667048892
REQUEST		/updateProposal?contributionId=12755-Helps us to edit the proposal contribution.	1674667048092	1674667048899	KO	status.find.is(200), but actually found 404
USER	Contribution API	END	1674667048905
USER	Contribution API	START	1674667048992
REQUEST		/updateProposal?contributionId=12755-Helps us to edit the proposal contribution.	1674667048192	1674667048998	KO	status.find.is(200), but actually found 404
USER	Contribution API	END	1674667049021
USER	Contribution API	START	1674667049093
REQUEST		/updateProposal?contributionId=12755-Helps us to edit the proposal contribution.	1674667048292	1674667049094	KO	status.find.is(200), but actually found 404
USER	Contribution API	END	1674667049103
USER	Contribution API	START	1674667049192
USER	Contribution API	END	1674667049207
REQUEST		/updateProposal?contributionId=12755-Helps us to edit the proposal contribution.	1674667048392	1674667049207	KO	status.find.is(200), but actually found 404
USER	Contribution API	START	1674667049292
USER	Contribution API	END	1674667049301
REQUEST		/updateProposal?contributionId=12755-Helps us to edit the proposal contribution.	1674667048493	1674667049308	KO	status.find.is(200), but actually found 404
USER	Contribution API	START	1674667049392
REQUEST		/updateProposal?contributionId=12755-Helps us to edit the proposal contribution.	1674667048593	1674667049401	KO	status.find.is(200), but actually found 404
USER	Contribution API	END	1674667049423
USER	Contribution API	END	1674667049493
USER	Contribution API	START	1674667049493
REQUEST		/updateProposal?contributionId=12755-Helps us to edit the proposal contribution.	1674667048693	1674667049508	KO	status.find.is(200), but actually found 404
USER	Contribution API	START	1674667049592
REQUEST		/updateProposal?contributionId=12755-Helps us to edit the proposal contribution.	1674667048792	1674667049597	KO	status.find.is(200), but actually found 404
USER	Contribution API	END	1674667049599
USER	Contribution API	START	1674667049693
USER	Contribution API	END	1674667049711
REQUEST		/updateProposal?contributionId=12755-Helps us to edit the proposal contribution.	1674667048892	1674667049717	KO	status.find.is(200), but actually found 404
USER	Contribution API	END	1674667049792
USER	Contribution API	START	1674667049792
REQUEST		/updateProposal?contributionId=12755-Helps us to edit the proposal contribution.	1674667048992	1674667049801	KO	status.find.is(200), but actually found 404
USER	Contribution API	START	1674667049892
REQUEST		/updateProposal?contributionId=12755-Helps us to edit the proposal contribution.	1674667049093	1674667049903	KO	status.find.is(200), but actually found 404
USER	Contribution API	END	1674667049905
USER	Contribution API	START	1674667049992
USER	Contribution API	END	1674667049997
REQUEST		/updateProposal?contributionId=12755-Helps us to edit the proposal contribution.	1674667049193	1674667049999	KO	status.find.is(200), but actually found 404
USER	Contribution API	START	1674667050092
REQUEST		/updateProposal?contributionId=12755-Helps us to edit the proposal contribution.	1674667049293	1674667050102	KO	status.find.is(200), but actually found 404
USER	Contribution API	END	1674667050109
USER	Contribution API	START	1674667050192
REQUEST		/updateProposal?contributionId=12755-Helps us to edit the proposal contribution.	1674667049393	1674667050205	KO	status.find.is(200), but actually found 404
USER	Contribution API	END	1674667050219
USER	Contribution API	START	1674667050293
REQUEST		/updateProposal?contributionId=12755-Helps us to edit the proposal contribution.	1674667049493	1674667050315	KO	status.find.is(200), but actually found 404
USER	Contribution API	END	1674667050316
USER	Contribution API	START	1674667050392
REQUEST		/updateProposal?contributionId=12755-Helps us to edit the proposal contribution.	1674667049593	1674667050409	KO	status.find.is(200), but actually found 404
USER	Contribution API	END	1674667050440
USER	Contribution API	START	1674667050492
REQUEST		/updateProposal?contributionId=12755-Helps us to edit the proposal contribution.	1674667049693	1674667050509	KO	status.find.is(200), but actually found 404
USER	Contribution API	END	1674667050518
USER	Contribution API	START	1674667050592
USER	Contribution API	END	1674667050603
REQUEST		/updateProposal?contributionId=12755-Helps us to edit the proposal contribution.	1674667049792	1674667050603	KO	status.find.is(200), but actually found 404
USER	Contribution API	START	1674667050692
REQUEST		/updateProposal?contributionId=12755-Helps us to edit the proposal contribution.	1674667049892	1674667050698	KO	status.find.is(200), but actually found 404
USER	Contribution API	END	1674667050705
USER	Contribution API	START	1674667050791
USER	Contribution API	END	1674667050808
REQUEST		/updateProposal?contributionId=12755-Helps us to edit the proposal contribution.	1674667049992	1674667050823	KO	status.find.is(200), but actually found 404
USER	Contribution API	START	1674667050892
REQUEST		/updateProposal?contributionId=12755-Helps us to edit the proposal contribution.	1674667050093	1674667050901	KO	status.find.is(200), but actually found 404
USER	Contribution API	END	1674667050902
USER	Contribution API	START	1674667050991
USER	Contribution API	END	1674667051011
REQUEST		/updateProposal?contributionId=12755-Helps us to edit the proposal contribution.	1674667050192	1674667051013	KO	status.find.is(200), but actually found 404
USER	Contribution API	START	1674667051092
REQUEST		/updateProposal?contributionId=12755-Helps us to edit the proposal contribution.	1674667050293	1674667051103	KO	status.find.is(200), but actually found 404
USER	Contribution API	END	1674667051105
USER	Contribution API	END	1674667051193
USER	Contribution API	START	1674667051191
REQUEST		/updateProposal?contributionId=12755-Helps us to edit the proposal contribution.	1674667050392	1674667051218	KO	status.find.is(200), but actually found 404
USER	Contribution API	START	1674667051292
USER	Contribution API	END	1674667051311
REQUEST		/updateProposal?contributionId=12755-Helps us to edit the proposal contribution.	1674667050493	1674667051322	KO	status.find.is(200), but actually found 404
USER	Contribution API	START	1674667051391
USER	Contribution API	END	1674667051395
REQUEST		/updateProposal?contributionId=12755-Helps us to edit the proposal contribution.	1674667050593	1674667051405	KO	status.find.is(200), but actually found 404
USER	Contribution API	END	1674667051485
USER	Contribution API	START	1674667051491
REQUEST		/updateProposal?contributionId=12755-Helps us to edit the proposal contribution.	1674667050693	1674667051530	KO	status.find.is(200), but actually found 404
REQUEST		/updateProposal?contributionId=12755-Helps us to edit the proposal contribution.	1674667050792	1674667051583	KO	status.find.is(200), but actually found 404
USER	Contribution API	START	1674667051592
USER	Contribution API	END	1674667051631
USER	Contribution API	START	1674667051692
REQUEST		/updateProposal?contributionId=12755-Helps us to edit the proposal contribution.	1674667050892	1674667051704	KO	status.find.is(200), but actually found 404
USER	Contribution API	END	1674667051711
USER	Contribution API	START	1674667051792
REQUEST		/updateProposal?contributionId=12755-Helps us to edit the proposal contribution.	1674667050992	1674667051809	KO	status.find.is(200), but actually found 404
USER	Contribution API	END	1674667051811
USER	Contribution API	START	1674667051892
USER	Contribution API	END	1674667051900
REQUEST		/updateProposal?contributionId=12755-Helps us to edit the proposal contribution.	1674667051092	1674667051915	KO	status.find.is(200), but actually found 404
USER	Contribution API	START	1674667051992
USER	Contribution API	END	1674667051998
REQUEST		/updateProposal?contributionId=12755-Helps us to edit the proposal contribution.	1674667051192	1674667052016	KO	status.find.is(200), but actually found 404
REQUEST		/updateProposal?contributionId=12755-Helps us to edit the proposal contribution.	1674667051292	1674667052087	KO	status.find.is(200), but actually found 404
USER	Contribution API	START	1674667052092
USER	Contribution API	END	1674667052095
USER	Contribution API	START	1674667052192
REQUEST		/updateProposal?contributionId=12755-Helps us to edit the proposal contribution.	1674667051391	1674667052198	KO	status.find.is(200), but actually found 404
USER	Contribution API	END	1674667052209
USER	Contribution API	START	1674667052293
REQUEST		/updateProposal?contributionId=12755-Helps us to edit the proposal contribution.	1674667051492	1674667052296	KO	status.find.is(200), but actually found 404
USER	Contribution API	END	1674667052310
USER	Contribution API	START	1674667052392
REQUEST		/updateProposal?contributionId=12755-Helps us to edit the proposal contribution.	1674667051592	1674667052396	KO	status.find.is(200), but actually found 404
USER	Contribution API	END	1674667052402
USER	Contribution API	START	1674667052493
USER	Contribution API	END	1674667052509
REQUEST		/updateProposal?contributionId=12755-Helps us to edit the proposal contribution.	1674667051692	1674667052525	KO	status.find.is(200), but actually found 404
USER	Contribution API	START	1674667052592
USER	Contribution API	END	1674667052598
REQUEST		/updateProposal?contributionId=12755-Helps us to edit the proposal contribution.	1674667051792	1674667052616	KO	status.find.is(200), but actually found 404
USER	Contribution API	START	1674667052693
REQUEST		/updateProposal?contributionId=12755-Helps us to edit the proposal contribution.	1674667051892	1674667052708	KO	status.find.is(200), but actually found 404
USER	Contribution API	END	1674667052718
USER	Contribution API	START	1674667052792
REQUEST		/updateProposal?contributionId=12755-Helps us to edit the proposal contribution.	1674667051992	1674667052799	KO	status.find.is(200), but actually found 404
USER	Contribution API	END	1674667052802
USER	Contribution API	START	1674667052891
REQUEST		/updateProposal?contributionId=12755-Helps us to edit the proposal contribution.	1674667052093	1674667052893	KO	status.find.is(200), but actually found 404
USER	Contribution API	END	1674667052903
USER	Contribution API	START	1674667052992
USER	Contribution API	END	1674667053000
REQUEST		/updateProposal?contributionId=12755-Helps us to edit the proposal contribution.	1674667052192	1674667053006	KO	status.find.is(200), but actually found 404
USER	Contribution API	START	1674667053092
USER	Contribution API	END	1674667053103
REQUEST		/updateProposal?contributionId=12755-Helps us to edit the proposal contribution.	1674667052293	1674667053105	KO	status.find.is(200), but actually found 404
USER	Contribution API	START	1674667053192
REQUEST		/updateProposal?contributionId=12755-Helps us to edit the proposal contribution.	1674667052393	1674667053194	KO	status.find.is(200), but actually found 404
USER	Contribution API	END	1674667053206
USER	Contribution API	START	1674667053292
REQUEST		/updateProposal?contributionId=12755-Helps us to edit the proposal contribution.	1674667052493	1674667053310	KO	status.find.is(200), but actually found 404
USER	Contribution API	END	1674667053316
USER	Contribution API	START	1674667053391
REQUEST		/updateProposal?contributionId=12755-Helps us to edit the proposal contribution.	1674667052593	1674667053407	KO	status.find.is(200), but actually found 404
USER	Contribution API	END	1674667053410
REQUEST		/updateProposal?contributionId=12755-Helps us to edit the proposal contribution.	1674667052693	1674667053489	KO	status.find.is(200), but actually found 404
USER	Contribution API	START	1674667053491
USER	Contribution API	END	1674667053510
USER	Contribution API	START	1674667053592
USER	Contribution API	END	1674667053604
REQUEST		/updateProposal?contributionId=12755-Helps us to edit the proposal contribution.	1674667052792	1674667053607	KO	status.find.is(200), but actually found 404
USER	Contribution API	START	1674667053692
USER	Contribution API	END	1674667053698
REQUEST		/updateProposal?contributionId=12755-Helps us to edit the proposal contribution.	1674667052892	1674667053712	KO	status.find.is(200), but actually found 404
USER	Contribution API	START	1674667053791
REQUEST		/updateProposal?contributionId=12755-Helps us to edit the proposal contribution.	1674667052992	1674667053799	KO	status.find.is(200), but actually found 404
USER	Contribution API	END	1674667053824
USER	Contribution API	START	1674667053891
REQUEST		/updateProposal?contributionId=12755-Helps us to edit the proposal contribution.	1674667053092	1674667053895	KO	status.find.is(200), but actually found 404
USER	Contribution API	END	1674667053902
USER	Contribution API	START	1674667053991
USER	Contribution API	END	1674667054013
REQUEST		/updateProposal?contributionId=12755-Helps us to edit the proposal contribution.	1674667053193	1674667054017	KO	status.find.is(200), but actually found 404
USER	Contribution API	START	1674667054092
USER	Contribution API	END	1674667054104
REQUEST		/updateProposal?contributionId=12755-Helps us to edit the proposal contribution.	1674667053292	1674667054106	KO	status.find.is(200), but actually found 404
USER	Contribution API	START	1674667054191
REQUEST		/updateProposal?contributionId=12755-Helps us to edit the proposal contribution.	1674667053392	1674667054206	KO	status.find.is(200), but actually found 404
USER	Contribution API	END	1674667054219
USER	Contribution API	START	1674667054291
REQUEST		/updateProposal?contributionId=12755-Helps us to edit the proposal contribution.	1674667053492	1674667054298	KO	status.find.is(200), but actually found 404
USER	Contribution API	END	1674667054323
USER	Contribution API	START	1674667054391
REQUEST		/updateProposal?contributionId=12755-Helps us to edit the proposal contribution.	1674667053592	1674667054403	KO	status.find.is(200), but actually found 404
USER	Contribution API	END	1674667054406
USER	Contribution API	START	1674667054492
REQUEST		/updateProposal?contributionId=12755-Helps us to edit the proposal contribution.	1674667053692	1674667054498	KO	status.find.is(200), but actually found 404
USER	Contribution API	END	1674667054531
USER	Contribution API	END	1674667054584
USER	Contribution API	START	1674667054591
REQUEST		/updateProposal?contributionId=12755-Helps us to edit the proposal contribution.	1674667053792	1674667054609	KO	status.find.is(200), but actually found 404
USER	Contribution API	START	1674667054692
USER	Contribution API	END	1674667054705
REQUEST		/updateProposal?contributionId=12755-Helps us to edit the proposal contribution.	1674667053892	1674667054708	KO	status.find.is(200), but actually found 404
USER	Contribution API	START	1674667054792
USER	Contribution API	END	1674667054811
REQUEST		/updateProposal?contributionId=12755-Helps us to edit the proposal contribution.	1674667053992	1674667054815	KO	status.find.is(200), but actually found 404
USER	Contribution API	START	1674667054892
REQUEST		/updateProposal?contributionId=12755-Helps us to edit the proposal contribution.	1674667054092	1674667054901	KO	status.find.is(200), but actually found 404
USER	Contribution API	END	1674667054916
USER	Contribution API	START	1674667054992
REQUEST		/updateProposal?contributionId=12755-Helps us to edit the proposal contribution.	1674667054192	1674667055008	KO	status.find.is(200), but actually found 404
USER	Contribution API	END	1674667055017
USER	Contribution API	END	1674667055088
USER	Contribution API	START	1674667055092
REQUEST		/updateProposal?contributionId=12755-Helps us to edit the proposal contribution.	1674667054291	1674667055116	KO	status.find.is(200), but actually found 404
USER	Contribution API	START	1674667055192
USER	Contribution API	END	1674667055199
REQUEST		/updateProposal?contributionId=12755-Helps us to edit the proposal contribution.	1674667054392	1674667055212	KO	status.find.is(200), but actually found 404
USER	Contribution API	START	1674667055292
USER	Contribution API	END	1674667055297
REQUEST		/updateProposal?contributionId=12755-Helps us to edit the proposal contribution.	1674667054492	1674667055304	KO	status.find.is(200), but actually found 404
USER	Contribution API	START	1674667055392
USER	Contribution API	END	1674667055396
REQUEST		/updateProposal?contributionId=12755-Helps us to edit the proposal contribution.	1674667054592	1674667055406	KO	status.find.is(200), but actually found 404
REQUEST		/updateProposal?contributionId=12755-Helps us to edit the proposal contribution.	1674667054692	1674667055492	KO	status.find.is(200), but actually found 404
USER	Contribution API	START	1674667055492
USER	Contribution API	END	1674667055527
USER	Contribution API	START	1674667055592
REQUEST		/updateProposal?contributionId=12755-Helps us to edit the proposal contribution.	1674667054793	1674667055610	KO	status.find.is(200), but actually found 404
USER	Contribution API	END	1674667055617
USER	Contribution API	START	1674667055692
REQUEST		/updateProposal?contributionId=12755-Helps us to edit the proposal contribution.	1674667054893	1674667055705	KO	status.find.is(200), but actually found 404
USER	Contribution API	END	1674667055709
USER	Contribution API	START	1674667055792
USER	Contribution API	END	1674667055799
REQUEST		/updateProposal?contributionId=12755-Helps us to edit the proposal contribution.	1674667054992	1674667055818	KO	status.find.is(200), but actually found 404
REQUEST		/updateProposal?contributionId=12755-Helps us to edit the proposal contribution.	1674667055092	1674667055888	KO	status.find.is(200), but actually found 404
USER	Contribution API	START	1674667055891
USER	Contribution API	END	1674667055894
USER	Contribution API	START	1674667055991
USER	Contribution API	END	1674667056008
REQUEST		/updateProposal?contributionId=12755-Helps us to edit the proposal contribution.	1674667055193	1674667056017	KO	status.find.is(200), but actually found 404
REQUEST		/updateProposal?contributionId=12755-Helps us to edit the proposal contribution.	1674667055292	1674667056092	KO	status.find.is(200), but actually found 404
USER	Contribution API	START	1674667056092
USER	Contribution API	END	1674667056106
USER	Contribution API	START	1674667056191
USER	Contribution API	END	1674667056195
REQUEST		/updateProposal?contributionId=12755-Helps us to edit the proposal contribution.	1674667055392	1674667056208	KO	status.find.is(200), but actually found 404
USER	Contribution API	START	1674667056291
USER	Contribution API	END	1674667056311
REQUEST		/updateProposal?contributionId=12755-Helps us to edit the proposal contribution.	1674667055492	1674667056314	KO	status.find.is(200), but actually found 404
USER	Contribution API	START	1674667056391
REQUEST		/updateProposal?contributionId=12755-Helps us to edit the proposal contribution.	1674667055592	1674667056401	KO	status.find.is(200), but actually found 404
USER	Contribution API	END	1674667056408
USER	Contribution API	END	1674667056491
USER	Contribution API	START	1674667056491
REQUEST		/updateProposal?contributionId=12755-Helps us to edit the proposal contribution.	1674667055692	1674667056507	KO	status.find.is(200), but actually found 404
USER	Contribution API	START	1674667056591
REQUEST		/updateProposal?contributionId=12755-Helps us to edit the proposal contribution.	1674667055792	1674667056597	KO	status.find.is(200), but actually found 404
USER	Contribution API	END	1674667056609
USER	Contribution API	START	1674667056691
REQUEST		/updateProposal?contributionId=12755-Helps us to edit the proposal contribution.	1674667055891	1674667056707	KO	status.find.is(200), but actually found 404
USER	Contribution API	END	1674667056713
USER	Contribution API	START	1674667056791
USER	Contribution API	END	1674667056800
REQUEST		/updateProposal?contributionId=12755-Helps us to edit the proposal contribution.	1674667055992	1674667056808	KO	status.find.is(200), but actually found 404
USER	Contribution API	START	1674667056892
USER	Contribution API	END	1674667056896
REQUEST		/updateProposal?contributionId=12755-Helps us to edit the proposal contribution.	1674667056092	1674667056911	KO	status.find.is(200), but actually found 404
USER	Contribution API	START	1674667056991
REQUEST		/updateProposal?contributionId=12755-Helps us to edit the proposal contribution.	1674667056192	1674667057000	KO	status.find.is(200), but actually found 404
USER	Contribution API	END	1674667057018
USER	Contribution API	START	1674667057092
REQUEST		