RUN	Simulations.Runner.ContributionRunner	contributionrunner	1674667081583	 	3.5.1
USER	Contribution API	START	1674667082620
USER	Contribution API	START	1674667082709
USER	Contribution API	START	1674667082809
USER	Contribution API	START	1674667082909
USER	Contribution API	START	1674667083009
USER	Contribution API	START	1674667083110
USER	Contribution API	START	1674667083210
USER	Contribution API	START	1674667083310
USER	Contribution API	START	1674667083411
REQUEST		/updateProposal?contributionId=12755-Helps us to edit the proposal contribution.	1674667082647	1674667083462	KO	status.find.is(200), but actually found 404
USER	Contribution API	START	1674667083511
REQUEST		/updateProposal?contributionId=12755-Helps us to edit the proposal contribution.	1674667082710	1674667083528	KO	status.find.is(200), but actually found 404
USER	Contribution API	START	1674667083611
REQUEST		/updateProposal?contributionId=12755-Helps us to edit the proposal contribution.	1674667082810	1674667083619	KO	status.find.is(200), but actually found 404
USER	Contribution API	START	1674667083711
REQUEST		/updateProposal?contributionId=12755-Helps us to edit the proposal contribution.	1674667082910	1674667083718	KO	status.find.is(200), but actually found 404
USER	Contribution API	START	1674667083811
REQUEST		/updateProposal?contributionId=12755-Helps us to edit the proposal contribution.	1674667083010	1674667083824	KO	status.find.is(200), but actually found 404
USER	Contribution API	START	1674667083911
REQUEST		/updateProposal?contributionId=12755-Helps us to edit the proposal contribution.	1674667083111	1674667083919	KO	status.find.is(200), but actually found 404
USER	Contribution API	START	1674667084012
REQUEST		/updateProposal?contributionId=12755-Helps us to edit the proposal contribution.	1674667083211	1674667084030	KO	status.find.is(200), but actually found 404
USER	Contribution API	START	1674667084111
REQUEST		/updateProposal?contributionId=12755-Helps us to edit the proposal contribution.	1674667083311	1674667084126	KO	status.find.is(200), but actually found 404
USER	Contribution API	START	1674667084212
REQUEST		/updateProposal?contributionId=12755-Helps us to edit the proposal contribution.	1674667083411	1674667084215	KO	status.find.is(200), but actually found 404
USER	Contribution API	START	1674667084311
REQUEST		/updateProposal?contributionId=12755-Helps us to edit the proposal contribution.	1674667083512	1674667084325	KO	status.find.is(200), but actually found 404
USER	Contribution API	START	1674667084412
REQUEST		/updateProposal?contributionId=12755-Helps us to edit the proposal contribution.	1674667083612	1674667084448	KO	status.find.is(200), but actually found 404
USER	Contribution API	START	1674667084512
REQUEST		/updateProposal?contributionId=12755-Helps us to edit the proposal contribution.	1674667083712	1674667084524	KO	status.find.is(200), but actually found 404
USER	Contribution API	START	1674667084612
REQUEST		/updateProposal?contributionId=12755-Helps us to edit the proposal contribution.	1674667083812	1674667084634	KO	status.find.is(200), but actually found 404
USER	Contribution API	START	1674667084705
REQUEST		/updateProposal?contributionId=12755-Helps us to edit the proposal contribution.	1674667083912	1674667084721	KO	status.find.is(200), but actually found 404
USER	Contribution API	START	1674667084805
REQUEST		/updateProposal?contributionId=12755-Helps us to edit the proposal contribution.	1674667084013	1674667084818	KO	status.find.is(200), but actually found 404
USER	Contribution API	START	1674667084906
REQUEST		/updateProposal?contributionId=12755-Helps us to edit the proposal contribution.	1674667084112	1674667084920	KO	status.find.is(200), but actually found 404
USER	Contribution API	START	1674667085006
REQUEST		/updateProposal?contributionId=12755-Helps us to edit the proposal contribution.	1674667084212	1674667085027	KO	status.find.is(200), but actually found 404
USER	Contribution API	START	1674667085106
REQUEST		/updateProposal?contributionId=12755-Helps us to edit the proposal contribution.	1674667084312	1674667085120	KO	status.find.is(200), but actually found 404
USER	Contribution API	START	1674667085206
REQUEST		/updateProposal?contributionId=12755-Helps us to edit the proposal contribution.	1674667084412	1674667085216	KO	status.find.is(200), but actually found 404
USER	Contribution API	START	1674667085306
REQUEST		/updateProposal?contributionId=12755-Helps us to edit the proposal contribution.	1674667084513	1674667085313	KO	status.find.is(200), but actually found 404
USER	Contribution API	START	1674667085406
REQUEST		/updateProposal?contributionId=12755-Helps us to edit the proposal contribution.	1674667084613	1674667085453	KO	status.find.is(200), but actually found 404
REQUEST		/updateProposal?contributionId=12755-Helps us to edit the proposal contribution.	1674667084706	1674667085504	KO	status.find.is(200), but actually found 404
USER	Contribution API	START	1674667085506
USER	Contribution API	START	1674667085606
REQUEST		/updateProposal?contributionId=12755-Helps us to edit the proposal contribution.	1674667084806	1674667085631	KO	status.find.is(200), but actually found 404
USER	Contribution API	START	1674667085705
REQUEST		/updateProposal?contributionId=12755-Helps us to edit the proposal contribution.	1674667084907	1674667085714	KO	status.find.is(200), but actually found 404
USER	Contribution API	START	1674667085805
REQUEST		/updateProposal?contributionId=12755-Helps us to edit the proposal contribution.	1674667085006	1674667085835	KO	status.find.is(200), but actually found 404
REQUEST		/updateProposal?contributionId=12755-Helps us to edit the proposal contribution.	1674667085106	1674667085903	KO	status.find.is(200), but actually found 404
USER	Contribution API	START	1674667085905
USER	Contribution API	START	1674667086005
REQUEST		/updateProposal?contributionId=12755-Helps us to edit the proposal contribution.	1674667085206	1674667086033	KO	status.find.is(200), but actually found 404
USER	Contribution API	START	1674667086105
REQUEST		/updateProposal?contributionId=12755-Helps us to edit the proposal contribution.	1674667085306	1674667086123	KO	status.find.is(200), but actually found 404
USER	Contribution API	START	1674667086205
REQUEST		/updateProposal?contributionId=12755-Helps us to edit the proposal contribution.	1674667085406	1674667086217	KO	status.find.is(200), but actually found 404
REQUEST		/updateProposal?contributionId=12755-Helps us to edit the proposal contribution.	1674667085507	1674667086293	KO	status.find.is(200), but actually found 404
USER	Contribution API	START	1674667086305
REQUEST		/updateProposal?contributionId=12755-Helps us to edit the proposal contribution.	1674667085607	1674667086403	KO	status.find.is(200), but actually found 404
USER	Contribution API	START	1674667086405
USER	Contribution API	END	1674667086483
REQUEST		/updateProposal?contributionId=12755-Helps us to edit the proposal contribution.	1674667085705	1674667086497	KO	status.find.is(200), but actually found 404
USER	Contribution API	START	1674667086505
USER	Contribution API	END	1674667086530
USER	Contribution API	START	1674667086605
REQUEST		/updateProposal?contributionId=12755-Helps us to edit the proposal contribution.	1674667085806	1674667086607	KO	status.find.is(200), but actually found 404
USER	Contribution API	END	1674667086620
USER	Contribution API	START	1674667086704
REQUEST		/updateProposal?contributionId=12755-Helps us to edit the proposal contribution.	1674667085905	1674667086712	KO	status.find.is(200), but actually found 404
USER	Contribution API	END	1674667086720
USER	Contribution API	START	1674667086805
USER	Contribution API	END	1674667086826
REQUEST		/updateProposal?contributionId=12755-Helps us to edit the proposal contribution.	1674667086005	1674667086843	KO	status.find.is(200), but actually found 404
USER	Contribution API	START	1674667086905
REQUEST		/updateProposal?contributionId=12755-Helps us to edit the proposal contribution.	1674667086106	1674667086909	KO	status.find.is(200), but actually found 404
USER	Contribution API	END	1674667086920
REQUEST		/updateProposal?contributionId=12755-Helps us to edit the proposal contribution.	1674667086206	1674667086996	KO	status.find.is(200), but actually found 404
USER	Contribution API	START	1674667087005
USER	Contribution API	END	1674667087032
USER	Contribution API	START	1674667087105
REQUEST		/updateProposal?contributionId=12755-Helps us to edit the proposal contribution.	1674667086306	1674667087109	KO	status.find.is(200), but actually found 404
USER	Contribution API	END	1674667087128
USER	Contribution API	START	1674667087205
USER	Contribution API	END	1674667087216
REQUEST		/updateProposal?contributionId=12755-Helps us to edit the proposal contribution.	1674667086406	1674667087224	KO	status.find.is(200), but actually found 404
USER	Contribution API	START	1674667087306
REQUEST		/updateProposal?contributionId=12755-Helps us to edit the proposal contribution.	1674667086506	1674667087310	KO	status.find.is(200), but actually found 404
USER	Contribution API	END	1674667087327
USER	Contribution API	START	1674667087405
REQUEST		/updateProposal?contributionId=12755-Helps us to edit the proposal contribution.	1674667086606	1674667087412	KO	status.find.is(200), but actually found 404
USER	Contribution API	END	1674667087449
USER	Contribution API	START	1674667087505
REQUEST		/updateProposal?contributionId=12755-Helps us to edit the proposal contribution.	1674667086705	1674667087515	KO	status.find.is(200), but actually found 404
USER	Contribution API	END	1674667087526
USER	Contribution API	START	1674667087606
REQUEST		/updateProposal?contributionId=12755-Helps us to edit the proposal contribution.	1674667086805	1674667087611	KO	status.find.is(200), but actually found 404
USER	Contribution API	END	1674667087635
USER	Contribution API	START	1674667087704
USER	Contribution API	END	1674667087723
REQUEST		/updateProposal?contributionId=12755-Helps us to edit the proposal contribution.	1674667086905	1674667087733	KO	status.find.is(200), but actually found 404
USER	Contribution API	START	1674667087805
USER	Contribution API	END	1674667087819
REQUEST		/updateProposal?contributionId=12755-Helps us to edit the proposal contribution.	1674667087006	1674667087822	KO	status.find.is(200), but actually found 404
USER	Contribution API	START	1674667087905
REQUEST		/updateProposal?contributionId=12755-Helps us to edit the proposal contribution.	1674667087106	1674667087916	KO	status.find.is(200), but actually found 404
USER	Contribution API	END	1674667087921
USER	Contribution API	START	1674667088005
REQUEST		/updateProposal?contributionId=12755-Helps us to edit the proposal contribution.	1674667087206	1674667088013	KO	status.find.is(200), but actually found 404
USER	Contribution API	END	1674667088029
REQUEST		/updateProposal?contributionId=12755-Helps us to edit the proposal contribution.	1674667087306	1674667088097	KO	status.find.is(200), but actually found 404
USER	Contribution API	START	1674667088105
USER	Contribution API	END	1674667088121
USER	Contribution API	START	1674667088205
USER	Contribution API	END	1674667088217
REQUEST		/updateProposal?contributionId=12755-Helps us to edit the proposal contribution.	1674667087406	1674667088225	KO	status.find.is(200), but actually found 404
USER	Contribution API	START	1674667088305
REQUEST		/updateProposal?contributionId=12755-Helps us to edit the proposal contribution.	1674667087506	1674667088309	KO	status.find.is(200), but actually found 404
USER	Contribution API	END	1674667088314
USER	Contribution API	START	1674667088405
REQUEST		/updateProposal?contributionId=12755-Helps us to edit the proposal contribution.	1674667087607	1674667088444	KO	status.find.is(200), but actually found 404
USER	Contribution API	END	1674667088454
REQUEST		/updateProposal?contributionId=12755-Helps us to edit the proposal contribution.	1674667087705	1674667088497	KO	status.find.is(200), but actually found 404
USER	Contribution API	END	1674667088506
USER	Contribution API	START	1674667088505
USER	Contribution API	START	1674667088605
REQUEST		/updateProposal?contributionId=12755-Helps us to edit the proposal contribution.	1674667087805	1674667088613	KO	status.find.is(200), but actually found 404
USER	Contribution API	END	1674667088632
USER	Contribution API	START	1674667088705
USER	Contribution API	END	1674667088716
REQUEST		/updateProposal?contributionId=12755-Helps us to edit the proposal contribution.	1674667087905	1674667088734	KO	status.find.is(200), but actually found 404
USER	Contribution API	START	1674667088805
REQUEST		/updateProposal?contributionId=12755-Helps us to edit the proposal contribution.	1674667088005	1674667088819	KO	status.find.is(200), but actually found 404
USER	Contribution API	END	1674667088836
USER	Contribution API	END	1674667088905
USER	Contribution API	START	1674667088905
REQUEST		/updateProposal?contributionId=12755-Helps us to edit the proposal contribution.	1674667088105	1674667088907	KO	status.find.is(200), but actually found 404
USER	Contribution API	START	1674667089005
REQUEST		/updateProposal?contributionId=12755-Helps us to edit the proposal contribution.	1674667088206	1674667089013	KO	status.find.is(200), but actually found 404
USER	Contribution API	END	1674667089034
USER	Contribution API	START	1674667089105
REQUEST		/updateProposal?contributionId=12755-Helps us to edit the proposal contribution.	1674667088306	1674667089111	KO	status.find.is(200), but actually found 404
USER	Contribution API	END	1674667089125
USER	Contribution API	START	1674667089205
REQUEST		/updateProposal?contributionId=12755-Helps us to edit the proposal contribution.	1674667088406	1674667089211	KO	status.find.is(200), but actually found 404
USER	Contribution API	END	1674667089218
USER	Contribution API	END	1674667089295
USER	Contribution API	START	1674667089305
REQUEST		/updateProposal?contributionId=12755-Helps us to edit the proposal contribution.	1674667088506	1674667089314	KO	status.find.is(200), but actually found 404
USER	Contribution API	END	1674667089404
USER	Contribution API	START	1674667089405
REQUEST		/updateProposal?contributionId=12755-Helps us to edit the proposal contribution.	1674667088606	1674667089429	KO	status.find.is(200), but actually found 404
USER	Contribution API	END	1674667089498
USER	Contribution API	START	1674667089505
REQUEST		/updateProposal?contributionId=12755-Helps us to edit the proposal contribution.	1674667088705	1674667089507	KO	status.find.is(200), but actually found 404
REQUEST		/updateProposal?contributionId=12755-Helps us to edit the proposal contribution.	1674667088805	1674667089600	KO	status.find.is(200), but actually found 404
USER	Contribution API	START	1674667089605
USER	Contribution API	END	1674667089608
REQUEST		/updateProposal?contributionId=12755-Helps us to edit the proposal contribution.	1674667088905	1674667089704	KO	status.find.is(200), but actually found 404
USER	Contribution API	START	1674667089705
USER	Contribution API	END	1674667089714
USER	Contribution API	START	1674667089805
REQUEST		/updateProposal?contributionId=12755-Helps us to edit the proposal contribution.	1674667089005	1674667089812	KO	status.find.is(200), but actually found 404
USER	Contribution API	END	1674667089845
USER	Contribution API	START	1674667089905
USER	Contribution API	END	1674667089912
REQUEST		/updateProposal?contributionId=12755-Helps us to edit the proposal contribution.	1674667089106	1674667089921	KO	status.find.is(200), but actually found 404
REQUEST		/updateProposal?contributionId=12755-Helps us to edit the proposal contribution.	1674667089205	1674667089995	KO	status.find.is(200), but actually found 404
USER	Contribution API	END	1674667089997
USER	Contribution API	START	1674667090006
USER	Contribution API	START	1674667090105
USER	Contribution API	END	1674667090111
REQUEST		/updateProposal?contributionId=12755-Helps us to edit the proposal contribution.	1674667089306	1674667090119	KO	status.find.is(200), but actually found 404
USER	Contribution API	START	1674667090205
REQUEST		/updateProposal?contributionId=12755-Helps us to edit the proposal contribution.	1674667089406	1674667090221	KO	status.find.is(200), but actually found 404
USER	Contribution API	END	1674667090225
REQUEST		/updateProposal?contributionId=12755-Helps us to edit the proposal contribution.	1674667089506	1674667090306	KO	status.find.is(200), but actually found 404
USER	Contribution API	START	1674667090306
USER	Contribution API	END	1674667090312
USER	Contribution API	START	1674667090405
USER	Contribution API	END	1674667090413
REQUEST		/updateProposal?contributionId=12755-Helps us to edit the proposal contribution.	1674667089606	1674667090445	KO	status.find.is(200), but actually found 404
USER	Contribution API	START	1674667090505
REQUEST		/updateProposal?contributionId=12755-Helps us to edit the proposal contribution.	1674667089706	1674667090514	KO	status.find.is(200), but actually found 404
USER	Contribution API	END	1674667090516
USER	Contribution API	START	1674667090606
REQUEST		/updateProposal?contributionId=12755-Helps us to edit the proposal contribution.	1674667089806	1674667090611	KO	status.find.is(200), but actually found 404
USER	Contribution API	END	1674667090613
USER	Contribution API	START	1674667090704
REQUEST		/updateProposal?contributionId=12755-Helps us to edit the proposal contribution.	1674667089906	1674667090717	KO	status.find.is(200), but actually found 404
USER	Contribution API	END	1674667090734
USER	Contribution API	START	1674667090804
REQUEST		/updateProposal?contributionId=12755-Helps us to edit the proposal contribution.	1674667090006	1674667090812	KO	status.find.is(200), but actually found 404
USER	Contribution API	END	1674667090824
USER	Contribution API	START	1674667090904
REQUEST		/updateProposal?contributionId=12755-Helps us to edit the proposal contribution.	1674667090106	1674667090912	KO	status.find.is(200), but actually found 404
USER	Contribution API	END	1674667090917
USER	Contribution API	START	1674667091004
REQUEST		/updateProposal?contributionId=12755-Helps us to edit the proposal contribution.	1674667090206	1674667091011	KO	status.find.is(200), but actually found 404
USER	Contribution API	END	1674667091014
USER	Contribution API	END	1674667091098
USER	Contribution API	START	1674667091104
REQUEST		/updateProposal?contributionId=12755-Helps us to edit the proposal contribution.	1674667090306	1674667091117	KO	status.find.is(200), but actually found 404
USER	Contribution API	START	1674667091204
USER	Contribution API	END	1674667091228
REQUEST		/updateProposal?contributionId=12755-Helps us to edit the proposal contribution.	1674667090406	1674667091237	KO	status.find.is(200), but actually found 404
USER	Contribution API	START	1674667091305
USER	Contribution API	END	1674667091311
REQUEST		/updateProposal?contributionId=12755-Helps us to edit the proposal contribution.	1674667090506	1674667091329	KO	status.find.is(200), but actually found 404
USER	Contribution API	START	1674667091404
USER	Contribution API	END	1674667091445
REQUEST		/updateProposal?contributionId=12755-Helps us to edit the proposal contribution.	1674667090606	1674667091448	KO	status.find.is(200), but actually found 404
USER	Contribution API	END	1674667091499
USER	Contribution API	START	1674667091505
REQUEST		/updateProposal?contributionId=12755-Helps us to edit the proposal contribution.	1674667090704	1674667091557	KO	status.find.is(200), but actually found 404
USER	Contribution API	START	1674667091605
USER	Contribution API	END	1674667091614
REQUEST		/updateProposal?contributionId=12755-Helps us to edit the proposal contribution.	1674667090805	1674667091650	KO	status.find.is(200), but actually found 404
USER	Contribution API	START	1674667091705
REQUEST		/updateProposal?contributionId=12755-Helps us to edit the proposal contribution.	1674667090905	1674667091724	KO	status.find.is(200), but actually found 404
USER	Contribution API	END	1674667091736
USER	Contribution API	START	1674667091805
REQUEST		/updateProposal?contributionId=12755-Helps us to edit the proposal contribution.	1674667091005	1674667091809	KO	status.find.is(200), but actually found 404
USER	Contribution API	END	1674667091820
USER	Contribution API	START	1674667091905
USER	Contribution API	END	1674667091909
REQUEST		/updateProposal?contributionId=12755-Helps us to edit the proposal contribution.	1674667091105	1674667091945	KO	status.find.is(200), but actually found 404
USER	Contribution API	START	1674667092005
USER	Contribution API	END	1674667092014
REQUEST		/updateProposal?contributionId=12755-Helps us to edit the proposal contribution.	1674667091206	1674667092029	KO	status.find.is(200), but actually found 404
USER	Contribution API	START	1674667092106
USER	Contribution API	END	1674667092112
REQUEST		/updateProposal?contributionId=12755-Helps us to edit the proposal contribution.	1674667091305	1674667092132	KO	status.find.is(200), but actually found 404
USER	Contribution API	START	1674667092205
USER	Contribution API	END	1674667092212
REQUEST		/updateProposal?contributionId=12755-Helps us to edit the proposal contribution.	1674667091405	1674667092236	KO	status.find.is(200), but actually found 404
USER	Contribution API	START	1674667092305
USER	Contribution API	END	1674667092315
REQUEST		/updateProposal?contributionId=12755-Helps us to edit the proposal contribution.	1674667091505	1674667092319	KO	status.find.is(200), but actually found 404
USER	Contribution API	START	1674667092405
USER	Contribution API	END	1674667092430
REQUEST		/updateProposal?contributionId=12755-Helps us to edit the proposal contribution.	1674667091605	1674667092432	KO	status.find.is(200), but actually found 404
USER	Contribution API	START	1674667092505
USER	Contribution API	END	1674667092508
REQUEST		/updateProposal?contributionId=12755-Helps us to edit the proposal contribution.	1674667091705	1674667092523	KO	status.find.is(200), but actually found 404
USER	Contribution API	END	1674667092602
USER	Contribution API	START	1674667092605
REQUEST		/updateProposal?contributionId=12755-Helps us to edit the proposal contribution.	1674667091806	1674667092622	KO	status.find.is(200), but actually found 404
USER	Contribution API	END	1674667092705
USER	Contribution API	START	1674667092705
REQUEST		/updateProposal?contributionId=12755-Helps us to edit the proposal contribution.	1674667091905	1674667092728	KO	status.find.is(200), but actually found 404
REQUEST		/updateProposal?contributionId=12755-Helps us to edit the proposal contribution.	1674667092005	1674667092798	KO	status.find.is(200), but actually found 404
USER	Contribution API	START	1674667092805
USER	Contribution API	END	1674667092813
USER	Contribution API	START	1674667092905
USER	Contribution API	END	1674667092922
REQUEST		/updateProposal?contributionId=12755-Helps us to edit the proposal contribution.	1674667092106	1674667092926	KO	status.find.is(200), but actually found 404
USER	Contribution API	END	1674667092996
USER	Contribution API	START	1674667093005
REQUEST		/updateProposal?contributionId=12755-Helps us to edit the proposal contribution.	1674667092205	1674667093013	KO	status.find.is(200), but actually found 404
USER	Contribution API	START	1674667093105
REQUEST		/updateProposal?contributionId=12755-Helps us to edit the proposal contribution.	1674667092305	1674667093120	KO	status.find.is(200), but actually found 404
USER	Contribution API	END	1674667093120
USER	Contribution API	START	1674667093205
REQUEST		/updateProposal?contributionId=12755-Helps us to edit the proposal contribution.	1674667092406	1674667093211	KO	status.find.is(200), but actually found 404
USER	Contribution API	END	1674667093223
USER	Contribution API	START	1674667093305
USER	Contribution API	END	1674667093307
REQUEST		/updateProposal?contributionId=12755-Helps us to edit the proposal contribution.	1674667092505	1674667093327	KO	status.find.is(200), but actually found 404
USER	Contribution API	START	1674667093405
REQUEST		/updateProposal?contributionId=12755-Helps us to edit the proposal contribution.	1674667092605	1674667093427	KO	status.find.is(200), but actually found 404
USER	Contribution API	END	1674667093446
USER	Contribution API	START	1674667093505
USER	Contribution API	END	1674667093516
REQUEST		/updateProposal?contributionId=12755-Helps us to edit the proposal contribution.	1674667092705	1674667093533	KO	status.find.is(200), but actually found 404
USER	Contribution API	START	1674667093605
USER	Contribution API	END	1674667093613
REQUEST		/updateProposal?contributionId=12755-Helps us to edit the proposal contribution.	1674667092805	1674667093623	KO	status.find.is(200), but actually found 404
USER	Contribution API	START	1674667093704
USER	Contribution API	END	1674667093718
REQUEST		/updateProposal?contributionId=12755-Helps us to edit the proposal contribution.	1674667092905	1674667093720	KO	status.find.is(200), but actually found 404
USER	Contribution API	START	1674667093804
USER	Contribution API	END	1674667093813
REQUEST		/updateProposal?contributionId=12755-Helps us to edit the proposal contribution.	1674667093005	1674667093837	KO	status.find.is(200), but actually found 404
USER	Contribution API	START	1674667093904
USER	Contribution API	END	1674667093913
REQUEST		/updateProposal?contributionId=12755-Helps us to edit the proposal contribution.	1674667093105	1674667093917	KO	status.find.is(200), but actually found 404
USER	Contribution API	START	1674667094004
USER	Contribution API	END	1674667094013
REQUEST		/updateProposal?contributionId=12755-Helps us to edit the proposal contribution.	1674667093205	1674667094025	KO	status.find.is(200), but actually found 404
USER	Contribution API	START	1674667094104
USER	Contribution API	END	1674667094118
REQUEST		/updateProposal?contributionId=12755-Helps us to edit the proposal contribution.	1674667093305	1674667094138	KO	status.find.is(200), but actually found 404
USER	Contribution API	START	1674667094204
USER	Contribution API	END	1674667094238
USER	Contribution API	START	1674667094304
REQUEST		/updateProposal?contributionId=12755-Helps us to edit the proposal contribution.	1674667093405	1674667094315	KO	status.find.is(200), but actually found 404
REQUEST		/updateProposal?contributionId=12755-Helps us to edit the proposal contribution.	1674667093505	1674667094317	KO	status.find.is(200), but actually found 404
USER	Contribution API	END	1674667094331
USER	Contribution API	START	1674667094405
REQUEST		/updateProposal?contributionId=12755-Helps us to edit the proposal contribution.	1674667093606	1674667094430	KO	status.find.is(200), but actually found 404
USER	Contribution API	END	1674667094449
USER	Contribution API	START	1674667094504
REQUEST		/updateProposal?contributionId=12755-Helps us to edit the proposal contribution.	1674667093704	1674667094523	KO	status.find.is(200), but actually found 404
USER	Contribution API	END	1674667094558
USER	Contribution API	START	1674667094604
REQUEST		/updateProposal?contributionId=12755-Helps us to edit the proposal contribution.	1674667093805	1674667094628	KO	status.find.is(200), but actually found 404
USER	Contribution API	END	1674667094651
USER	Contribution API	START	1674667094705
REQUEST		/updateProposal?contributionId=12755-Helps us to edit the proposal contribution.	1674667093905	1674667094720	KO	status.find.is(200), but actually found 404
USER	Contribution API	END	1674667094726
USER	Contribution API	START	1674667094805
USER	Contribution API	END	1674667094812
REQUEST		/updateProposal?contributionId=12755-Helps us to edit the proposal contribution.	1674667094005	1674667094851	KO	status.find.is(200), but actually found 404
USER	Contribution API	START	1674667094905
REQUEST		/updateProposal?contributionId=12755-Helps us to edit the proposal contribution.	1674667094105	1674667094945	KO	status.find.is(200), but actually found 404
USER	Contribution API	END	1674667094946
USER	Contribution API	START	1674667095005
USER	Contribution API	END	1674667095031
REQUEST		/updateProposal?contributionId=12755-Helps us to edit the proposal contribution.	1674667094205	1674667095064	KO	status.find.is(200), but actually found 404
USER	Contribution API	START	1674667095105
USER	Contribution API	END	1674667095133
REQUEST		/updateProposal?contributionId=12755-Helps us to edit the proposal contribution.	1674667094305	1674667095137	KO	status.find.is(200), but actually found 404
USER	Contribution API	START	1674667095205
USER	Contribution API	END	1674667095237
REQUEST		/updateProposal?contributionId=12755-Helps us to edit the proposal contribution.	1674667094405	1674667095246	KO	status.find.is(200), but actually found 404
USER	Contribution API	START	1674667095305
USER	Contribution API	END	1674667095320
REQUEST		/updateProposal?contributionId=12755-Helps us to edit the proposal contribution.	1674667094505	1674667095360	KO	status.find.is(200), but actually found 404
USER	Contribution API	START	1674667095405
REQUEST		/updateProposal?contributionId=12755-Helps us to edit the proposal contribution.	1674667094605	1674667095423	KO	status.find.is(200), but actually found 404
USER	Contribution API	END	1674667095433
USER	Contribution API	START	1674667095505
USER	Contribution API	END	1674667095523
REQUEST		/updateProposal?contributionId=12755-Helps us to edit the proposal contribution.	1674667094705	1674667095596	KO	status.find.is(200), but actually found 404
USER	Contribution API	START	1674667095605
REQUEST		/updateProposal?contributionId=12755-Helps us to edit the proposal contribution.	1674667094805	1674667095619	KO	status.find.is(200), but actually found 404
USER	Contribution API	END	1674667095623
USER	Contribution API	START	1674667095705
REQUEST		/updateProposal?contributionId=12755-Helps us to edit the proposal contribution.	1674667094905	1674667095720	KO	status.find.is(200), but actually found 404
USER	Contribution API	END	1674667095729
USER	Contribution API	END	1674667095799
USER	Contribution API	START	1674667095805
REQUEST		/updateProposal?contributionId=12755-Helps us to edit the proposal contribution.	1674667095006	1674667095831	KO	status.find.is(200), but actually found 404
USER	Contribution API	START	1674667095905
USER	Contribution API	END	1674667095929
REQUEST		/updateProposal?contributionId=12755-Helps us to edit the proposal contribution.	1674667095106	1674667095940	KO	status.find.is(200), but actually found 404
USER	Contribution API	START	1674667096005
USER	Contribution API	END	1674667096015
REQUEST		/updateProposal?contributionId=12755-Helps us to edit the proposal contribution.	1674667095206	1674667096039	KO	status.find.is(200), but actually found 404
USER	Contribution API	START	1674667096105
USER	Contribution API	END	1674667096121
REQUEST		/updateProposal?contributionId=12755-Helps us to edit the proposal contribution.	1674667095306	1674667096144	KO	status.find.is(200), but actually found 404
USER	Contribution API	START	1674667096205
USER	Contribution API	END	1674667096212
USER	Contribution API	START	1674667096305
USER	Contribution API	END	1674667096329
USER	Contribution API	START	1674667096405
USER	Contribution API	END	1674667096429
REQUEST		/updateProposal?contributionId=12755-Helps us to edit the proposal contribution.	1674667095406	1674667096432	KO	status.find.is(200), but actually found 404
REQUEST		/updateProposal?contributionId=12755-Helps us to edit the proposal contribution.	1674667095506	1674667096442	KO	status.find.is(200), but actually found 404
REQUEST		/updateProposal?contributionId=12755-Helps us to edit the proposal contribution.	1674667095606	1674667096461	KO	status.find.is(200), but actually found 404
USER	Contribution API	START	1674667096505
REQUEST		/updateProposal?contributionId=12755-Helps us to edit the proposal contribution.	1674667095705	1674667096520	KO	status.find.is(200), but actually found 404
USER	Contribution API	END	1674667096533
USER	Contribution API	START	1674667096606
USER	Contribution API	END	1674667096624
REQUEST		/updateProposal?contributionId=12755-Helps us to edit the proposal contribution.	1674667095805	1674667096627	KO	status.find.is(200), but actually found 404
USER	Contribution API	START	1674667096704
USER	Contribution API	END	1674667096721
REQUEST		/updateProposal?contributionId=12755-Helps us to edit the proposal contribution.	1674667095905	1674667096740	KO	status.find.is(200), but actually found 404
USER	Contribution API	START	1674667096804
REQUEST		/updateProposal?contributionId=12755-Helps us to edit the proposal contribution.	1674667096006	1674667096811	KO	status.find.is(200), but actually found 404
USER	Contribution API	END	1674667096838
USER	Contribution API	START	1674667096904
USER	Contribution API	END	1674667096918
REQUEST		/updateProposal?contributionId=12755-Helps us to edit the proposal contribution.	1674667096105	1674667096935	KO	status.find.is(200), but actually found 404
USER	Contribution API	START	1674667097005
USER	Contribution API	END	1674667097027
REQUEST		/updateProposal?contributionId=12755-Helps us to edit the proposal contribution.	1674667096205	1674667097039	KO	status.find.is(200), but actually found 404
USER	Contribution API	START	1674667097105
REQUEST		/updateProposal?contributionId=12755-Helps us to edit the proposal contribution.	1674667096305	1674667097106	KO	status.find.is(200), but actually found 404
USER	Contribution API	END	1674667097139
USER	Contribution API	START	1674667097205
REQUEST		/updateProposal?contributionId=12755-Helps us to edit the proposal contribution.	1674667096405	1674667097209	KO	status.find.is(200), but actually found 404
USER	Contribution API	START	1674667097305
REQUEST		/updateProposal?contributionId=12755-Helps us to edit the proposal contribution.	1674667096505	1674667097313	KO	status.find.is(200), but actually found 404
USER	Contribution API	END	1674667097316
USER	Contribution API	END	1674667097318
REQUEST		/updateProposal?contributionId=12755-Helps us to edit the proposal contribution.	1674667096606	1674667097402	KO	status.find.is(200), but actually found 404
USER	Contribution API	START	1674667097404
USER	Contribution API	END	1674667097431
REQUEST		/updateProposal?contributionId=12755-Helps us to edit the proposal contribution.	1674667096705	1674667097506	KO	status.find.is(200), but actually found 404
USER	Contribution API	START	1674667097505
USER	Contribution API	END	1674667097525
USER	Contribution API	START	1674667097605
REQUEST		/updateProposal?contributionId=12755-Helps us to edit the proposal contribution.	1674667096805	1674667097614	KO	status.find.is(200), but actually found 404
USER	Contribution API	END	1674667097629
USER	Contribution API	START	1674667097704
REQUEST		/updateProposal?contributionId=12755-Helps us to edit the proposal contribution.	1674667096905	1674667097721	KO	status.find.is(200), but actually found 404
USER	Contribution API	END	1674667097721
USER	Contribution API	START	1674667097805
REQUEST		/updateProposal?contributionId=12755-Helps us to edit the proposal contribution.	1674667097005	1674667097811	KO	status.find.is(200), but actually found 404
USER	Contribution API	END	1674667097852
USER	Contribution API	START	1674667097904
REQUEST		/updateProposal?contributionId=12755-Helps us to edit the proposal contribution.	1674667097105	1674667097909	KO	status.find.is(200), but actually found 404
USER	Contribution API	END	1674667097946
USER	Contribution API	START	1674667098005
REQUEST		/updateProposal?contributionId=12755-Helps us to edit the proposal contribution.	1674667097205	1674667098037	KO	status.find.is(200), but actually found 404
USER	Contribution API	END	1674667098065
REQUEST		/updateProposal?contributionId=12755-Helps us to edit the proposal contribution.	1674667097305	1674667098102	KO	status.find.is(200), but actually found 404
USER	Contribution API	START	1674667098105
USER	Contribution API	END	1674667098138
USER	Contribution API	START	1674667098205
REQUEST		/updateProposal?contributionId=12755-Helps us to edit the proposal contribution.	1674667097405	1674667098225	KO	status.find.is(200), but actually found 404
USER	Contribution API	END	1674667098247
USER	Contribution API	START	1674667098305
REQUEST		/updateProposal?contributionId=12755-Helps us to edit the proposal contribution.	1674667097506	1674667098344	KO	status.find.is(200), but actually found 404
USER	Contribution API	END	1674667098361
USER	Contribution API	START	1674667098405
REQUEST		/updateProposal?contributionId=12755-Helps us to edit the proposal contribution.	1674667097605	1674667098408	KO	status.find.is(200), but actually found 404
USER	Contribution API	END	1674667098424
USER	Contribution API	START	1674667098505
REQUEST		/updateProposal?contributionId=12755-Helps us to edit the proposal contribution.	1674667097705	1674667098513	KO	status.find.is(200), but actually found 404
USER	Contribution API	END	1674667098597
REQUEST		/updateProposal?contributionId=12755-Helps us to edit the proposal contribution.	1674667097805	1674667098598	KO	status.find.is(200), but actually found 404
USER	Contribution API	START	1674667098605
USER	Contribution API	END	1674667098620
REQUEST		/updateProposal?contributionId=12755-Helps us to edit the proposal contribution.	1674667097905	1674667098699	KO	status.find.is(200), but actually found 404
USER	Contribution API	START	1674667098705
USER	Contribution API	END	1674667098721
USER	Contribution API	START	1674667098805
REQUEST		/updateProposal?contributionId=12755-Helps us to edit the proposal contribution.	1674667098005	1674667098811	KO	status.find.is(200), but actually found 404
USER	Contribution API	END	1674667098832
USER	Contribution API	START	1674667098905
REQUEST		/updateProposal?contributionId=12755-Helps us to edit the proposal contribution.	1674667098105	1674667098909	KO	status.find.is(200), but actually found 404
USER	Contribution API	END	1674667098941
USER	Contribution API	START	1674667099005
REQUEST		/updateProposal?contributionId=12755-Helps us to edit the proposal contribution.	1674667098205	1674667099012	KO	status.find.is(200), but actually found 404
USER	Contribution API	END	1674667099040
REQUEST		/updateProposal?contributionId=12755-Helps us to edit the proposal contribution.	1674667098305	1674667099100	KO	status.find.is(200), but actually found 404
USER	Contribution API	START	1674667099105
USER	Contribution API	END	1674667099146
REQUEST		/updateProposal?contributionId=12755-Helps us to edit the proposal contribution.	1674667098405	1674667099197	KO	status.find.is(200), but actually found 404
USER	Contribution API	START	1674667099205
USER	Contribution API	START	1674667099305
REQUEST		/updateProposal?contributionId=12755-Helps us to edit the proposal contribution.	1674667098505	1674667099313	KO	status.find.is(200), but actually found 404
USER	Contribution API	START	1674667099405
REQUEST		/updateProposal?contributionId=12755-Helps us to edit the proposal contribution.	1674667098605	1674667099413	KO	status.find.is(200), but actually found 404
USER	Contribution API	END	1674667099432
USER	Contribution API	END	1674667099443
USER	Contribution API	END	1674667099462
REQUEST		/updateProposal?contributionId=12755-Helps us to edit the proposal contribution.	1674667098705	1674667099494	KO	status.find.is(200), but actually found 404
USER	Contribution API	START	1674667099505
USER	Contribution API	END	1674667099520
USER	Contribution API	START	1674667099605
REQUEST		/updateProposal?contributionId=12755-Helps us to edit the proposal contribution.	1674667098805	1674667099606	KO	status.find.is(200), but actually found 404
USER	Contribution API	END	1674667099629
REQUEST		/updateProposal?contributionId=12755-Helps us to edit the proposal contribution.	1674667098905	1674667099699	KO	status.find.is(200), but actually found 404
USER	Contribution API	START	1674667099704
USER	Contribution API	END	1674667099741
USER	Contribution API	START	1674667099804
USER	Contribution API	END	1674667099813
REQUEST		