RUN	Simulations.Runner.Go1percent	go1percent	1674759971606	 	3.5.1
USER	Contribution API	START	1674759972919
USER	Contribution API	START	1674759973007
USER	Contribution API	START	1674759973108
USER	Contribution API	START	1674759973208
USER	Contribution API	START	1674759973309
USER	Contribution API	START	1674759973409
USER	Contribution API	START	1674759973509
USER	Contribution API	START	1674759973609
USER	Contribution API	START	1674759973710
USER	Contribution API	START	1674759973810
USER	Contribution API	START	1674759973910
USER	Contribution API	START	1674759974010
USER	Contribution API	START	1674759974110
USER	Contribution API	START	1674759974211
USER	Contribution API	START	1674759974311
USER	Contribution API	START	1674759974411
USER	Contribution API	START	1674759974511
USER	Contribution API	START	1674759974611
USER	Contribution API	START	1674759974711
USER	Contribution API	START	1674759974811
USER	Contribution API	START	1674759974912
USER	Contribution API	START	1674759975005
REQUEST		/Contribution/getknolderContribution-Fetch all the other contributions by the user	1674759973109	1674759975082	OK	 
REQUEST		/Contribution/getknolderContribution-Fetch all the other contributions by the user	1674759973310	1674759975082	OK	 
REQUEST		/Contribution/getknolderContribution-Fetch all the other contributions by the user	1674759973410	1674759975082	OK	 
REQUEST		/Contribution/getknolderContribution-Fetch all the other contributions by the user	1674759972939	1674759975082	OK	 
REQUEST		/Contribution/getknolderContribution-Fetch all the other contributions by the user	1674759973510	1674759975085	OK	 
REQUEST		/Contribution/getknolderContribution-Fetch all the other contributions by the user	1674759973610	1674759975082	OK	 
REQUEST		/Contribution/getknolderContribution-Fetch all the other contributions by the user	1674759973008	1674759975091	OK	 
REQUEST		/Contribution/getknolderContribution-Fetch all the other contributions by the user	1674759973209	1674759975082	OK	 
USER	Contribution API	START	1674759975105
REQUEST		/Contribution/getknolderContribution-Fetch all the other contributions by the user	1674759973710	1674759975201	OK	 
REQUEST		/Contribution/getknolderContribution-Fetch all the other contributions by the user	1674759973811	1674759975204	OK	 
USER	Contribution API	START	1674759975205
REQUEST		/Contribution/getknolderContribution-Fetch all the other contributions by the user	1674759973911	1674759975292	OK	 
REQUEST		/Contribution/getknolderContribution-Fetch all the other contributions by the user	1674759974111	1674759975299	OK	 
REQUEST		/Contribution/getknolderContribution-Fetch all the other contributions by the user	1674759974211	1674759975304	OK	 
REQUEST		/Contribution/getknolderContribution-Fetch all the other contributions by the user	1674759974312	1674759975304	OK	 
USER	Contribution API	START	1674759975305
REQUEST		/Contribution/getknolderContribution-Fetch all the other contributions by the user	1674759974011	1674759975315	OK	 
REQUEST		/Contribution/getknolderContribution-Fetch all the other contributions by the user	1674759974411	1674759975341	OK	 
REQUEST		/Contribution/getknolderContribution-Fetch all the other contributions by the user	1674759974512	1674759975389	OK	 
USER	Contribution API	START	1674759975405
REQUEST		/Contribution/getknolderContribution-Fetch all the other contributions by the user	1674759974612	1674759975491	OK	 
USER	Contribution API	START	1674759975506
REQUEST		/Contribution/getknolderContribution-Fetch all the other contributions by the user	1674759974712	1674759975576	OK	 
USER	Contribution API	START	1674759975606
REQUEST		/Contribution/getknolderContribution-Fetch all the other contributions by the user	1674759974812	1674759975689	OK	 
USER	Contribution API	START	1674759975706
REQUEST		/Contribution/getknolderContribution-Fetch all the other contributions by the user	1674759974912	1674759975790	OK	 
USER	Contribution API	START	1674759975806
REQUEST		/Contribution/getknolderContribution-Fetch all the other contributions by the user	1674759975006	1674759975896	OK	 
USER	Contribution API	START	1674759975906
REQUEST		/Contribution/getknolderContribution-Fetch all the other contributions by the user	1674759975105	1674759975978	OK	 
USER	Contribution API	START	1674759976005
REQUEST		/Contribution/getknolderContribution-Fetch all the other contributions by the user	1674759975205	1674759976094	OK	 
USER	Contribution API	START	1674759976105
REQUEST		/Contribution/getknolderContribution-Fetch all the other contributions by the user	1674759975306	1674759976163	OK	 
USER	Contribution API	START	1674759976205
REQUEST		/Contribution/getknolderContribution-Fetch all the other contributions by the user	1674759975405	1674759976269	OK	 
USER	Contribution API	START	1674759976305
REQUEST		/Contribution/getknolderContribution-Fetch all the other contributions by the user	1674759975506	1674759976354	OK	 
USER	Contribution API	START	1674759976405
REQUEST		/Contribution/getknolderContribution-Fetch all the other contributions by the user	1674759975606	1674759976465	OK	 
USER	Contribution API	START	1674759976505
REQUEST		/Contribution/getknolderContribution-Fetch all the other contributions by the user	1674759975706	1674759976568	OK	 
USER	Contribution API	START	1674759976605
REQUEST		/Contribution/getknolderContribution-Fetch all the other contributions by the user	1674759975807	1674759976677	OK	 
USER	Contribution API	START	1674759976706
REQUEST		/Contribution/getknolderContribution-Fetch all the other contributions by the user	1674759975907	1674759976756	OK	 
USER	Contribution API	START	1674759976806
REQUEST		/Contribution/getknolderContribution-Fetch all the other contributions by the user	1674759976006	1674759976870	OK	 
USER	Contribution API	START	1674759976906
REQUEST		/Contribution/getknolderContribution-Fetch all the other contributions by the user	1674759976106	1674759976955	OK	 
USER	Contribution API	START	1674759977004
REQUEST		/Contribution/getknolderContribution-Fetch all the other contributions by the user	1674759976205	1674759977060	OK	 
USER	Contribution API	START	1674759977105
REQUEST		/Contribution/getknolderContribution-Fetch all the other contributions by the user	1674759976306	1674759977158	OK	 
USER	Contribution API	START	1674759977205
REQUEST		/Contribution/getknolderContribution-Fetch all the other contributions by the user	1674759976406	1674759977270	OK	 
USER	Contribution API	START	1674759977305
REQUEST		/Contribution/getknolderContribution-Fetch all the other contributions by the user	1674759976506	1674759977359	OK	 
USER	Contribution API	START	1674759977405
REQUEST		/Contribution/getknolderContribution-Fetch all the other contributions by the user	1674759976606	1674759977467	OK	 
USER	Contribution API	START	1674759977505
REQUEST		/Contribution/getknolderContribution-Fetch all the other contributions by the user	1674759976706	1674759977558	OK	 
USER	Contribution API	START	1674759977605
REQUEST		/Contribution/getknolderContribution-Fetch all the other contributions by the user	1674759976807	1674759977668	OK	 
USER	Contribution API	START	1674759977705
REQUEST		/Contribution/getknolderContribution-Fetch all the other contributions by the user	1674759976907	1674759977769	OK	 
USER	Contribution API	START	1674759977805
REQUEST		/Contribution/getknolderContribution-Fetch all the other contributions by the user	1674759977005	1674759977881	OK	 
USER	Contribution API	START	1674759977905
REQUEST		/Contribution/getknolderContribution-Fetch all the other contributions by the user	1674759977105	1674759977966	OK	 
USER	Contribution API	START	1674759978005
REQUEST		/Contribution/getknolderContribution-Fetch all the other contributions by the user	1674759977205	1674759978056	OK	 
USER	Contribution API	START	1674759978105
REQUEST		/Contribution/getknolderContribution-Fetch all the other contributions by the user	1674759977305	1674759978162	OK	 
USER	Contribution API	START	1674759978205
REQUEST		/Contribution/getknolderContribution-Fetch all the other contributions by the user	1674759977405	1674759978256	OK	 
USER	Contribution API	START	1674759978305
REQUEST		/Contribution/getknolderContribution-Fetch all the other contributions by the user	1674759977505	1674759978358	OK	 
USER	Contribution API	START	1674759978405
USER	Contribution API	START	1674759978505
USER	Contribution API	START	1674759978606
USER	Contribution API	START	1674759978706
USER	Contribution API	START	1674759978806
USER	Contribution API	START	1674759978906
USER	Contribution API	START	1674759979005
USER	Contribution API	START	1674759979105
USER	Contribution API	START	1674759979205
USER	Contribution API	START	1674759979305
USER	Contribution API	START	1674759979405
USER	Contribution API	START	1674759979505
USER	Contribution API	START	1674759979605
USER	Contribution API	START	1674759979705
USER	Contribution API	START	1674759979805
USER	Contribution API	START	1674759979905
USER	Contribution API	START	1674759980005
USER	Contribution API	START	1674759980105
USER	Contribution API	START	1674759980207
USER	Contribution API	START	1674759980305
USER	Contribution API	START	1674759980405
USER	Contribution API	START	1674759980506
USER	Contribution API	START	1674759980606
USER	Contribution API	START	1674759980706
USER	Contribution API	START	1674759980806
USER	Contribution API	START	1674759980906
USER	Contribution API	START	1674759981005
USER	Contribution API	START	1674759981105
USER	Contribution API	START	1674759981205
USER	Contribution API	START	1674759981305
USER	Contribution API	START	1674759981405
USER	Contribution API	START	1674759981505
USER	Contribution API	START	1674759981605
USER	Contribution API	START	1674759981705
USER	Contribution API	START	1674759981805
USER	Contribution API	START	1674759981905
USER	Contribution API	START	1674759982005
USER	Contribution API	START	1674759982105
USER	Contribution API	START	1674759982205
USER	Contribution API	START	1674759982305
USER	Contribution API	START	1674759982405
USER	Contribution API	START	1674759982505
USER	Contribution API	START	1674759982605
USER	Contribution API	START	1674759982705
USER	Contribution API	START	1674759982806
REQUEST		/Contribution/getknolderContribution-Fetch all the other contributions by the user	1674759978406	1674759982850	OK	 
REQUEST		/Contribution/getknolderContribution-Fetch all the other contributions by the user	1674759978205	1674759983255	OK	 
REQUEST		/Contribution/getknolderContribution-Fetch all the other contributions by the user	1674759982806	1674759983934	OK	 
REQUEST		/Contribution/getknolderContribution-Fetch all the other contributions by the user	1674759978706	1674759984098	OK	 
REQUEST		/Contribution/getknolderContribution-Fetch all the other contributions by the user	1674759978506	1674759984102	OK	 
REQUEST		/Contribution/getknolderContribution-Fetch all the other contributions by the user	1674759978606	1674759984127	OK	 
REQUEST		/Contribution/getknolderContribution-Fetch all the other contributions by the user	1674759979305	1674759984261	OK	 
REQUEST		/Contribution/getknolderContribution-Fetch all the other contributions by the user	1674759979005	1674759984280	OK	 
REQUEST		/Contribution/getknolderContribution-Fetch all the other contributions by the user	1674759979105	1674759984309	OK	 
REQUEST		/Contribution/getknolderContribution-Fetch all the other contributions by the user	1674759977606	1674759984661	OK	 
REQUEST		/Contribution/getknolderContribution-Fetch all the other contributions by the user	1674759978906	1674759985338	OK	 
REQUEST		/Contribution/getknolderContribution-Fetch all the other contributions by the user	1674759979405	1674759985615	OK	 
REQUEST		/Contribution/getknolderContribution-Fetch all the other contributions by the user	1674759979606	1674759985774	OK	 
REQUEST		/Contribution/getknolderContribution-Fetch all the other contributions by the user	1674759979706	1674759986010	OK	 
REQUEST		/Contribution/getknolderContribution-Fetch all the other contributions by the user	1674759979906	1674759986012	OK	 
REQUEST		/contribution/getApprovedContributionsForAll?pageNumber=1&limit=10000-Fetch other contributions are there which are approved	1674759978104	1674759986138	OK	 
REQUEST		/contribution/getApprovedContributionsForAll?pageNumber=1&limit=10000-Fetch other contributions are there which are approved	1674759978103	1674759986467	OK	 
REQUEST		/contribution/getApprovedContributionsForAll?pageNumber=1&limit=10000-Fetch other contributions are there which are approved	1674759978104	1674759986711	OK	 
REQUEST		/Contribution/getknolderContribution-Fetch all the other contributions by the user	1674759980005	1674759986793	OK	 
REQUEST		/Contribution/getknolderContribution-Fetch all the other contributions by the user	1674759980207	1674759987054	OK	 
REQUEST		/contribution/getApprovedContributionsForAll?pageNumber=1&limit=10000-Fetch other contributions are there which are approved	1674759978103	1674759987336	OK	 
REQUEST		/Contribution/getknolderContribution-Fetch all the other contributions by the user	1674759980606	1674759987355	OK	 
REQUEST		/Contribution/getknolderContribution-Fetch all the other contributions by the user	1674759980406	1674759987358	OK	 
REQUEST		/Contribution/getknolderContribution-Fetch all the other contributions by the user	1674759980506	1674759987402	OK	 
REQUEST		/contribution/getApprovedContributionsForAll?pageNumber=1&limit=10000-Fetch other contributions are there which are approved	1674759978104	1674759987562	OK	 
REQUEST		/contribution/getApprovedContributionsForAll?pageNumber=1&limit=10000-Fetch other contributions are there which are approved	1674759978103	1674759988022	OK	 
REQUEST		/Contribution/getknolderContribution-Fetch all the other contributions by the user	1674759980806	1674759988161	OK	 
REQUEST		/Contribution/getknolderContribution-Fetch all the other contributions by the user	1674759980706	1674759988366	OK	 
REQUEST		/Contribution/getknolderContribution-Fetch all the other contributions by the user	1674759981305	1674759988699	OK	 
REQUEST		/contribution/getApprovedContributionsForAll?pageNumber=1&limit=10000-Fetch other contributions are there which are approved	1674759978305	1674759988909	OK	 
REQUEST		/Contribution/getknolderContribution-Fetch all the other contributions by the user	1674759981506	1674759989190	OK	 
REQUEST		/Contribution/getknolderContribution-Fetch all the other contributions by the user	1674759981805	1674759989848	OK	 
REQUEST		/contribution/getApprovedContributionsForAll?pageNumber=1&limit=10000-Fetch other contributions are there which are approved	1674759978103	1674759990175	OK	 
REQUEST		/Contribution/getknolderContribution-Fetch all the other contributions by the user	1674759982005	1674759990867	OK	 
REQUEST		/Contribution/getknolderContribution-Fetch all the other contributions by the user	1674759980906	1674759990908	KO	i.n.c.ConnectTimeoutException: connection timed out: backend-qa.knoldus.com/34.132.142.94:443
REQUEST		/contribution/getApprovedContributionsForAll?pageNumber=1&limit=10000-Fetch other contributions are there which are approved	1674759978342	1674759991514	OK	 
REQUEST		/Contribution/getknolderContribution-Fetch all the other contributions by the user	1674759982405	1674759991778	OK	 
REQUEST		/Contribution/getknolderContribution-Fetch all the other contributions by the user	1674759981906	1674759991907	KO	i.n.c.ConnectTimeoutException: connection timed out: backend-qa.knoldus.com/34.132.142.94:443
REQUEST		/Contribution/getknolderContribution-Fetch all the other contributions by the user	1674759982505	1674759991990	OK	 
REQUEST		/Contribution/getknolderContribution-Fetch all the other contributions by the user	1674759978005	1674759991990	OK	 
REQUEST		/Contribution/getknolderContribution-Fetch all the other contributions by the user	1674759977806	1674759992323	OK	 
REQUEST		