RUN	Simulations.Create	create	1672896642071	 	3.5.1
USER	Create  Scenario	START	1672896648081
USER	Create  Scenario	START	1672896649076
REQUEST		Edit Proposal	1672896648107	1672896649077	KO	status.find.is(200), but actually found 400
REQUEST		Edit Proposal	1672896649077	1672896649979	KO	status.find.is(200), but actually found 400
USER	Create  Scenario	START	1672896650075
REQUEST		Edit Proposal	1672896650076	1672896650952	KO	status.find.is(200), but actually found 400
USER	Create  Scenario	START	1672896651076
REQUEST		Edit Proposal	1672896651076	1672896652044	KO	status.find.is(200), but actually found 400
USER	Create  Scenario	START	1672896652076
USER	Create  Scenario	END	1672896652097
USER	Create  Scenario	END	1672896652980
REQUEST		Edit Proposal	1672896652077	1672896653044	KO	status.find.is(200), but actually found 400
USER	Create  Scenario	START	1672896653076
USER	Create  Scenario	END	1672896653953
REQUEST		Edit Proposal	1672896653076	1672896653989	KO	status.find.is(200), but actually found 400
USER	Create  Scenario	START	1672896654076
REQUEST		Edit Proposal	1672896654077	1672896655012	KO	status.find.is(200), but actually found 400
USER	Create  Scenario	END	1672896655045
USER	Create  Scenario	START	1672896655076
REQUEST		Edit Proposal	1672896655076	1672896655938	KO	status.find.is(200), but actually found 400
USER	Create  Scenario	END	1672896656045
USER	Create  Scenario	START	1672896656076
REQUEST		Edit Proposal	1672896656077	1672896656935	KO	status.find.is(200), but actually found 400
USER	Create  Scenario	END	1672896656990
USER	Create  Scenario	START	1672896657075
USER	Create  Scenario	END	1672896658013
REQUEST		Edit Proposal	1672896657076	1672896658063	KO	status.find.is(200), but actually found 400
USER	Create  Scenario	START	1672896658075
USER	Create  Scenario	END	1672896658940
REQUEST		Edit Proposal	1672896658076	1672896658944	KO	status.find.is(200), but actually found 400
USER	Create  Scenario	START	1672896659076
USER	Create  Scenario	END	1672896659936
REQUEST		Edit Proposal	1672896659076	1672896659988	KO	status.find.is(200), but actually found 400
USER	Create  Scenario	START	1672896660076
REQUEST		Edit Proposal	1672896660076	1672896660940	KO	status.find.is(200), but actually found 400
USER	Create  Scenario	END	1672896661064
USER	Create  Scenario	START	1672896661076
USER	Create  Scenario	END	1672896661945
REQUEST		Edit Proposal	1672896661076	1672896661993	KO	status.find.is(200), but actually found 400
USER	Create  Scenario	START	1672896662076
REQUEST		Edit Proposal	1672896662077	1672896662940	KO	status.find.is(200), but actually found 400
USER	Create  Scenario	END	1672896662989
USER	Create  Scenario	START	1672896663076
USER	Create  Scenario	END	1672896663941
REQUEST		Edit Proposal	1672896663076	1672896664010	KO	status.find.is(200), but actually found 400
USER	Create  Scenario	START	1672896664076
USER	Create  Scenario	END	1672896664993
REQUEST		Edit Proposal	1672896664076	1672896665046	KO	status.find.is(200), but actually found 400
USER	Create  Scenario	START	1672896665076
USER	Create  Scenario	END	1672896665940
REQUEST		Edit Proposal	1672896665076	1672896665968	KO	status.find.is(200), but actually found 400
USER	Create  Scenario	START	1672896666076
REQUEST		Edit Proposal	1672896666076	1672896666934	KO	status.find.is(200), but actually found 400
USER	Create  Scenario	END	1672896667010
USER	Create  Scenario	START	1672896667076
REQUEST		Edit Proposal	1672896667076	1672896667937	KO	status.find.is(200), but actually found 400
USER	Create  Scenario	END	1672896668047
USER	Create  Scenario	START	1672896668076
REQUEST		Edit Proposal	1672896668076	1672896668949	KO	status.find.is(200), but actually found 400
USER	Create  Scenario	END	1672896668969
USER	Create  Scenario	START	1672896669076
USER	Create  Scenario	END	1672896669935
REQUEST		Edit Proposal	1672896669077	1672896669937	KO	status.find.is(200), but actually found 400
USER	Create  Scenario	START	1672896670076
REQUEST		Edit Proposal	1672896670076	1672896670936	KO	status.find.is(200), but actually found 400
USER	Create  Scenario	END	1672896670938
USER	Create  Scenario	START	1672896671076
REQUEST		Edit Proposal	1672896671076	1672896671938	KO	status.find.is(200), but actually found 400
USER	Create  Scenario	END	1672896671950
USER	Create  Scenario	START	1672896672076
USER	Create  Scenario	END	1672896672938
REQUEST		Edit Proposal	1672896672077	1672896672940	KO	status.find.is(200), but actually found 400
USER	Create  Scenario	START	1672896673076
USER	Create  Scenario	END	1672896673937
REQUEST		Edit Proposal	1672896673076	1672896673942	KO	status.find.is(200), but actually found 400
USER	Create  Scenario	START	1672896674075
USER	Create  Scenario	END	1672896674938
REQUEST		Edit Proposal	1672896674076	1672896674940	KO	status.find.is(200), but actually found 400
USER	Create  Scenario	START	1672896675075
REQUEST		Edit Proposal	1672896675076	1672896675938	KO	status.find.is(200), but actually found 400
USER	Create  Scenario	END	1672896675941
USER	Create  Scenario	START	1672896676075
REQUEST		Edit Proposal	1672896676076	1672896676937	KO	status.find.is(200), but actually found 400
USER	Create  Scenario	END	1672896676942
USER	Create  Scenario	START	1672896677075
REQUEST		Edit Proposal	1672896677075	1672896677926	KO	status.find.is(200), but actually found 400
USER	Create  Scenario	END	1672896677941
USER	Create  Scenario	START	1672896678075
USER	Create  Scenario	END	1672896678938
REQUEST		Edit Proposal	1672896678076	1672896678938	KO	status.find.is(200), but actually found 400
USER	Create  Scenario	START	1672896679076
REQUEST		Edit Proposal	1672896679076	1672896679936	KO	status.find.is(200), but actually found 400
USER	Create  Scenario	END	1672896679937
USER	Create  Scenario	START	1672896680076
USER	Create  Scenario	END	1672896680927
REQUEST		Edit Proposal	1672896680076	1672896680936	KO	status.find.is(200), but actually found 400
USER	Create  Scenario	START	1672896681076
USER	Create  Scenario	END	1672896681939
REQUEST		Edit Proposal	1672896681076	1672896681961	KO	status.find.is(200), but actually found 400
USER	Create  Scenario	START	1672896682075
USER	Create  Scenario	END	1672896682937
REQUEST		Edit Proposal	1672896682076	1672896682939	KO	status.find.is(200), but actually found 400
USER	Create  Scenario	START	1672896683075
USER	Create  Scenario	END	1672896683937
REQUEST		Edit Proposal	1672896683076	1672896683939	KO	status.find.is(200), but actually found 400
USER	Create  Scenario	START	1672896684076
REQUEST		Edit Proposal	1672896684076	1672896684950	KO	status.find.is(200), but actually found 400
USER	Create  Scenario	END	1672896684962
USER	Create  Scenario	START	1672896685077
USER	Create  Scenario	END	1672896685940
REQUEST		Edit Proposal	1672896685079	1672896686019	KO	status.find.is(200), but actually found 400
USER	Create  Scenario	START	1672896686076
REQUEST		Edit Proposal	1672896686076	1672896686933	KO	status.find.is(200), but actually found 400
USER	Create  Scenario	END	1672896686939
USER	Create  Scenario	START	1672896687075
REQUEST		Edit Proposal	1672896687076	1672896687938	KO	status.find.is(200), but actually found 400
USER	Create  Scenario	END	1672896687950
USER	Create  Scenario	START	1672896688075
REQUEST		Edit Proposal	1672896688076	1672896688985	KO	status.find.is(200), but actually found 400
USER	Create  Scenario	END	1672896689019
USER	Create  Scenario	START	1672896689076
USER	Create  Scenario	END	1672896689934
REQUEST		Edit Proposal	1672896689076	1672896690030	KO	status.find.is(200), but actually found 400
USER	Create  Scenario	START	1672896690075
USER	Create  Scenario	END	1672896690938
REQUEST		Edit Proposal	1672896690076	1672896690951	KO	status.find.is(200), but actually found 400
USER	Create  Scenario	START	1672896691076
USER	Create  Scenario	END	1672896691986
REQUEST		Edit Proposal	1672896691076	1672896692020	KO	status.find.is(200), but actually found 400
USER	Create  Scenario	START	1672896692075
REQUEST		Edit Proposal	1672896692076	1672896692976	KO	status.find.is(200), but actually found 400
USER	Create  Scenario	END	1672896693030
USER	Create  Scenario	START	1672896693076
USER	Create  Scenario	END	1672896693951
REQUEST		Edit Proposal	1672896693076	1672896694025	KO	