RUN	Simulations.Runner.Go1percent	go1percent	1675874757603	 	3.5.1
ERROR	/studios/score?studioId=1- Fetch reward score by studio score: Failed to build request: No attribute named 'Access_Token' is defined 	1675874758540
USER	Leaderboard API	START	1675874758524
ERROR	/studios/score?studioId=1- Fetch reward score by studio score: Failed to build request: No attribute named 'Access_Token' is defined 	1675874758847
USER	Leaderboard API	START	1675874758847
ERROR	/studios/score?studioId=1- Fetch reward score by studio score: Failed to build request: No attribute named 'Access_Token' is defined 	1675874759181
USER	Leaderboard API	START	1675874759181
ERROR	/studios/score?studioId=1- Fetch reward score by studio score: Failed to build request: No attribute named 'Access_Token' is defined 	1675874759515
USER	Leaderboard API	START	1675874759515
ERROR	/studios/score?studioId=1- Fetch reward score by studio score: Failed to build request: No attribute named 'Access_Token' is defined 	1675874759849
USER	Leaderboard API	START	1675874759848
ERROR	/studios/score?studioId=1- Fetch reward score by studio score: Failed to build request: No attribute named 'Access_Token' is defined 	1675874760182
USER	Leaderboard API	START	1675874760182
ERROR	/studios/score?studioId=1- Fetch reward score by studio score: Failed to build request: No attribute named 'Access_Token' is defined 	1675874760516
USER	Leaderboard API	START	1675874760516
ERROR	/studios/score?studioId=1- Fetch reward score by studio score: Failed to build request: No attribute named 'Access_Token' is defined 	1675874760844
USER	Leaderboard API	START	1675874760843
ERROR	/studios/score?studioId=1- Fetch reward score by studio score: Failed to build request: No attribute named 'Access_Token' is defined 	1675874761177
USER	Leaderboard API	START	1675874761177
ERROR	/studios/score?studioId=1- Fetch reward score by studio score: Failed to build request: No attribute named 'Access_Token' is defined 	1675874761512
USER	Leaderboard API	START	1675874761511
ERROR	/studios/1- Get Studio details by Studio Id: Failed to build request: No attribute named 'Access_Token' is defined 	1675874761550
ERROR	/studios/score?studioId=1- Fetch reward score by studio score: Failed to build request: No attribute named 'Access_Token' is defined 	1675874761843
USER	Leaderboard API	START	1675874761843
ERROR	/studios/1- Get Studio details by Studio Id: Failed to build request: No attribute named 'Access_Token' is defined 	1675874761848
ERROR	/studios/score?studioId=1- Fetch reward score by studio score: Failed to build request: No attribute named 'Access_Token' is defined 	1675874762177
USER	Leaderboard API	START	1675874762176
ERROR	/studios/1- Get Studio details by Studio Id: Failed to build request: No attribute named 'Access_Token' is defined 	1675874762182
ERROR	/studios/score?studioId=1- Fetch reward score by studio score: Failed to build request: No attribute named 'Access_Token' is defined 	1675874762511
USER	Leaderboard API	START	1675874762511
ERROR	/studios/1- Get Studio details by Studio Id: Failed to build request: No attribute named 'Access_Token' is defined 	1675874762517
ERROR	/studios/score?studioId=1- Fetch reward score by studio score: Failed to build request: No attribute named 'Access_Token' is defined 	1675874762844
USER	Leaderboard API	START	1675874762843
ERROR	/studios/1- Get Studio details by Studio Id: Failed to build request: No attribute named 'Access_Token' is defined 	1675874762850
ERROR	/studios/score?studioId=1- Fetch reward score by studio score: Failed to build request: No attribute named 'Access_Token' is defined 	1675874763178
USER	Leaderboard API	START	1675874763177
ERROR	/studios/1- Get Studio details by Studio Id: Failed to build request: No attribute named 'Access_Token' is defined 	1675874763183
ERROR	/studios/score?studioId=1- Fetch reward score by studio score: Failed to build request: No attribute named 'Access_Token' is defined 	1675874763512
USER	Leaderboard API	START	1675874763511
ERROR	/studios/1- Get Studio details by Studio Id: Failed to build request: No attribute named 'Access_Token' is defined 	1675874763517
ERROR	/studios/score?studioId=1- Fetch reward score by studio score: Failed to build request: No attribute named 'Access_Token' is defined 	1675874763844
USER	Leaderboard API	START	1675874763843
ERROR	/studios/1- Get Studio details by Studio Id: Failed to build request: No attribute named 'Access_Token' is defined 	1675874763845
ERROR	/studios/score?studioId=1- Fetch reward score by studio score: Failed to build request: No attribute named 'Access_Token' is defined 	1675874764177
USER	Leaderboard API	START	1675874764177
ERROR	/studios/1- Get Studio details by Studio Id: Failed to build request: No attribute named 'Access_Token' is defined 	1675874764178
ERROR	/studios/score?studioId=1- Fetch reward score by studio score: Failed to build request: No attribute named 'Access_Token' is defined 	1675874764512
USER	Leaderboard API	START	1675874764511
ERROR	/studios/1- Get Studio details by Studio Id: Failed to build request: No attribute named 'Access_Token' is defined 	1675874764513
ERROR	/getStudioCharter?studioId=1- Fetch charter(Image) on the basis of studio Id: Failed to build request: No attribute named 'Access_Token' is defined 	1675874764552
ERROR	/studios/score?studioId=1- Fetch reward score by studio score: Failed to build request: No attribute named 'Access_Token' is defined 	1675874764844
ERROR	/studios/1- Get Studio details by Studio Id: Failed to build request: No attribute named 'Access_Token' is defined 	1675874764844
USER	Leaderboard API	START	1675874764843
ERROR	/getStudioCharter?studioId=1- Fetch charter(Image) on the basis of studio Id: Failed to build request: No attribute named 'Access_Token' is defined 	1675874764849
ERROR	/studios/score?studioId=1- Fetch reward score by studio score: Failed to build request: No attribute named 'Access_Token' is defined 	1675874765177
USER	Leaderboard API	START	1675874765177
ERROR	/studios/1- Get Studio details by Studio Id: Failed to build request: No attribute named 'Access_Token' is defined 	1675874765178
ERROR	/getStudioCharter?studioId=1- Fetch charter(Image) on the basis of studio Id: Failed to build request: No attribute named 'Access_Token' is defined 	1675874765183
ERROR	/studios/score?studioId=1- Fetch reward score by studio score: Failed to build request: No attribute named 'Access_Token' is defined 	1675874765512
ERROR	/studios/1- Get Studio details by Studio Id: Failed to build request: No attribute named 'Access_Token' is defined 	1675874765512
USER	Leaderboard API	START	1675874765511
ERROR	/getStudioCharter?studioId=1- Fetch charter(Image) on the basis of studio Id: Failed to build request: No attribute named 'Access_Token' is defined 	1675874765518
ERROR	/studios/score?studioId=1- Fetch reward score by studio score: Failed to build request: No attribute named 'Access_Token' is defined 	1675874765843
USER	Leaderboard API	START	1675874765843
ERROR	/studios/1- Get Studio details by Studio Id: Failed to build request: No attribute named 'Access_Token' is defined 	1675874765845
ERROR	/getStudioCharter?studioId=1- Fetch charter(Image) on the basis of studio Id: Failed to build request: No attribute named 'Access_Token' is defined 	1675874765851
ERROR	/studios/score?studioId=1- Fetch reward score by studio score: Failed to build request: No attribute named 'Access_Token' is defined 	1675874766177
USER	Leaderboard API	START	1675874766176
ERROR	/studios/1- Get Studio details by Studio Id: Failed to build request: No attribute named 'Access_Token' is defined 	1675874766179
ERROR	