RUN	Simulations.Create	create	1673340225613	 	3.5.1
USER	Create  Scenario	START	1673340231950
USER	Create  Scenario	START	1673340232009
USER	Create  Scenario	START	1673340232077
USER	Create  Scenario	START	1673340232145
USER	Create  Scenario	START	1673340232211
USER	Create  Scenario	START	1673340232279
USER	Create  Scenario	START	1673340232347
USER	Create  Scenario	START	1673340232413
USER	Create  Scenario	START	1673340232481
USER	Create  Scenario	START	1673340232548
USER	Create  Scenario	START	1673340232614
USER	Create  Scenario	START	1673340232682
USER	Create  Scenario	START	1673340232749
USER	Create  Scenario	START	1673340232816
USER	Create  Scenario	START	1673340232883
REQUEST		Edit Proposal	1673340231973	1673340232876	KO	status.find.is(200), but actually found 405
REQUEST		Edit Proposal	1673340232010	1673340232908	KO	status.find.is(200), but actually found 405
REQUEST		Edit Proposal	1673340232078	1673340232951	KO	status.find.is(200), but actually found 405
USER	Create  Scenario	START	1673340232950
USER	Create  Scenario	START	1673340233009
REQUEST		Edit Proposal	1673340232145	1673340233027	KO	status.find.is(200), but actually found 405
USER	Create  Scenario	START	1673340233077
REQUEST		Edit Proposal	1673340232212	1673340233099	KO	status.find.is(200), but actually found 405
USER	Create  Scenario	START	1673340233144
REQUEST		Edit Proposal	1673340232279	1673340233145	KO	status.find.is(200), but actually found 405
USER	Create  Scenario	START	1673340233210
REQUEST		Edit Proposal	1673340232347	1673340233225	KO	status.find.is(200), but actually found 405
USER	Create  Scenario	START	1673340233277
REQUEST		Edit Proposal	1673340232414	1673340233293	KO	status.find.is(200), but actually found 405
USER	Create  Scenario	START	1673340233344
REQUEST		Edit Proposal	1673340232481	1673340233389	KO	status.find.is(200), but actually found 405
USER	Create  Scenario	START	1673340233410
REQUEST		Edit Proposal	1673340232549	1673340233426	KO	status.find.is(200), but actually found 405
USER	Create  Scenario	START	1673340233477
REQUEST		Edit Proposal	1673340232615	1673340233512	KO	status.find.is(200), but actually found 405
USER	Create  Scenario	START	1673340233544
REQUEST		Edit Proposal	1673340232683	1673340233562	KO	status.find.is(200), but actually found 405
USER	Create  Scenario	START	1673340233610
REQUEST		Edit Proposal	1673340232750	1673340233627	KO	status.find.is(200), but actually found 405
USER	Create  Scenario	START	1673340233677
REQUEST		Edit Proposal	1673340232816	1673340233717	KO	status.find.is(200), but actually found 405
USER	Create  Scenario	START	1673340233745
REQUEST		Edit Proposal	1673340232883	1673340233765	KO	status.find.is(200), but actually found 405
USER	Create  Scenario	START	1673340233811
REQUEST		Edit Proposal	1673340232951	1673340233857	KO	status.find.is(200), but actually found 405
USER	Create  Scenario	START	1673340233878
REQUEST		Edit Proposal	1673340233010	1673340233880	KO	status.find.is(200), but actually found 405
REQUEST		Edit Proposal	1673340233077	1673340233944	KO	status.find.is(200), but actually found 405
USER	Create  Scenario	START	1673340233945
REQUEST		Edit Proposal	1673340233144	1673340234003	KO	status.find.is(200), but actually found 405
USER	Create  Scenario	START	1673340234009
USER	Create  Scenario	START	1673340234076
REQUEST		Edit Proposal	1673340233210	1673340234130	KO	status.find.is(200), but actually found 405
USER	Create  Scenario	START	1673340234143
REQUEST		Edit Proposal	1673340233278	1673340234157	KO	status.find.is(200), but actually found 405
REQUEST		Edit Proposal	1673340233345	1673340234205	KO	status.find.is(200), but actually found 405
USER	Create  Scenario	START	1673340234209
REQUEST		Edit Proposal	1673340233411	1673340234277	KO	status.find.is(200), but actually found 405
USER	Create  Scenario	START	1673340234277
REQUEST		Edit Proposal	1673340233478	1673340234340	KO	status.find.is(200), but actually found 405
USER	Create  Scenario	START	1673340234344
USER	Create  Scenario	START	1673340234410
REQUEST		Edit Proposal	1673340233611	1673340234474	KO	status.find.is(200), but actually found 405
USER	Create  Scenario	START	1673340234477
REQUEST		Edit Proposal	1673340233545	1673340234482	KO	status.find.is(200), but actually found 405
USER	Create  Scenario	START	1673340234544
REQUEST		Edit Proposal	1673340233678	1673340234554	KO	status.find.is(200), but actually found 405
USER	Create  Scenario	START	1673340234610
REQUEST		Edit Proposal	1673340233745	1673340234612	KO	status.find.is(200), but actually found 405
USER	Create  Scenario	START	1673340234677
REQUEST		Edit Proposal	1673340233811	1673340234726	KO	status.find.is(200), but actually found 405
USER	Create  Scenario	START	1673340234744
REQUEST		Edit Proposal	1673340233878	1673340234767	KO	status.find.is(200), but actually found 405
USER	Create  Scenario	START	1673340234810
REQUEST		Edit Proposal	1673340233945	1673340234815	KO	status.find.is(200), but actually found 405
USER	Create  Scenario	START	1673340234877
REQUEST		Edit Proposal	1673340234010	1673340234878	KO	status.find.is(200), but actually found 405
USER	Create  Scenario	START	1673340234944
REQUEST		Edit Proposal	1673340234077	1673340234959	KO	status.find.is(200), but actually found 405
USER	Create  Scenario	START	1673340235010
REQUEST		Edit Proposal	1673340234144	1673340235014	KO	status.find.is(200), but actually found 405
USER	Create  Scenario	START	1673340235077
REQUEST		Edit Proposal	1673340234210	1673340235093	KO	status.find.is(200), but actually found 405
USER	Create  Scenario	START	1673340235144
REQUEST		Edit Proposal	1673340234277	1673340235161	KO	status.find.is(200), but actually found 405
REQUEST		Edit Proposal	1673340234344	1673340235197	KO	status.find.is(200), but actually found 405
USER	Create  Scenario	START	1673340235210
USER	Create  Scenario	START	1673340235277
REQUEST		Edit Proposal	1673340234410	1673340235339	KO	status.find.is(200), but actually found 405
USER	Create  Scenario	START	1673340235345
REQUEST		Edit Proposal	1673340234477	1673340235346	KO	status.find.is(200), but actually found 405
USER	Create  Scenario	START	1673340235411
REQUEST		Edit Proposal	1673340234545	1673340235413	KO	status.find.is(200), but actually found 405
REQUEST		Edit Proposal	1673340234611	1673340235475	KO	status.find.is(200), but actually found 405
USER	Create  Scenario	START	1673340235478
REQUEST		Edit Proposal	1673340234677	1673340235545	KO	status.find.is(200), but actually found 405
USER	Create  Scenario	START	1673340235545
USER	Create  Scenario	START	1673340235611
REQUEST		Edit Proposal	1673340234745	1673340235616	KO	status.find.is(200), but actually found 405
USER	Create  Scenario	START	1673340235678
REQUEST		Edit Proposal	1673340234811	1673340235705	KO	status.find.is(200), but actually found 405
USER	Create  Scenario	START	1673340235745
REQUEST		Edit Proposal	1673340234878	1673340235748	KO	status.find.is(200), but actually found 405
USER	Create  Scenario	START	1673340235812
REQUEST		Edit Proposal	1673340234945	1673340235865	KO	status.find.is(200), but actually found 405
USER	Create  Scenario	START	1673340235879
REQUEST		Edit Proposal	1673340235010	1673340235881	KO	status.find.is(200), but actually found 405
USER	Create  Scenario	END	1673340235893
USER	Create  Scenario	END	1673340235910
USER	Create  Scenario	START	1673340235946
USER	Create  Scenario	END	1673340235953
REQUEST		Edit Proposal	1673340235078	1673340235972	KO	status.find.is(200), but actually found 405
USER	Create  Scenario	START	1673340236010
REQUEST		Edit Proposal	1673340235145	1673340236015	KO	status.find.is(200), but actually found 405
USER	Create  Scenario	END	1673340236028
REQUEST		Edit Proposal	1673340235211	1673340236072	KO	status.find.is(200), but actually found 405
USER	Create  Scenario	START	1673340236077
USER	Create  Scenario	END	1673340236101
USER	Create  Scenario	START	1673340236144
USER	Create  Scenario	END	1673340236147
REQUEST		Edit Proposal	1673340235278	1673340236200	KO	status.find.is(200), but actually found 405
REQUEST		Edit Proposal	1673340235345	1673340236205	KO	status.find.is(200), but actually found 405
USER	Create  Scenario	START	1673340236210
USER	Create  Scenario	END	1673340236226
USER	Create  Scenario	START	1673340236277
REQUEST		Edit Proposal	1673340235411	1673340236284	KO	status.find.is(200), but actually found 405
USER	Create  Scenario	END	1673340236295
USER	Create  Scenario	START	1673340236344
REQUEST		Edit Proposal	1673340235478	1673340236358	KO	status.find.is(200), but actually found 405
USER	Create  Scenario	END	1673340236390
USER	Create  Scenario	START	1673340236411
REQUEST		Edit Proposal	1673340235546	1673340236420	KO	status.find.is(200), but actually found 405
USER	Create  Scenario	END	1673340236427
USER	Create  Scenario	START	1673340236477
REQUEST		Edit Proposal	1673340235612	1673340236493	KO	status.find.is(200), but actually found 405
USER	Create  Scenario	END	1673340236513
REQUEST		Edit Proposal	1673340235679	1673340236537	KO	status.find.is(200), but actually found 405
USER	Create  Scenario	START	1673340236545
USER	Create  Scenario	END	1673340236563
USER	Create  Scenario	START	1673340236611
REQUEST		Edit Proposal	1673340235745	1673340236615	KO	status.find.is(200), but actually found 405
USER	Create  Scenario	END	1673340236628
USER	Create  Scenario	START	1673340236678
REQUEST		Edit Proposal	1673340235812	1673340236690	KO	status.find.is(200), but actually found 405
USER	Create  Scenario	END	1673340236719
USER	Create  Scenario	START	1673340236745
REQUEST		Edit Proposal	1673340235879	1673340236755	KO	status.find.is(200), but actually found 405
USER	Create  Scenario	END	1673340236767
USER	Create  Scenario	START	1673340236811
REQUEST		Edit Proposal	1673340235946	1673340236815	KO	status.find.is(200), but actually found 405
USER	Create  Scenario	END	1673340236858
USER	Create  Scenario	START	1673340236878
USER	Create  Scenario	END	1673340236881
REQUEST		Edit Proposal	1673340236010	1673340236890	KO	status.find.is(200), but actually found 405
USER	Create  Scenario	END	1673340236946
USER	Create  Scenario	START	1673340236945
REQUEST		Edit Proposal	1673340236077	1673340236954	KO	status.find.is(200), but actually found 405
USER	Create  Scenario	END	1673340237004
USER	Create  Scenario	START	1673340237009
REQUEST		Edit Proposal	1673340236145	1673340237012	KO	status.find.is(200), but actually found 405
REQUEST		Edit Proposal	1673340236211	1673340237067	KO	status.find.is(200), but actually found 405
USER	Create  Scenario	START	1673340237076
USER	Create  Scenario	END	1673340237131
USER	Create  Scenario	START	1673340237143
REQUEST		Edit Proposal	1673340236278	1673340237146	KO	status.find.is(200), but actually found 405
USER	Create  Scenario	END	1673340237158
USER	Create  Scenario	END	1673340237207
USER	Create  Scenario	START	1673340237209
REQUEST		Edit Proposal	1673340236345	1673340237237	KO	status.find.is(200), but actually found 405
USER	Create  Scenario	START	1673340237277
USER	Create  Scenario	END	1673340237278
REQUEST		Edit Proposal	1673340236411	1673340237300	KO	status.find.is(200), but actually found 405
USER	Create  Scenario	END	1673340237341
USER	Create  Scenario	START	1673340237344
REQUEST		Edit Proposal	1673340236478	1673340237348	KO	status.find.is(200), but actually found 405
REQUEST		Edit Proposal	1673340236545	1673340237406	KO	status.find.is(200), but actually found 405
USER	Create  Scenario	START	1673340237410
USER	Create  Scenario	END	1673340237476
USER	Create  Scenario	START	1673340237477
REQUEST		Edit Proposal	1673340236611	1673340237480	KO	status.find.is(200), but actually found 405
USER	Create  Scenario	END	1673340237484
USER	Create  Scenario	START	1673340237544
REQUEST		Edit Proposal	1673340236678	1673340237550	KO	status.find.is(200), but actually found 405
USER	Create  Scenario	END	1673340237555
USER	Create  Scenario	START	1673340237610
USER	Create  Scenario	END	1673340237613
REQUEST		Edit Proposal	1673340236745	1673340237624	KO	status.find.is(200), but actually found 405
USER	Create  Scenario	START	1673340237677
REQUEST		Edit Proposal	1673340236811	1673340237706	KO	status.find.is(200), but actually found 405
USER	Create  Scenario	END	1673340237727
USER	Create  Scenario	START	1673340237744
REQUEST		Edit Proposal	1673340236879	1673340237751	KO	status.find.is(200), but actually found 405
USER	Create  Scenario	END	1673340237768
USER	Create  Scenario	START	1673340237810
REQUEST		Edit Proposal	1673340236946	1673340237813	KO	status.find.is(200), but actually found 405
USER	Create  Scenario	END	1673340237816
USER	Create  Scenario	START	1673340237877
USER	Create  Scenario	END	1673340237880
REQUEST		Edit Proposal	1673340237009	1673340237898	KO	status.find.is(200), but actually found 405
USER	Create  Scenario	START	1673340237944
REQUEST		Edit Proposal	1673340237077	1673340237954	KO	status.find.is(200), but actually found 405
USER	Create  Scenario	END	1673340237961
REQUEST		Edit Proposal	1673340237144	1673340238009	KO	status.find.is(200), but actually found 405
USER	Create  Scenario	START	1673340238010
USER	Create  Scenario	END	1673340238015
REQUEST		Edit Proposal	1673340237210	1673340238068	KO	status.find.is(200), but actually found 405
USER	Create  Scenario	START	1673340238077
USER	Create  Scenario	END	1673340238094
USER	Create  Scenario	START	1673340238144
REQUEST		Edit Proposal	1673340237277	1673340238153	KO	status.find.is(200), but actually found 405
USER	Create  Scenario	END	1673340238162
USER	Create  Scenario	END	1673340238198
USER	Create  Scenario	START	1673340238210
REQUEST		Edit Proposal	1673340237344	1673340238242	KO	status.find.is(200), but actually found 405
USER	Create  Scenario	START	1673340238277
USER	Create  Scenario	END	1673340238340
USER	Create  Scenario	START	1673340238344
USER	Create  Scenario	END	1673340238347
REQUEST		Edit Proposal	1673340237410	1673340238377	KO	status.find.is(200), but actually found 405
REQUEST		Edit Proposal	1673340237477	1673340238377	KO	status.find.is(200), but actually found 405
REQUEST		Edit Proposal	1673340237545	1673340238409	KO	status.find.is(200), but actually found 405
USER	Create  Scenario	START	1673340238410
USER	Create  Scenario	END	1673340238414
REQUEST		Edit Proposal	1673340237611	1673340238471	KO	status.find.is(200), but actually found 405
USER	Create  Scenario	END	1673340238476
USER	Create  Scenario	START	1673340238477
USER	Create  Scenario	START	1673340238545
USER	Create  Scenario	END	1673340238546
REQUEST		Edit Proposal	1673340237678	1673340238611	KO	status.find.is(200), but actually found 405
USER	Create  Scenario	START	1673340238610
USER	Create  Scenario	END	1673340238618
USER	Create  Scenario	START	1673340238677
REQUEST		Edit Proposal	1673340237811	1673340238689	KO	status.find.is(200), but actually found 405
REQUEST		Edit Proposal	1673340237745	1673340238690	KO	status.find.is(200), but actually found 405
USER	Create  Scenario	END	1673340238706
USER	Create  Scenario	START	1673340238745
USER	Create  Scenario	END	1673340238749
USER	Create  Scenario	START	1673340238811
REQUEST		Edit Proposal	1673340237878	1673340238845	KO	status.find.is(200), but actually found 405
USER	Create  Scenario	END	1673340238866
USER	Create  Scenario	START	1673340238878
USER	Create  Scenario	END	1673340238882
REQUEST		Edit Proposal	1673340237945	1673340238921	KO	status.find.is(200), but actually found 405
USER	Create  Scenario	START	1673340238945
REQUEST		Edit Proposal	1673340238010	1673340238966	KO	status.find.is(200), but actually found 405
REQUEST		Edit Proposal	1673340238078	1673340238968	KO	status.find.is(200), but actually found 405
USER	Create  Scenario	END	1673340238973
REQUEST		Edit Proposal	1673340238145	1673340239000	KO	status.find.is(200), but actually found 405
USER	Create  Scenario	START	1673340239009
USER	Create  Scenario	END	1673340239016
USER	Create  Scenario	END	1673340239074
USER	Create  Scenario	START	1673340239077
USER	Create  Scenario	START	1673340239144
USER	Create  Scenario	END	1673340239202
USER	Create  Scenario	END	1673340239206
REQUEST		Edit Proposal	1673340238211	1673340239207	KO	status.find.is(200), but actually found 405
USER	Create  Scenario	START	1673340239210
REQUEST		Edit Proposal	1673340238278	1673340239250	KO	status.find.is(200), but actually found 405
REQUEST		Edit Proposal	1673340238345	1673340239264	KO	status.find.is(200), but actually found 405
REQUEST		Edit Proposal	1673340238411	1673340239275	KO	status.find.is(200), but actually found 405
USER	Create  Scenario	START	1673340239277
USER	Create  Scenario	END	1673340239285
USER	Create  Scenario	START	1673340239344
USER	Create  Scenario	END	1673340239359
USER	Create  Scenario	START	1673340239410
USER	Create  Scenario	END	1673340239422
REQUEST		Edit Proposal	1673340238478	1673340239453	KO	status.find.is(200), but actually found 405
USER	Create  Scenario	START	1673340239477
REQUEST		Edit Proposal	1673340238611	1673340239485	KO	status.find.is(200), but actually found 405
USER	Create  Scenario	END	1673340239494
REQUEST		Edit Proposal	1673340238545	1673340239497	KO	status.find.is(200), but actually found 405
USER	Create  Scenario	END	1673340239538
USER	Create  Scenario	START	1673340239545
USER	Create  Scenario	START	1673340239611
USER	Create  Scenario	END	1673340239616
REQUEST		Edit Proposal	1673340238678	1673340239638	KO	status.find.is(200), but actually found 405
USER	Create  Scenario	START	1673340239678
USER	Create  Scenario	END	1673340239692
REQUEST		Edit Proposal	1673340238811	1673340239730	KO	status.find.is(200), but actually found 405
REQUEST		Edit Proposal	1673340238745	1673340239732	KO	status.find.is(200), but actually found 405
USER	Create  Scenario	START	1673340239745
USER	Create  Scenario	END	1673340239756
USER	Create  Scenario	START	1673340239811
USER	Create  Scenario	END	1673340239816
REQUEST		Edit Proposal	1673340238878	1673340239874	KO	status.find.is(200), but actually found 405
USER	Create  Scenario	START	1673340239878
USER	Create  Scenario	END	1673340239891
REQUEST		Edit Proposal	1673340238945	1673340239925	KO	status.find.is(200), but actually found 405
USER	Create  Scenario	START	1673340239945
USER	Create  Scenario	END	1673340239955
REQUEST		Edit Proposal	1673340239010	1673340240004	KO	status.find.is(200), but actually found 405
REQUEST		Edit Proposal	1673340239144	1673340240005	KO	status.find.is(200), but actually found 405
USER	Create  Scenario	START	1673340240010
USER	Create  Scenario	END	1673340240013
REQUEST		Edit Proposal	1673340239077	1673340240032	KO	status.find.is(200), but actually found 405
USER	Create  Scenario	END	1673340240068
USER	Create  Scenario	START	1673340240077
USER	Create  Scenario	START	1673340240144
USER	Create  Scenario	END	1673340240147
USER	Create  Scenario	START	1673340240210
REQUEST		Edit Proposal	1673340239210	1673340240226	KO	status.find.is(200), but actually found 405
USER	Create  Scenario	END	1673340240238
USER	Create  Scenario	START	1673340240277
REQUEST		Edit Proposal	1673340239345	1673340240299	KO	status.find.is(200), but actually found 405
USER	Create  Scenario	END	1673340240301
REQUEST		Edit Proposal	1673340239411	1673340240309	KO	status.find.is(200), but actually found 405
USER	Create  Scenario	START	1673340240344
USER	Create  Scenario	END	1673340240349
REQUEST		Edit Proposal	1673340239277	1673340240357	KO	status.find.is(200), but actually found 405
USER	Create  Scenario	END	1673340240407
USER	Create  Scenario	START	1673340240410
USER	Create  Scenario	START	1673340240477
USER	Create  Scenario	END	1673340240481
REQUEST		Edit Proposal	1673340239611	1673340240524	KO	status.find.is(200), but actually found 405
REQUEST		Edit Proposal	1673340239545	1673340240532	KO	status.find.is(200), but actually found 405
REQUEST		Edit Proposal	1673340239478	1673340240535	KO	status.find.is(200), but actually found 405
USER	Create  Scenario	START	1673340240544
USER	Create  Scenario	END	1673340240551
REQUEST		Edit Proposal	1673340239678	1673340240567	KO	status.find.is(200), but actually found 405
REQUEST		Edit Proposal	1673340239745	1673340240609	KO	status.find.is(200), but actually found 405
USER	Create  Scenario	START	1673340240610
USER	Create  Scenario	END	1673340240625
USER	Create  Scenario	START	1673340240677
USER	Create  Scenario	END	1673340240707
USER	Create  Scenario	START	1673340240745
USER	Create  Scenario	END	1673340240752
REQUEST		Edit Proposal	1673340239946	1673340240808	KO	status.find.is(200), but actually found 405
REQUEST		Edit Proposal	1673340239878	1673340240809	KO	status.find.is(200), but actually found 405
REQUEST		Edit Proposal	1673340239812	1673340240810	KO	status.find.is(200), but actually found 405
USER	Create  Scenario	START	1673340240810
USER	Create  Scenario	END	1673340240813
REQUEST		Edit Proposal	1673340240010	1673340240878	KO	status.find.is(200), but actually found 405
USER	Create  Scenario	START	1673340240878
USER	Create  Scenario	END	1673340240899
USER	Create  Scenario	START	1673340240945
REQUEST		Edit Proposal	1673340240078	1673340240945	KO	status.find.is(200), but actually found 405
USER	Create  Scenario	END	1673340240956
USER	Create  Scenario	END	1673340241010
USER	Create  Scenario	START	1673340241010
USER	Create  Scenario	END	1673340241069
USER	Create  Scenario	START	1673340241077
REQUEST		Edit Proposal	1673340240211	1673340241115	KO	status.find.is(200), but actually found 405
REQUEST		Edit Proposal	1673340240145	1673340241135	KO	status.find.is(200), but actually found 405
REQUEST		Edit Proposal	1673340240278	1673340241144	KO	status.find.is(200), but actually found 405
USER	Create  Scenario	START	1673340241144
USER	Create  Scenario	END	1673340241154
USER	Create  Scenario	START	1673340241210
REQUEST		Edit Proposal	1673340240345	1673340241240	KO	status.find.is(200), but actually found 405
USER	Create  Scenario	END	1673340241243
USER	Create  Scenario	START	1673340241277
REQUEST		Edit Proposal	1673340240411	1673340241300	KO	status.find.is(200), but actually found 405
USER	Create  Scenario	START	1673340241344
REQUEST		Edit Proposal	1673340240478	1673340241367	KO	status.find.is(200), but actually found 405
USER	Create  Scenario	END	1673340241378
USER	Create  Scenario	END	1673340241378
USER	Create  Scenario	END	1673340241411
USER	Create  Scenario	START	1673340241410
REQUEST		Edit Proposal	1673340240545	1673340241440	KO	status.find.is(200), but actually found 405
USER	Create  Scenario	END	1673340241472
USER	Create  Scenario	START	1673340241477
REQUEST		Edit Proposal	1673340240611	1673340241501	KO	status.find.is(200), but actually found 405
USER	Create  Scenario	START	1673340241544
REQUEST		Edit Proposal	1673340240678	1673340241548	KO	status.find.is(200), but actually found 405
USER	Create  Scenario	START	1673340241610
USER	Create  Scenario	END	1673340241612
REQUEST		Edit Proposal	1673340240745	1673340241637	KO	status.find.is(200), but actually found 405
USER	Create  Scenario	START	1673340241677
USER	Create  Scenario	END	1673340241690
USER	Create  Scenario	END	1673340241691
REQUEST		Edit Proposal	1673340240811	1673340241725	KO	status.find.is(200), but actually found 405
USER	Create  Scenario	START	1673340241744
REQUEST		Edit Proposal	1673340240878	1673340241770	KO	status.find.is(200), but actually found 405
USER	Create  Scenario	START	1673340241810
REQUEST		Edit Proposal	1673340240945	1673340241834	KO	status.find.is(200), but actually found 405
USER	Create  Scenario	END	1673340241846
USER	Create  Scenario	START	1673340241877
REQUEST		Edit Proposal	1673340241010	1673340241889	KO	status.find.is(200), but actually found 405
USER	Create  Scenario	END	1673340241922
REQUEST		Edit Proposal	1673340241077	1673340241935	KO	status.find.is(200), but actually found 405
USER	Create  Scenario	START	1673340241944
USER	Create  Scenario	END	1673340241967
USER	Create  Scenario	END	1673340241969
USER	Create  Scenario	END	1673340242001
USER	Create  Scenario	START	1673340242009
REQUEST		Edit Proposal	1673340241144	1673340242013	KO	status.find.is(200), but actually found 405
USER	Create  Scenario	START	1673340242077
REQUEST		Edit Proposal	1673340241210	1673340242097	KO	status.find.is(200), but actually found 405
REQUEST		Edit Proposal	1673340241277	1673340242136	KO	status.find.is(200), but actually found 405
USER	Create  Scenario	START	1673340242143
USER	Create  Scenario	END	1673340242208
USER	Create  Scenario	START	1673340242210
REQUEST		Edit Proposal	1673340241344	1673340242211	KO	status.find.is(200), but actually found 405
USER	Create  Scenario	END	1673340242252
USER	Create  Scenario	END	1673340242265
USER	Create  Scenario	END	1673340242276
USER	Create  Scenario	START	1673340242277
REQUEST		Edit Proposal	1673340241410	1673340242282	KO	status.find.is(200), but actually found 405
REQUEST		Edit Proposal	1673340241477	1673340242345	KO	status.find.is(200), but actually found 405
USER	Create  Scenario	START	1673340242344
USER	Create  Scenario	START	1673340242410
REQUEST		Edit Proposal	1673340241544	1673340242417	KO	status.find.is(200), but actually found 405
USER	Create  Scenario	END	1673340242455
USER	Create  Scenario	START	1673340242477
USER	Create  Scenario	END	1673340242486
USER	Create  Scenario	END	1673340242499
REQUEST		Edit Proposal	1673340241610	1673340242506	KO	status.find.is(200), but actually found 405
REQUEST		Edit Proposal	1673340241677	1673340242534	KO	status.find.is(200), but actually found 405
USER	Create  Scenario	START	1673340242544
REQUEST		Edit Proposal	1673340241745	1673340242604	KO	status.find.is(200), but actually found 405
USER	Create  Scenario	START	1673340242610
USER	Create  Scenario	END	1673340242639
USER	Create  Scenario	START	1673340242677
REQUEST		Edit Proposal	1673340241811	1673340242681	KO	status.find.is(200), but actually found 405
USER	Create  Scenario	END	1673340242731
USER	Create  Scenario	END	1673340242733
REQUEST		Edit Proposal	1673340241878	1673340242742	KO	status.find.is(200), but actually found 405
USER	Create  Scenario	START	1673340242744
USER	Create  Scenario	START	1673340242810
REQUEST		Edit Proposal	1673340241945	1673340242825	KO	status.find.is(200), but actually found 405
USER	Create  Scenario	END	1673340242875
USER	Create  Scenario	START	1673340242877
REQUEST		Edit Proposal	1673340242010	1673340242885	KO	status.find.is(200), but actually found 405
USER	Create  Scenario	END	1673340242926
REQUEST		Edit Proposal	1673340242077	1673340242942	KO	status.find.is(200), but actually found 405
USER	Create  Scenario	START	1673340242944
REQUEST		Edit Proposal	1673340242144	1673340243005	KO	status.find.is(200), but actually found 405
USER	Create  Scenario	END	1673340243005
USER	Create  Scenario	END	1673340243006
USER	Create  Scenario	START	1673340243009
USER	Create  Scenario	END	1673340243033
USER	Create  Scenario	START	1673340243076
REQUEST		Edit Proposal	1673340242210	1673340243103	KO	status.find.is(200), but actually found 405
USER	Create  Scenario	START	1673340243143
REQUEST		Edit Proposal	1673340242277	1673340243151	KO	status.find.is(200), but actually found 405
USER	Create  Scenario	START	1673340243209
USER	Create  Scenario	END	1673340243228
REQUEST		Edit Proposal	1673340242344	1673340243229	KO	status.find.is(200), but actually found 405
USER	Create  Scenario	START	1673340243276
REQUEST		Edit Proposal	1673340242411	1673340243291	KO	status.find.is(200), but actually found 405
USER	Create  Scenario	END	1673340243300
USER	Create  Scenario	END	1673340243310
USER	Create  Scenario	START	1673340243344
USER	Create  Scenario	END	1673340243358
REQUEST		Edit Proposal	1673340242477	1673340243365	KO	status.find.is(200), but actually found 405
USER	Create  Scenario	START	1673340243410
REQUEST		Edit Proposal	1673340242544	1673340243413	KO	status.find.is(200), but actually found 405
REQUEST		Edit Proposal	1673340242610	1673340243475	KO	status.find.is(200), but actually found 405
USER	Create  Scenario	START	1673340243477
USER	Create  Scenario	END	1673340243525
USER	Create  Scenario	END	1673340243533
USER	Create  Scenario	END	1673340243536
USER	Create  Scenario	START	1673340243544
REQUEST		Edit Proposal	1673340242677	1673340243560	KO	status.find.is(200), but actually found 405
USER	Create  Scenario	END	1673340243569
REQUEST		Edit Proposal	1673340242744	1673340243609	KO	status.find.is(200), but actually found 405
USER	Create  Scenario	END	1673340243610
USER	Create  Scenario	START	1673340243610
USER	Create  Scenario	START	1673340243677
USER	Create  Scenario	START	1673340243744
REQUEST		Edit Proposal	1673340242810	1673340243750	KO	status.find.is(200), but actually found 405
REQUEST		Edit Proposal	1673340242877	1673340243771	KO	status.find.is(200), but actually found 405
USER	Create  Scenario	END	1673340243809
USER	Create  Scenario	END	1673340243810
USER	Create  Scenario	START	1673340243810
USER	Create  Scenario	END	1673340243811
REQUEST		Edit Proposal	1673340242944	1673340243824	KO	status.find.is(200), but actually found 405
USER	Create  Scenario	START	1673340243877
USER	Create  Scenario	END	1673340243879
REQUEST		Edit Proposal	1673340243009	1673340243898	KO	status.find.is(200), but actually found 405
USER	Create  Scenario	START	1673340243944
USER	Create  Scenario	END	1673340243947
REQUEST		Edit Proposal	1673340243077	1673340243963	KO	status.find.is(200), but actually found 405
USER	Create  Scenario	START	1673340244009
REQUEST		Edit Proposal	1673340243144	1673340244039	KO	status.find.is(200), but actually found 405
USER	Create  Scenario	START	1673340244077
REQUEST		Edit Proposal	1673340243210	1673340244106	KO	status.find.is(200), but actually found 405
USER	Create  Scenario	END	1673340244117
USER	Create  Scenario	END	1673340244137
USER	Create  Scenario	START	1673340244143
USER	Create  Scenario	END	1673340244145
REQUEST		Edit Proposal	1673340243277	1673340244160	KO	status.find.is(200), but actually found 405
USER	Create  Scenario	START	1673340244210
USER	Create  Scenario	END	1673340244241
USER	Create  Scenario	START	1673340244277
REQUEST		Edit Proposal	1673340243344	1673340244296	KO	status.find.is(200), but actually found 405
USER	Create  Scenario	END	1673340244301
REQUEST		Edit Proposal	1673340243410	1673340244337	KO	status.find.is(200), but actually found 405
USER	Create  Scenario	START	1673340244344
USER	Create  Scenario	END	1673340244369
USER	Create  Scenario	START	1673340244410
REQUEST		Edit Proposal	1673340243477	1673340244426	KO	status.find.is(200), but actually found 405
USER	Create  Scenario	END	1673340244441
REQUEST		Edit Proposal	1673340243544	1673340244462	KO	status.find.is(200), but actually found 405
USER	Create  Scenario	START	1673340244477
USER	Create  Scenario	END	1673340244502
REQUEST		Edit Proposal	1673340243610	1673340244530	KO	status.find.is(200), but actually found 405
USER	Create  Scenario	START	1673340244544
USER	Create  Scenario	END	1673340244549
USER	Create  Scenario	START	1673340244610
USER	Create  Scenario	END	1673340244638
REQUEST		Edit Proposal	1673340243744	1673340244667	KO	status.find.is(200), but actually found 405
REQUEST		Edit Proposal	1673340243677	1673340244669	KO	status.find.is(200), but actually found 405
USER	Create  Scenario	START	1673340244677
REQUEST		Edit Proposal	1673340243810	1673340244703	KO	status.find.is(200), but actually found 405
USER	Create  Scenario	END	1673340244726
USER	Create  Scenario	START	1673340244744
USER	Create  Scenario	END	1673340244771
REQUEST		Edit Proposal	1673340243877	1673340244807	KO	status.find.is(200), but actually found 405
USER	Create  Scenario	START	1673340244810
USER	Create  Scenario	END	1673340244835
REQUEST		Edit Proposal	1673340243944	1673340244856	KO	status.find.is(200), but actually found 405
USER	Create  Scenario	START	1673340244877
USER	Create  Scenario	END	1673340244890
USER	Create  Scenario	END	1673340244936
USER	Create  Scenario	START	1673340244944
REQUEST		Edit Proposal	1673340244010	1673340244950	KO	status.find.is(200), but actually found 405
REQUEST		Edit Proposal	1673340244077	1673340244992	KO	status.find.is(200), but actually found 405
USER	Create  Scenario	START	1673340245010
USER	Create  Scenario	END	1673340245015
REQUEST		Edit Proposal	1673340244144	1673340245067	KO	status.find.is(200), but actually found 405
USER	Create  Scenario	START	1673340245077
USER	Create  Scenario	END	1673340245098
USER	Create  Scenario	END	1673340245137
USER	Create  Scenario	START	1673340245144
REQUEST		Edit Proposal	1673340244210	1673340245149	KO	status.find.is(200), but actually found 405
REQUEST		Edit Proposal	1673340244277	1673340245177	KO	status.find.is(200), but actually found 405
USER	Create  Scenario	START	1673340245210
USER	Create  Scenario	END	1673340245212
REQUEST		Edit Proposal	1673340244344	1673340245241	KO	status.find.is(200), but actually found 405
USER	Create  Scenario	START	1673340245277
USER	Create  Scenario	END	1673340245283
REQUEST		Edit Proposal	1673340244410	1673340245314	KO	status.find.is(200), but actually found 405
USER	Create  Scenario	START	1673340245344
USER	Create  Scenario	END	1673340245346
USER	Create  Scenario	START	1673340245410
USER	Create  Scenario	END	1673340245418
REQUEST		Edit Proposal	1673340244544	1673340245449	KO	status.find.is(200), but actually found 405
USER	Create  Scenario	START	1673340245477
REQUEST		Edit Proposal	1673340244477	1673340245491	KO	status.find.is(200), but actually found 405
USER	Create  Scenario	END	1673340245507
REQUEST		Edit Proposal	1673340244610	1673340245507	KO	status.find.is(200), but actually found 405
USER	Create  Scenario	END	1673340245536
USER	Create  Scenario	START	1673340245544
USER	Create  Scenario	END	1673340245605
REQUEST		Edit Proposal	1673340244677	1673340245607	KO	status.find.is(200), but actually found 405
USER	Create  Scenario	START	1673340245610
REQUEST		Edit Proposal	1673340244744	1673340245677	KO	status.find.is(200), but actually found 405
USER	Create  Scenario	START	1673340245677
USER	Create  Scenario	END	1673340245682
USER	Create  Scenario	END	1673340245743
REQUEST		Edit Proposal	1673340244810	1673340245744	KO	status.find.is(200), but actually found 405
USER	Create  Scenario	START	1673340245744
REQUEST		Edit Proposal	1673340244877	1673340245800	KO	status.find.is(200), but actually found 405
USER	Create  Scenario	START	1673340245810
USER	Create  Scenario	END	1673340245826
REQUEST		Edit Proposal	1673340244944	1673340245877	KO	status.find.is(200), but actually found 405
USER	Create  Scenario	START	1673340245877
USER	Create  Scenario	END	1673340245886
USER	Create  Scenario	END	1673340245944
USER	Create  Scenario	START	1673340245944
REQUEST		Edit Proposal	1673340245010	1673340245982	KO	status.find.is(200), but actually found 405
USER	Create  Scenario	END	1673340246006
USER	Create  Scenario	START	1673340246009
REQUEST		Edit Proposal	1673340245077	1673340246010	KO	status.find.is(200), but actually found 405
REQUEST		Edit Proposal	1673340245144	1673340246044	KO	status.find.is(200), but actually found 405
USER	Create  Scenario	START	1673340246076
USER	Create  Scenario	END	1673340246104
REQUEST		Edit Proposal	1673340245210	1673340246124	KO	status.find.is(200), but actually found 405
USER	Create  Scenario	START	1673340246143
USER	Create  Scenario	END	1673340246152
REQUEST		Edit Proposal	1673340245277	1673340246192	KO	status.find.is(200), but actually found 405
USER	Create  Scenario	START	1673340246209
USER	Create  Scenario	END	1673340246230
REQUEST		Edit Proposal	1673340245344	1673340246268	KO	status.find.is(200), but actually found 405
USER	Create  Scenario	START	1673340246276
USER	Create  Scenario	END	1673340246292
REQUEST		Edit Proposal	1673340245410	1673340246320	KO	status.find.is(200), but actually found 405
USER	Create  Scenario	START	1673340246344
USER	Create  Scenario	END	1673340246366
REQUEST		Edit Proposal	1673340245477	1673340246400	KO	status.find.is(200), but actually found 405
USER	Create  Scenario	START	1673340246410
USER	Create  Scenario	END	1673340246414
REQUEST		Edit Proposal	1673340245545	1673340246454	KO	status.find.is(200), but actually found 405
USER	Create  Scenario	END	1673340246476
USER	Create  Scenario	START	1673340246476
REQUEST		Edit Proposal	1673340245610	1673340246514	KO	status.find.is(200), but actually found 405
USER	Create  Scenario	START	1673340246544
USER	Create  Scenario	END	1673340246561
REQUEST		Edit Proposal	1673340245677	1673340246587	KO	status.find.is(200), but actually found 405
USER	Create  Scenario	START	1673340246610
USER	Create  Scenario	END	1673340246611
REQUEST		Edit Proposal	1673340245745	1673340246639	KO	status.find.is(200), but actually found 405
USER	Create  Scenario	START	1673340246677
REQUEST		Edit Proposal	1673340245811	1673340246739	KO	status.find.is(200), but actually found 405
USER	Create  Scenario	START	1673340246744
USER	Create  Scenario	END	1673340246751
USER	Create  Scenario	END	1673340246772
REQUEST		Edit Proposal	1673340245878	1673340246786	KO	status.find.is(200), but actually found 405
USER	Create  Scenario	START	1673340246810
USER	Create  Scenario	END	1673340246825
REQUEST		Edit Proposal	1673340245945	1673340246831	KO	status.find.is(200), but actually found 405
USER	Create  Scenario	START	1673340246877
REQUEST		Edit Proposal	1673340246010	1673340246889	KO	status.find.is(200), but actually found 405
USER	Create  Scenario	END	1673340246899
USER	Create  Scenario	START	1673340246944
USER	Create  Scenario	END	1673340246965
REQUEST		Edit Proposal	1673340246077	1673340247003	KO	status.find.is(200), but actually found 405
USER	Create  Scenario	START	1673340247009
REQUEST		Edit Proposal	1673340246144	1673340247013	KO	status.find.is(200), but actually found 405
USER	Create  Scenario	END	1673340247040
USER	Create  Scenario	START	1673340247076
REQUEST		Edit Proposal	1673340246210	1673340247085	KO	status.find.is(200), but actually found 405
USER	Create  Scenario	END	1673340247108
REQUEST		Edit Proposal	1673340246277	1673340247135	KO	status.find.is(200), but actually found 405
USER	Create  Scenario	START	1673340247143
USER	Create  Scenario	END	1673340247161
USER	Create  Scenario	START	1673340247209
REQUEST		Edit Proposal	1673340246344	1673340247211	KO	status.find.is(200), but actually found 405
USER	Create  Scenario	START	1673340247276
REQUEST		Edit Proposal	1673340246410	1673340247286	KO	status.find.is(200), but actually found 405
USER	Create  Scenario	END	1673340247297
USER	Create  Scenario	END	1673340247338
USER	Create  Scenario	START	1673340247343
REQUEST		Edit Proposal	1673340246477	1673340247352	KO	status.find.is(200), but actually found 405
REQUEST		Edit Proposal	1673340246544	1673340247407	KO	status.find.is(200), but actually found 405
USER	Create  Scenario	START	1673340247410
USER	Create  Scenario	END	1673340247427
USER	Create  Scenario	END	1673340247463
USER	Create  Scenario	START	1673340247477
REQUEST		Edit Proposal	1673340246610	1673340247506	KO	status.find.is(200), but actually found 405
USER	Create  Scenario	END	1673340247531
USER	Create  Scenario	START	1673340247544
REQUEST		Edit Proposal	1673340246677	1673340247564	KO	status.find.is(200), but actually found 405
USER	Create  Scenario	START	1673340247610
REQUEST		Edit Proposal	1673340246744	1673340247632	KO	status.find.is(200), but actually found 405
USER	Create  Scenario	END	1673340247668
USER	Create  Scenario	END	1673340247670
USER	Create  Scenario	START	1673340247677
REQUEST		Edit Proposal	1673340246810	1673340247680	KO	status.find.is(200), but actually found 405
USER	Create  Scenario	END	1673340247704
USER	Create  Scenario	START	1673340247744
REQUEST		Edit Proposal	1673340246877	1673340247764	KO	status.find.is(200), but actually found 405
USER	Create  Scenario	END	1673340247808
USER	Create  Scenario	START	1673340247809
REQUEST		Edit Proposal	1673340246944	1673340247813	KO	status.find.is(200), but actually found 405
USER	Create  Scenario	END	1673340247857
USER	Create  Scenario	START	1673340247877
REQUEST		Edit Proposal	1673340247010	1673340247882	KO	status.find.is(200), but actually found 405
USER	Create  Scenario	START	1673340247944
USER	Create  Scenario	END	1673340247951
REQUEST		Edit Proposal	1673340247077	1673340247986	KO	status.find.is(200), but actually found 405
USER	Create  Scenario	END	1673340247993
USER	Create  Scenario	START	1673340248009
REQUEST		Edit Proposal	1673340247143	1673340248019	KO	status.find.is(200), but actually found 405
USER	Create  Scenario	END	1673340248069
USER	Create  Scenario	START	1673340248076
REQUEST		Edit Proposal	1673340247210	1673340248092	KO	status.find.is(200), but actually found 405
USER	Create  Scenario	START	1673340248144
REQUEST		Edit Proposal	1673340247277	1673340248144	KO	status.find.is(200), but actually found 405
USER	Create  Scenario	END	1673340248150
USER	Create  Scenario	END	1673340248178
USER	Create  Scenario	START	1673340248210
REQUEST		Edit Proposal	1673340247344	1673340248226	KO	status.find.is(200), but actually found 405
USER	Create  Scenario	END	1673340248242
USER	Create  Scenario	START	1673340248277
REQUEST		Edit Proposal	1673340247410	1673340248296	KO	status.find.is(200), but actually found 405
USER	Create  Scenario	END	1673340248315
USER	Create  Scenario	START	1673340248344
REQUEST		Edit Proposal	1673340247477	1673340248371	KO	status.find.is(200), but actually found 405
USER	Create  Scenario	START	1673340248410
REQUEST		Edit Proposal	1673340247544	1673340248420	KO	status.find.is(200), but actually found 405
USER	Create  Scenario	END	1673340248450
USER	Create  Scenario	START	1673340248477
USER	Create  Scenario	END	1673340248492
REQUEST		Edit Proposal	1673340247610	1673340248495	KO	status.find.is(200), but actually found 405
USER	Create  Scenario	END	1673340248509
USER	Create  Scenario	START	1673340248544
REQUEST		Edit Proposal	1673340247677	1673340248606	KO	status.find.is(200), but actually found 405
USER	Create  Scenario	END	1673340248608
USER	Create  Scenario	START	1673340248609
REQUEST		Edit Proposal	1673340247744	1673340248628	KO	status.find.is(200), but actually found 405
USER	Create  Scenario	START	1673340248677
USER	Create  Scenario	END	1673340248678
REQUEST		Edit Proposal	1673340247810	1673340248693	KO	status.find.is(200), but actually found 405
USER	Create  Scenario	START	1673340248744
USER	Create  Scenario	END	1673340248745
REQUEST		Edit Proposal	1673340247877	1673340248758	KO	status.find.is(200), but actually found 405
USER	Create  Scenario	END	1673340248801
USER	Create  Scenario	START	1673340248810
REQUEST		Edit Proposal	1673340247944	1673340248855	KO	status.find.is(200), but actually found 405
USER	Create  Scenario	END	1673340248878
USER	Create  Scenario	START	1673340248877
REQUEST		Edit Proposal	1673340248010	1673340248904	KO	status.find.is(200), but actually found 405
USER	Create  Scenario	START	1673340248944
USER	Create  Scenario	END	1673340248983
USER	Create  Scenario	START	1673340249010
USER	Create  Scenario	END	1673340249011
REQUEST		Edit Proposal	1673340248144	1673340249030	KO	status.find.is(200), but actually found 405
USER	Create  Scenario	END	1673340249045
REQUEST		Edit Proposal	1673340248077	1673340249052	KO	status.find.is(200), but actually found 405
USER	Create  Scenario	START	1673340249077
REQUEST		Edit Proposal	1673340248210	1673340249120	KO	status.find.is(200), but actually found 405
USER	Create  Scenario	END	1673340249124
USER	Create  Scenario	START	1673340249144
REQUEST		Edit Proposal	1673340248277	1673340249186	KO	status.find.is(200), but actually found 405
USER	Create  Scenario	END	1673340249193
USER	Create  Scenario	START	1673340249210
REQUEST		Edit Proposal	1673340248344	1673340249255	KO	status.find.is(200), but actually found 405
USER	Create  Scenario	END	1673340249269
USER	Create  Scenario	START	1673340249277
REQUEST		Edit Proposal	1673340248410	1673340249291	KO	status.find.is(200), but actually found 405
USER	Create  Scenario	END	1673340249321
REQUEST		Edit Proposal	1673340248477	1673340249339	KO	status.find.is(200), but actually found 405
USER	Create  Scenario	START	1673340249344
USER	Create  Scenario	END	1673340249402
USER	Create  Scenario	START	1673340249410
REQUEST		Edit Proposal	1673340248544	1673340249424	KO	status.find.is(200), but actually found 405
USER	Create  Scenario	END	1673340249456
USER	Create  Scenario	START	1673340249477
USER	Create  Scenario	END	1673340249515
REQUEST		Edit Proposal	1673340248610	1673340249516	KO	status.find.is(200), but actually found 405
USER	Create  Scenario	START	1673340249544
REQUEST		Edit Proposal	1673340248677	1673340249579	KO	status.find.is(200), but actually found 405
USER	Create  Scenario	END	1673340249589
USER	Create  Scenario	START	1673340249610
REQUEST		Edit Proposal	1673340248744	1673340249622	KO	status.find.is(200), but actually found 405
USER	Create  Scenario	END	1673340249640
USER	Create  Scenario	START	1673340249677
REQUEST		Edit Proposal	1673340248810	1673340249724	KO	status.find.is(200), but actually found 405
USER	Create  Scenario	END	1673340249740
USER	Create  Scenario	START	1673340249744
REQUEST		Edit Proposal	1673340248877	1673340249769	KO	status.find.is(200), but actually found 405
USER	Create  Scenario	END	1673340249787
USER	Create  Scenario	START	1673340249810
REQUEST		Edit Proposal	1673340248944	1673340249817	KO	status.find.is(200), but actually found 405
USER	Create  Scenario	END	1673340249832
USER	Create  Scenario	START	1673340249877
USER	Create  Scenario	END	1673340249890
REQUEST		Edit Proposal	1673340249010	1673340249907	KO	status.find.is(200), but actually found 405
USER	Create  Scenario	START	1673340249944
REQUEST		Edit Proposal	1673340249078	1673340249950	KO	status.find.is(200), but actually found 405
USER	Create  Scenario	END	1673340250005
USER	Create  Scenario	START	1673340250010
USER	Create  Scenario	END	1673340250014
REQUEST		Edit Proposal	1673340249144	1673340250024	KO	status.find.is(200), but actually found 405
USER	Create  Scenario	START	1673340250077
USER	Create  Scenario	END	1673340250086
REQUEST		Edit Proposal	1673340249210	1673340250102	KO	status.find.is(200), but actually found 405
USER	Create  Scenario	END	1673340250136
USER	Create  Scenario	START	1673340250144
REQUEST		Edit Proposal	1673340249277	1673340250151	KO	status.find.is(200), but actually found 405
REQUEST		Edit Proposal	1673340249345	1673340250205	KO	status.find.is(200), but actually found 405
USER	Create  Scenario	START	1673340250209
USER	Create  Scenario	END	1673340250211
USER	Create  Scenario	START	1673340250277
USER	Create  Scenario	END	1673340250287
REQUEST		Edit Proposal	1673340249411	1673340250331	KO	status.find.is(200), but actually found 405
USER	Create  Scenario	START	1673340250344
REQUEST		Edit Proposal	1673340249477	1673340250344	KO	status.find.is(200), but actually found 405
USER	Create  Scenario	END	1673340250353
REQUEST		Edit Proposal	1673340249545	1673340250404	KO	status.find.is(200), but actually found 405
USER	Create  Scenario	END	1673340250408
USER	Create  Scenario	START	1673340250409
REQUEST		Edit Proposal	1673340249611	1673340250473	KO	status.find.is(200), but actually found 405
USER	Create  Scenario	START	1673340250476
USER	Create  Scenario	END	1673340250507
USER	Create  Scenario	START	1673340250544
USER	Create  Scenario	END	1673340250565
REQUEST		Edit Proposal	1673340249678	1673340250583	KO	status.find.is(200), but actually found 405
REQUEST		Edit Proposal	1673340249745	1673340250602	KO	status.find.is(200), but actually found 405
USER	Create  Scenario	START	1673340250610
USER	Create  Scenario	END	1673340250633
USER	Create  Scenario	START	1673340250677
USER	Create  Scenario	END	1673340250681
USER	Create  Scenario	START	1673340250744
USER	Create  Scenario	END	1673340250765
REQUEST		Edit Proposal	1673340249811	1673340250778	KO	status.find.is(200), but actually found 405
REQUEST		Edit Proposal	1673340249878	1673340250779	KO	status.find.is(200), but actually found 405
USER	Create  Scenario	START	1673340250810
USER	Create  Scenario	END	1673340250815
USER	Create  Scenario	START	1673340250877
USER	Create  Scenario	END	1673340250883
USER	Create  Scenario	START	1673340250944
USER	Create  Scenario	END	1673340250987
USER	Create  Scenario	START	1673340251009
USER	Create  Scenario	END	1673340251020
USER	Create  Scenario	START	1673340251077
REQUEST		Edit Proposal	1673340249945	1673340251085	KO	status.find.is(200), but actually found 405
REQUEST		Edit Proposal	1673340250077	1673340251085	KO	status.find.is(200), but actually found 405
USER	Create  Scenario	END	1673340251093
USER	Create  Scenario	START	1673340251144
USER	Create  Scenario	END	1673340251145
USER	Create  Scenario	START	1673340251210
USER	Create  Scenario	END	1673340251227
USER	Create  Scenario	START	1673340251277
USER	Create  Scenario	END	1673340251298
USER	Create  Scenario	START	1673340251344
USER	Create  Scenario	END	1673340251372
USER	Create  Scenario	START	1673340251410
USER	Create  Scenario	END	1673340251421
USER	Create  Scenario	START	1673340251477
USER	Create  Scenario	END	1673340251496
USER	Create  Scenario	START	1673340251544
USER	Create  Scenario	END	1673340251607
USER	Create  Scenario	START	1673340251610
USER	Create  Scenario	END	1673340251629
USER	Create  Scenario	START	1673340251677
USER	Create  Scenario	END	1673340251694
USER	Create  Scenario	START	1673340251744
USER	Create  Scenario	END	1673340251759
USER	Create  Scenario	START	1673340251810
USER	Create  Scenario	END	1673340251856
USER	Create  Scenario	START	1673340251877
USER	Create  Scenario	END	1673340251905
USER	Create  Scenario	START	1673340251944
USER	Create  Scenario	START	1673340252009
USER	Create  Scenario	END	1673340252031
USER	Create  Scenario	END	1673340252053
USER	Create  Scenario	START	1673340252076
USER	Create  Scenario	END	1673340252121
USER	Create  Scenario	START	1673340252143
USER	Create  Scenario	END	1673340252187
USER	Create  Scenario	START	1673340252209
USER	Create  Scenario	END	1673340252256
USER	Create  Scenario	START	1673340252277
USER	Create  Scenario	END	1673340252292
USER	Create  Scenario	END	1673340252340
USER	Create  Scenario	START	1673340252344
USER	Create  Scenario	START	1673340252410
USER	Create  Scenario	END	1673340252425
USER	Create  Scenario	START	1673340252477
REQUEST		Edit Proposal	1673340250010	1673340252501	KO	status.find.is(200), but actually found 405
USER	Create  Scenario	END	1673340252517
USER	Create  Scenario	START	1673340252544
USER	Create  Scenario	END	1673340252581
USER	Create  Scenario	START	1673340252610
USER	Create  Scenario	END	1673340252624
USER	Create  Scenario	START	1673340252677
USER	Create  Scenario	END	1673340252725
USER	Create  Scenario	START	1673340252744
USER	Create  Scenario	END	1673340252770
USER	Create  Scenario	START	1673340252810
USER	Create  Scenario	END	1673340252819
USER	Create  Scenario	START	1673340252877
USER	Create  Scenario	END	1673340252908
USER	Create  Scenario	START	1673340252944
USER	Create  Scenario	END	1673340252952
USER	Create  Scenario	START	1673340253009
USER	Create  Scenario	END	1673340253025
USER	Create  Scenario	START	1673340253076
USER	Create  Scenario	END	1673340253104
USER	Create  Scenario	START	1673340253143
USER	Create  Scenario	END	1673340253152
USER	Create  Scenario	END	1673340253206
USER	Create  Scenario	START	1673340253209
USER	Create  Scenario	START	1673340253276
USER	Create  Scenario	END	1673340253333
USER	Create  Scenario	START	1673340253343
USER	Create  Scenario	END	1673340253345
USER	Create  Scenario	END	1673340253405
USER	Create  Scenario	START	1673340253409
USER	Create  Scenario	END	1673340253474
USER	Create  Scenario	START	1673340253476
USER	Create  Scenario	START	1673340253543
USER	Create  Scenario	END	1673340253585
USER	Create  Scenario	END	1673340253602
USER	Create  Scenario	START	1673340253609
USER	Create  Scenario	START	1673340253676
REQUEST		Edit Proposal	1673340250344	1673340253687	KO	status.find.is(200), but actually found 405
REQUEST		Edit Proposal	1673340250210	1673340253687	KO	status.find.is(200), but actually found 405
REQUEST		Edit Proposal	1673340250277	1673340253688	KO	status.find.is(200), but actually found 405
REQUEST		Edit Proposal	1673340250610	1673340253690	KO	status.find.is(200), but actually found 405
USER	Create  Scenario	START	1673340253743
USER	Create  Scenario	END	1673340253779
USER	Create  Scenario	END	1673340253779
USER	Create  Scenario	START	1673340253810
REQUEST		Edit Proposal	1673340250410	1673340253822	KO	status.find.is(200), but actually found 405
REQUEST		Edit Proposal	1673340250144	1673340253825	KO	status.find.is(200), but actually found 405
USER	Create  Scenario	START	1673340253876
USER	Create  Scenario	START	1673340253944
USER	Create  Scenario	START	1673340254009
USER	Create  Scenario	START	1673340254077
USER	Create  Scenario	END	1673340254086
USER	Create  Scenario	END	1673340254086
USER	Create  Scenario	START	1673340254143
REQUEST		Edit Proposal	1673340251010	1673340254158	KO	status.find.is(200), but actually found 405
REQUEST		Edit Proposal	1673340251077	1673340254164	KO	status.find.is(200), but actually found 405
REQUEST		Edit Proposal	1673340250877	1673340254164	KO	status.find.is(200), but actually found 405
REQUEST		Edit Proposal	1673340250544	1673340254165	KO	status.find.is(200), but actually found 405
REQUEST		Edit Proposal	1673340250477	1673340254165	KO	status.find.is(200), but actually found 405
REQUEST		Edit Proposal	1673340250677	1673340254165	KO	status.find.is(200), but actually found 405
REQUEST		Edit Proposal	1673340250810	1673340254165	KO	status.find.is(200), but actually found 405
USER	Create  Scenario	START	1673340254209
USER	Create  Scenario	START	1673340254276
USER	Create  Scenario	START	1673340254343
REQUEST		Edit Proposal	1673340250744	1673340254359	KO	status.find.is(200), but actually found 405
REQUEST		Edit Proposal	1673340252277	1673340254360	KO	status.find.is(200), but actually found 405
REQUEST		Edit Proposal	1673340253210	1673340254360	KO	status.find.is(200), but actually found 405
REQUEST		Edit Proposal	1673340252877	1673340254360	KO	status.find.is(200), but actually found 405
REQUEST		Edit Proposal	1673340252944	1673340254361	KO	status.find.is(200), but actually found 405
REQUEST		Edit Proposal	1673340252544	1673340254361	KO	status.find.is(200), but actually found 405
REQUEST		Edit Proposal	1673340251410	1673340254361	KO	status.find.is(200), but actually found 405
REQUEST		Edit Proposal	1673340251477	1673340254362	KO	status.find.is(200), but actually found 405
REQUEST		Edit Proposal	1673340251544	1673340254362	KO	status.find.is(200), but actually found 405
REQUEST		Edit Proposal	1673340250944	1673340254364	KO	status.find.is(200), but actually found 405
REQUEST		Edit Proposal	1673340251277	1673340254364	KO	status.find.is(200), but actually found 405
REQUEST		Edit Proposal	1673340251677	1673340254364	KO	status.find.is(200), but actually found 405
REQUEST		Edit Proposal	1673340251210	1673340254364	KO	status.find.is(200), but actually found 405
REQUEST		Edit Proposal	1673340251744	1673340254364	KO	status.find.is(200), but actually found 405
REQUEST		Edit Proposal	1673340251877	1673340254364	KO	status.find.is(200), but actually found 405
REQUEST		Edit Proposal	1673340252344	1673340254364	KO	status.find.is(200), but actually found 405
REQUEST		Edit Proposal	1673340251810	1673340254365	KO	status.find.is(200), but actually found 405
REQUEST		Edit Proposal	1673340252477	1673340254365	KO	status.find.is(200), but actually found 405
REQUEST		Edit Proposal	1673340252210	1673340254365	KO	status.find.is(200), but actually found 405
REQUEST		Edit Proposal	1673340251144	1673340254365	KO	status.find.is(200), but actually found 405
REQUEST		Edit Proposal	1673340252144	1673340254365	KO	status.find.is(200), but actually found 405
REQUEST		Edit Proposal	1673340251944	1673340254365	KO	status.find.is(200), but actually found 405
REQUEST		Edit Proposal	1673340252410	1673340254366	KO	status.find.is(200), but actually found 405
REQUEST		Edit Proposal	1673340252010	1673340254368	KO	status.find.is(200), but actually found 405
REQUEST		Edit Proposal	1673340251344	1673340254374	KO	status.find.is(200), but actually found 405
REQUEST		Edit Proposal	1673340251610	1673340254385	KO	status.find.is(200), but actually found 405
USER	Create  Scenario	START	1673340254410
REQUEST		Edit Proposal	1673340253277	1673340254469	KO	status.find.is(200), but actually found 405
USER	Create  Scenario	START	1673340254476
USER	Create  Scenario	START	1673340254544
REQUEST		Edit Proposal	1673340252077	1673340254556	KO	status.find.is(200), but actually found 405
REQUEST		Edit Proposal	1673340253010	1673340254556	KO	status.find.is(200), but actually found 405
REQUEST		Edit Proposal	1673340253077	1673340254560	KO	status.find.is(200), but actually found 405
REQUEST		Edit Proposal	1673340252677	1673340254560	KO	status.find.is(200), but actually found 405
REQUEST		Edit Proposal	1673340253344	1673340254560	KO	status.find.is(200), but actually found 405
REQUEST		Edit Proposal	1673340252810	1673340254560	KO	status.find.is(200), but actually found 405
REQUEST		Edit Proposal	1673340252744	1673340254560	KO	status.find.is(200), but actually found 405
REQUEST		Edit Proposal	1673340252610	1673340254560	KO	status.find.is(200), but actually found 405
REQUEST		Edit Proposal	1673340253144	1673340254560	KO	status.find.is(200), but actually found 405
USER	Create  Scenario	START	1673340254610
USER	Create  Scenario	START	1673340254677
USER	Create  Scenario	START	1673340254744
REQUEST		Edit Proposal	1673340253544	1673340254772	KO	status.find.is(200), but actually found 405
REQUEST		Edit Proposal	1673340253609	1673340254772	KO	status.find.is(200), but actually found 405
REQUEST		Edit Proposal	1673340253477	1673340254772	KO	status.find.is(200), but actually found 405
REQUEST		Edit Proposal	1673340253410	1673340254772	KO	status.find.is(200), but actually found 405
REQUEST		Edit Proposal	1673340253677	1673340254773	KO	status.find.is(200), but actually found 405
USER	Create  Scenario	START	1673340254810
REQUEST		Edit Proposal	1673340253744	1673340254852	KO	status.find.is(200), but actually found 405
REQUEST		Edit Proposal	1673340253810	1673340254861	KO	status.find.is(200), but actually found 405
USER	Create  Scenario	START	1673340254877
USER	Create  Scenario	START	1673340254944
USER	Create  Scenario	START	1673340255010
REQUEST		Edit Proposal	1673340253944	1673340255070	KO	status.find.is(200), but actually found 405
REQUEST		Edit Proposal	1673340253877	1673340255070	KO	status.find.is(200), but actually found 405
USER	Create  Scenario	START	1673340255077
REQUEST		Edit Proposal	1673340254010	1673340255131	KO	status.find.is(200), but actually found 405
REQUEST		Edit Proposal	1673340254210	1673340255137	KO	status.find.is(200), but actually found 405
REQUEST		Edit Proposal	1673340254144	1673340255141	KO	status.find.is(200), but actually found 405
USER	Create  Scenario	START	1673340255144
REQUEST		Edit Proposal	1673340254077	1673340255144	KO	status.find.is(200), but actually found 405
REQUEST		Edit Proposal	1673340254344	1673340255206	KO	status.find.is(200), but actually found 405
USER	Create  Scenario	START	1673340255210
USER	Create  Scenario	START	1673340255277
USER	Create  Scenario	START	1673340255344
REQUEST		Edit Proposal	1673340254410	1673340255362	KO	status.find.is(200), but actually found 405
REQUEST		Edit Proposal	1673340254277	1673340255391	KO	status.find.is(200), but actually found 405
USER	Create  Scenario	START	1673340255410
REQUEST		Edit Proposal	1673340254477	1673340255414	KO	status.find.is(200), but actually found 405
REQUEST		Edit Proposal	1673340254544	1673340255416	KO	status.find.is(200), but actually found 405
USER	Create  Scenario	START	1673340255477
REQUEST		Edit Proposal	1673340254610	1673340255493	KO	status.find.is(200), but actually found 405
USER	Create  Scenario	END	1673340255502
USER	Create  Scenario	START	1673340255544
USER	Create  Scenario	START	1673340255610
REQUEST		Edit Proposal	1673340254677	1673340255664	KO	status.find.is(200), but actually found 405
REQUEST		Edit Proposal	1673340254744	1673340255666	KO	status.find.is(200), but actually found 405
USER	Create  Scenario	START	1673340255677
REQUEST		Edit Proposal	1673340254810	1673340255679	KO	status.find.is(200), but actually found 405
USER	Create  Scenario	START	1673340255744
REQUEST		Edit Proposal	1673340254877	1673340255745	KO	status.find.is(200), but actually found 405
USER	Create  Scenario	START	1673340255810
REQUEST		Edit Proposal	1673340254944	1673340255852	KO	status.find.is(200), but actually found 405
USER	Create  Scenario	START	1673340255877
REQUEST		Edit Proposal	1673340255010	1673340255920	KO	status.find.is(200), but actually found 405
USER	Create  Scenario	START	1673340255944
USER	Create  Scenario	START	1673340256009
REQUEST		Edit Proposal	1673340255077	1673340256052	KO	status.find.is(200), but actually found 405
REQUEST		Edit Proposal	1673340255144	1673340256062	KO	status.find.is(200), but actually found 405
USER	Create  Scenario	START	1673340256076
USER	Create  Scenario	START	1673340256143
USER	Create  Scenario	START	1673340256209
USER	Create  Scenario	START	1673340256276
REQUEST		Edit Proposal	1673340255210	1673340256280	KO	status.find.is(200), but actually found 405
REQUEST		Edit Proposal	1673340255277	1673340256332	KO	status.find.is(200), but actually found 405
REQUEST		Edit Proposal	1673340255410	1673340256340	KO	status.find.is(200), but actually found 405
USER	Create  Scenario	START	1673340256343
USER	Create  Scenario	START	1673340256409
REQUEST		Edit Proposal	1673340255344	1673340256456	KO	status.find.is(200), but actually found 405
USER	Create  Scenario	START	1673340256476
USER	Create  Scenario	START	1673340256543
REQUEST		Edit Proposal	1673340255545	1673340256603	KO	status.find.is(200), but actually found 405
REQUEST		Edit Proposal	1673340255611	1673340256606	KO	status.find.is(200), but actually found 405
USER	Create  Scenario	START	1673340256609
REQUEST		Edit Proposal	1673340255477	1673340256616	KO	status.find.is(200), but actually found 405
REQUEST		Edit Proposal	1673340255677	1673340256630	KO	status.find.is(200), but actually found 405
USER	Create  Scenario	START	1673340256676
USER	Create  Scenario	END	1673340256689
USER	Create  Scenario	END	1673340256689
USER	Create  Scenario	END	1673340256689
USER	Create  Scenario	END	1673340256691
USER	Create  Scenario	START	1673340256743
USER	Create  Scenario	START	1673340256809
USER	Create  Scenario	END	1673340256824
USER	Create  Scenario	END	1673340256826
REQUEST		Edit Proposal	1673340255745	1673340256864	KO	status.find.is(200), but actually found 405
USER	Create  Scenario	START	1673340256877
REQUEST		Edit Proposal	1673340255878	1673340256887	KO	status.find.is(200), but actually found 405
REQUEST		Edit Proposal	1673340255811	1673340256903	KO	status.find.is(200), but actually found 405
REQUEST		Edit Proposal	1673340256009	1673340256909	KO	status.find.is(200), but actually found 405
USER	Create  Scenario	START	1673340256943
REQUEST		Edit Proposal	1673340255945	1673340256956	KO	status.find.is(200), but actually found 405
USER	Create  Scenario	START	1673340257009
REQUEST		Edit Proposal	1673340256077	1673340257043	KO	status.find.is(200), but actually found 405
REQUEST		Edit Proposal	1673340256144	1673340257053	KO	status.find.is(200), but actually found 405
USER	Create  Scenario	START	1673340257077
REQUEST		Edit Proposal	1673340256210	1673340257120	KO	status.find.is(200), but actually found 405
REQUEST		Edit Proposal	1673340256276	1673340257137	KO	status.find.is(200), but actually found 405
USER	Create  Scenario	START	1673340257144
USER	Create  Scenario	END	1673340257159
USER	Create  Scenario	END	1673340257164
USER	Create  Scenario	END	1673340257165
USER	Create  Scenario	END	1673340257165
USER	Create  Scenario	END	1673340257165
USER	Create  Scenario	END	1673340257165
USER	Create  Scenario	END	1673340257165
USER	Create  Scenario	START	1673340257209
REQUEST		Edit Proposal	1673340256344	1673340257236	KO	status.find.is(200), but actually found 405
REQUEST		Edit Proposal	1673340256409	1673340257274	KO	status.find.is(200), but actually found 405
USER	Create  Scenario	START	1673340257276
USER	Create  Scenario	START	1673340257344
REQUEST		Edit Proposal	1673340256477	1673340257346	KO	status.find.is(200), but actually found 405
USER	Create  Scenario	END	1673340257360
USER	Create  Scenario	END	1673340257361
USER	Create  Scenario	END	1673340257361
USER	Create  Scenario	END	1673340257361
USER	Create  Scenario	END	1673340257361
USER	Create  Scenario	END	1673340257361
USER	Create  Scenario	END	1673340257362
USER	Create  Scenario	END	1673340257362
USER	Create  Scenario	END	1673340257362
USER	Create  Scenario	END	1673340257364
USER	Create  Scenario	END	1673340257364
USER	Create  Scenario	END	1673340257364
USER	Create  Scenario	END	1673340257364
USER	Create  Scenario	END	1673340257365
USER	Create  Scenario	END	1673340257365
USER	Create  Scenario	END	1673340257365
USER	Create  Scenario	END	1673340257365
USER	Create  Scenario	END	1673340257365
USER	Create  Scenario	END	1673340257365
USER	Create  Scenario	END	1673340257365
USER	Create  Scenario	END	1673340257365
USER	Create  Scenario	END	1673340257366
USER	Create  Scenario	END	1673340257366
USER	Create  Scenario	END	1673340257369
USER	Create  Scenario	END	1673340257374
USER	Create  Scenario	END	1673340257386
USER	Create  Scenario	START	1673340257410
REQUEST		Edit Proposal	1673340256544	1673340257417	KO	status.find.is(200), but actually found 405
USER	Create  Scenario	END	1673340257469
USER	Create  Scenario	START	1673340257477
REQUEST		Edit Proposal	1673340256610	1673340257533	KO	status.find.is(200), but actually found 405
USER	Create  Scenario	START	1673340257543
REQUEST		Edit Proposal	1673340256677	1673340257551	KO	status.find.is(200), but actually found 405
USER	Create  Scenario	END	1673340257557
USER	Create  Scenario	END	1673340257558
USER	Create  Scenario	END	1673340257560
USER	Create  Scenario	END	1673340257560
USER	Create  Scenario	END	1673340257560
USER	Create  Scenario	END	1673340257560
USER	Create  Scenario	END	1673340257560
USER	Create  Scenario	END	1673340257560
USER	Create  Scenario	END	1673340257560
USER	Create  Scenario	START	1673340257610
REQUEST		Edit Proposal	1673340256744	1673340257630	KO	status.find.is(200), but actually found 405
USER	Create  Scenario	START	1673340257676
REQUEST		Edit Proposal	1673340256810	1673340257704	KO	status.find.is(200), but actually found 405
REQUEST		Edit Proposal	1673340256877	1673340257733	KO	status.find.is(200), but actually found 405
USER	Create  Scenario	START	1673340257744
USER	Create  Scenario	END	1673340257773
USER	Create  Scenario	END	1673340257773
USER	Create  Scenario	END	1673340257773
USER	Create  Scenario	END	1673340257773
USER	Create  Scenario	END	1673340257774
USER	Create  Scenario	START	1673340257810
REQUEST		Edit Proposal	1673340256944	1673340257816	KO	status.find.is(200), but actually found 405
USER	Create  Scenario	END	1673340257852
USER	Create  Scenario	END	1673340257861
USER	Create  Scenario	START	1673340257877
REQUEST		Edit Proposal	1673340257010	1673340257887	KO	status.find.is(200), but actually found 405
USER	Create  Scenario	START	1673340257944
REQUEST		Edit Proposal	1673340257077	1673340257954	KO	status.find.is(200), but actually found 405
REQUEST		Edit Proposal	1673340257144	1673340258004	KO	status.find.is(200), but actually found 405
USER	Create  Scenario	START	1673340258009
USER	Create  Scenario	END	1673340258071
USER	Create  Scenario	END	1673340258071
REQUEST		Edit Proposal	1673340257210	1673340258072	KO	status.find.is(200), but actually found 405
USER	Create  Scenario	START	1673340258076
USER	Create  Scenario	END	1673340258132
USER	Create  Scenario	END	1673340258138
USER	Create  Scenario	END	1673340258142
USER	Create  Scenario	START	1673340258143
USER	Create  Scenario	END	1673340258145
REQUEST		Edit Proposal	1673340257277	1673340258146	KO	status.find.is(200), but actually found 405
USER	Create  Scenario	END	1673340258207
USER	Create  Scenario	START	1673340258209
REQUEST		Edit Proposal	1673340257344	1673340258219	KO	status.find.is(200), but actually found 405
REQUEST		Edit Proposal	1673340257410	1673340258266	KO	status.find.is(200), but actually found 405
USER	Create  Scenario	START	1673340258276
REQUEST		Edit Proposal	1673340257477	1673340258341	KO	status.find.is(200), but actually found 405
USER	Create  Scenario	START	1673340258343
USER	Create  Scenario	END	1673340258363
USER	Create  Scenario	END	1673340258392
REQUEST		Edit Proposal	1673340257544	1673340258401	KO	status.find.is(200), but actually found 405
USER	Create  Scenario	START	1673340258409
USER	Create  Scenario	END	1673340258415
USER	Create  Scenario	END	1673340258417
USER	Create  Scenario	START	1673340258476
USER	Create  Scenario	END	1673340258494
REQUEST		Edit Proposal	1673340257677	1673340258539	KO	status.find.is(200), but actually found 405
REQUEST		Edit Proposal	1673340257610	1673340258539	KO	status.find.is(200), but actually found 405
USER	Create  Scenario	START	1673340258543
USER	Create  Scenario	START	1673340258609
REQUEST		Edit Proposal	1673340257744	1673340258612	KO	status.find.is(200), but actually found 405
USER	Create  Scenario	END	1673340258665
USER	Create  Scenario	END	1673340258667
USER	Create  Scenario	START	1673340258676
REQUEST		Edit Proposal	1673340257810	1673340258679	KO	status.find.is(200), but actually found 405
USER	Create  Scenario	END	1673340258680
USER	Create  Scenario	START	1673340258743
USER	Create  Scenario	END	1673340258746
REQUEST		Edit Proposal	1673340257877	1673340258801	KO	status.find.is(200), but actually found 405
USER	Create  Scenario	START	1673340258809
REQUEST		Edit Proposal	1673340257944	1673340258832	KO	status.find.is(200), but actually found 405
USER	Create  Scenario	END	1673340258853
USER	Create  Scenario	START	1673340258876
REQUEST		Edit Proposal	1673340258010	1673340258884	KO	status.find.is(200), but actually found 405
USER	Create  Scenario	END	1673340258921
USER	Create  Scenario	START	1673340258943
REQUEST		Edit Proposal	1673340258077	1673340258965	KO	status.find.is(200), but actually found 405
REQUEST		Edit Proposal	1673340258144	1673340259008	KO	status.find.is(200), but actually found 405
USER	Create  Scenario	START	1673340259010
USER	Create  Scenario	END	1673340259053
USER	Create  Scenario	END	1673340259062
USER	Create  Scenario	START	1673340259077
REQUEST		Edit Proposal	1673340258209	1673340259112	KO	status.find.is(200), but actually found 405
REQUEST		Edit Proposal	1673340258277	1673340259144	KO	status.find.is(200), but actually found 405
USER	Create  Scenario	START	1673340259144
USER	Create  Scenario	START	1673340259210
REQUEST		Edit Proposal	1673340258344	1673340259240	KO	status.find.is(200), but actually found 405
REQUEST		Edit Proposal	1673340258409	1673340259273	KO	status.find.is(200), but actually found 405
USER	Create  Scenario	START	1673340259277
USER	Create  Scenario	END	1673340259281
USER	Create  Scenario	END	1673340259333
USER	Create  Scenario	END	1673340259341
USER	Create  Scenario	START	1673340259344
REQUEST		Edit Proposal	1673340258477	1673340259356	KO	status.find.is(200), but actually found 405
USER	Create  Scenario	START	1673340259410
REQUEST		Edit Proposal	1673340258543	1673340259414	KO	status.find.is(200), but actually found 405
USER	Create  Scenario	END	1673340259457
USER	Create  Scenario	START	1673340259477
REQUEST		Edit Proposal	1673340258610	1673340259486	KO	status.find.is(200), but actually found 405
USER	Create  Scenario	START	1673340259544
REQUEST		Edit Proposal	1673340258677	1673340259548	KO	status.find.is(200), but actually found 405
USER	Create  Scenario	END	1673340259604
USER	Create  Scenario	END	1673340259607
USER	Create  Scenario	START	1673340259610
USER	Create  Scenario	END	1673340259617
REQUEST		Edit Proposal	1673340258744	1673340259620	KO	status.find.is(200), but actually found 405
USER	Create  Scenario	END	1673340259631
REQUEST		Edit Proposal	1673340258810	1673340259675	KO	status.find.is(200), but actually found 405
USER	Create  Scenario	START	1673340259677
USER	Create  Scenario	START	1673340259744
REQUEST		Edit Proposal	1673340258877	1673340259764	KO	status.find.is(200), but actually found 405
REQUEST		Edit Proposal	1673340258944	1673340259807	KO	status.find.is(200), but actually found 405
USER	Create  Scenario	START	1673340259810
REQUEST		Edit Proposal	1673340259010	1673340259864	KO	status.find.is(200), but actually found 405
USER	Create  Scenario	END	1673340259865
USER	Create  Scenario	START	1673340259877
USER	Create  Scenario	END	1673340259888
USER	Create  Scenario	END	1673340259904
USER	Create  Scenario	END	1673340259910
USER	Create  Scenario	START	1673340259944
REQUEST		Edit Proposal	1673340259077	1673340259954	KO	status.find.is(200), but actually found 405
USER	Create  Scenario	END	1673340259957
USER	Create  Scenario	START	1673340260009
REQUEST		Edit Proposal	1673340259144	1673340260014	KO	status.find.is(200), but actually found 405
USER	Create  Scenario	END	1673340260044
USER	Create  Scenario	END	1673340260054
REQUEST		Edit Proposal	1673340259210	1673340260071	KO	status.find.is(200), but actually found 405
USER	Create  Scenario	START	1673340260076
USER	Create  Scenario	END	1673340260121
REQUEST		Edit Proposal	1673340259277	1673340260130	KO	status.find.is(200), but actually found 405
USER	Create  Scenario	END	1673340260138
USER	Create  Scenario	START	1673340260143
USER	Create  Scenario	START	1673340260210
REQUEST		Edit Proposal	1673340259344	1673340260213	KO	