RUN	Simulations.Create	create	1672835421604	 	3.5.1
USER	Create  Scenario	START	1672835427628
USER	Create  Scenario	START	1672835428624
USER	Create  Scenario	START	1672835429624
USER	Create  Scenario	START	1672835430624
USER	Create  Scenario	START	1672835431624
REQUEST		my Proposal	1672835427652	1672835431727	OK	 
USER	Create  Scenario	START	1672835432623
REQUEST		my Proposal	1672835428625	1672835432717	OK	 
USER	Create  Scenario	START	1672835433623
REQUEST		my Proposal	1672835429625	1672835433787	OK	 
USER	Create  Scenario	START	1672835434624
REQUEST		my Proposal	1672835430624	1672835434700	OK	 
REQUEST		Proposal	1672835434748	1672835435045	OK	 
USER	Create  Scenario	START	1672835435624
REQUEST		Proposal	1672835435718	1672835436015	OK	 
USER	Create  Scenario	START	1672835436624
REQUEST		my Proposal	1672835432624	1672835436660	OK	 
REQUEST		Proposal	1672835436788	1672835437086	OK	 
USER	Create  Scenario	START	1672835437623
REQUEST		my Proposal	1672835433624	1672835437699	OK	 
REQUEST		Proposal	1672835437702	1672835438007	OK	 
REQUEST		Edit Proposal	1672835438046	1672835438339	KO	status.find.is(200), but actually found 404
USER	Create  Scenario	START	1672835438625
REQUEST		my Proposal	1672835434625	1672835438731	OK	 
REQUEST		Edit Proposal	1672835439016	1672835439308	KO	status.find.is(200), but actually found 404
USER	Create  Scenario	START	1672835439623
REQUEST		Proposal	1672835439661	1672835439959	OK	 
USER	Create  Scenario	START	1672835440624
REQUEST		Edit Proposal	1672835440087	1672835440965	KO	status.find.is(200), but actually found 404
REQUEST		my Proposal	1672835435624	1672835440965	OK	 
REQUEST		Proposal	1672835440700	1672835441002	OK	 
REQUEST		my Proposal	1672835436624	1672835441210	OK	 
REQUEST		Edit Proposal	1672835441008	1672835441317	KO	status.find.is(200), but actually found 404
USER	Create  Scenario	END	1672835441346
USER	Create  Scenario	START	1672835441623
REQUEST		Proposal	1672835441733	1672835442037	OK	 
USER	Create  Scenario	END	1672835442309
REQUEST		my Proposal	1672835437624	1672835442580	OK	 
USER	Create  Scenario	START	1672835442624
REQUEST		Edit Proposal	1672835442959	1672835443257	KO	status.find.is(200), but actually found 404
USER	Create  Scenario	START	1672835443624
REQUEST		my Proposal	1672835439624	1672835443927	OK	 
USER	Create  Scenario	END	1672835443967
REQUEST		Proposal	1672835443966	1672835444263	OK	 
REQUEST		Edit Proposal	1672835444003	1672835444300	KO	status.find.is(200), but actually found 404
USER	Create  Scenario	END	1672835444318
REQUEST		Proposal	1672835444211	1672835444516	OK	 
USER	Create  Scenario	START	1672835444624
REQUEST		Edit Proposal	1672835445038	1672835445417	KO	status.find.is(200), but actually found 404
USER	Create  Scenario	START	1672835445623
REQUEST		my Proposal	1672835440624	1672835445773	OK	 
REQUEST		my Proposal	1672835441624	1672835445839	OK	 
REQUEST		Proposal	1672835445582	1672835445881	OK	 
USER	Create  Scenario	END	1672835446258
USER	Create  Scenario	START	1672835446624
REQUEST		my Proposal	1672835438625	1672835446628	OK	 
REQUEST		Proposal	1672835446928	1672835447234	OK	 
USER	Create  Scenario	END	1672835447302
REQUEST		my Proposal	1672835442624	1672835447512	OK	 
REQUEST		Edit Proposal	1672835447265	1672835447563	KO	status.find.is(200), but actually found 404
USER	Create  Scenario	START	1672835447624
REQUEST		Edit Proposal	1672835447518	1672835447811	KO	status.find.is(200), but actually found 404
USER	Create  Scenario	END	1672835448417
USER	Create  Scenario	START	1672835448624
REQUEST		my Proposal	1672835444624	1672835448741	OK	 
REQUEST		Proposal	1672835448774	1672835449084	OK	 
REQUEST		Proposal	1672835448840	1672835449136	OK	 
REQUEST		Edit Proposal	1672835448882	1672835449178	KO	status.find.is(200), but actually found 404
USER	Create  Scenario	START	1672835449623
REQUEST		my Proposal	1672835445624	1672835449759	OK	 
REQUEST		Proposal	1672835449629	1672835449936	OK	 
REQUEST		Edit Proposal	1672835450236	1672835450548	KO	status.find.is(200), but actually found 404
USER	Create  Scenario	END	1672835450564
USER	Create  Scenario	START	1672835450623
USER	Create  Scenario	END	1672835450813
REQUEST		Proposal	1672835450513	1672835450817	OK	 
USER	Create  Scenario	START	1672835451624
REQUEST		my Proposal	1672835446624	1672835451625	OK	 
REQUEST		Proposal	1672835451742	1672835452050	OK	 
USER	Create  Scenario	END	1672835452180
REQUEST		Edit Proposal	1672835452085	1672835452384	KO	status.find.is(200), but actually found 404
REQUEST		Edit Proposal	1672835452137	1672835452431	KO	status.find.is(200), but actually found 404
REQUEST		my Proposal	1672835447624	1672835452567	OK	 
USER	Create  Scenario	START	1672835452623
REQUEST		my Proposal	1672835448624	1672835452887	OK	 
REQUEST		Proposal	1672835452760	1672835453060	OK	 
REQUEST		Edit Proposal	1672835452937	1672835453233	KO	status.find.is(200), but actually found 404
USER	Create  Scenario	END	1672835453549
USER	Create  Scenario	START	1672835453624
REQUEST		my Proposal	1672835431624	1672835453963	OK	 
REQUEST		Edit Proposal	1672835453818	1672835454129	KO	status.find.is(200), but actually found 404
USER	Create  Scenario	START	1672835454624
REQUEST		my Proposal	1672835450624	1672835454876	OK	 
REQUEST		Proposal	1672835454626	1672835454931	OK	 
REQUEST		Edit Proposal	1672835455051	1672835455347	KO	status.find.is(200), but actually found 404
USER	Create  Scenario	END	1672835455385
USER	Create  Scenario	END	1672835455433
USER	Create  Scenario	START	1672835455623
REQUEST		Proposal	1672835455568	1672835455863	OK	 
REQUEST		Proposal	1672835455888	1672835456192	OK	 
USER	Create  Scenario	END	1672835456235
REQUEST		Edit Proposal	1672835456061	1672835456357	KO	status.find.is(200), but actually found 404
USER	Create  Scenario	START	1672835456623
REQUEST		my Proposal	1672835452624	1672835456744	OK	 
REQUEST		my Proposal	1672835443624	1672835456828	OK	 
USER	Create  Scenario	END	1672835457130
REQUEST		Proposal	1672835456964	1672835457263	OK	 
USER	Create  Scenario	START	1672835457623
REQUEST		Proposal	1672835457877	1672835458182	OK	 
REQUEST		Edit Proposal	1672835457932	1672835458242	KO	status.find.is(200), but actually found 404
USER	Create  Scenario	END	1672835458348
USER	Create  Scenario	START	1672835458624
REQUEST		my Proposal	1672835454624	1672835458659	OK	 
REQUEST		Edit Proposal	1672835458864	1672835459160	KO	status.find.is(200), but actually found 404
USER	Create  Scenario	END	1672835459359
REQUEST		Edit Proposal	1672835459193	1672835459523	KO	status.find.is(200), but actually found 404
REQUEST		my Proposal	1672835455624	1672835459619	OK	 
USER	Create  Scenario	START	1672835459623
REQUEST		Proposal	1672835459745	1672835460043	OK	 
REQUEST		Proposal	1672835459830	1672835460124	OK	 
REQUEST		Edit Proposal	1672835460264	1672835460570	KO	status.find.is(200), but actually found 404
USER	Create  Scenario	START	1672835460623
USER	Create  Scenario	END	1672835461243
REQUEST		Edit Proposal	1672835461183	1672835461486	KO	status.find.is(200), but actually found 404
USER	Create  Scenario	START	1672835461624
REQUEST		Proposal	1672835461660	1672835461986	OK	 
USER	Create  Scenario	END	1672835462161
USER	Create  Scenario	END	1672835462524
USER	Create  Scenario	START	1672835462624
REQUEST		Proposal	1672835462620	1672835462917	OK	 
REQUEST		my Proposal	1672835458624	1672835462997	OK	 
REQUEST		Edit Proposal	1672835463044	1672835463341	KO	status.find.is(200), but actually found 404
REQUEST		Edit Proposal	1672835463125	1672835463420	KO	status.find.is(200), but actually found 404
REQUEST		my Proposal	1672835449624	1672835463567	OK	 
USER	Create  Scenario	END	1672835463571
USER	Create  Scenario	START	1672835463623
USER	Create  Scenario	END	1672835464487
USER	Create  Scenario	START	1672835464624
REQUEST		my Proposal	1672835457624	1672835464918	OK	 
REQUEST		my Proposal	1672835453624	1672835465163	OK	 
REQUEST		Edit Proposal	1672835464987	1672835465288	KO	status.find.is(200), but actually found 404
USER	Create  Scenario	START	1672835465623
REQUEST		Edit Proposal	1672835465918	1672835466219	KO	status.find.is(200), but actually found 404
REQUEST		Proposal	1672835465998	1672835466298	OK	 
USER	Create  Scenario	END	1672835466342
USER	Create  Scenario	END	1672835466421
USER	Create  Scenario	START	1672835466624
REQUEST		Proposal	1672835466567	1672835466867	OK	 
USER	Create  Scenario	START	1672835467623
REQUEST		my Proposal	1672835456624	1672835467649	OK	 
REQUEST		my Proposal	1672835459624	1672835468216	OK	 
REQUEST		Proposal	1672835467919	1672835468217	OK	 
USER	Create  Scenario	END	1672835468289
REQUEST		Proposal	1672835468164	1672835468464	OK	 
USER	Create  Scenario	START	1672835468623
REQUEST		my Proposal	1672835464624	1672835469156	OK	 
USER	Create  Scenario	END	1672835469220
REQUEST		my Proposal	1672835451624	1672835469325	OK	 
REQUEST		my Proposal	1672835463624	1672835469395	OK	 
REQUEST		Edit Proposal	1672835469299	1672835469600	KO	status.find.is(200), but actually found 404
USER	Create  Scenario	START	1672835469623
REQUEST		Edit Proposal	1672835469868	1672835470165	KO	status.find.is(200), but actually found 404
REQUEST		my Proposal	1672835460624	1672835470181	OK	 
USER	Create  Scenario	START	1672835470624
REQUEST		Proposal	1672835470650	1672835470951	OK	 
REQUEST		Proposal	1672835471217	1672835471514	OK	 
REQUEST		Edit Proposal	1672835471218	1672835471536	KO	status.find.is(200), but actually found 404
USER	Create  Scenario	START	1672835471624
REQUEST		Edit Proposal	1672835471465	1672835471845	KO	status.find.is(200), but actually found 404
REQUEST		my Proposal	1672835467624	1672835472160	OK	 
REQUEST		Proposal	1672835472157	1672835472471	OK	 
USER	Create  Scenario	END	1672835472601
REQUEST		my Proposal	1672835468623	1672835472605	OK	 
REQUEST		Proposal	1672835472326	1672835472623	OK	 
USER	Create  Scenario	START	1672835472624
REQUEST		Proposal	1672835472396	1672835472707	OK	 
USER	Create  Scenario	END	1672835473166
REQUEST		Proposal	1672835473182	1672835473515	OK	 
USER	Create  Scenario	START	1672835473623
REQUEST		Edit Proposal	1672835473952	1672835474255	KO	status.find.is(200), but actually found 404
REQUEST		my Proposal	1672835469623	1672835474452	OK	 
USER	Create  Scenario	END	1672835474537
USER	Create  Scenario	START	1672835474623
REQUEST		my Proposal	1672835470624	1672835474811	OK	 
REQUEST		Edit Proposal	1672835474515	1672835474830	KO	status.find.is(200), but actually found 404
USER	Create  Scenario	END	1672835474846
REQUEST		Proposal	1672835475161	1672835475458	OK	 
USER	Create  Scenario	START	1672835475624
REQUEST		Edit Proposal	1672835475472	1672835475787	KO	status.find.is(200), but actually found 404
REQUEST		Proposal	1672835475605	1672835475898	OK	 
REQUEST		Edit Proposal	1672835475624	1672835475919	KO	status.find.is(200), but actually found 404
REQUEST		Edit Proposal	1672835475708	1672835476018	KO	status.find.is(200), but actually found 404
USER	Create  Scenario	START	1672835476624
REQUEST		Edit Proposal	1672835476516	1672835476900	KO	status.find.is(200), but actually found 404
REQUEST		my Proposal	1672835472624	1672835477223	OK	 
USER	Create  Scenario	END	1672835477257
USER	Create  Scenario	START	1672835477623
USER	Create  Scenario	END	1672835477831
REQUEST		Proposal	1672835477454	1672835477926	OK	 
REQUEST		Proposal	1672835477812	1672835478119	OK	 
REQUEST		my Proposal	1672835473624	1672835478290	OK	 
USER	Create  Scenario	START	1672835478623
REQUEST		Edit Proposal	1672835478459	1672835478753	KO	status.find.is(200), but actually found 404
USER	Create  Scenario	END	1672835478788
USER	Create  Scenario	END	1672835478920
USER	Create  Scenario	END	1672835479019
REQUEST		Edit Proposal	1672835478899	1672835479193	KO	status.find.is(200), but actually found 404
USER	Create  Scenario	START	1672835479624
USER	Create  Scenario	END	1672835479900
REQUEST		Proposal	1672835480223	1672835480521	OK	 
USER	Create  Scenario	START	1672835480624
REQUEST		my Proposal	1672835462624	1672835480658	OK	 
REQUEST		Edit Proposal	1672835480927	1672835481230	KO	status.find.is(200), but actually found 404
REQUEST		Edit Proposal	1672835481120	1672835481424	KO	status.find.is(200), but actually found 404
REQUEST		Proposal	1672835481291	1672835481602	OK	 
USER	Create  Scenario	START	1672835481624
USER	Create  Scenario	END	1672835481754
USER	Create  Scenario	END	1672835482194
USER	Create  Scenario	START	1672835482624
REQUEST		my Proposal	1672835478623	1672835482813	OK	 
REQUEST		my Proposal	1672835465623	1672835483097	OK	 
REQUEST		my Proposal	1672835474624	1672835483327	OK	 
USER	Create  Scenario	START	1672835483624
REQUEST		Edit Proposal	1672835483522	1672835483825	KO	status.find.is(200), but actually found 404
REQUEST		my Proposal	1672835479624	1672835483834	OK	 
REQUEST		Proposal	1672835483658	1672835483955	OK	 
USER	Create  Scenario	END	1672835484231
USER	Create  Scenario	END	1672835484425
USER	Create  Scenario	START	1672835484623
REQUEST		Edit Proposal	1672835484603	1672835484895	KO	status.find.is(200), but actually found 404
REQUEST		my Proposal	1672835471624	1672835485314	OK	 
USER	Create  Scenario	START	1672835485623
REQUEST		Proposal	1672835485814	1672835486271	OK	 
REQUEST		Proposal	1672835486098	1672835486433	OK	 
USER	Create  Scenario	START	1672835486623
REQUEST		my Proposal	1672835482624	1672835486663	OK	 
REQUEST		Proposal	1672835486328	1672835486668	OK	 
USER	Create  Scenario	END	1672835486826
REQUEST		Proposal	1672835486835	1672835487137	OK	 
REQUEST		Edit Proposal	1672835486955	1672835487252	KO	status.find.is(200), but actually found 404
USER	Create  Scenario	START	1672835487624
REQUEST		my Proposal	1672835483624	1672835487708	OK	 
USER	Create  Scenario	END	1672835487896
REQUEST		my Proposal	1672835461624	1672835488286	OK	 
USER	Create  Scenario	START	1672835488624
REQUEST		Proposal	1672835488315	1672835489106	OK	 
REQUEST		Edit Proposal	1672835489272	1672835489578	KO	status.find.is(200), but actually found 404
USER	Create  Scenario	START	1672835489623
REQUEST		my Proposal	1672835485624	1672835490092	OK	 
REQUEST		Edit Proposal	1672835489434	1672835490126	KO	status.find.is(200), but actually found 404
REQUEST		Edit Proposal	1672835489669	1672835490216	KO	status.find.is(200), but actually found 404
REQUEST		Proposal	1672835489664	1672835490220	OK	 
USER	Create  Scenario	END	1672835490253
REQUEST		Edit Proposal	1672835490138	1672835490446	KO	status.find.is(200), but actually found 404
USER	Create  Scenario	START	1672835490623
REQUEST		Proposal	1672835490709	1672835491148	OK	 
USER	Create  Scenario	START	1672835491625
REQUEST		Proposal	1672835491287	1672835492016	OK	 
REQUEST		Edit Proposal	1672835492107	1672835492507	KO	status.find.is(200), but actually found 404
REQUEST		my Proposal	1672835487624	1672835492570	OK	 
USER	Create  Scenario	END	1672835492580
USER	Create  Scenario	START	1672835492624
USER	Create  Scenario	END	1672835493127
USER	Create  Scenario	END	1672835493217
REQUEST		Proposal	1672835493093	1672835493434	OK	 
USER	Create  Scenario	END	1672835493447
REQUEST		Edit Proposal	1672835493220	1672835493518	KO	status.find.is(200), but actually found 404
REQUEST		my Proposal	1672835484624	1672835493585	OK	 
USER	Create  Scenario	START	1672835493624
REQUEST		Edit Proposal	1672835494148	1672835494529	KO	status.find.is(200), but actually found 404
USER	Create  Scenario	START	1672835494623
REQUEST		my Proposal	1672835466624	1672835494858	OK	 
REQUEST		my Proposal	1672835480624	1672835495247	OK	 
REQUEST		Edit Proposal	1672835495017	1672835495409	KO	status.find.is(200), but actually found 404
USER	Create  Scenario	END	1672835495508
USER	Create  Scenario	START	1672835495623
REQUEST		Proposal	1672835495571	1672835495868	OK	 
REQUEST		my Proposal	1672835488624	1672835496061	OK	 
USER	Create  Scenario	END	1672835496519
USER	Create  Scenario	START	1672835496624
REQUEST		Edit Proposal	1672835496434	1672835496746	KO	status.find.is(200), but actually found 404
REQUEST		Proposal	1672835496586	1672835496880	OK	 
USER	Create  Scenario	END	1672835497531
USER	Create  Scenario	START	1672835497624
REQUEST		my Proposal	1672835475624	1672835497640	OK	 
REQUEST		my Proposal	1672835491625	1672835497754	OK	 
USER	Create  Scenario	END	1672835498410
REQUEST		Proposal	1672835498248	1672835498548	OK	 
USER	Create  Scenario	START	1672835498624
REQUEST		Proposal	1672835497859	1672835499121	OK	 
REQUEST		Edit Proposal	1672835498868	1672835499163	KO	status.find.is(200), but actually found 404
REQUEST		Proposal	1672835499061	1672835499363	OK	 
REQUEST		my Proposal	1672835494623	1672835499610	OK	 
USER	Create  Scenario	START	1672835499623
USER	Create  Scenario	END	1672835499747
REQUEST		my Proposal	1672835481624	1672835499853	OK	 
REQUEST		Edit Proposal	1672835499880	1672835500180	KO	status.find.is(200), but actually found 404
REQUEST		my Proposal	1672835496624	1672835500620	OK	 
USER	Create  Scenario	START	1672835500623
REQUEST		Proposal	1672835500641	1672835500938	OK	 
REQUEST		Proposal	1672835500755	1672835501054	OK	 
USER	Create  Scenario	START	1672835501624
REQUEST		Edit Proposal	1672835501549	1672835501970	KO	status.find.is(200), but actually found 404
USER	Create  Scenario	END	1672835502164
REQUEST		Edit Proposal	1672835502122	1672835502501	KO	status.find.is(200), but actually found 404
USER	Create  Scenario	START	1672835502623
REQUEST		Edit Proposal	1672835502364	1672835502724	KO	status.find.is(200), but actually found 404
REQUEST		Proposal	1672835502610	1672835502988	OK	 
USER	Create  Scenario	END	1672835503181
REQUEST		Proposal	1672835502854	1672835503218	OK	 
REQUEST		my Proposal	1672835498624	1672835503326	OK	 
USER	Create  Scenario	START	1672835503624
REQUEST		Proposal	1672835503621	1672835503952	OK	 
REQUEST		Edit Proposal	1672835503938	1672835504273	KO	status.find.is(200), but actually found 404
REQUEST		Edit Proposal	1672835504055	1672835504354	KO	status.find.is(200), but actually found 404
USER	Create  Scenario	START	1672835504623
USER	Create  Scenario	END	1672835504971
REQUEST		my Proposal	1672835497624	1672835505221	OK	 
USER	Create  Scenario	END	1672835505502
USER	Create  Scenario	START	1672835505623
USER	Create  Scenario	END	1672835505725
REQUEST		my Proposal	1672835500623	1672835506003	OK	 
REQUEST		Edit Proposal	1672835505989	1672835506294	KO	status.find.is(200), but actually found 404
REQUEST		Edit Proposal	1672835506219	1672835506520	KO	status.find.is(200), but actually found 404
REQUEST		my Proposal	1672835476624	1672835506598	OK	 
USER	Create  Scenario	START	1672835506623
REQUEST		Proposal	1672835506326	1672835506625	OK	 
REQUEST		Edit Proposal	1672835506953	1672835507250	KO	status.find.is(200), but actually found 404
USER	Create  Scenario	END	1672835507274
REQUEST		my Proposal	1672835486623	1672835507343	OK	 
USER	Create  Scenario	END	1672835507354
USER	Create  Scenario	START	1672835507624
REQUEST		Proposal	1672835508222	1672835508521	OK	 
USER	Create  Scenario	START	1672835508624
REQUEST		my Proposal	1672835492624	1672835509122	OK	 
USER	Create  Scenario	END	1672835509295
REQUEST		Proposal	1672835509004	1672835509315	OK	 
USER	Create  Scenario	END	1672835509521
USER	Create  Scenario	START	1672835509624
REQUEST		my Proposal	1672835495623	1672835509757	OK	 
REQUEST		Proposal	1672835509599	1672835509912	OK	 
REQUEST		Edit Proposal	1672835509626	1672835509931	KO	status.find.is(200), but actually found 404
USER	Create  Scenario	END	1672835510251
USER	Create  Scenario	START	1672835510623
REQUEST		Proposal	1672835510344	1672835510648	OK	 
REQUEST		my Proposal	1672835489624	1672835510915	OK	 
REQUEST		my Proposal	1672835499623	1672835510960	OK	 
USER	Create  Scenario	START	1672835511623
REQUEST		my Proposal	1672835503624	1672835511806	OK	 
REQUEST		Edit Proposal	1672835511522	1672835512022	KO	status.find.is(200), but actually found 404
REQUEST		Proposal	1672835512123	1672835512427	OK	 
REQUEST		my Proposal	1672835506624	1672835512491	OK	 
REQUEST		Edit Proposal	1672835512316	1672835512609	KO	status.find.is(200), but actually found 404
USER	Create  Scenario	START	1672835512623
USER	Create  Scenario	END	1672835512932
REQUEST		Proposal	1672835512758	1672835513082	OK	 
REQUEST		Edit Proposal	1672835512913	1672835513280	KO	status.find.is(200), but actually found 404
REQUEST		my Proposal	1672835493624	1672835513535	OK	 
USER	Create  Scenario	START	1672835513624
REQUEST		Edit Proposal	1672835513648	1672835513992	KO	status.find.is(200), but actually found 404
REQUEST		my Proposal	1672835502624	1672835514105	OK	 
REQUEST		Proposal	1672835513916	1672835514219	OK	 
REQUEST		Proposal	1672835513960	1672835514284	OK	 
USER	Create  Scenario	START	1672835514624
USER	Create  Scenario	END	1672835515023
REQUEST		my Proposal	1672835508624	1672835515132	OK	 
REQUEST		Proposal	1672835514807	1672835515168	OK	 
REQUEST		my Proposal	1672835510624	1672835515424	OK	 
USER	Create  Scenario	END	1672835515610
USER	Create  Scenario	START	1672835515624
REQUEST		Edit Proposal	1672835515428	1672835515755	KO	status.find.is(200), but actually found 404
REQUEST		Proposal	1672835515492	1672835515792	OK	 
REQUEST		my Proposal	1672835477624	1672835516134	OK	 
USER	Create  Scenario	END	1672835516281
REQUEST		Edit Proposal	1672835516083	1672835516385	KO	status.find.is(200), but actually found 404
USER	Create  Scenario	START	1672835516624
REQUEST		Proposal	1672835516536	1672835516832	OK	 
USER	Create  Scenario	END	1672835516993
REQUEST		Proposal	1672835517106	1672835517403	OK	 
REQUEST		Edit Proposal	1672835517220	1672835517521	KO	status.find.is(200), but actually found 404
USER	Create  Scenario	START	1672835517624
REQUEST		Edit Proposal	1672835517285	1672835517700	KO	status.find.is(200), but actually found 404
REQUEST		Proposal	1672835518133	1672835518506	OK	 
REQUEST		Edit Proposal	1672835518169	1672835518534	KO	status.find.is(200), but actually found 404
USER	Create  Scenario	START	1672835518623
USER	Create  Scenario	END	1672835518756
REQUEST		Proposal	1672835518424	1672835518757	OK	 
REQUEST		Edit Proposal	1672835518793	1672835519096	KO	status.find.is(200), but actually found 404
USER	Create  Scenario	END	1672835519386
REQUEST		Proposal	1672835519135	1672835519432	OK	 
USER	Create  Scenario	START	1672835519624
REQUEST		my Proposal	1672835514624	1672835519683	OK	 
REQUEST		my Proposal	1672835504624	1672835519714	OK	 
REQUEST		Edit Proposal	1672835519833	1672835520268	KO	status.find.is(200), but actually found 404
REQUEST		my Proposal	1672835507624	1672835520322	OK	 
REQUEST		my Proposal	1672835509624	1672835520466	OK	 
USER	Create  Scenario	END	1672835520522
USER	Create  Scenario	START	1672835520624
USER	Create  Scenario	END	1672835520701
REQUEST		Edit Proposal	1672835520404	1672835520772	KO	status.find.is(200), but actually found 404
REQUEST		my Proposal	1672835513624	1672835521403	OK	 
USER	Create  Scenario	END	1672835521535
USER	Create  Scenario	START	1672835521623
REQUEST		Edit Proposal	1672835521507	1672835521813	KO	status.find.is(200), but actually found 404
REQUEST		my Proposal	1672835490624	1672835521954	OK	 
REQUEST		my Proposal	1672835515624	1672835522056	OK	 
REQUEST		Edit Proposal	1672835521758	1672835522058	KO	status.find.is(200), but actually found 404
REQUEST		my Proposal	1672835501624	1672835522061	OK	 
USER	Create  Scenario	END	1672835522097
USER	Create  Scenario	START	1672835522623
REQUEST		Edit Proposal	1672835522433	1672835522732	KO	status.find.is(200), but actually found 404
REQUEST		Proposal	1672835522684	1672835522985	OK	 
REQUEST		Proposal	1672835522715	1672835523013	OK	 
USER	Create  Scenario	END	1672835523269
REQUEST		Proposal	1672835523323	1672835523622	OK	 
USER	Create  Scenario	START	1672835523623
REQUEST		Proposal	1672835523467	1672835523762	OK	 
USER	Create  Scenario	END	1672835523773
USER	Create  Scenario	START	1672835524623
USER	Create  Scenario	END	1672835524814
REQUEST		Proposal	1672835524403	1672835524888	OK	 
REQUEST		my Proposal	1672835520624	1672835524913	OK	 
USER	Create  Scenario	END	1672835525059
REQUEST		my Proposal	1672835518623	1672835525215	OK	 
REQUEST		Proposal	1672835524954	1672835525254	OK	 
REQUEST		Proposal	1672835525057	1672835525357	OK	 
REQUEST		Proposal	1672835525062	1672835525363	OK	 
USER	Create  Scenario	START	1672835525623
USER	Create  Scenario	END	1672835525733
REQUEST		Edit Proposal	1672835525985	1672835526285	KO	status.find.is(200), but actually found 404
REQUEST		Edit Proposal	1672835526014	1672835526313	KO	status.find.is(200), but actually found 404
USER	Create  Scenario	START	1672835526623
REQUEST		Edit Proposal	1672835526623	1672835526926	KO	status.find.is(200), but actually found 404
REQUEST		Edit Proposal	1672835526763	1672835527059	KO	status.find.is(200), but actually found 404
REQUEST		Edit Proposal	1672835527888	1672835528220	KO	status.find.is(200), but actually found 404
REQUEST		Proposal	1672835527914	1672835528225	OK	 
REQUEST		my Proposal	1672835523624	1672835528249	OK	 
REQUEST		Proposal	1672835528216	1672835528512	OK	 
REQUEST		Edit Proposal	1672835528255	1672835528566	KO	status.find.is(200), but actually found 404
REQUEST		Edit Proposal	1672835528363	1672835528687	KO	status.find.is(200), but actually found 404
REQUEST		Edit Proposal	1672835528358	1672835528687	KO	status.find.is(200), but actually found 404
USER	Create  Scenario	END	1672835529286
USER	Create  Scenario	END	1672835529314
REQUEST		my Proposal	1672835521623	1672835529490	OK	 
REQUEST		my Proposal	1672835524623	1672835529642	OK	 
USER	Create  Scenario	END	1672835529927
USER	Create  Scenario	END	1672835530060
REQUEST		my Proposal	1672835505624	1672835530751	OK	 
REQUEST		my Proposal	1672835526624	1672835530908	OK	 
USER	Create  Scenario	END	1672835531221
REQUEST		Edit Proposal	1672835531225	1672835531521	KO	status.find.is(200), but actually found 404
REQUEST		Proposal	1672835531250	1672835531552	OK	 
USER	Create  Scenario	END	1672835531567
USER	Create  Scenario	END	1672835531688
USER	Create  Scenario	END	1672835531688
REQUEST		Edit Proposal	1672835531513	1672835531804	KO	status.find.is(200), but actually found 404
REQUEST		Proposal	1672835532491	1672835532789	OK	 
REQUEST		Proposal	1672835532643	1672835532940	OK	 
REQUEST		my Proposal	1672835519624	1672835533190	OK	 
REQUEST		Proposal	1672835533751	1672835534070	OK	 
REQUEST		Proposal	1672835533908	1672835534238	OK	 
REQUEST		my Proposal	1672835511623	1672835534319	OK	 
USER	Create  Scenario	END	1672835534522
USER	Create  Scenario	END	1672835534806
REQUEST		Edit Proposal	1672835534553	1672835534849	KO	status.find.is(200), but actually found 404
REQUEST		Edit Proposal	1672835535790	1672835536086	KO	status.find.is(200), but actually found 404
REQUEST		Edit Proposal	1672835535941	1672835536237	KO	status.find.is(200), but actually found 404
REQUEST		Proposal	1672835536191	1672835536513	OK	 
REQUEST		Edit Proposal	1672835537071	1672835537376	KO	status.find.is(200), but actually found 404
REQUEST		Edit Proposal	1672835537239	1672835537540	KO	status.find.is(200), but actually found 404
REQUEST		Proposal	1672835537320	1672835537620	OK	 
USER	Create  Scenario	END	1672835537850
REQUEST		my Proposal	1672835522624	1672835537975	OK	 
REQUEST		my Proposal	1672835525624	1672835538138	OK	 
REQUEST		my Proposal	1672835517624	1672835538887	OK	 
USER	Create  Scenario	END	1672835539087
USER	Create  Scenario	END	1672835539238
REQUEST		Edit Proposal	1672835539514	1672835539813	KO	status.find.is(200), but actually found 404
USER	Create  Scenario	END	1672835540377
USER	Create  Scenario	END	1672835540541
REQUEST		Edit Proposal	1672835540621	1672835540938	KO	status.find.is(200), but actually found 404
REQUEST		my Proposal	1672835516624	1672835541228	OK	 
REQUEST		Proposal	1672835540975	1672835541279	OK	 
REQUEST		Proposal	1672835541139	1672835541436	OK	 
REQUEST		my Proposal	1672835512624	1672835541593	OK	 
REQUEST		Proposal	1672835541888	1672835542184	OK	 
USER	Create  Scenario	END	1672835542814
USER	Create  Scenario	END	1672835543939
REQUEST		Proposal	1672835544229	1672835544534	OK	 
REQUEST		Edit Proposal	1672835544280	1672835544579	KO	status.find.is(200), but actually found 404
REQUEST		Edit Proposal	1672835544437	1672835544734	KO	status.find.is(200), but actually found 404
REQUEST		Proposal	1672835544593	1672835544893	OK	 
REQUEST		Edit Proposal	1672835545185	1672835545482	KO	status.find.is(200), but actually found 404
USER	Create  Scenario	END	1672835547580
USER	Create  Scenario	END	1672835547735
REQUEST		Edit Proposal	1672835547535	1672835547838	KO	status.find.is(200), but actually found 404
REQUEST		Edit Proposal	1672835547893	1672835548189	KO	status.find.is(200), but actually found 404
USER	Create  Scenario	END	1672835548483
USER	Create  Scenario	END	1672835550840
USER	Create  Scenario	END	1672835551190
