RUN	Simulations.Runner.Go1percent	go1percent	1674825164039	 	3.5.1
USER	Contribution API	START	1674825165175
USER	Contribution API	START	1674825165263
USER	Contribution API	START	1674825165364
USER	Contribution API	START	1674825165464
USER	Contribution API	START	1674825165565
USER	Contribution API	START	1674825165665
USER	Contribution API	START	1674825165765
USER	Contribution API	START	1674825165865
USER	Contribution API	START	1674825165966
REQUEST		/contribution/reject?title=fghgf&contributionType=book&sessionId=1-Helps us to edit the proposal contribution.	1674825165200	1674825166041	KO	status.find.is(200), but actually found 405
USER	Contribution API	START	1674825166066
REQUEST		/contribution/reject?title=fghgf&contributionType=book&sessionId=1-Helps us to edit the proposal contribution.	1674825165264	1674825166081	KO	status.find.is(200), but actually found 405
USER	Contribution API	START	1674825166166
REQUEST		/contribution/reject?title=fghgf&contributionType=book&sessionId=1-Helps us to edit the proposal contribution.	1674825165364	1674825166185	KO	status.find.is(200), but actually found 405
USER	Contribution API	START	1674825166266
REQUEST		/contribution/reject?title=fghgf&contributionType=book&sessionId=1-Helps us to edit the proposal contribution.	1674825165466	1674825166303	KO	status.find.is(200), but actually found 405
USER	Contribution API	START	1674825166367
REQUEST		/contribution/reject?title=fghgf&contributionType=book&sessionId=1-Helps us to edit the proposal contribution.	1674825165565	1674825166384	KO	status.find.is(200), but actually found 405
USER	Contribution API	START	1674825166467
REQUEST		/contribution/reject?title=fghgf&contributionType=book&sessionId=1-Helps us to edit the proposal contribution.	1674825165666	1674825166500	KO	status.find.is(200), but actually found 405
USER	Contribution API	START	1674825166567
REQUEST		/contribution/reject?title=fghgf&contributionType=book&sessionId=1-Helps us to edit the proposal contribution.	1674825165766	1674825166584	KO	status.find.is(200), but actually found 405
USER	Contribution API	START	1674825166667
REQUEST		/contribution/reject?title=fghgf&contributionType=book&sessionId=1-Helps us to edit the proposal contribution.	1674825165866	1674825166682	KO	status.find.is(200), but actually found 405
USER	Contribution API	START	1674825166767
REQUEST		/contribution/reject?title=fghgf&contributionType=book&sessionId=1-Helps us to edit the proposal contribution.	1674825165966	1674825166791	KO	status.find.is(200), but actually found 405
USER	Contribution API	START	1674825166867
REQUEST		/contribution/reject?title=fghgf&contributionType=book&sessionId=1-Helps us to edit the proposal contribution.	1674825166067	1674825166884	KO	status.find.is(200), but actually found 405
USER	Contribution API	START	1674825166967
REQUEST		/contribution/reject?title=fghgf&contributionType=book&sessionId=1-Helps us to edit the proposal contribution.	1674825166167	1674825166989	KO	status.find.is(200), but actually found 405
USER	Contribution API	START	1674825167068
REQUEST		/contribution/reject?title=fghgf&contributionType=book&sessionId=1-Helps us to edit the proposal contribution.	1674825166267	1674825167088	KO	status.find.is(200), but actually found 405
USER	Contribution API	START	1674825167168
REQUEST		/contribution/reject?title=fghgf&contributionType=book&sessionId=1-Helps us to edit the proposal contribution.	1674825166367	1674825167194	KO	status.find.is(200), but actually found 405
USER	Contribution API	START	1674825167260
REQUEST		/contribution/reject?title=fghgf&contributionType=book&sessionId=1-Helps us to edit the proposal contribution.	1674825166467	1674825167307	KO	status.find.is(200), but actually found 405
USER	Contribution API	START	1674825167360
REQUEST		/contribution/reject?title=fghgf&contributionType=book&sessionId=1-Helps us to edit the proposal contribution.	1674825166567	1674825167402	KO	status.find.is(200), but actually found 405
USER	Contribution API	START	1674825167460
REQUEST		/contribution/reject?title=fghgf&contributionType=book&sessionId=1-Helps us to edit the proposal contribution.	1674825166668	1674825167492	KO	status.find.is(200), but actually found 405
USER	Contribution API	START	1674825167561
REQUEST		/contribution/reject?title=fghgf&contributionType=book&sessionId=1-Helps us to edit the proposal contribution.	1674825166768	1674825167591	KO	status.find.is(200), but actually found 405
USER	Contribution API	START	1674825167661
REQUEST		/contribution/reject?title=fghgf&contributionType=book&sessionId=1-Helps us to edit the proposal contribution.	1674825166868	1674825167687	KO	status.find.is(200), but actually found 405
USER	Contribution API	START	1674825167761
REQUEST		/contribution/reject?title=fghgf&contributionType=book&sessionId=1-Helps us to edit the proposal contribution.	1674825166968	1674825167797	KO	status.find.is(200), but actually found 405
USER	Contribution API	START	1674825167861
REQUEST		/contribution/reject?title=fghgf&contributionType=book&sessionId=1-Helps us to edit the proposal contribution.	1674825167068	1674825167895	KO	status.find.is(200), but actually found 405
USER	Contribution API	START	1674825167961
REQUEST		/contribution/reject?title=fghgf&contributionType=book&sessionId=1-Helps us to edit the proposal contribution.	1674825167168	1674825168007	KO	status.find.is(200), but actually found 405
USER	Contribution API	START	1674825168061
REQUEST		/contribution/reject?title=fghgf&contributionType=book&sessionId=1-Helps us to edit the proposal contribution.	1674825167261	1674825168086	KO	status.find.is(200), but actually found 405
USER	Contribution API	START	1674825168161
REQUEST		/contribution/reject?title=fghgf&contributionType=book&sessionId=1-Helps us to edit the proposal contribution.	1674825167361	1674825168187	KO	status.find.is(200), but actually found 405
USER	Contribution API	START	1674825168260
REQUEST		/contribution/reject?title=fghgf&contributionType=book&sessionId=1-Helps us to edit the proposal contribution.	1674825167461	1674825168287	KO	status.find.is(200), but actually found 405
USER	Contribution API	START	1674825168360
REQUEST		/contribution/reject?title=fghgf&contributionType=book&sessionId=1-Helps us to edit the proposal contribution.	1674825167561	1674825168389	KO	status.find.is(200), but actually found 405
USER	Contribution API	START	1674825168460
REQUEST		/contribution/reject?title=fghgf&contributionType=book&sessionId=1-Helps us to edit the proposal contribution.	1674825167661	1674825168477	KO	status.find.is(200), but actually found 405
USER	Contribution API	START	1674825168560
REQUEST		/contribution/reject?title=fghgf&contributionType=book&sessionId=1-Helps us to edit the proposal contribution.	1674825167761	1674825168583	KO	status.find.is(200), but actually found 405
USER	Contribution API	START	1674825168661
REQUEST		/contribution/reject?title=fghgf&contributionType=book&sessionId=1-Helps us to edit the proposal contribution.	1674825167862	1674825168682	KO	status.find.is(200), but actually found 405
USER	Contribution API	START	1674825168761
REQUEST		/contribution/reject?title=fghgf&contributionType=book&sessionId=1-Helps us to edit the proposal contribution.	1674825167961	1674825168800	KO	status.find.is(200), but actually found 405
USER	Contribution API	START	1674825168861
REQUEST		/contribution/reject?title=fghgf&contributionType=book&sessionId=1-Helps us to edit the proposal contribution.	1674825168062	1674825168882	KO	status.find.is(200), but actually found 405
USER	Contribution API	START	1674825168961
REQUEST		/contribution/reject?title=fghgf&contributionType=book&sessionId=1-Helps us to edit the proposal contribution.	1674825168162	1674825168994	KO	status.find.is(200), but actually found 405
USER	Contribution API	START	1674825169061
REQUEST		/contribution/reject?title=fghgf&contributionType=book&sessionId=1-Helps us to edit the proposal contribution.	1674825168261	1674825169083	KO	status.find.is(200), but actually found 405
USER	Contribution API	START	1674825169161
REQUEST		/contribution/reject?title=fghgf&contributionType=book&sessionId=1-Helps us to edit the proposal contribution.	1674825168361	1674825169182	KO	status.find.is(200), but actually found 405
USER	Contribution API	START	1674825169259
REQUEST		/contribution/reject?title=fghgf&contributionType=book&sessionId=1-Helps us to edit the proposal contribution.	1674825168461	1674825169278	KO	status.find.is(200), but actually found 405
REQUEST		/updateProposal?contributionId=12755-Helps us to edit the proposal contribution.	1674825169057	1674825169355	KO	status.find.is(200), but actually found 405
USER	Contribution API	START	1674825169360
REQUEST		/updateProposal?contributionId=12755-Helps us to edit the proposal contribution.	1674825169083	1674825169382	KO	status.find.is(200), but actually found 405
REQUEST		/contribution/reject?title=fghgf&contributionType=book&sessionId=1-Helps us to edit the proposal contribution.	1674825168561	1674825169389	KO	status.find.is(200), but actually found 405
USER	Contribution API	START	1674825169460
REQUEST		/updateProposal?contributionId=12755-Helps us to edit the proposal contribution.	1674825169186	1674825169479	KO	status.find.is(200), but actually found 405
REQUEST		/contribution/reject?title=fghgf&contributionType=book&sessionId=1-Helps us to edit the proposal contribution.	1674825168661	1674825169495	KO	status.find.is(200), but actually found 405
USER	Contribution API	START	1674825169560
REQUEST		/contribution/reject?title=fghgf&contributionType=book&sessionId=1-Helps us to edit the proposal contribution.	1674825168761	1674825169595	KO	status.find.is(200), but actually found 405
REQUEST		/updateProposal?contributionId=12755-Helps us to edit the proposal contribution.	1674825169304	1674825169604	KO	status.find.is(200), but actually found 405
USER	Contribution API	START	1674825169660
REQUEST		/contribution/reject?title=fghgf&contributionType=book&sessionId=1-Helps us to edit the proposal contribution.	1674825168862	1674825169683	KO	status.find.is(200), but actually found 405
REQUEST		/updateProposal?contributionId=12755-Helps us to edit the proposal contribution.	1674825169385	1674825169685	KO	status.find.is(200), but actually found 405
USER	Contribution API	START	1674825169760
REQUEST		/contribution/reject?title=fghgf&contributionType=book&sessionId=1-Helps us to edit the proposal contribution.	1674825168962	1674825169782	KO	status.find.is(200), but actually found 405
REQUEST		/updateProposal?contributionId=12755-Helps us to edit the proposal contribution.	1674825169501	1674825169807	KO	status.find.is(200), but actually found 405
USER	Contribution API	START	1674825169860
REQUEST		/updateProposal?contributionId=12755-Helps us to edit the proposal contribution.	1674825169586	1674825169883	KO	status.find.is(200), but actually found 405
REQUEST		/contribution/reject?title=fghgf&contributionType=book&sessionId=1-Helps us to edit the proposal contribution.	1674825169061	1674825169888	KO	status.find.is(200), but actually found 405
USER	Contribution API	START	1674825169960
REQUEST		/updateProposal?contributionId=12755-Helps us to edit the proposal contribution.	1674825169683	1674825169975	KO	status.find.is(200), but actually found 405
REQUEST		/contribution/reject?title=fghgf&contributionType=book&sessionId=1-Helps us to edit the proposal contribution.	1674825169162	1674825169980	KO	status.find.is(200), but actually found 405
USER	Contribution API	START	1674825170060
REQUEST		/updateProposal?contributionId=12755-Helps us to edit the proposal contribution.	1674825169792	1674825170083	KO	status.find.is(200), but actually found 405
REQUEST		/contribution/reject?title=fghgf&contributionType=book&sessionId=1-Helps us to edit the proposal contribution.	1674825169260	1674825170092	KO	status.find.is(200), but actually found 405
USER	Contribution API	START	1674825170160
REQUEST		/updateProposal?contributionId=12755-Helps us to edit the proposal contribution.	1674825169885	1674825170177	KO	status.find.is(200), but actually found 405
REQUEST		/contribution/reject?title=fghgf&contributionType=book&sessionId=1-Helps us to edit the proposal contribution.	1674825169360	1674825170180	KO	status.find.is(200), but actually found 405
USER	Contribution API	START	1674825170260
REQUEST		/updateProposal?contributionId=12755-Helps us to edit the proposal contribution.	1674825169990	1674825170283	KO	status.find.is(200), but actually found 405
REQUEST		/contribution/reject?title=fghgf&contributionType=book&sessionId=1-Helps us to edit the proposal contribution.	1674825169460	1674825170290	KO	status.find.is(200), but actually found 405
USER	Contribution API	START	1674825170360
REQUEST		/contribution/reject?title=fghgf&contributionType=book&sessionId=1-Helps us to edit the proposal contribution.	1674825169560	1674825170374	KO	status.find.is(200), but actually found 405
REQUEST		/updateProposal?contributionId=12755-Helps us to edit the proposal contribution.	1674825170090	1674825170382	KO	status.find.is(200), but actually found 405
USER	Contribution API	START	1674825170460
REQUEST		/contribution/reject?title=fghgf&contributionType=book&sessionId=1-Helps us to edit the proposal contribution.	1674825169660	1674825170478	KO	status.find.is(200), but actually found 405
REQUEST		/updateProposal?contributionId=12755-Helps us to edit the proposal contribution.	1674825170195	1674825170488	KO	status.find.is(200), but actually found 405
USER	Contribution API	START	1674825170560
REQUEST		/contribution/reject?title=fghgf&contributionType=book&sessionId=1-Helps us to edit the proposal contribution.	1674825169761	1674825170571	KO	status.find.is(200), but actually found 405
REQUEST		/updateProposal?contributionId=12755-Helps us to edit the proposal contribution.	1674825170308	1674825170602	KO	status.find.is(200), but actually found 405
USER	Contribution API	START	1674825170660
REQUEST		/contribution/reject?title=fghgf&contributionType=book&sessionId=1-Helps us to edit the proposal contribution.	1674825169861	1674825170684	KO	status.find.is(200), but actually found 405
REQUEST		/updateProposal?contributionId=12755-Helps us to edit the proposal contribution.	1674825170404	1674825170701	KO	status.find.is(200), but actually found 405
USER	Contribution API	START	1674825170760
REQUEST		/contribution/reject?title=fghgf&contributionType=book&sessionId=1-Helps us to edit the proposal contribution.	1674825169961	1674825170785	KO	status.find.is(200), but actually found 405
REQUEST		/updateProposal?contributionId=12755-Helps us to edit the proposal contribution.	1674825170494	1674825170786	KO	status.find.is(200), but actually found 405
USER	Contribution API	START	1674825170860
REQUEST		/contribution/reject?title=fghgf&contributionType=book&sessionId=1-Helps us to edit the proposal contribution.	1674825170061	1674825170885	KO	status.find.is(200), but actually found 405
REQUEST		/updateProposal?contributionId=12755-Helps us to edit the proposal contribution.	1674825170592	1674825170895	KO	status.find.is(200), but actually found 405
USER	Contribution API	START	1674825170961
REQUEST		/updateProposal?contributionId=12755-Helps us to edit the proposal contribution.	1674825170688	1674825170981	KO	status.find.is(200), but actually found 405
REQUEST		/contribution/reject?title=fghgf&contributionType=book&sessionId=1-Helps us to edit the proposal contribution.	1674825170161	1674825170982	KO	status.find.is(200), but actually found 405
USER	Contribution API	START	1674825171061
REQUEST		/contribution/reject?title=fghgf&contributionType=book&sessionId=1-Helps us to edit the proposal contribution.	1674825170260	1674825171083	KO	status.find.is(200), but actually found 405
REQUEST		/updateProposal?contributionId=12755-Helps us to edit the proposal contribution.	1674825170799	1674825171096	KO	status.find.is(200), but actually found 405
USER	Contribution API	START	1674825171161
REQUEST		/contribution/reject?title=fghgf&contributionType=book&sessionId=1-Helps us to edit the proposal contribution.	1674825170360	1674825171184	KO	status.find.is(200), but actually found 405
REQUEST		/updateProposal?contributionId=12755-Helps us to edit the proposal contribution.	1674825170897	1674825171194	KO	status.find.is(200), but actually found 405
USER	Contribution API	START	1674825171260
REQUEST		/contribution/reject?title=fghgf&contributionType=book&sessionId=1-Helps us to edit the proposal contribution.	1674825170460	1674825171286	KO	status.find.is(200), but actually found 405
REQUEST		/updateProposal?contributionId=12755-Helps us to edit the proposal contribution.	1674825171008	1674825171307	KO	status.find.is(200), but actually found 405
USER	Contribution API	START	1674825171360
REQUEST		/updateProposal?contributionId=12755-Helps us to edit the proposal contribution.	1674825171087	1674825171383	KO	status.find.is(200), but actually found 405
REQUEST		/contribution/reject?title=fghgf&contributionType=book&sessionId=1-Helps us to edit the proposal contribution.	1674825170560	1674825171389	KO	status.find.is(200), but actually found 405
USER	Contribution API	START	1674825171460
REQUEST		/contribution/reject?title=fghgf&contributionType=book&sessionId=1-Helps us to edit the proposal contribution.	1674825170661	1674825171479	KO	status.find.is(200), but actually found 405
REQUEST		/updateProposal?contributionId=12755-Helps us to edit the proposal contribution.	1674825171188	1674825171484	KO	status.find.is(200), but actually found 405
USER	Contribution API	START	1674825171560
REQUEST		/updateProposal?contributionId=12755-Helps us to edit the proposal contribution.	1674825171289	1674825171583	KO	status.find.is(200), but actually found 405
REQUEST		/contribution/reject?title=fghgf&contributionType=book&sessionId=1-Helps us to edit the proposal contribution.	1674825170761	1674825171590	KO	status.find.is(200), but actually found 405
USER	Contribution API	START	1674825171660
REQUEST		/contribution/reject?title=fghgf&contributionType=book&sessionId=1-Helps us to edit the proposal contribution.	1674825170861	1674825171683	KO	status.find.is(200), but actually found 405
REQUEST		/updateProposal?contributionId=12755-Helps us to edit the proposal contribution.	1674825171390	1674825171685	KO	status.find.is(200), but actually found 405
USER	Contribution API	START	1674825171761
REQUEST		/updateProposal?contributionId=12755-Helps us to edit the proposal contribution.	1674825171478	1674825171780	KO	status.find.is(200), but actually found 405
REQUEST		/contribution/reject?title=fghgf&contributionType=book&sessionId=1-Helps us to edit the proposal contribution.	1674825170961	1674825171793	KO	status.find.is(200), but actually found 405
USER	Contribution API	START	1674825171861
REQUEST		/contribution/reject?title=fghgf&contributionType=book&sessionId=1-Helps us to edit the proposal contribution.	1674825171062	1674825171874	KO	status.find.is(200), but actually found 405
REQUEST		/updateProposal?contributionId=12755-Helps us to edit the proposal contribution.	1674825171584	1674825171874	KO	status.find.is(200), but actually found 405
USER	Contribution API	START	1674825171961
REQUEST		/updateProposal?contributionId=12755-Helps us to edit the proposal contribution.	1674825171683	1674825171978	KO	status.find.is(200), but actually found 405
REQUEST		/contribution/reject?title=fghgf&contributionType=book&sessionId=1-Helps us to edit the proposal contribution.	1674825171162	1674825171984	KO	status.find.is(200), but actually found 405
USER	Contribution API	START	1674825172061
REQUEST		/contribution/reject?title=fghgf&contributionType=book&sessionId=1-Helps us to edit the proposal contribution.	1674825171260	1674825172078	KO	status.find.is(200), but actually found 405
REQUEST		/updateProposal?contributionId=12755-Helps us to edit the proposal contribution.	1674825171802	1674825172100	KO	status.find.is(200), but actually found 405
USER	Contribution API	START	1674825172161
REQUEST		/updateProposal?contributionId=12755-Helps us to edit the proposal contribution.	1674825171883	1674825172173	KO	status.find.is(200), but actually found 405
REQUEST		/contribution/reject?title=fghgf&contributionType=book&sessionId=1-Helps us to edit the proposal contribution.	1674825171361	1674825172176	KO	status.find.is(200), but actually found 405
USER	Contribution API	START	1674825172260
REQUEST		/contribution/reject?title=fghgf&contributionType=book&sessionId=1-Helps us to edit the proposal contribution.	1674825171461	1674825172278	KO	status.find.is(200), but actually found 405
REQUEST		/updateProposal?contributionId=12755-Helps us to edit the proposal contribution.	1674825171995	1674825172292	KO	status.find.is(200), but actually found 405
USER	Contribution API	END	1674825172360
USER	Contribution API	START	1674825172360
REQUEST		/contribution/reject?title=fghgf&contributionType=book&sessionId=1-Helps us to edit the proposal contribution.	1674825171561	1674825172377	KO	status.find.is(200), but actually found 405
REQUEST		/updateProposal?contributionId=12755-Helps us to edit the proposal contribution.	1674825172084	1674825172379	KO	status.find.is(200), but actually found 405
USER	Contribution API	END	1674825172383
USER	Contribution API	START	1674825172460
REQUEST		/contribution/reject?title=fghgf&contributionType=book&sessionId=1-Helps us to edit the proposal contribution.	1674825171661	1674825172478	KO	status.find.is(200), but actually found 405
REQUEST		/updateProposal?contributionId=12755-Helps us to edit the proposal contribution.	1674825172183	1674825172479	KO	status.find.is(200), but actually found 405
USER	Contribution API	END	1674825172481
USER	Contribution API	START	1674825172560
REQUEST		/updateProposal?contributionId=12755-Helps us to edit the proposal contribution.	1674825172279	1674825172579	KO	status.find.is(200), but actually found 405
REQUEST		/contribution/reject?title=fghgf&contributionType=book&sessionId=1-Helps us to edit the proposal contribution.	1674825171761	1674825172588	KO	status.find.is(200), but actually found 405
USER	Contribution API	END	1674825172605
USER	Contribution API	START	1674825172660
REQUEST		/updateProposal?contributionId=12755-Helps us to edit the proposal contribution.	1674825172390	1674825172685	KO	status.find.is(200), but actually found 405
USER	Contribution API	END	1674825172686
REQUEST		/contribution/reject?title=fghgf&contributionType=book&sessionId=1-Helps us to edit the proposal contribution.	1674825171861	1674825172688	KO	status.find.is(200), but actually found 405
USER	Contribution API	START	1674825172760
REQUEST		/contribution/reject?title=fghgf&contributionType=book&sessionId=1-Helps us to edit the proposal contribution.	1674825171961	1674825172785	KO	status.find.is(200), but actually found 405
REQUEST		/updateProposal?contributionId=12755-Helps us to edit the proposal contribution.	1674825172496	1674825172795	KO	status.find.is(200), but actually found 405
USER	Contribution API	END	1674825172808
USER	Contribution API	START	1674825172860
REQUEST		/contribution/reject?title=fghgf&contributionType=book&sessionId=1-Helps us to edit the proposal contribution.	1674825172062	1674825172879	KO	status.find.is(200), but actually found 405
USER	Contribution API	END	1674825172885
REQUEST		/updateProposal?contributionId=12755-Helps us to edit the proposal contribution.	1674825172596	1674825172904	KO	status.find.is(200), but actually found 405
USER	Contribution API	START	1674825172960
REQUEST		/contribution/reject?title=fghgf&contributionType=book&sessionId=1-Helps us to edit the proposal contribution.	1674825172161	1674825172973	KO	status.find.is(200), but actually found 405
USER	Contribution API	END	1674825172976
REQUEST		/updateProposal?contributionId=12755-Helps us to edit the proposal contribution.	1674825172684	1674825172982	KO	status.find.is(200), but actually found 405
USER	Contribution API	START	1674825173060
REQUEST		/updateProposal?contributionId=12755-Helps us to edit the proposal contribution.	1674825172783	1674825173077	KO	status.find.is(200), but actually found 405
REQUEST		/contribution/reject?title=fghgf&contributionType=book&sessionId=1-Helps us to edit the proposal contribution.	1674825172260	1674825173080	KO	status.find.is(200), but actually found 405
USER	Contribution API	END	1674825173084
USER	Contribution API	START	1674825173160
USER	Contribution API	END	1674825173178
REQUEST		/updateProposal?contributionId=12755-Helps us to edit the proposal contribution.	1674825172889	1674825173181	KO	status.find.is(200), but actually found 405
REQUEST		/contribution/reject?title=fghgf&contributionType=book&sessionId=1-Helps us to edit the proposal contribution.	1674825172360	1674825173185	KO	status.find.is(200), but actually found 405
USER	Contribution API	START	1674825173260
REQUEST		/updateProposal?contributionId=12755-Helps us to edit the proposal contribution.	1674825172982	1674825173274	KO	status.find.is(200), but actually found 405
REQUEST		/contribution/reject?title=fghgf&contributionType=book&sessionId=1-Helps us to edit the proposal contribution.	1674825172460	1674825173284	KO	status.find.is(200), but actually found 405
USER	Contribution API	END	1674825173284
USER	Contribution API	START	1674825173360
REQUEST		/contribution/reject?title=fghgf&contributionType=book&sessionId=1-Helps us to edit the proposal contribution.	1674825172560	1674825173369	KO	status.find.is(200), but actually found 405
USER	Contribution API	END	1674825173383
REQUEST		/updateProposal?contributionId=12755-Helps us to edit the proposal contribution.	1674825173093	1674825173391	KO	status.find.is(200), but actually found 405
USER	Contribution API	START	1674825173460
REQUEST		/updateProposal?contributionId=12755-Helps us to edit the proposal contribution.	1674825173181	1674825173474	KO	status.find.is(200), but actually found 405
REQUEST		/contribution/reject?title=fghgf&contributionType=book&sessionId=1-Helps us to edit the proposal contribution.	1674825172660	1674825173477	KO	status.find.is(200), but actually found 405
USER	Contribution API	END	1674825173489
USER	Contribution API	START	1674825173560
REQUEST		/contribution/reject?title=fghgf&contributionType=book&sessionId=1-Helps us to edit the proposal contribution.	1674825172761	1674825173580	KO	status.find.is(200), but actually found 405
REQUEST		/updateProposal?contributionId=12755-Helps us to edit the proposal contribution.	1674825173292	1674825173590	KO	status.find.is(200), but actually found 405
USER	Contribution API	END	1674825173604
USER	Contribution API	START	1674825173660
REQUEST		/updateProposal?contributionId=12755-Helps us to edit the proposal contribution.	1674825173376	1674825173667	KO	status.find.is(200), but actually found 405
REQUEST		/contribution/reject?title=fghgf&contributionType=book&sessionId=1-Helps us to edit the proposal contribution.	1674825172861	1674825173683	KO	status.find.is(200), but actually found 405
USER	Contribution API	END	1674825173702
USER	Contribution API	START	1674825173760
REQUEST		/updateProposal?contributionId=12755-Helps us to edit the proposal contribution.	1674825173479	1674825173775	KO	status.find.is(200), but actually found 405
USER	Contribution API	END	1674825173787
REQUEST		/contribution/reject?title=fghgf&contributionType=book&sessionId=1-Helps us to edit the proposal contribution.	1674825172961	1674825173789	KO	status.find.is(200), but actually found 405
USER	Contribution API	START	1674825173860
REQUEST		/updateProposal?contributionId=12755-Helps us to edit the proposal contribution.	1674825173572	1674825173861	KO	status.find.is(200), but actually found 405
REQUEST		/contribution/reject?title=fghgf&contributionType=book&sessionId=1-Helps us to edit the proposal contribution.	1674825173061	1674825173893	KO	status.find.is(200), but actually found 405
USER	Contribution API	END	1674825173897
USER	Contribution API	START	1674825173961
REQUEST		/contribution/reject?title=fghgf&contributionType=book&sessionId=1-Helps us to edit the proposal contribution.	1674825173161	1674825173973	KO	status.find.is(200), but actually found 405
REQUEST		/updateProposal?contributionId=12755-Helps us to edit the proposal contribution.	1674825173685	1674825173976	KO	status.find.is(200), but actually found 405
USER	Contribution API	END	1674825173983
USER	Contribution API	START	1674825174061
REQUEST		/updateProposal?contributionId=12755-Helps us to edit the proposal contribution.	1674825173786	1674825174080	KO	status.find.is(200), but actually found 405
REQUEST		/contribution/reject?title=fghgf&contributionType=book&sessionId=1-Helps us to edit the proposal contribution.	1674825173260	1674825174081	KO	status.find.is(200), but actually found 405
USER	Contribution API	END	1674825174098
USER	Contribution API	START	1674825174161
REQUEST		/contribution/reject?title=fghgf&contributionType=book&sessionId=1-Helps us to edit the proposal contribution.	1674825173361	1674825174181	KO	status.find.is(200), but actually found 405
REQUEST		/updateProposal?contributionId=12755-Helps us to edit the proposal contribution.	1674825173886	1674825174188	KO	status.find.is(200), but actually found 405
USER	Contribution API	END	1674825174196
USER	Contribution API	START	1674825174260
REQUEST		/updateProposal?contributionId=12755-Helps us to edit the proposal contribution.	1674825173983	1674825174275	KO	status.find.is(200), but actually found 405
REQUEST		/contribution/reject?title=fghgf&contributionType=book&sessionId=1-Helps us to edit the proposal contribution.	1674825173461	1674825174281	KO	status.find.is(200), but actually found 405
USER	Contribution API	END	1674825174308
USER	Contribution API	START	1674825174360
REQUEST		/updateProposal?contributionId=12755-Helps us to edit the proposal contribution.	1674825174084	1674825174378	KO	status.find.is(200), but actually found 405
USER	Contribution API	END	1674825174384
REQUEST		/contribution/reject?title=fghgf&contributionType=book&sessionId=1-Helps us to edit the proposal contribution.	1674825173561	1674825174386	KO	status.find.is(200), but actually found 405
USER	Contribution API	START	1674825174460
REQUEST		/updateProposal?contributionId=12755-Helps us to edit the proposal contribution.	1674825174185	1674825174476	KO	status.find.is(200), but actually found 405
REQUEST		/contribution/reject?title=fghgf&contributionType=book&sessionId=1-Helps us to edit the proposal contribution.	1674825173661	1674825174477	KO	status.find.is(200), but actually found 405
USER	Contribution API	END	1674825174486
USER	Contribution API	START	1674825174560
REQUEST		/updateProposal?contributionId=12755-Helps us to edit the proposal contribution.	1674825174287	1674825174579	KO	status.find.is(200), but actually found 405
USER	Contribution API	END	1674825174584
REQUEST		/contribution/reject?title=fghgf&contributionType=book&sessionId=1-Helps us to edit the proposal contribution.	1674825173761	1674825174587	KO	status.find.is(200), but actually found 405
USER	Contribution API	START	1674825174660
REQUEST		/contribution/reject?title=fghgf&contributionType=book&sessionId=1-Helps us to edit the proposal contribution.	1674825173861	1674825174683	KO	status.find.is(200), but actually found 405
USER	Contribution API	END	1674825174687
REQUEST		/updateProposal?contributionId=12755-Helps us to edit the proposal contribution.	1674825174390	1674825174692	KO	status.find.is(200), but actually found 405
USER	Contribution API	START	1674825174760
REQUEST		/updateProposal?contributionId=12755-Helps us to edit the proposal contribution.	1674825174481	1674825174771	KO	status.find.is(200), but actually found 405
USER	Contribution API	END	1674825174782
REQUEST		/contribution/reject?title=fghgf&contributionType=book&sessionId=1-Helps us to edit the proposal contribution.	1674825173961	1674825174786	KO	status.find.is(200), but actually found 405
USER	Contribution API	START	1674825174860
USER	Contribution API	END	1674825174875
REQUEST		/contribution/reject?title=fghgf&contributionType=book&sessionId=1-Helps us to edit the proposal contribution.	1674825174061	1674825174883	KO	status.find.is(200), but actually found 405
REQUEST		/updateProposal?contributionId=12755-Helps us to edit the proposal contribution.	1674825174591	1674825174892	KO	status.find.is(200), but actually found 405
USER	Contribution API	START	1674825174960
USER	Contribution API	END	1674825174979
REQUEST		/updateProposal?contributionId=12755-Helps us to edit the proposal contribution.	1674825174684	1674825174985	KO	status.find.is(200), but actually found 405
REQUEST		/contribution/reject?title=fghgf&contributionType=book&sessionId=1-Helps us to edit the proposal contribution.	1674825174161	1674825174986	KO	status.find.is(200), but actually found 405
USER	Contribution API	START	1674825175061
REQUEST		/contribution/reject?title=fghgf&contributionType=book&sessionId=1-Helps us to edit the proposal contribution.	1674825174260	1674825175085	KO	status.find.is(200), but actually found 405
REQUEST		/updateProposal?contributionId=12755-Helps us to edit the proposal contribution.	1674825174794	1674825175090	KO	status.find.is(200), but actually found 405
USER	Contribution API	END	1674825175101
USER	Contribution API	END	1674825175174
REQUEST		/contribution/reject?title=fghgf&contributionType=book&sessionId=1-Helps us to edit the proposal contribution.	1674825174361	1674825175178	KO	status.find.is(200), but actually found 405
REQUEST		/updateProposal?contributionId=12755-Helps us to edit the proposal contribution.	1674825174875	1674825175182	KO	status.find.is(200), but actually found 405
REQUEST		/updateProposal?contributionId=12755-Helps us to edit the proposal contribution.	1674825174984	1674825175287	KO	status.find.is(200), but actually found 405
REQUEST		/contribution/reject?title=fghgf&contributionType=book&sessionId=1-Helps us to edit the proposal contribution.	1674825174460	1674825175288	KO	status.find.is(200), but actually found 405
USER	Contribution API	END	1674825175294
REQUEST		/updateProposal?contributionId=12755-Helps us to edit the proposal contribution.	1674825175079	1674825175378	KO	status.find.is(200), but actually found 405
REQUEST		/contribution/reject?title=fghgf&contributionType=book&sessionId=1-Helps us to edit the proposal contribution.	1674825174560	1674825175380	KO	status.find.is(200), but actually found 405
USER	Contribution API	END	1674825175381
REQUEST		/updateProposal?contributionId=12755-Helps us to edit the proposal contribution.	1674825175177	1674825175471	KO	status.find.is(200), but actually found 405
REQUEST		/contribution/reject?title=fghgf&contributionType=book&sessionId=1-Helps us to edit the proposal contribution.	1674825174660	1674825175478	KO	status.find.is(200), but actually found 405
USER	Contribution API	END	1674825175480
REQUEST		/updateProposal?contributionId=12755-Helps us to edit the proposal contribution.	1674825175279	1674825175569	KO	status.find.is(200), but actually found 405
USER	Contribution API	END	1674825175580
REQUEST		/contribution/reject?title=fghgf&contributionType=book&sessionId=1-Helps us to edit the proposal contribution.	1674825174761	1674825175582	KO	status.find.is(200), but actually found 405
REQUEST		/updateProposal?contributionId=12755-Helps us to edit the proposal contribution.	1674825175378	1674825175673	KO	status.find.is(200), but actually found 405
REQUEST		/contribution/reject?title=fghgf&contributionType=book&sessionId=1-Helps us to edit the proposal contribution.	1674825174861	1674825175678	KO	status.find.is(200), but actually found 405
USER	Contribution API	END	1674825175686
REQUEST		/updateProposal?contributionId=12755-Helps us to edit the proposal contribution.	1674825175479	1674825175774	KO	status.find.is(200), but actually found 405
REQUEST		/contribution/reject?title=fghgf&contributionType=book&sessionId=1-Helps us to edit the proposal contribution.	1674825174961	1674825175778	KO	status.find.is(200), but actually found 405
USER	Contribution API	END	1674825175797
REQUEST		/contribution/reject?title=fghgf&contributionType=book&sessionId=1-Helps us to edit the proposal contribution.	1674825175062	1674825175873	KO	status.find.is(200), but actually found 405
REQUEST		/updateProposal?contributionId=12755-Helps us to edit the proposal contribution.	1674825175589	1674825175886	KO	status.find.is(200), but actually found 405
USER	Contribution API	END	1674825175905
USER	Contribution API	END	1674825175983
REQUEST		/updateProposal?contributionId=12755-Helps us to edit the proposal contribution.	1674825175689	1674825175983	KO	status.find.is(200), but actually found 405
USER	Contribution API	END	1674825176079
REQUEST		/updateProposal?contributionId=12755-Helps us to edit the proposal contribution.	1674825175786	1674825176088	KO	status.find.is(200), but actually found 405
REQUEST		/updateProposal?contributionId=12755-Helps us to edit the proposal contribution.	1674825175881	1674825176171	KO	status.find.is(200), but actually found 405
USER	Contribution API	END	1674825176182
REQUEST		/updateProposal?contributionId=12755-Helps us to edit the proposal contribution.	1674825175974	1674825176265	KO	status.find.is(200), but actually found 405
USER	Contribution API	END	1674825176276
REQUEST		/updateProposal?contributionId=12755-Helps us to edit the proposal contribution.	1674825176081	1674825176374	KO	status.find.is(200), but actually found 405
USER	Contribution API	END	1674825176392
USER	Contribution API	END	1674825176475
REQUEST		/updateProposal?contributionId=12755-Helps us to edit the proposal contribution.	1674825176186	1674825176479	KO	status.find.is(200), but actually found 405
REQUEST		/updateProposal?contributionId=12755-Helps us to edit the proposal contribution.	1674825176284	1674825176578	KO	status.find.is(200), but actually found 405
USER	Contribution API	END	1674825176592
REQUEST		/updateProposal?contributionId=12755-Helps us to edit the proposal contribution.	1674825176370	1674825176658	KO	status.find.is(200), but actually found 405
USER	Contribution API	END	1674825176668
REQUEST		/updateProposal?contributionId=12755-Helps us to edit the proposal contribution.	1674825176478	1674825176771	KO	status.find.is(200), but actually found 405
USER	Contribution API	END	1674825176776
USER	Contribution API	END	1674825176863
REQUEST		/updateProposal?contributionId=12755-Helps us to edit the proposal contribution.	1674825176581	1674825176873	KO	status.find.is(200), but actually found 405
USER	Contribution API	END	1674825176977
REQUEST		/updateProposal?contributionId=12755-Helps us to edit the proposal contribution.	1674825176684	1674825176978	KO	status.find.is(200), but actually found 405
USER	Contribution API	END	1674825177082
REQUEST		/updateProposal?contributionId=12755-Helps us to edit the proposal contribution.	1674825176790	1674825177085	KO	status.find.is(200), but actually found 405
REQUEST		/updateProposal?contributionId=12755-Helps us to edit the proposal contribution.	1674825176894	1674825177187	KO	status.find.is(200), but actually found 405
USER	Contribution API	END	1674825177189
REQUEST		/updateProposal?contributionId=12755-Helps us to edit the proposal contribution.	1674825176976	1674825177271	KO	status.find.is(200), but actually found 405
USER	Contribution API	END	1674825177276
USER	Contribution API	END	1674825177379
REQUEST		/updateProposal?contributionId=12755-Helps us to edit the proposal contribution.	1674825177082	1674825177389	KO	status.find.is(200), but actually found 405
REQUEST		/updateProposal?contributionId=12755-Helps us to edit the proposal contribution.	1674825177182	1674825177476	KO	status.find.is(200), but actually found 405
USER	Contribution API	END	1674825177477
REQUEST		/updateProposal?contributionId=12755-Helps us to edit the proposal contribution.	1674825177283	1674825177575	KO	status.find.is(200), but actually found 405
USER	Contribution API	END	1674825177580
REQUEST		/updateProposal?contributionId=12755-Helps us to edit the proposal contribution.	1674825177387	1674825177680	KO	status.find.is(200), but actually found 405
USER	Contribution API	END	1674825177693
REQUEST		/updateProposal?contributionId=12755-Helps us to edit the proposal contribution.	1674825177478	1674825177770	KO	status.find.is(200), but actually found 405
USER	Contribution API	END	1674825177772
REQUEST		/updateProposal?contributionId=12755-Helps us to edit the proposal contribution.	1674825177587	1674825177881	KO	status.find.is(200), but actually found 405
USER	Contribution API	END	1674825177893
REQUEST		/updateProposal?contributionId=12755-Helps us to edit the proposal contribution.	1674825177684	1674825177975	KO	status.find.is(200), but actually found 405
USER	Contribution API	END	1674825177986
REQUEST		/updateProposal?contributionId=12755-Helps us to edit the proposal contribution.	1674825177787	1674825178081	KO	status.find.is(200), but actually found 405
USER	Contribution API	END	1674825178090
REQUEST		/updateProposal?contributionId=12755-Helps us to edit the proposal contribution.	1674825177884	1674825178179	KO	status.find.is(200), but actually found 405
USER	Contribution API	END	1674825178184
REQUEST		/updateProposal?contributionId=12755-Helps us to edit the proposal contribution.	1674825177986	1674825178280	KO	status.find.is(200), but actually found 405
USER	Contribution API	END	1674825178288
REQUEST		/updateProposal?contributionId=12755-Helps us to edit the proposal contribution.	1674825178086	1674825178380	KO	status.find.is(200), but actually found 405
USER	Contribution API	END	1674825178380
REQUEST		/updateProposal?contributionId=12755-Helps us to edit the proposal contribution.	1674825178179	1674825178470	KO	status.find.is(200), but actually found 405
USER	Contribution API	END	1674825178472
USER	Contribution API	END	1674825178570
REQUEST		/updateProposal?contributionId=12755-Helps us to edit the proposal contribution.	1674825178289	1674825178584	KO	status.find.is(200), but actually found 405
USER	Contribution API	END	1674825178674
REQUEST		/updateProposal?contributionId=12755-Helps us to edit the proposal contribution.	1674825178382	1674825178682	KO	status.find.is(200), but actually found 405
REQUEST		/updateProposal?contributionId=12755-Helps us to edit the proposal contribution.	1674825178479	1674825178771	KO	status.find.is(200), but actually found 405
USER	Contribution API	END	1674825178775
REQUEST		/updateProposal?contributionId=12755-Helps us to edit the proposal contribution.	1674825178583	1674825178877	KO	status.find.is(200), but actually found 405
USER	Contribution API	END	1674825178887
REQUEST		/updateProposal?contributionId=12755-Helps us to edit the proposal contribution.	1674825178679	1674825178971	KO	status.find.is(200), but actually found 405
USER	Contribution API	END	1674825178984
REQUEST		/updateProposal?contributionId=12755-Helps us to edit the proposal contribution.	1674825178779	1674825179072	KO	status.find.is(200), but actually found 405
USER	Contribution API	END	1674825179089
REQUEST		/updateProposal?contributionId=12755-Helps us to edit the proposal contribution.	1674825178874	1674825179165	KO	status.find.is(200), but actually found 405
USER	Contribution API	END	1674825179172
USER	Contribution API	END	1674825179266
USER	Contribution API	END	1674825179375
USER	Contribution API	END	1674825179481
USER	Contribution API	END	1674825179579
USER	Contribution API	END	1674825179659
USER	Contribution API	END	1674825179772
USER	Contribution API	END	1674825179874
USER	Contribution API	END	1674825179980
USER	Contribution API	END	1674825180086
USER	Contribution API	END	1674825180188
USER	Contribution API	END	1674825180272
USER	Contribution API	END	1674825180390
USER	Contribution API	END	1674825180477
USER	Contribution API	END	1674825180576
USER	Contribution API	END	1674825180682
USER	Contribution API	END	1674825180770
USER	Contribution API	END	1674825180883
USER	Contribution API	END	1674825180976
USER	Contribution API	END	1674825181082
USER	Contribution API	END	1674825181180
USER	Contribution API	END	1674825181281
USER	Contribution API	END	1674825181381
USER	Contribution API	END	1674825181471
USER	Contribution API	END	1674825181584
USER	Contribution API	END	1674825181683
USER	Contribution API	END	1674825181772
USER	Contribution API	END	1674825181878
USER	Contribution API	END	1674825181972
USER	Contribution API	END	1674825182073
USER	Contribution API	END	1674825182167
