RUN	Simulations.Runner.Go1percent	go1percent	1674813790784	 	3.5.1
USER	Contribution API	START	1674813791718
USER	Contribution API	START	1674813791811
USER	Contribution API	START	1674813791911
USER	Contribution API	START	1674813792011
USER	Contribution API	START	1674813792112
USER	Contribution API	START	1674813792212
USER	Contribution API	START	1674813792313
USER	Contribution API	START	1674813792414
USER	Contribution API	START	1674813792514
REQUEST		/updateProposal?contributionId=12755-Helps us to edit the proposal contribution.	1674813791736	1674813792590	OK	 
USER	Contribution API	START	1674813792614
REQUEST		/updateProposal?contributionId=12755-Helps us to edit the proposal contribution.	1674813791812	1674813792666	OK	 
USER	Contribution API	START	1674813792715
REQUEST		/updateProposal?contributionId=12755-Helps us to edit the proposal contribution.	1674813791912	1674813792755	OK	 
USER	Contribution API	START	1674813792814
REQUEST		/updateProposal?contributionId=12755-Helps us to edit the proposal contribution.	1674813792012	1674813792886	OK	 
USER	Contribution API	START	1674813792915
REQUEST		/updateProposal?contributionId=12755-Helps us to edit the proposal contribution.	1674813792113	1674813792951	OK	 
USER	Contribution API	START	1674813793015
REQUEST		/updateProposal?contributionId=12755-Helps us to edit the proposal contribution.	1674813792213	1674813793055	OK	 
USER	Contribution API	START	1674813793115
REQUEST		/updateProposal?contributionId=12755-Helps us to edit the proposal contribution.	1674813792314	1674813793164	OK	 
USER	Contribution API	START	1674813793215
REQUEST		/updateProposal?contributionId=12755-Helps us to edit the proposal contribution.	1674813792415	1674813793261	OK	 
USER	Contribution API	START	1674813793315
REQUEST		/updateProposal?contributionId=12755-Helps us to edit the proposal contribution.	1674813792515	1674813793353	OK	 
USER	Contribution API	START	1674813793415
REQUEST		/updateProposal?contributionId=12755-Helps us to edit the proposal contribution.	1674813792615	1674813793465	OK	 
USER	Contribution API	START	1674813793515
REQUEST		/updateProposal?contributionId=12755-Helps us to edit the proposal contribution.	1674813792715	1674813793570	OK	 
USER	Contribution API	START	1674813793615
REQUEST		/updateProposal?contributionId=12755-Helps us to edit the proposal contribution.	1674813792815	1674813793660	OK	 
USER	Contribution API	START	1674813793715
REQUEST		/updateProposal?contributionId=12755-Helps us to edit the proposal contribution.	1674813792916	1674813793757	OK	 
USER	Contribution API	START	1674813793808
REQUEST		/updateProposal?contributionId=12755-Helps us to edit the proposal contribution.	1674813793016	1674813793854	OK	 
USER	Contribution API	START	1674813793908
REQUEST		/updateProposal?contributionId=12755-Helps us to edit the proposal contribution.	1674813793116	1674813793949	OK	 
USER	Contribution API	START	1674813794009
REQUEST		/updateProposal?contributionId=12755-Helps us to edit the proposal contribution.	1674813793216	1674813794053	OK	 
USER	Contribution API	START	1674813794109
REQUEST		/updateProposal?contributionId=12755-Helps us to edit the proposal contribution.	1674813793316	1674813794159	OK	 
USER	Contribution API	START	1674813794209
REQUEST		/updateProposal?contributionId=12755-Helps us to edit the proposal contribution.	1674813793416	1674813794264	OK	 
USER	Contribution API	START	1674813794309
REQUEST		/updateProposal?contributionId=12755-Helps us to edit the proposal contribution.	1674813793516	1674813794365	OK	 
USER	Contribution API	START	1674813794409
REQUEST		/updateProposal?contributionId=12755-Helps us to edit the proposal contribution.	1674813793616	1674813794453	OK	 
USER	Contribution API	START	1674813794509
REQUEST		/updateProposal?contributionId=12755-Helps us to edit the proposal contribution.	1674813793716	1674813794558	OK	 
USER	Contribution API	START	1674813794609
REQUEST		/updateProposal?contributionId=12755-Helps us to edit the proposal contribution.	1674813793809	1674813794657	OK	 
USER	Contribution API	START	1674813794709
REQUEST		/updateProposal?contributionId=12755-Helps us to edit the proposal contribution.	1674813793909	1674813794738	OK	 
USER	Contribution API	START	1674813794809
REQUEST		/updateProposal?contributionId=12755-Helps us to edit the proposal contribution.	1674813794009	1674813794856	OK	 
USER	Contribution API	START	1674813794909
REQUEST		/updateProposal?contributionId=12755-Helps us to edit the proposal contribution.	1674813794109	1674813794970	OK	 
USER	Contribution API	START	1674813795009
REQUEST		/updateProposal?contributionId=12755-Helps us to edit the proposal contribution.	1674813794209	1674813795057	OK	 
USER	Contribution API	START	1674813795109
REQUEST		/updateProposal?contributionId=12755-Helps us to edit the proposal contribution.	1674813794309	1674813795168	OK	 
USER	Contribution API	START	1674813795209
REQUEST		/updateProposal?contributionId=12755-Helps us to edit the proposal contribution.	1674813794409	1674813795256	OK	 
USER	Contribution API	START	1674813795309
REQUEST		/updateProposal?contributionId=12755-Helps us to edit the proposal contribution.	1674813794510	1674813795365	OK	 
USER	Contribution API	START	1674813795409
REQUEST		/updateProposal?contributionId=12755-Helps us to edit the proposal contribution.	1674813794609	1674813795444	OK	 
USER	Contribution API	START	1674813795509
REQUEST		/updateProposal?contributionId=12755-Helps us to edit the proposal contribution.	1674813794710	1674813795560	OK	 
USER	Contribution API	START	1674813795609
REQUEST		/updateProposal?contributionId=12755-Helps us to edit the proposal contribution.	1674813794809	1674813795658	OK	 
USER	Contribution API	START	1674813795710
REQUEST		/updateProposal?contributionId=12755-Helps us to edit the proposal contribution.	1674813794909	1674813795756	OK	 
USER	Contribution API	START	1674813795809
REQUEST		/updateProposal?contributionId=12755-Helps us to edit the proposal contribution.	1674813795009	1674813795849	OK	 
REQUEST		/updateProposal?contributionId=12755-Helps us to edit the proposal contribution.	1674813795610	1674813795903	KO	status.find.is(200), but actually found 415
USER	Contribution API	START	1674813795909
REQUEST		/updateProposal?contributionId=12755-Helps us to edit the proposal contribution.	1674813795109	1674813795950	OK	 
REQUEST		/updateProposal?contributionId=12755-Helps us to edit the proposal contribution.	1674813795668	1674813795964	KO	status.find.is(200), but actually found 415
USER	Contribution API	START	1674813796009
REQUEST		/updateProposal?contributionId=12755-Helps us to edit the proposal contribution.	1674813795210	1674813796043	OK	 
REQUEST		/updateProposal?contributionId=12755-Helps us to edit the proposal contribution.	1674813795756	1674813796046	KO	status.find.is(200), but actually found 415
USER	Contribution API	START	1674813796109
REQUEST		/updateProposal?contributionId=12755-Helps us to edit the proposal contribution.	1674813795310	1674813796152	OK	 
REQUEST		/updateProposal?contributionId=12755-Helps us to edit the proposal contribution.	1674813795888	1674813796196	KO	status.find.is(200), but actually found 415
USER	Contribution API	START	1674813796209
REQUEST		/updateProposal?contributionId=12755-Helps us to edit the proposal contribution.	1674813795952	1674813796243	KO	status.find.is(200), but actually found 415
REQUEST		/updateProposal?contributionId=12755-Helps us to edit the proposal contribution.	1674813795410	1674813796262	OK	 
USER	Contribution API	START	1674813796309
REQUEST		/updateProposal?contributionId=12755-Helps us to edit the proposal contribution.	1674813796057	1674813796354	KO	status.find.is(200), but actually found 415
REQUEST		/updateProposal?contributionId=12755-Helps us to edit the proposal contribution.	1674813795510	1674813796359	OK	 
USER	Contribution API	START	1674813796410
REQUEST		/updateProposal?contributionId=12755-Helps us to edit the proposal contribution.	1674813795610	1674813796450	OK	 
REQUEST		/updateProposal?contributionId=12755-Helps us to edit the proposal contribution.	1674813796165	1674813796456	KO	status.find.is(200), but actually found 415
USER	Contribution API	START	1674813796510
REQUEST		/updateProposal?contributionId=12755-Helps us to edit the proposal contribution.	1674813795710	1674813796544	OK	 
REQUEST		/updateProposal?contributionId=12755-Helps us to edit the proposal contribution.	1674813796262	1674813796561	KO	status.find.is(200), but actually found 415
USER	Contribution API	START	1674813796610
REQUEST		/updateProposal?contributionId=12755-Helps us to edit the proposal contribution.	1674813795809	1674813796639	OK	 
REQUEST		/updateProposal?contributionId=12755-Helps us to edit the proposal contribution.	1674813796355	1674813796646	KO	status.find.is(200), but actually found 415
USER	Contribution API	START	1674813796710
REQUEST		/updateProposal?contributionId=12755-Helps us to edit the proposal contribution.	1674813795910	1674813796757	OK	 
REQUEST		/updateProposal?contributionId=12755-Helps us to edit the proposal contribution.	1674813796466	1674813796765	KO	status.find.is(200), but actually found 415
USER	Contribution API	START	1674813796808
REQUEST		/updateProposal?contributionId=12755-Helps us to edit the proposal contribution.	1674813796010	1674813796859	OK	 
REQUEST		/updateProposal?contributionId=12755-Helps us to edit the proposal contribution.	1674813796571	1674813796870	KO	status.find.is(200), but actually found 415
USER	Contribution API	START	1674813796909
REQUEST		/updateProposal?contributionId=12755-Helps us to edit the proposal contribution.	1674813796110	1674813796949	OK	 
REQUEST		/updateProposal?contributionId=12755-Helps us to edit the proposal contribution.	1674813796661	1674813796953	KO	status.find.is(200), but actually found 415
USER	Contribution API	START	1674813797008
REQUEST		/updateProposal?contributionId=12755-Helps us to edit the proposal contribution.	1674813796210	1674813797057	OK	 
REQUEST		/updateProposal?contributionId=12755-Helps us to edit the proposal contribution.	1674813796758	1674813797057	KO	status.find.is(200), but actually found 415
USER	Contribution API	START	1674813797108
REQUEST		/updateProposal?contributionId=12755-Helps us to edit the proposal contribution.	1674813796855	1674813797141	KO	status.find.is(200), but actually found 415
REQUEST		/updateProposal?contributionId=12755-Helps us to edit the proposal contribution.	1674813796310	1674813797158	OK	 
USER	Contribution API	START	1674813797209
REQUEST		/updateProposal?contributionId=12755-Helps us to edit the proposal contribution.	1674813796951	1674813797238	KO	status.find.is(200), but actually found 415
REQUEST		/updateProposal?contributionId=12755-Helps us to edit the proposal contribution.	1674813796410	1674813797244	OK	 
USER	Contribution API	START	1674813797309
REQUEST		/updateProposal?contributionId=12755-Helps us to edit the proposal contribution.	1674813797055	1674813797345	KO	status.find.is(200), but actually found 415
REQUEST		/updateProposal?contributionId=12755-Helps us to edit the proposal contribution.	1674813796510	1674813797355	OK	 
USER	Contribution API	START	1674813797409
REQUEST		/updateProposal?contributionId=12755-Helps us to edit the proposal contribution.	1674813796610	1674813797454	OK	 
REQUEST		/updateProposal?contributionId=12755-Helps us to edit the proposal contribution.	1674813797161	1674813797461	KO	status.find.is(200), but actually found 415
USER	Contribution API	START	1674813797509
REQUEST		/updateProposal?contributionId=12755-Helps us to edit the proposal contribution.	1674813796710	1674813797547	OK	 
REQUEST		/updateProposal?contributionId=12755-Helps us to edit the proposal contribution.	1674813797265	1674813797562	KO	status.find.is(200), but actually found 415
USER	Contribution API	START	1674813797609
REQUEST		/updateProposal?contributionId=12755-Helps us to edit the proposal contribution.	1674813796809	1674813797641	OK	 
REQUEST		/updateProposal?contributionId=12755-Helps us to edit the proposal contribution.	1674813797366	1674813797659	KO	status.find.is(200), but actually found 415
USER	Contribution API	START	1674813797709
REQUEST		/updateProposal?contributionId=12755-Helps us to edit the proposal contribution.	1674813797455	1674813797747	KO	status.find.is(200), but actually found 415
REQUEST		/updateProposal?contributionId=12755-Helps us to edit the proposal contribution.	1674813796909	1674813797757	OK	 
USER	Contribution API	START	1674813797809
REQUEST		/updateProposal?contributionId=12755-Helps us to edit the proposal contribution.	1674813797009	1674813797846	OK	 
REQUEST		/updateProposal?contributionId=12755-Helps us to edit the proposal contribution.	1674813797559	1674813797858	KO	status.find.is(200), but actually found 415
USER	Contribution API	START	1674813797909
REQUEST		/updateProposal?contributionId=12755-Helps us to edit the proposal contribution.	1674813797109	1674813797947	OK	 
REQUEST		/updateProposal?contributionId=12755-Helps us to edit the proposal contribution.	1674813797657	1674813797948	KO	status.find.is(200), but actually found 415
USER	Contribution API	START	1674813798009
REQUEST		/updateProposal?contributionId=12755-Helps us to edit the proposal contribution.	1674813797739	1674813798025	KO	status.find.is(200), but actually found 415
REQUEST		/updateProposal?contributionId=12755-Helps us to edit the proposal contribution.	1674813797209	1674813798061	OK	 
USER	Contribution API	START	1674813798109
REQUEST		/updateProposal?contributionId=12755-Helps us to edit the proposal contribution.	1674813797857	1674813798153	KO	status.find.is(200), but actually found 415
REQUEST		/updateProposal?contributionId=12755-Helps us to edit the proposal contribution.	1674813797309	1674813798169	OK	 
USER	Contribution API	START	1674813798209
REQUEST		/updateProposal?contributionId=12755-Helps us to edit the proposal contribution.	1674813797409	1674813798253	OK	 
REQUEST		/updateProposal?contributionId=12755-Helps us to edit the proposal contribution.	1674813797971	1674813798265	KO	status.find.is(200), but actually found 415
USER	Contribution API	START	1674813798309
REQUEST		/updateProposal?contributionId=12755-Helps us to edit the proposal contribution.	1674813798058	1674813798353	KO	status.find.is(200), but actually found 415
REQUEST		/updateProposal?contributionId=12755-Helps us to edit the proposal contribution.	1674813797509	1674813798362	OK	 
USER	Contribution API	START	1674813798409
REQUEST		/updateProposal?contributionId=12755-Helps us to edit the proposal contribution.	1674813797609	1674813798440	OK	 
REQUEST		/updateProposal?contributionId=12755-Helps us to edit the proposal contribution.	1674813798170	1674813798461	KO	status.find.is(200), but actually found 415
USER	Contribution API	START	1674813798509
REQUEST		/updateProposal?contributionId=12755-Helps us to edit the proposal contribution.	1674813797710	1674813798544	OK	 
REQUEST		/updateProposal?contributionId=12755-Helps us to edit the proposal contribution.	1674813798257	1674813798557	KO	status.find.is(200), but actually found 415
USER	Contribution API	START	1674813798609
REQUEST		/updateProposal?contributionId=12755-Helps us to edit the proposal contribution.	1674813797809	1674813798665	OK	 
REQUEST		/updateProposal?contributionId=12755-Helps us to edit the proposal contribution.	1674813798366	1674813798675	KO	status.find.is(200), but actually found 415
USER	Contribution API	START	1674813798710
REQUEST		/updateProposal?contributionId=12755-Helps us to edit the proposal contribution.	1674813798445	1674813798731	KO	status.find.is(200), but actually found 415
REQUEST		/updateProposal?contributionId=12755-Helps us to edit the proposal contribution.	1674813797910	1674813798744	OK	 
USER	Contribution API	START	1674813798808
REQUEST		/updateProposal?contributionId=12755-Helps us to edit the proposal contribution.	1674813798009	1674813798850	OK	 
REQUEST		/updateProposal?contributionId=12755-Helps us to edit the proposal contribution.	1674813798561	1674813798859	KO	status.find.is(200), but actually found 415
USER	Contribution API	START	1674813798909
USER	Contribution API	END	1674813798910
REQUEST		/updateProposal?contributionId=12755-Helps us to edit the proposal contribution.	1674813798109	1674813798944	OK	 
REQUEST		/updateProposal?contributionId=12755-Helps us to edit the proposal contribution.	1674813798659	1674813798954	KO	status.find.is(200), but actually found 415
USER	Contribution API	END	1674813798966
USER	Contribution API	START	1674813799009
REQUEST		/updateProposal?contributionId=12755-Helps us to edit the proposal contribution.	1674813798209	1674813799044	OK	 
USER	Contribution API	END	1674813799047
REQUEST		/updateProposal?contributionId=12755-Helps us to edit the proposal contribution.	1674813798757	1674813799052	KO	status.find.is(200), but actually found 415
USER	Contribution API	START	1674813799109
REQUEST		/updateProposal?contributionId=12755-Helps us to edit the proposal contribution.	1674813798850	1674813799142	KO	status.find.is(200), but actually found 415
REQUEST		/updateProposal?contributionId=12755-Helps us to edit the proposal contribution.	1674813798310	1674813799153	OK	 
USER	Contribution API	END	1674813799197
USER	Contribution API	START	1674813799209
REQUEST		/updateProposal?contributionId=12755-Helps us to edit the proposal contribution.	1674813798951	1674813799244	KO	status.find.is(200), but actually found 415
USER	Contribution API	END	1674813799245
REQUEST		/updateProposal?contributionId=12755-Helps us to edit the proposal contribution.	1674813798410	1674813799257	OK	 
USER	Contribution API	START	1674813799309
REQUEST		/updateProposal?contributionId=12755-Helps us to edit the proposal contribution.	1674813799044	1674813799332	KO	status.find.is(200), but actually found 415
REQUEST		/updateProposal?contributionId=12755-Helps us to edit the proposal contribution.	1674813798510	1674813799342	OK	 
USER	Contribution API	END	1674813799355
USER	Contribution API	START	1674813799409
REQUEST		/updateProposal?contributionId=12755-Helps us to edit the proposal contribution.	1674813798610	1674813799443	OK	 
REQUEST		/updateProposal?contributionId=12755-Helps us to edit the proposal contribution.	1674813799153	1674813799445	KO	status.find.is(200), but actually found 415
USER	Contribution API	END	1674813799457
USER	Contribution API	START	1674813799509
REQUEST		/updateProposal?contributionId=12755-Helps us to edit the proposal contribution.	1674813798710	1674813799541	OK	 
REQUEST		/updateProposal?contributionId=12755-Helps us to edit the proposal contribution.	1674813799263	1674813799556	KO	status.find.is(200), but actually found 415
USER	Contribution API	END	1674813799562
USER	Contribution API	START	1674813799609
REQUEST		/updateProposal?contributionId=12755-Helps us to edit the proposal contribution.	1674813798809	1674813799642	OK	 
USER	Contribution API	END	1674813799647
REQUEST		/updateProposal?contributionId=12755-Helps us to edit the proposal contribution.	1674813799360	1674813799651	KO	status.find.is(200), but actually found 415
USER	Contribution API	START	1674813799709
REQUEST		/updateProposal?contributionId=12755-Helps us to edit the proposal contribution.	1674813799451	1674813799748	KO	status.find.is(200), but actually found 415
REQUEST		/updateProposal?contributionId=12755-Helps us to edit the proposal contribution.	1674813798909	1674813799760	OK	 
USER	Contribution API	END	1674813799765
USER	Contribution API	START	1674813799809
REQUEST		/updateProposal?contributionId=12755-Helps us to edit the proposal contribution.	1674813799544	1674813799843	KO	status.find.is(200), but actually found 415
USER	Contribution API	END	1674813799872
REQUEST		/updateProposal?contributionId=12755-Helps us to edit the proposal contribution.	1674813799009	1674813799880	OK	 
USER	Contribution API	START	1674813799909
REQUEST		/updateProposal?contributionId=12755-Helps us to edit the proposal contribution.	1674813799640	1674813799931	KO	status.find.is(200), but actually found 415
USER	Contribution API	END	1674813799954
REQUEST		/updateProposal?contributionId=12755-Helps us to edit the proposal contribution.	1674813799109	1674813799960	OK	 
USER	Contribution API	START	1674813800009
REQUEST		/updateProposal?contributionId=12755-Helps us to edit the proposal contribution.	1674813799209	1674813800042	OK	 
REQUEST		/updateProposal?contributionId=12755-Helps us to edit the proposal contribution.	1674813799757	1674813800055	KO	status.find.is(200), but actually found 415
USER	Contribution API	END	1674813800058
USER	Contribution API	START	1674813800109
USER	Contribution API	END	1674813800142
REQUEST		/updateProposal?contributionId=12755-Helps us to edit the proposal contribution.	1674813799309	1674813800163	OK	 
REQUEST		/updateProposal?contributionId=12755-Helps us to edit the proposal contribution.	1674813799860	1674813800163	KO	status.find.is(200), but actually found 415
USER	Contribution API	START	1674813800209
USER	Contribution API	END	1674813800239
REQUEST		/updateProposal?contributionId=12755-Helps us to edit the proposal contribution.	1674813799951	1674813800241	KO	status.find.is(200), but actually found 415
REQUEST		/updateProposal?contributionId=12755-Helps us to edit the proposal contribution.	1674813799409	1674813800248	OK	 
USER	Contribution API	START	1674813800309
USER	Contribution API	END	1674813800347
REQUEST		/updateProposal?contributionId=12755-Helps us to edit the proposal contribution.	1674813800058	1674813800349	KO	status.find.is(200), but actually found 415
REQUEST		/updateProposal?contributionId=12755-Helps us to edit the proposal contribution.	1674813799509	1674813800353	OK	 
USER	Contribution API	START	1674813800409
REQUEST		/updateProposal?contributionId=12755-Helps us to edit the proposal contribution.	1674813799609	1674813800439	OK	 
REQUEST		/updateProposal?contributionId=12755-Helps us to edit the proposal contribution.	1674813800159	1674813800453	KO	status.find.is(200), but actually found 415
USER	Contribution API	END	1674813800462
USER	Contribution API	START	1674813800509
REQUEST		/updateProposal?contributionId=12755-Helps us to edit the proposal contribution.	1674813800245	1674813800534	KO	status.find.is(200), but actually found 415
REQUEST		/updateProposal?contributionId=12755-Helps us to edit the proposal contribution.	1674813799709	1674813800555	OK	 
USER	Contribution API	END	1674813800563
USER	Contribution API	START	1674813800609
REQUEST		/updateProposal?contributionId=12755-Helps us to edit the proposal contribution.	1674813800356	1674813800650	KO	status.find.is(200), but actually found 415
USER	Contribution API	END	1674813800660
REQUEST		/updateProposal?contributionId=12755-Helps us to edit the proposal contribution.	1674813799809	1674813800664	OK	 
USER	Contribution API	START	1674813800709
REQUEST		/updateProposal?contributionId=12755-Helps us to edit the proposal contribution.	1674813800456	1674813800744	KO	status.find.is(200), but actually found 415
USER	Contribution API	END	1674813800748
REQUEST		/updateProposal?contributionId=12755-Helps us to edit the proposal contribution.	1674813799909	1674813800750	OK	 
USER	Contribution API	START	1674813800808
REQUEST		/updateProposal?contributionId=12755-Helps us to edit the proposal contribution.	1674813800548	1674813800838	KO	status.find.is(200), but actually found 415
REQUEST		/updateProposal?contributionId=12755-Helps us to edit the proposal contribution.	1674813800009	1674813800852	OK	 
USER	Contribution API	END	1674813800860
USER	Contribution API	START	1674813800908
REQUEST		/updateProposal?contributionId=12755-Helps us to edit the proposal contribution.	1674813800642	1674813800939	KO	status.find.is(200), but actually found 415
USER	Contribution API	END	1674813800949
REQUEST		/updateProposal?contributionId=12755-Helps us to edit the proposal contribution.	1674813800109	1674813800959	OK	 
USER	Contribution API	START	1674813801008
USER	Contribution API	END	1674813801026
REQUEST		/updateProposal?contributionId=12755-Helps us to edit the proposal contribution.	1674813800209	1674813801048	OK	 
REQUEST		/updateProposal?contributionId=12755-Helps us to edit the proposal contribution.	1674813800758	1674813801049	KO	status.find.is(200), but actually found 415
USER	Contribution API	START	1674813801108
REQUEST		/updateProposal?contributionId=12755-Helps us to edit the proposal contribution.	1674813800847	1674813801138	KO	status.find.is(200), but actually found 415
REQUEST		/updateProposal?contributionId=12755-Helps us to edit the proposal contribution.	1674813800309	1674813801151	OK	 
USER	Contribution API	END	1674813801155
USER	Contribution API	START	1674813801208
REQUEST		/updateProposal?contributionId=12755-Helps us to edit the proposal contribution.	1674813800948	1674813801240	KO	status.find.is(200), but actually found 415
REQUEST		/updateProposal?contributionId=12755-Helps us to edit the proposal contribution.	1674813800409	1674813801248	OK	 
USER	Contribution API	END	1674813801266
USER	Contribution API	START	1674813801308
REQUEST		/updateProposal?contributionId=12755-Helps us to edit the proposal contribution.	1674813800509	1674813801351	OK	 
USER	Contribution API	END	1674813801355
REQUEST		/updateProposal?contributionId=12755-Helps us to edit the proposal contribution.	1674813801062	1674813801358	KO	status.find.is(200), but actually found 415
USER	Contribution API	START	1674813801408
USER	Contribution API	END	1674813801462
REQUEST		/updateProposal?contributionId=12755-Helps us to edit the proposal contribution.	1674813800609	1674813801464	OK	 
REQUEST		/updateProposal?contributionId=12755-Helps us to edit the proposal contribution.	1674813801171	1674813801470	KO	status.find.is(200), but actually found 415
USER	Contribution API	START	1674813801508
REQUEST		/updateProposal?contributionId=12755-Helps us to edit the proposal contribution.	1674813801254	1674813801551	KO	status.find.is(200), but actually found 415
REQUEST		/updateProposal?contributionId=12755-Helps us to edit the proposal contribution.	1674813800710	1674813801553	OK	 
USER	Contribution API	END	1674813801559
USER	Contribution API	START	1674813801609
REQUEST		/updateProposal?contributionId=12755-Helps us to edit the proposal contribution.	1674813800809	1674813801655	OK	 
REQUEST		/updateProposal?contributionId=12755-Helps us to edit the proposal contribution.	1674813801363	1674813801660	KO	status.find.is(200), but actually found 415
USER	Contribution API	END	1674813801676
USER	Contribution API	END	1674813801732
REQUEST		/updateProposal?contributionId=12755-Helps us to edit the proposal contribution.	1674813801441	1674813801735	KO	status.find.is(200), but actually found 415
REQUEST		/updateProposal?contributionId=12755-Helps us to edit the proposal contribution.	1674813800909	1674813801753	OK	 
REQUEST		/updateProposal?contributionId=12755-Helps us to edit the proposal contribution.	1674813801545	1674813801835	KO	status.find.is(200), but actually found 415
REQUEST		/updateProposal?contributionId=12755-Helps us to edit the proposal contribution.	1674813801009	1674813801847	OK	 
USER	Contribution API	END	1674813801860
REQUEST		/updateProposal?contributionId=12755-Helps us to edit the proposal contribution.	1674813801108	1674813801955	OK	 
USER	Contribution API	END	1674813801956
REQUEST		/updateProposal?contributionId=12755-Helps us to edit the proposal contribution.	1674813801666	1674813801965	KO	status.find.is(200), but actually found 415
REQUEST		/updateProposal?contributionId=12755-Helps us to edit the proposal contribution.	1674813801745	1674813802033	KO	status.find.is(200), but actually found 415
REQUEST		/updateProposal?contributionId=12755-Helps us to edit the proposal contribution.	1674813801209	1674813802039	OK	 
USER	Contribution API	END	1674813802054
USER	Contribution API	END	1674813802144
REQUEST		/updateProposal?contributionId=12755-Helps us to edit the proposal contribution.	1674813801851	1674813802159	KO	status.find.is(200), but actually found 415
REQUEST		/updateProposal?contributionId=12755-Helps us to edit the proposal contribution.	1674813801309	1674813802163	OK	 
REQUEST		/updateProposal?contributionId=12755-Helps us to edit the proposal contribution.	1674813801945	1674813802232	KO	status.find.is(200), but actually found 415
USER	Contribution API	END	1674813802245
REQUEST		/updateProposal?contributionId=12755-Helps us to edit the proposal contribution.	1674813801409	1674813802250	OK	 
USER	Contribution API	END	1674813802333
REQUEST		/updateProposal?contributionId=12755-Helps us to edit the proposal contribution.	1674813802045	1674813802337	KO	status.find.is(200), but actually found 415
REQUEST		/updateProposal?contributionId=12755-Helps us to edit the proposal contribution.	1674813801509	1674813802356	OK	 
USER	Contribution API	END	1674813802446
REQUEST		/updateProposal?contributionId=12755-Helps us to edit the proposal contribution.	1674813802155	1674813802460	KO	status.find.is(200), but actually found 415
REQUEST		/updateProposal?contributionId=12755-Helps us to edit the proposal contribution.	1674813801610	1674813802465	OK	 
REQUEST		/updateProposal?contributionId=12755-Helps us to edit the proposal contribution.	1674813802258	1674813802550	KO	status.find.is(200), but actually found 415
USER	Contribution API	END	1674813802557
REQUEST		/updateProposal?contributionId=12755-Helps us to edit the proposal contribution.	1674813802342	1674813802628	KO	status.find.is(200), but actually found 415
USER	Contribution API	END	1674813802653
REQUEST		/updateProposal?contributionId=12755-Helps us to edit the proposal contribution.	1674813802444	1674813802729	KO	status.find.is(200), but actually found 415
USER	Contribution API	END	1674813802749
REQUEST		/updateProposal?contributionId=12755-Helps us to edit the proposal contribution.	1674813802542	1674813802829	KO	status.find.is(200), but actually found 415
USER	Contribution API	END	1674813802844
REQUEST		/updateProposal?contributionId=12755-Helps us to edit the proposal contribution.	1674813802642	1674813802929	KO	status.find.is(200), but actually found 415
USER	Contribution API	END	1674813802932
USER	Contribution API	END	1674813803056
REQUEST		/updateProposal?contributionId=12755-Helps us to edit the proposal contribution.	1674813802761	1674813803056	KO	status.find.is(200), but actually found 415
USER	Contribution API	END	1674813803164
REQUEST		/updateProposal?contributionId=12755-Helps us to edit the proposal contribution.	1674813802881	1674813803176	KO	status.find.is(200), but actually found 415
USER	Contribution API	END	1674813803243
REQUEST		/updateProposal?contributionId=12755-Helps us to edit the proposal contribution.	1674813802960	1674813803251	KO	status.find.is(200), but actually found 415
REQUEST		/updateProposal?contributionId=12755-Helps us to edit the proposal contribution.	1674813803043	1674813803331	KO	status.find.is(200), but actually found 415
USER	Contribution API	END	1674813803351
USER	Contribution API	END	1674813803454
REQUEST		/updateProposal?contributionId=12755-Helps us to edit the proposal contribution.	1674813803164	1674813803456	KO	status.find.is(200), but actually found 415
USER	Contribution API	END	1674813803537
REQUEST		/updateProposal?contributionId=12755-Helps us to edit the proposal contribution.	1674813803248	1674813803538	KO	status.find.is(200), but actually found 415
REQUEST		/updateProposal?contributionId=12755-Helps us to edit the proposal contribution.	1674813803355	1674813803646	KO	status.find.is(200), but actually found 415
USER	Contribution API	END	1674813803651
REQUEST		/updateProposal?contributionId=12755-Helps us to edit the proposal contribution.	1674813803440	1674813803733	KO	status.find.is(200), but actually found 415
USER	Contribution API	END	1674813803746
USER	Contribution API	END	1674813803839
REQUEST		/updateProposal?contributionId=12755-Helps us to edit the proposal contribution.	1674813803556	1674813803847	KO	status.find.is(200), but actually found 415
USER	Contribution API	END	1674813803940
REQUEST		/updateProposal?contributionId=12755-Helps us to edit the proposal contribution.	1674813803665	1674813803959	KO	status.find.is(200), but actually found 415
REQUEST		/updateProposal?contributionId=12755-Helps us to edit the proposal contribution.	1674813803751	1674813804040	KO	status.find.is(200), but actually found 415
USER	Contribution API	END	1674813804050
USER	Contribution API	END	1674813804140
REQUEST		/updateProposal?contributionId=12755-Helps us to edit the proposal contribution.	1674813803853	1674813804145	KO	status.find.is(200), but actually found 415
USER	Contribution API	END	1674813804241
REQUEST		/updateProposal?contributionId=12755-Helps us to edit the proposal contribution.	1674813803960	1674813804253	KO	status.find.is(200), but actually found 415
REQUEST		/updateProposal?contributionId=12755-Helps us to edit the proposal contribution.	1674813804049	1674813804341	KO	status.find.is(200), but actually found 415
USER	Contribution API	END	1674813804360
REQUEST		/updateProposal?contributionId=12755-Helps us to edit the proposal contribution.	1674813804152	1674813804447	KO	status.find.is(200), but actually found 415
USER	Contribution API	END	1674813804472
REQUEST		/updateProposal?contributionId=12755-Helps us to edit the proposal contribution.	1674813804249	1674813804539	KO	status.find.is(200), but actually found 415
USER	Contribution API	END	1674813804554
REQUEST		/updateProposal?contributionId=12755-Helps us to edit the proposal contribution.	1674813804352	1674813804646	KO	status.find.is(200), but actually found 415
USER	Contribution API	END	1674813804660
USER	Contribution API	END	1674813804738
REQUEST		/updateProposal?contributionId=12755-Helps us to edit the proposal contribution.	1674813804465	1674813804759	KO	status.find.is(200), but actually found 415
USER	Contribution API	END	1674813804837
REQUEST		/updateProposal?contributionId=12755-Helps us to edit the proposal contribution.	1674813804554	1674813804845	KO	status.find.is(200), but actually found 415
REQUEST		/updateProposal?contributionId=12755-Helps us to edit the proposal contribution.	1674813804656	1674813804959	KO	status.find.is(200), but actually found 415
USER	Contribution API	END	1674813804966
USER	Contribution API	END	1674813805035
REQUEST		/updateProposal?contributionId=12755-Helps us to edit the proposal contribution.	1674813804754	1674813805057	KO	status.find.is(200), but actually found 415
REQUEST		/updateProposal?contributionId=12755-Helps us to edit the proposal contribution.	1674813804848	1674813805146	KO	status.find.is(200), but actually found 415
USER	Contribution API	END	1674813805161
USER	Contribution API	END	1674813805233
REQUEST		/updateProposal?contributionId=12755-Helps us to edit the proposal contribution.	1674813804956	1674813805247	KO	status.find.is(200), but actually found 415
REQUEST		/updateProposal?contributionId=12755-Helps us to edit the proposal contribution.	1674813805040	1674813805327	KO	status.find.is(200), but actually found 415
USER	Contribution API	END	1674813805338
REQUEST		/updateProposal?contributionId=12755-Helps us to edit the proposal contribution.	1674813805164	1674813805456	KO	status.find.is(200), but actually found 415
USER	Contribution API	END	1674813805461
REQUEST		/updateProposal?contributionId=12755-Helps us to edit the proposal contribution.	1674813805251	1674813805539	KO	status.find.is(200), but actually found 415
USER	Contribution API	END	1674813805554
USER	Contribution API	END	1674813805629
REQUEST		/updateProposal?contributionId=12755-Helps us to edit the proposal contribution.	1674813805356	1674813805654	KO	status.find.is(200), but actually found 415
USER	Contribution API	END	1674813805730
REQUEST		/updateProposal?contributionId=12755-Helps us to edit the proposal contribution.	1674813805467	1674813805756	KO	status.find.is(200), but actually found 415
USER	Contribution API	END	1674813805830
USER	Contribution API	END	1674813805930
USER	Contribution API	END	1674813806057
USER	Contribution API	END	1674813806177
USER	Contribution API	END	1674813806252
USER	Contribution API	END	1674813806332
USER	Contribution API	END	1674813806457
USER	Contribution API	END	1674813806539
USER	Contribution API	END	1674813806647
USER	Contribution API	END	1674813806735
USER	Contribution API	END	1674813806848
USER	Contribution API	END	1674813806960
USER	Contribution API	END	1674813807041
USER	Contribution API	END	1674813807146
USER	Contribution API	END	1674813807254
USER	Contribution API	END	1674813807342
USER	Contribution API	END	1674813807448
USER	Contribution API	END	1674813807540
USER	Contribution API	END	1674813807647
USER	Contribution API	END	1674813807760
USER	Contribution API	END	1674813807846
USER	Contribution API	END	1674813807960
USER	Contribution API	END	1674813808058
USER	Contribution API	END	1674813808147
USER	Contribution API	END	1674813808248
USER	Contribution API	END	1674813808328
USER	Contribution API	END	1674813808457
USER	Contribution API	END	1674813808540
USER	Contribution API	END	1674813808655
USER	Contribution API	END	1674813808757
