ASSERTION	AAEDAAECAwAAAAAAAABZQA==
ASSERTION	AAECAAIEAAAAAAAAwFdA
RUN	Simulations.Create	create	1673438472220	 	3.5.1
USER	Create  Scenario	START	1673438478274
REQUEST		Fetch contribution	1673438478298	1673438479170	KO	status.find.is(200), but actually found 404
USER	Create  Scenario	START	1673438479267
REQUEST		Fetch contribution	1673438479268	1673438480137	KO	status.find.is(200), but actually found 404
USER	Create  Scenario	START	1673438480267
REQUEST		Fetch contribution	1673438480268	1673438481216	KO	status.find.is(200), but actually found 404
USER	Create  Scenario	START	1673438481267
REQUEST		Fetch contribution	1673438481268	1673438482182	KO	status.find.is(200), but actually found 404
USER	Create  Scenario	END	1673438482193
USER	Create  Scenario	START	1673438482267
USER	Create  Scenario	END	1673438483139
REQUEST		Fetch contribution	1673438482268	1673438483204	KO	status.find.is(200), but actually found 404
USER	Create  Scenario	START	1673438483267
USER	Create  Scenario	END	1673438484218
REQUEST		Fetch contribution	1673438483268	1673438484223	KO	status.find.is(200), but actually found 404
USER	Create  Scenario	START	1673438484267
REQUEST		Fetch contribution	1673438484269	1673438485153	KO	status.find.is(200), but actually found 404
USER	Create  Scenario	END	1673438485183
USER	Create  Scenario	START	1673438485266
REQUEST		Fetch contribution	1673438485267	1673438486178	KO	status.find.is(200), but actually found 404
USER	Create  Scenario	END	1673438486205
USER	Create  Scenario	START	1673438486267
REQUEST		Fetch contribution	1673438486269	1673438487192	KO	status.find.is(200), but actually found 404
USER	Create  Scenario	END	1673438487225
USER	Create  Scenario	START	1673438487267
REQUEST		Fetch contribution	1673438487267	1673438488121	KO	status.find.is(200), but actually found 404
USER	Create  Scenario	END	1673438488155
USER	Create  Scenario	START	1673438488267
REQUEST		Fetch contribution	1673438488268	1673438489137	KO	status.find.is(200), but actually found 404
USER	Create  Scenario	END	1673438489180
USER	Create  Scenario	START	1673438489267
REQUEST		Fetch contribution	1673438489268	1673438490168	KO	status.find.is(200), but actually found 404
USER	Create  Scenario	END	1673438490194
USER	Create  Scenario	START	1673438490267
REQUEST		Fetch contribution	1673438490269	1673438491101	KO	status.find.is(200), but actually found 404
USER	Create  Scenario	END	1673438491122
USER	Create  Scenario	START	1673438491267
USER	Create  Scenario	END	1673438492138
REQUEST		Fetch contribution	1673438491268	1673438492149	KO	status.find.is(200), but actually found 404
USER	Create  Scenario	START	1673438492267
REQUEST		Fetch contribution	1673438492268	1673438493140	KO	status.find.is(200), but actually found 404
USER	Create  Scenario	END	1673438493170
USER	Create  Scenario	START	1673438493267
USER	Create  Scenario	END	1673438494103
REQUEST		Fetch contribution	1673438493267	1673438494153	KO	status.find.is(200), but actually found 404
USER	Create  Scenario	START	1673438494267
USER	Create  Scenario	END	1673438495150
REQUEST		Fetch contribution	1673438494268	1673438495176	KO	status.find.is(200), but actually found 404
USER	Create  Scenario	START	1673438495267
REQUEST		Fetch contribution	1673438495268	1673438496108	KO	status.find.is(200), but actually found 404
USER	Create  Scenario	END	1673438496142
USER	Create  Scenario	START	1673438496266
USER	Create  Scenario	END	1673438497154
USER	Create  Scenario	START	1673438497267
REQUEST		Fetch contribution	1673438496267	1673438497426	KO	status.find.is(200), but actually found 404
REQUEST		Fetch contribution	1673438497267	1673438498157	KO	status.find.is(200), but actually found 404
USER	Create  Scenario	END	1673438498177
USER	Create  Scenario	START	1673438498266
USER	Create  Scenario	END	1673438499110
REQUEST		Fetch contribution	1673438498267	1673438499182	KO	status.find.is(200), but actually found 404
USER	Create  Scenario	START	1673438499267
REQUEST		Fetch contribution	1673438499268	1673438500207	KO	status.find.is(200), but actually found 404
USER	Create  Scenario	START	1673438500267
USER	Create  Scenario	END	1673438500428
USER	Create  Scenario	END	1673438501159
REQUEST		Fetch contribution	1673438500268	1673438501225	KO	status.find.is(200), but actually found 404
USER	Create  Scenario	START	1673438501266
USER	Create  Scenario	END	1673438502183
REQUEST		Fetch contribution	1673438501267	1673438502204	KO	status.find.is(200), but actually found 404
USER	Create  Scenario	START	1673438502267
REQUEST		Fetch contribution	1673438502268	1673438503164	KO	status.find.is(200), but actually found 404
USER	Create  Scenario	END	1673438503208
USER	Create  Scenario	START	1673438503267
REQUEST		Fetch contribution	1673438503267	1673438504188	KO	status.find.is(200), but actually found 404
USER	Create  Scenario	END	1673438504226
USER	Create  Scenario	START	1673438504267
USER	Create  Scenario	END	1673438505206
REQUEST		Fetch contribution	1673438504268	1673438505221	KO	status.find.is(200), but actually found 404
USER	Create  Scenario	START	1673438505267
REQUEST		Fetch contribution	1673438505267	1673438506144	KO	status.find.is(200), but actually found 404
USER	Create  Scenario	END	1673438506165
USER	Create  Scenario	START	1673438506266
USER	Create  Scenario	END	1673438507189
USER	Create  Scenario	START	1673438507267
REQUEST		Fetch contribution	1673438506267	1673438507269	KO	status.find.is(200), but actually found 404
REQUEST		Fetch contribution	1673438507267	1673438508192	KO	status.find.is(200), but actually found 404
USER	Create  Scenario	END	1673438508223
USER	Create  Scenario	START	1673438508267
USER	Create  Scenario	END	1673438509146
REQUEST		Fetch contribution	1673438508268	1673438509203	KO	status.find.is(200), but actually found 404
USER	Create  Scenario	START	1673438509267
REQUEST		Fetch contribution	1673438509267	1673438510203	KO	status.find.is(200), but actually found 404
USER	Create  Scenario	START	1673438510267
USER	Create  Scenario	END	1673438510270
USER	Create  Scenario	END	1673438511195
REQUEST		Fetch contribution	1673438510267	1673438511203	KO	status.find.is(200), but actually found 404
USER	Create  Scenario	START	1673438511266
REQUEST		Fetch contribution	1673438511267	1673438512185	KO	status.find.is(200), but actually found 404
USER	Create  Scenario	END	1673438512205
USER	Create  Scenario	START	1673438512267
USER	Create  Scenario	END	1673438513205
REQUEST		Fetch contribution	1673438512268	1673438513219	KO	status.find.is(200), but actually found 404
USER	Create  Scenario	START	1673438513267
REQUEST		Fetch contribution	1673438513267	1673438514112	KO	status.find.is(200), but actually found 404
USER	Create  Scenario	END	1673438514204
USER	Create  Scenario	START	1673438514267
REQUEST		Fetch contribution	1673438514267	1673438515155	KO	status.find.is(200), but actually found 404
USER	Create  Scenario	END	1673438515187
USER	Create  Scenario	START	1673438515267
REQUEST		Fetch contribution	1673438515267	1673438516159	KO	status.find.is(200), but actually found 404
USER	Create  Scenario	END	1673438516220
USER	Create  Scenario	START	1673438516266
USER	Create  Scenario	END	1673438517113
REQUEST		Fetch contribution	1673438516267	1673438517118	KO	status.find.is(200), but actually found 404
USER	Create  Scenario	START	1673438517267
USER	Create  Scenario	END	1673438518157
REQUEST		Fetch contribution	1673438517267	1673438518204	KO	status.find.is(200), but actually found 404
USER	Create  Scenario	START	1673438518266
USER	Create  Scenario	END	1673438519160
REQUEST		Fetch contribution	1673438518267	1673438519167	KO	status.find.is(200), but actually found 404
USER	Create  Scenario	START	1673438519267
USER	Create  Scenario	END	1673438520119
REQUEST		Fetch contribution	1673438519267	1673438520158	KO	status.find.is(200), but actually found 404
USER	Create  Scenario	START	1673438520267
REQUEST		Fetch contribution	1673438520267	1673438521196	KO	status.find.is(200), but actually found 404
USER	Create  Scenario	END	1673438521205
USER	Create  Scenario	START	1673438521267
REQUEST		Fetch contribution	1673438521268	1673438522135	KO	status.find.is(200), but actually found 404
USER	Create  Scenario	END	1673438522168
USER	Create  Scenario	START	1673438522267
REQUEST		Fetch contribution	1673438522267	1673438523143	KO	status.find.is(200), but actually found 404
USER	Create  Scenario	END	1673438523159
USER	Create  Scenario	START	1673438523267
REQUEST		Fetch contribution	1673438523267	1673438524166	KO	status.find.is(200), but actually found 404
USER	Create  Scenario	END	1673438524197
USER	Create  Scenario	START	1673438524266
USER	Create  Scenario	END	1673438525136
REQUEST		Fetch contribution	1673438524267	1673438525171	KO	status.find.is(200), but actually found 404
USER	Create  Scenario	START	1673438525266
USER	Create  Scenario	END	1673438526144
REQUEST		Fetch contribution	1673438525267	1673438526213	KO	status.find.is(200), but actually found 404
USER	Create  Scenario	START	1673438526267
USER	Create  Scenario	END	1673438527167
REQUEST		Fetch contribution	1673438526268	1673438527193	KO	status.find.is(200), but actually found 404
USER	Create  Scenario	START	1673438527267
REQUEST		Fetch contribution	1673438527267	1673438528161	KO	status.find.is(200), but actually found 404
USER	Create  Scenario	END	1673438528173
USER	Create  Scenario	END	1673438529215
USER	Create  Scenario	END	1673438530194
USER	Create  Scenario	END	1673438531163
