RUN	Simulations.Runner.Go1percent	go1percent	1675055643649	 	3.5.1
USER	Contribution API	START	1675055644926
USER	Contribution API	START	1675055645015
USER	Contribution API	START	1675055645116
USER	Contribution API	START	1675055645216
USER	Contribution API	START	1675055645316
USER	Contribution API	START	1675055645417
USER	Contribution API	START	1675055645517
USER	Contribution API	START	1675055645617
USER	Contribution API	START	1675055645717
USER	Contribution API	START	1675055645818
USER	Contribution API	START	1675055645917
REQUEST		/Contribution/getknolderContribution-Fetch all the other contributions by the user	1675055644946	1675055645905	OK	 
REQUEST		/Contribution/getknolderContribution-Fetch all the other contributions by the user	1675055645016	1675055645958	OK	 
USER	Contribution API	START	1675055646018
REQUEST		/Contribution/getknolderContribution-Fetch all the other contributions by the user	1675055645116	1675055646050	OK	 
USER	Contribution API	START	1675055646118
REQUEST		/Contribution/getknolderContribution-Fetch all the other contributions by the user	1675055645217	1675055646157	OK	 
USER	Contribution API	START	1675055646219
REQUEST		/Contribution/getknolderContribution-Fetch all the other contributions by the user	1675055645317	1675055646245	OK	 
USER	Contribution API	START	1675055646318
REQUEST		/Contribution/getknolderContribution-Fetch all the other contributions by the user	1675055645417	1675055646360	OK	 
REQUEST		/Contribution/getknolderContribution-Fetch all the other contributions by the user	1675055645518	1675055646409	OK	 
USER	Contribution API	START	1675055646418
USER	Contribution API	START	1675055646518
REQUEST		/Contribution/getknolderContribution-Fetch all the other contributions by the user	1675055645618	1675055646566	OK	 
USER	Contribution API	START	1675055646618
USER	Contribution API	START	1675055646719
USER	Contribution API	START	1675055646819
USER	Contribution API	START	1675055646919
USER	Contribution API	START	1675055647013
USER	Contribution API	START	1675055647113
REQUEST		/Contribution/getknolderContribution-Fetch all the other contributions by the user	1675055646119	1675055647177	OK	 
REQUEST		/Contribution/getknolderContribution-Fetch all the other contributions by the user	1675055645918	1675055647208	OK	 
REQUEST		/Contribution/getknolderContribution-Fetch all the other contributions by the user	1675055646019	1675055647209	OK	 
REQUEST		/Contribution/getknolderContribution-Fetch all the other contributions by the user	1675055645718	1675055647210	OK	 
USER	Contribution API	START	1675055647213
REQUEST		/Contribution/getknolderContribution-Fetch all the other contributions by the user	1675055646219	1675055647221	OK	 
REQUEST		/Contribution/getknolderContribution-Fetch all the other contributions by the user	1675055645818	1675055647222	OK	 
USER	Contribution API	START	1675055647313
REQUEST		/Contribution/getknolderContribution-Fetch all the other contributions by the user	1675055646419	1675055647322	OK	 
REQUEST		/Contribution/getknolderContribution-Fetch all the other contributions by the user	1675055646319	1675055647361	OK	 
USER	Contribution API	START	1675055647413
USER	Contribution API	START	1675055647514
REQUEST		/Contribution/getknolderContribution-Fetch all the other contributions by the user	1675055646519	1675055647534	OK	 
USER	Contribution API	START	1675055647613
REQUEST		/Contribution/getknolderContribution-Fetch all the other contributions by the user	1675055646619	1675055647644	OK	 
REQUEST		/Contribution/getknolderContribution-Fetch all the other contributions by the user	1675055646719	1675055647651	OK	 
USER	Contribution API	START	1675055647714
REQUEST		/Contribution/getknolderContribution-Fetch all the other contributions by the user	1675055646819	1675055647771	OK	 
REQUEST		/Contribution/getknolderContribution-Fetch all the other contributions by the user	1675055646919	1675055647813	OK	 
USER	Contribution API	START	1675055647814
USER	Contribution API	START	1675055647913
REQUEST		/Contribution/getknolderContribution-Fetch all the other contributions by the user	1675055647013	1675055647946	OK	 
USER	Contribution API	START	1675055648013
REQUEST		/Contribution/getknolderContribution-Fetch all the other contributions by the user	1675055647113	1675055648086	OK	 
USER	Contribution API	START	1675055648114
REQUEST		/Contribution/getknolderContribution-Fetch all the other contributions by the user	1675055647213	1675055648164	OK	 
USER	Contribution API	START	1675055648213
REQUEST		/Contribution/getknolderContribution-Fetch all the other contributions by the user	1675055647313	1675055648251	OK	 
USER	Contribution API	START	1675055648313
REQUEST		/Contribution/getknolderContribution-Fetch all the other contributions by the user	1675055647414	1675055648325	OK	 
USER	Contribution API	START	1675055648413
REQUEST		/Contribution/getknolderContribution-Fetch all the other contributions by the user	1675055647514	1675055648435	OK	 
USER	Contribution API	START	1675055648513
REQUEST		/Contribution/getknolderContribution-Fetch all the other contributions by the user	1675055647614	1675055648588	OK	 
USER	Contribution API	START	1675055648613
REQUEST		/Contribution/getknolderContribution-Fetch all the other contributions by the user	1675055647714	1675055648638	OK	 
USER	Contribution API	START	1675055648713
REQUEST		/Contribution/getknolderContribution-Fetch all the other contributions by the user	1675055647814	1675055648747	OK	 
REQUEST		/Contribution/getknolderContribution-Fetch all the other contributions by the user	1675055647914	1675055648813	OK	 
USER	Contribution API	START	1675055648813
USER	Contribution API	START	1675055648913
REQUEST		/Contribution/getknolderContribution-Fetch all the other contributions by the user	1675055648013	1675055648957	OK	 
REQUEST		/Contribution/getknolderContribution-Fetch all the other contributions by the user	1675055648114	1675055649009	OK	 
USER	Contribution API	START	1675055649013
USER	Contribution API	START	1675055649113
REQUEST		/Contribution/getknolderContribution-Fetch all the other contributions by the user	1675055648213	1675055649128	OK	 
USER	Contribution API	START	1675055649213
REQUEST		/Contribution/getknolderContribution-Fetch all the other contributions by the user	1675055648313	1675055649259	OK	 
USER	Contribution API	START	1675055649313
REQUEST		/Contribution/getknolderContribution-Fetch all the other contributions by the user	1675055648413	1675055649353	OK	 
USER	Contribution API	START	1675055649413
REQUEST		/Contribution/getknolderContribution-Fetch all the other contributions by the user	1675055648514	1675055649454	OK	 
USER	Contribution API	START	1675055649514
USER	Contribution API	START	1675055649614
REQUEST		/Contribution/getknolderContribution-Fetch all the other contributions by the user	1675055648613	1675055649670	OK	 
REQUEST		/Contribution/getknolderContribution-Fetch all the other contributions by the user	1675055648714	1675055649707	OK	 
USER	Contribution API	START	1675055649714
USER	Contribution API	START	1675055649814
USER	Contribution API	START	1675055649914
USER	Contribution API	START	1675055650013
USER	Contribution API	START	1675055650113
USER	Contribution API	START	1675055650213
USER	Contribution API	START	1675055650313
USER	Contribution API	START	1675055650413
USER	Contribution API	START	1675055650514
USER	Contribution API	START	1675055650614
USER	Contribution API	START	1675055650714
REQUEST		/Contribution/getknolderContribution-Fetch all the other contributions by the user	1675055649013	1675055650720	OK	 
USER	Contribution API	START	1675055650814
REQUEST		/Contribution/getknolderContribution-Fetch all the other contributions by the user	1675055649514	1675055650883	OK	 
USER	Contribution API	START	1675055650914
USER	Contribution API	START	1675055651013
USER	Contribution API	START	1675055651113
USER	Contribution API	START	1675055651213
USER	Contribution API	START	1675055651313
USER	Contribution API	START	1675055651413
USER	Contribution API	START	1675055651513
USER	Contribution API	START	1675055651613
USER	Contribution API	START	1675055651714
USER	Contribution API	START	1675055651816
USER	Contribution API	START	1675055651914
USER	Contribution API	START	1675055652013
USER	Contribution API	START	1675055652113
USER	Contribution API	START	1675055652213
USER	Contribution API	START	1675055652313
USER	Contribution API	START	1675055652413
USER	Contribution API	START	1675055652513
USER	Contribution API	START	1675055652613
USER	Contribution API	START	1675055652713
USER	Contribution API	START	1675055652813
USER	Contribution API	START	1675055652913
USER	Contribution API	START	1675055653013
REQUEST		/contribution/getApprovedContributionsForAll?pageNumber=1&limit=10000-Fetch other contributions are there which are approved	1675055648959	1675055653061	OK	 
USER	Contribution API	START	1675055653113
USER	Contribution API	START	1675055653213
USER	Contribution API	START	1675055653313
USER	Contribution API	START	1675055653413
USER	Contribution API	START	1675055653513
USER	Contribution API	START	1675055653613
USER	Contribution API	START	1675055653713
REQUEST		/Contribution/getknolderContribution-Fetch all the other contributions by the user	1675055649914	1675055653768	OK	 
REQUEST		/Contribution/getknolderContribution-Fetch all the other contributions by the user	1675055650013	1675055653779	OK	 
USER	Contribution API	START	1675055653813
USER	Contribution API	START	1675055653913
USER	Contribution API	START	1675055654012
REQUEST		/Contribution/getknolderContribution-Fetch all the other contributions by the user	1675055649314	1675055654034	OK	 
REQUEST		/Contribution/getknolderContribution-Fetch all the other contributions by the user	1675055649414	1675055654036	OK	 
REQUEST		/Contribution/getknolderContribution-Fetch all the other contributions by the user	1675055648914	1675055654036	OK	 
REQUEST		/Contribution/getknolderContribution-Fetch all the other contributions by the user	1675055649114	1675055654038	OK	 
REQUEST		/Contribution/getknolderContribution-Fetch all the other contributions by the user	1675055651414	1675055654038	OK	 
REQUEST		/Contribution/getknolderContribution-Fetch all the other contributions by the user	1675055649214	1675055654038	OK	 
REQUEST		/Contribution/getknolderContribution-Fetch all the other contributions by the user	1675055649814	1675055654038	OK	 
REQUEST		/Contribution/getknolderContribution-Fetch all the other contributions by the user	1675055649614	1675055654050	OK	 
REQUEST		/Contribution/getknolderContribution-Fetch all the other contributions by the user	1675055650113	1675055654050	OK	 
REQUEST		/Contribution/getknolderContribution-Fetch all the other contributions by the user	1675055648814	1675055654051	OK	 
REQUEST		/Contribution/getknolderContribution-Fetch all the other contributions by the user	1675055649714	1675055654054	OK	 
USER	Contribution API	START	1675055654112
USER	Contribution API	START	1675055654213
USER	Contribution API	START	1675055654312
USER	Contribution API	START	1675055654413
USER	Contribution API	START	1675055654513
USER	Contribution API	START	1675055654613
USER	Contribution API	START	1675055654713
USER	Contribution API	START	1675055654814
REQUEST		/Contribution/getknolderContribution-Fetch all the other contributions by the user	1675055650514	1675055654844	OK	 
REQUEST		/contribution/getApprovedContributionsForAll?pageNumber=1&limit=10000-Fetch other contributions are there which are approved	1675055650362	1675055654858	OK	 
REQUEST		/Contribution/getknolderContribution-Fetch all the other contributions by the user	1675055653313	1675055655041	OK	 
REQUEST		/Contribution/getknolderContribution-Fetch all the other contributions by the user	1675055653813	1675055655159	OK	 
REQUEST		/contribution/getApprovedContributionsForAll?pageNumber=1&limit=10000-Fetch other contributions are there which are approved	1675055649246	1675055655942	OK	 
REQUEST		/contribution/getApprovedContributionsForAll?pageNumber=1&limit=10000-Fetch other contributions are there which are approved	1675055649410	1675055656085	OK	 
REQUEST		/Contribution/getknolderContribution-Fetch all the other contributions by the user	1675055653513	1675055656142	OK	 
REQUEST		/Contribution/getknolderContribution-Fetch all the other contributions by the user	1675055651014	1675055656392	OK	 
REQUEST		/contribution/getApprovedContributionsForAll?pageNumber=1&limit=10000-Fetch other contributions are there which are approved	1675055650646	1675055657773	OK	 
REQUEST		/contribution/getApprovedContributionsForAll?pageNumber=1&limit=10000-Fetch other contributions are there which are approved	1675055650223	1675055657907	OK	 
REQUEST		/contribution/getApprovedContributionsForAll?pageNumber=1&limit=10000-Fetch other contributions are there which are approved	1675055651088	1675055658473	OK	 
REQUEST		/contribution/getApprovedContributionsForAll?pageNumber=1&limit=10000-Fetch other contributions are there which are approved	1675055650210	1675055659317	OK	 
REQUEST		/contribution/getApprovedContributionsForAll?pageNumber=1&limit=10000-Fetch other contributions are there which are approved	1675055649158	1675055659860	OK	 
REQUEST		/contribution/getApprovedContributionsForAll?pageNumber=1&limit=10000-Fetch other contributions are there which are approved	1675055649051	1675055659915	OK	 
REQUEST		/contribution/getApprovedContributionsForAll?pageNumber=1&limit=10000-Fetch other contributions are there which are approved	1675055651639	1675055660192	OK	 
REQUEST		/contribution/getApprovedContributionsForAll?pageNumber=1&limit=10000-Fetch other contributions are there which are approved	1675055648922	1675055660205	OK	 
REQUEST		/contribution/getApprovedContributionsForAll?pageNumber=1&limit=10000-Fetch other contributions are there which are approved	1675055650209	1675055661043	OK	 
REQUEST		/contribution/getApprovedContributionsForAll?pageNumber=1&limit=10000-Fetch other contributions are there which are approved	1675055656780	1675055661330	OK	 
REQUEST		/contribution/getApprovedContributionsForAll?pageNumber=1&limit=10000-Fetch other contributions are there which are approved	1675055650323	1675055661463	OK	 
REQUEST		/contribution/getApprovedContributionsForAll?pageNumber=1&limit=10000-Fetch other contributions are there which are approved	1675055652129	1675055661653	OK	 
REQUEST		/contribution/getApprovedContributionsForAll?pageNumber=1&limit=10000-Fetch other contributions are there which are approved	1675055650222	1675055662049	OK	 
REQUEST		/Contribution/getknolderContribution-Fetch all the other contributions by the user	1675055650414	1675055662564	OK	 
REQUEST		/contribution/getApprovedContributionsForAll?pageNumber=1&limit=10000-Fetch other contributions are there which are approved	1675055650535	1675055662790	OK	 
REQUEST		/contribution/getApprovedContributionsForAll?pageNumber=1&limit=10000-Fetch other contributions are there which are approved	1675055650814	1675055662907	OK	 
REQUEST		/contribution/getApprovedContributionsForAll?pageNumber=1&limit=10000-Fetch other contributions are there which are approved	1675055650772	1675055662975	OK	 
REQUEST		/Contribution/getknolderContribution-Fetch all the other contributions by the user	1675055654413	1675055663073	OK	 
REQUEST		/Contribution/getknolderContribution-Fetch all the other contributions by the user	1675055654713	1675055663079	OK	 
REQUEST		/Contribution/getknolderContribution-Fetch all the other contributions by the user	1675055650314	1675055663079	OK	 
REQUEST		/Contribution/getknolderContribution-Fetch all the other contributions by the user	1675055652614	1675055663079	OK	 
REQUEST		/Contribution/getknolderContribution-Fetch all the other contributions by the user	1675055651214	1675055663081	OK	 
REQUEST		/Contribution/getknolderContribution-Fetch all the other contributions by the user	1675055650214	1675055663093	OK	 
REQUEST		/Contribution/getknolderContribution-Fetch all the other contributions by the user	1675055654213	1675055663095	OK	 
REQUEST		/Contribution/getknolderContribution-Fetch all the other contributions by the user	1675055651614	1675055663096	OK	 
REQUEST		/Contribution/getknolderContribution-Fetch all the other contributions by the user	1675055650614	1675055663111	OK	 
REQUEST		/Contribution/getknolderContribution-Fetch all the other contributions by the user	1675055653113	1675055663117	OK	 
REQUEST		/Contribution/getknolderContribution-Fetch all the other contributions by the user	1675055651816	1675055663123	OK	 
REQUEST		/Contribution/getknolderContribution-Fetch all the other contributions by the user	1675055650915	1675055663124	OK	 
REQUEST		/Contribution/getknolderContribution-Fetch all the other contributions by the user	1675055653013	1675055663124	OK	 
REQUEST		/Contribution/getknolderContribution-Fetch all the other contributions by the user	1675055654513	1675055663125	OK	 
REQUEST		/Contribution/getknolderContribution-Fetch all the other contributions by the user	1675055651714	1675055663125	OK	 
REQUEST		/Contribution/getknolderContribution-Fetch all the other contributions by the user	1675055652313	1675055663125	OK	 
REQUEST		/Contribution/getknolderContribution-Fetch all the other contributions by the user	1675055652214	1675055663127	OK	 
REQUEST		/Contribution/getknolderContribution-Fetch all the other contributions by the user	1675055651114	1675055663127	OK	 
REQUEST		/Contribution/getknolderContribution-Fetch all the other contributions by the user	1675055651914	1675055663127	OK	 
REQUEST		/Contribution/getknolderContribution-Fetch all the other contributions by the user	1675055652914	1675055663127	OK	 
REQUEST		/Contribution/getknolderContribution-Fetch all the other contributions by the user	1675055652714	1675055663128	OK	 
REQUEST		/Contribution/getknolderContribution-Fetch all the other contributions by the user	1675055652814	1675055663131	OK	 
REQUEST		/Contribution/getknolderContribution-Fetch all the other contributions by the user	1675055654113	1675055663131	OK	 
REQUEST		/Contribution/getknolderContribution-Fetch all the other contributions by the user	1675055653413	1675055663131	OK	 
REQUEST		/Contribution/getknolderContribution-Fetch all the other contributions by the user	1675055654013	1675055663132	OK	 
REQUEST		/Contribution/getknolderContribution-Fetch all the other contributions by the user	1675055652414	1675055663134	OK	 
REQUEST		/Contribution/getknolderContribution-Fetch all the other contributions by the user	1675055653613	1675055663134	OK	 
REQUEST		/Contribution/getknolderContribution-Fetch all the other contributions by the user	1675055653913	1675055663134	OK	 
REQUEST		/Contribution/getknolderContribution-Fetch all the other contributions by the user	1675055654313	1675055663135	OK	 
REQUEST		/Contribution/getknolderContribution-Fetch all the other contributions by the user	1675055651514	1675055663135	OK	 
REQUEST		/Contribution/getknolderContribution-Fetch all the other contributions by the user	1675055654613	1675055663139	OK	 
REQUEST		/Contribution/getknolderContribution-Fetch all the other contributions by the user	1675055653213	1675055663139	OK	 
REQUEST		/Contribution/getknolderContribution-Fetch all the other contributions by the user	1675055652113	1675055663148	OK	 
REQUEST		/Contribution/getknolderContribution-Fetch all the other contributions by the user	1675055650714	1675055663527	OK	 
REQUEST		/contribution/allContribution?pageNumber=1&limit=10000-Fetch all the other contributions which are available there for approval	1675055657859	1675055663646	OK	 
REQUEST		/Contribution/getknolderContribution-Fetch all the other contributions by the user	1675055652013	1675055664321	OK	 
REQUEST		/Contribution/getknolderContribution-Fetch all the other contributions by the user	1675055650814	1675055664360	OK	 
REQUEST		/contribution/allContribution?pageNumber=1&limit=10000-Fetch all the other contributions which are available there for approval	1675055656062	1675055664504	OK	 
REQUEST		/Contribution/getknolderContribution-Fetch all the other contributions by the user	1675055654814	1675055664506	OK	 
REQUEST		/Contribution/getknolderContribution-Fetch all the other contributions by the user	1675055652514	1675055664693	OK	 
REQUEST		/contribution/allContribution?pageNumber=1&limit=10000-Fetch all the other contributions which are available there for approval	1675055663193	1675055664978	OK	 
REQUEST		/contribution/allContribution?pageNumber=1&limit=10000-Fetch all the other contributions which are available there for approval	1675055659086	1675055665034	OK	 
REQUEST		/Contribution/getknolderContribution-Fetch all the other contributions by the user	1675055653713	1675055665320	OK	 
REQUEST		/contribution/getApprovedContributionsForAll?pageNumber=1&limit=10000-Fetch other contributions are there which are approved	1675055651165	1675055665437	OK	 
REQUEST		/Contribution/getknolderContribution-Fetch all the other contributions by the user	1675055651313	1675055665456	OK	 
REQUEST		/contribution/allContribution?pageNumber=1&limit=10000-Fetch all the other contributions which are available there for approval	1675055663206	1675055665632	OK	 
REQUEST		/contribution/allContribution?pageNumber=1&limit=10000-Fetch all the other contributions which are available there for approval	1675055664044	1675055665945	OK	 
REQUEST		/contribution/getApprovedContributionsForAll?pageNumber=1&limit=10000-Fetch other contributions are there which are approved	1675055649361	1675055666282	OK	 
REQUEST		/contribution/allContribution?pageNumber=1&limit=10000-Fetch all the other contributions which are available there for approval	1675055660908	1675055666296	OK	 
USER	Contribution API	END	1675055666651
REQUEST		/contribution/getApprovedContributionsForAll?pageNumber=1&limit=10000-Fetch other contributions are there which are approved	1675055657845	1675055667003	OK	 
REQUEST		/contribution/getApprovedContributionsForAll?pageNumber=1&limit=10000-Fetch other contributions are there which are approved	1675055650179	1675055667033	OK	 
REQUEST		/contribution/allContribution?pageNumber=1&limit=10000-Fetch all the other contributions which are available there for approval	1675055664654	1675055667219	OK	 
REQUEST		/contribution/allContribution?pageNumber=1&limit=10000-Fetch all the other contributions which are available there for approval	1675055665050	1675055667354	OK	 
USER	Contribution API	END	1675055667505
REQUEST		/contribution/allContribution?pageNumber=1&limit=10000-Fetch all the other contributions which are available there for approval	1675055665976	1675055667940	OK	 
USER	Contribution API	END	1675055667979
USER	Contribution API	END	1675055668035
REQUEST		/contribution/allContribution?pageNumber=1&limit=10000-Fetch all the other contributions which are available there for approval	1675055660775	1675055668188	OK	 
REQUEST		/contribution/allContribution?pageNumber=1&limit=10000-Fetch all the other contributions which are available there for approval	1675055664331	1675055668243	OK	 
USER	Contribution API	END	1675055668633
REQUEST		/contribution/getApprovedContributionsForAll?pageNumber=1&limit=10000-Fetch other contributions are there which are approved	1675055665565	1675055668912	OK	 
USER	Contribution API	END	1675055668947
REQUEST		/contribution/allContribution?pageNumber=1&limit=10000-Fetch all the other contributions which are available there for approval	1675055662916	1675055669152	OK	 
REQUEST		/contribution/allContribution?pageNumber=1&limit=10000-Fetch all the other contributions which are available there for approval	1675055665791	1675055669288	OK	 
USER	Contribution API	END	1675055669298
REQUEST		/contribution/allContribution?pageNumber=1&limit=10000-Fetch all the other contributions which are available there for approval	1675055662318	1675055669377	OK	 
REQUEST		/contribution/allContribution?pageNumber=1&limit=10000-Fetch all the other contributions which are available there for approval	1675055664464	1675055669491	OK	 
USER	Contribution API	END	1675055670220
USER	Contribution API	END	1675055670355
REQUEST		/contribution/allContribution?pageNumber=1&limit=10000-Fetch all the other contributions which are available there for approval	1675055662861	1675055670620	OK	 
REQUEST		/contribution/getApprovedContributionsForAll?pageNumber=1&limit=10000-Fetch other contributions are there which are approved	1675055666124	1675055670819	OK	 
USER	Contribution API	END	1675055670941
USER	Contribution API	END	1675055671189
USER	Contribution API	END	1675055671244
REQUEST		/contribution/allContribution?pageNumber=1&limit=10000-Fetch all the other contributions which are available there for approval	1675055665908	1675055671266	OK	 
REQUEST		/contribution/getApprovedContributionsForAll?pageNumber=1&limit=10000-Fetch other contributions are there which are approved	1675055657051	1675055671467	OK	 
REQUEST		/contribution/allContribution?pageNumber=1&limit=10000-Fetch all the other contributions which are available there for approval	1675055658943	1675055671587	OK	 
REQUEST		/contribution/getApprovedContributionsForAll?pageNumber=1&limit=10000-Fetch other contributions are there which are approved	1675055650210	1675055671764	OK	 
REQUEST		/contribution/allContribution?pageNumber=1&limit=10000-Fetch all the other contributions which are available there for approval	1675055661475	1675055671880	OK	 
REQUEST		/contribution/getApprovedContributionsForAll?pageNumber=1&limit=10000-Fetch other contributions are there which are approved	1675055653885	1675055672146	OK	 
USER	Contribution API	END	1675055672153
REQUEST		/contribution/getApprovedContributionsForAll?pageNumber=1&limit=10000-Fetch other contributions are there which are approved	1675055657055	1675055672164	OK	 
USER	Contribution API	END	1675055672290
USER	Contribution API	END	1675055672378
USER	Contribution API	END	1675055672492
REQUEST		/contribution/getApprovedContributionsForAll?pageNumber=1&limit=10000-Fetch other contributions are there which are approved	1675055653721	1675055672517	OK	 
REQUEST		/contribution/getApprovedContributionsForAll?pageNumber=1&limit=10000-Fetch other contributions are there which are approved	1675055651436	1675055672764	OK	 
REQUEST		/contribution/getApprovedContributionsForAll?pageNumber=1&limit=10000-Fetch other contributions are there which are approved	1675055649568	1675055673383	OK	 
USER	Contribution API	END	1675055673621
USER	Contribution API	END	1675055674267
REQUEST		/contribution/getApprovedContributionsForAll?pageNumber=1&limit=10000-Fetch other contributions are there which are approved	1675055651252	1675055674365	OK	 
REQUEST		/contribution/getApprovedContributionsForAll?pageNumber=1&limit=10000-Fetch other contributions are there which are approved	1675055652260	1675055674485	OK	 
USER	Contribution API	END	1675055674588
USER	Contribution API	END	1675055674882
REQUEST		/contribution/getApprovedContributionsForAll?pageNumber=1&limit=10000-Fetch other contributions are there which are approved	1675055652354	1675055674963	OK	 
REQUEST		/contribution/allContribution?pageNumber=1&limit=10000-Fetch all the other contributions which are available there for approval	1675055673819	1675055675593	OK	 
REQUEST		/contribution/getApprovedContributionsForAll?pageNumber=1&limit=10000-Fetch other contributions are there which are approved	1675055650947	1675055675600	OK	 
REQUEST		/contribution/getApprovedContributionsForAll?pageNumber=1&limit=10000-Fetch other contributions are there which are approved	1675055651814	1675055676447	OK	 
REQUEST		/contribution/getApprovedContributionsForAll?pageNumber=1&limit=10000-Fetch other contributions are there which are approved	1675055659143	1675055677233	OK	 
REQUEST		/contribution/allContribution?pageNumber=1&limit=10000-Fetch all the other contributions which are available there for approval	1675055674468	1675055678255	OK	 
REQUEST		/contribution/allContribution?pageNumber=1&limit=10000-Fetch all the other contributions which are available there for approval	1675055675765	1675055678274	OK	 
REQUEST		/contribution/allContribution?pageNumber=1&limit=10000-Fetch all the other contributions which are available there for approval	1675055674765	1675055678421	OK	 
USER	Contribution API	END	1675055678594
REQUEST		/contribution/allContribution?pageNumber=1&limit=10000-Fetch all the other contributions which are available there for approval	1675055675147	1675055678608	OK	 
REQUEST		/contribution/allContribution?pageNumber=1&limit=10000-Fetch all the other contributions which are available there for approval	1675055675518	1675055678941	OK	 
REQUEST		/contribution/allContribution?pageNumber=1&limit=10000-Fetch all the other contributions which are available there for approval	1675055677964	1675055679912	OK	 
REQUEST		/contribution/allContribution?pageNumber=1&limit=10000-Fetch all the other contributions which are available there for approval	1675055677366	1675055679978	OK	 
REQUEST		/contribution/allContribution?pageNumber=1&limit=10000-Fetch all the other contributions which are available there for approval	1675055670004	1675055680081	OK	 
REQUEST		/contribution/allContribution?pageNumber=1&limit=10000-Fetch all the other contributions which are available there for approval	1675055677486	1675055681164	OK	 
USER	Contribution API	END	1675055681256
USER	Contribution API	END	1675055681275
USER	Contribution API	END	1675055681422
USER	Contribution API	END	1675055681609
REQUEST		/contribution/allContribution?pageNumber=1&limit=10000-Fetch all the other contributions which are available there for approval	1675055671913	1675055681681	OK	 
USER	Contribution API	END	1675055681942
REQUEST		/contribution/getApprovedContributionsForAll?pageNumber=1&limit=10000-Fetch other contributions are there which are approved	1675055666080	1675055682387	OK	 
REQUEST		/contribution/allContribution?pageNumber=1&limit=10000-Fetch all the other contributions which are available there for approval	1675055678601	1675055682690	OK	 
REQUEST		/contribution/allContribution?pageNumber=1&limit=10000-Fetch all the other contributions which are available there for approval	1675055679448	1675055682827	OK	 
REQUEST		/contribution/allContribution?pageNumber=1&limit=10000-Fetch all the other contributions which are available there for approval	1675055676385	1675055682847	OK	 
USER	Contribution API	END	1675055682914
USER	Contribution API	END	1675055682978
REQUEST		/contribution/getApprovedContributionsForAll?pageNumber=1&limit=10000-Fetch other contributions are there which are approved	1675055666128	1675055683009	OK	 
USER	Contribution API	END	1675055683082
REQUEST		/contribution/allContribution?pageNumber=1&limit=10000-Fetch all the other contributions which are available there for approval	1675055675165	1675055683228	OK	 
REQUEST		/contribution/allContribution?pageNumber=1&limit=10000-Fetch all the other contributions which are available there for approval	1675055669283	1675055683478	OK	 
REQUEST		/contribution/allContribution?pageNumber=1&limit=10000-Fetch all the other contributions which are available there for approval	1675055668438	1675055683859	OK	 
USER	Contribution API	END	1675055684165
REQUEST		/contribution/getApprovedContributionsForAll?pageNumber=1&limit=10000-Fetch other contributions are there which are approved	1675055651958	1675055684413	OK	 
USER	Contribution API	END	1675055684682
REQUEST		/contribution/getApprovedContributionsForAll?pageNumber=1&limit=10000-Fetch other contributions are there which are approved	1675055650652	1675055684821	OK	 
REQUEST		/contribution/allContribution?pageNumber=1&limit=10000-Fetch all the other contributions which are available there for approval	1675055680234	1675055684867	OK	 
REQUEST		/contribution/getApprovedContributionsForAll?pageNumber=1&limit=10000-Fetch other contributions are there which are approved	1675055657051	1675055685150	OK	 
REQUEST		/contribution/getApprovedContributionsForAll?pageNumber=1&limit=10000-Fetch other contributions are there which are approved	1675055666125	1675055685185	OK	 
REQUEST		/contribution/getApprovedContributionsForAll?pageNumber=1&limit=10000-Fetch other contributions are there which are approved	1675055652708	1675055685511	OK	 
REQUEST		/contribution/getApprovedContributionsForAll?pageNumber=1&limit=10000-Fetch other contributions are there which are approved	1675055666128	1675055685586	OK	 
REQUEST		/contribution/getApprovedContributionsForAll?pageNumber=1&limit=10000-Fetch other contributions are there which are approved	1675055652455	1675055685644	OK	 
USER	Contribution API	END	1675055685691
USER	Contribution API	END	1675055685829
USER	Contribution API	END	1675055685849
REQUEST		/contribution/getApprovedContributionsForAll?pageNumber=1&limit=10000-Fetch other contributions are there which are approved	1675055666132	1675055686124	OK	 
USER	Contribution API	END	1675055686229
USER	Contribution API	END	1675055686479
REQUEST		/contribution/getApprovedContributionsForAll?pageNumber=1&limit=10000-Fetch other contributions are there which are approved	1675055656769	1675055686530	OK	 
USER	Contribution API	END	1675055686860
REQUEST		/contribution/getApprovedContributionsForAll?pageNumber=1&limit=10000-Fetch other contributions are there which are approved	1675055666112	1675055686939	OK	 
REQUEST		/contribution/getApprovedContributionsForAll?pageNumber=1&limit=10000-Fetch other contributions are there which are approved	1675055666134	1675055687187	OK	 
REQUEST		/contribution/getApprovedContributionsForAll?pageNumber=1&limit=10000-Fetch other contributions are there which are approved	1675055666139	1675055687563	OK	 
REQUEST		/contribution/getApprovedContributionsForAll?pageNumber=1&limit=10000-Fetch other contributions are there which are approved	1675055657039	1675055687759	OK	 
REQUEST		/contribution/allContribution?pageNumber=1&limit=10000-Fetch all the other contributions which are available there for approval	1675055670034	1675055687815	OK	 
USER	Contribution API	END	1675055687868
REQUEST		/contribution/getApprovedContributionsForAll?pageNumber=1&limit=10000-Fetch other contributions are there which are approved	1675055666149	1675055688050	OK	 
REQUEST		/contribution/allContribution?pageNumber=1&limit=10000-Fetch all the other contributions which are available there for approval	1675055685387	1675055688545	OK	 
REQUEST		/contribution/getApprovedContributionsForAll?pageNumber=1&limit=10000-Fetch other contributions are there which are approved	1675055666082	1675055688613	OK	 
REQUEST		/contribution/getApprovedContributionsForAll?pageNumber=1&limit=10000-Fetch other contributions are there which are approved	1675055666118	1675055688763	OK	 
REQUEST		/contribution/getApprovedContributionsForAll?pageNumber=1&limit=10000-Fetch other contributions are there which are approved	1675055666139	1675055688991	OK	 
REQUEST		/contribution/getApprovedContributionsForAll?pageNumber=1&limit=10000-Fetch other contributions are there which are approved	1675055666128	1675055689604	OK	 
REQUEST		/contribution/getApprovedContributionsForAll?pageNumber=1&limit=10000-Fetch other contributions are there which are approved	1675055666136	1675055689638	OK	 
REQUEST		/contribution/allContribution?pageNumber=1&limit=10000-Fetch all the other contributions which are available there for approval	1675055687822	1675055689646	OK	 
REQUEST		/contribution/getApprovedContributionsForAll?pageNumber=1&limit=10000-Fetch other contributions are there which are approved	1675055651748	1675055690586	OK	 
REQUEST		/contribution/getApprovedContributionsForAll?pageNumber=1&limit=10000-Fetch other contributions are there which are approved	1675055666129	1675055690758	OK	 
REQUEST		/contribution/allContribution?pageNumber=1&limit=10000-Fetch all the other contributions which are available there for approval	1675055688511	1675055690780	OK	 
USER	Contribution API	END	1675055690816
REQUEST		/contribution/getApprovedContributionsForAll?pageNumber=1&limit=10000-Fetch other contributions are there which are approved	1675055657037	1675055691072	OK	 
REQUEST		/contribution/getApprovedContributionsForAll?pageNumber=1&limit=10000-Fetch other contributions are there which are approved	1675055666094	1675055691108	OK	 
REQUEST		/contribution/getApprovedContributionsForAll?pageNumber=1&limit=10000-Fetch other contributions are there which are approved	1675055666096	1675055691241	OK	 
REQUEST		/contribution/allContribution?pageNumber=1&limit=10000-Fetch all the other contributions which are available there for approval	1675055689125	1675055691433	OK	 
REQUEST		/contribution/getApprovedContributionsForAll?pageNumber=1&limit=10000-Fetch other contributions are there which are approved	1675055652671	1675055691470	OK	 
REQUEST		/contribution/allContribution?pageNumber=1&limit=10000-Fetch all the other contributions which are available there for approval	1675055688186	1675055691524	OK	 
USER	Contribution API	END	1675055691546
REQUEST		/contribution/allContribution?pageNumber=1&limit=10000-Fetch all the other contributions which are available there for approval	1675055688586	1675055691649	OK	 
REQUEST		/contribution/allContribution?pageNumber=1&limit=10000-Fetch all the other contributions which are available there for approval	1675055689940	1675055691755	OK	 
REQUEST		/contribution/getApprovedContributionsForAll?pageNumber=1&limit=10000-Fetch other contributions are there which are approved	1675055666096	1675055691783	OK	 
REQUEST		/contribution/getApprovedContributionsForAll?pageNumber=1&limit=10000-Fetch other contributions are there which are approved	1675055666132	1675055691936	OK	 
REQUEST		/contribution/getApprovedContributionsForAll?pageNumber=1&limit=10000-Fetch other contributions are there which are approved	1675055652010	1675055691937	OK	 
REQUEST		/contribution/getApprovedContributionsForAll?pageNumber=1&limit=10000-Fetch other contributions are there which are approved	1675055657039	1675055691972	OK	 
REQUEST		/contribution/getApprovedContributionsForAll?pageNumber=1&limit=10000-Fetch other contributions are there which are approved	1675055666126	1675055691982	OK	 
REQUEST		/contribution/allContribution?pageNumber=1&limit=10000-Fetch all the other contributions which are available there for approval	1675055687413	1675055692126	OK	 
REQUEST		/contribution/getApprovedContributionsForAll?pageNumber=1&limit=10000-Fetch other contributions are there which are approved	1675055657037	1675055692181	OK	 
USER	Contribution API	END	1675055692647
REQUEST		/contribution/getApprovedContributionsForAll?pageNumber=1&limit=10000-Fetch other contributions are there which are approved	1675055666134	1675055692718	OK	 
REQUEST		/contribution/getApprovedContributionsForAll?pageNumber=1&limit=10000-Fetch other contributions are there which are approved	1675055659392	1675055692974	OK	 
REQUEST		/contribution/allContribution?pageNumber=1&limit=10000-Fetch all the other contributions which are available there for approval	1675055691050	1675055693022	OK	 
REQUEST		/contribution/allContribution?pageNumber=1&limit=10000-Fetch all the other contributions which are available there for approval	1675055690565	1675055693113	OK	 
REQUEST		/contribution/allContribution?pageNumber=1&limit=10000-Fetch all the other contributions which are available there for approval	1675055690188	1675055693122	OK	 
REQUEST		/contribution/getApprovedContributionsForAll?pageNumber=1&limit=10000-Fetch other contributions are there which are approved	1675055657038	1675055693570	OK	 
REQUEST		/contribution/getApprovedContributionsForAll?pageNumber=1&limit=10000-Fetch other contributions are there which are approved	1675055666126	1675055693679	OK	 
USER	Contribution API	END	1675055693782
REQUEST		/contribution/allContribution?pageNumber=1&limit=10000-Fetch all the other contributions which are available there for approval	1675055686010	1675055693896	OK	 
REQUEST		/contribution/allContribution?pageNumber=1&limit=10000-Fetch all the other contributions which are available there for approval	1675055688645	1675055693908	OK	 
REQUEST		/contribution/getApprovedContributionsForAll?pageNumber=1&limit=10000-Fetch other contributions are there which are approved	1675055666126	1675055693985	OK	 
REQUEST		/contribution/getApprovedContributionsForAll?pageNumber=1&limit=10000-Fetch other contributions are there which are approved	1675055666080	1675055694135	OK	 
REQUEST		/contribution/getApprovedContributionsForAll?pageNumber=1&limit=10000-Fetch other contributions are there which are approved	1675055666128	1675055694358	OK	 
REQUEST		/contribution/getApprovedContributionsForAll?pageNumber=1&limit=10000-Fetch other contributions are there which are approved	1675055666124	1675055694375	OK	 
USER	Contribution API	END	1675055694434
USER	Contribution API	END	1675055694525
REQUEST		/contribution/allContribution?pageNumber=1&limit=10000-Fetch all the other contributions which are available there for approval	1675055692639	1675055694609	OK	 
USER	Contribution API	END	1675055694650
USER	Contribution API	END	1675055694756
REQUEST		/contribution/allContribution?pageNumber=1&limit=10000-Fetch all the other contributions which are available there for approval	1675055691614	1675055695104	OK	 
USER	Contribution API	END	1675055695127
REQUEST		/contribution/getApprovedContributionsForAll?pageNumber=1&limit=10000-Fetch other contributions are there which are approved	1675055667507	1675055695216	OK	 
REQUEST		/contribution/getApprovedContributionsForAll?pageNumber=1&limit=10000-Fetch other contributions are there which are approved	1675055657039	1675055695383	OK	 
REQUEST		/contribution/allContribution?pageNumber=1&limit=10000-Fetch all the other contributions which are available there for approval	1675055691992	1675055695611	OK	 
REQUEST		/contribution/allContribution?pageNumber=1&limit=10000-Fetch all the other contributions which are available there for approval	1675055691764	1675055695780	OK	 
REQUEST		/contribution/allContribution?pageNumber=1&limit=10000-Fetch all the other contributions which are available there for approval	1675055692605	1675055695799	OK	 
REQUEST		/contribution/getApprovedContributionsForAll?pageNumber=1&limit=10000-Fetch other contributions are there which are approved	1675055667694	1675055695867	OK	 
REQUEST		/contribution/allContribution?pageNumber=1&limit=10000-Fetch all the other contributions which are available there for approval	1675055688151	1675055695932	OK	 
USER	Contribution API	END	1675055696023
REQUEST		/contribution/getApprovedContributionsForAll?pageNumber=1&limit=10000-Fetch other contributions are there which are approved	1675055666136	1675055696075	OK	 
USER	Contribution API	END	1675055696114
USER	Contribution API	END	1675055696122
REQUEST		/contribution/allContribution?pageNumber=1&limit=10000-Fetch all the other contributions which are available there for approval	1675055694241	1675055696159	OK	 
REQUEST		/contribution/allContribution?pageNumber=1&limit=10000-Fetch all the other contributions which are available there for approval	1675055694109	1675055696290	OK	 
REQUEST		/contribution/getApprovedContributionsForAll?pageNumber=1&limit=10000-Fetch other contributions are there which are approved	1675055658042	1675055696291	OK	 
REQUEST		/contribution/getApprovedContributionsForAll?pageNumber=1&limit=10000-Fetch other contributions are there which are approved	1675055651589	1675055696299	OK	 
REQUEST		/contribution/getApprovedContributionsForAll?pageNumber=1&limit=10000-Fetch other contributions are there which are approved	1675055666074	1675055696317	OK	 
REQUEST		/contribution/allContribution?pageNumber=1&limit=10000-Fetch all the other contributions which are available there for approval	1675055694074	1675055696609	OK	 
REQUEST		/contribution/getApprovedContributionsForAll?pageNumber=1&limit=10000-Fetch other contributions are there which are approved	1675055666132	1675055696810	OK	 
REQUEST		/contribution/allContribution?pageNumber=1&limit=10000-Fetch all the other contributions which are available there for approval	1675055694937	1675055696896	OK	 
USER	Contribution API	END	1675055696897
USER	Contribution API	END	1675055696909
REQUEST		/contribution/getApprovedContributionsForAll?pageNumber=1&limit=10000-Fetch other contributions are there which are approved	1675055668322	1675055696919	OK	 
REQUEST		/contribution/allContribution?pageNumber=1&limit=10000-Fetch all the other contributions which are available there for approval	1675055694784	1675055696952	OK	 
REQUEST		/contribution/allContribution?pageNumber=1&limit=10000-Fetch all the other contributions which are available there for approval	1675055694973	1675055697174	OK	 
REQUEST		/contribution/allContribution?pageNumber=1&limit=10000-Fetch all the other contributions which are available there for approval	1675055693759	1675055697184	OK	 
REQUEST		/contribution/allContribution?pageNumber=1&limit=10000-Fetch all the other contributions which are available there for approval	1675055694937	1675055697223	OK	 
REQUEST		/contribution/allContribution?pageNumber=1&limit=10000-Fetch all the other contributions which are available there for approval	1675055689531	1675055697247	OK	 
REQUEST		/contribution/allContribution?pageNumber=1&limit=10000-Fetch all the other contributions which are available there for approval	1675055694983	1675055697309	OK	 
USER	Contribution API	END	1675055697611
REQUEST		/contribution/allContribution?pageNumber=1&limit=10000-Fetch all the other contributions which are available there for approval	1675055695975	1675055697870	OK	 
REQUEST		/contribution/allContribution?pageNumber=1&limit=10000-Fetch all the other contributions which are available there for approval	1675055695719	1675055697946	OK	 
REQUEST		/contribution/getApprovedContributionsForAll?pageNumber=1&limit=10000-Fetch other contributions are there which are approved	1675055666134	1675055698080	OK	 
USER	Contribution API	END	1675055698105
REQUEST		/contribution/getApprovedContributionsForAll?pageNumber=1&limit=10000-Fetch other contributions are there which are approved	1675055666132	1675055698415	OK	 
USER	Contribution API	END	1675055698612
REQUEST		/contribution/allContribution?pageNumber=1&limit=10000-Fetch all the other contributions which are available there for approval	1675055690760	1675055698651	OK	 
USER	Contribution API	END	1675055698782
USER	Contribution API	END	1675055698800
USER	Contribution API	END	1675055698933
REQUEST		/contribution/allContribution?pageNumber=1&limit=10000-Fetch all the other contributions which are available there for approval	1675055697136	1675055699045	OK	 
USER	Contribution API	END	1675055699159
REQUEST		/contribution/allContribution?pageNumber=1&limit=10000-Fetch all the other contributions which are available there for approval	1675055693587	1675055699201	OK	 
REQUEST		/contribution/allContribution?pageNumber=1&limit=10000-Fetch all the other contributions which are available there for approval	1675055697359	1675055699286	OK	 
USER	Contribution API	END	1675055699291
REQUEST		/contribution/getApprovedContributionsForAll?pageNumber=1&limit=10000-Fetch other contributions are there which are approved	1675055666080	1675055699397	OK	 
REQUEST		/contribution/allContribution?pageNumber=1&limit=10000-Fetch all the other contributions which are available there for approval	1675055697376	1675055699410	OK	 
REQUEST		/contribution/allContribution?pageNumber=1&limit=10000-Fetch all the other contributions which are available there for approval	1675055696680	1675055699588	OK	 
USER	Contribution API	END	1675055699610
REQUEST		/contribution/allContribution?pageNumber=1&limit=10000-Fetch all the other contributions which are available there for approval	1675055696986	1675055699705	OK	 
REQUEST		/contribution/getApprovedContributionsForAll?pageNumber=1&limit=10000-Fetch other contributions are there which are approved	1675055668457	1675055699872	OK	 
USER	Contribution API	END	1675055699897
USER	Contribution API	END	1675055699953
REQUEST		/contribution/allContribution?pageNumber=1&limit=10000-Fetch all the other contributions which are available there for approval	1675055694471	1675055700011	OK	 
REQUEST		/contribution/allContribution?pageNumber=1&limit=10000-Fetch all the other contributions which are available there for approval	1675055698217	1675055700056	OK	 
USER	Contribution API	END	1675055700175
USER	Contribution API	END	1675055700185
USER	Contribution API	END	1675055700224
REQUEST		/contribution/getApprovedContributionsForAll?pageNumber=1&limit=10000-Fetch other contributions are there which are approved	1675055658160	1675055700232	OK	 
USER	Contribution API	END	1675055700248
REQUEST		/contribution/allContribution?pageNumber=1&limit=10000-Fetch all the other contributions which are available there for approval	1675055698384	1675055700264	OK	 
USER	Contribution API	END	1675055700310
USER	Contribution API	END	1675055700871
USER	Contribution API	END	1675055700947
REQUEST		/contribution/allContribution?pageNumber=1&limit=10000-Fetch all the other contributions which are available there for approval	1675055699076	1675055700971	OK	 
REQUEST		/contribution/allContribution?pageNumber=1&limit=10000-Fetch all the other contributions which are available there for approval	1675055699292	1675055701182	OK	 
REQUEST		/contribution/allContribution?pageNumber=1&limit=10000-Fetch all the other contributions which are available there for approval	1675055698868	1675055701281	OK	 
REQUEST		/contribution/allContribution?pageNumber=1&limit=10000-Fetch all the other contributions which are available there for approval	1675055699300	1675055701286	OK	 
REQUEST		/contribution/getApprovedContributionsForAll?pageNumber=1&limit=10000-Fetch other contributions are there which are approved	1675055667361	1675055701497	OK	 
REQUEST		/contribution/getApprovedContributionsForAll?pageNumber=1&limit=10000-Fetch other contributions are there which are approved	1675055666528	1675055701601	OK	 
USER	Contribution API	END	1675055701652
REQUEST		/contribution/allContribution?pageNumber=1&limit=10000-Fetch all the other contributions which are available there for approval	1675055699811	1675055701673	OK	 
USER	Contribution API	END	1675055702046
REQUEST		/contribution/allContribution?pageNumber=1&limit=10000-Fetch all the other contributions which are available there for approval	1675055695181	1675055702065	OK	 
USER	Contribution API	END	1675055702203
USER	Contribution API	END	1675055702287
USER	Contribution API	END	1675055702411
REQUEST		/contribution/allContribution?pageNumber=1&limit=10000-Fetch all the other contributions which are available there for approval	1675055699920	1675055702509	OK	 
USER	Contribution API	END	1675055702589
USER	Contribution API	END	1675055702706
REQUEST		/contribution/allContribution?pageNumber=1&limit=10000-Fetch all the other contributions which are available there for approval	1675055696571	1675055702836	OK	 
USER	Contribution API	END	1675055703013
USER	Contribution API	END	1675055703057
REQUEST		/contribution/allContribution?pageNumber=1&limit=10000-Fetch all the other contributions which are available there for approval	1675055701415	1675055703247	OK	 
USER	Contribution API	END	1675055703265
REQUEST		/contribution/allContribution?pageNumber=1&limit=10000-Fetch all the other contributions which are available there for approval	1675055699317	1675055703335	OK	 
REQUEST		/contribution/allContribution?pageNumber=1&limit=10000-Fetch all the other contributions which are available there for approval	1675055701081	1675055703532	OK	 
USER	Contribution API	END	1675055703971
USER	Contribution API	END	1675055704183
REQUEST		/contribution/allContribution?pageNumber=1&limit=10000-Fetch all the other contributions which are available there for approval	1675055702397	1675055704271	OK	 
USER	Contribution API	END	1675055704282
USER	Contribution API	END	1675055704287
USER	Contribution API	END	1675055704674
REQUEST		/contribution/allContribution?pageNumber=1&limit=10000-Fetch all the other contributions which are available there for approval	1675055702873	1675055704784	OK	 
USER	Contribution API	END	1675055705066
USER	Contribution API	END	1675055705510
REQUEST		/contribution/getApprovedContributionsForAll?pageNumber=1&limit=10000-Fetch other contributions are there which are approved	1675055651326	1675055705519	OK	 
REQUEST		/contribution/allContribution?pageNumber=1&limit=10000-Fetch all the other contributions which are available there for approval	1675055703233	1675055705622	OK	 
USER	Contribution API	END	1675055705837
REQUEST		/contribution/getApprovedContributionsForAll?pageNumber=1&limit=10000-Fetch other contributions are there which are approved	1675055657035	1675055705856	OK	 
REQUEST		/contribution/getApprovedContributionsForAll?pageNumber=1&limit=10000-Fetch other contributions are there which are approved	1675055657051	1675055706098	OK	 
REQUEST		/contribution/allContribution?pageNumber=1&limit=10000-Fetch all the other contributions which are available there for approval	1675055704602	1675055706208	OK	 
USER	Contribution API	END	1675055706248
REQUEST		/contribution/allContribution?pageNumber=1&limit=10000-Fetch all the other contributions which are available there for approval	1675055704498	1675055706309	OK	 
USER	Contribution API	END	1675055706336
USER	Contribution API	END	1675055706533
REQUEST		/contribution/getApprovedContributionsForAll?pageNumber=1&limit=10000-Fetch other contributions are there which are approved	1675055667323	1675055707209	OK	 
USER	Contribution API	END	1675055707273
USER	Contribution API	END	1675055707785
USER	Contribution API	END	1675055708623
USER	Contribution API	END	1675055709209
USER	Contribution API	END	1675055709310
REQUEST		/contribution/allContribution?pageNumber=1&limit=10000-Fetch all the other contributions which are available there for approval	1675055708520	1675055710949	OK	 
REQUEST		/contribution/allContribution?pageNumber=1&limit=10000-Fetch all the other contributions which are available there for approval	1675055708857	1675055710957	OK	 
REQUEST		/contribution/allContribution?pageNumber=1&limit=10000-Fetch all the other contributions which are available there for approval	1675055709099	1675055712100	OK	 
USER	Contribution API	END	1675055713950
USER	Contribution API	END	1675055713958
REQUEST		/contribution/allContribution?pageNumber=1&limit=10000-Fetch all the other contributions which are available there for approval	1675055710210	1675055713973	OK	 
USER	Contribution API	END	1675055715101
USER	Contribution API	END	1675055716974
