RUN	Simulations.Create	create	1672826567751	 	3.5.1
USER	Create  Scenario	START	1672826573845
USER	Create  Scenario	START	1672826574090
USER	Create  Scenario	START	1672826574341
USER	Create  Scenario	START	1672826574592
USER	Create  Scenario	START	1672826574843
USER	Create  Scenario	START	1672826575173
USER	Create  Scenario	START	1672826575506
USER	Create  Scenario	START	1672826575841
USER	Create  Scenario	START	1672826576173
USER	Create  Scenario	START	1672826576506
USER	Create  Scenario	START	1672826576841
USER	Create  Scenario	START	1672826577089
USER	Create  Scenario	START	1672826577340
USER	Create  Scenario	START	1672826577590
USER	Create  Scenario	START	1672826577841
USER	Create  Scenario	START	1672826578173
USER	Create  Scenario	START	1672826578506
USER	Create  Scenario	START	1672826578840
USER	Create  Scenario	START	1672826579173
USER	Create  Scenario	START	1672826579506
USER	Create  Scenario	START	1672826579840
USER	Create  Scenario	START	1672826580090
USER	Create  Scenario	START	1672826580340
REQUEST		Proposal	1672826574090	1672826580445	OK	 
USER	Create  Scenario	START	1672826580590
USER	Create  Scenario	START	1672826580841
USER	Create  Scenario	START	1672826581172
USER	Create  Scenario	START	1672826581505
USER	Create  Scenario	START	1672826581839
REQUEST		Proposal	1672826575173	1672826581891	OK	 
REQUEST		Proposal	1672826574843	1672826582172	OK	 
USER	Create  Scenario	START	1672826582173
USER	Create  Scenario	START	1672826582506
USER	Create  Scenario	START	1672826582840
USER	Create  Scenario	START	1672826583089
USER	Create  Scenario	START	1672826583339
USER	Create  Scenario	END	1672826583461
USER	Create  Scenario	START	1672826583589
USER	Create  Scenario	START	1672826583839
USER	Create  Scenario	START	1672826584172
REQUEST		Proposal	1672826575507	1672826584351	OK	 
USER	Create  Scenario	START	1672826584505
USER	Create  Scenario	START	1672826584839
USER	Create  Scenario	END	1672826584893
USER	Create  Scenario	END	1672826585173
USER	Create  Scenario	START	1672826585173
USER	Create  Scenario	START	1672826585506
USER	Create  Scenario	START	1672826585840
USER	Create  Scenario	START	1672826586089
USER	Create  Scenario	START	1672826586339
REQUEST		Proposal	1672826575841	1672826586526	OK	 
USER	Create  Scenario	START	1672826586589
USER	Create  Scenario	START	1672826586840
USER	Create  Scenario	START	1672826587173
REQUEST		Proposal	1672826578173	1672826587266	OK	 
USER	Create  Scenario	END	1672826587351
USER	Create  Scenario	START	1672826587506
USER	Create  Scenario	START	1672826587840
USER	Create  Scenario	START	1672826588173
REQUEST		Proposal	1672826578507	1672826588338	OK	 
REQUEST		Proposal	1672826577089	1672826588432	OK	 
USER	Create  Scenario	START	1672826588506
USER	Create  Scenario	START	1672826588840
USER	Create  Scenario	START	1672826589090
USER	Create  Scenario	START	1672826589340
USER	Create  Scenario	END	1672826589527
USER	Create  Scenario	START	1672826589590
USER	Create  Scenario	START	1672826589840
USER	Create  Scenario	START	1672826590173
USER	Create  Scenario	END	1672826590267
REQUEST		Proposal	1672826576841	1672826590364	OK	 
USER	Create  Scenario	START	1672826590506
REQUEST		Proposal	1672826583090	1672826590546	OK	 
USER	Create  Scenario	START	1672826590840
USER	Create  Scenario	START	1672826591172
USER	Create  Scenario	END	1672826591340
USER	Create  Scenario	END	1672826591433
USER	Create  Scenario	START	1672826591506
USER	Create  Scenario	START	1672826591839
USER	Create  Scenario	START	1672826592090
REQUEST		Proposal	1672826581506	1672826592143	OK	 
USER	Create  Scenario	START	1672826592340
USER	Create  Scenario	START	1672826592590
USER	Create  Scenario	START	1672826592840
USER	Create  Scenario	START	1672826593172
USER	Create  Scenario	END	1672826593365
USER	Create  Scenario	START	1672826593505
USER	Create  Scenario	END	1672826593547
USER	Create  Scenario	START	1672826593839
USER	Create  Scenario	START	1672826594172
USER	Create  Scenario	START	1672826594506
USER	Create  Scenario	START	1672826594840
REQUEST		Proposal	1672826584173	1672826594872	OK	 
USER	Create  Scenario	START	1672826595090
USER	Create  Scenario	END	1672826595144
REQUEST		Proposal	1672826581840	1672826595279	OK	 
USER	Create  Scenario	START	1672826595340
USER	Create  Scenario	START	1672826595590
REQUEST		Proposal	1672826587173	1672826595728	OK	 
USER	Create  Scenario	START	1672826595840
USER	Create  Scenario	START	1672826596172
USER	Create  Scenario	START	1672826596505
USER	Create  Scenario	START	1672826596839
REQUEST		Proposal	1672826586840	1672826596912	OK	 
REQUEST		Proposal	1672826588173	1672826596952	OK	 
USER	Create  Scenario	START	1672826597172
REQUEST		Proposal	1672826586589	1672826597459	OK	 
USER	Create  Scenario	START	1672826597505
USER	Create  Scenario	START	1672826597839
USER	Create  Scenario	END	1672826597873
USER	Create  Scenario	START	1672826598090
USER	Create  Scenario	END	1672826598280
USER	Create  Scenario	START	1672826598340
USER	Create  Scenario	START	1672826598590
USER	Create  Scenario	END	1672826598728
USER	Create  Scenario	START	1672826598840
REQUEST		Proposal	1672826576174	1672826599020	OK	 
USER	Create  Scenario	START	1672826599173
USER	Create  Scenario	START	1672826599506
USER	Create  Scenario	START	1672826599840
USER	Create  Scenario	END	1672826599913
USER	Create  Scenario	END	1672826599953
USER	Create  Scenario	START	1672826600173
USER	Create  Scenario	END	1672826600460
USER	Create  Scenario	START	1672826600506
USER	Create  Scenario	START	1672826600839
USER	Create  Scenario	START	1672826601089
USER	Create  Scenario	START	1672826601339
USER	Create  Scenario	START	1672826601589
REQUEST		Proposal	1672826579507	1672826601645	OK	 
USER	Create  Scenario	START	1672826601839
USER	Create  Scenario	END	1672826602021
USER	Create  Scenario	START	1672826602172
REQUEST		Proposal	1672826587840	1672826602462	OK	 
USER	Create  Scenario	START	1672826602505
REQUEST		Proposal	1672826595340	1672826602818	OK	 
USER	Create  Scenario	START	1672826602839
USER	Create  Scenario	START	1672826603172
USER	Create  Scenario	START	1672826603506
USER	Create  Scenario	END	1672826604646
USER	Create  Scenario	END	1672826605463
REQUEST		Proposal	1672826594506	1672826605802	OK	 
USER	Create  Scenario	END	1672826605819
REQUEST		Proposal	1672826582507	1672826608705	OK	 
REQUEST		Proposal	1672826598340	1672826608707	KO	i.n.h.s.SslHandshakeTimeoutException: handshake timed out after 10000ms
USER	Create  Scenario	END	1672826608803
REQUEST		Proposal	1672826592591	1672826609235	OK	 
REQUEST		Proposal	1672826599506	1672826610853	OK	 
REQUEST		Proposal	1672826600840	1672826610981	OK	 
REQUEST		Proposal	1672826596505	1672826611102	OK	 
REQUEST		Proposal	1672826599173	1672826611178	OK	 
USER	Create  Scenario	END	1672826611706
USER	Create  Scenario	END	1672826611710
USER	Create  Scenario	END	1672826612236
REQUEST		Proposal	1672826597839	1672826613175	OK	 
USER	Create  Scenario	END	1672826613853
USER	Create  Scenario	END	1672826613982
USER	Create  Scenario	END	1672826614103
USER	Create  Scenario	END	1672826614179
REQUEST		Proposal	1672826593172	1672826614331	OK	 
REQUEST		Proposal	1672826597505	1672826614715	OK	 
REQUEST		Proposal	1672826600506	1672826615007	OK	 
REQUEST		Proposal	1672826593506	1672826615105	OK	 
REQUEST		Proposal	1672826602173	1672826615791	OK	 
USER	Create  Scenario	END	1672826616176
USER	Create  Scenario	END	1672826617332
REQUEST		Proposal	1672826603173	1672826617499	OK	 
USER	Create  Scenario	END	1672826617715
REQUEST		Proposal	1672826603506	1672826617720	OK	 
USER	Create  Scenario	END	1672826618008
USER	Create  Scenario	END	1672826618106
USER	Create  Scenario	END	1672826618792
REQUEST		Proposal	1672826573880	1672826619077	OK	 
USER	Create  Scenario	END	1672826620501
USER	Create  Scenario	END	1672826620721
USER	Create  Scenario	END	1672826622078
REQUEST		Proposal	1672826580591	1672826626280	OK	 
USER	Create  Scenario	END	1672826629280
REQUEST		Proposal	1672826585840	1672826630806	OK	 
REQUEST		Proposal	1672826574342	1672826631216	OK	 
REQUEST		Proposal	1672826588840	1672826631903	OK	 
REQUEST		Proposal	1672826574593	1672826632573	OK	 
USER	Create  Scenario	END	1672826633807
USER	Create  Scenario	END	1672826634217
USER	Create  Scenario	END	1672826634904
USER	Create  Scenario	END	1672826635573
REQUEST		Proposal	1672826576507	1672826636508	KO	i.g.h.c.i.RequestTimeoutException: Request timeout to backend-qa.knoldus.com/34.132.142.94:443 after 60000 ms
REQUEST		Proposal	1672826577340	1672826637340	KO	i.g.h.c.i.RequestTimeoutException: Request timeout to backend-qa.knoldus.com/34.132.142.94:443 after 60000 ms
REQUEST		Proposal	1672826577591	1672826637591	KO	i.g.h.c.i.RequestTimeoutException: Request timeout to backend-qa.knoldus.com/34.132.142.94:443 after 60000 ms
REQUEST		Proposal	1672826590506	1672826637824	OK	 
REQUEST		Proposal	1672826577842	1672826637842	KO	i.g.h.c.i.RequestTimeoutException: Request timeout to backend-qa.knoldus.com/34.132.142.94:443 after 60000 ms
REQUEST		Proposal	1672826578841	1672826638841	KO	i.g.h.c.i.RequestTimeoutException: Request timeout to backend-qa.knoldus.com/34.132.142.94:443 after 60000 ms
REQUEST		Proposal	1672826579174	1672826639174	KO	i.g.h.c.i.RequestTimeoutException: Request timeout to backend-qa.knoldus.com/34.132.142.94:443 after 60000 ms
USER	Create  Scenario	END	1672826639508
REQUEST		Proposal	1672826583840	1672826639636	OK	 
REQUEST		Proposal	1672826579841	1672826639841	KO	i.g.h.c.i.RequestTimeoutException: Request timeout to backend-qa.knoldus.com/34.132.142.94:443 after 60000 ms
REQUEST		Proposal	1672826580091	1672826640091	KO	i.g.h.c.i.RequestTimeoutException: Request timeout to backend-qa.knoldus.com/34.132.142.94:443 after 60000 ms
REQUEST		Proposal	1672826580341	1672826640341	KO	i.g.h.c.i.RequestTimeoutException: Request timeout to backend-qa.knoldus.com/34.132.142.94:443 after 60000 ms
USER	Create  Scenario	END	1672826640341
USER	Create  Scenario	END	1672826640591
REQUEST		Proposal	1672826585173	1672826640602	OK	 
USER	Create  Scenario	END	1672826640825
REQUEST		Proposal	1672826580841	1672826640841	KO	i.g.h.c.i.RequestTimeoutException: Request timeout to backend-qa.knoldus.com/34.132.142.94:443 after 60000 ms
USER	Create  Scenario	END	1672826640842
REQUEST		Proposal	1672826581172	1672826641172	KO	i.g.h.c.i.RequestTimeoutException: Request timeout to backend-qa.knoldus.com/34.132.142.94:443 after 60000 ms
USER	Create  Scenario	END	1672826641843
REQUEST		Proposal	1672826587506	1672826641911	OK	 
REQUEST		Proposal	1672826582173	1672826642173	KO	i.g.h.c.i.RequestTimeoutException: Request timeout to backend-qa.knoldus.com/34.132.142.94:443 after 60000 ms
USER	Create  Scenario	END	1672826642174
USER	Create  Scenario	END	1672826642637
REQUEST		Proposal	1672826582840	1672826642841	KO	i.g.h.c.i.RequestTimeoutException: Request timeout to backend-qa.knoldus.com/34.132.142.94:443 after 60000 ms
USER	Create  Scenario	END	1672826642841
USER	Create  Scenario	END	1672826643091
REQUEST		Proposal	1672826583340	1672826643340	KO	i.g.h.c.i.RequestTimeoutException: Request timeout to backend-qa.knoldus.com/34.132.142.94:443 after 60000 ms
USER	Create  Scenario	END	1672826643341
REQUEST		Proposal	1672826583590	1672826643590	KO	i.g.h.c.i.RequestTimeoutException: Request timeout to backend-qa.knoldus.com/34.132.142.94:443 after 60000 ms
USER	Create  Scenario	END	1672826643603
USER	Create  Scenario	END	1672826643841
USER	Create  Scenario	END	1672826644173
REQUEST		Proposal	1672826588506	1672826644292	OK	 
REQUEST		Proposal	1672826596840	1672826644482	OK	 
REQUEST		Proposal	1672826584506	1672826644506	KO	i.g.h.c.i.RequestTimeoutException: Request timeout to backend-qa.knoldus.com/34.132.142.94:443 after 60000 ms
REQUEST		Proposal	1672826584840	1672826644840	KO	i.g.h.c.i.RequestTimeoutException: Request timeout to backend-qa.knoldus.com/34.132.142.94:443 after 60000 ms
USER	Create  Scenario	END	1672826644912
USER	Create  Scenario	END	1672826645174
REQUEST		Proposal	1672826585506	1672826645507	KO	i.g.h.c.i.RequestTimeoutException: Request timeout to backend-qa.knoldus.com/34.132.142.94:443 after 60000 ms
REQUEST		Proposal	1672826592340	1672826645829	OK	 
USER	Create  Scenario	END	1672826645841
REQUEST		Proposal	1672826598090	1672826645851	OK	 
REQUEST		Proposal	1672826586089	1672826646089	KO	i.g.h.c.i.RequestTimeoutException: Request timeout to backend-qa.knoldus.com/34.132.142.94:443 after 60000 ms
REQUEST		Proposal	1672826586340	1672826646340	KO	i.g.h.c.i.RequestTimeoutException: Request timeout to backend-qa.knoldus.com/34.132.142.94:443 after 60000 ms
USER	Create  Scenario	END	1672826646340
USER	Create  Scenario	END	1672826646590
REQUEST		Proposal	1672826589340	1672826646880	OK	 
USER	Create  Scenario	END	1672826647293
USER	Create  Scenario	END	1672826647483
USER	Create  Scenario	END	1672826647506
REQUEST		Proposal	1672826601089	1672826647508	OK	 
USER	Create  Scenario	END	1672826647840
REQUEST		Proposal	1672826594840	1672826647989	OK	 
REQUEST		Proposal	1672826602840	1672826648235	OK	 
USER	Create  Scenario	END	1672826648507
USER	Create  Scenario	END	1672826648830
USER	Create  Scenario	END	1672826648852
USER	Create  Scenario	END	1672826649090
REQUEST		Proposal	1672826589091	1672826649091	KO	i.g.h.c.i.RequestTimeoutException: Request timeout to backend-qa.knoldus.com/34.132.142.94:443 after 60000 ms
REQUEST		Proposal	1672826599840	1672826649104	OK	 
USER	Create  Scenario	END	1672826649340
REQUEST		Proposal	1672826589590	1672826649591	KO	i.g.h.c.i.RequestTimeoutException: Request timeout to backend-qa.knoldus.com/34.132.142.94:443 after 60000 ms
REQUEST		Proposal	1672826589841	1672826649841	KO	i.g.h.c.i.RequestTimeoutException: Request timeout to backend-qa.knoldus.com/34.132.142.94:443 after 60000 ms
REQUEST		Proposal	1672826591173	1672826649860	OK	 
USER	Create  Scenario	END	1672826649881
REQUEST		Proposal	1672826590173	1672826650173	KO	i.g.h.c.i.RequestTimeoutException: Request timeout to backend-qa.knoldus.com/34.132.142.94:443 after 60000 ms
REQUEST		Proposal	1672826593839	1672826650238	OK	 
REQUEST		Proposal	1672826591506	1672826650238	OK	 
USER	Create  Scenario	END	1672826650509
REQUEST		Proposal	1672826595590	1672826650560	OK	 
REQUEST		Proposal	1672826590841	1672826650841	KO	i.g.h.c.i.RequestTimeoutException: Request timeout to backend-qa.knoldus.com/34.132.142.94:443 after 60000 ms
USER	Create  Scenario	END	1672826650990
USER	Create  Scenario	END	1672826651237
REQUEST		Proposal	1672826591840	1672826651840	KO	i.g.h.c.i.RequestTimeoutException: Request timeout to backend-qa.knoldus.com/34.132.142.94:443 after 60000 ms
REQUEST		Proposal	1672826592090	1672826652090	KO	i.g.h.c.i.RequestTimeoutException: Request timeout to backend-qa.knoldus.com/34.132.142.94:443 after 60000 ms
USER	Create  Scenario	END	1672826652091
USER	Create  Scenario	END	1672826652105
REQUEST		Proposal	1672826598840	1672826652198	OK	 
REQUEST		Proposal	1672826595090	1672826652382	OK	 
REQUEST		Proposal	1672826598590	1672826652394	OK	 
REQUEST		Proposal	1672826597173	1672826652522	OK	 
USER	Create  Scenario	END	1672826652591
REQUEST		Proposal	1672826592840	1672826652840	KO	i.g.h.c.i.RequestTimeoutException: Request timeout to backend-qa.knoldus.com/34.132.142.94:443 after 60000 ms
USER	Create  Scenario	END	1672826652841
USER	Create  Scenario	END	1672826652861
USER	Create  Scenario	END	1672826653174
USER	Create  Scenario	END	1672826653239
USER	Create  Scenario	END	1672826653240
USER	Create  Scenario	END	1672826653561
USER	Create  Scenario	END	1672826653841
REQUEST		Proposal	1672826602506	1672826653968	OK	 
REQUEST		Proposal	1672826594173	1672826654173	KO	i.g.h.c.i.RequestTimeoutException: Request timeout to backend-qa.knoldus.com/34.132.142.94:443 after 60000 ms
USER	Create  Scenario	END	1672826654840
USER	Create  Scenario	END	1672826655091
REQUEST		Proposal	1672826595840	1672826655113	OK	 
USER	Create  Scenario	END	1672826655199
REQUEST		Proposal	1672826601589	1672826655250	OK	 
USER	Create  Scenario	END	1672826655383
USER	Create  Scenario	END	1672826655395
USER	Create  Scenario	END	1672826655523
REQUEST		Proposal	1672826600173	1672826655627	OK	 
REQUEST		Proposal	1672826601839	1672826655775	OK	 
USER	Create  Scenario	END	1672826655841
REQUEST		Proposal	1672826596173	1672826656173	KO	i.g.h.c.i.RequestTimeoutException: Request timeout to backend-qa.knoldus.com/34.132.142.94:443 after 60000 ms
USER	Create  Scenario	END	1672826656970
USER	Create  Scenario	END	1672826657173
USER	Create  Scenario	END	1672826658114
USER	Create  Scenario	END	1672826658251
REQUEST		Proposal	1672826601339	1672826658460	OK	 
USER	Create  Scenario	END	1672826658628
USER	Create  Scenario	END	1672826658776
USER	Create  Scenario	END	1672826659173
USER	Create  Scenario	END	1672826661461
