RUN	Simulations.Runner.ContributionRunner	contributionrunner	1674663462400	 	3.5.1
USER	Contribution API	START	1674663463199
USER	Contribution API	START	1674663463294
USER	Contribution API	START	1674663463394
USER	Contribution API	START	1674663463494
USER	Contribution API	START	1674663463594
USER	Contribution API	START	1674663463695
USER	Contribution API	START	1674663463795
USER	Contribution API	START	1674663463895
USER	Contribution API	START	1674663463995
REQUEST		Add Contribution	1674663463226	1674663464069	OK	 
USER	Contribution API	START	1674663464095
REQUEST		Add Contribution	1674663463294	1674663464137	KO	status.find.is(200), but actually found 400
USER	Contribution API	START	1674663464195
REQUEST		Add Contribution	1674663463395	1674663464213	KO	status.find.is(200), but actually found 400
USER	Contribution API	START	1674663464296
REQUEST		Add Contribution	1674663463495	1674663464333	KO	status.find.is(200), but actually found 400
USER	Contribution API	START	1674663464396
REQUEST		Add Contribution	1674663463595	1674663464429	KO	status.find.is(200), but actually found 400
USER	Contribution API	START	1674663464496
REQUEST		Add Contribution	1674663463695	1674663464528	KO	status.find.is(200), but actually found 400
USER	Contribution API	START	1674663464596
REQUEST		Add Contribution	1674663463795	1674663464639	KO	status.find.is(200), but actually found 400
USER	Contribution API	START	1674663464696
REQUEST		Add Contribution	1674663463896	1674663464733	KO	status.find.is(200), but actually found 400
USER	Contribution API	START	1674663464796
REQUEST		Add Contribution	1674663463996	1674663464816	KO	status.find.is(200), but actually found 400
USER	Contribution API	START	1674663464897
REQUEST		Add Contribution	1674663464095	1674663464950	KO	status.find.is(200), but actually found 400
USER	Contribution API	START	1674663464997
REQUEST		Add Contribution	1674663464196	1674663465046	KO	status.find.is(200), but actually found 400
USER	Contribution API	START	1674663465097
REQUEST		Add Contribution	1674663464296	1674663465115	KO	status.find.is(200), but actually found 400
USER	Contribution API	START	1674663465197
REQUEST		Add Contribution	1674663464397	1674663465225	KO	status.find.is(200), but actually found 400
USER	Contribution API	START	1674663465292
REQUEST		Add Contribution	1674663464496	1674663465328	KO	status.find.is(200), but actually found 400
USER	Contribution API	START	1674663465392
REQUEST		Add Contribution	1674663464597	1674663465415	KO	status.find.is(200), but actually found 400
USER	Contribution API	START	1674663465492
REQUEST		Add Contribution	1674663464697	1674663465521	KO	status.find.is(200), but actually found 400
USER	Contribution API	START	1674663465592
REQUEST		Add Contribution	1674663464797	1674663465610	KO	status.find.is(200), but actually found 400
USER	Contribution API	START	1674663465692
REQUEST		Add Contribution	1674663464897	1674663465717	KO	status.find.is(200), but actually found 400
USER	Contribution API	START	1674663465792
REQUEST		Add Contribution	1674663464997	1674663465812	KO	status.find.is(200), but actually found 400
USER	Contribution API	START	1674663465892
REQUEST		Add Contribution	1674663465097	1674663465928	KO	status.find.is(200), but actually found 400
USER	Contribution API	START	1674663465992
REQUEST		Add Contribution	1674663465197	1674663466014	KO	status.find.is(200), but actually found 400
USER	Contribution API	START	1674663466093
REQUEST		Add Contribution	1674663465292	1674663466120	KO	status.find.is(200), but actually found 400
USER	Contribution API	START	1674663466192
REQUEST		Add Contribution	1674663465392	1674663466205	KO	status.find.is(200), but actually found 400
USER	Contribution API	START	1674663466291
REQUEST		Add Contribution	1674663465492	1674663466321	KO	status.find.is(200), but actually found 400
USER	Contribution API	START	1674663466392
REQUEST		Add Contribution	1674663465593	1674663466424	KO	status.find.is(200), but actually found 400
USER	Contribution API	START	1674663466492
REQUEST		Add Contribution	1674663465693	1674663466532	KO	status.find.is(200), but actually found 400
USER	Contribution API	START	1674663466592
REQUEST		Add Contribution	1674663465792	1674663466622	KO	status.find.is(200), but actually found 400
USER	Contribution API	START	1674663466692
REQUEST		Add Contribution	1674663465893	1674663466715	KO	status.find.is(200), but actually found 400
USER	Contribution API	START	1674663466792
REQUEST		Add Contribution	1674663465993	1674663466824	KO	status.find.is(200), but actually found 400
USER	Contribution API	START	1674663466893
REQUEST		Add Contribution	1674663466093	1674663466924	KO	status.find.is(200), but actually found 400
USER	Contribution API	START	1674663466993
REQUEST		Add Contribution	1674663466193	1674663467010	KO	status.find.is(200), but actually found 400
USER	Contribution API	END	1674663467090
USER	Contribution API	START	1674663467093
REQUEST		Add Contribution	1674663466292	1674663467107	KO	status.find.is(200), but actually found 400
USER	Contribution API	END	1674663467141
USER	Contribution API	START	1674663467193
USER	Contribution API	END	1674663467215
REQUEST		Add Contribution	1674663466392	1674663467215	KO	status.find.is(200), but actually found 400
USER	Contribution API	START	1674663467292
REQUEST		Add Contribution	1674663466493	1674663467305	KO	status.find.is(200), but actually found 400
USER	Contribution API	END	1674663467335
USER	Contribution API	START	1674663467392
REQUEST		Add Contribution	1674663466593	1674663467409	KO	status.find.is(200), but actually found 400
USER	Contribution API	END	1674663467431
USER	Contribution API	START	1674663467492
REQUEST		Add Contribution	1674663466692	1674663467524	KO	status.find.is(200), but actually found 400
USER	Contribution API	END	1674663467529
USER	Contribution API	START	1674663467592
REQUEST		Add Contribution	1674663466793	1674663467611	KO	status.find.is(200), but actually found 400
USER	Contribution API	END	1674663467640
USER	Contribution API	START	1674663467693
REQUEST		Add Contribution	1674663466893	1674663467715	KO	status.find.is(200), but actually found 400
USER	Contribution API	END	1674663467734
USER	Contribution API	START	1674663467793
REQUEST		Add Contribution	1674663466993	1674663467807	KO	status.find.is(200), but actually found 400
USER	Contribution API	END	1674663467817
USER	Contribution API	START	1674663467893
REQUEST		Add Contribution	1674663467093	1674663467931	KO	status.find.is(200), but actually found 400
USER	Contribution API	END	1674663467952
USER	Contribution API	START	1674663467993
REQUEST		Add Contribution	1674663467194	1674663468024	KO	status.find.is(200), but actually found 400
USER	Contribution API	END	1674663468047
USER	Contribution API	START	1674663468093
USER	Contribution API	END	1674663468116
REQUEST		Add Contribution	1674663467292	1674663468125	KO	status.find.is(200), but actually found 400
USER	Contribution API	START	1674663468193
REQUEST		Add Contribution	1674663467393	1674663468208	KO	status.find.is(200), but actually found 400
USER	Contribution API	END	1674663468226
USER	Contribution API	START	1674663468291
USER	Contribution API	END	1674663468329
REQUEST		Add Contribution	1674663467493	1674663468339	KO	status.find.is(200), but actually found 400
USER	Contribution API	START	1674663468392
USER	Contribution API	END	1674663468417
REQUEST		Add Contribution	1674663467593	1674663468418	KO	status.find.is(200), but actually found 400
USER	Contribution API	START	1674663468492
REQUEST		Add Contribution	1674663467693	1674663468521	KO	status.find.is(200), but actually found 400
USER	Contribution API	END	1674663468522
USER	Contribution API	START	1674663468592
USER	Contribution API	END	1674663468611
REQUEST		Add Contribution	1674663467793	1674663468616	KO	status.find.is(200), but actually found 400
USER	Contribution API	START	1674663468692
REQUEST		Add Contribution	1674663467893	1674663468711	KO	status.find.is(200), but actually found 400
USER	Contribution API	END	1674663468718
USER	Contribution API	START	1674663468792
USER	Contribution API	END	1674663468814
REQUEST		Add Contribution	1674663467993	1674663468816	KO	