RUN	Simulations.Create	create	1672826706954	 	3.5.1
USER	Create  Scenario	START	1672826713244
USER	Create  Scenario	START	1672826713739
USER	Create  Scenario	START	1672826714239
USER	Create  Scenario	START	1672826714739
USER	Create  Scenario	START	1672826715240
USER	Create  Scenario	START	1672826715739
USER	Create  Scenario	START	1672826716239
USER	Create  Scenario	START	1672826716739
USER	Create  Scenario	START	1672826717239
USER	Create  Scenario	START	1672826717739
USER	Create  Scenario	START	1672826718240
USER	Create  Scenario	START	1672826718739
USER	Create  Scenario	START	1672826719240
USER	Create  Scenario	START	1672826719739
REQUEST		Proposal	1672826713269	1672826720140	OK	 
USER	Create  Scenario	START	1672826720239
USER	Create  Scenario	START	1672826720738
REQUEST		Proposal	1672826713739	1672826720794	OK	 
REQUEST		Proposal	1672826714240	1672826720898	OK	 
USER	Create  Scenario	START	1672826721239
USER	Create  Scenario	START	1672826721739
USER	Create  Scenario	START	1672826722239
USER	Create  Scenario	START	1672826722739
USER	Create  Scenario	END	1672826723160
USER	Create  Scenario	START	1672826723239
USER	Create  Scenario	START	1672826723739
USER	Create  Scenario	END	1672826723796
USER	Create  Scenario	END	1672826723899
USER	Create  Scenario	START	1672826724239
USER	Create  Scenario	START	1672826724739
REQUEST		Proposal	1672826715739	1672826724863	OK	 
REQUEST		Proposal	1672826714739	1672826725195	OK	 
USER	Create  Scenario	START	1672826725239
USER	Create  Scenario	START	1672826725739
REQUEST		Proposal	1672826716240	1672826725938	OK	 
USER	Create  Scenario	START	1672826726239
USER	Create  Scenario	START	1672826726738
REQUEST		Proposal	1672826719739	1672826726917	OK	 
USER	Create  Scenario	START	1672826727238
REQUEST		Proposal	1672826720240	1672826727612	OK	 
USER	Create  Scenario	START	1672826727739
USER	Create  Scenario	END	1672826727864
USER	Create  Scenario	END	1672826728196
USER	Create  Scenario	START	1672826728239
REQUEST		Proposal	1672826715240	1672826728355	OK	 
USER	Create  Scenario	START	1672826728739
USER	Create  Scenario	END	1672826728940
USER	Create  Scenario	START	1672826729239
USER	Create  Scenario	START	1672826729739
USER	Create  Scenario	END	1672826729918
USER	Create  Scenario	START	1672826730239
USER	Create  Scenario	END	1672826730613
USER	Create  Scenario	START	1672826730738
REQUEST		Proposal	1672826716739	1672826730819	OK	 
USER	Create  Scenario	START	1672826731238
USER	Create  Scenario	END	1672826731356
REQUEST		Proposal	1672826719240	1672826731549	OK	 
USER	Create  Scenario	START	1672826731738
REQUEST		Proposal	1672826725739	1672826731849	OK	 
USER	Create  Scenario	START	1672826732239
USER	Create  Scenario	START	1672826732739
USER	Create  Scenario	START	1672826733239
USER	Create  Scenario	START	1672826733739
USER	Create  Scenario	END	1672826733820
USER	Create  Scenario	START	1672826734239
USER	Create  Scenario	END	1672826734549
USER	Create  Scenario	START	1672826734738
USER	Create  Scenario	END	1672826734850
REQUEST		Proposal	1672826718739	1672826735214	OK	 
USER	Create  Scenario	START	1672826735238
USER	Create  Scenario	START	1672826735738
USER	Create  Scenario	START	1672826736238
USER	Create  Scenario	START	1672826736738
REQUEST		Proposal	1672826727239	1672826736776	OK	 
USER	Create  Scenario	START	1672826737238
REQUEST		Proposal	1672826726240	1672826737483	OK	 
USER	Create  Scenario	START	1672826737738
USER	Create  Scenario	END	1672826738215
USER	Create  Scenario	START	1672826738238
USER	Create  Scenario	START	1672826738739
USER	Create  Scenario	START	1672826739239
REQUEST		Proposal	1672826731239	1672826739685	OK	 
USER	Create  Scenario	START	1672826739738
USER	Create  Scenario	END	1672826739777
USER	Create  Scenario	START	1672826740239
USER	Create  Scenario	END	1672826740484
USER	Create  Scenario	START	1672826740738
REQUEST		Proposal	1672826735239	1672826740996	OK	 
REQUEST		Proposal	1672826731739	1672826741170	OK	 
USER	Create  Scenario	START	1672826741238
REQUEST		Proposal	1672826717240	1672826741406	OK	 
USER	Create  Scenario	START	1672826741739
USER	Create  Scenario	START	1672826742238
REQUEST		Proposal	1672826729239	1672826742327	OK	 
USER	Create  Scenario	END	1672826742686
USER	Create  Scenario	START	1672826742738
USER	Create  Scenario	START	1672826743238
USER	Create  Scenario	START	1672826743738
USER	Create  Scenario	END	1672826743997
USER	Create  Scenario	END	1672826744171
USER	Create  Scenario	START	1672826744239
USER	Create  Scenario	END	1672826744407
REQUEST		Proposal	1672826734739	1672826744710	OK	 
USER	Create  Scenario	START	1672826744739
USER	Create  Scenario	START	1672826745238
USER	Create  Scenario	END	1672826745328
REQUEST		Proposal	1672826740239	1672826745590	OK	 
USER	Create  Scenario	START	1672826745738
USER	Create  Scenario	START	1672826746239
USER	Create  Scenario	START	1672826746739
USER	Create  Scenario	START	1672826747239
USER	Create  Scenario	END	1672826747710
USER	Create  Scenario	START	1672826747738
USER	Create  Scenario	START	1672826748238
REQUEST		Proposal	1672826722239	1672826748449	OK	 
USER	Create  Scenario	END	1672826748591
REQUEST		Proposal	1672826738238	1672826748731	OK	 
USER	Create  Scenario	START	1672826748739
REQUEST		Proposal	1672826730739	1672826748987	OK	 
USER	Create  Scenario	START	1672826749239
USER	Create  Scenario	START	1672826749738
USER	Create  Scenario	START	1672826750238
USER	Create  Scenario	START	1672826750739
USER	Create  Scenario	START	1672826751239
REQUEST		Proposal	1672826736739	1672826751302	OK	 
USER	Create  Scenario	END	1672826751450
REQUEST		Proposal	1672826740739	1672826751493	OK	 
USER	Create  Scenario	END	1672826751732
USER	Create  Scenario	START	1672826751739
USER	Create  Scenario	END	1672826751988
USER	Create  Scenario	START	1672826752239
USER	Create  Scenario	START	1672826752739
USER	Create  Scenario	START	1672826753239
USER	Create  Scenario	START	1672826753738
USER	Create  Scenario	START	1672826754238
USER	Create  Scenario	END	1672826754303
USER	Create  Scenario	END	1672826754494
USER	Create  Scenario	START	1672826754738
REQUEST		Proposal	1672826749239	1672826754788	OK	 
USER	Create  Scenario	START	1672826755239
USER	Create  Scenario	START	1672826755738
REQUEST		Proposal	1672826745739	1672826755742	OK	 
USER	Create  Scenario	START	1672826756239
USER	Create  Scenario	START	1672826756738
USER	Create  Scenario	START	1672826757238
USER	Create  Scenario	START	1672826757738
USER	Create  Scenario	END	1672826757789
USER	Create  Scenario	START	1672826758238
REQUEST		Proposal	1672826748239	1672826758706	OK	 
USER	Create  Scenario	START	1672826758738
USER	Create  Scenario	END	1672826758743
USER	Create  Scenario	START	1672826759239
USER	Create  Scenario	START	1672826759738
USER	Create  Scenario	START	1672826760239
REQUEST		Proposal	1672826750739	1672826760494	OK	 
USER	Create  Scenario	START	1672826760738
USER	Create  Scenario	START	1672826761238
USER	Create  Scenario	END	1672826761707
USER	Create  Scenario	START	1672826761738
USER	Create  Scenario	START	1672826762238
REQUEST		Proposal	1672826751739	1672826762413	OK	 
USER	Create  Scenario	START	1672826762739
REQUEST		Proposal	1672826752739	1672826763275	OK	 
USER	Create  Scenario	END	1672826763495
REQUEST		Proposal	1672826744239	1672826763627	OK	 
REQUEST		Proposal	1672826755239	1672826765392	OK	 
USER	Create  Scenario	END	1672826765414
REQUEST		Proposal	1672826758739	1672826765600	OK	 
USER	Create  Scenario	END	1672826766276
USER	Create  Scenario	END	1672826766628
USER	Create  Scenario	END	1672826768393
USER	Create  Scenario	END	1672826768601
REQUEST		Proposal	1672826761238	1672826769021	OK	 
REQUEST		Proposal	1672826761738	1672826769197	OK	 
REQUEST		Proposal	1672826756739	1672826771170	OK	 
USER	Create  Scenario	END	1672826772022
REQUEST		Proposal	1672826726739	1672826772105	OK	 
USER	Create  Scenario	END	1672826772198
USER	Create  Scenario	END	1672826774171
USER	Create  Scenario	END	1672826775106
REQUEST		Proposal	1672826759739	1672826775244	OK	 
REQUEST		Proposal	1672826762238	1672826776128	OK	 
REQUEST		Proposal	1672826717740	1672826777740	KO	i.g.h.c.i.RequestTimeoutException: Request timeout to backend-qa.knoldus.com/34.132.142.94:443 after 60000 ms
REQUEST		Proposal	1672826721239	1672826778131	OK	 
REQUEST		Proposal	1672826718240	1672826778240	KO	i.g.h.c.i.RequestTimeoutException: Request timeout to backend-qa.knoldus.com/34.132.142.94:443 after 60000 ms
USER	Create  Scenario	END	1672826778245
REQUEST		Proposal	1672826729739	1672826778729	OK	 
USER	Create  Scenario	END	1672826779129
REQUEST		Proposal	1672826724239	1672826780343	OK	 
REQUEST		Proposal	1672826720739	1672826780739	KO	i.g.h.c.i.RequestTimeoutException: Request timeout to backend-qa.knoldus.com/34.132.142.94:443 after 60000 ms
USER	Create  Scenario	END	1672826780744
USER	Create  Scenario	END	1672826781133
USER	Create  Scenario	END	1672826781241
REQUEST		Proposal	1672826730239	1672826781555	OK	 
USER	Create  Scenario	END	1672826781730
REQUEST		Proposal	1672826721739	1672826781739	KO	i.g.h.c.i.RequestTimeoutException: Request timeout to backend-qa.knoldus.com/34.132.142.94:443 after 60000 ms
REQUEST		Proposal	1672826741239	1672826781745	OK	 
REQUEST		Proposal	1672826722739	1672826782740	KO	i.g.h.c.i.RequestTimeoutException: Request timeout to backend-qa.knoldus.com/34.132.142.94:443 after 60000 ms
REQUEST		Proposal	1672826723240	1672826783240	KO	i.g.h.c.i.RequestTimeoutException: Request timeout to backend-qa.knoldus.com/34.132.142.94:443 after 60000 ms
USER	Create  Scenario	END	1672826783344
USER	Create  Scenario	END	1672826783739
REQUEST		Proposal	1672826723739	1672826783739	KO	i.g.h.c.i.RequestTimeoutException: Request timeout to backend-qa.knoldus.com/34.132.142.94:443 after 60000 ms
REQUEST		Proposal	1672826732739	1672826784102	OK	 
USER	Create  Scenario	END	1672826784556
REQUEST		Proposal	1672826725239	1672826784643	OK	 
REQUEST		Proposal	1672826724739	1672826784740	KO	i.g.h.c.i.RequestTimeoutException: Request timeout to backend-qa.knoldus.com/34.132.142.94:443 after 60000 ms
USER	Create  Scenario	END	1672826784740
USER	Create  Scenario	END	1672826784746
REQUEST		Proposal	1672826747239	1672826785154	OK	 
REQUEST		Proposal	1672826738739	1672826785540	OK	 
USER	Create  Scenario	END	1672826785740
USER	Create  Scenario	END	1672826786240
REQUEST		Proposal	1672826747738	1672826786352	OK	 
USER	Create  Scenario	END	1672826786740
USER	Create  Scenario	END	1672826787103
REQUEST		Proposal	1672826744739	1672826787473	OK	 
USER	Create  Scenario	END	1672826787645
REQUEST		Proposal	1672826727739	1672826787739	KO	i.g.h.c.i.RequestTimeoutException: Request timeout to backend-qa.knoldus.com/34.132.142.94:443 after 60000 ms
USER	Create  Scenario	END	1672826787740
USER	Create  Scenario	END	1672826788155
REQUEST		Proposal	1672826728240	1672826788240	KO	i.g.h.c.i.RequestTimeoutException: Request timeout to backend-qa.knoldus.com/34.132.142.94:443 after 60000 ms
USER	Create  Scenario	END	1672826788541
REQUEST		Proposal	1672826728740	1672826788740	KO	i.g.h.c.i.RequestTimeoutException: Request timeout to backend-qa.knoldus.com/34.132.142.94:443 after 60000 ms
REQUEST		Proposal	1672826739239	1672826788962	OK	 
REQUEST		Proposal	1672826737738	1672826789293	OK	 
USER	Create  Scenario	END	1672826789353
USER	Create  Scenario	END	1672826790474
USER	Create  Scenario	END	1672826790740
USER	Create  Scenario	END	1672826791240
REQUEST		Proposal	1672826762739	1672826791340	OK	 
REQUEST		Proposal	1672826753739	1672826791385	OK	 
REQUEST		Proposal	1672826734239	1672826791502	OK	 
REQUEST		Proposal	1672826746739	1672826791527	OK	 
REQUEST		Proposal	1672826749739	1672826791692	OK	 
USER	Create  Scenario	END	1672826791740
REQUEST		Proposal	1672826743239	1672826791812	OK	 
USER	Create  Scenario	END	1672826791962
REQUEST		Proposal	1672826732239	1672826792239	KO	i.g.h.c.i.RequestTimeoutException: Request timeout to backend-qa.knoldus.com/34.132.142.94:443 after 60000 ms
USER	Create  Scenario	END	1672826792294
REQUEST		Proposal	1672826741739	1672826792710	OK	 
REQUEST		Proposal	1672826733239	1672826793240	KO	i.g.h.c.i.RequestTimeoutException: Request timeout to backend-qa.knoldus.com/34.132.142.94:443 after 60000 ms
REQUEST		Proposal	1672826733739	1672826793739	KO	i.g.h.c.i.RequestTimeoutException: Request timeout to backend-qa.knoldus.com/34.132.142.94:443 after 60000 ms
REQUEST		Proposal	1672826736239	1672826793878	OK	 
REQUEST		Proposal	1672826739739	1672826794022	OK	 
USER	Create  Scenario	END	1672826794342
USER	Create  Scenario	END	1672826794386
USER	Create  Scenario	END	1672826794504
USER	Create  Scenario	END	1672826794528
USER	Create  Scenario	END	1672826794693
USER	Create  Scenario	END	1672826794813
REQUEST		Proposal	1672826737239	1672826795036	OK	 
USER	Create  Scenario	END	1672826795239
REQUEST		Proposal	1672826743738	1672826795318	OK	 
USER	Create  Scenario	END	1672826795711
REQUEST		Proposal	1672826735739	1672826795739	KO	i.g.h.c.i.RequestTimeoutException: Request timeout to backend-qa.knoldus.com/34.132.142.94:443 after 60000 ms
REQUEST		Proposal	1672826742738	1672826795799	OK	 
REQUEST		Proposal	1672826753239	1672826796066	OK	 
USER	Create  Scenario	END	1672826796240
REQUEST		Proposal	1672826754739	1672826796299	OK	 
REQUEST		Proposal	1672826760239	1672826796324	OK	 
REQUEST		Proposal	1672826746239	1672826796341	OK	 
REQUEST		Proposal	1672826752239	1672826796724	OK	 
USER	Create  Scenario	END	1672826796739
USER	Create  Scenario	END	1672826796879
USER	Create  Scenario	END	1672826797023
REQUEST		Proposal	1672826748739	1672826797188	OK	 
REQUEST		Proposal	1672826757739	1672826798033	OK	 
USER	Create  Scenario	END	1672826798037
USER	Create  Scenario	END	1672826798319
USER	Create  Scenario	END	1672826798739
USER	Create  Scenario	END	1672826798800
REQUEST		Proposal	1672826751239	1672826798916	OK	 
USER	Create  Scenario	END	1672826799067
USER	Create  Scenario	END	1672826799300
USER	Create  Scenario	END	1672826799325
USER	Create  Scenario	END	1672826799341
REQUEST		Proposal	1672826759239	1672826799458	OK	 
USER	Create  Scenario	END	1672826799725
REQUEST		Proposal	1672826750239	1672826799761	OK	 
USER	Create  Scenario	END	1672826800189
REQUEST		Proposal	1672826757239	1672826800247	OK	 
REQUEST		Proposal	1672826745239	1672826800590	OK	 
USER	Create  Scenario	END	1672826801034
REQUEST		Proposal	1672826756239	1672826801342	OK	 
REQUEST		Proposal	1672826760738	1672826801350	OK	 
REQUEST		Proposal	1672826742239	1672826801729	OK	 
USER	Create  Scenario	END	1672826801917
USER	Create  Scenario	END	1672826802459
USER	Create  Scenario	END	1672826802762
REQUEST		Proposal	1672826754239	1672826803050	OK	 
USER	Create  Scenario	END	1672826803248
REQUEST		Proposal	1672826755739	1672826803368	OK	 
USER	Create  Scenario	END	1672826803591
USER	Create  Scenario	END	1672826804343
USER	Create  Scenario	END	1672826804351
REQUEST		Proposal	1672826758239	1672826804663	OK	 
USER	Create  Scenario	END	1672826804730
USER	Create  Scenario	END	1672826806051
USER	Create  Scenario	END	1672826806369
USER	Create  Scenario	END	1672826807665
