RUN	Simulations.Runner.ContributionRunner	contributionrunner	1674663439749	 	3.5.1
USER	Contribution API	START	1674663440735
USER	Contribution API	START	1674663440825
USER	Contribution API	START	1674663440925
USER	Contribution API	START	1674663441025
USER	Contribution API	START	1674663441126
USER	Contribution API	START	1674663441226
USER	Contribution API	START	1674663441326
USER	Contribution API	START	1674663441426
USER	Contribution API	START	1674663441526
REQUEST		Add Contribution	1674663440758	1674663441584	KO	status.find.is(200), but actually found 400
USER	Contribution API	START	1674663441626
REQUEST		Add Contribution	1674663440825	1674663441656	KO	status.find.is(200), but actually found 400
USER	Contribution API	START	1674663441727
REQUEST		Add Contribution	1674663440926	1674663441764	KO	status.find.is(200), but actually found 400
USER	Contribution API	START	1674663441827
USER	Contribution API	START	1674663441927
REQUEST		Add Contribution	1674663441126	1674663441957	KO	status.find.is(200), but actually found 400
REQUEST		Add Contribution	1674663441026	1674663441959	KO	status.find.is(200), but actually found 400
USER	Contribution API	START	1674663442028
REQUEST		Add Contribution	1674663441227	1674663442059	KO	status.find.is(200), but actually found 400
USER	Contribution API	START	1674663442127
REQUEST		Add Contribution	1674663441327	1674663442142	KO	status.find.is(200), but actually found 400
USER	Contribution API	START	1674663442228
REQUEST		Add Contribution	1674663441426	1674663442241	KO	status.find.is(200), but actually found 400
USER	Contribution API	START	1674663442328
REQUEST		Add Contribution	1674663441527	1674663442332	KO	status.find.is(200), but actually found 400
USER	Contribution API	START	1674663442428
REQUEST		Add Contribution	1674663441627	1674663442458	KO	status.find.is(200), but actually found 400
USER	Contribution API	START	1674663442528
REQUEST		Add Contribution	1674663441727	1674663442588	KO	status.find.is(200), but actually found 400
USER	Contribution API	START	1674663442628
REQUEST		Add Contribution	1674663441827	1674663442646	KO	status.find.is(200), but actually found 400
USER	Contribution API	START	1674663442728
REQUEST		Add Contribution	1674663441928	1674663442754	KO	status.find.is(200), but actually found 400
USER	Contribution API	START	1674663442823
REQUEST		Add Contribution	1674663442028	1674663442841	KO	status.find.is(200), but actually found 400
USER	Contribution API	START	1674663442923
REQUEST		Add Contribution	1674663442128	1674663442960	KO	status.find.is(200), but actually found 400
USER	Contribution API	START	1674663443023
REQUEST		Add Contribution	1674663442228	1674663443068	KO	status.find.is(200), but actually found 400
USER	Contribution API	START	1674663443123
REQUEST		Add Contribution	1674663442328	1674663443156	KO	status.find.is(200), but actually found 400
USER	Contribution API	START	1674663443223
REQUEST		Add Contribution	1674663442428	1674663443257	KO	status.find.is(200), but actually found 400
USER	Contribution API	START	1674663443324
REQUEST		Add Contribution	1674663442528	1674663443356	KO	status.find.is(200), but actually found 400
USER	Contribution API	START	1674663443423
REQUEST		Add Contribution	1674663442628	1674663443465	KO	status.find.is(200), but actually found 400
USER	Contribution API	START	1674663443523
REQUEST		Add Contribution	1674663442728	1674663443549	KO	status.find.is(200), but actually found 400
USER	Contribution API	START	1674663443623
REQUEST		Add Contribution	1674663442824	1674663443642	KO	status.find.is(200), but actually found 400
USER	Contribution API	START	1674663443723
REQUEST		Add Contribution	1674663442924	1674663443745	KO	status.find.is(200), but actually found 400
USER	Contribution API	START	1674663443823
REQUEST		Add Contribution	1674663443024	1674663443850	KO	status.find.is(200), but actually found 400
USER	Contribution API	START	1674663443923
REQUEST		Add Contribution	1674663443124	1674663443950	KO	status.find.is(200), but actually found 400
USER	Contribution API	START	1674663444023
REQUEST		Add Contribution	1674663443224	1674663444051	KO	status.find.is(200), but actually found 400
USER	Contribution API	START	1674663444123
REQUEST		Add Contribution	1674663443324	1674663444143	KO	status.find.is(200), but actually found 400
USER	Contribution API	START	1674663444223
REQUEST		Add Contribution	1674663443424	1674663444249	KO	status.find.is(200), but actually found 400
USER	Contribution API	START	1674663444323
REQUEST		Add Contribution	1674663443524	1674663444382	KO	status.find.is(200), but actually found 400
USER	Contribution API	START	1674663444423
REQUEST		Add Contribution	1674663443624	1674663444460	KO	status.find.is(200), but actually found 400
USER	Contribution API	START	1674663444523
REQUEST		Add Contribution	1674663443724	1674663444547	KO	status.find.is(200), but actually found 400
USER	Contribution API	END	1674663444605
USER	Contribution API	START	1674663444623
REQUEST		Add Contribution	1674663443824	1674663444637	KO	status.find.is(200), but actually found 400
USER	Contribution API	END	1674663444657
USER	Contribution API	START	1674663444723
REQUEST		Add Contribution	1674663443924	1674663444744	KO	status.find.is(200), but actually found 400
USER	Contribution API	END	1674663444765
USER	Contribution API	START	1674663444823
REQUEST		Add Contribution	1674663444023	1674663444836	KO	status.find.is(200), but actually found 400
USER	Contribution API	START	1674663444923
REQUEST		Add Contribution	1674663444123	1674663444939	KO	status.find.is(200), but actually found 400
USER	Contribution API	END	1674663444958
USER	Contribution API	END	1674663444959
USER	Contribution API	START	1674663445023
REQUEST		Add Contribution	1674663444224	1674663445051	KO	status.find.is(200), but actually found 400
USER	Contribution API	END	1674663445060
USER	Contribution API	START	1674663445123
USER	Contribution API	END	1674663445143
REQUEST		Add Contribution	1674663444323	1674663445151	KO	status.find.is(200), but actually found 400
USER	Contribution API	START	1674663445223
USER	Contribution API	END	1674663445242
REQUEST		Add Contribution	1674663444424	1674663445253	KO	status.find.is(200), but actually found 400
USER	Contribution API	START	1674663445324
USER	Contribution API	END	1674663445333
REQUEST		Add Contribution	1674663444524	1674663445343	KO	status.find.is(200), but actually found 400
USER	Contribution API	START	1674663445424
REQUEST		Add Contribution	1674663444623	1674663445434	KO	status.find.is(200), but actually found 400
USER	Contribution API	END	1674663445459
USER	Contribution API	START	1674663445524
REQUEST		Add Contribution	1674663444724	1674663445528	KO	status.find.is(200), but actually found 400
USER	Contribution API	END	1674663445590
USER	Contribution API	START	1674663445624
USER	Contribution API	END	1674663445648
REQUEST		Add Contribution	1674663444823	1674663445658	KO	status.find.is(200), but actually found 400
USER	Contribution API	START	1674663445724
REQUEST		Add Contribution	1674663444924	1674663445740	KO	status.find.is(200), but actually found 400
USER	Contribution API	END	1674663445756
USER	Contribution API	START	1674663445823
USER	Contribution API	END	1674663445842
REQUEST		Add Contribution	1674663445023	1674663445849	KO	status.find.is(200), but actually found 400
USER	Contribution API	START	1674663445923
REQUEST		Add Contribution	1674663445124	1674663445954	KO	status.find.is(200), but actually found 400
USER	Contribution API	END	1674663445961
USER	Contribution API	START	1674663446023
REQUEST		Add Contribution	1674663445224	1674663446042	KO	status.find.is(200), but actually found 400
USER	Contribution API	END	1674663446070
USER	Contribution API	START	1674663446123
REQUEST		Add Contribution	1674663445324	1674663446148	KO	status.find.is(200), but actually found 400
USER	Contribution API	END	1674663446158
USER	Contribution API	START	1674663446223
REQUEST		Add Contribution	1674663445424	1674663446238	KO	status.find.is(200), but actually found 400
USER	Contribution API	END	1674663446259
USER	Contribution API	START	1674663446323
REQUEST		Add Contribution	1674663445524	1674663446347	KO	status.find.is(200), but actually found 400
USER	Contribution API	END	1674663446357
USER	Contribution API	START	1674663446423
REQUEST		Add Contribution	1674663445625	1674663446437	KO	status.find.is(200), but actually found 400
USER	Contribution API	END	1674663446466
USER	Contribution API	START	1674663446523
USER	Contribution API	END	1674663446550
REQUEST		Add Contribution	1674663445725	1674663446557	KO	status.find.is(200), but actually found 400
USER	Contribution API	START	1674663446624
REQUEST		Add Contribution	1674663445823	1674663446641	KO	status.find.is(200), but actually found 400
USER	Contribution API	END	1674663446643
USER	Contribution API	START	1674663446724
USER	Contribution API	END	1674663446746
REQUEST		Add Contribution	1674663445923	1674663446752	KO	status.find.is(200), but actually found 400
USER	Contribution API	START	1674663446823
USER	Contribution API	END	1674663446851
REQUEST		Add Contribution	1674663446023	1674663446855	KO	status.find.is(200), but actually found 400
USER	Contribution API	START	1674663446923
REQUEST		Add Contribution	1674663446124	1674663446946	KO	status.find.is(200), but actually found 400
USER	Contribution API	END	1674663446951
USER	Contribution API	START	1674663447023
REQUEST		Add Contribution	1674663446224	1674663447048	KO	status.find.is(200), but actually found 400
USER	Contribution API	END	1674663447053
USER	Contribution API	START	1674663447123
REQUEST		Add Contribution	1674663446324	1674663447141	KO	status.find.is(200), but actually found 400
USER	Contribution API	END	1674663447143
USER	Contribution API	START	1674663447223
REQUEST		Add Contribution	1674663446424	1674663447246	KO	status.find.is(200), but actually found 400
USER	Contribution API	END	1674663447250
USER	Contribution API	START	1674663447323
REQUEST		Add Contribution	1674663446524	1674663447333	KO	status.find.is(200), but actually found 400
USER	Contribution API	END	1674663447383
USER	Contribution API	START	1674663447424
REQUEST		Add Contribution	1674663446624	1674663447434	KO	status.find.is(200), but actually found 400
USER	Contribution API	END	1674663447461
USER	Contribution API	START	1674663447524
REQUEST		Add Contribution	1674663446724	1674663447546	KO	status.find.is(200), but actually found 400
USER	Contribution API	END	1674663447548
USER	Contribution API	START	1674663447624
USER	Contribution API	END	1674663447638
REQUEST		Add Contribution	1674663446824	1674663447646	KO	status.find.is(200), but actually found 400
USER	Contribution API	START	1674663447724
USER	Contribution API	END	1674663447745
REQUEST		Add Contribution	1674663446924	1674663447763	KO	status.find.is(200), but actually found 400
USER	Contribution API	START	1674663447822
REQUEST		Add Contribution	1674663447024	1674663447835	KO	status.find.is(200), but actually found 400
USER	Contribution API	END	1674663447838
USER	Contribution API	START	1674663447922
USER	Contribution API	END	1674663447940
REQUEST		Add Contribution	1674663447123	1674663447945	KO	status.find.is(200), but actually found 400
USER	Contribution API	START	1674663448023
REQUEST		Add Contribution	1674663447223	1674663448034	KO	status.find.is(200), but actually found 400
USER	Contribution API	END	1674663448053
USER	Contribution API	START	1674663448123
USER	Contribution API	END	1674663448153
REQUEST		Add Contribution	1674663447324	1674663448154	KO	status.find.is(200), but actually found 400
USER	Contribution API	START	1674663448223
USER	Contribution API	END	1674663448256
REQUEST		Add Contribution	1674663447424	1674663448266	KO	status.find.is(200), but actually found 400
USER	Contribution API	START	1674663448323
USER	Contribution API	END	1674663448344
REQUEST		Add Contribution	1674663447524	1674663448355	KO	status.find.is(200), but actually found 400
USER	Contribution API	START	1674663448423
USER	Contribution API	END	1674663448436
REQUEST		Add Contribution	1674663447624	1674663448446	KO	status.find.is(200), but actually found 400
USER	Contribution API	START	1674663448523
USER	Contribution API	END	1674663448529
REQUEST		Add Contribution	1674663447724	1674663448547	KO	status.find.is(200), but actually found 400
USER	Contribution API	START	1674663448623
REQUEST		Add Contribution	1674663447823	1674663448633	KO	status.find.is(200), but actually found 400
USER	Contribution API	END	1674663448659
USER	Contribution API	START	1674663448723
USER	Contribution API	END	1674663448741
REQUEST		Add Contribution	1674663447923	1674663448752	KO	status.find.is(200), but actually found 400
USER	Contribution API	START	1674663448822
USER	Contribution API	END	1674663448850
REQUEST		Add Contribution	1674663448023	1674663448856	KO	status.find.is(200), but actually found 400
USER	Contribution API	START	1674663448923
REQUEST		Add Contribution	1674663448123	1674663448947	KO	status.find.is(200), but actually found 400
USER	Contribution API	END	1674663448956
USER	Contribution API	START	1674663449023
USER	Contribution API	END	1674663449044
REQUEST		Add Contribution	1674663448223	1674663449049	KO	status.find.is(200), but actually found 400
USER	Contribution API	START	1674663449123
REQUEST		Add Contribution	1674663448323	1674663449142	KO	status.find.is(200), but actually found 400
USER	Contribution API	END	1674663449149
USER	Contribution API	START	1674663449223
USER	Contribution API	END	1674663449240
REQUEST		Add Contribution	1674663448424	1674663449253	KO	status.find.is(200), but actually found 400
USER	Contribution API	START	1674663449323
REQUEST		Add Contribution	1674663448523	1674663449331	KO	status.find.is(200), but actually found 400
USER	Contribution API	END	1674663449348
USER	Contribution API	START	1674663449423
USER	Contribution API	END	1674663449439
REQUEST		Add Contribution	1674663448623	1674663449448	KO	status.find.is(200), but actually found 400
USER	Contribution API	START	1674663449522
REQUEST		Add Contribution	1674663448723	1674663449549	KO	status.find.is(200), but actually found 400
USER	Contribution API	END	1674663449558
USER	Contribution API	START	1674663449623
USER	Contribution API	END	1674663449642
REQUEST		Add Contribution	1674663448823	1674663449648	KO	status.find.is(200), but actually found 400
USER	Contribution API	START	1674663449724
REQUEST		Add Contribution	1674663448923	1674663449753	KO	status.find.is(200), but actually found 400
USER	Contribution API	END	1674663449754
USER	Contribution API	START	1674663449823
REQUEST		Add Contribution	1674663449024	1674663449846	KO	status.find.is(200), but actually found 400
USER	Contribution API	END	1674663449857
USER	Contribution API	START	1674663449923
REQUEST		Add Contribution	1674663449123	1674663449943	KO	status.find.is(200), but actually found 400
USER	Contribution API	END	1674663449947
USER	Contribution API	START	1674663450023
USER	Contribution API	END	1674663450049
REQUEST		Add Contribution	1674663449224	1674663450057	KO	status.find.is(200), but actually found 400
USER	Contribution API	START	1674663450123
USER	Contribution API	END	1674663450142
REQUEST		Add Contribution	1674663449323	1674663450162	KO	status.find.is(200), but actually found 400
USER	Contribution API	START	1674663450223
REQUEST		Add Contribution	1674663449424	1674663450242	KO	status.find.is(200), but actually found 400
USER	Contribution API	END	1674663450247
USER	Contribution API	START	1674663450323
USER	Contribution API	END	1674663450334
REQUEST		Add Contribution	1674663449523	1674663450349	KO	status.find.is(200), but actually found 400
USER	Contribution API	START	1674663450423
USER	Contribution API	END	1674663450436
REQUEST		Add Contribution	1674663449623	1674663450441	KO	status.find.is(200), but actually found 400
USER	Contribution API	START	1674663450523
USER	Contribution API	END	1674663450547
REQUEST		Add Contribution	1674663449725	1674663450559	KO	status.find.is(200), but actually found 400
USER	Contribution API	START	1674663450623
REQUEST		Add Contribution	1674663449823	1674663450646	KO	status.find.is(200), but actually found 400
USER	Contribution API	END	1674663450647
USER	Contribution API	START	1674663450723
REQUEST		Add Contribution	1674663449924	1674663450746	KO	