RUN	Simulations.Runner.Runner	runner	1673533447436	 	3.5.1
USER	dashboard API	START	1673533448920
USER	dashboard API	START	1673533449245
USER	dashboard API	START	1673533449579
USER	dashboard API	START	1673533449914
REQUEST		Reputation	1673533448937	1673533450161	OK	 
USER	dashboard API	START	1673533450247
REQUEST		Reputation	1673533449246	1673533450449	OK	 
USER	dashboard API	START	1673533450580
REQUEST		Reputation	1673533449580	1673533450738	OK	 
USER	dashboard API	START	1673533450915
REQUEST		Reputation	1673533449914	1673533451066	OK	 
USER	dashboard API	START	1673533451242
REQUEST		Reputation	1673533450248	1673533451370	OK	 
USER	dashboard API	START	1673533451575
REQUEST		Reputation	1673533450581	1673533451781	OK	 
USER	dashboard API	START	1673533451910
REQUEST		Reputation	1673533450915	1673533452089	OK	 
USER	dashboard API	START	1673533452242
REQUEST		Reputation	1673533451242	1673533452371	OK	 
USER	dashboard API	START	1673533452576
REQUEST		Reputation	1673533451576	1673533452777	OK	 
USER	dashboard API	START	1673533452910
REQUEST		Reputation	1673533451911	1673533453043	OK	 
USER	dashboard API	START	1673533453242
REQUEST		Reputation	1673533452243	1673533453407	OK	 
REQUEST		Last Contribution	1673533453180	1673533453481	OK	 
USER	dashboard API	START	1673533453576
REQUEST		Reputation	1673533452576	1673533453731	OK	 
REQUEST		Last Contribution	1673533453451	1673533453759	OK	 
USER	dashboard API	START	1673533453910
REQUEST		Reputation	1673533452911	1673533454037	OK	 
REQUEST		Last Contribution	1673533453739	1673533454059	OK	 
USER	dashboard API	START	1673533454241
REQUEST		Reputation	1673533453243	1673533454363	OK	 
REQUEST		Last Contribution	1673533454067	1673533454373	OK	 
USER	dashboard API	START	1673533454575
REQUEST		Last Contribution	1673533454371	1673533454682	OK	 
REQUEST		Reputation	1673533453577	1673533454718	OK	 
USER	dashboard API	START	1673533454909
REQUEST		Reputation	1673533453911	1673533455038	OK	 
REQUEST		Last Contribution	1673533454783	1673533455130	OK	 
USER	dashboard API	START	1673533455242
REQUEST		Last Contribution	1673533455090	1673533455398	OK	 
REQUEST		Reputation	1673533454242	1673533455429	OK	 
USER	dashboard API	START	1673533455575
REQUEST		Last Contribution	1673533455372	1673533455664	OK	 
REQUEST		Reputation	1673533454575	1673533455702	OK	 
USER	dashboard API	START	1673533455909
REQUEST		Reputation	1673533454910	1673533456044	OK	 
REQUEST		Last Contribution	1673533455778	1673533456070	OK	 
USER	dashboard API	START	1673533456242
REQUEST		Last Contribution	1673533456044	1673533456342	OK	 
REQUEST		Reputation	1673533455242	1673533456373	OK	 
USER	dashboard API	START	1673533456575
REQUEST		Last Contribution	1673533456409	1673533456707	OK	 
REQUEST		Reputation	1673533455575	1673533456734	OK	 
REQUEST		Reputation Twelve months	1673533456483	1673533456803	OK	 
USER	dashboard API	START	1673533456910
REQUEST		Last Contribution	1673533456732	1673533457031	OK	 
REQUEST		Reputation Twelve months	1673533456760	1673533457058	OK	 
REQUEST		Reputation	1673533455910	1673533457064	OK	 
USER	dashboard API	START	1673533457242
REQUEST		Last Contribution	1673533457039	1673533457332	OK	 
REQUEST		Reputation	1673533456242	1673533457358	OK	 
REQUEST		Reputation Twelve months	1673533457060	1673533457394	OK	 
USER	dashboard API	START	1673533457575
REQUEST		Last Contribution	1673533457364	1673533457665	OK	 
REQUEST		Reputation Twelve months	1673533457375	1673533457680	OK	 
REQUEST		Reputation	1673533456576	1673533457744	OK	 
USER	dashboard API	START	1673533457909
REQUEST		Reputation Twelve months	1673533457683	1673533457991	OK	 
REQUEST		Last Contribution	1673533457719	1673533458014	OK	 
REQUEST		Reputation	1673533456910	1673533458060	OK	 
USER	dashboard API	START	1673533458241
REQUEST		Last Contribution	1673533458039	1673533458335	OK	 
REQUEST		Reputation	1673533457243	1673533458376	OK	 
REQUEST		Reputation Twelve months	1673533458131	1673533458458	OK	 
USER	dashboard API	START	1673533458575
REQUEST		Reputation Twelve months	1673533458399	1673533458703	OK	 
REQUEST		Last Contribution	1673533458430	1673533458734	OK	 
REQUEST		Reputation	1673533457575	1673533458777	OK	 
REQUEST		Reputation Twelve months	1673533458665	1673533458979	OK	 
REQUEST		Last Contribution	1673533458703	1673533458995	OK	 
REQUEST		Reputation	1673533457910	1673533459095	OK	 
REQUEST		Last Contribution	1673533459045	1673533459361	OK	 
REQUEST		Reputation	1673533458242	1673533459375	OK	 
REQUEST		Reputation Twelve months	1673533459071	1673533459379	OK	 
REQUEST		Last Contribution	1673533459374	1673533459678	OK	 
REQUEST		Reputation Twelve months	1673533459344	1673533459700	OK	 
REQUEST		Reputation	1673533458576	1673533459702	OK	 
REQUEST		Last Contribution	1673533459735	1673533460044	OK	 
REQUEST		Reputation Twelve months	1673533459708	1673533460053	OK	 
REQUEST		Knolder ID	1673533459811	1673533460114	OK	 
REQUEST		Reputation Twelve months	1673533460032	1673533460343	OK	 
REQUEST		Knolder ID	1673533460059	1673533460349	OK	 
REQUEST		Last Contribution	1673533460065	1673533460363	OK	 
REQUEST		Reputation Twelve months	1673533460333	1673533460652	OK	 
REQUEST		Last Contribution	1673533460359	1673533460692	OK	 
REQUEST		Knolder ID	1673533460395	1673533460693	OK	 
REQUEST		Knolder ID	1673533460681	1673533460996	OK	 
REQUEST		Reputation Twelve months	1673533460666	1673533460996	OK	 
REQUEST		Last Contribution	1673533460745	1673533461039	OK	 
REQUEST		Knolder ID	1673533460992	1673533461304	OK	 
REQUEST		Reputation Twelve months	1673533461015	1673533461327	OK	 
REQUEST		Last Contribution	1673533461061	1673533461367	OK	 
REQUEST		Reputation Twelve months	1673533461336	1673533461713	OK	 
REQUEST		Knolder ID	1673533461459	1673533461748	OK	 
REQUEST		Last Contribution	1673533461377	1673533461818	OK	 
REQUEST		Knolder ID	1673533461704	1673533461998	OK	 
REQUEST		Reputation Twelve months	1673533461735	1673533462035	OK	 
REQUEST		Last Contribution	1673533461778	1673533462067	OK	 
REQUEST		Knolder ID	1673533461980	1673533462328	OK	 
REQUEST		Reputation Twelve months	1673533461996	1673533462328	OK	 
REQUEST		Last Contribution	1673533462096	1673533462402	OK	 
REQUEST		Reputation Twelve months	1673533462363	1673533462690	OK	 
REQUEST		Last Contribution	1673533462376	1673533462690	OK	 
REQUEST		Knolder ID	1673533462380	1673533462690	OK	 
REQUEST		Knolder ID	1673533462701	1673533463045	OK	 
REQUEST		Last Contribution	1673533462703	1673533463045	OK	 
REQUEST		Reputation Twelve months	1673533462679	1673533463045	OK	 
REQUEST		Knolder ID	1673533463054	1673533463344	OK	 
REQUEST		Reputation Twelve months	1673533463045	1673533463368	OK	 
REQUEST		Knolder ID	1673533463345	1673533463658	OK	 
REQUEST		Reputation Twelve months	1673533463364	1673533463710	OK	 
REQUEST		Knolder ID	1673533463653	1673533463968	OK	 
REQUEST		Reputation Twelve months	1673533463693	1673533464014	OK	 
REQUEST		Knolder ID	1673533463997	1673533464294	OK	 
REQUEST		Reputation Twelve months	1673533464039	1673533464376	OK	 
REQUEST		Get All Rewards	1673533463115	1673533464579	OK	 
REQUEST		Knolder ID	1673533464328	1673533464628	OK	 
REQUEST		Reputation Twelve months	1673533464368	1673533464694	OK	 
REQUEST		Get All Rewards	1673533463350	1673533464853	OK	 
REQUEST		Knolder ID	1673533464714	1673533465037	OK	 
REQUEST		Reputation Twelve months	1673533464819	1673533465144	OK	 
REQUEST		Get All Rewards	1673533463694	1673533465162	OK	 
REQUEST		Knolder ID	1673533465036	1673533465330	OK	 
REQUEST		Reputation Twelve months	1673533465068	1673533465380	OK	 
REQUEST		Get All Rewards	1673533463997	1673533465439	OK	 
REQUEST		Knolder ID	1673533465329	1673533465622	OK	 
REQUEST		Get All Rewards	1673533464305	1673533465696	OK	 
REQUEST		Reputation Twelve months	1673533465404	1673533465720	OK	 
REQUEST		Knolder ID	1673533465691	1673533465988	OK	 
REQUEST		Reputation Twelve months	1673533465691	1673533466008	OK	 
REQUEST		Get All Rewards	1673533464749	1673533466193	OK	 
REQUEST		Knolder ID	1673533466046	1673533466343	OK	 
REQUEST		Reputation Twelve months	1673533466046	1673533466358	OK	 
REQUEST		Get All Rewards	1673533464999	1673533466490	OK	 
REQUEST		Knolder ID	1673533466370	1673533466657	OK	 
REQUEST		Get All Rewards	1673533465329	1673533466748	OK	 
REQUEST		Knolder ID	1673533466712	1673533467003	OK	 
REQUEST		Get All Rewards	1673533465691	1673533467089	OK	 
REQUEST		Knolder ID	1673533467015	1673533467307	OK	 
REQUEST		Get All Rewards	1673533466045	1673533467436	OK	 
USER	dashboard API	END	1673533467584
REQUEST		Knolder ID	1673533467377	1673533467667	OK	 
REQUEST		Get All Rewards	1673533466345	1673533467742	OK	 
USER	dashboard API	END	1673533467854
REQUEST		Knolder ID	1673533467696	1673533467983	OK	 
REQUEST		Get All Rewards	1673533466659	1673533468072	OK	 
USER	dashboard API	END	1673533468164
REQUEST		Get All Rewards	1673533466969	1673533468356	OK	 
REQUEST		Knolder ID	1673533468145	1673533468429	OK	 
USER	dashboard API	END	1673533468441
REQUEST		Get All Rewards	1673533467295	1673533468674	OK	 
REQUEST		Knolder ID	1673533468381	1673533468681	OK	 
USER	dashboard API	END	1673533468698
REQUEST		Knolder ID	1673533468721	1673533469013	OK	 
REQUEST		Get All Rewards	1673533467630	1673533469016	OK	 
USER	dashboard API	END	1673533469195
REQUEST		Knolder ID	1673533469009	1673533469302	OK	 
USER	dashboard API	END	1673533469492
REQUEST		Get All Rewards	1673533468037	1673533469534	OK	 
REQUEST		Knolder ID	1673533469359	1673533469656	OK	 
USER	dashboard API	END	1673533469750
REQUEST		Get All Rewards	1673533468331	1673533469919	OK	 
USER	dashboard API	END	1673533470090
REQUEST		Get All Rewards	1673533468623	1673533470094	OK	 
REQUEST		Get All Rewards	1673533468989	1673533470388	OK	 
USER	dashboard API	END	1673533470437
REQUEST		Get All Rewards	1673533469344	1673533470740	OK	 
USER	dashboard API	END	1673533470743
REQUEST		Get All Rewards	1673533469658	1673533471063	OK	 
USER	dashboard API	END	1673533471074
USER	dashboard API	END	1673533471357
REQUEST		Get All Rewards	1673533470004	1673533471428	OK	 
USER	dashboard API	END	1673533471675
REQUEST		Get All Rewards	1673533470308	1673533471712	OK	 
USER	dashboard API	END	1673533472017
REQUEST		Get All Rewards	1673533470668	1673533472071	OK	 
REQUEST		Get All Rewards	1673533470984	1673533472379	OK	 
USER	dashboard API	END	1673533472536
USER	dashboard API	END	1673533472921
REQUEST		Get All Rewards	1673533471430	1673533472961	OK	 
USER	dashboard API	END	1673533473095
REQUEST		Get All Rewards	1673533471682	1673533473247	OK	 
USER	dashboard API	END	1673533473390
REQUEST		Get All Rewards	1673533472014	1673533473606	OK	 
USER	dashboard API	END	1673533473741
REQUEST		Get All Rewards	1673533472303	1673533473898	OK	 
USER	dashboard API	END	1673533474064
REQUEST		Get All Rewards	1673533472656	1673533474217	OK	 
USER	dashboard API	END	1673533474430
USER	dashboard API	END	1673533474713
USER	dashboard API	END	1673533475072
USER	dashboard API	END	1673533475380
USER	dashboard API	END	1673533475963
USER	dashboard API	END	1673533476248
USER	dashboard API	END	1673533476607
USER	dashboard API	END	1673533476900
USER	dashboard API	END	1673533477218
