RUN	Simulations.Create	create	1672901661719	 	3.5.1
USER	Create  Scenario	START	1672901667629
USER	Create  Scenario	START	1672901667877
USER	Create  Scenario	START	1672901668127
USER	Create  Scenario	START	1672901668378
REQUEST		Edit Proposal	1672901667660	1672901668561	OK	 
USER	Create  Scenario	START	1672901668628
REQUEST		Edit Proposal	1672901667877	1672901668773	OK	 
USER	Create  Scenario	START	1672901668877
REQUEST		Edit Proposal	1672901668128	1672901669020	OK	 
USER	Create  Scenario	START	1672901669128
REQUEST		Edit Proposal	1672901668379	1672901669291	OK	 
USER	Create  Scenario	START	1672901669377
REQUEST		Edit Proposal	1672901668629	1672901669513	OK	 
USER	Create  Scenario	START	1672901669628
REQUEST		Edit Proposal	1672901668878	1672901669796	OK	 
USER	Create  Scenario	START	1672901669877
REQUEST		Edit Proposal	1672901669128	1672901670028	OK	 
USER	Create  Scenario	START	1672901670128
REQUEST		Edit Proposal	1672901669378	1672901670287	OK	 
USER	Create  Scenario	START	1672901670378
REQUEST		Edit Proposal	1672901669628	1672901670517	OK	 
USER	Create  Scenario	START	1672901670628
REQUEST		Edit Proposal	1672901669878	1672901670766	OK	 
USER	Create  Scenario	START	1672901670876
REQUEST		Edit Proposal	1672901670128	1672901671018	OK	 
USER	Create  Scenario	START	1672901671127
REQUEST		Edit Proposal	1672901670379	1672901671268	OK	 
USER	Create  Scenario	START	1672901671377
REQUEST		Edit Proposal	1672901670629	1672901671534	OK	 
USER	Create  Scenario	END	1672901671575
USER	Create  Scenario	START	1672901671627
USER	Create  Scenario	END	1672901671774
REQUEST		Edit Proposal	1672901670877	1672901671847	OK	 
USER	Create  Scenario	START	1672901671876
USER	Create  Scenario	END	1672901672021
USER	Create  Scenario	START	1672901672127
REQUEST		Edit Proposal	1672901671127	1672901672158	OK	 
USER	Create  Scenario	END	1672901672292
USER	Create  Scenario	START	1672901672377
USER	Create  Scenario	END	1672901672515
REQUEST		Edit Proposal	1672901671378	1672901672536	OK	 
USER	Create  Scenario	START	1672901672628
REQUEST		Edit Proposal	1672901671628	1672901672666	OK	 
USER	Create  Scenario	END	1672901672797
REQUEST		Edit Proposal	1672901671877	1672901672871	OK	 
USER	Create  Scenario	START	1672901672877
REQUEST		Edit Proposal	1672901672128	1672901673019	OK	 
USER	Create  Scenario	END	1672901673029
USER	Create  Scenario	START	1672901673127
REQUEST		Edit Proposal	1672901672378	1672901673272	OK	 
USER	Create  Scenario	END	1672901673288
USER	Create  Scenario	START	1672901673377
USER	Create  Scenario	END	1672901673518
REQUEST		Edit Proposal	1672901672628	1672901673553	OK	 
USER	Create  Scenario	START	1672901673628
REQUEST		Edit Proposal	1672901672878	1672901673764	OK	 
USER	Create  Scenario	END	1672901673767
USER	Create  Scenario	START	1672901673877
REQUEST		Edit Proposal	1672901673128	1672901674018	OK	 
USER	Create  Scenario	END	1672901674019
USER	Create  Scenario	START	1672901674127
REQUEST		Edit Proposal	1672901673378	1672901674266	OK	 
USER	Create  Scenario	END	1672901674269
USER	Create  Scenario	START	1672901674377
USER	Create  Scenario	END	1672901674536
REQUEST		Edit Proposal	1672901673629	1672901674548	OK	 
USER	Create  Scenario	START	1672901674627
REQUEST		Edit Proposal	1672901673877	1672901674798	OK	 
USER	Create  Scenario	END	1672901674849
USER	Create  Scenario	START	1672901674877
REQUEST		Edit Proposal	1672901674128	1672901675038	OK	 
USER	Create  Scenario	START	1672901675127
USER	Create  Scenario	END	1672901675160
REQUEST		Edit Proposal	1672901674377	1672901675266	OK	 
USER	Create  Scenario	START	1672901675377
REQUEST		Edit Proposal	1672901674628	1672901675505	OK	 
USER	Create  Scenario	END	1672901675538
USER	Create  Scenario	START	1672901675628
USER	Create  Scenario	END	1672901675668
REQUEST		Edit Proposal	1672901674878	1672901675769	OK	 
USER	Create  Scenario	END	1672901675873
USER	Create  Scenario	START	1672901675877
USER	Create  Scenario	END	1672901676021
REQUEST		Edit Proposal	1672901675128	1672901676031	OK	 
USER	Create  Scenario	START	1672901676127
REQUEST		Edit Proposal	1672901675378	1672901676269	OK	 
USER	Create  Scenario	END	1672901676273
USER	Create  Scenario	START	1672901676377
REQUEST		Edit Proposal	1672901675628	1672901676530	OK	 
USER	Create  Scenario	END	1672901676554
USER	Create  Scenario	START	1672901676627
USER	Create  Scenario	END	1672901676765
REQUEST		Edit Proposal	1672901675877	1672901676784	OK	 
USER	Create  Scenario	START	1672901676876
USER	Create  Scenario	END	1672901677019
REQUEST		Edit Proposal	1672901676127	1672901677028	OK	 
USER	Create  Scenario	START	1672901677126
USER	Create  Scenario	END	1672901677268
REQUEST		Edit Proposal	1672901676377	1672901677270	OK	 
USER	Create  Scenario	START	1672901677376
REQUEST		Edit Proposal	1672901676627	1672901677525	OK	 
USER	Create  Scenario	END	1672901677549
USER	Create  Scenario	START	1672901677626
REQUEST		Edit Proposal	1672901676877	1672901677765	OK	 
USER	Create  Scenario	END	1672901677800
USER	Create  Scenario	START	1672901677876
REQUEST		Edit Proposal	1672901677127	1672901678012	OK	 
USER	Create  Scenario	END	1672901678039
USER	Create  Scenario	START	1672901678126
USER	Create  Scenario	END	1672901678267
REQUEST		Edit Proposal	1672901677377	1672901678293	OK	 
USER	Create  Scenario	START	1672901678377
USER	Create  Scenario	END	1672901678506
REQUEST		Edit Proposal	1672901677627	1672901678524	OK	 
USER	Create  Scenario	START	1672901678626
USER	Create  Scenario	END	1672901678770
REQUEST		Edit Proposal	1672901677877	1672901678794	OK	 
USER	Create  Scenario	START	1672901678876
REQUEST		Edit Proposal	1672901678127	1672901679014	OK	 
USER	Create  Scenario	END	1672901679032
USER	Create  Scenario	START	1672901679127
USER	Create  Scenario	END	1672901679270
REQUEST		Edit Proposal	1672901678377	1672901679283	OK	 
USER	Create  Scenario	START	1672901679377
REQUEST		Edit Proposal	1672901678627	1672901679506	OK	 
USER	Create  Scenario	END	1672901679531
USER	Create  Scenario	START	1672901679627
REQUEST		Edit Proposal	1672901678877	1672901679764	OK	 
USER	Create  Scenario	END	1672901679785
USER	Create  Scenario	START	1672901679877
REQUEST		Edit Proposal	1672901679127	1672901680023	OK	 
USER	Create  Scenario	END	1672901680029
USER	Create  Scenario	START	1672901680127
USER	Create  Scenario	END	1672901680271
REQUEST		Edit Proposal	1672901679377	1672901680275	OK	 
USER	Create  Scenario	START	1672901680377
REQUEST		Edit Proposal	1672901679627	1672901680508	OK	 
USER	Create  Scenario	END	1672901680526
USER	Create  Scenario	START	1672901680627
USER	Create  Scenario	END	1672901680766
REQUEST		Edit Proposal	1672901679877	1672901680776	OK	 
USER	Create  Scenario	START	1672901680876
USER	Create  Scenario	END	1672901681013
REQUEST		Edit Proposal	1672901680127	1672901681017	OK	 
USER	Create  Scenario	START	1672901681126
REQUEST		Edit Proposal	1672901680378	1672901681283	OK	 
USER	Create  Scenario	END	1672901681294
USER	Create  Scenario	START	1672901681377
USER	Create  Scenario	END	1672901681525
REQUEST		Edit Proposal	1672901680628	1672901681538	OK	 
USER	Create  Scenario	START	1672901681627
USER	Create  Scenario	END	1672901681795
REQUEST		Edit Proposal	1672901680877	1672901681854	OK	 
USER	Create  Scenario	START	1672901681877
USER	Create  Scenario	END	1672901682015
REQUEST		Edit Proposal	1672901681127	1672901682015	OK	 
USER	Create  Scenario	START	1672901682127
REQUEST		Edit Proposal	1672901681377	1672901682269	OK	 
USER	Create  Scenario	END	1672901682284
USER	Create  Scenario	START	1672901682377
USER	Create  Scenario	END	1672901682508
REQUEST		Edit Proposal	1672901681627	1672901682519	OK	 
USER	Create  Scenario	START	1672901682627
USER	Create  Scenario	END	1672901682765
REQUEST		Edit Proposal	1672901681877	1672901682766	OK	 
USER	Create  Scenario	START	1672901682876
REQUEST		Edit Proposal	1672901682128	1672901683014	OK	 
USER	Create  Scenario	END	1672901683024
USER	Create  Scenario	START	1672901683126
REQUEST		Edit Proposal	1672901682377	1672901683265	OK	 
USER	Create  Scenario	END	1672901683276
USER	Create  Scenario	START	1672901683376
USER	Create  Scenario	END	1672901683509
REQUEST		Edit Proposal	1672901682628	1672901683528	OK	 
USER	Create  Scenario	START	1672901683626
REQUEST		Edit Proposal	1672901682877	1672901683760	OK	 
USER	Create  Scenario	END	1672901683777
USER	Create  Scenario	START	1672901683876
USER	Create  Scenario	END	1672901684018
REQUEST		Edit Proposal	1672901683127	1672901684030	OK	 
USER	Create  Scenario	START	1672901684127
REQUEST		Edit Proposal	1672901683377	1672901684284	OK	 
USER	Create  Scenario	END	1672901684285
USER	Create  Scenario	START	1672901684377
REQUEST		Edit Proposal	1672901683627	1672901684510	OK	 
USER	Create  Scenario	END	1672901684539
USER	Create  Scenario	START	1672901684627
REQUEST		Edit Proposal	1672901683877	1672901684800	OK	 
USER	Create  Scenario	END	1672901684855
USER	Create  Scenario	START	1672901684877
USER	Create  Scenario	END	1672901685016
REQUEST		Edit Proposal	1672901684127	1672901685027	OK	 
USER	Create  Scenario	START	1672901685127
REQUEST		Edit Proposal	1672901684377	1672901685267	OK	 
USER	Create  Scenario	END	1672901685271
USER	Create  Scenario	START	1672901685377
REQUEST		Edit Proposal	1672901684627	1672901685515	OK	 
USER	Create  Scenario	END	1672901685521
USER	Create  Scenario	START	1672901685627
USER	Create  Scenario	END	1672901685767
REQUEST		Edit Proposal	1672901684877	1672901685772	OK	 
USER	Create  Scenario	START	1672901685877
REQUEST		Edit Proposal	1672901685127	1672901686013	OK	 
USER	Create  Scenario	END	1672901686015
USER	Create  Scenario	START	1672901686127
USER	Create  Scenario	END	1672901686266
REQUEST		Edit Proposal	1672901685377	1672901686308	OK	 
USER	Create  Scenario	START	1672901686377
USER	Create  Scenario	END	1672901686529
REQUEST		Edit Proposal	1672901685628	1672901686591	OK	 
USER	Create  Scenario	START	1672901686627
USER	Create  Scenario	END	1672901686761
REQUEST		Edit Proposal	1672901685877	1672901686825	OK	 
USER	Create  Scenario	START	1672901686877
USER	Create  Scenario	END	1672901687031
USER	Create  Scenario	START	1672901687127
REQUEST		Edit Proposal	1672901686127	1672901687150	OK	 
USER	Create  Scenario	END	1672901687285
USER	Create  Scenario	START	1672901687377
REQUEST		Edit Proposal	1672901686377	1672901687383	OK	 
USER	Create  Scenario	END	1672901687511
REQUEST		Edit Proposal	1672901686627	1672901687601	OK	 
USER	Create  Scenario	START	1672901687627
REQUEST		Edit Proposal	1672901686877	1672901687793	OK	 
USER	Create  Scenario	END	1672901687801
USER	Create  Scenario	START	1672901687877
USER	Create  Scenario	END	1672901688028
REQUEST		Edit Proposal	1672901687129	1672901688088	OK	 
USER	Create  Scenario	START	1672901688127
USER	Create  Scenario	END	1672901688268
REQUEST		Edit Proposal	1672901687378	1672901688348	OK	 
USER	Create  Scenario	START	1672901688377
USER	Create  Scenario	END	1672901688516
USER	Create  Scenario	START	1672901688627
REQUEST		Edit Proposal	1672901687627	1672901688637	OK	 
REQUEST		Edit Proposal	1672901687877	1672901688760	OK	 
USER	Create  Scenario	END	1672901688773
USER	Create  Scenario	START	1672901688877
USER	Create  Scenario	END	1672901689014
REQUEST		Edit Proposal	1672901688127	1672901689021	OK	 
USER	Create  Scenario	START	1672901689127
REQUEST		Edit Proposal	1672901688377	1672901689266	OK	 
USER	Create  Scenario	END	1672901689310
USER	Create  Scenario	START	1672901689377
REQUEST		Edit Proposal	1672901688628	1672901689549	OK	 
USER	Create  Scenario	END	1672901689592
USER	Create  Scenario	START	1672901689627
REQUEST		Edit Proposal	1672901688877	1672901689772	OK	 
USER	Create  Scenario	END	1672901689826
USER	Create  Scenario	START	1672901689877
REQUEST		Edit Proposal	1672901689127	1672901690025	OK	 
USER	Create  Scenario	START	1672901690127
USER	Create  Scenario	END	1672901690151
REQUEST		Edit Proposal	1672901689377	1672901690275	OK	 
USER	Create  Scenario	START	1672901690377
USER	Create  Scenario	END	1672901690384
REQUEST		Edit Proposal	1672901689627	1672901690504	OK	 
USER	Create  Scenario	END	1672901690603
USER	Create  Scenario	START	1672901690627
REQUEST		Edit Proposal	1672901689877	1672901690783	OK	 
USER	Create  Scenario	END	1672901690794
USER	Create  Scenario	START	1672901690876
REQUEST		Edit Proposal	1672901690128	1672901691005	OK	 
USER	Create  Scenario	END	1672901691090
USER	Create  Scenario	START	1672901691126
REQUEST		Edit Proposal	1672901690378	1672901691285	OK	 
USER	Create  Scenario	END	1672901691349
USER	Create  Scenario	START	1672901691376
REQUEST		Edit Proposal	1672901690628	1672901691527	OK	 
USER	Create  Scenario	START	1672901691626
USER	Create  Scenario	END	1672901691638
USER	Create  Scenario	END	1672901691761
REQUEST		Edit Proposal	1672901690877	1672901691775	OK	 
USER	Create  Scenario	START	1672901691876
REQUEST		Edit Proposal	1672901691127	1672901692006	OK	 
USER	Create  Scenario	END	1672901692022
USER	Create  Scenario	START	1672901692126
REQUEST		Edit Proposal	1672901691377	1672901692260	OK	 
USER	Create  Scenario	END	1672901692267
USER	Create  Scenario	START	1672901692376
REQUEST		Edit Proposal	1672901691627	1672901692515	OK	 
USER	Create  Scenario	END	1672901692551
USER	Create  Scenario	START	1672901692627
REQUEST		Edit Proposal	1672901691877	1672901692758	OK	 
USER	Create  Scenario	END	1672901692774
USER	Create  Scenario	START	1672901692877
REQUEST		Edit Proposal	1672901692127	1672901693025	OK	 
USER	Create  Scenario	END	1672901693026
USER	Create  Scenario	START	1672901693127
REQUEST		Edit Proposal	1672901692377	1672901693253	OK	 
USER	Create  Scenario	END	1672901693276
USER	Create  Scenario	START	1672901693377
USER	Create  Scenario	END	1672901693505
REQUEST		Edit Proposal	1672901692627	1672901693515	OK	 
USER	Create  Scenario	START	1672901693627
REQUEST		Edit Proposal	1672901692877	1672901693770	OK	 
USER	Create  Scenario	END	1672901693784
USER	Create  Scenario	START	1672901693877
REQUEST		Edit Proposal	1672901693127	1672901694001	OK	 
USER	Create  Scenario	END	1672901694006
USER	Create  Scenario	START	1672901694127
REQUEST		Edit Proposal	1672901693377	1672901694263	OK	 
USER	Create  Scenario	END	1672901694286
USER	Create  Scenario	START	1672901694377
REQUEST		Edit Proposal	1672901693627	1672901694522	OK	 
USER	Create  Scenario	END	1672901694528
USER	Create  Scenario	START	1672901694627
USER	Create  Scenario	END	1672901694776
USER	Create  Scenario	START	1672901694877
REQUEST		Edit Proposal	1672901693877	1672901694953	OK	 
USER	Create  Scenario	END	1672901695007
REQUEST		Edit Proposal	1672901694127	1672901695107	OK	 
USER	Create  Scenario	START	1672901695127
USER	Create  Scenario	END	1672901695261
REQUEST		Edit Proposal	1672901694377	1672901695271	OK	 
USER	Create  Scenario	START	1672901695377
REQUEST		Edit Proposal	1672901694627	1672901695513	OK	 
USER	Create  Scenario	END	1672901695516
USER	Create  Scenario	START	1672901695627
REQUEST		Edit Proposal	1672901694877	1672901695758	OK	 
USER	Create  Scenario	END	1672901695759
USER	Create  Scenario	START	1672901695876
REQUEST		Edit Proposal	1672901695127	1672901696000	OK	 
USER	Create  Scenario	END	1672901696026
USER	Create  Scenario	START	1672901696126
USER	Create  Scenario	END	1672901696254
REQUEST		Edit Proposal	1672901695377	1672901696305	OK	 
USER	Create  Scenario	START	1672901696377
USER	Create  Scenario	END	1672901696516
REQUEST		Edit Proposal	1672901695627	1672901696519	OK	 
USER	Create  Scenario	START	1672901696627
REQUEST		Edit Proposal	1672901695877	1672901696771	OK	 
USER	Create  Scenario	END	1672901696772
USER	Create  Scenario	START	1672901696876
USER	Create  Scenario	END	1672901697002
REQUEST		Edit Proposal	1672901696127	1672901697012	OK	 
USER	Create  Scenario	START	1672901697127
USER	Create  Scenario	END	1672901697265
REQUEST		Edit Proposal	1672901696377	1672901697272	OK	 
USER	Create  Scenario	START	1672901697376
REQUEST		Edit Proposal	1672901696627	1672901697507	OK	 
USER	Create  Scenario	END	1672901697524
USER	Create  Scenario	START	1672901697626
REQUEST		Edit Proposal	1672901696877	1672901697801	OK	 
USER	Create  Scenario	START	1672901697877
USER	Create  Scenario	END	1672901697954
REQUEST		Edit Proposal	1672901697127	1672901698009	OK	 
USER	Create  Scenario	END	1672901698108
USER	Create  Scenario	START	1672901698127
REQUEST		Edit Proposal	1672901697377	1672901698262	OK	 
USER	Create  Scenario	END	1672901698272
USER	Create  Scenario	START	1672901698377
USER	Create  Scenario	END	1672901698515
REQUEST		Edit Proposal	1672901697627	1672901698532	OK	 
USER	Create  Scenario	START	1672901698627
USER	Create  Scenario	END	1672901698760
REQUEST		Edit Proposal	1672901697877	1672901698763	OK	 
USER	Create  Scenario	START	1672901698877
USER	Create  Scenario	END	1672901699001
REQUEST		Edit Proposal	1672901698127	1672901699021	OK	 
USER	Create  Scenario	START	1672901699127
REQUEST		Edit Proposal	1672901698377	1672901699266	OK	 
USER	Create  Scenario	END	1672901699306
USER	Create  Scenario	START	1672901699377
REQUEST		Edit Proposal	1672901698628	1672901699513	OK	 
USER	Create  Scenario	END	1672901699520
USER	Create  Scenario	START	1672901699627
REQUEST		Edit Proposal	1672901698877	1672901699762	OK	 
USER	Create  Scenario	END	1672901699772
USER	Create  Scenario	START	1672901699877
USER	Create  Scenario	END	1672901700013
REQUEST		Edit Proposal	1672901699127	1672901700057	OK	 
USER	Create  Scenario	START	1672901700127
REQUEST		Edit Proposal	1672901699378	1672901700255	OK	 
USER	Create  Scenario	END	1672901700273
USER	Create  Scenario	START	1672901700377
USER	Create  Scenario	END	1672901700508
REQUEST		Edit Proposal	1672901699627	1672901700520	OK	 
USER	Create  Scenario	START	1672901700627
REQUEST		Edit Proposal	1672901699877	1672901700777	OK	 
USER	Create  Scenario	END	1672901700802
USER	Create  Scenario	START	1672901700877
REQUEST		Edit Proposal	1672901700127	1672901700995	OK	 
USER	Create  Scenario	END	1672901701010
USER	Create  Scenario	START	1672901701127
USER	Create  Scenario	END	1672901701263
REQUEST		Edit Proposal	1672901700377	1672901701281	OK	 
USER	Create  Scenario	START	1672901701377
USER	Create  Scenario	END	1672901701533
REQUEST		Edit Proposal	1672901700627	1672901701543	OK	 
USER	Create  Scenario	START	1672901701627
USER	Create  Scenario	END	1672901701764
USER	Create  Scenario	START	1672901701876
REQUEST		Edit Proposal	1672901700877	1672901701893	OK	 
USER	Create  Scenario	END	1672901702022
REQUEST		Edit Proposal	1672901701127	1672901702069	OK	 
USER	Create  Scenario	START	1672901702126
USER	Create  Scenario	END	1672901702267
REQUEST		Edit Proposal	1672901701378	1672901702374	OK	 
USER	Create  Scenario	START	1672901702376
USER	Create  Scenario	END	1672901702514
USER	Create  Scenario	START	1672901702626
REQUEST		Edit Proposal	1672901701627	1672901702679	OK	 
USER	Create  Scenario	END	1672901702764
REQUEST		Edit Proposal	1672901701877	1672901702798	OK	 
USER	Create  Scenario	START	1672901702877
USER	Create  Scenario	END	1672901703058
REQUEST		Edit Proposal	1672901702127	1672901703076	OK	 
USER	Create  Scenario	START	1672901703127
USER	Create  Scenario	END	1672901703256
REQUEST		Edit Proposal	1672901702377	1672901703270	OK	 
USER	Create  Scenario	START	1672901703377
REQUEST		Edit Proposal	1672901702627	1672901703509	OK	 
USER	Create  Scenario	END	1672901703521
USER	Create  Scenario	START	1672901703627
REQUEST		Edit Proposal	1672901702877	1672901703769	OK	 
USER	Create  Scenario	END	1672901703778
USER	Create  Scenario	START	1672901703876
USER	Create  Scenario	END	1672901703996
REQUEST		Edit Proposal	1672901703127	1672901704010	OK	 
USER	Create  Scenario	START	1672901704126
REQUEST		Edit Proposal	1672901703378	1672901704268	OK	 
USER	Create  Scenario	END	1672901704282
USER	Create  Scenario	START	1672901704376
REQUEST		Edit Proposal	1672901703627	1672901704543	OK	 
USER	Create  Scenario	END	1672901704544
USER	Create  Scenario	START	1672901704626
REQUEST		Edit Proposal	1672901703877	1672901704780	OK	 
USER	Create  Scenario	START	1672901704877
USER	Create  Scenario	END	1672901704894
REQUEST		Edit Proposal	1672901704127	1672901705048	OK	 
USER	Create  Scenario	END	1672901705070
USER	Create  Scenario	START	1672901705127
REQUEST		Edit Proposal	1672901704377	1672901705256	OK	 
USER	Create  Scenario	END	1672901705375
USER	Create  Scenario	START	1672901705377
REQUEST		Edit Proposal	1672901704627	1672901705519	OK	 
USER	Create  Scenario	START	1672901705627
USER	Create  Scenario	END	1672901705680
REQUEST		Edit Proposal	1672901704877	1672901705763	OK	 
USER	Create  Scenario	END	1672901705799
USER	Create  Scenario	START	1672901705876
REQUEST		Edit Proposal	1672901705127	1672901706040	OK	 
USER	Create  Scenario	END	1672901706077
USER	Create  Scenario	START	1672901706126
USER	Create  Scenario	END	1672901706271
REQUEST		Edit Proposal	1672901705377	1672901706281	OK	 
USER	Create  Scenario	START	1672901706376
USER	Create  Scenario	END	1672901706510
REQUEST		Edit Proposal	1672901705628	1672901706545	OK	 
USER	Create  Scenario	START	1672901706626
REQUEST		Edit Proposal	1672901705877	1672901706754	OK	 
USER	Create  Scenario	END	1672901706770
USER	Create  Scenario	START	1672901706877
REQUEST		Edit Proposal	1672901706127	1672901707006	OK	 
USER	Create  Scenario	END	1672901707011
USER	Create  Scenario	START	1672901707127
REQUEST		Edit Proposal	1672901706377	1672901707260	OK	 
USER	Create  Scenario	END	1672901707269
USER	Create  Scenario	START	1672901707377
REQUEST		Edit Proposal	1672901706627	1672901707501	OK	 
USER	Create  Scenario	END	1672901707545
USER	Create  Scenario	START	1672901707627
REQUEST		Edit Proposal	1672901706877	1672901707761	OK	 
USER	Create  Scenario	END	1672901707781
USER	Create  Scenario	START	1672901707877
REQUEST		Edit Proposal	1672901707127	1672901708022	OK	 
USER	Create  Scenario	END	1672901708049
USER	Create  Scenario	START	1672901708127
REQUEST		Edit Proposal	1672901707378	1672901708256	OK	 
USER	Create  Scenario	END	1672901708257
USER	Create  Scenario	START	1672901708377
REQUEST		Edit Proposal	1672901707628	1672901708514	OK	 
USER	Create  Scenario	END	1672901708520
USER	Create  Scenario	START	1672901708627
USER	Create  Scenario	END	1672901708764
REQUEST		Edit Proposal	1672901707877	1672901708772	OK	 
USER	Create  Scenario	START	1672901708877
REQUEST		Edit Proposal	1672901708127	1672901709007	OK	 
USER	Create  Scenario	END	1672901709041
USER	Create  Scenario	START	1672901709126
REQUEST		Edit Proposal	1672901708377	1672901709266	OK	 
USER	Create  Scenario	END	1672901709282
USER	Create  Scenario	START	1672901709377
REQUEST		Edit Proposal	1672901708627	1672901709513	OK	 
USER	Create  Scenario	END	1672901709546
USER	Create  Scenario	START	1672901709627
USER	Create  Scenario	END	1672901709755
REQUEST		Edit Proposal	1672901708877	1672901709766	OK	 
USER	Create  Scenario	START	1672901709877
USER	Create  Scenario	END	1672901710007
REQUEST		Edit Proposal	1672901709127	1672901710016	OK	 
USER	Create  Scenario	START	1672901710127
REQUEST		Edit Proposal	1672901709377	1672901710260	OK	 
USER	Create  Scenario	END	1672901710261
USER	Create  Scenario	START	1672901710377
USER	Create  Scenario	END	1672901710501
REQUEST		Edit Proposal	1672901709627	1672901710509	OK	 
USER	Create  Scenario	START	1672901710627
USER	Create  Scenario	END	1672901710762
REQUEST		Edit Proposal	1672901709877	1672901710767	OK	 
USER	Create  Scenario	START	1672901710876
REQUEST		Edit Proposal	1672901710127	1672901711009	OK	 
USER	Create  Scenario	END	1672901711023
USER	Create  Scenario	START	1672901711126
USER	Create  Scenario	END	1672901711257
REQUEST		Edit Proposal	1672901710377	1672901711259	OK	 
USER	Create  Scenario	START	1672901711377
USER	Create  Scenario	END	1672901711516
REQUEST		Edit Proposal	1672901710627	1672901711556	OK	 
USER	Create  Scenario	START	1672901711627
REQUEST		Edit Proposal	1672901710877	1672901711769	OK	 
USER	Create  Scenario	END	1672901711773
USER	Create  Scenario	START	1672901711876
USER	Create  Scenario	END	1672901712008
REQUEST		Edit Proposal	1672901711127	1672901712020	OK	 
USER	Create  Scenario	START	1672901712127
REQUEST		Edit Proposal	1672901711377	1672901712252	OK	 
USER	Create  Scenario	END	1672901712267
USER	Create  Scenario	START	1672901712377
USER	Create  Scenario	END	1672901712514
REQUEST		Edit Proposal	1672901711627	1672901712515	OK	 
USER	Create  Scenario	START	1672901712627
REQUEST		Edit Proposal	1672901711877	1672901712762	OK	 
USER	Create  Scenario	END	1672901712766
USER	Create  Scenario	START	1672901712876
REQUEST		Edit Proposal	1672901712127	1672901713015	OK	 
USER	Create  Scenario	END	1672901713016
USER	Create  Scenario	START	1672901713126
REQUEST		Edit Proposal	1672901712377	1672901713256	OK	 
USER	Create  Scenario	END	1672901713261
USER	Create  Scenario	START	1672901713376
REQUEST		Edit Proposal	1672901712627	1672901713499	OK	 
USER	Create  Scenario	END	1672901713510
USER	Create  Scenario	START	1672901713626
REQUEST		Edit Proposal	1672901712876	1672901713767	OK	 
USER	Create  Scenario	END	1672901713768
USER	Create  Scenario	START	1672901713876
REQUEST		Edit Proposal	1672901713126	1672901714009	OK	 
USER	Create  Scenario	END	1672901714010
USER	Create  Scenario	START	1672901714126
USER	Create  Scenario	END	1672901714260
REQUEST		Edit Proposal	1672901713377	1672901714279	OK	 
USER	Create  Scenario	START	1672901714377
REQUEST		Edit Proposal	1672901713627	1672901714496	OK	 
USER	Create  Scenario	END	1672901714557
USER	Create  Scenario	START	1672901714627
REQUEST		Edit Proposal	1672901713877	1672901714767	OK	 
USER	Create  Scenario	END	1672901714770
USER	Create  Scenario	START	1672901714876
REQUEST		Edit Proposal	1672901714127	1672901715019	OK	 
USER	Create  Scenario	END	1672901715020
USER	Create  Scenario	START	1672901715126
USER	Create  Scenario	END	1672901715253
REQUEST		Edit Proposal	1672901714377	1672901715271	OK	 
USER	Create  Scenario	START	1672901715377
USER	Create  Scenario	END	1672901715517
REQUEST		Edit Proposal	1672901714627	1672901715517	OK	 
USER	Create  Scenario	START	1672901715627
USER	Create  Scenario	END	1672901715762
REQUEST		Edit Proposal	1672901714877	1672901715764	OK	 
USER	Create  Scenario	START	1672901715876
USER	Create  Scenario	END	1672901716016
REQUEST		Edit Proposal	1672901715127	1672901716021	OK	 
USER	Create  Scenario	START	1672901716126
USER	Create  Scenario	END	1672901716257
REQUEST		Edit Proposal	1672901715377	1672901716262	OK	 
USER	Create  Scenario	START	1672901716376
USER	Create  Scenario	END	1672901716500
REQUEST		Edit Proposal	1672901715627	1672901716566	OK	 
USER	Create  Scenario	START	1672901716626
USER	Create  Scenario	END	1672901716768
REQUEST		Edit Proposal	1672901715877	1672901716814	OK	 
USER	Create  Scenario	START	1672901716876
USER	Create  Scenario	END	1672901717010
USER	Create  Scenario	START	1672901717126
REQUEST		Edit Proposal	1672901716127	1672901717135	OK	 
USER	Create  Scenario	END	1672901717280
REQUEST		Edit Proposal	1672901716377	1672901717315	OK	 
USER	Create  Scenario	START	1672901717376
USER	Create  Scenario	END	1672901717497
USER	Create  Scenario	START	1672901717627
REQUEST		Edit Proposal	1672901716627	1672901717723	OK	 
USER	Create  Scenario	END	1672901717768
USER	Create  Scenario	START	1672901717877
USER	Create  Scenario	END	1672901718020
USER	Create  Scenario	START	1672901718127
REQUEST		Edit Proposal	1672901716877	1672901718133	OK	 
USER	Create  Scenario	END	1672901718272
REQUEST		Edit Proposal	1672901717127	1672901718333	OK	 
USER	Create  Scenario	START	1672901718377
USER	Create  Scenario	END	1672901718518
REQUEST		Edit Proposal	1672901717377	1672901718543	OK	 
USER	Create  Scenario	START	1672901718627
REQUEST		Edit Proposal	1672901717627	1672901718743	OK	 
USER	Create  Scenario	END	1672901718765
USER	Create  Scenario	START	1672901718877
REQUEST		Edit Proposal	1672901717877	1672901718948	OK	 
USER	Create  Scenario	END	1672901719023
USER	Create  Scenario	START	1672901719127
REQUEST		Edit Proposal	1672901718127	1672901719153	OK	 
USER	Create  Scenario	END	1672901719263
USER	Create  Scenario	START	1672901719377
REQUEST		Edit Proposal	1672901718377	1672901719562	OK	 
USER	Create  Scenario	END	1672901719566
USER	Create  Scenario	START	1672901719627
REQUEST		Edit Proposal	1672901718627	1672901719768	OK	 
USER	Create  Scenario	END	1672901719815
USER	Create  Scenario	START	1672901719876
REQUEST		Edit Proposal	1672901718877	1672901719985	OK	 
REQUEST		Edit Proposal	1672901719127	1672901720087	OK	 
USER	Create  Scenario	START	1672901720127
USER	Create  Scenario	END	1672901720136
USER	Create  Scenario	END	1672901720316
REQUEST		Edit Proposal	1672901719377	1672901720359	OK	 
USER	Create  Scenario	START	1672901720376
REQUEST		Edit Proposal	1672901719627	1672901720577	OK	 
USER	Create  Scenario	START	1672901720626
USER	Create  Scenario	END	1672901720724
REQUEST		Edit Proposal	1672901719877	1672901720864	OK	 
USER	Create  Scenario	START	1672901720876
REQUEST		Edit Proposal	1672901720127	1672901721029	OK	 
USER	Create  Scenario	START	1672901721126
USER	Create  Scenario	END	1672901721134
REQUEST		Edit Proposal	1672901720377	1672901721256	OK	 
USER	Create  Scenario	END	1672901721334
USER	Create  Scenario	START	1672901721376
REQUEST		Edit Proposal	1672901720627	1672901721516	OK	 
USER	Create  Scenario	END	1672901721544
USER	Create  Scenario	START	1672901721626
USER	Create  Scenario	END	1672901721744
REQUEST		Edit Proposal	1672901720877	1672901721778	OK	 
USER	Create  Scenario	START	1672901721877
USER	Create  Scenario	END	1672901721948
REQUEST		Edit Proposal	1672901721127	1672901722011	OK	 
USER	Create  Scenario	START	1672901722127
USER	Create  Scenario	END	1672901722154
REQUEST		Edit Proposal	1672901721377	1672901722264	OK	 
USER	Create  Scenario	START	1672901722377
REQUEST		Edit Proposal	1672901721627	1672901722501	OK	 
USER	Create  Scenario	END	1672901722564
USER	Create  Scenario	START	1672901722627
USER	Create  Scenario	END	1672901722768
REQUEST		Edit Proposal	1672901721877	1672901722769	OK	 
USER	Create  Scenario	START	1672901722877
USER	Create  Scenario	END	1672901722986
REQUEST		Edit Proposal	1672901722127	1672901723007	OK	 
USER	Create  Scenario	END	1672901723088
USER	Create  Scenario	START	1672901723127
REQUEST		Edit Proposal	1672901722377	1672901723254	OK	 
USER	Create  Scenario	END	1672901723360
USER	Create  Scenario	START	1672901723377
REQUEST		Edit Proposal	1672901722627	1672901723505	OK	 
USER	Create  Scenario	END	1672901723578
USER	Create  Scenario	START	1672901723627
REQUEST		Edit Proposal	1672901722877	1672901723763	OK	 
USER	Create  Scenario	END	1672901723865
USER	Create  Scenario	START	1672901723876
USER	Create  Scenario	END	1672901724030
REQUEST		Edit Proposal	1672901723127	1672901724049	OK	 
USER	Create  Scenario	START	1672901724126
USER	Create  Scenario	END	1672901724257
REQUEST		Edit Proposal	1672901723377	1672901724281	OK	 
USER	Create  Scenario	START	1672901724376
REQUEST		Edit Proposal	1672901723627	1672901724510	OK	 
USER	Create  Scenario	END	1672901724516
USER	Create  Scenario	START	1672901724626
USER	Create  Scenario	END	1672901724779
REQUEST		Edit Proposal	1672901723877	1672901724782	OK	 
USER	Create  Scenario	START	1672901724876
REQUEST		Edit Proposal	1672901724127	1672901725012	OK	 
USER	Create  Scenario	END	1672901725012
USER	Create  Scenario	START	1672901725126
USER	Create  Scenario	END	1672901725265
REQUEST		Edit Proposal	1672901724377	1672901725268	OK	 
USER	Create  Scenario	START	1672901725376
USER	Create  Scenario	END	1672901725502
REQUEST		Edit Proposal	1672901724627	1672901725521	OK	 
USER	Create  Scenario	START	1672901725626
REQUEST		Edit Proposal	1672901724877	1672901725760	OK	 
USER	Create  Scenario	END	1672901725770
USER	Create  Scenario	START	1672901725877
REQUEST		Edit Proposal	1672901725126	1672901726007	OK	 
USER	Create  Scenario	END	1672901726008
USER	Create  Scenario	START	1672901726127
USER	Create  Scenario	END	1672901726255
REQUEST		Edit Proposal	1672901725377	1672901726276	OK	 
USER	Create  Scenario	START	1672901726377
USER	Create  Scenario	END	1672901726506
REQUEST		Edit Proposal	1672901725627	1672901726517	OK	 
USER	Create  Scenario	START	1672901726627
USER	Create  Scenario	END	1672901726764
REQUEST		Edit Proposal	1672901725877	1672901726778	OK	 
USER	Create  Scenario	START	1672901726876
REQUEST		Edit Proposal	1672901726127	1672901727003	OK	 
USER	Create  Scenario	END	1672901727051
USER	Create  Scenario	START	1672901727126
REQUEST		Edit Proposal	1672901726377	1672901727258	OK	 
USER	Create  Scenario	END	1672901727282
USER	Create  Scenario	START	1672901727376
USER	Create  Scenario	END	1672901727511
REQUEST		Edit Proposal	1672901726627	1672901727518	OK	 
USER	Create  Scenario	START	1672901727626
REQUEST		Edit Proposal	1672901726877	1672901727770	OK	 
USER	Create  Scenario	END	1672901727782
USER	Create  Scenario	START	1672901727876
REQUEST		Edit Proposal	1672901727127	1672901728011	OK	 
USER	Create  Scenario	END	1672901728012
USER	Create  Scenario	START	1672901728127
REQUEST		Edit Proposal	1672901727377	1672901728257	OK	 
USER	Create  Scenario	END	1672901728269
USER	Create  Scenario	START	1672901728377
REQUEST		Edit Proposal	1672901727626	1672901728503	OK	 
USER	Create  Scenario	END	1672901728522
USER	Create  Scenario	START	1672901728627
USER	Create  Scenario	END	1672901728761
REQUEST		Edit Proposal	1672901727877	1672901728771	OK	 
USER	Create  Scenario	START	1672901728876
USER	Create  Scenario	END	1672901729008
REQUEST		Edit Proposal	1672901728127	1672901729015	OK	 
USER	Create  Scenario	START	1672901729126
REQUEST		Edit Proposal	1672901728377	1672901729249	OK	 
USER	Create  Scenario	END	1672901729277
USER	Create  Scenario	START	1672901729377
REQUEST		Edit Proposal	1672901728627	1672901729499	OK	 
USER	Create  Scenario	END	1672901729518
USER	Create  Scenario	START	1672901729627
REQUEST		Edit Proposal	1672901728877	1672901729758	OK	 
USER	Create  Scenario	END	1672901729779
USER	Create  Scenario	START	1672901729877
USER	Create  Scenario	END	1672901730004
REQUEST		Edit Proposal	1672901729127	1672901730015	OK	 
USER	Create  Scenario	START	1672901730127
USER	Create  Scenario	END	1672901730259
REQUEST		Edit Proposal	1672901729377	1672901730268	OK	 
USER	Create  Scenario	START	1672901730377
REQUEST		Edit Proposal	1672901729627	1672901730517	OK	 
USER	Create  Scenario	END	1672901730518
USER	Create  Scenario	START	1672901730627
USER	Create  Scenario	END	1672901730771
REQUEST		Edit Proposal	1672901729877	1672901730774	OK	 
USER	Create  Scenario	START	1672901730876
USER	Create  Scenario	END	1672901731012
REQUEST		Edit Proposal	1672901730127	1672901731012	OK	 
USER	Create  Scenario	START	1672901731127
USER	Create  Scenario	END	1672901731258
REQUEST		Edit Proposal	1672901730377	1672901731265	OK	 
USER	Create  Scenario	START	1672901731376
USER	Create  Scenario	END	1672901731503
USER	Create  Scenario	START	1672901731627
REQUEST		Edit Proposal	1672901730627	1672901731650	OK	 
USER	Create  Scenario	END	1672901731772
USER	Create  Scenario	START	1672901731876
REQUEST		Edit Proposal	1672901730876	1672901731919	OK	 
USER	Create  Scenario	END	1672901732016
USER	Create  Scenario	START	1672901732126
USER	Create  Scenario	END	1672901732250
REQUEST		Edit Proposal	1672901731127	1672901732280	OK	 
USER	Create  Scenario	START	1672901732376
USER	Create  Scenario	END	1672901732500
REQUEST		Edit Proposal	1672901731627	1672901732590	OK	 
REQUEST		Edit Proposal	1672901731377	1672901732598	OK	 
USER	Create  Scenario	START	1672901732626
USER	Create  Scenario	END	1672901732759
USER	Create  Scenario	START	1672901732876
REQUEST		Edit Proposal	1672901731877	1672901732884	OK	 
REQUEST		Edit Proposal	1672901732127	1672901733010	OK	 
USER	Create  Scenario	END	1672901733016
USER	Create  Scenario	START	1672901733126
REQUEST		Edit Proposal	1672901732377	1672901733263	OK	 
USER	Create  Scenario	END	1672901733269
USER	Create  Scenario	START	1672901733376
REQUEST		Edit Proposal	1672901732627	1672901733505	OK	 
USER	Create  Scenario	END	1672901733517
USER	Create  Scenario	START	1672901733626
REQUEST		Edit Proposal	1672901732877	1672901733754	OK	 
USER	Create  Scenario	END	1672901733775
USER	Create  Scenario	START	1672901733877
REQUEST		Edit Proposal	1672901733126	1672901734007	OK	 
USER	Create  Scenario	END	1672901734013
USER	Create  Scenario	START	1672901734127
REQUEST		Edit Proposal	1672901733376	1672901734263	OK	 
USER	Create  Scenario	END	1672901734266
USER	Create  Scenario	START	1672901734377
REQUEST		Edit Proposal	1672901733626	1672901734503	OK	 
USER	Create  Scenario	START	1672901734627
USER	Create  Scenario	END	1672901734651
REQUEST		Edit Proposal	1672901733877	1672901734777	OK	 
USER	Create  Scenario	START	1672901734877
USER	Create  Scenario	END	1672901734920
REQUEST		Edit Proposal	1672901734127	1672901735013	OK	 
USER	Create  Scenario	START	1672901735127
REQUEST		Edit Proposal	1672901734378	1672901735260	OK	 
USER	Create  Scenario	END	1672901735281
USER	Create  Scenario	START	1672901735377
REQUEST		Edit Proposal	1672901734627	1672901735521	OK	 
USER	Create  Scenario	END	1672901735591
USER	Create  Scenario	END	1672901735598
USER	Create  Scenario	START	1672901735627
REQUEST		Edit Proposal	1672901734877	1672901735767	OK	 
USER	Create  Scenario	START	1672901735876
USER	Create  Scenario	END	1672901735885
REQUEST		Edit Proposal	1672901735127	1672901736007	OK	 
USER	Create  Scenario	END	1672901736010
USER	Create  Scenario	START	1672901736126
USER	Create  Scenario	END	1672901736265
REQUEST		Edit Proposal	1672901735377	1672901736267	OK	 
USER	Create  Scenario	START	1672901736377
USER	Create  Scenario	END	1672901736506
REQUEST		Edit Proposal	1672901735627	1672901736523	OK	 
USER	Create  Scenario	START	1672901736626
USER	Create  Scenario	END	1672901736755
REQUEST		Edit Proposal	1672901735876	1672901736763	OK	 
USER	Create  Scenario	START	1672901736876
USER	Create  Scenario	END	1672901737008
REQUEST		Edit Proposal	1672901736126	1672901737048	OK	 
USER	Create  Scenario	START	1672901737126
REQUEST		Edit Proposal	1672901736377	1672901737263	OK	 
USER	Create  Scenario	END	1672901737264
USER	Create  Scenario	START	1672901737376
USER	Create  Scenario	END	1672901737504
REQUEST		Edit Proposal	1672901736626	1672901737506	OK	 
USER	Create  Scenario	START	1672901737626
REQUEST		Edit Proposal	1672901736877	1672901737755	OK	 
USER	Create  Scenario	END	1672901737778
USER	Create  Scenario	START	1672901737876
USER	Create  Scenario	END	1672901738014
REQUEST		Edit Proposal	1672901737127	1672901738017	OK	 
USER	Create  Scenario	START	1672901738126
USER	Create  Scenario	END	1672901738260
REQUEST		Edit Proposal	1672901737377	1672901738267	OK	 
USER	Create  Scenario	START	1672901738376
REQUEST		Edit Proposal	1672901737627	1672901738506	OK	 
USER	Create  Scenario	END	1672901738522
USER	Create  Scenario	START	1672901738627
REQUEST		Edit Proposal	1672901737877	1672901738755	OK	 
USER	Create  Scenario	END	1672901738767
USER	Create  Scenario	START	1672901738876
REQUEST		Edit Proposal	1672901738127	1672901739005	OK	 
USER	Create  Scenario	END	1672901739007
USER	Create  Scenario	START	1672901739126
REQUEST		Edit Proposal	1672901738377	1672901739256	OK	 
USER	Create  Scenario	END	1672901739268
USER	Create  Scenario	START	1672901739376
REQUEST		Edit Proposal	1672901738627	1672901739506	OK	 
USER	Create  Scenario	END	1672901739523
USER	Create  Scenario	START	1672901739626
USER	Create  Scenario	END	1672901739764
REQUEST		Edit Proposal	1672901738876	1672901739776	OK	 
USER	Create  Scenario	START	1672901739876
REQUEST		Edit Proposal	1672901739127	1672901740006	OK	 
USER	Create  Scenario	END	1672901740048
USER	Create  Scenario	START	1672901740126
REQUEST		Edit Proposal	1672901739376	1672901740256	OK	 
USER	Create  Scenario	END	1672901740264
USER	Create  Scenario	START	1672901740376
REQUEST		Edit Proposal	1672901739626	1672901740507	OK	 
USER	Create  Scenario	END	1672901740507
USER	Create  Scenario	START	1672901740627
USER	Create  Scenario	END	1672901740756
REQUEST		Edit Proposal	1672901739877	1672901740765	OK	 
USER	Create  Scenario	START	1672901740876
REQUEST		Edit Proposal	1672901740127	1672901741005	OK	 
USER	Create  Scenario	END	1672901741018
USER	Create  Scenario	START	1672901741126
USER	Create  Scenario	END	1672901741267
REQUEST		Edit Proposal	1672901740377	1672901741292	OK	 
USER	Create  Scenario	START	1672901741376
USER	Create  Scenario	END	1672901741507
REQUEST		Edit Proposal	1672901740627	1672901741568	OK	 
USER	Create  Scenario	START	1672901741626
USER	Create  Scenario	END	1672901741756
REQUEST		Edit Proposal	1672901740877	1672901741773	OK	 
USER	Create  Scenario	START	1672901741877
USER	Create  Scenario	END	1672901742006
REQUEST		Edit Proposal	1672901741126	1672901742024	OK	 
USER	Create  Scenario	START	1672901742127
USER	Create  Scenario	END	1672901742257
REQUEST		Edit Proposal	1672901741376	1672901742258	OK	 
USER	Create  Scenario	START	1672901742377
USER	Create  Scenario	END	1672901742508
REQUEST		Edit Proposal	1672901741626	1672901742511	OK	 
USER	Create  Scenario	START	1672901742627
REQUEST		Edit Proposal	1672901741877	1672901742766	OK	 
USER	Create  Scenario	END	1672901742776
USER	Create  Scenario	START	1672901742876
USER	Create  Scenario	END	1672901743007
REQUEST		Edit Proposal	1672901742127	1672901743011	OK	 
USER	Create  Scenario	START	1672901743127
USER	Create  Scenario	END	1672901743257
REQUEST		Edit Proposal	1672901742377	1672901743260	OK	 
USER	Create  Scenario	START	1672901743377
USER	Create  Scenario	END	1672901743507
REQUEST		Edit Proposal	1672901742627	1672901743521	OK	 
USER	Create  Scenario	START	1672901743626
REQUEST		Edit Proposal	1672901742877	1672901743763	OK	 
USER	Create  Scenario	END	1672901743765
USER	Create  Scenario	START	1672901743877
USER	Create  Scenario	END	1672901744006
REQUEST		Edit Proposal	1672901743127	1672901744012	OK	 
USER	Create  Scenario	START	1672901744127
REQUEST		Edit Proposal	1672901743378	1672901744276	OK	 
USER	Create  Scenario	END	1672901744293
USER	Create  Scenario	START	1672901744377
REQUEST		Edit Proposal	1672901743627	1672901744518	OK	 
USER	Create  Scenario	END	1672901744569
USER	Create  Scenario	START	1672901744627
USER	Create  Scenario	END	1672901744773
REQUEST		Edit Proposal	1672901743877	1672901744777	OK	 
USER	Create  Scenario	START	1672901744877
REQUEST		Edit Proposal	1672901744127	1672901745019	OK	 
USER	Create  Scenario	END	1672901745025
USER	Create  Scenario	START	1672901745127
USER	Create  Scenario	END	1672901745259
REQUEST		Edit Proposal	1672901744377	1672901745288	OK	 
USER	Create  Scenario	START	1672901745377
USER	Create  Scenario	END	1672901745511
REQUEST		Edit Proposal	1672901744627	1672901745517	OK	 
USER	Create  Scenario	START	1672901745628
USER	Create  Scenario	END	1672901745767
REQUEST		Edit Proposal	1672901744877	1672901745775	OK	 
USER	Create  Scenario	START	1672901745876
REQUEST		Edit Proposal	1672901745127	1672901746007	OK	 
USER	Create  Scenario	END	1672901746011
USER	Create  Scenario	START	1672901746126
USER	Create  Scenario	END	1672901746260
REQUEST		Edit Proposal	1672901745377	1672901746298	OK	 
USER	Create  Scenario	START	1672901746376
USER	Create  Scenario	END	1672901746521
REQUEST		Edit Proposal	1672901745628	1672901746598	OK	 
USER	Create  Scenario	START	1672901746626
USER	Create  Scenario	END	1672901746764
REQUEST		Edit Proposal	1672901745876	1672901746833	OK	 
USER	Create  Scenario	START	1672901746876
USER	Create  Scenario	END	1672901747013
REQUEST		Edit Proposal	1672901746126	1672901747082	OK	 
USER	Create  Scenario	START	1672901747126
USER	Create  Scenario	END	1672901747277
USER	Create  Scenario	START	1672901747376
REQUEST		Edit Proposal	1672901746376	1672901747381	OK	 
USER	Create  Scenario	END	1672901747518
USER	Create  Scenario	START	1672901747626
REQUEST		Edit Proposal	1672901746627	1672901747660	OK	 
USER	Create  Scenario	END	1672901747778
REQUEST		Edit Proposal	1672901746876	1672901747788	OK	 
USER	Create  Scenario	START	1672901747876
USER	Create  Scenario	END	1672901748020
REQUEST		Edit Proposal	1672901747126	1672901748033	OK	 
USER	Create  Scenario	START	1672901748126
USER	Create  Scenario	END	1672901748289
REQUEST		Edit Proposal	1672901747376	1672901748360	OK	 
USER	Create  Scenario	START	1672901748376
USER	Create  Scenario	END	1672901748519
USER	Create  Scenario	START	1672901748626
REQUEST		Edit Proposal	1672901747626	1672901748643	OK	 
REQUEST		Edit Proposal	1672901747876	1672901748766	OK	 
USER	Create  Scenario	END	1672901748776
USER	Create  Scenario	START	1672901748877
USER	Create  Scenario	END	1672901749008
REQUEST		Edit Proposal	1672901748126	1672901749018	OK	 
USER	Create  Scenario	START	1672901749127
REQUEST		Edit Proposal	1672901748377	1672901749260	OK	 
USER	Create  Scenario	END	1672901749299
USER	Create  Scenario	START	1672901749377
REQUEST		Edit Proposal	1672901748626	1672901749496	OK	 
USER	Create  Scenario	END	1672901749599
USER	Create  Scenario	START	1672901749627
REQUEST		Edit Proposal	1672901748877	1672901749763	OK	 
USER	Create  Scenario	END	1672901749834
USER	Create  Scenario	START	1672901749876
REQUEST		Edit Proposal	1672901749127	1672901750028	OK	 
USER	Create  Scenario	END	1672901750083
USER	Create  Scenario	START	1672901750126
REQUEST		Edit Proposal	1672901749377	1672901750261	OK	 
USER	Create  Scenario	START	1672901750376
USER	Create  Scenario	END	1672901750382
REQUEST		Edit Proposal	1672901749627	1672901750573	OK	 
USER	Create  Scenario	START	1672901750626
USER	Create  Scenario	END	1672901750661
REQUEST		Edit Proposal	1672901749877	1672901750760	OK	 
USER	Create  Scenario	END	1672901750789
USER	Create  Scenario	START	1672901750876
REQUEST		Edit Proposal	1672901750126	1672901751005	OK	 
USER	Create  Scenario	END	1672901751034
USER	Create  Scenario	START	1672901751126
REQUEST		Edit Proposal	1672901750376	1672901751257	OK	 
USER	Create  Scenario	END	1672901751360
USER	Create  Scenario	START	1672901751376
REQUEST		Edit Proposal	1672901750626	1672901751515	OK	 
USER	Create  Scenario	START	1672901751626
USER	Create  Scenario	END	1672901751646
REQUEST		Edit Proposal	1672901750876	1672901751762	OK	 
USER	Create  Scenario	END	1672901751767
USER	Create  Scenario	START	1672901751876
REQUEST		Edit Proposal	1672901751126	1672901752005	OK	 
USER	Create  Scenario	END	1672901752019
USER	Create  Scenario	START	1672901752126
USER	Create  Scenario	END	1672901752260
REQUEST		Edit Proposal	1672901751376	1672901752275	OK	 
USER	Create  Scenario	START	1672901752376
USER	Create  Scenario	END	1672901752496
REQUEST		Edit Proposal	1672901751626	1672901752502	OK	 
USER	Create  Scenario	START	1672901752626
REQUEST		Edit Proposal	1672901751876	1672901752763	OK	 
USER	Create  Scenario	END	1672901752764
USER	Create  Scenario	START	1672901752876
REQUEST		Edit Proposal	1672901752126	1672901753010	OK	 
USER	Create  Scenario	END	1672901753029
USER	Create  Scenario	START	1672901753126
REQUEST		Edit Proposal	1672901752377	1672901753262	OK	 
USER	Create  Scenario	END	1672901753262
USER	Create  Scenario	START	1672901753376
REQUEST		Edit Proposal	1672901752626	1672901753498	OK	 
USER	Create  Scenario	END	1672901753574
USER	Create  Scenario	START	1672901753626
REQUEST		Edit Proposal	1672901752876	1672901753760	OK	 
USER	Create  Scenario	END	1672901753760
USER	Create  Scenario	START	1672901753876
USER	Create  Scenario	END	1672901754006
REQUEST		Edit Proposal	1672901753126	1672901754015	OK	 
USER	Create  Scenario	START	1672901754126
USER	Create  Scenario	END	1672901754259
REQUEST		Edit Proposal	1672901753376	1672901754261	OK	 
USER	Create  Scenario	START	1672901754376
USER	Create  Scenario	END	1672901754516
REQUEST		Edit Proposal	1672901753627	1672901754518	OK	 
USER	Create  Scenario	START	1672901754626
USER	Create  Scenario	END	1672901754763
REQUEST		Edit Proposal	1672901753876	1672901754804	OK	 
USER	Create  Scenario	START	1672901754876
USER	Create  Scenario	END	1672901755005
REQUEST		Edit Proposal	1672901754127	1672901755007	OK	 
USER	Create  Scenario	START	1672901755126
REQUEST		Edit Proposal	1672901754377	1672901755271	OK	 
USER	Create  Scenario	END	1672901755276
USER	Create  Scenario	START	1672901755376
USER	Create  Scenario	END	1672901755503
REQUEST		Edit Proposal	1672901754627	1672901755509	OK	 
USER	Create  Scenario	START	1672901755626
USER	Create  Scenario	END	1672901755764
REQUEST		Edit Proposal	1672901754876	1672901755767	OK	 
USER	Create  Scenario	START	1672901755876
REQUEST		Edit Proposal	1672901755126	1672901756006	OK	 
USER	Create  Scenario	END	1672901756011
USER	Create  Scenario	START	1672901756126
USER	Create  Scenario	END	1672901756263
REQUEST		Edit Proposal	1672901755376	1672901756265	OK	 
USER	Create  Scenario	START	1672901756377
USER	Create  Scenario	END	1672901756500
REQUEST		Edit Proposal	1672901755626	1672901756515	OK	 
USER	Create  Scenario	START	1672901756627
USER	Create  Scenario	END	1672901756760
REQUEST		Edit Proposal	1672901755877	1672901756777	OK	 
USER	Create  Scenario	START	1672901756876
REQUEST		Edit Proposal	1672901756127	1672901757001	OK	 
USER	Create  Scenario	END	1672901757016
USER	Create  Scenario	START	1672901757126
REQUEST		Edit Proposal	1672901756377	1672901757257	OK	 
USER	Create  Scenario	END	1672901757261
USER	Create  Scenario	START	1672901757376
REQUEST		Edit Proposal	1672901756627	1672901757502	OK	 
USER	Create  Scenario	END	1672901757518
USER	Create  Scenario	START	1672901757626
REQUEST		Edit Proposal	1672901756876	1672901757763	OK	 
USER	Create  Scenario	END	1672901757804
USER	Create  Scenario	START	1672901757876
REQUEST		Edit Proposal	1672901757127	1672901758007	OK	 
USER	Create  Scenario	END	1672901758008
USER	Create  Scenario	START	1672901758126
REQUEST		Edit Proposal	1672901757376	1672901758266	OK	 
USER	Create  Scenario	END	1672901758271
USER	Create  Scenario	START	1672901758377
USER	Create  Scenario	END	1672901758510
REQUEST		Edit Proposal	1672901757626	1672901758510	OK	 
USER	Create  Scenario	START	1672901758627
REQUEST		Edit Proposal	1672901757877	1672901758764	OK	 
USER	Create  Scenario	END	1672901758768
USER	Create  Scenario	START	1672901758877
USER	Create  Scenario	END	1672901759007
REQUEST		Edit Proposal	1672901758127	1672901759013	OK	 
USER	Create  Scenario	START	1672901759127
REQUEST		Edit Proposal	1672901758377	1672901759248	OK	 
USER	Create  Scenario	END	1672901759266
USER	Create  Scenario	START	1672901759377
REQUEST		Edit Proposal	1672901758627	1672901759507	OK	 
USER	Create  Scenario	END	1672901759516
USER	Create  Scenario	START	1672901759627
REQUEST		Edit Proposal	1672901758877	1672901759770	OK	 
USER	Create  Scenario	END	1672901759778
USER	Create  Scenario	START	1672901759877
USER	Create  Scenario	END	1672901760002
REQUEST		Edit Proposal	1672901759127	1672901760015	OK	 
USER	Create  Scenario	START	1672901760127
USER	Create  Scenario	END	1672901760258
REQUEST		Edit Proposal	1672901759377	1672901760261	OK	 
USER	Create  Scenario	START	1672901760377
USER	Create  Scenario	END	1672901760503
REQUEST		Edit Proposal	1672901759627	1672901760504	OK	 
USER	Create  Scenario	START	1672901760627
REQUEST		Edit Proposal	1672901759877	1672901760761	OK	 
USER	Create  Scenario	END	1672901760763
USER	Create  Scenario	START	1672901760876
USER	Create  Scenario	END	1672901761007
REQUEST		Edit Proposal	1672901760127	1672901761010	OK	 
USER	Create  Scenario	START	1672901761126
REQUEST		Edit Proposal	1672901760377	1672901761266	OK	 
USER	Create  Scenario	END	1672901761266
USER	Create  Scenario	START	1672901761376
USER	Create  Scenario	END	1672901761511
REQUEST		Edit Proposal	1672901760627	1672901761555	OK	 
USER	Create  Scenario	START	1672901761626
USER	Create  Scenario	END	1672901761765
REQUEST		Edit Proposal	1672901760876	1672901761877	OK	 
USER	Create  Scenario	START	1672901761877
USER	Create  Scenario	END	1672901762014
REQUEST		Edit Proposal	1672901761126	1672901762090	OK	 
USER	Create  Scenario	START	1672901762127
USER	Create  Scenario	END	1672901762248
REQUEST		Edit Proposal	1672901761376	1672901762343	OK	 
USER	Create  Scenario	START	1672901762377
USER	Create  Scenario	END	1672901762508
REQUEST		Edit Proposal	1672901761627	1672901762616	OK	 
USER	Create  Scenario	START	1672901762627
USER	Create  Scenario	END	1672901762771
USER	Create  Scenario	START	1672901762877
REQUEST		Edit Proposal	1672901761877	1672901762981	OK	 
REQUEST		Edit Proposal	1672901762127	1672901763015	OK	 
USER	Create  Scenario	END	1672901763016
USER	Create  Scenario	START	1672901763127
USER	Create  Scenario	END	1672901763262
REQUEST		Edit Proposal	1672901762377	1672901763302	OK	 
USER	Create  Scenario	START	1672901763377
USER	Create  Scenario	END	1672901763504
REQUEST		Edit Proposal	1672901762627	1672901763581	OK	 
USER	Create  Scenario	START	1672901763627
USER	Create  Scenario	END	1672901763762
REQUEST		Edit Proposal	1672901762877	1672901763858	OK	 
USER	Create  Scenario	START	1672901763876
USER	Create  Scenario	END	1672901764011
REQUEST		Edit Proposal	1672901763128	1672901764018	OK	 
USER	Create  Scenario	START	1672901764126
REQUEST		Edit Proposal	1672901763377	1672901764255	OK	 
USER	Create  Scenario	END	1672901764266
USER	Create  Scenario	START	1672901764376
REQUEST		Edit Proposal	1672901763627	1672901764507	OK	 
USER	Create  Scenario	END	1672901764556
USER	Create  Scenario	START	1672901764626
REQUEST		Edit Proposal	1672901763877	1672901764769	OK	 
USER	Create  Scenario	START	1672901764876
USER	Create  Scenario	END	1672901764878
REQUEST		Edit Proposal	1672901764127	1672901765021	OK	 
USER	Create  Scenario	END	1672901765091
USER	Create  Scenario	START	1672901765126
REQUEST		Edit Proposal	1672901764377	1672901765267	OK	 
USER	Create  Scenario	END	1672901765344
USER	Create  Scenario	START	1672901765376
REQUEST		Edit Proposal	1672901764627	1672901765501	OK	 
USER	Create  Scenario	END	1672901765617
USER	Create  Scenario	START	1672901765626
REQUEST		Edit Proposal	1672901764877	1672901765756	OK	 
USER	Create  Scenario	START	1672901765876
USER	Create  Scenario	END	1672901765982
USER	Create  Scenario	END	1672901766016
REQUEST		Edit Proposal	1672901765127	1672901766017	OK	 
USER	Create  Scenario	START	1672901766127
REQUEST		Edit Proposal	1672901765377	1672901766271	OK	 
USER	Create  Scenario	END	1672901766303
USER	Create  Scenario	START	1672901766376
REQUEST		Edit Proposal	1672901765627	1672901766517	OK	 
USER	Create  Scenario	END	1672901766582
USER	Create  Scenario	START	1672901766626
REQUEST		Edit Proposal	1672901765877	1672901766768	OK	 
USER	Create  Scenario	END	1672901766859
USER	Create  Scenario	START	1672901766876
REQUEST		Edit Proposal	1672901766127	1672901767009	OK	 
USER	Create  Scenario	END	1672901767018
USER	Create  Scenario	START	1672901767126
USER	Create  Scenario	END	1672901767257
REQUEST		Edit Proposal	1672901766377	1672901767257	OK	 
USER	Create  Scenario	START	1672901767377
REQUEST		Edit Proposal	1672901766627	1672901767505	OK	 
USER	Create  Scenario	END	1672901767508
REQUEST		Edit Proposal	1672901766876	1672901767758	OK	 
USER	Create  Scenario	END	1672901767770
USER	Create  Scenario	END	1672901768021
REQUEST		Edit Proposal	1672901767127	1672901768038	OK	 
USER	Create  Scenario	END	1672901768268
REQUEST		Edit Proposal	1672901767377	1672901768271	OK	 
USER	Create  Scenario	END	1672901768502
USER	Create  Scenario	END	1672901768756
USER	Create  Scenario	END	1672901769018
USER	Create  Scenario	END	1672901769272
USER	Create  Scenario	END	1672901769518
USER	Create  Scenario	END	1672901769769
USER	Create  Scenario	END	1672901770010
USER	Create  Scenario	END	1672901770257
USER	Create  Scenario	END	1672901770506
USER	Create  Scenario	END	1672901770759
USER	Create  Scenario	END	1672901771039
USER	Create  Scenario	END	1672901771272
