RUN	Simulations.Runner.Go1percent	go1percent	1675060066252	 	3.5.1
USER	Summary API	START	1675060067456
REQUEST		Monthly Contribution-Fetch monthly data of user like contributions done in a month and scored according to contribution	1675060067474	1675060068407	OK	 
USER	Summary API	START	1675060068446
REQUEST		Monthly Contribution-Fetch monthly data of user like contributions done in a month and scored according to contribution	1675060068447	1675060069349	OK	 
USER	Summary API	START	1675060069447
USER	Summary API	START	1675060070442
REQUEST		Monthly Contribution-Fetch monthly data of user like contributions done in a month and scored according to contribution	1675060069447	1675060070451	OK	 
REQUEST		Monthly Contribution-Fetch monthly data of user like contributions done in a month and scored according to contribution	1675060070443	1675060071403	OK	 
USER	Summary API	START	1675060071442
REQUEST		Monthly Contribution-Fetch monthly data of user like contributions done in a month and scored according to contribution	1675060071442	1675060072362	OK	 
USER	Summary API	START	1675060072442
REQUEST		Reputation- Fetch monthly contributions and all-time contributions data	1675060071426	1675060073117	OK	 
USER	Summary API	START	1675060073442
REQUEST		Monthly Contribution-Fetch monthly data of user like contributions done in a month and scored according to contribution	1675060072442	1675060073520	OK	 
REQUEST		Reputation- Fetch monthly contributions and all-time contributions data	1675060072350	1675060074170	OK	 
USER	Summary API	START	1675060074442
REQUEST		Monthly Contribution-Fetch monthly data of user like contributions done in a month and scored according to contribution	1675060073442	1675060074480	OK	 
REQUEST		Reputation- Fetch monthly contributions and all-time contributions data	1675060073452	1675060075074	OK	 
REQUEST		Monthly Contribution-Fetch monthly data of user like contributions done in a month and scored according to contribution	1675060074443	1675060075403	OK	 
USER	Summary API	START	1675060075442
REQUEST		Reputation- Fetch monthly contributions and all-time contributions data	1675060074405	1675060075993	OK	 
REQUEST		Monthly Contribution-Fetch monthly data of user like contributions done in a month and scored according to contribution	1675060075442	1675060076333	OK	 
USER	Summary API	START	1675060076441
REQUEST		Hall of Frame-Fetches the top five monthly rankers for all the months in each year	1675060076118	1675060076735	OK	 
REQUEST		Reputation- Fetch monthly contributions and all-time contributions data	1675060075363	1675060076876	OK	 
USER	Summary API	START	1675060077442
REQUEST		Monthly Contribution-Fetch monthly data of user like contributions done in a month and scored according to contribution	1675060076442	1675060077451	OK	 
REQUEST		Reputation- Fetch monthly contributions and all-time contributions data	1675060076521	1675060078301	OK	 
REQUEST		Hall of Frame-Fetches the top five monthly rankers for all the months in each year	1675060077171	1675060078301	OK	 
USER	Summary API	START	1675060078442
REQUEST		Monthly Contribution-Fetch monthly data of user like contributions done in a month and scored according to contribution	1675060077442	1675060078615	OK	 
REQUEST		Hall of Frame-Fetches the top five monthly rankers for all the months in each year	1675060078075	1675060078806	OK	 
REQUEST		Reputation- Fetch monthly contributions and all-time contributions data	1675060077481	1675060079195	OK	 
REQUEST		Monthly Contribution-Fetch monthly data of user like contributions done in a month and scored according to contribution	1675060078443	1675060079325	OK	 
USER	Summary API	START	1675060079441
REQUEST		Hall of Frame-Fetches the top five monthly rankers for all the months in each year	1675060078994	1675060079633	OK	 
REQUEST		Reputation- Fetch monthly contributions and all-time contributions data	1675060078404	1675060079891	OK	 
REQUEST		Dynamic Score -Fetches all the points of Contribution	1675060079736	1675060080053	OK	 
REQUEST		Monthly Contribution-Fetch monthly data of user like contributions done in a month and scored according to contribution	1675060079442	1675060080337	OK	 
USER	Summary API	START	1675060080441
REQUEST		Hall of Frame-Fetches the top five monthly rankers for all the months in each year	1675060079877	1675060080487	OK	 
REQUEST		Reputation- Fetch monthly contributions and all-time contributions data	1675060079334	1675060080830	OK	 
REQUEST		Monthly Contribution-Fetch monthly data of user like contributions done in a month and scored according to contribution	1675060080442	1675060081415	OK	 
USER	Summary API	START	1675060081441
REQUEST		Dynamic Score -Fetches all the points of Contribution	1675060081302	1675060081730	OK	 
REQUEST		Hall of Frame-Fetches the top five monthly rankers for all the months in each year	1675060081302	1675060082027	OK	 
REQUEST		Reputation- Fetch monthly contributions and all-time contributions data	1675060080452	1675060082048	OK	 
REQUEST		Dynamic Score -Fetches all the points of Contribution	1675060081807	1675060082107	OK	 
REQUEST		Monthly Contribution-Fetch monthly data of user like contributions done in a month and scored according to contribution	1675060081442	1675060082357	OK	 
USER	Summary API	START	1675060082441
REQUEST		Hall of Frame-Fetches the top five monthly rankers for all the months in each year	1675060082196	1675060082839	OK	 
REQUEST		Dynamic Score -Fetches all the points of Contribution	1675060082634	1675060082939	OK	 
REQUEST		Reputation- Fetch monthly contributions and all-time contributions data	1675060081616	1675060083121	OK	 
REQUEST		Monthly Contribution-Fetch monthly data of user like contributions done in a month and scored according to contribution	1675060082442	1675060083332	OK	 
REQUEST		Individual Contribution-Retrieve the individual data of knolder like his email,contribution and the score of each contribution	1675060083054	1675060083365	OK	 
USER	Summary API	START	1675060083442
REQUEST		Hall of Frame-Fetches the top five monthly rankers for all the months in each year	1675060082892	1675060083502	OK	 
REQUEST		Dynamic Score -Fetches all the points of Contribution	1675060083488	1675060083794	OK	 
REQUEST		Reputation- Fetch monthly contributions and all-time contributions data	1675060082326	1675060083825	OK	 
REQUEST		Monthly Contribution-Fetch monthly data of user like contributions done in a month and scored according to contribution	1675060083442	1675060084356	OK	 
REQUEST		Hall of Frame-Fetches the top five monthly rankers for all the months in each year	1675060083830	1675060084424	OK	 
USER	Summary API	START	1675060084442
REQUEST		Reputation- Fetch monthly contributions and all-time contributions data	1675060083338	1675060084818	OK	 
REQUEST		Individual Contribution-Retrieve the individual data of knolder like his email,contribution and the score of each contribution	1675060084731	1675060085047	OK	 
REQUEST		Monthly Contribution-Fetch monthly data of user like contributions done in a month and scored according to contribution	1675060084442	1675060085379	OK	 
REQUEST		Individual Contribution-Retrieve the individual data of knolder like his email,contribution and the score of each contribution	1675060085108	1675060085401	OK	 
USER	Summary API	START	1675060085441
REQUEST		Dynamic Score -Fetches all the points of Contribution	1675060085028	1675060085446	OK	 
REQUEST		Hall of Frame-Fetches the top five monthly rankers for all the months in each year	1675060085050	1675060085668	OK	 
REQUEST		Reputation- Fetch monthly contributions and all-time contributions data	1675060084416	1675060085908	OK	 
REQUEST		Dynamic Score -Fetches all the points of Contribution	1675060085840	1675060086144	OK	 
REQUEST		Individual Contribution-Retrieve the individual data of knolder like his email,contribution and the score of each contribution	1675060085940	1675060086248	OK	 
REQUEST		Monthly Contribution-Fetch monthly data of user like contributions done in a month and scored according to contribution	1675060085442	1675060086335	OK	 
USER	Summary API	END	1675060086368
USER	Summary API	START	1675060086441
REQUEST		Hall of Frame-Fetches the top five monthly rankers for all the months in each year	1675060086122	1675060086713	OK	 
REQUEST		Dynamic Score -Fetches all the points of Contribution	1675060086503	1675060086802	OK	 
REQUEST		Reputation- Fetch monthly contributions and all-time contributions data	1675060085358	1675060086851	OK	 
REQUEST		Individual Contribution-Retrieve the individual data of knolder like his email,contribution and the score of each contribution	1675060086795	1675060087104	OK	 
REQUEST		Monthly Contribution-Fetch monthly data of user like contributions done in a month and scored according to contribution	1675060086442	1675060087341	OK	 
REQUEST		Hall of Frame-Fetches the top five monthly rankers for all the months in each year	1675060086825	1675060087434	OK	 
USER	Summary API	START	1675060087442
REQUEST		Dynamic Score -Fetches all the points of Contribution	1675060087425	1675060087740	OK	 
REQUEST		Reputation- Fetch monthly contributions and all-time contributions data	1675060086333	1675060087822	OK	 
USER	Summary API	END	1675060088048
REQUEST		Monthly Contribution-Fetch monthly data of user like contributions done in a month and scored according to contribution	1675060087442	1675060088327	OK	 
USER	Summary API	END	1675060088403
REQUEST		Hall of Frame-Fetches the top five monthly rankers for all the months in each year	1675060087819	1675060088415	OK	 
USER	Summary API	START	1675060088442
REQUEST		Individual Contribution-Retrieve the individual data of knolder like his email,contribution and the score of each contribution	1675060088447	1675060088757	OK	 
REQUEST		Reputation- Fetch monthly contributions and all-time contributions data	1675060087357	1675060088855	OK	 
REQUEST		Dynamic Score -Fetches all the points of Contribution	1675060088669	1675060088977	OK	 
USER	Summary API	END	1675060089250
REQUEST		Monthly Contribution-Fetch monthly data of user like contributions done in a month and scored according to contribution	1675060088442	1675060089348	OK	 
USER	Summary API	START	1675060089441
REQUEST		Individual Contribution-Retrieve the individual data of knolder like his email,contribution and the score of each contribution	1675060089145	1675060089450	OK	 
REQUEST		Hall of Frame-Fetches the top five monthly rankers for all the months in each year	1675060088909	1675060089494	OK	 
REQUEST		Reputation- Fetch monthly contributions and all-time contributions data	1675060088380	1675060089879	OK	 
REQUEST		Dynamic Score -Fetches all the points of Contribution	1675060089714	1675060090029	OK	 
REQUEST		Individual Contribution-Retrieve the individual data of knolder like his email,contribution and the score of each contribution	1675060089803	1675060090105	OK	 
USER	Summary API	END	1675060090105
REQUEST		Monthly Contribution-Fetch monthly data of user like contributions done in a month and scored according to contribution	1675060089442	1675060090324	OK	 
USER	Summary API	START	1675060090441
REQUEST		Hall of Frame-Fetches the top five monthly rankers for all the months in each year	1675060089852	1675060090456	OK	 
REQUEST		Dynamic Score -Fetches all the points of Contribution	1675060090436	1675060090743	OK	 
REQUEST		Reputation- Fetch monthly contributions and all-time contributions data	1675060089336	1675060090819	OK	 
REQUEST		Individual Contribution-Retrieve the individual data of knolder like his email,contribution and the score of each contribution	1675060090741	1675060091047	OK	 
REQUEST		Monthly Contribution-Fetch monthly data of user like contributions done in a month and scored according to contribution	1675060090442	1675060091346	OK	 
REQUEST		Hall of Frame-Fetches the top five monthly rankers for all the months in each year	1675060090824	1675060091429	OK	 
USER	Summary API	START	1675060091442
REQUEST		Dynamic Score -Fetches all the points of Contribution	1675060091417	1675060091719	OK	 
USER	Summary API	END	1675060091758
REQUEST		Reputation- Fetch monthly contributions and all-time contributions data	1675060090343	1675060091841	OK	 
REQUEST		Individual Contribution-Retrieve the individual data of knolder like his email,contribution and the score of each contribution	1675060091978	1675060092295	OK	 
REQUEST		Monthly Contribution-Fetch monthly data of user like contributions done in a month and scored according to contribution	1675060091442	1675060092334	OK	 
USER	Summary API	START	1675060092442
USER	Summary API	END	1675060092451
REQUEST		Hall of Frame-Fetches the top five monthly rankers for all the months in each year	1675060091856	1675060092452	OK	 
REQUEST		Dynamic Score -Fetches all the points of Contribution	1675060092495	1675060092802	OK	 
REQUEST		Reputation- Fetch monthly contributions and all-time contributions data	1675060091328	1675060092816	OK	 
USER	Summary API	END	1675060093107
REQUEST		Monthly Contribution-Fetch monthly data of user like contributions done in a month and scored according to contribution	1675060092443	1675060093323	OK	 
REQUEST		Individual Contribution-Retrieve the individual data of knolder like his email,contribution and the score of each contribution	1675060093031	1675060093332	OK	 
USER	Summary API	START	1675060093442
REQUEST		Hall of Frame-Fetches the top five monthly rankers for all the months in each year	1675060092880	1675060093488	OK	 
REQUEST		Dynamic Score -Fetches all the points of Contribution	1675060093457	1675060093762	OK	 
REQUEST		Reputation- Fetch monthly contributions and all-time contributions data	1675060092349	1675060093857	OK	 
REQUEST		Individual Contribution-Retrieve the individual data of knolder like his email,contribution and the score of each contribution	1675060093744	1675060094047	OK	 
USER	Summary API	END	1675060094049
REQUEST		Monthly Contribution-Fetch monthly data of user like contributions done in a month and scored according to contribution	1675060093442	1675060094330	OK	 
REQUEST		Hall of Frame-Fetches the top five monthly rankers for all the months in each year	1675060093820	1675060094417	OK	 
USER	Summary API	START	1675060094442
REQUEST		Dynamic Score -Fetches all the points of Contribution	1675060094430	1675060094732	OK	 
REQUEST		Reputation- Fetch monthly contributions and all-time contributions data	1675060093325	1675060094799	OK	 
REQUEST		Individual Contribution-Retrieve the individual data of knolder like his email,contribution and the score of each contribution	1675060094720	1675060095023	OK	 
USER	Summary API	END	1675060095297
REQUEST		Monthly Contribution-Fetch monthly data of user like contributions done in a month and scored according to contribution	1675060094442	1675060095354	OK	 
USER	Summary API	START	1675060095442
REQUEST		Hall of Frame-Fetches the top five monthly rankers for all the months in each year	1675060094843	1675060095444	OK	 
REQUEST		Dynamic Score -Fetches all the points of Contribution	1675060095453	1675060095754	OK	 
REQUEST		Reputation- Fetch monthly contributions and all-time contributions data	1675060094347	1675060095825	OK	 
REQUEST		Individual Contribution-Retrieve the individual data of knolder like his email,contribution and the score of each contribution	1675060095803	1675060096105	OK	 
REQUEST		Monthly Contribution-Fetch monthly data of user like contributions done in a month and scored according to contribution	1675060095442	1675060096332	OK	 
USER	Summary API	END	1675060096334
REQUEST		Hall of Frame-Fetches the top five monthly rankers for all the months in each year	1675060095817	1675060096419	OK	 
USER	Summary API	START	1675060096442
REQUEST		Dynamic Score -Fetches all the points of Contribution	1675060096489	1675060096794	OK	 
REQUEST		Reputation- Fetch monthly contributions and all-time contributions data	1675060095335	1675060096822	OK	 
USER	Summary API	END	1675060097049
REQUEST		Individual Contribution-Retrieve the individual data of knolder like his email,contribution and the score of each contribution	1675060096763	1675060097064	OK	 
REQUEST		Monthly Contribution-Fetch monthly data of user like contributions done in a month and scored according to contribution	1675060096442	1675060097347	OK	 
USER	Summary API	START	1675060097442
REQUEST		Hall of Frame-Fetches the top five monthly rankers for all the months in each year	1675060096859	1675060097465	OK	 
REQUEST		Dynamic Score -Fetches all the points of Contribution	1675060097418	1675060097721	OK	 
REQUEST		Reputation- Fetch monthly contributions and all-time contributions data	1675060096324	1675060097850	OK	 
USER	Summary API	END	1675060098025
REQUEST		Individual Contribution-Retrieve the individual data of knolder like his email,contribution and the score of each contribution	1675060097733	1675060098037	OK	 
REQUEST		Monthly Contribution-Fetch monthly data of user like contributions done in a month and scored according to contribution	1675060097442	1675060098347	OK	 
REQUEST		Hall of Frame-Fetches the top five monthly rankers for all the months in each year	1675060097800	1675060098395	OK	 
USER	Summary API	START	1675060098442
REQUEST		Dynamic Score -Fetches all the points of Contribution	1675060098445	1675060098748	OK	 
REQUEST		Reputation- Fetch monthly contributions and all-time contributions data	1675060097331	1675060098807	OK	 
REQUEST		Individual Contribution-Retrieve the individual data of knolder like his email,contribution and the score of each contribution	1675060098755	1675060099055	OK	 
USER	Summary API	END	1675060099106
REQUEST		Monthly Contribution-Fetch monthly data of user like contributions done in a month and scored according to contribution	1675060098443	1675060099338	OK	 
USER	Summary API	START	1675060099441
REQUEST		Hall of Frame-Fetches the top five monthly rankers for all the months in each year	1675060098826	1675060099453	OK	 
REQUEST		Dynamic Score -Fetches all the points of Contribution	1675060099420	1675060099721	OK	 
REQUEST		Reputation- Fetch monthly contributions and all-time contributions data	1675060098355	1675060099849	OK	 
USER	Summary API	END	1675060100066
REQUEST		Individual Contribution-Retrieve the individual data of knolder like his email,contribution and the score of each contribution	1675060099795	1675060100107	OK	 
REQUEST		Monthly Contribution-Fetch monthly data of user like contributions done in a month and scored according to contribution	1675060099442	1675060100326	OK	 
REQUEST		Hall of Frame-Fetches the top five monthly rankers for all the months in each year	1675060099823	1675060100434	OK	 
USER	Summary API	START	1675060100442
REQUEST		Dynamic Score -Fetches all the points of Contribution	1675060100467	1675060100795	OK	 
REQUEST		Reputation- Fetch monthly contributions and all-time contributions data	1675060099333	1675060100843	OK	 
USER	Summary API	END	1675060101038
USER	Summary API	START	1675060101442
REQUEST		Hall of Frame-Fetches the top five monthly rankers for all the months in each year	1675060100851	1675060101583	OK	 
REQUEST		Individual Contribution-Retrieve the individual data of knolder like his email,contribution and the score of each contribution	1675060100722	1675060101599	OK	 
REQUEST		Monthly Contribution-Fetch monthly data of user like contributions done in a month and scored according to contribution	1675060100442	1675060101603	OK	 
REQUEST		Dynamic Score -Fetches all the points of Contribution	1675060101396	1675060101703	OK	 
REQUEST		Reputation- Fetch monthly contributions and all-time contributions data	1675060100348	1675060101918	OK	 
USER	Summary API	END	1675060102056
REQUEST		Individual Contribution-Retrieve the individual data of knolder like his email,contribution and the score of each contribution	1675060101749	1675060102056	OK	 
REQUEST		Monthly Contribution-Fetch monthly data of user like contributions done in a month and scored according to contribution	1675060101442	1675060102391	OK	 
USER	Summary API	START	1675060102442
REQUEST		Hall of Frame-Fetches the top five monthly rankers for all the months in each year	1675060101808	1675060102461	OK	 
REQUEST		Dynamic Score -Fetches all the points of Contribution	1675060102454	1675060102758	OK	 
REQUEST		Reputation- Fetch monthly contributions and all-time contributions data	1675060101348	1675060102946	OK	 
REQUEST		Individual Contribution-Retrieve the individual data of knolder like his email,contribution and the score of each contribution	1675060102722	1675060103032	OK	 
USER	Summary API	END	1675060103108
USER	Summary API	START	1675060103442
REQUEST		Monthly Contribution-Fetch monthly data of user like contributions done in a month and scored according to contribution	1675060102442	1675060103539	OK	 
REQUEST		Hall of Frame-Fetches the top five monthly rankers for all the months in each year	1675060102850	1675060103623	OK	 
REQUEST		Dynamic Score -Fetches all the points of Contribution	1675060103435	1675060103737	OK	 
REQUEST		Individual Contribution-Retrieve the individual data of knolder like his email,contribution and the score of each contribution	1675060103796	1675060104139	OK	 
REQUEST		Reputation- Fetch monthly contributions and all-time contributions data	1675060102339	1675060104144	OK	 
REQUEST		Monthly Contribution-Fetch monthly data of user like contributions done in a month and scored according to contribution	1675060103442	1675060104356	OK	 
USER	Summary API	START	1675060104441
REQUEST		Hall of Frame-Fetches the top five monthly rankers for all the months in each year	1675060103844	1675060104476	OK	 
USER	Summary API	END	1675060104600
REQUEST		Dynamic Score -Fetches all the points of Contribution	1675060104584	1675060104882	OK	 
REQUEST		Reputation- Fetch monthly contributions and all-time contributions data	1675060103327	1675060104956	OK	 
REQUEST		Individual Contribution-Retrieve the individual data of knolder like his email,contribution and the score of each contribution	1675060104704	1675060105005	OK	 
USER	Summary API	END	1675060105057
REQUEST		Monthly Contribution-Fetch monthly data of user like contributions done in a month and scored according to contribution	1675060104442	1675060105345	OK	 
USER	Summary API	START	1675060105441
REQUEST		Hall of Frame-Fetches the top five monthly rankers for all the months in each year	1675060104919	1675060105596	OK	 
REQUEST		Dynamic Score -Fetches all the points of Contribution	1675060105462	1675060105782	OK	 
USER	Summary API	END	1675060106034
REQUEST		Reputation- Fetch monthly contributions and all-time contributions data	1675060104604	1675060106193	OK	 
REQUEST		Individual Contribution-Retrieve the individual data of knolder like his email,contribution and the score of each contribution	1675060105759	1675060106208	OK	 
USER	Summary API	START	1675060106442
REQUEST		Monthly Contribution-Fetch monthly data of user like contributions done in a month and scored according to contribution	1675060105442	1675060106894	OK	 
USER	Summary API	END	1675060107140
USER	Summary API	START	1675060107442
REQUEST		Hall of Frame-Fetches the top five monthly rankers for all the months in each year	1675060105946	1675060107626	OK	 
REQUEST		Individual Contribution-Retrieve the individual data of knolder like his email,contribution and the score of each contribution	1675060106738	1675060107637	OK	 
REQUEST		Dynamic Score -Fetches all the points of Contribution	1675060106624	1675060107646	OK	 
REQUEST		Dynamic Score -Fetches all the points of Contribution	1675060107477	1675060107802	OK	 
REQUEST		Hall of Frame-Fetches the top five monthly rankers for all the months in each year	1675060107146	1675060107931	OK	 
REQUEST		Reputation- Fetch monthly contributions and all-time contributions data	1675060105392	1675060107931	OK	 
USER	Summary API	END	1675060108006
REQUEST		Individual Contribution-Retrieve the individual data of knolder like his email,contribution and the score of each contribution	1675060107883	1675060108186	OK	 
REQUEST		Monthly Contribution-Fetch monthly data of user like contributions done in a month and scored according to contribution	1675060106442	1675060108246	OK	 
REQUEST		Monthly Contribution-Fetch monthly data of user like contributions done in a month and scored according to contribution	1675060107442	1675060108333	OK	 
USER	Summary API	START	1675060108442
REQUEST		Hall of Frame-Fetches the top five monthly rankers for all the months in each year	1675060107957	1675060109002	OK	 
USER	Summary API	END	1675060109210
REQUEST		Dynamic Score -Fetches all the points of Contribution	1675060108596	1675060109216	OK	 
REQUEST		Individual Contribution-Retrieve the individual data of knolder like his email,contribution and the score of each contribution	1675060108783	1675060109216	OK	 
REQUEST		Reputation- Fetch monthly contributions and all-time contributions data	1675060107357	1675060109279	OK	 
REQUEST		Reputation- Fetch monthly contributions and all-time contributions data	1675060106540	1675060109281	OK	 
USER	Summary API	START	1675060109442
REQUEST		Hall of Frame-Fetches the top five monthly rankers for all the months in each year	1675060109194	1675060109867	OK	 
REQUEST		Monthly Contribution-Fetch monthly data of user like contributions done in a month and scored according to contribution	1675060108442	1675060109867	OK	 
USER	Summary API	START	1675060110442
REQUEST		Reputation- Fetch monthly contributions and all-time contributions data	1675060108346	1675060110631	OK	 
REQUEST		Monthly Contribution-Fetch monthly data of user like contributions done in a month and scored according to contribution	1675060109442	1675060110631	OK	 
USER	Summary API	END	1675060110638
REQUEST		Dynamic Score -Fetches all the points of Contribution	1675060110627	1675060110925	OK	 
REQUEST		Individual Contribution-Retrieve the individual data of knolder like his email,contribution and the score of each contribution	1675060110646	1675060111017	OK	 
REQUEST		Individual Contribution-Retrieve the individual data of knolder like his email,contribution and the score of each contribution	1675060110803	1675060111132	OK	 
USER	Summary API	END	1675060111187
REQUEST		Dynamic Score -Fetches all the points of Contribution	1675060110932	1675060111247	OK	 
REQUEST		Monthly Contribution-Fetch monthly data of user like contributions done in a month and scored according to contribution	1675060110442	1675060111433	OK	 
USER	Summary API	START	1675060111442
REQUEST		Reputation- Fetch monthly contributions and all-time contributions data	1675060109895	1675060111517	OK	 
REQUEST		Hall of Frame-Fetches the top five monthly rankers for all the months in each year	1675060110932	1675060111554	OK	 
USER	Summary API	END	1675060112218
REQUEST		Dynamic Score -Fetches all the points of Contribution	1675060112003	1675060112407	OK	 
USER	Summary API	START	1675060112442
REQUEST		Monthly Contribution-Fetch monthly data of user like contributions done in a month and scored according to contribution	1675060111442	1675060112443	OK	 
REQUEST		Individual Contribution-Retrieve the individual data of knolder like his email,contribution and the score of each contribution	1675060112217	1675060112524	OK	 
REQUEST		Reputation- Fetch monthly contributions and all-time contributions data	1675060111247	1675060112754	OK	 
REQUEST		Reputation- Fetch monthly contributions and all-time contributions data	1675060111334	1675060112901	OK	 
REQUEST		Hall of Frame-Fetches the top five monthly rankers for all the months in each year	1675060112280	1675060112994	OK	 
REQUEST		Hall of Frame-Fetches the top five monthly rankers for all the months in each year	1675060112281	1675060112998	OK	 
REQUEST		Dynamic Score -Fetches all the points of Contribution	1675060112868	1675060113176	OK	 
USER	Summary API	START	1675060113441
REQUEST		Monthly Contribution-Fetch monthly data of user like contributions done in a month and scored according to contribution	1675060112442	1675060113492	OK	 
USER	Summary API	END	1675060114019
USER	Summary API	END	1675060114133
REQUEST		Hall of Frame-Fetches the top five monthly rankers for all the months in each year	1675060113632	1675060114233	OK	 
REQUEST		Individual Contribution-Retrieve the individual data of knolder like his email,contribution and the score of each contribution	1675060113926	1675060114233	OK	 
REQUEST		Monthly Contribution-Fetch monthly data of user like contributions done in a month and scored according to contribution	1675060113442	1675060114335	OK	 
REQUEST		Reputation- Fetch monthly contributions and all-time contributions data	1675060112868	1675060114421	OK	 
USER	Summary API	START	1675060114442
REQUEST		Individual Contribution-Retrieve the individual data of knolder like his email,contribution and the score of each contribution	1675060114248	1675060114550	OK	 
REQUEST		Dynamic Score -Fetches all the points of Contribution	1675060114554	1675060114860	OK	 
REQUEST		Hall of Frame-Fetches the top five monthly rankers for all the months in each year	1675060114518	1675060115118	OK	 
REQUEST		Reputation- Fetch monthly contributions and all-time contributions data	1675060113632	1675060115118	OK	 
REQUEST		Monthly Contribution-Fetch monthly data of user like contributions done in a month and scored according to contribution	1675060114442	1675060115395	OK	 
USER	Summary API	START	1675060115442
USER	Summary API	END	1675060115525
REQUEST		Individual Contribution-Retrieve the individual data of knolder like his email,contribution and the score of each contribution	1675060115408	1675060115702	OK	 
REQUEST		Reputation- Fetch monthly contributions and all-time contributions data	1675060114434	1675060115978	OK	 
REQUEST		Dynamic Score -Fetches all the points of Contribution	1675060115998	1675060116302	OK	 
REQUEST		Dynamic Score -Fetches all the points of Contribution	1675060115995	1675060116305	OK	 
REQUEST		Monthly Contribution-Fetch monthly data of user like contributions done in a month and scored according to contribution	1675060115442	1675060116326	OK	 
REQUEST		Hall of Frame-Fetches the top five monthly rankers for all the months in each year	1675060115755	1675060116368	OK	 
USER	Summary API	START	1675060116442
REQUEST		Individual Contribution-Retrieve the individual data of knolder like his email,contribution and the score of each contribution	1675060116177	1675060116475	OK	 
REQUEST		Hall of Frame-Fetches the top five monthly rankers for all the months in each year	1675060115902	1675060116495	OK	 
REQUEST		Reputation- Fetch monthly contributions and all-time contributions data	1675060115443	1675060116914	OK	 
USER	Summary API	END	1675060117234
REQUEST		Monthly Contribution-Fetch monthly data of user like contributions done in a month and scored according to contribution	1675060116442	1675060117334	OK	 
USER	Summary API	START	1675060117442
REQUEST		Dynamic Score -Fetches all the points of Contribution	1675060117234	1675060117539	OK	 
USER	Summary API	END	1675060117551
REQUEST		Hall of Frame-Fetches the top five monthly rankers for all the months in each year	1675060117422	1675060118040	OK	 
REQUEST		Reputation- Fetch monthly contributions and all-time contributions data	1675060116493	1675060118044	OK	 
REQUEST		Individual Contribution-Retrieve the individual data of knolder like his email,contribution and the score of each contribution	1675060117861	1675060118167	OK	 
REQUEST		Monthly Contribution-Fetch monthly data of user like contributions done in a month and scored according to contribution	1675060117442	1675060118358	OK	 
USER	Summary API	START	1675060118442
REQUEST		Dynamic Score -Fetches all the points of Contribution	1675060118119	1675060118451	OK	 
USER	Summary API	END	1675060118703
REQUEST		Hall of Frame-Fetches the top five monthly rankers for all the months in each year	1675060118119	1675060118753	OK	 
REQUEST		Reputation- Fetch monthly contributions and all-time contributions data	1675060117336	1675060118814	OK	 
REQUEST		Monthly Contribution-Fetch monthly data of user like contributions done in a month and scored according to contribution	1675060118442	1675060119350	OK	 
USER	Summary API	START	1675060119442
USER	Summary API	END	1675060119477
REQUEST		Hall of Frame-Fetches the top five monthly rankers for all the months in each year	1675060118979	1675060119583	OK	 
REQUEST		Individual Contribution-Retrieve the individual data of knolder like his email,contribution and the score of each contribution	1675060119303	1675060119602	OK	 
REQUEST		Individual Contribution-Retrieve the individual data of knolder like his email,contribution and the score of each contribution	1675060119306	1675060119602	OK	 
REQUEST		Dynamic Score -Fetches all the points of Contribution	1675060119369	1675060119684	OK	 
REQUEST		Dynamic Score -Fetches all the points of Contribution	1675060119496	1675060119802	OK	 
REQUEST		Reputation- Fetch monthly contributions and all-time contributions data	1675060118396	1675060119867	OK	 
REQUEST		Monthly Contribution-Fetch monthly data of user like contributions done in a month and scored according to contribution	1675060119442	1675060120311	OK	 
USER	Summary API	START	1675060120441
REQUEST		Hall of Frame-Fetches the top five monthly rankers for all the months in each year	1675060119915	1675060120511	OK	 
REQUEST		Reputation- Fetch monthly contributions and all-time contributions data	1675060119327	1675060120792	OK	 
REQUEST		Individual Contribution-Retrieve the individual data of knolder like his email,contribution and the score of each contribution	1675060120540	1675060120843	OK	 
USER	Summary API	END	1675060121168
REQUEST		Monthly Contribution-Fetch monthly data of user like contributions done in a month and scored according to contribution	1675060120442	1675060121341	OK	 
REQUEST		Dynamic Score -Fetches all the points of Contribution	1675060121041	1675060121347	OK	 
USER	Summary API	START	1675060121441
REQUEST		Hall of Frame-Fetches the top five monthly rankers for all the months in each year	1675060121044	1675060121656	OK	 
REQUEST		Individual Contribution-Retrieve the individual data of knolder like his email,contribution and the score of each contribution	1675060121452	1675060121762	OK	 
REQUEST		Reputation- Fetch monthly contributions and all-time contributions data	1675060120334	1675060121811	OK	 
REQUEST		Dynamic Score -Fetches all the points of Contribution	1675060121754	1675060122066	OK	 
REQUEST		Monthly Contribution-Fetch monthly data of user like contributions done in a month and scored according to contribution	1675060121442	1675060122340	OK	 
REQUEST		Hall of Frame-Fetches the top five monthly rankers for all the months in each year	1675060121815	1675060122409	OK	 
USER	Summary API	START	1675060122442
USER	Summary API	END	1675060122603
USER	Summary API	END	1675060122603
REQUEST		Reputation- Fetch monthly contributions and all-time contributions data	1675060121359	1675060122857	OK	 
REQUEST		Dynamic Score -Fetches all the points of Contribution	1675060122583	1675060122882	OK	 
REQUEST		Individual Contribution-Retrieve the individual data of knolder like his email,contribution and the score of each contribution	1675060122684	1675060122983	OK	 
REQUEST		Individual Contribution-Retrieve the individual data of knolder like his email,contribution and the score of each contribution	1675060122803	1675060123104	OK	 
REQUEST		Monthly Contribution-Fetch monthly data of user like contributions done in a month and scored according to contribution	1675060122442	1675060123351	OK	 
USER	Summary API	START	1675060123442
REQUEST		Hall of Frame-Fetches the top five monthly rankers for all the months in each year	1675060122868	1675060123458	OK	 
REQUEST		Dynamic Score -Fetches all the points of Contribution	1675060123512	1675060123814	OK	 
REQUEST		Reputation- Fetch monthly contributions and all-time contributions data	1675060122351	1675060123833	OK	 
USER	Summary API	END	1675060123844
REQUEST		Monthly Contribution-Fetch monthly data of user like contributions done in a month and scored according to contribution	1675060123442	1675060124322	OK	 
REQUEST		Hall of Frame-Fetches the top five monthly rankers for all the months in each year	1675060123793	1675060124392	OK	 
USER	Summary API	START	1675060124442
REQUEST		Individual Contribution-Retrieve the individual data of knolder like his email,contribution and the score of each contribution	1675060124348	1675060124648	OK	 
REQUEST		Reputation- Fetch monthly contributions and all-time contributions data	1675060123311	1675060124756	OK	 
USER	Summary API	END	1675060124763
REQUEST		Dynamic Score -Fetches all the points of Contribution	1675060124657	1675060124969	OK	 
REQUEST		Monthly Contribution-Fetch monthly data of user like contributions done in a month and scored according to contribution	1675060124442	1675060125328	OK	 
REQUEST		Individual Contribution-Retrieve the individual data of knolder like his email,contribution and the score of each contribution	1675060125066	1675060125368	OK	 
REQUEST		Hall of Frame-Fetches the top five monthly rankers for all the months in each year	1675060124812	1675060125410	OK	 
USER	Summary API	START	1675060125442
REQUEST		Dynamic Score -Fetches all the points of Contribution	1675060125410	1675060125720	OK	 
REQUEST		Reputation- Fetch monthly contributions and all-time contributions data	1675060124341	1675060125832	OK	 
USER	Summary API	END	1675060125984
USER	Summary API	END	1675060126105
REQUEST		Individual Contribution-Retrieve the individual data of knolder like his email,contribution and the score of each contribution	1675060125883	1675060126184	OK	 
REQUEST		Monthly Contribution-Fetch monthly data of user like contributions done in a month and scored according to contribution	1675060125442	1675060126339	OK	 
USER	Summary API	START	1675060126441
REQUEST		Hall of Frame-Fetches the top five monthly rankers for all the months in each year	1675060125858	1675060126462	OK	 
REQUEST		Dynamic Score -Fetches all the points of Contribution	1675060126459	1675060126760	OK	 
REQUEST		Reputation- Fetch monthly contributions and all-time contributions data	1675060125341	1675060126826	OK	 
REQUEST		Individual Contribution-Retrieve the individual data of knolder like his email,contribution and the score of each contribution	1675060126815	1675060127126	OK	 
REQUEST		Monthly Contribution-Fetch monthly data of user like contributions done in a month and scored according to contribution	1675060126442	1675060127349	OK	 
REQUEST		Hall of Frame-Fetches the top five monthly rankers for all the months in each year	1675060126833	1675060127433	OK	 
USER	Summary API	START	1675060127442
USER	Summary API	END	1675060127650
REQUEST		Dynamic Score -Fetches all the points of Contribution	1675060127392	1675060127698	OK	 
REQUEST		Reputation- Fetch monthly contributions and all-time contributions data	1675060126352	1675060127853	OK	 
REQUEST		Individual Contribution-Retrieve the individual data of knolder like his email,contribution and the score of each contribution	1675060127970	1675060128282	OK	 
REQUEST		Monthly Contribution-Fetch monthly data of user like contributions done in a month and scored according to contribution	1675060127442	1675060128332	OK	 
REQUEST		Hall of Frame-Fetches the top five monthly rankers for all the months in each year	1675060127757	1675060128344	OK	 
USER	Summary API	END	1675060128370
USER	Summary API	START	1675060128442
REQUEST		Dynamic Score -Fetches all the points of Contribution	1675060128411	1675060128711	OK	 
REQUEST		Reputation- Fetch monthly contributions and all-time contributions data	1675060127323	1675060128809	OK	 
REQUEST		Individual Contribution-Retrieve the individual data of knolder like his email,contribution and the score of each contribution	1675060128721	1675060129021	OK	 
USER	Summary API	END	1675060129185
REQUEST		Monthly Contribution-Fetch monthly data of user like contributions done in a month and scored according to contribution	1675060128443	1675060129328	OK	 
REQUEST		Hall of Frame-Fetches the top five monthly rankers for all the months in each year	1675060128833	1675060129438	OK	 
USER	Summary API	START	1675060129442
REQUEST		Dynamic Score -Fetches all the points of Contribution	1675060129463	1675060129768	OK	 
REQUEST		Reputation- Fetch monthly contributions and all-time contributions data	1675060128329	1675060129816	OK	 
REQUEST		Individual Contribution-Retrieve the individual data of knolder like his email,contribution and the score of each contribution	1675060129761	1675060130061	OK	 
USER	Summary API	END	1675060130127
REQUEST		Monthly Contribution-Fetch monthly data of user like contributions done in a month and scored according to contribution	1675060129442	1675060130332	OK	 
REQUEST		Hall of Frame-Fetches the top five monthly rankers for all the months in each year	1675060129827	1675060130424	OK	 
USER	Summary API	START	1675060130442
REQUEST		Dynamic Score -Fetches all the points of Contribution	1675060130434	1675060130736	OK	 
REQUEST		Reputation- Fetch monthly contributions and all-time contributions data	1675060129339	1675060130798	OK	 
REQUEST		Individual Contribution-Retrieve the individual data of knolder like his email,contribution and the score of each contribution	1675060130699	1675060130996	OK	 
USER	Summary API	END	1675060131283
REQUEST		Monthly Contribution-Fetch monthly data of user like contributions done in a month and scored according to contribution	1675060130442	1675060131347	OK	 
USER	Summary API	START	1675060131442
REQUEST		Hall of Frame-Fetches the top five monthly rankers for all the months in each year	1675060130854	1675060131461	OK	 
REQUEST		Dynamic Score -Fetches all the points of Contribution	1675060131345	1675060131644	OK	 
REQUEST		Reputation- Fetch monthly contributions and all-time contributions data	1675060130350	1675060131827	OK	 
REQUEST		Individual Contribution-Retrieve the individual data of knolder like his email,contribution and the score of each contribution	1675060131712	1675060132014	OK	 
USER	Summary API	END	1675060132022
REQUEST		Monthly Contribution-Fetch monthly data of user like contributions done in a month and scored according to contribution	1675060131442	1675060132317	OK	 
REQUEST		Hall of Frame-Fetches the top five monthly rankers for all the months in each year	1675060131810	1675060132401	OK	 
USER	Summary API	START	1675060132442
REQUEST		Dynamic Score -Fetches all the points of Contribution	1675060132439	1675060132744	OK	 
REQUEST		Reputation- Fetch monthly contributions and all-time contributions data	1675060131333	1675060132813	OK	 
USER	Summary API	END	1675060133062
REQUEST		Individual Contribution-Retrieve the individual data of knolder like his email,contribution and the score of each contribution	1675060132769	1675060133084	OK	 
REQUEST		Monthly Contribution-Fetch monthly data of user like contributions done in a month and scored according to contribution	1675060132442	1675060133312	OK	 
REQUEST		Hall of Frame-Fetches the top five monthly rankers for all the months in each year	1675060132817	1675060133411	OK	 
USER	Summary API	START	1675060133441
REQUEST		Dynamic Score -Fetches all the points of Contribution	1675060133425	1675060133726	OK	 
REQUEST		Reputation- Fetch monthly contributions and all-time contributions data	1675060132329	1675060133790	OK	 
USER	Summary API	END	1675060133997
REQUEST		Individual Contribution-Retrieve the individual data of knolder like his email,contribution and the score of each contribution	1675060133737	1675060134039	OK	 
REQUEST		Monthly Contribution-Fetch monthly data of user like contributions done in a month and scored according to contribution	1675060133442	1675060134341	OK	 
REQUEST		Hall of Frame-Fetches the top five monthly rankers for all the months in each year	1675060133799	1675060134397	OK	 
USER	Summary API	START	1675060134441
REQUEST		Dynamic Score -Fetches all the points of Contribution	1675060134462	1675060134766	OK	 
REQUEST		Reputation- Fetch monthly contributions and all-time contributions data	1675060133333	1675060134804	OK	 
REQUEST		Individual Contribution-Retrieve the individual data of knolder like his email,contribution and the score of each contribution	1675060134645	1675060134950	OK	 
USER	Summary API	END	1675060135015
REQUEST		Monthly Contribution-Fetch monthly data of user like contributions done in a month and scored according to contribution	1675060134442	1675060135358	OK	 
REQUEST		Hall of Frame-Fetches the top five monthly rankers for all the months in each year	1675060134828	1675060135424	OK	 
USER	Summary API	START	1675060135441
REQUEST		Dynamic Score -Fetches all the points of Contribution	1675060135402	1675060135702	OK	 
REQUEST		Reputation- Fetch monthly contributions and all-time contributions data	1675060134347	1675060135943	OK	 
REQUEST		Individual Contribution-Retrieve the individual data of knolder like his email,contribution and the score of each contribution	1675060135745	1675060136058	OK	 
USER	Summary API	END	1675060136085
REQUEST		Monthly Contribution-Fetch monthly data of user like contributions done in a month and scored according to contribution	1675060135442	1675060136331	OK	 
REQUEST		Hall of Frame-Fetches the top five monthly rankers for all the months in each year	1675060135814	1675060136424	OK	 
USER	Summary API	START	1675060136442
REQUEST		Dynamic Score -Fetches all the points of Contribution	1675060136412	1675060136719	OK	 
REQUEST		Reputation- Fetch monthly contributions and all-time contributions data	1675060135318	1675060136782	OK	 
REQUEST		Individual Contribution-Retrieve the individual data of knolder like his email,contribution and the score of each contribution	1675060136727	1675060137030	OK	 
USER	Summary API	END	1675060137040
REQUEST		Monthly Contribution-Fetch monthly data of user like contributions done in a month and scored according to contribution	1675060136443	1675060137339	OK	 
REQUEST		Hall of Frame-Fetches the top five monthly rankers for all the months in each year	1675060136790	1675060137381	OK	 
USER	Summary API	START	1675060137442
REQUEST		Dynamic Score -Fetches all the points of Contribution	1675060137398	1675060137701	OK	 
REQUEST		Reputation- Fetch monthly contributions and all-time contributions data	1675060136312	1675060137770	OK	 
USER	Summary API	END	1675060137951
REQUEST		Individual Contribution-Retrieve the individual data of knolder like his email,contribution and the score of each contribution	1675060137767	1675060138072	OK	 
REQUEST		Monthly Contribution-Fetch monthly data of user like contributions done in a month and scored according to contribution	1675060137442	1675060138334	OK	 
REQUEST		Hall of Frame-Fetches the top five monthly rankers for all the months in each year	1675060137805	1675060138406	OK	 
USER	Summary API	START	1675060138442
REQUEST		Dynamic Score -Fetches all the points of Contribution	1675060138425	1675060138728	OK	 
REQUEST		Reputation- Fetch monthly contributions and all-time contributions data	1675060137341	1675060138811	OK	 
REQUEST		Individual Contribution-Retrieve the individual data of knolder like his email,contribution and the score of each contribution	1675060138703	1675060139007	OK	 
USER	Summary API	END	1675060139059
USER	Summary API	START	1675060139442
REQUEST		Monthly Contribution-Fetch monthly data of user like contributions done in a month and scored according to contribution	1675060138442	1675060139527	OK	 
REQUEST		Dynamic Score -Fetches all the points of Contribution	1675060139424	1675060139897	OK	 
REQUEST		Hall of Frame-Fetches the top five monthly rankers for all the months in each year	1675060138944	1675060139901	OK	 
USER	Summary API	END	1675060140031
REQUEST		Individual Contribution-Retrieve the individual data of knolder like his email,contribution and the score of each contribution	1675060139720	1675060140178	OK	 
REQUEST		Reputation- Fetch monthly contributions and all-time contributions data	1675060138358	1675060140325	OK	 
USER	Summary API	START	1675060140442
REQUEST		Monthly Contribution-Fetch monthly data of user like contributions done in a month and scored according to contribution	1675060139442	1675060140720	OK	 
REQUEST		Hall of Frame-Fetches the top five monthly rankers for all the months in each year	1675060139783	1675060140734	OK	 
REQUEST		Dynamic Score -Fetches all the points of Contribution	1675060140381	1675060140888	OK	 
USER	Summary API	END	1675060141074
REQUEST		Individual Contribution-Retrieve the individual data of knolder like his email,contribution and the score of each contribution	1675060140702	1675060141086	OK	 
USER	Summary API	START	1675060141442
REQUEST		Reputation- Fetch monthly contributions and all-time contributions data	1675060139331	1675060141606	OK	 
REQUEST		Dynamic Score -Fetches all the points of Contribution	1675060141407	1675060141963	OK	 
REQUEST		Hall of Frame-Fetches the top five monthly rankers for all the months in each year	1675060140770	1675060141963	OK	 
REQUEST		Monthly Contribution-Fetch monthly data of user like contributions done in a month and scored according to contribution	1675060140442	1675060141970	OK	 
USER	Summary API	END	1675060142008
REQUEST		Individual Contribution-Retrieve the individual data of knolder like his email,contribution and the score of each contribution	1675060141729	1675060142121	OK	 
REQUEST		Reputation- Fetch monthly contributions and all-time contributions data	1675060140340	1675060142370	OK	 
USER	Summary API	START	1675060142442
REQUEST		Monthly Contribution-Fetch monthly data of user like contributions done in a month and scored according to contribution	1675060141442	1675060142930	OK	 
REQUEST		Hall of Frame-Fetches the top five monthly rankers for all the months in each year	1675060141811	1675060142930	OK	 
USER	Summary API	END	1675060143179
REQUEST		Individual Contribution-Retrieve the individual data of knolder like his email,contribution and the score of each contribution	1675060142898	1675060143222	OK	 
REQUEST		Dynamic Score -Fetches all the points of Contribution	1675060142902	1675060143225	OK	 
REQUEST		Reputation- Fetch monthly contributions and all-time contributions data	1675060141335	1675060143237	OK	 
USER	Summary API	START	1675060143442
REQUEST		Monthly Contribution-Fetch monthly data of user like contributions done in a month and scored according to contribution	1675060142442	1675060143546	OK	 
REQUEST		Hall of Frame-Fetches the top five monthly rankers for all the months in each year	1675060143326	1675060143933	OK	 
REQUEST		Dynamic Score -Fetches all the points of Contribution	1675060143735	1675060144035	OK	 
USER	Summary API	END	1675060144088
REQUEST		Reputation- Fetch monthly contributions and all-time contributions data	1675060142528	1675060144096	OK	 
REQUEST		Individual Contribution-Retrieve the individual data of knolder like his email,contribution and the score of each contribution	1675060143888	1675060144189	OK	 
REQUEST		Monthly Contribution-Fetch monthly data of user like contributions done in a month and scored according to contribution	1675060143442	1675060144322	OK	 
USER	Summary API	START	1675060144442
USER	Summary API	END	1675060145122
REQUEST		Dynamic Score -Fetches all the points of Contribution	1675060144964	1675060145267	OK	 
REQUEST		Individual Contribution-Retrieve the individual data of knolder like his email,contribution and the score of each contribution	1675060144964	1675060145273	OK	 
REQUEST		Reputation- Fetch monthly contributions and all-time contributions data	1675060143721	1675060145290	OK	 
REQUEST		Hall of Frame-Fetches the top five monthly rankers for all the months in each year	1675060144607	1675060145294	OK	 
REQUEST		Monthly Contribution-Fetch monthly data of user like contributions done in a month and scored according to contribution	1675060144442	1675060145325	OK	 
USER	Summary API	START	1675060145442
REQUEST		Hall of Frame-Fetches the top five monthly rankers for all the months in each year	1675060145370	1675060145969	OK	 
USER	Summary API	END	1675060146224
REQUEST		Dynamic Score -Fetches all the points of Contribution	1675060145931	1675060146233	OK	 
REQUEST		Monthly Contribution-Fetch monthly data of user like contributions done in a month and scored according to contribution	1675060145442	1675060146318	OK	 
USER	Summary API	START	1675060146442
REQUEST		Reputation- Fetch monthly contributions and all-time contributions data	1675060144971	1675060146527	OK	 
REQUEST		Individual Contribution-Retrieve the individual data of knolder like his email,contribution and the score of each contribution	1675060146226	1675060146548	OK	 
REQUEST		Hall of Frame-Fetches the top five monthly rankers for all the months in each year	1675060146238	1675060146847	OK	 
USER	Summary API	END	1675060147190
REQUEST		Dynamic Score -Fetches all the points of Contribution	1675060146933	1675060147247	OK	 
REQUEST		Individual Contribution-Retrieve the individual data of knolder like his email,contribution and the score of each contribution	1675060147036	1675060147334	OK	 
REQUEST		Reputation- Fetch monthly contributions and all-time contributions data	1675060145931	1675060147413	OK	 
REQUEST		Monthly Contribution-Fetch monthly data of user like contributions done in a month and scored according to contribution	1675060146442	1675060147422	OK	 
USER	Summary API	START	1675060147442
REQUEST		Hall of Frame-Fetches the top five monthly rankers for all the months in each year	1675060147097	1675060147810	OK	 
REQUEST		Reputation- Fetch monthly contributions and all-time contributions data	1675060146546	1675060148230	OK	 
USER	Summary API	END	1675060148274
USER	Summary API	START	1675060148442
REQUEST		Monthly Contribution-Fetch monthly data of user like contributions done in a month and scored according to contribution	1675060147442	1675060148445	OK	 
REQUEST		Individual Contribution-Retrieve the individual data of knolder like his email,contribution and the score of each contribution	1675060148268	1675060148562	OK	 
REQUEST		Dynamic Score -Fetches all the points of Contribution	1675060148295	1675060148601	OK	 
REQUEST		Hall of Frame-Fetches the top five monthly rankers for all the months in each year	1675060148290	1675060148886	OK	 
REQUEST		Reputation- Fetch monthly contributions and all-time contributions data	1675060147322	1675060148984	OK	 
REQUEST		Dynamic Score -Fetches all the points of Contribution	1675060148970	1675060149279	OK	 
REQUEST		Monthly Contribution-Fetch monthly data of user like contributions done in a month and scored according to contribution	1675060148442	1675060149339	OK	 
USER	Summary API	START	1675060149442
REQUEST		Individual Contribution-Retrieve the individual data of knolder like his email,contribution and the score of each contribution	1675060149234	1675060149531	OK	 
USER	Summary API	END	1675060149549
REQUEST		Reputation- Fetch monthly contributions and all-time contributions data	1675060148326	1675060149796	OK	 
REQUEST		Hall of Frame-Fetches the top five monthly rankers for all the months in each year	1675060149527	1675060150129	OK	 
REQUEST		Dynamic Score -Fetches all the points of Contribution	1675060149848	1675060150149	OK	 
REQUEST		Monthly Contribution-Fetch monthly data of user like contributions done in a month and scored according to contribution	1675060149442	1675060150319	OK	 
USER	Summary API	END	1675060150335
USER	Summary API	START	1675060150442
REQUEST		Individual Contribution-Retrieve the individual data of knolder like his email,contribution and the score of each contribution	1675060150248	1675060150549	OK	 
REQUEST		Reputation- Fetch monthly contributions and all-time contributions data	1675060149319	1675060150773	OK	 
REQUEST		Hall of Frame-Fetches the top five monthly rankers for all the months in each year	1675060150413	1675060151010	OK	 
REQUEST		Dynamic Score -Fetches all the points of Contribution	1675060150811	1675060151114	OK	 
REQUEST		Monthly Contribution-Fetch monthly data of user like contributions done in a month and scored according to contribution	1675060150442	1675060151344	OK	 
USER	Summary API	START	1675060151442
USER	Summary API	END	1675060151563
REQUEST		Hall of Frame-Fetches the top five monthly rankers for all the months in each year	1675060151231	1675060151840	OK	 
REQUEST		Individual Contribution-Retrieve the individual data of knolder like his email,contribution and the score of each contribution	1675060151602	1675060151911	OK	 
REQUEST		Reputation- Fetch monthly contributions and all-time contributions data	1675060150423	1675060151924	OK	 
REQUEST		Dynamic Score -Fetches all the points of Contribution	1675060151887	1675060152188	OK	 
REQUEST		Monthly Contribution-Fetch monthly data of user like contributions done in a month and scored according to contribution	1675060151442	1675060152329	OK	 
USER	Summary API	START	1675060152442
USER	Summary API	END	1675060152532
REQUEST		Hall of Frame-Fetches the top five monthly rankers for all the months in each year	1675060151986	1675060152591	OK	 
REQUEST		Individual Contribution-Retrieve the individual data of knolder like his email,contribution and the score of each contribution	1675060152280	1675060152694	OK	 
REQUEST		Reputation- Fetch monthly contributions and all-time contributions data	1675060151445	1675060152924	OK	 
REQUEST		Monthly Contribution-Fetch monthly data of user like contributions done in a month and scored according to contribution	1675060152442	1675060153339	OK	 
REQUEST		Hall of Frame-Fetches the top five monthly rankers for all the months in each year	1675060152797	1675060153399	OK	 
REQUEST		Dynamic Score -Fetches all the points of Contribution	1675060153130	1675060153434	OK	 
USER	Summary API	START	1675060153442
REQUEST		Individual Contribution-Retrieve the individual data of knolder like his email,contribution and the score of each contribution	1675060153150	1675060153449	OK	 
USER	Summary API	END	1675060153550
REQUEST		Reputation- Fetch monthly contributions and all-time contributions data	1675060152340	1675060153853	OK	 
REQUEST		Dynamic Score -Fetches all the points of Contribution	1675060154010	1675060154312	OK	 
REQUEST		Monthly Contribution-Fetch monthly data of user like contributions done in a month and scored according to contribution	1675060153442	1675060154331	OK	 
REQUEST		Hall of Frame-Fetches the top five monthly rankers for all the months in each year	1675060153774	1675060154361	OK	 
REQUEST		Individual Contribution-Retrieve the individual data of knolder like his email,contribution and the score of each contribution	1675060154115	1675060154414	OK	 
USER	Summary API	START	1675060154441
REQUEST		Reputation- Fetch monthly contributions and all-time contributions data	1675060153319	1675060154783	OK	 
USER	Summary API	END	1675060154912
REQUEST		Dynamic Score -Fetches all the points of Contribution	1675060154840	1675060155141	OK	 
REQUEST		Monthly Contribution-Fetch monthly data of user like contributions done in a month and scored according to contribution	1675060154442	1675060155339	OK	 
USER	Summary API	START	1675060155442
REQUEST		Individual Contribution-Retrieve the individual data of knolder like his email,contribution and the score of each contribution	1675060155189	1675060155495	OK	 
REQUEST		Hall of Frame-Fetches the top five monthly rankers for all the months in each year	1675060154925	1675060155534	OK	 
USER	Summary API	END	1675060155695
REQUEST		Reputation- Fetch monthly contributions and all-time contributions data	1675060154344	1675060155866	OK	 
REQUEST		Dynamic Score -Fetches all the points of Contribution	1675060155591	1675060155906	OK	 
REQUEST		Monthly Contribution-Fetch monthly data of user like contributions done in a month and scored according to contribution	1675060155442	1675060156387	OK	 
USER	Summary API	START	1675060156442
USER	Summary API	END	1675060156450
REQUEST		Hall of Frame-Fetches the top five monthly rankers for all the months in each year	1675060155925	1675060156689	OK	 
REQUEST		Dynamic Score -Fetches all the points of Contribution	1675060156399	1675060156704	OK	 
REQUEST		Individual Contribution-Retrieve the individual data of knolder like his email,contribution and the score of each contribution	1675060156435	1675060156741	OK	 
REQUEST		Reputation- Fetch monthly contributions and all-time contributions data	1675060155330	1675060156960	OK	 
REQUEST		Monthly Contribution-Fetch monthly data of user like contributions done in a month and scored according to contribution	1675060156442	1675060157355	OK	 
USER	Summary API	END	1675060157415
USER	Summary API	START	1675060157441
REQUEST		Hall of Frame-Fetches the top five monthly rankers for all the months in each year	1675060156853	1675060157473	OK	 
REQUEST		Individual Contribution-Retrieve the individual data of knolder like his email,contribution and the score of each contribution	1675060157313	1675060157613	OK	 
REQUEST		Dynamic Score -Fetches all the points of Contribution	1675060157362	1675060157666	OK	 
REQUEST		Reputation- Fetch monthly contributions and all-time contributions data	1675060156339	1675060157831	OK	 
REQUEST		Hall of Frame-Fetches the top five monthly rankers for all the months in each year	1675060157783	1675060158380	OK	 
REQUEST		Monthly Contribution-Fetch monthly data of user like contributions done in a month and scored according to contribution	1675060157442	1675060158411	OK	 
USER	Summary API	START	1675060158441
REQUEST		Individual Contribution-Retrieve the individual data of knolder like his email,contribution and the score of each contribution	1675060158142	1675060158453	OK	 
USER	Summary API	END	1675060158496
REQUEST		Reputation- Fetch monthly contributions and all-time contributions data	1675060157332	1675060158830	OK	 
REQUEST		Dynamic Score -Fetches all the points of Contribution	1675060158535	1675060158841	OK	 
REQUEST		Individual Contribution-Retrieve the individual data of knolder like his email,contribution and the score of each contribution	1675060158906	1675060159204	OK	 
REQUEST		Monthly Contribution-Fetch monthly data of user like contributions done in a month and scored according to contribution	1675060158442	1675060159319	OK	 
USER	Summary API	START	1675060159442
REQUEST		Hall of Frame-Fetches the top five monthly rankers for all the months in each year	1675060158867	1675060159457	OK	 
USER	Summary API	END	1675060159742
REQUEST		Reputation- Fetch monthly contributions and all-time contributions data	1675060158340	1675060159815	OK	 
REQUEST		Dynamic Score -Fetches all the points of Contribution	1675060159689	1675060160011	OK	 
REQUEST		Individual Contribution-Retrieve the individual data of knolder like his email,contribution and the score of each contribution	1675060159705	1675060160013	OK	 
REQUEST		Monthly Contribution-Fetch monthly data of user like contributions done in a month and scored according to contribution	1675060159442	1675060160338	OK	 
USER	Summary API	START	1675060160441
REQUEST		Hall of Frame-Fetches the top five monthly rankers for all the months in each year	1675060159961	1675060160546	OK	 
USER	Summary API	END	1675060160614
REQUEST		Dynamic Score -Fetches all the points of Contribution	1675060160474	1675060160776	OK	 
REQUEST		Reputation- Fetch monthly contributions and all-time contributions data	1675060159388	1675060160867	OK	 
REQUEST		Individual Contribution-Retrieve the individual data of knolder like his email,contribution and the score of each contribution	1675060160667	1675060160963	OK	 
REQUEST		Monthly Contribution-Fetch monthly data of user like contributions done in a month and scored according to contribution	1675060160441	1675060161350	OK	 
REQUEST		Hall of Frame-Fetches the top five monthly rankers for all the months in each year	1675060160832	1675060161439	OK	 
USER	Summary API	START	1675060161442
USER	Summary API	END	1675060161453
REQUEST		Dynamic Score -Fetches all the points of Contribution	1675060161381	1675060161679	OK	 
REQUEST		Reputation- Fetch monthly contributions and all-time contributions data	1675060160356	1675060161870	OK	 
REQUEST		Individual Contribution-Retrieve the individual data of knolder like his email,contribution and the score of each contribution	1675060161842	1675060162159	OK	 
USER	Summary API	END	1675060162205
REQUEST		Monthly Contribution-Fetch monthly data of user like contributions done in a month and scored according to contribution	1675060161442	1675060162311	OK	 
REQUEST		Hall of Frame-Fetches the top five monthly rankers for all the months in each year	1675060161830	1675060162428	OK	 
USER	Summary API	START	1675060162442
REQUEST		Dynamic Score -Fetches all the points of Contribution	1675060162458	1675060162766	OK	 
REQUEST		Reputation- Fetch monthly contributions and all-time contributions data	1675060161411	1675060162878	OK	 
USER	Summary API	END	1675060163014
REQUEST		Individual Contribution-Retrieve the individual data of knolder like his email,contribution and the score of each contribution	1675060163012	1675060163313	OK	 
REQUEST		Monthly Contribution-Fetch monthly data of user like contributions done in a month and scored according to contribution	1675060162442	1675060163316	OK	 
REQUEST		Hall of Frame-Fetches the top five monthly rankers for all the months in each year	1675060162816	1675060163416	OK	 
USER	Summary API	START	1675060163442
REQUEST		Reputation- Fetch monthly contributions and all-time contributions data	1675060162320	1675060163782	OK	 
REQUEST		Dynamic Score -Fetches all the points of Contribution	1675060163547	1675060163843	OK	 
USER	Summary API	END	1675060163964
REQUEST		Individual Contribution-Retrieve the individual data of knolder like his email,contribution and the score of each contribution	1675060163777	1675060164078	OK	 
REQUEST		Monthly Contribution-Fetch monthly data of user like contributions done in a month and scored according to contribution	1675060163442	1675060164356	OK	 
USER	Summary API	START	1675060164442
REQUEST		Hall of Frame-Fetches the top five monthly rankers for all the months in each year	1675060163867	1675060164461	OK	 
REQUEST		Dynamic Score -Fetches all the points of Contribution	1675060164439	1675060164745	OK	 
REQUEST		Reputation- Fetch monthly contributions and all-time contributions data	1675060163338	1675060164821	OK	 
REQUEST		Individual Contribution-Retrieve the individual data of knolder like his email,contribution and the score of each contribution	1675060164679	1675060164978	OK	 
USER	Summary API	END	1675060165160
REQUEST		Monthly Contribution-Fetch monthly data of user like contributions done in a month and scored according to contribution	1675060164442	1675060165338	OK	 
USER	Summary API	START	1675060165442
REQUEST		Hall of Frame-Fetches the top five monthly rankers for all the months in each year	1675060164870	1675060165478	OK	 
REQUEST		Dynamic Score -Fetches all the points of Contribution	1675060165429	1675060165730	OK	 
REQUEST		Reputation- Fetch monthly contributions and all-time contributions data	1675060164350	1675060165827	OK	 
REQUEST		Individual Contribution-Retrieve the individual data of knolder like his email,contribution and the score of each contribution	1675060165767	1675060166067	OK	 
USER	Summary API	END	1675060166314
REQUEST		Monthly Contribution-Fetch monthly data of user like contributions done in a month and scored according to contribution	1675060165442	1675060166321	OK	 
USER	Summary API	START	1675060166442
REQUEST		Hall of Frame-Fetches the top five monthly rankers for all the months in each year	1675060165879	1675060166479	OK	 
REQUEST		Dynamic Score -Fetches all the points of Contribution	1675060166417	1675060166717	OK	 
REQUEST		Reputation- Fetch monthly contributions and all-time contributions data	1675060165312	1675060166778	OK	 
USER	Summary API	END	1675060167079
REQUEST		Individual Contribution-Retrieve the individual data of knolder like his email,contribution and the score of each contribution	1675060166843	1675060167140	OK	 
REQUEST		Monthly Contribution-Fetch monthly data of user like contributions done in a month and scored according to contribution	1675060166443	1675060167343	OK	 
REQUEST		Hall of Frame-Fetches the top five monthly rankers for all the months in each year	1675060166783	1675060167384	OK	 
REQUEST		Dynamic Score -Fetches all the points of Contribution	1675060167461	1675060167762	OK	 
REQUEST		Reputation- Fetch monthly contributions and all-time contributions data	1675060166317	1675060167787	OK	 
USER	Summary API	END	1675060167979
REQUEST		Individual Contribution-Retrieve the individual data of knolder like his email,contribution and the score of each contribution	1675060167746	1675060168049	OK	 
REQUEST		Hall of Frame-Fetches the top five monthly rankers for all the months in each year	1675060167822	1675060168417	OK	 
REQUEST		Dynamic Score -Fetches all the points of Contribution	1675060168479	1675060168786	OK	 
REQUEST		Reputation- Fetch monthly contributions and all-time contributions data	1675060167356	1675060168913	OK	 
REQUEST		Individual Contribution-Retrieve the individual data of knolder like his email,contribution and the score of each contribution	1675060168731	1675060169034	OK	 
USER	Summary API	END	1675060169069
REQUEST		Hall of Frame-Fetches the top five monthly rankers for all the months in each year	1675060168828	1675060169427	OK	 
REQUEST		Dynamic Score -Fetches all the points of Contribution	1675060169480	1675060169777	OK	 
REQUEST		Reputation- Fetch monthly contributions and all-time contributions data	1675060168338	1675060169824	OK	 
REQUEST		Individual Contribution-Retrieve the individual data of knolder like his email,contribution and the score of each contribution	1675060169718	1675060170019	OK	 
USER	Summary API	END	1675060170141
REQUEST		Hall of Frame-Fetches the top five monthly rankers for all the months in each year	1675060169779	1675060170385	OK	 
REQUEST		Dynamic Score -Fetches all the points of Contribution	1675060170384	1675060170684	OK	 
REQUEST		Reputation- Fetch monthly contributions and all-time contributions data	1675060169322	1675060170784	OK	 
USER	Summary API	END	1675060171050
REQUEST		Individual Contribution-Retrieve the individual data of knolder like his email,contribution and the score of each contribution	1675060170763	1675060171069	OK	 
REQUEST		Hall of Frame-Fetches the top five monthly rankers for all the months in each year	1675060170787	1675060171394	OK	 
REQUEST		Dynamic Score -Fetches all the points of Contribution	1675060171418	1675060171723	OK	 
REQUEST		Reputation- Fetch monthly contributions and all-time contributions data	1675060170344	1675060171846	OK	 
USER	Summary API	END	1675060172035
REQUEST		Individual Contribution-Retrieve the individual data of knolder like his email,contribution and the score of each contribution	1675060171787	1675060172096	OK	 
REQUEST		Hall of Frame-Fetches the top five monthly rankers for all the months in each year	1675060171914	1675060172532	OK	 
REQUEST		Dynamic Score -Fetches all the points of Contribution	1675060172427	1675060172731	OK	 
USER	Summary API	END	1675060173020
REQUEST		Individual Contribution-Retrieve the individual data of knolder like his email,contribution and the score of each contribution	1675060172778	1675060173077	OK	 
REQUEST		Dynamic Score -Fetches all the points of Contribution	1675060173386	1675060173895	OK	 
REQUEST		Hall of Frame-Fetches the top five monthly rankers for all the months in each year	1675060172825	1675060173898	OK	 
REQUEST		Individual Contribution-Retrieve the individual data of knolder like his email,contribution and the score of each contribution	1675060173685	1675060174000	OK	 
USER	Summary API	END	1675060174070
REQUEST		Hall of Frame-Fetches the top five monthly rankers for all the months in each year	1675060173785	1675060174468	OK	 
REQUEST		Dynamic Score -Fetches all the points of Contribution	1675060174395	1675060174699	OK	 
REQUEST		Individual Contribution-Retrieve the individual data of knolder like his email,contribution and the score of each contribution	1675060174723	1675060175026	OK	 
USER	Summary API	END	1675060175097
REQUEST		Hall of Frame-Fetches the top five monthly rankers for all the months in each year	1675060174847	1675060175451	OK	 
REQUEST		Dynamic Score -Fetches all the points of Contribution	1675060175533	1675060175845	OK	 
REQUEST		Individual Contribution-Retrieve the individual data of knolder like his email,contribution and the score of each contribution	1675060175732	1675060176043	OK	 
USER	Summary API	END	1675060176078
USER	Summary API	END	1675060177001
REQUEST		Individual Contribution-Retrieve the individual data of knolder like his email,contribution and the score of each contribution	1675060176896	1675060177195	OK	 
REQUEST		Dynamic Score -Fetches all the points of Contribution	1675060176899	1675060177200	OK	 
REQUEST		Dynamic Score -Fetches all the points of Contribution	1675060177468	1675060177765	OK	 
REQUEST		Individual Contribution-Retrieve the individual data of knolder like his email,contribution and the score of each contribution	1675060177700	1675060177996	OK	 
USER	Summary API	END	1675060178027
REQUEST		Dynamic Score -Fetches all the points of Contribution	1675060178452	1675060178763	OK	 
USER	Summary API	END	1675060179044
REQUEST		Individual Contribution-Retrieve the individual data of knolder like his email,contribution and the score of each contribution	1675060178846	1675060179157	OK	 
USER	Summary API	END	1675060180196
REQUEST		Individual Contribution-Retrieve the individual data of knolder like his email,contribution and the score of each contribution	1675060180200	1675060180509	OK	 
USER	Summary API	END	1675060180997
REQUEST		Individual Contribution-Retrieve the individual data of knolder like his email,contribution and the score of each contribution	1675060180765	1675060181065	OK	 
REQUEST		Individual Contribution-Retrieve the individual data of knolder like his email,contribution and the score of each contribution	1675060181763	1675060182066	OK	 
USER	Summary API	END	1675060182158
USER	Summary API	END	1675060183510
USER	Summary API	END	1675060184066
USER	Summary API	END	1675060185067
