RUN	Simulations.Runner.Runner	runner	1673961123694	 	3.5.1
USER	Leaderboard API	START	1673961129981
USER	Leaderboard API	START	1673961130176
USER	Leaderboard API	START	1673961130377
USER	Leaderboard API	START	1673961130578
USER	Leaderboard API	START	1673961130779
REQUEST		Last Contribution	1673961130010	1673961130871	OK	 
USER	Leaderboard API	START	1673961130979
REQUEST		Last Contribution	1673961130176	1673961131033	OK	 
USER	Leaderboard API	START	1673961131176
REQUEST		Last Contribution	1673961130378	1673961131221	OK	 
USER	Leaderboard API	START	1673961131377
REQUEST		Last Contribution	1673961130579	1673961131428	OK	 
USER	Leaderboard API	START	1673961131577
REQUEST		Last Contribution	1673961130780	1673961131624	OK	 
USER	Leaderboard API	START	1673961131777
REQUEST		Last Contribution	1673961130980	1673961131824	OK	 
USER	Leaderboard API	START	1673961131977
REQUEST		Last Contribution	1673961131177	1673961132032	OK	 
USER	Leaderboard API	START	1673961132175
REQUEST		Last Contribution	1673961131377	1673961132233	OK	 
USER	Leaderboard API	START	1673961132376
REQUEST		Last Contribution	1673961131577	1673961132429	OK	 
USER	Leaderboard API	START	1673961132576
REQUEST		Last Contribution	1673961131777	1673961132631	OK	 
USER	Leaderboard API	START	1673961132777
REQUEST		Last Contribution	1673961131978	1673961132844	OK	 
USER	Leaderboard API	START	1673961132977
REQUEST		Last Contribution	1673961132176	1673961133004	OK	 
USER	Leaderboard API	START	1673961133176
REQUEST		Last Contribution	1673961132376	1673961133228	OK	 
USER	Leaderboard API	START	1673961133376
REQUEST		Last Contribution	1673961132577	1673961133415	OK	 
USER	Leaderboard API	START	1673961133576
REQUEST		Last Contribution	1673961132777	1673961133617	OK	 
USER	Leaderboard API	START	1673961133776
REQUEST		Last Contribution	1673961132977	1673961133825	OK	 
USER	Leaderboard API	END	1673961133892
USER	Leaderboard API	START	1673961133977
REQUEST		Last Contribution	1673961133176	1673961134026	OK	 
USER	Leaderboard API	END	1673961134035
USER	Leaderboard API	START	1673961134176
USER	Leaderboard API	END	1673961134222
REQUEST		Last Contribution	1673961133376	1673961134230	OK	 
USER	Leaderboard API	START	1673961134377
USER	Leaderboard API	END	1673961134430
REQUEST		Last Contribution	1673961133576	1673961134432	OK	 
USER	Leaderboard API	START	1673961134577
REQUEST		Last Contribution	1673961133777	1673961134611	OK	 
USER	Leaderboard API	END	1673961134625
USER	Leaderboard API	START	1673961134777
USER	Leaderboard API	END	1673961134826
REQUEST		Last Contribution	1673961133977	1673961134832	OK	 
USER	Leaderboard API	START	1673961134977
REQUEST		Last Contribution	1673961134177	1673961135025	OK	 
USER	Leaderboard API	END	1673961135033
USER	Leaderboard API	START	1673961135175
REQUEST		Last Contribution	1673961134377	1673961135228	OK	 
USER	Leaderboard API	END	1673961135234
USER	Leaderboard API	START	1673961135376
REQUEST		Last Contribution	1673961134577	1673961135414	OK	 
USER	Leaderboard API	END	1673961135431
USER	Leaderboard API	START	1673961135577
REQUEST		Last Contribution	1673961134777	1673961135615	OK	 
USER	Leaderboard API	END	1673961135633
USER	Leaderboard API	START	1673961135777
REQUEST		Last Contribution	1673961134978	1673961135823	OK	 
USER	Leaderboard API	END	1673961135846
USER	Leaderboard API	START	1673961135977
USER	Leaderboard API	END	1673961136005
REQUEST		Last Contribution	1673961135176	1673961136017	OK	 
USER	Leaderboard API	START	1673961136177
REQUEST		Last Contribution	1673961135377	1673961136216	OK	 
USER	Leaderboard API	END	1673961136230
USER	Leaderboard API	START	1673961136376
REQUEST		Last Contribution	1673961135577	1673961136416	OK	 
USER	Leaderboard API	END	1673961136416
USER	Leaderboard API	START	1673961136577
USER	Leaderboard API	END	1673961136619
REQUEST		Last Contribution	1673961135778	1673961136629	OK	 
USER	Leaderboard API	START	1673961136777
REQUEST		Last Contribution	1673961135977	1673961136817	OK	 
USER	Leaderboard API	END	1673961136826
USER	Leaderboard API	START	1673961136977
REQUEST		Last Contribution	1673961136177	1673961137013	OK	 
USER	Leaderboard API	END	1673961137028
USER	Leaderboard API	START	1673961137176
USER	Leaderboard API	END	1673961137232
REQUEST		Last Contribution	1673961136377	1673961137233	OK	 
USER	Leaderboard API	START	1673961137376
REQUEST		Last Contribution	1673961136577	1673961137418	OK	 
USER	Leaderboard API	END	1673961137434
USER	Leaderboard API	START	1673961137577
USER	Leaderboard API	END	1673961137612
REQUEST		Last Contribution	1673961136777	1673961137615	OK	 
USER	Leaderboard API	START	1673961137777
REQUEST		Last Contribution	1673961136977	1673961137813	OK	 
USER	Leaderboard API	END	1673961137833
USER	Leaderboard API	START	1673961137977
USER	Leaderboard API	END	1673961138027
REQUEST		Last Contribution	1673961137176	1673961138032	OK	 
USER	Leaderboard API	START	1673961138177
REQUEST		Last Contribution	1673961137377	1673961138210	OK	 
USER	Leaderboard API	END	1673961138229
USER	Leaderboard API	START	1673961138377
USER	Leaderboard API	END	1673961138415
REQUEST		Last Contribution	1673961137577	1673961138429	OK	 
USER	Leaderboard API	START	1673961138577
USER	Leaderboard API	END	1673961138617
REQUEST		Last Contribution	1673961137777	1673961138623	OK	 
USER	Leaderboard API	START	1673961138777
REQUEST		Last Contribution	1673961137977	1673961138814	OK	 
USER	Leaderboard API	END	1673961138824
USER	Leaderboard API	START	1673961138977
USER	Leaderboard API	END	1673961139018
REQUEST		Last Contribution	1673961138177	1673961139040	OK	 
USER	Leaderboard API	START	1673961139176
USER	Leaderboard API	END	1673961139217
REQUEST		Last Contribution	1673961138378	1673961139223	OK	 
USER	Leaderboard API	START	1673961139376
USER	Leaderboard API	END	1673961139417
REQUEST		Last Contribution	1673961138578	1673961139427	OK	 
USER	Leaderboard API	START	1673961139576
REQUEST		Last Contribution	1673961138777	1673961139624	OK	 
USER	Leaderboard API	END	1673961139630
USER	Leaderboard API	START	1673961139776
REQUEST		Last Contribution	1673961138977	1673961139813	OK	 
USER	Leaderboard API	END	1673961139818
USER	Leaderboard API	START	1673961139976
USER	Leaderboard API	END	1673961140014
REQUEST		Last Contribution	1673961139177	1673961140017	OK	 
USER	Leaderboard API	START	1673961140176
REQUEST		Last Contribution	1673961139377	1673961140212	OK	 
USER	Leaderboard API	END	1673961140234
USER	Leaderboard API	START	1673961140376
USER	Leaderboard API	END	1673961140420
REQUEST		Last Contribution	1673961139577	1673961140429	OK	 
USER	Leaderboard API	START	1673961140576
REQUEST		Last Contribution	1673961139777	1673961140610	OK	 
USER	Leaderboard API	END	1673961140616
USER	Leaderboard API	START	1673961140776
REQUEST		Last Contribution	1673961139977	1673961140810	OK	 
USER	Leaderboard API	END	1673961140814
USER	Leaderboard API	START	1673961140976
REQUEST		Last Contribution	1673961140176	1673961141030	OK	 
USER	Leaderboard API	END	1673961141033
USER	Leaderboard API	START	1673961141176
USER	Leaderboard API	END	1673961141212
REQUEST		Last Contribution	1673961140376	1673961141219	OK	 
USER	Leaderboard API	START	1673961141376
USER	Leaderboard API	END	1673961141431
REQUEST		Last Contribution	1673961140576	1673961141442	OK	 
USER	Leaderboard API	START	1673961141576
USER	Leaderboard API	END	1673961141625
REQUEST		Last Contribution	1673961140777	1673961141625	OK	 
USER	Leaderboard API	START	1673961141776
USER	Leaderboard API	END	1673961141815
REQUEST		Last Contribution	1673961140977	1673961141829	OK	 
USER	Leaderboard API	START	1673961141976
REQUEST		Last Contribution	1673961141177	1673961142024	OK	 
USER	Leaderboard API	END	1673961142042
USER	Leaderboard API	START	1673961142176
USER	Leaderboard API	END	1673961142224
REQUEST		Last Contribution	1673961141377	1673961142241	OK	 
USER	Leaderboard API	START	1673961142376
REQUEST		Last Contribution	1673961141577	1673961142413	OK	 
USER	Leaderboard API	END	1673961142428
USER	Leaderboard API	START	1673961142576
REQUEST		Last Contribution	1673961141777	1673961142614	OK	 
USER	Leaderboard API	END	1673961142625
USER	Leaderboard API	START	1673961142776
USER	Leaderboard API	END	1673961142814
REQUEST		Last Contribution	1673961141977	1673961142845	OK	 
USER	Leaderboard API	START	1673961142976
USER	Leaderboard API	END	1673961143019
REQUEST		Last Contribution	1673961142176	1673961143021	OK	 
USER	Leaderboard API	START	1673961143176
USER	Leaderboard API	END	1673961143214
REQUEST		Last Contribution	1673961142376	1673961143257	OK	 
USER	Leaderboard API	START	1673961143376
REQUEST		Last Contribution	1673961142577	1673961143418	OK	 
USER	Leaderboard API	END	1673961143431
USER	Leaderboard API	START	1673961143576
USER	Leaderboard API	END	1673961143612
REQUEST		Last Contribution	1673961142777	1673961143624	OK	 
USER	Leaderboard API	START	1673961143776
USER	Leaderboard API	END	1673961143812
REQUEST		Last Contribution	1673961142977	1673961143814	OK	 
USER	Leaderboard API	START	1673961143976
REQUEST		Last Contribution	1673961143177	1673961144013	OK	 
USER	Leaderboard API	END	1673961144031
USER	Leaderboard API	START	1673961144176
USER	Leaderboard API	END	1673961144220
REQUEST		Last Contribution	1673961143376	1673961144225	OK	 
USER	Leaderboard API	START	1673961144376
REQUEST		Last Contribution	1673961143576	1673961144437	OK	 
USER	Leaderboard API	END	1673961144444
USER	Leaderboard API	START	1673961144576
REQUEST		Last Contribution	1673961143776	1673961144610	OK	 
USER	Leaderboard API	END	1673961144626
USER	Leaderboard API	START	1673961144776
REQUEST		Last Contribution	1673961143976	1673961144817	OK	 
USER	Leaderboard API	END	1673961144831
USER	Leaderboard API	START	1673961144976
REQUEST		Last Contribution	1673961144176	1673961145019	OK	 
USER	Leaderboard API	END	1673961145026
USER	Leaderboard API	START	1673961145176
REQUEST		Last Contribution	1673961144376	1673961145221	OK	 
USER	Leaderboard API	END	1673961145242
USER	Leaderboard API	START	1673961145376
USER	Leaderboard API	END	1673961145414
REQUEST		Last Contribution	1673961144576	1673961145421	OK	 
USER	Leaderboard API	START	1673961145576
USER	Leaderboard API	END	1673961145615
REQUEST		Last Contribution	1673961144776	1673961145628	OK	 
USER	Leaderboard API	START	1673961145776
REQUEST		Last Contribution	1673961144976	1673961145813	OK	 
USER	Leaderboard API	END	1673961145847
USER	Leaderboard API	START	1673961145976
USER	Leaderboard API	END	1673961146022
REQUEST		Last Contribution	1673961145176	1673961146035	OK	 
USER	Leaderboard API	START	1673961146176
REQUEST		Last Contribution	1673961145376	1673961146211	OK	 
USER	Leaderboard API	END	1673961146258
USER	Leaderboard API	START	1673961146376
USER	Leaderboard API	END	1673961146419
REQUEST		Last Contribution	1673961145576	1673961146436	OK	 
USER	Leaderboard API	START	1673961146576
REQUEST		Last Contribution	1673961145776	1673961146610	OK	 
USER	Leaderboard API	END	1673961146625
USER	Leaderboard API	START	1673961146776
REQUEST		Last Contribution	1673961145976	1673961146814	OK	 
USER	Leaderboard API	END	1673961146815
USER	Leaderboard API	START	1673961146976
USER	Leaderboard API	END	1673961147014
REQUEST		Last Contribution	1673961146177	1673961147018	OK	 
USER	Leaderboard API	START	1673961147176
USER	Leaderboard API	END	1673961147226
REQUEST		Last Contribution	1673961146377	1673961147238	OK	 
USER	Leaderboard API	START	1673961147376
REQUEST		Last Contribution	1673961146576	1673961147419	OK	 
USER	Leaderboard API	END	1673961147439
USER	Leaderboard API	START	1673961147576
USER	Leaderboard API	END	1673961147611
REQUEST		Last Contribution	1673961146776	1673961147615	OK	 
USER	Leaderboard API	START	1673961147776
REQUEST		Last Contribution	1673961146977	1673961147811	OK	 
USER	Leaderboard API	END	1673961147818
USER	Leaderboard API	START	1673961147976
REQUEST		Last Contribution	1673961147176	1673961148005	OK	 
USER	Leaderboard API	END	1673961148021
USER	Leaderboard API	START	1673961148176
REQUEST		Last Contribution	1673961147376	1673961148217	OK	 
USER	Leaderboard API	END	1673961148222
USER	Leaderboard API	START	1673961148376
USER	Leaderboard API	END	1673961148422
REQUEST		Last Contribution	1673961147576	1673961148424	OK	 
USER	Leaderboard API	START	1673961148576
REQUEST		Last Contribution	1673961147777	1673961148611	OK	 
USER	Leaderboard API	END	1673961148630
USER	Leaderboard API	START	1673961148776
USER	Leaderboard API	END	1673961148814
REQUEST		Last Contribution	1673961147977	1673961148836	OK	 
USER	Leaderboard API	START	1673961148976
REQUEST		Last Contribution	1673961148177	1673961149031	OK	 
USER	Leaderboard API	END	1673961149036
USER	Leaderboard API	START	1673961149176
REQUEST		Last Contribution	1673961148376	1673961149205	OK	 
USER	Leaderboard API	END	1673961149212
USER	Leaderboard API	START	1673961149376
REQUEST		Last Contribution	1673961148577	1673961149427	OK	 
USER	Leaderboard API	END	1673961149437
USER	Leaderboard API	START	1673961149576
USER	Leaderboard API	END	1673961149611
REQUEST		Last Contribution	1673961148777	1673961149617	OK	 
USER	Leaderboard API	START	1673961149776
USER	Leaderboard API	END	1673961149816
REQUEST		Last Contribution	1673961148977	1673961149820	OK	 
USER	Leaderboard API	START	1673961149976
USER	Leaderboard API	END	1673961150019
REQUEST		Last Contribution	1673961149176	1673961150029	OK	 
USER	Leaderboard API	START	1673961150176
REQUEST		Last Contribution	1673961149376	1673961150222	OK	 
USER	Leaderboard API	END	1673961150239
USER	Leaderboard API	START	1673961150376
USER	Leaderboard API	END	1673961150420
REQUEST		Last Contribution	1673961149576	1673961150427	OK	 
USER	Leaderboard API	START	1673961150576
USER	Leaderboard API	END	1673961150617
REQUEST		Last Contribution	1673961149776	1673961150620	OK	 
USER	Leaderboard API	START	1673961150776
REQUEST		Last Contribution	1673961149976	1673961150811	OK	 
USER	Leaderboard API	END	1673961150812
USER	Leaderboard API	START	1673961150976
USER	Leaderboard API	END	1673961151006
REQUEST		Last Contribution	1673961150176	1673961151020	OK	 
USER	Leaderboard API	START	1673961151176
USER	Leaderboard API	END	1673961151218
REQUEST		Last Contribution	1673961150377	1673961151230	OK	 
USER	Leaderboard API	START	1673961151376
REQUEST		Last Contribution	1673961150576	1673961151416	OK	 
USER	Leaderboard API	END	1673961151425
USER	Leaderboard API	START	1673961151576
USER	Leaderboard API	END	1673961151613
REQUEST		Last Contribution	1673961150777	1673961151625	OK	 
USER	Leaderboard API	START	1673961151776
REQUEST		Last Contribution	1673961150977	1673961151822	OK	 
USER	Leaderboard API	END	1673961151837
USER	Leaderboard API	START	1673961151976
REQUEST		Last Contribution	1673961151176	1673961152021	OK	 
USER	Leaderboard API	END	1673961152032
USER	Leaderboard API	START	1673961152175
USER	Leaderboard API	END	1673961152206
REQUEST		Last Contribution	1673961151377	1673961152241	OK	 
USER	Leaderboard API	START	1673961152375
USER	Leaderboard API	END	1673961152428
REQUEST		Last Contribution	1673961151577	1673961152436	OK	 
USER	Leaderboard API	START	1673961152575
REQUEST		Last Contribution	1673961151777	1673961152613	OK	 
USER	Leaderboard API	END	1673961152618
USER	Leaderboard API	START	1673961152776
USER	Leaderboard API	END	1673961152821
REQUEST		Last Contribution	1673961151977	1673961152821	OK	 
USER	Leaderboard API	START	1673961152976
REQUEST		Last Contribution	1673961152176	1673961153002	OK	 
USER	Leaderboard API	END	1673961153030
USER	Leaderboard API	START	1673961153176
USER	Leaderboard API	END	1673961153223
REQUEST		Last Contribution	1673961152376	1673961153237	OK	 
USER	Leaderboard API	START	1673961153376
USER	Leaderboard API	END	1673961153428
REQUEST		Last Contribution	1673961152576	1673961153445	OK	 
USER	Leaderboard API	START	1673961153576
USER	Leaderboard API	END	1673961153621
REQUEST		Last Contribution	1673961152776	1673961153774	OK	 
USER	Leaderboard API	START	1673961153776
USER	Leaderboard API	END	1673961153812
USER	Leaderboard API	START	1673961153976
REQUEST		Last Contribution	1673961152976	1673961153978	OK	 
USER	Leaderboard API	END	1673961154021
USER	Leaderboard API	START	1673961154176
REQUEST		Last Contribution	1673961153177	1673961154183	OK	 
USER	Leaderboard API	END	1673961154231
USER	Leaderboard API	START	1673961154376
REQUEST		Last Contribution	1673961153377	1673961154393	OK	 
USER	Leaderboard API	END	1673961154417
USER	Leaderboard API	START	1673961154576
REQUEST		Last Contribution	1673961153577	1673961154591	OK	 
USER	Leaderboard API	END	1673961154626
USER	Leaderboard API	START	1673961154776
REQUEST		Last Contribution	1673961153776	1673961154798	OK	 
USER	Leaderboard API	END	1673961154823
REQUEST		Last Contribution	1673961153977	1673961155000	OK	 
USER	Leaderboard API	START	1673961154976
USER	Leaderboard API	END	1673961155022
USER	Leaderboard API	START	1673961155176
REQUEST		Last Contribution	1673961154176	1673961155205	OK	 
USER	Leaderboard API	END	1673961155242
USER	Leaderboard API	START	1673961155376
REQUEST		Last Contribution	1673961154376	1673961155412	OK	 
USER	Leaderboard API	END	1673961155437
USER	Leaderboard API	START	1673961155576
USER	Leaderboard API	END	1673961155614
REQUEST		Last Contribution	1673961154576	1673961155615	OK	 
REQUEST		Last Contribution	1673961154776	1673961155704	OK	 
USER	Leaderboard API	START	1673961155776
USER	Leaderboard API	END	1673961155822
REQUEST		Last Contribution	1673961154976	1673961155909	OK	 
USER	Leaderboard API	START	1673961155976
USER	Leaderboard API	END	1673961156003
REQUEST		Last Contribution	1673961155177	1673961156045	OK	 
USER	Leaderboard API	START	1673961156176
USER	Leaderboard API	END	1673961156238
REQUEST		Last Contribution	1673961155376	1673961156253	OK	 
USER	Leaderboard API	START	1673961156376
USER	Leaderboard API	END	1673961156447
REQUEST		Last Contribution	1673961155577	1673961156461	OK	 
USER	Leaderboard API	START	1673961156576
REQUEST		Last Contribution	1673961155777	1673961156614	OK	 
USER	Leaderboard API	END	1673961156776
USER	Leaderboard API	START	1673961156776
REQUEST		Last Contribution	1673961155977	1673961156814	OK	 
USER	Leaderboard API	START	1673961156976
USER	Leaderboard API	END	1673961156981
REQUEST		Last Contribution	1673961156176	1673961157019	OK	 
USER	Leaderboard API	START	1673961157176
USER	Leaderboard API	END	1673961157184
REQUEST		Last Contribution	1673961156376	1673961157218	OK	 
USER	Leaderboard API	START	1673961157376
USER	Leaderboard API	END	1673961157395
REQUEST		Last Contribution	1673961156576	1673961157419	OK	 
USER	Leaderboard API	START	1673961157576
USER	Leaderboard API	END	1673961157592
REQUEST		Last Contribution	1673961156777	1673961157628	OK	 
USER	Leaderboard API	START	1673961157776
USER	Leaderboard API	END	1673961157799
REQUEST		Last Contribution	1673961156976	1673961157817	OK	 
USER	Leaderboard API	START	1673961157976
USER	Leaderboard API	END	1673961158001
REQUEST		Last Contribution	1673961157176	1673961158026	OK	 
USER	Leaderboard API	START	1673961158175
USER	Leaderboard API	END	1673961158206
REQUEST		Last Contribution	1673961157377	1673961158217	OK	 
USER	Leaderboard API	START	1673961158375
USER	Leaderboard API	END	1673961158413
REQUEST		Last Contribution	1673961157577	1673961158422	OK	 
USER	Leaderboard API	START	1673961158575
REQUEST		Last Contribution	1673961157777	1673961158610	OK	 
USER	Leaderboard API	END	1673961158616
USER	Leaderboard API	END	1673961158705
USER	Leaderboard API	START	1673961158775
REQUEST		Last Contribution	1673961157977	1673961158813	OK	 
USER	Leaderboard API	END	1673961158910
USER	Leaderboard API	START	1673961158976
REQUEST		Last Contribution	1673961158176	1673961159011	OK	 
USER	Leaderboard API	END	1673961159047
USER	Leaderboard API	START	1673961159176
REQUEST		Last Contribution	1673961158376	1673961159206	OK	 
USER	Leaderboard API	END	1673961159255
USER	Leaderboard API	START	1673961159376
REQUEST		Last Contribution	1673961158576	1673961159409	OK	 
USER	Leaderboard API	END	1673961159462
USER	Leaderboard API	START	1673961159576
USER	Leaderboard API	END	1673961159616
REQUEST		Last Contribution	1673961158776	1673961159627	OK	 
USER	Leaderboard API	START	1673961159776
USER	Leaderboard API	END	1673961159815
REQUEST		Last Contribution	1673961158976	1673961159823	OK	 
USER	Leaderboard API	START	1673961159976
USER	Leaderboard API	END	1673961160020
REQUEST		Last Contribution	1673961159176	1673961160032	OK	 
USER	Leaderboard API	START	1673961160176
REQUEST		Last Contribution	1673961159376	1673961160209	OK	 
USER	Leaderboard API	END	1673961160219
USER	Leaderboard API	START	1673961160376
REQUEST		Last Contribution	1673961159576	1673961160414	OK	 
USER	Leaderboard API	END	1673961160420
USER	Leaderboard API	START	1673961160576
REQUEST		Last Contribution	1673961159776	1673961160620	OK	 
USER	Leaderboard API	END	1673961160629
USER	Leaderboard API	START	1673961160776
REQUEST		Last Contribution	1673961159976	1673961160814	OK	 
USER	Leaderboard API	END	1673961160818
USER	Leaderboard API	START	1673961160976
REQUEST		Last Contribution	1673961160177	1673961161025	OK	 
USER	Leaderboard API	END	1673961161028
USER	Leaderboard API	START	1673961161175
REQUEST		Last Contribution	1673961160377	1673961161217	OK	 
USER	Leaderboard API	END	1673961161218
USER	Leaderboard API	START	1673961161375
REQUEST		Last Contribution	1673961160577	1673961161416	OK	 
USER	Leaderboard API	END	1673961161424
USER	Leaderboard API	START	1673961161575
REQUEST		Last Contribution	1673961160777	1673961161609	OK	 
USER	Leaderboard API	END	1673961161611
USER	Leaderboard API	START	1673961161776
USER	Leaderboard API	END	1673961161814
REQUEST		Last Contribution	1673961160977	1673961161839	OK	 
USER	Leaderboard API	START	1673961161976
USER	Leaderboard API	END	1673961162012
REQUEST		Last Contribution	1673961161176	1673961162031	OK	 
USER	Leaderboard API	START	1673961162176
USER	Leaderboard API	END	1673961162207
REQUEST		Last Contribution	1673961161376	1673961162209	OK	 
USER	Leaderboard API	START	1673961162376
USER	Leaderboard API	END	1673961162410
REQUEST		Last Contribution	1673961161576	1673961162421	OK	 
USER	Leaderboard API	START	1673961162576
REQUEST		Last Contribution	1673961161776	1673961162620	OK	 
USER	Leaderboard API	END	1673961162629
USER	Leaderboard API	START	1673961162776
USER	Leaderboard API	END	1673961162824
REQUEST		Last Contribution	1673961161976	1673961162828	OK	 
USER	Leaderboard API	START	1673961162976
REQUEST		Last Contribution	1673961162176	1673961163008	OK	 
USER	Leaderboard API	END	1673961163033
USER	Leaderboard API	START	1673961163175
USER	Leaderboard API	END	1673961163210
REQUEST		Last Contribution	1673961162377	1673961163222	OK	 
USER	Leaderboard API	START	1673961163375
REQUEST		Last Contribution	1673961162577	1673961163414	OK	 
USER	Leaderboard API	END	1673961163415
USER	Leaderboard API	START	1673961163575
USER	Leaderboard API	END	1673961163621
REQUEST		Last Contribution	1673961162777	1673961163628	OK	 
USER	Leaderboard API	START	1673961163775
USER	Leaderboard API	END	1673961163815
REQUEST		Last Contribution	1673961162977	1673961163818	OK	 
USER	Leaderboard API	START	1673961163976
REQUEST		Last Contribution	1673961163176	1673961164008	OK	 
USER	Leaderboard API	END	1673961164026
USER	Leaderboard API	START	1673961164175
USER	Leaderboard API	END	1673961164218
REQUEST		Last Contribution	1673961163376	1673961164230	OK	 
USER	Leaderboard API	START	1673961164375
USER	Leaderboard API	END	1673961164417
REQUEST		Last Contribution	1673961163576	1673961164429	OK	 
USER	Leaderboard API	START	1673961164575
USER	Leaderboard API	END	1673961164611
REQUEST		Last Contribution	1673961163776	1673961164616	OK	 
USER	Leaderboard API	START	1673961164775
REQUEST		Last Contribution	1673961163976	1673961164808	OK	 
USER	Leaderboard API	END	1673961164841
USER	Leaderboard API	START	1673961164975
USER	Leaderboard API	END	1673961165032
REQUEST		Last Contribution	1673961164175	1673961165033	OK	 
USER	Leaderboard API	START	1673961165175
REQUEST		Last Contribution	1673961164375	1673961165209	OK	 
USER	Leaderboard API	END	1673961165210
USER	Leaderboard API	START	1673961165375
REQUEST		Last Contribution	1673961164575	1673961165415	OK	 
USER	Leaderboard API	END	1673961165422
USER	Leaderboard API	START	1673961165575
REQUEST		Last Contribution	1673961164776	1673961165618	OK	 
USER	Leaderboard API	END	1673961165621
USER	Leaderboard API	START	1673961165775
REQUEST		Last Contribution	1673961164976	1673961165822	OK	 
USER	Leaderboard API	END	1673961165830
USER	Leaderboard API	START	1673961165976
REQUEST		Last Contribution	1673961165176	1673961166007	OK	 
USER	Leaderboard API	END	1673961166009
USER	Leaderboard API	START	1673961166175
REQUEST		Last Contribution	1673961165376	1673961166215	OK	 
USER	Leaderboard API	END	1673961166223
USER	Leaderboard API	START	1673961166376
USER	Leaderboard API	END	1673961166415
REQUEST		Last Contribution	1673961165576	1673961166426	OK	 
USER	Leaderboard API	START	1673961166576
REQUEST		Last Contribution	1673961165776	1673961166624	OK	 
USER	Leaderboard API	END	1673961166630
USER	Leaderboard API	START	1673961166776
USER	Leaderboard API	END	1673961166819
REQUEST		Last Contribution	1673961165976	1673961166828	OK	 
USER	Leaderboard API	START	1673961166976
USER	Leaderboard API	END	1673961167009
REQUEST		Last Contribution	1673961166176	1673961167019	OK	 
USER	Leaderboard API	START	1673961167176
REQUEST		Last Contribution	1673961166376	1673961167231	OK	 
USER	Leaderboard API	END	1673961167231
USER	Leaderboard API	START	1673961167376
REQUEST		Last Contribution	1673961166576	1673961167410	OK	 
USER	Leaderboard API	END	1673961167430
USER	Leaderboard API	START	1673961167576
REQUEST		Last Contribution	1673961166776	1673961167616	OK	 
USER	Leaderboard API	END	1673961167617
USER	Leaderboard API	START	1673961167776
REQUEST		Last Contribution	1673961166976	1673961167809	OK	 
USER	Leaderboard API	END	1673961167809
USER	Leaderboard API	START	1673961167976
REQUEST		Last Contribution	1673961167176	1673961168024	OK	 
USER	Leaderboard API	END	1673961168034
USER	Leaderboard API	START	1673961168176
USER	Leaderboard API	END	1673961168210
REQUEST		Last Contribution	1673961167376	1673961168224	OK	 
USER	Leaderboard API	START	1673961168376
USER	Leaderboard API	END	1673961168416
REQUEST		Last Contribution	1673961167576	1673961168420	OK	 
USER	Leaderboard API	START	1673961168576
USER	Leaderboard API	END	1673961168619
REQUEST		Last Contribution	1673961167777	1673961168623	OK	 
USER	Leaderboard API	START	1673961168776
USER	Leaderboard API	END	1673961168823
REQUEST		Last Contribution	1673961167976	1673961168829	OK	 
USER	Leaderboard API	START	1673961168976
USER	Leaderboard API	END	1673961169008
REQUEST		Last Contribution	1673961168176	1673961169019	OK	 
USER	Leaderboard API	START	1673961169176
REQUEST		Last Contribution	1673961168376	1673961169203	OK	 
USER	Leaderboard API	END	1673961169216
USER	Leaderboard API	START	1673961169376
REQUEST		Last Contribution	1673961168576	1673961169410	OK	 
USER	Leaderboard API	END	1673961169427
USER	Leaderboard API	START	1673961169576
REQUEST		Last Contribution	1673961168776	1673961169614	OK	 
USER	Leaderboard API	END	1673961169625
USER	Leaderboard API	START	1673961169776
REQUEST		Last Contribution	1673961168976	1673961169815	OK	 
USER	Leaderboard API	END	1673961169829
USER	Leaderboard API	START	1673961169976
REQUEST		Last Contribution	1673961169176	1673961170019	OK	 
USER	Leaderboard API	END	1673961170020
USER	Leaderboard API	START	1673961170176
REQUEST		Last Contribution	1673961169376	1673961170215	OK	 
USER	Leaderboard API	END	1673961170233
USER	Leaderboard API	START	1673961170376
USER	Leaderboard API	END	1673961170411
REQUEST		Last Contribution	1673961169576	1673961170428	OK	 
USER	Leaderboard API	START	1673961170576
USER	Leaderboard API	END	1673961170617
REQUEST		Last Contribution	1673961169776	1673961170622	OK	 
USER	Leaderboard API	START	1673961170776
USER	Leaderboard API	END	1673961170810
REQUEST		Last Contribution	1673961169976	1673961170816	OK	 
USER	Leaderboard API	START	1673961170976
USER	Leaderboard API	END	1673961171025
REQUEST		Last Contribution	1673961170177	1673961171032	OK	 
USER	Leaderboard API	START	1673961171175
REQUEST		Last Contribution	1673961170376	1673961171224	OK	 
USER	Leaderboard API	END	1673961171225
USER	Leaderboard API	START	1673961171375
USER	Leaderboard API	END	1673961171421
REQUEST		Last Contribution	1673961170577	1673961171423	OK	 
USER	Leaderboard API	START	1673961171575
REQUEST		Last Contribution	1673961170777	1673961171605	OK	 
USER	Leaderboard API	END	1673961171624
USER	Leaderboard API	START	1673961171775
REQUEST		Last Contribution	1673961170977	1673961171819	OK	 
USER	Leaderboard API	END	1673961171831
USER	Leaderboard API	START	1673961171975
REQUEST		Last Contribution	1673961171176	1673961172016	OK	 
USER	Leaderboard API	END	1673961172020
USER	Leaderboard API	START	1673961172176
USER	Leaderboard API	END	1673961172205
REQUEST		Last Contribution	1673961171376	1673961172221	OK	 
USER	Leaderboard API	START	1673961172376
USER	Leaderboard API	END	1673961172412
REQUEST		Last Contribution	1673961171576	1673961172432	OK	 
USER	Leaderboard API	START	1673961172576
USER	Leaderboard API	END	1673961172615
REQUEST		Last Contribution	1673961171776	1673961172621	OK	 
USER	Leaderboard API	START	1673961172776
USER	Leaderboard API	END	1673961172816
REQUEST		Last Contribution	1673961171976	1673961172825	OK	 
USER	Leaderboard API	START	1673961172976
REQUEST		Last Contribution	1673961172176	1673961173019	OK	 
USER	Leaderboard API	END	1673961173020
USER	Leaderboard API	START	1673961173175
USER	Leaderboard API	END	1673961173216
REQUEST		Last Contribution	1673961172376	1673961173218	OK	 
USER	Leaderboard API	START	1673961173376
REQUEST		Last Contribution	1673961172576	1673961173417	OK	 
USER	Leaderboard API	END	1673961173429
USER	Leaderboard API	START	1673961173576
REQUEST		Last Contribution	1673961172777	1673961173619	OK	 
USER	Leaderboard API	END	1673961173623
USER	Leaderboard API	START	1673961173776
USER	Leaderboard API	END	1673961173817
REQUEST		Last Contribution	1673961172976	1673961173817	OK	 
USER	Leaderboard API	START	1673961173976
REQUEST		Last Contribution	1673961173176	1673961174022	OK	 
USER	Leaderboard API	END	1673961174033
USER	Leaderboard API	START	1673961174176
REQUEST		Last Contribution	1673961173376	1673961174219	OK	 
USER	Leaderboard API	END	1673961174225
USER	Leaderboard API	START	1673961174376
USER	Leaderboard API	END	1673961174424
REQUEST		Last Contribution	1673961173576	1673961174425	OK	 
USER	Leaderboard API	START	1673961174576
USER	Leaderboard API	END	1673961174606
REQUEST		Last Contribution	1673961173776	1673961174631	OK	 
USER	Leaderboard API	START	1673961174776
USER	Leaderboard API	END	1673961174820
REQUEST		Last Contribution	1673961173976	1673961174833	OK	 
USER	Leaderboard API	START	1673961174976
USER	Leaderboard API	END	1673961175017
REQUEST		Last Contribution	1673961174176	1673961175032	OK	 
USER	Leaderboard API	START	1673961175176
USER	Leaderboard API	END	1673961175222
REQUEST		Last Contribution	1673961174376	1673961175242	OK	 
USER	Leaderboard API	START	1673961175376
REQUEST		Last Contribution	1673961174576	1673961175415	OK	 
USER	Leaderboard API	END	1673961175433
USER	Leaderboard API	START	1673961175576
REQUEST		Last Contribution	1673961174776	1673961175612	OK	 
USER	Leaderboard API	END	1673961175622
USER	Leaderboard API	START	1673961175776
REQUEST		Last Contribution	1673961174976	1673961175818	OK	 
USER	Leaderboard API	END	1673961175826
USER	Leaderboard API	START	1673961175976
USER	Leaderboard API	END	1673961176020
REQUEST		Last Contribution	1673961175176	1673961176033	OK	 
USER	Leaderboard API	START	1673961176176
REQUEST		Last Contribution	1673961175376	1673961176215	OK	 
USER	Leaderboard API	END	1673961176219
USER	Leaderboard API	START	1673961176376
USER	Leaderboard API	END	1673961176419
REQUEST		Last Contribution	1673961175577	1673961176431	OK	 
USER	Leaderboard API	START	1673961176576
USER	Leaderboard API	END	1673961176620
REQUEST		Last Contribution	1673961175776	1673961176626	OK	 
USER	Leaderboard API	START	1673961176776
REQUEST		Last Contribution	1673961175976	1673961176818	OK	 
USER	Leaderboard API	END	1673961176818
USER	Leaderboard API	START	1673961176976
REQUEST		Last Contribution	1673961176176	1673961177013	OK	 
USER	Leaderboard API	END	1673961177023
USER	Leaderboard API	START	1673961177176
USER	Leaderboard API	END	1673961177220
REQUEST		Last Contribution	1673961176376	1673961177225	OK	 
USER	Leaderboard API	START	1673961177376
REQUEST		Last Contribution	1673961176576	1673961177413	OK	 
USER	Leaderboard API	END	1673961177426
USER	Leaderboard API	START	1673961177576
REQUEST		Last Contribution	1673961176776	1673961177613	OK	 
USER	Leaderboard API	END	1673961177632
USER	Leaderboard API	START	1673961177776
REQUEST		Last Contribution	1673961176976	1673961177819	OK	 
USER	Leaderboard API	END	1673961177834
USER	Leaderboard API	START	1673961177976
REQUEST		Last Contribution	1673961177176	1673961178019	OK	 
USER	Leaderboard API	END	1673961178033
USER	Leaderboard API	START	1673961178176
USER	Leaderboard API	END	1673961178244
REQUEST		Last Contribution	1673961177376	1673961178260	OK	 
USER	Leaderboard API	START	1673961178376
USER	Leaderboard API	END	1673961178416
REQUEST		Last Contribution	1673961177576	1673961178435	OK	 
USER	Leaderboard API	START	1673961178576
USER	Leaderboard API	END	1673961178614
REQUEST		Last Contribution	1673961177776	1673961178620	OK	 
USER	Leaderboard API	START	1673961178776
USER	Leaderboard API	END	1673961178819
REQUEST		Last Contribution	1673961177976	1673961178842	OK	 
USER	Leaderboard API	START	1673961178976
REQUEST		Last Contribution	1673961178176	1673961179013	OK	 
USER	Leaderboard API	END	1673961179034
USER	Leaderboard API	START	1673961179176
USER	Leaderboard API	END	1673961179217
REQUEST		Last Contribution	1673961178377	1673961179220	OK	 
USER	Leaderboard API	START	1673961179376
REQUEST		Last Contribution	1673961178577	1673961179416	OK	 
USER	Leaderboard API	END	1673961179432
USER	Leaderboard API	START	1673961179576
USER	Leaderboard API	END	1673961179628
REQUEST		Last Contribution	1673961178776	1673961179631	OK	 
USER	Leaderboard API	START	1673961179776
REQUEST		Last Contribution	1673961178977	1673961179813	OK	 
USER	Leaderboard API	END	1673961179819
USER	Leaderboard API	START	1673961179976
REQUEST		Last Contribution	1673961179176	1673961180011	OK	 
USER	Leaderboard API	END	1673961180015
USER	Leaderboard API	START	1673961180176
REQUEST		Last Contribution	1673961179377	1673961180213	OK	 
USER	Leaderboard API	END	1673961180226
USER	Leaderboard API	START	1673961180376
USER	Leaderboard API	END	1673961180414
REQUEST		Last Contribution	1673961179576	1673961180452	OK	 
USER	Leaderboard API	START	1673961180576
USER	Leaderboard API	END	1673961180614
REQUEST		Last Contribution	1673961179776	1673961180713	OK	 
USER	Leaderboard API	START	1673961180776
REQUEST		Last Contribution	1673961179977	1673961180812	OK	 
USER	Leaderboard API	END	1673961180820
USER	Leaderboard API	START	1673961180976
USER	Leaderboard API	END	1673961181020
REQUEST		Last Contribution	1673961180176	1673961181039	OK	 
USER	Leaderboard API	START	1673961181175
REQUEST		Last Contribution	1673961180376	1673961181229	OK	 
USER	Leaderboard API	END	1673961181262
USER	Leaderboard API	START	1673961181375
REQUEST		Last Contribution	1673961180576	1673961181413	OK	 
USER	Leaderboard API	END	1673961181437
USER	Leaderboard API	START	1673961181575
REQUEST		Last Contribution	1673961180776	1673961181616	OK	 
USER	Leaderboard API	END	1673961181621
USER	Leaderboard API	START	1673961181775
USER	Leaderboard API	END	1673961181843
REQUEST		Last Contribution	1673961180977	1673961181874	OK	 
USER	Leaderboard API	START	1673961181975
USER	Leaderboard API	END	1673961182015
REQUEST		Last Contribution	1673961181176	1673961182016	OK	 
USER	Leaderboard API	START	1673961182175
USER	Leaderboard API	END	1673961182221
REQUEST		Last Contribution	1673961181376	1673961182225	OK	 
USER	Leaderboard API	START	1673961182375
USER	Leaderboard API	END	1673961182417
REQUEST		Last Contribution	1673961181576	1673961182426	OK	 
USER	Leaderboard API	START	1673961182575
REQUEST		Last Contribution	1673961181776	1673961182606	OK	 
USER	Leaderboard API	END	1673961182632
USER	Leaderboard API	START	1673961182775
REQUEST		Last Contribution	1673961181976	1673961182814	OK	 
USER	Leaderboard API	END	1673961182814
USER	Leaderboard API	START	1673961182976
REQUEST		Last Contribution	1673961182176	1673961183007	OK	 
USER	Leaderboard API	END	1673961183013
USER	Leaderboard API	START	1673961183175
REQUEST		Last Contribution	1673961182376	1673961183210	OK	 
USER	Leaderboard API	END	1673961183214
USER	Leaderboard API	START	1673961183376
REQUEST		Last Contribution	1673961182576	1673961183408	OK	 
USER	Leaderboard API	END	1673961183453
USER	Leaderboard API	START	1673961183576
REQUEST		Last Contribution	1673961182776	1673961183608	OK	 
USER	Leaderboard API	END	1673961183715
USER	Leaderboard API	START	1673961183776
USER	Leaderboard API	END	1673961183813
REQUEST		Last Contribution	1673961182976	1673961183873	OK	 
USER	Leaderboard API	START	1673961183976
REQUEST		Last Contribution	1673961183176	1673961184022	OK	 
USER	Leaderboard API	END	1673961184040
USER	Leaderboard API	START	1673961184175
REQUEST		Last Contribution	1673961183376	1673961184227	OK	 
USER	Leaderboard API	END	1673961184230
USER	Leaderboard API	START	1673961184376
USER	Leaderboard API	END	1673961184415
REQUEST		Last Contribution	1673961183576	1673961184470	OK	 
USER	Leaderboard API	START	1673961184575
USER	Leaderboard API	END	1673961184617
REQUEST		Last Contribution	1673961183776	1673961184623	OK	 
USER	Leaderboard API	START	1673961184776
REQUEST		Last Contribution	1673961183976	1673961184833	OK	 
USER	Leaderboard API	END	1673961184876
USER	Leaderboard API	START	1673961184976
USER	Leaderboard API	END	1673961185017
REQUEST		Last Contribution	1673961184176	1673961185088	OK	 
USER	Leaderboard API	START	1673961185176
REQUEST		Last Contribution	1673961184376	1673961185207	OK	 
USER	Leaderboard API	END	1673961185226
USER	Leaderboard API	START	1673961185376
REQUEST		Last Contribution	1673961184576	1673961185411	OK	 
USER	Leaderboard API	END	1673961185427
USER	Leaderboard API	START	1673961185576
USER	Leaderboard API	END	1673961185607
REQUEST		Last Contribution	1673961184776	1673961185617	OK	 
USER	Leaderboard API	START	1673961185776
USER	Leaderboard API	END	1673961185815
REQUEST		Last Contribution	1673961184976	1673961185832	OK	 
USER	Leaderboard API	START	1673961185976
USER	Leaderboard API	END	1673961186008
REQUEST		Last Contribution	1673961185176	1673961186015	OK	 
USER	Leaderboard API	START	1673961186175
REQUEST		Last Contribution	1673961185376	1673961186210	OK	 
USER	Leaderboard API	END	1673961186211
USER	Leaderboard API	START	1673961186375
USER	Leaderboard API	END	1673961186409
REQUEST		Last Contribution	1673961185576	1673961186415	OK	 
USER	Leaderboard API	START	1673961186576
USER	Leaderboard API	END	1673961186609
REQUEST		Last Contribution	1673961185776	1673961186609	OK	 
USER	Leaderboard API	START	1673961186776
REQUEST		Last Contribution	1673961185976	1673961186814	OK	 
USER	Leaderboard API	END	1673961186874
USER	Leaderboard API	START	1673961186976
REQUEST		Last Contribution	1673961186176	1673961187017	OK	 
USER	Leaderboard API	END	1673961187023
USER	Leaderboard API	START	1673961187175
USER	Leaderboard API	END	1673961187228
REQUEST		Last Contribution	1673961186376	1673961187267	OK	 
USER	Leaderboard API	START	1673961187375
REQUEST		Last Contribution	1673961186576	1673961187427	OK	 
USER	Leaderboard API	END	1673961187470
USER	Leaderboard API	START	1673961187575
USER	Leaderboard API	END	1673961187624
REQUEST		Last Contribution	1673961186776	1673961187641	OK	 
USER	Leaderboard API	START	1673961187775
USER	Leaderboard API	END	1673961187833
REQUEST		Last Contribution	1673961186976	1673961187901	OK	 
USER	Leaderboard API	START	1673961187975
USER	Leaderboard API	END	1673961188089
REQUEST		Last Contribution	1673961187176	1673961188113	OK	 
USER	Leaderboard API	START	1673961188176
USER	Leaderboard API	END	1673961188208
REQUEST		Last Contribution	1673961187376	1673961188213	OK	 
USER	Leaderboard API	START	1673961188376
USER	Leaderboard API	END	1673961188412
REQUEST		Last Contribution	1673961187576	1673961188473	OK	 
USER	Leaderboard API	START	1673961188576
USER	Leaderboard API	END	1673961188618
REQUEST		Last Contribution	1673961187776	1673961188618	OK	 
USER	Leaderboard API	START	1673961188776
REQUEST		Last Contribution	1673961187976	1673961188818	OK	 
USER	Leaderboard API	END	1673961188833
USER	Leaderboard API	START	1673961188976
USER	Leaderboard API	END	1673961189017
REQUEST		Last Contribution	1673961188176	1673961189025	OK	 
USER	Leaderboard API	START	1673961189176
REQUEST		Last Contribution	1673961188376	1673961189204	OK	 
USER	Leaderboard API	END	1673961189210
USER	Leaderboard API	START	1673961189376
REQUEST		Last Contribution	1673961188576	1673961189409	OK	 
USER	Leaderboard API	END	1673961189416
USER	Leaderboard API	START	1673961189576
USER	Leaderboard API	END	1673961189610
REQUEST		Last Contribution	1673961188776	1673961189620	OK	 
USER	Leaderboard API	START	1673961189776
REQUEST		Last Contribution	1673961188976	1673961189805	OK	 
USER	Leaderboard API	END	1673961189815
USER	Leaderboard API	START	1673961189976
USER	Leaderboard API	END	1673961190018
REQUEST		Last Contribution	1673961189176	1673961190025	OK	 
USER	Leaderboard API	START	1673961190175
REQUEST		Last Contribution	1673961189376	1673961190209	OK	 
USER	Leaderboard API	END	1673961190268
USER	Leaderboard API	START	1673961190375
REQUEST		Last Contribution	1673961189576	1673961190419	OK	 
USER	Leaderboard API	END	1673961190428
USER	Leaderboard API	START	1673961190575
REQUEST		Last Contribution	1673961189776	1673961190634	OK	 
USER	Leaderboard API	END	1673961190642
USER	Leaderboard API	START	1673961190775
REQUEST		Last Contribution	1673961189976	1673961190838	OK	 
USER	Leaderboard API	END	1673961190902
USER	Leaderboard API	START	1673961190975
REQUEST		Last Contribution	1673961190175	1673961191022	OK	 
USER	Leaderboard API	END	1673961191114
USER	Leaderboard API	START	1673961191175
REQUEST		Last Contribution	1673961190375	1673961191215	OK	 
USER	Leaderboard API	END	1673961191215
USER	Leaderboard API	START	1673961191375
REQUEST		Last Contribution	1673961190575	1673961191424	OK	 
USER	Leaderboard API	END	1673961191474
USER	Leaderboard API	START	1673961191575
USER	Leaderboard API	END	1673961191619
REQUEST		Last Contribution	1673961190776	1673961191625	OK	 
USER	Leaderboard API	START	1673961191775
USER	Leaderboard API	END	1673961191819
REQUEST		Last Contribution	1673961190976	1673961191857	OK	 
USER	Leaderboard API	START	1673961191975
REQUEST		Last Contribution	1673961191175	1673961192013	OK	 
USER	Leaderboard API	END	1673961192026
USER	Leaderboard API	START	1673961192175
USER	Leaderboard API	END	1673961192205
REQUEST		Last Contribution	1673961191375	1673961192215	OK	 
USER	Leaderboard API	START	1673961192375
REQUEST		Last Contribution	1673961191575	1673961192410	OK	 
USER	Leaderboard API	END	1673961192410
USER	Leaderboard API	START	1673961192575
REQUEST		Last Contribution	1673961191776	1673961192613	OK	 
USER	Leaderboard API	END	1673961192621
USER	Leaderboard API	START	1673961192775
USER	Leaderboard API	END	1673961192806
REQUEST		Last Contribution	1673961191975	1673961192833	OK	 
USER	Leaderboard API	START	1673961192975
REQUEST		Last Contribution	1673961192176	1673961193009	OK	 
USER	Leaderboard API	END	1673961193026
USER	Leaderboard API	START	1673961193175
USER	Leaderboard API	END	1673961193211
REQUEST		Last Contribution	1673961192376	1673961193215	OK	 
USER	Leaderboard API	START	1673961193375
REQUEST		Last Contribution	1673961192576	1673961193417	OK	 
USER	Leaderboard API	END	1673961193420
USER	Leaderboard API	START	1673961193575
REQUEST		Last Contribution	1673961192776	1673961193614	OK	 
USER	Leaderboard API	END	1673961193635
USER	Leaderboard API	START	1673961193775
USER	Leaderboard API	END	1673961193839
REQUEST		Last Contribution	1673961192976	1673961193879	OK	 
USER	Leaderboard API	START	1673961193975
REQUEST		Last Contribution	1673961193175	1673961194010	OK	 
USER	Leaderboard API	END	1673961194023
USER	Leaderboard API	START	1673961194176
REQUEST		Last Contribution	1673961193375	1673961194207	OK	 
USER	Leaderboard API	END	1673961194216
USER	Leaderboard API	START	1673961194376
REQUEST		Last Contribution	1673961193575	1673961194425	OK	 
USER	Leaderboard API	END	1673961194425
USER	Leaderboard API	START	1673961194576
USER	Leaderboard API	END	1673961194626
REQUEST		Last Contribution	1673961193776	1673961194627	OK	 
USER	Leaderboard API	START	1673961194776
REQUEST		Last Contribution	1673961193976	1673961194826	OK	 
USER	Leaderboard API	END	1673961194858
USER	Leaderboard API	START	1673961194976
USER	Leaderboard API	END	1673961195015
REQUEST		Last Contribution	1673961194176	1673961195023	OK	 
USER	Leaderboard API	START	1673961195176
USER	Leaderboard API	END	1673961195216
REQUEST		Last Contribution	1673961194376	1673961195223	OK	 
USER	Leaderboard API	START	1673961195376
USER	Leaderboard API	END	1673961195411
REQUEST		Last Contribution	1673961194576	1673961195420	OK	 
USER	Leaderboard API	START	1673961195576
USER	Leaderboard API	END	1673961195615
REQUEST		Last Contribution	1673961194776	1673961195619	OK	 
USER	Leaderboard API	START	1673961195776
REQUEST		Last Contribution	1673961194976	1673961195825	OK	 
USER	Leaderboard API	END	1673961195834
USER	Leaderboard API	START	1673961195976
USER	Leaderboard API	END	1673961196010
REQUEST		Last Contribution	1673961195176	1673961196030	OK	 
USER	Leaderboard API	START	1673961196175
USER	Leaderboard API	END	1673961196216
REQUEST		Last Contribution	1673961195376	1673961196233	OK	 
USER	Leaderboard API	START	1673961196375
USER	Leaderboard API	END	1673961196418
REQUEST		Last Contribution	1673961195576	1673961196430	OK	 
USER	Leaderboard API	START	1673961196575
USER	Leaderboard API	END	1673961196615
REQUEST		Last Contribution	1673961195776	1673961196625	OK	 
USER	Leaderboard API	START	1673961196775
REQUEST		Last Contribution	1673961195976	1673961196820	OK	 
USER	Leaderboard API	END	1673961196880
USER	Leaderboard API	START	1673961196975
REQUEST		Last Contribution	1673961196175	1673961197010	OK	 
USER	Leaderboard API	END	1673961197011
USER	Leaderboard API	START	1673961197176
USER	Leaderboard API	END	1673961197208
REQUEST		Last Contribution	1673961196375	1673961197223	OK	 
USER	Leaderboard API	START	1673961197375
USER	Leaderboard API	END	1673961197426
REQUEST		Last Contribution	1673961196575	1673961197427	OK	 
USER	Leaderboard API	START	1673961197575
REQUEST		Last Contribution	1673961196776	1673961197609	OK	 
USER	Leaderboard API	END	1673961197628
USER	Leaderboard API	START	1673961197775
REQUEST		Last Contribution	1673961196976	1673961197803	OK	 
USER	Leaderboard API	END	1673961197827
USER	Leaderboard API	START	1673961197975
REQUEST		Last Contribution	1673961197176	1673961198018	OK	 
USER	Leaderboard API	END	1673961198024
USER	Leaderboard API	START	1673961198175
USER	Leaderboard API	END	1673961198224
REQUEST		Last Contribution	1673961197376	1673961198228	OK	 
USER	Leaderboard API	START	1673961198376
USER	Leaderboard API	END	1673961198421
REQUEST		Last Contribution	1673961197576	1673961198429	OK	 
USER	Leaderboard API	START	1673961198575
USER	Leaderboard API	END	1673961198621
REQUEST		Last Contribution	1673961197776	1673961198636	OK	 
USER	Leaderboard API	START	1673961198775
REQUEST		Last Contribution	1673961197976	1673961198807	OK	 
USER	Leaderboard API	END	1673961198826
USER	Leaderboard API	START	1673961198975
REQUEST		Last Contribution	1673961198176	1673961199017	OK	 
USER	Leaderboard API	END	1673961199032
USER	Leaderboard API	START	1673961199175
REQUEST		Last Contribution	1673961198376	1673961199209	OK	 
USER	Leaderboard API	END	1673961199234
USER	Leaderboard API	START	1673961199375
REQUEST		Last Contribution	1673961198576	1673961199407	OK	 
USER	Leaderboard API	END	1673961199432
USER	Leaderboard API	START	1673961199575
REQUEST		Last Contribution	1673961198776	1673961199613	OK	 
USER	Leaderboard API	END	1673961199626
USER	Leaderboard API	START	1673961199775
USER	Leaderboard API	END	1673961199821
REQUEST		Last Contribution	1673961198976	1673961199834	OK	 
USER	Leaderboard API	START	1673961199975
USER	Leaderboard API	END	1673961200011
REQUEST		Last Contribution	1673961199175	1673961200016	OK	 
USER	Leaderboard API	START	1673961200176
REQUEST		Last Contribution	1673961199375	1673961200212	OK	 
USER	Leaderboard API	END	1673961200224
USER	Leaderboard API	START	1673961200376
REQUEST		Last Contribution	1673961199575	1673961200420	OK	 
USER	Leaderboard API	END	1673961200428
USER	Leaderboard API	START	1673961200576
USER	Leaderboard API	END	1673961200610
REQUEST		Last Contribution	1673961199776	1673961200621	OK	 
USER	Leaderboard API	START	1673961200776
USER	Leaderboard API	END	1673961200804
REQUEST		Last Contribution	1673961199976	1673961200829	OK	 
USER	Leaderboard API	START	1673961200976
USER	Leaderboard API	END	1673961201020
REQUEST		Last Contribution	1673961200176	1673961201020	OK	 
USER	Leaderboard API	START	1673961201175
REQUEST		Last Contribution	1673961200376	1673961201225	OK	 
USER	Leaderboard API	END	1673961201229
USER	Leaderboard API	START	1673961201376
REQUEST		Last Contribution	1673961200576	1673961201418	OK	 
USER	Leaderboard API	END	1673961201430
USER	Leaderboard API	START	1673961201576
REQUEST		Last Contribution	1673961200776	1673961201613	OK	 
USER	Leaderboard API	END	1673961201637
USER	Leaderboard API	START	1673961201776
USER	Leaderboard API	END	1673961201808
REQUEST		Last Contribution	1673961200976	1673961201815	OK	 
USER	Leaderboard API	START	1673961201976
REQUEST		Last Contribution	1673961201176	1673961202014	OK	 
USER	Leaderboard API	END	1673961202018
USER	Leaderboard API	START	1673961202175
USER	Leaderboard API	END	1673961202210
REQUEST		Last Contribution	1673961201376	1673961202222	OK	 
USER	Leaderboard API	START	1673961202375
USER	Leaderboard API	END	1673961202408
REQUEST		Last Contribution	1673961201576	1673961202430	OK	 
USER	Leaderboard API	START	1673961202575
USER	Leaderboard API	END	1673961202614
REQUEST		Last Contribution	1673961201776	1673961202618	OK	 
USER	Leaderboard API	START	1673961202775
USER	Leaderboard API	END	1673961202835
REQUEST		Last Contribution	1673961201976	1673961202853	OK	 
USER	Leaderboard API	START	1673961202975
USER	Leaderboard API	END	1673961203017
REQUEST		Last Contribution	1673961202175	1673961203021	OK	 
USER	Leaderboard API	START	1673961203175
USER	Leaderboard API	END	1673961203213
REQUEST		Last Contribution	1673961202376	1673961203225	OK	 
USER	Leaderboard API	START	1673961203375
REQUEST		Last Contribution	1673961202576	1673961203406	OK	 
USER	Leaderboard API	END	1673961203421
USER	Leaderboard API	START	1673961203575
REQUEST		Last Contribution	1673961202776	1673961203618	OK	 
USER	Leaderboard API	END	1673961203621
USER	Leaderboard API	START	1673961203775
REQUEST		Last Contribution	1673961202976	1673961203817	OK	 
USER	Leaderboard API	END	1673961203830
USER	Leaderboard API	START	1673961203975
REQUEST		Last Contribution	1673961203175	1673961204010	OK	 
USER	Leaderboard API	END	1673961204021
USER	Leaderboard API	START	1673961204175
REQUEST		Last Contribution	1673961203375	1673961204221	OK	 
USER	Leaderboard API	END	1673961204226
USER	Leaderboard API	START	1673961204375
USER	Leaderboard API	END	1673961204419
REQUEST		Last Contribution	1673961203575	1673961204426	OK	 
USER	Leaderboard API	START	1673961204575
USER	Leaderboard API	END	1673961204614
REQUEST		Last Contribution	1673961203775	1673961204621	OK	 
USER	Leaderboard API	START	1673961204775
USER	Leaderboard API	END	1673961204816
REQUEST		Last Contribution	1673961203976	1673961204826	OK	 
USER	Leaderboard API	START	1673961204975
USER	Leaderboard API	END	1673961205015
REQUEST		Last Contribution	1673961204175	1673961205031	OK	 
USER	Leaderboard API	START	1673961205175
USER	Leaderboard API	END	1673961205223
REQUEST		Last Contribution	1673961204376	1673961205227	OK	 
USER	Leaderboard API	START	1673961205376
REQUEST		Last Contribution	1673961204576	1673961205425	OK	 
USER	Leaderboard API	END	1673961205431
USER	Leaderboard API	START	1673961205575
REQUEST		Last Contribution	1673961204776	1673961205618	OK	 
USER	Leaderboard API	END	1673961205619
USER	Leaderboard API	START	1673961205776
REQUEST		Last Contribution	1673961204976	1673961205809	OK	 
USER	Leaderboard API	END	1673961205854
USER	Leaderboard API	START	1673961205976
REQUEST		Last Contribution	1673961205176	1673961206019	OK	 
USER	Leaderboard API	END	1673961206021
USER	Leaderboard API	START	1673961206176
REQUEST		Last Contribution	1673961205376	1673961206216	OK	 
USER	Leaderboard API	END	1673961206226
USER	Leaderboard API	START	1673961206376
REQUEST		Last Contribution	1673961205576	1673961206401	OK	 
USER	Leaderboard API	END	1673961206407
USER	Leaderboard API	START	1673961206576
REQUEST		Last Contribution	1673961205776	1673961206608	OK	 
USER	Leaderboard API	END	1673961206619
USER	Leaderboard API	START	1673961206776
USER	Leaderboard API	END	1673961206818
REQUEST		Last Contribution	1673961205976	1673961206819	OK	 
USER	Leaderboard API	START	1673961206976
USER	Leaderboard API	END	1673961207011
REQUEST		Last Contribution	1673961206176	1673961207039	OK	 
USER	Leaderboard API	START	1673961207175
USER	Leaderboard API	END	1673961207222
REQUEST		Last Contribution	1673961206376	1673961207224	OK	 
USER	Leaderboard API	START	1673961207375
REQUEST		Last Contribution	1673961206576	1673961207426	OK	 
USER	Leaderboard API	END	1673961207427
USER	Leaderboard API	START	1673961207575
USER	Leaderboard API	END	1673961207622
REQUEST		Last Contribution	1673961206776	1673961207636	OK	 
USER	Leaderboard API	START	1673961207775
REQUEST		Last Contribution	1673961206976	1673961207817	OK	 
USER	Leaderboard API	END	1673961207827
USER	Leaderboard API	START	1673961207975
REQUEST		Last Contribution	1673961207175	1673961208014	OK	 
USER	Leaderboard API	END	1673961208033
USER	Leaderboard API	START	1673961208175
REQUEST		Last Contribution	1673961207376	1673961208218	OK	 
USER	Leaderboard API	END	1673961208228
USER	Leaderboard API	START	1673961208375
REQUEST		Last Contribution	1673961207576	1673961208412	OK	 
USER	Leaderboard API	END	1673961208426
USER	Leaderboard API	START	1673961208575
REQUEST		Last Contribution	1673961207776	1673961208618	OK	 
USER	Leaderboard API	END	1673961208619
USER	Leaderboard API	START	1673961208775
USER	Leaderboard API	END	1673961208810
REQUEST		Last Contribution	1673961207976	1673961208825	OK	 
USER	Leaderboard API	START	1673961208975
REQUEST		Last Contribution	1673961208175	1673961209018	OK	 
USER	Leaderboard API	END	1673961209020
USER	Leaderboard API	START	1673961209175
REQUEST		Last Contribution	1673961208375	1673961209209	OK	 
USER	Leaderboard API	END	1673961209217
USER	Leaderboard API	START	1673961209375
USER	Leaderboard API	END	1673961209401
REQUEST		Last Contribution	1673961208576	1673961209405	OK	 
USER	Leaderboard API	START	1673961209575
USER	Leaderboard API	END	1673961209609
REQUEST		Last Contribution	1673961208775	1673961209620	OK	 
USER	Leaderboard API	START	1673961209775
REQUEST		Last Contribution	1673961208976	1673961209820	OK	 
USER	Leaderboard API	END	1673961209820
USER	Leaderboard API	START	1673961209975
REQUEST		Last Contribution	1673961209175	1673961210020	OK	 
USER	Leaderboard API	END	1673961210040
USER	Leaderboard API	START	1673961210176
REQUEST		Last Contribution	1673961209376	1673961210223	OK	 
USER	Leaderboard API	END	1673961210225
USER	Leaderboard API	START	1673961210376
REQUEST		Last Contribution	1673961209576	1673961210418	OK	 
USER	Leaderboard API	END	1673961210427
USER	Leaderboard API	START	1673961210576
REQUEST		Last Contribution	1673961209776	1673961210630	OK	 
USER	Leaderboard API	END	1673961210637
USER	Leaderboard API	START	1673961210776
REQUEST		Last Contribution	1673961209976	1673961210810	OK	 
USER	Leaderboard API	END	1673961210817
USER	Leaderboard API	START	1673961210976
REQUEST		Last Contribution	1673961210176	1673961211011	OK	 
USER	Leaderboard API	END	1673961211015
USER	Leaderboard API	START	1673961211176
REQUEST		Last Contribution	1673961210376	1673961211216	OK	 
USER	Leaderboard API	END	1673961211219
USER	Leaderboard API	START	1673961211376
REQUEST		Last Contribution	1673961210576	1673961211409	OK	 
USER	Leaderboard API	END	1673961211413
USER	Leaderboard API	START	1673961211576
REQUEST		Last Contribution	1673961210776	1673961211614	OK	 
USER	Leaderboard API	END	1673961211619
USER	Leaderboard API	START	1673961211776
REQUEST		Last Contribution	1673961210976	1673961211813	OK	 
USER	Leaderboard API	END	1673961211826
USER	Leaderboard API	START	1673961211976
USER	Leaderboard API	END	1673961212019
REQUEST		Last Contribution	1673961211176	1673961212021	OK	 
USER	Leaderboard API	START	1673961212176
USER	Leaderboard API	END	1673961212210
REQUEST		Last Contribution	1673961211376	1673961212225	OK	 
USER	Leaderboard API	START	1673961212375
USER	Leaderboard API	END	1673961212406
REQUEST		Last Contribution	1673961211576	1673961212423	OK	 
USER	Leaderboard API	START	1673961212575
REQUEST		Last Contribution	1673961211776	1673961212610	OK	 
USER	Leaderboard API	END	1673961212621
USER	Leaderboard API	START	1673961212775
REQUEST		Last Contribution	1673961211976	1673961212815	OK	 
USER	Leaderboard API	END	1673961212820
USER	Leaderboard API	START	1673961212976
REQUEST		Last Contribution	1673961212176	1673961213015	OK	 
USER	Leaderboard API	END	1673961213021
USER	Leaderboard API	START	1673961213175
REQUEST		Last Contribution	1673961212375	1673961213216	OK	 
USER	Leaderboard API	END	1673961213224
USER	Leaderboard API	START	1673961213375
REQUEST		Last Contribution	1673961212576	1673961213415	OK	 
USER	Leaderboard API	END	1673961213419
USER	Leaderboard API	START	1673961213575
REQUEST		Last Contribution	1673961212776	1673961213611	OK	 
USER	Leaderboard API	END	1673961213631
USER	Leaderboard API	START	1673961213775
USER	Leaderboard API	END	1673961213811
REQUEST		Last Contribution	1673961212976	1673961213824	OK	 
USER	Leaderboard API	START	1673961213975
USER	Leaderboard API	END	1673961214012
REQUEST		Last Contribution	1673961213176	1673961214033	OK	 
USER	Leaderboard API	START	1673961214176
REQUEST		Last Contribution	1673961213376	1673961214213	OK	 
USER	Leaderboard API	END	1673961214217
USER	Leaderboard API	START	1673961214376
USER	Leaderboard API	END	1673961214410
REQUEST		Last Contribution	1673961213576	1673961214428	OK	 
USER	Leaderboard API	START	1673961214576
USER	Leaderboard API	END	1673961214615
REQUEST		Last Contribution	1673961213776	1673961214661	OK	 
USER	Leaderboard API	START	1673961214776
USER	Leaderboard API	END	1673961214814
REQUEST		Last Contribution	1673961213976	1673961214814	OK	 
USER	Leaderboard API	START	1673961214976
REQUEST		Last Contribution	1673961214176	1673961215019	OK	 
USER	Leaderboard API	END	1673961215021
USER	Leaderboard API	START	1673961215176
REQUEST		Last Contribution	1673961214376	1673961215204	OK	 
USER	Leaderboard API	END	1673961215226
USER	Leaderboard API	START	1673961215376
REQUEST		Last Contribution	1673961214576	1673961215411	OK	 
USER	Leaderboard API	END	1673961215424
USER	Leaderboard API	START	1673961215576
USER	Leaderboard API	END	1673961215611
REQUEST		Last Contribution	1673961214776	1673961215618	OK	 
USER	Leaderboard API	START	1673961215776
REQUEST		Last Contribution	1673961214976	1673961215813	OK	 
USER	Leaderboard API	END	1673961215816
USER	Leaderboard API	START	1673961215976
USER	Leaderboard API	END	1673961216016
REQUEST		Last Contribution	1673961215176	1673961216023	OK	 
USER	Leaderboard API	START	1673961216175
USER	Leaderboard API	END	1673961216217
REQUEST		Last Contribution	1673961215376	1673961216228	OK	 
USER	Leaderboard API	START	1673961216375
USER	Leaderboard API	END	1673961216416
REQUEST		Last Contribution	1673961215576	1673961216425	OK	 
USER	Leaderboard API	START	1673961216575
USER	Leaderboard API	END	1673961216612
REQUEST		Last Contribution	1673961215776	1673961216621	OK	 
USER	Leaderboard API	START	1673961216775
USER	Leaderboard API	END	1673961216825
REQUEST		Last Contribution	1673961215976	1673961216826	OK	 
USER	Leaderboard API	START	1673961216975
REQUEST		Last Contribution	1673961216175	1673961217011	OK	 
USER	Leaderboard API	END	1673961217034
USER	Leaderboard API	START	1673961217175
USER	Leaderboard API	END	1673961217214
REQUEST		Last Contribution	1673961216376	1673961217235	OK	 
USER	Leaderboard API	START	1673961217376
REQUEST		Last Contribution	1673961216576	1673961217413	OK	 
USER	Leaderboard API	END	1673961217429
USER	Leaderboard API	START	1673961217576
REQUEST		Last Contribution	1673961216775	1673961217634	OK	 
USER	Leaderboard API	END	1673961217662
USER	Leaderboard API	START	1673961217776
USER	Leaderboard API	END	1673961217815
REQUEST		Last Contribution	1673961216976	1673961217821	OK	 
USER	Leaderboard API	START	1673961217976
REQUEST		Last Contribution	1673961217176	1673961218018	OK	 
USER	Leaderboard API	END	1673961218019
USER	Leaderboard API	START	1673961218176
USER	Leaderboard API	END	1673961218205
REQUEST		Last Contribution	1673961217376	1673961218209	OK	 
USER	Leaderboard API	START	1673961218376
REQUEST		Last Contribution	1673961217576	1673961218401	OK	 
USER	Leaderboard API	END	1673961218412
USER	Leaderboard API	START	1673961218576
USER	Leaderboard API	END	1673961218619
REQUEST		Last Contribution	1673961217776	1673961218628	OK	 
USER	Leaderboard API	START	1673961218776
USER	Leaderboard API	END	1673961218814
REQUEST		Last Contribution	1673961217976	1673961218815	OK	 
USER	Leaderboard API	START	1673961218976
REQUEST		Last Contribution	1673961218176	1673961219018	OK	 
USER	Leaderboard API	END	1673961219024
USER	Leaderboard API	START	1673961219176
REQUEST		Last Contribution	1673961218376	1673961219214	OK	 
USER	Leaderboard API	END	1673961219229
USER	Leaderboard API	START	1673961219376
REQUEST		Last Contribution	1673961218576	1673961219426	OK	 
USER	Leaderboard API	END	1673961219426
USER	Leaderboard API	START	1673961219576
USER	Leaderboard API	END	1673961219622
REQUEST		Last Contribution	1673961218776	1673961219622	OK	 
USER	Leaderboard API	START	1673961219776
REQUEST		Last Contribution	1673961218976	1673961219810	OK	 
USER	Leaderboard API	END	1673961219827
USER	Leaderboard API	START	1673961219976
USER	Leaderboard API	END	1673961220012
REQUEST		Last Contribution	1673961219176	1673961220026	OK	 
USER	Leaderboard API	START	1673961220175
REQUEST		Last Contribution	1673961219376	1673961220221	OK	 
USER	Leaderboard API	END	1673961220236
USER	Leaderboard API	START	1673961220375
REQUEST		Last Contribution	1673961219576	1673961220404	OK	 
USER	Leaderboard API	END	1673961220414
USER	Leaderboard API	START	1673961220575
REQUEST		Last Contribution	1673961219776	1673961220608	OK	 
USER	Leaderboard API	END	1673961220635
USER	Leaderboard API	START	1673961220775
REQUEST		Last Contribution	1673961219976	1673961220819	OK	 
USER	Leaderboard API	END	1673961220822
USER	Leaderboard API	START	1673961220975
USER	Leaderboard API	END	1673961221019
REQUEST		Last Contribution	1673961220176	1673961221033	OK	 
USER	Leaderboard API	START	1673961221176
USER	Leaderboard API	END	1673961221210
REQUEST		Last Contribution	1673961220376	1673961221221	OK	 
USER	Leaderboard API	START	1673961221376
USER	Leaderboard API	END	1673961221402
REQUEST		Last Contribution	1673961220576	1673961221434	OK	 
USER	Leaderboard API	START	1673961221576
REQUEST		Last Contribution	1673961220776	1673961221614	OK	 
USER	Leaderboard API	END	1673961221629
USER	Leaderboard API	START	1673961221776
USER	Leaderboard API	END	1673961221816
REQUEST		Last Contribution	1673961220976	1673961221827	OK	 
USER	Leaderboard API	START	1673961221976
USER	Leaderboard API	END	1673961222018
REQUEST		Last Contribution	1673961221176	1673961222030	OK	 
USER	Leaderboard API	START	1673961222176
USER	Leaderboard API	END	1673961222215
REQUEST		Last Contribution	1673961221376	1673961222223	OK	 
USER	Leaderboard API	START	1673961222376
REQUEST		Last Contribution	1673961221576	1673961222426	OK	 
USER	Leaderboard API	END	1673961222426
USER	Leaderboard API	START	1673961222576
REQUEST		Last Contribution	1673961221776	1673961222617	OK	 
USER	Leaderboard API	END	1673961222622
USER	Leaderboard API	START	1673961222776
USER	Leaderboard API	END	1673961222811
REQUEST		Last Contribution	1673961221976	1673961222821	OK	 
USER	Leaderboard API	START	1673961222976
REQUEST		Last Contribution	1673961222176	1673961223019	OK	 
USER	Leaderboard API	END	1673961223027
USER	Leaderboard API	START	1673961223176
USER	Leaderboard API	END	1673961223221
REQUEST		Last Contribution	1673961222376	1673961223238	OK	 
USER	Leaderboard API	START	1673961223376
USER	Leaderboard API	END	1673961223405
REQUEST		Last Contribution	1673961222576	1673961223415	OK	 
USER	Leaderboard API	START	1673961223576
USER	Leaderboard API	END	1673961223609
REQUEST		Last Contribution	1673961222776	1673961223609	OK	 
USER	Leaderboard API	START	1673961223776
REQUEST		Last Contribution	1673961222976	1673961223813	OK	 
USER	Leaderboard API	END	1673961223820
USER	Leaderboard API	START	1673961223976
REQUEST		Last Contribution	1673961223176	1673961224006	OK	 
USER	Leaderboard API	END	1673961224035
USER	Leaderboard API	START	1673961224176
REQUEST		Last Contribution	1673961223376	1673961224218	OK	 
USER	Leaderboard API	END	1673961224222
USER	Leaderboard API	START	1673961224376
REQUEST		Last Contribution	1673961223576	1673961224421	OK	 
USER	Leaderboard API	END	1673961224435
USER	Leaderboard API	START	1673961224576
USER	Leaderboard API	END	1673961224615
REQUEST		Last Contribution	1673961223776	1673961224620	OK	 
USER	Leaderboard API	START	1673961224776
USER	Leaderboard API	END	1673961224828
REQUEST		Last Contribution	1673961223976	1673961224838	OK	 
USER	Leaderboard API	START	1673961224976
REQUEST		Last Contribution	1673961224176	1673961225009	OK	 
USER	Leaderboard API	END	1673961225031
USER	Leaderboard API	START	1673961225175
REQUEST		Last Contribution	1673961224376	1673961225218	OK	 
USER	Leaderboard API	END	1673961225223
USER	Leaderboard API	START	1673961225375
USER	Leaderboard API	END	1673961225427
REQUEST		Last Contribution	1673961224576	1673961225427	OK	 
USER	Leaderboard API	START	1673961225576
REQUEST		Last Contribution	1673961224776	1673961225612	OK	 
USER	Leaderboard API	END	1673961225618
USER	Leaderboard API	START	1673961225776
REQUEST		Last Contribution	1673961224976	1673961225818	OK	 
USER	Leaderboard API	END	1673961225821
USER	Leaderboard API	START	1673961225976
USER	Leaderboard API	END	1673961226020
REQUEST		Last Contribution	1673961225175	1673961226023	OK	 
USER	Leaderboard API	START	1673961226175
REQUEST		Last Contribution	1673961225376	1673961226216	OK	 
USER	Leaderboard API	END	1673961226239
USER	Leaderboard API	START	1673961226375
REQUEST		Last Contribution	1673961225576	1673961226413	OK	 
USER	Leaderboard API	END	1673961226416
USER	Leaderboard API	START	1673961226576
USER	Leaderboard API	END	1673961226610
REQUEST		Last Contribution	1673961225776	1673961226616	OK	 
USER	Leaderboard API	START	1673961226776
REQUEST		Last Contribution	1673961225976	1673961226810	OK	 
USER	Leaderboard API	END	1673961226814
USER	Leaderboard API	START	1673961226975
USER	Leaderboard API	END	1673961227007
REQUEST		Last Contribution	1673961226176	1673961227019	OK	 
USER	Leaderboard API	START	1673961227175
REQUEST		Last Contribution	1673961226376	1673961227213	OK	 
USER	Leaderboard API	END	1673961227219
USER	Leaderboard API	START	1673961227375
USER	Leaderboard API	END	1673961227421
REQUEST		Last Contribution	1673961226576	1673961227450	OK	 
USER	Leaderboard API	START	1673961227575
REQUEST		Last Contribution	1673961226776	1673961227618	OK	 
USER	Leaderboard API	END	1673961227621
USER	Leaderboard API	START	1673961227776
REQUEST		Last Contribution	1673961226976	1673961227812	OK	 
USER	Leaderboard API	END	1673961227839
USER	Leaderboard API	START	1673961227975
REQUEST		Last Contribution	1673961227176	1673961228007	OK	 
USER	Leaderboard API	END	1673961228010
USER	Leaderboard API	START	1673961228176
USER	Leaderboard API	END	1673961228218
REQUEST		Last Contribution	1673961227376	1673961228223	OK	 
USER	Leaderboard API	START	1673961228376
REQUEST		Last Contribution	1673961227576	1673961228416	OK	 
USER	Leaderboard API	END	1673961228428
USER	Leaderboard API	START	1673961228576
USER	Leaderboard API	END	1673961228613
REQUEST		Last Contribution	1673961227776	1673961228631	OK	 
USER	Leaderboard API	START	1673961228776
REQUEST		Last Contribution	1673961227976	1673961228818	OK	 
USER	Leaderboard API	END	1673961228819
USER	Leaderboard API	START	1673961228976
REQUEST		Last Contribution	1673961228176	1673961229011	OK	 
USER	Leaderboard API	END	1673961229023
USER	Leaderboard API	START	1673961229176
USER	Leaderboard API	END	1673961229218
REQUEST		Last Contribution	1673961228376	1673961229220	OK	 
USER	Leaderboard API	START	1673961229376
USER	Leaderboard API	END	1673961229413
REQUEST		Last Contribution	1673961228576	1673961229428	OK	 
USER	Leaderboard API	START	1673961229576
USER	Leaderboard API	END	1673961229618
REQUEST		Last Contribution	1673961228776	1673961229620	OK	 
USER	Leaderboard API	START	1673961229776
REQUEST		Last Contribution	1673961228976	1673961229808	OK	 
USER	Leaderboard API	END	1673961229811
USER	Leaderboard API	END	1673961230020
REQUEST		Last Contribution	1673961229176	1673961230026	OK	 
REQUEST		Last Contribution	1673961229376	1673961230210	OK	 
USER	Leaderboard API	END	1673961230214
REQUEST		Last Contribution	1673961229576	1673961230408	OK	 
USER	Leaderboard API	END	1673961230451
USER	Leaderboard API	END	1673961230619
REQUEST		Last Contribution	1673961229777	1673961230624	OK	 
USER	Leaderboard API	END	1673961230813
USER	Leaderboard API	END	1673961231008
USER	Leaderboard API	END	1673961231224
USER	Leaderboard API	END	1673961231417
USER	Leaderboard API	END	1673961231632
USER	Leaderboard API	END	1673961231819
USER	Leaderboard API	END	1673961232012
USER	Leaderboard API	END	1673961232221
USER	Leaderboard API	END	1673961232429
USER	Leaderboard API	END	1673961232620
USER	Leaderboard API	END	1673961232808
USER	Leaderboard API	END	1673961233027
USER	Leaderboard API	END	1673961233211
USER	Leaderboard API	END	1673961233409
USER	Leaderboard API	END	1673961233625
