RUN	Simulations.Runner.Studio	studio	1674652749560	 	3.5.1
USER	Leaderboard API	START	1674652750681
USER	Leaderboard API	START	1674652750761
USER	Leaderboard API	START	1674652750862
USER	Leaderboard API	START	1674652750963
USER	Leaderboard API	START	1674652751063
USER	Leaderboard API	START	1674652751164
USER	Leaderboard API	START	1674652751265
USER	Leaderboard API	START	1674652751365
USER	Leaderboard API	START	1674652751466
REQUEST		Fetch reward score by studio score	1674652750715	1674652751533	OK	 
USER	Leaderboard API	START	1674652751567
REQUEST		Fetch reward score by studio score	1674652750761	1674652751571	OK	 
USER	Leaderboard API	START	1674652751667
REQUEST		Fetch reward score by studio score	1674652750863	1674652751672	OK	 
USER	Leaderboard API	START	1674652751767
REQUEST		Fetch reward score by studio score	1674652750963	1674652751787	OK	 
USER	Leaderboard API	START	1674652751868
REQUEST		Fetch reward score by studio score	1674652751064	1674652751889	OK	 
USER	Leaderboard API	START	1674652751968
REQUEST		Fetch reward score by studio score	1674652751166	1674652751991	OK	 
USER	Leaderboard API	START	1674652752068
REQUEST		Fetch reward score by studio score	1674652751265	1674652752072	OK	 
USER	Leaderboard API	START	1674652752169
REQUEST		Fetch reward score by studio score	1674652751366	1674652752203	OK	 
USER	Leaderboard API	START	1674652752269
REQUEST		Fetch reward score by studio score	1674652751466	1674652752305	OK	 
USER	Leaderboard API	START	1674652752369
REQUEST		Fetch reward score by studio score	1674652751567	1674652752409	OK	 
USER	Leaderboard API	START	1674652752469
REQUEST		Fetch reward score by studio score	1674652751667	1674652752523	OK	 
USER	Leaderboard API	START	1674652752569
REQUEST		Fetch reward score by studio score	1674652751768	1674652752593	OK	 
USER	Leaderboard API	START	1674652752670
REQUEST		Fetch reward score by studio score	1674652751868	1674652752688	OK	 
USER	Leaderboard API	START	1674652752755
REQUEST		Fetch reward score by studio score	1674652751969	1674652752794	OK	 
USER	Leaderboard API	START	1674652752855
REQUEST		Fetch reward score by studio score	1674652752069	1674652752871	OK	 
USER	Leaderboard API	START	1674652752955
REQUEST		Fetch reward score by studio score	1674652752169	1674652753011	OK	 
USER	Leaderboard API	START	1674652753056
REQUEST		Fetch reward score by studio score	1674652752269	1674652753117	OK	 
USER	Leaderboard API	START	1674652753156
REQUEST		Fetch reward score by studio score	1674652752369	1674652753200	OK	 
USER	Leaderboard API	START	1674652753256
REQUEST		Fetch reward score by studio score	1674652752469	1674652753294	OK	 
USER	Leaderboard API	START	1674652753356
REQUEST		Fetch reward score by studio score	1674652752569	1674652753374	OK	 
USER	Leaderboard API	START	1674652753456
REQUEST		Fetch reward score by studio score	1674652752670	1674652753488	OK	 
USER	Leaderboard API	START	1674652753556
REQUEST		Fetch reward score by studio score	1674652752756	1674652753599	OK	 
USER	Leaderboard API	START	1674652753656
REQUEST		Fetch reward score by studio score	1674652752856	1674652753693	OK	 
REQUEST		Fetch reward score by studio score	1674652752956	1674652753755	OK	 
USER	Leaderboard API	START	1674652753756
USER	Leaderboard API	START	1674652753856
REQUEST		Fetch reward score by studio score	1674652753056	1674652753883	OK	 
USER	Leaderboard API	START	1674652753956
REQUEST		Fetch reward score by studio score	1674652753156	1674652753970	OK	 
USER	Leaderboard API	START	1674652754056
REQUEST		Fetch reward score by studio score	1674652753256	1674652754085	OK	 
USER	Leaderboard API	START	1674652754156
REQUEST		Fetch reward score by studio score	1674652753356	1674652754166	OK	 
USER	Leaderboard API	START	1674652754256
REQUEST		Fetch reward score by studio score	1674652753456	1674652754284	OK	 
USER	Leaderboard API	START	1674652754356
REQUEST		Fetch reward score by studio score	1674652753556	1674652754398	OK	 
USER	Leaderboard API	START	1674652754456
REQUEST		Fetch reward score by studio score	1674652753657	1674652754487	OK	 
USER	Leaderboard API	END	1674652754551
USER	Leaderboard API	START	1674652754557
USER	Leaderboard API	END	1674652754572
REQUEST		Fetch reward score by studio score	1674652753756	1674652754573	OK	 
USER	Leaderboard API	START	1674652754656
REQUEST		Fetch reward score by studio score	1674652753856	1674652754661	OK	 
USER	Leaderboard API	END	1674652754673
USER	Leaderboard API	START	1674652754756
USER	Leaderboard API	END	1674652754788
REQUEST		Fetch reward score by studio score	1674652753956	1674652754788	OK	 
USER	Leaderboard API	START	1674652754856
REQUEST		Fetch reward score by studio score	1674652754056	1674652754887	OK	 
USER	Leaderboard API	END	1674652754890
USER	Leaderboard API	START	1674652754957
USER	Leaderboard API	END	1674652754992
REQUEST		Fetch reward score by studio score	1674652754156	1674652755000	OK	 
USER	Leaderboard API	START	1674652755056
REQUEST		Fetch reward score by studio score	1674652754256	1674652755070	OK	 
USER	Leaderboard API	END	1674652755073
USER	Leaderboard API	START	1674652755156
REQUEST		Fetch reward score by studio score	1674652754356	1674652755181	OK	 
USER	Leaderboard API	END	1674652755205
USER	Leaderboard API	START	1674652755257
REQUEST		Fetch reward score by studio score	1674652754457	1674652755272	OK	 
USER	Leaderboard API	END	1674652755306
USER	Leaderboard API	START	1674652755356
REQUEST		Fetch reward score by studio score	1674652754558	1674652755375	OK	 
USER	Leaderboard API	END	1674652755412
USER	Leaderboard API	START	1674652755456
REQUEST		Fetch reward score by studio score	1674652754656	1674652755467	OK	 
USER	Leaderboard API	END	1674652755525
USER	Leaderboard API	START	1674652755557
USER	Leaderboard API	END	1674652755594
REQUEST		Fetch reward score by studio score	1674652754757	1674652755595	OK	 
USER	Leaderboard API	START	1674652755657
REQUEST		Fetch reward score by studio score	1674652754857	1674652755659	OK	 
USER	Leaderboard API	END	1674652755689
USER	Leaderboard API	START	1674652755755
REQUEST		Fetch reward score by studio score	1674652754957	1674652755760	OK	 
USER	Leaderboard API	END	1674652755796
USER	Leaderboard API	START	1674652755855
REQUEST		Fetch reward score by studio score	1674652755057	1674652755865	OK	 
USER	Leaderboard API	END	1674652755872
USER	Leaderboard API	START	1674652755955
REQUEST		Fetch reward score by studio score	1674652755157	1674652755970	OK	 
USER	Leaderboard API	END	1674652756012
USER	Leaderboard API	START	1674652756055
REQUEST		Fetch reward score by studio score	1674652755257	1674652756075	OK	 
USER	Leaderboard API	END	1674652756119
USER	Leaderboard API	START	1674652756156
REQUEST		Fetch reward score by studio score	1674652755357	1674652756165	OK	 
USER	Leaderboard API	END	1674652756202
USER	Leaderboard API	START	1674652756256
REQUEST		Fetch reward score by studio score	1674652755457	1674652756272	OK	 
USER	Leaderboard API	END	1674652756296
USER	Leaderboard API	START	1674652756356
REQUEST		Fetch reward score by studio score	1674652755557	1674652756372	OK	 
USER	Leaderboard API	END	1674652756375
USER	Leaderboard API	START	1674652756456
REQUEST		Fetch reward score by studio score	1674652755657	1674652756471	OK	 
USER	Leaderboard API	END	1674652756489
USER	Leaderboard API	START	1674652756556
REQUEST		Fetch reward score by studio score	1674652755755	1674652756569	OK	 
USER	Leaderboard API	END	1674652756601
USER	Leaderboard API	START	1674652756656
REQUEST		Fetch reward score by studio score	1674652755856	1674652756671	OK	 
USER	Leaderboard API	END	1674652756694
USER	Leaderboard API	END	1674652756756
USER	Leaderboard API	START	1674652756756
REQUEST		Fetch reward score by studio score	1674652755955	1674652756769	OK	 
USER	Leaderboard API	START	1674652756856
USER	Leaderboard API	END	1674652756885
REQUEST		Fetch reward score by studio score	1674652756056	1674652756885	OK	 
USER	Leaderboard API	START	1674652756956
USER	Leaderboard API	END	1674652756971
REQUEST		Fetch reward score by studio score	1674652756156	1674652756974	OK	 
USER	Leaderboard API	START	1674652757056
REQUEST		