RUN	Simulations.Runner.Go1percent	go1percent	1675056215188	 	3.5.1
USER	Contribution API	START	1675056216927
USER	Contribution API	START	1675056217016
USER	Contribution API	START	1675056217117
USER	Contribution API	START	1675056217217
USER	Contribution API	START	1675056217318
USER	Contribution API	START	1675056217418
USER	Contribution API	START	1675056217518
USER	Contribution API	START	1675056217618
USER	Contribution API	START	1675056217718
USER	Contribution API	START	1675056217818
USER	Contribution API	START	1675056217918
USER	Contribution API	START	1675056218019
USER	Contribution API	START	1675056218119
REQUEST		/Contribution/getknolderContribution-Fetch all the other contributions by the user	1675056216948	1675056218132	OK	 
USER	Contribution API	START	1675056218219
USER	Contribution API	START	1675056218319
REQUEST		/Contribution/getknolderContribution-Fetch all the other contributions by the user	1675056217016	1675056218331	OK	 
USER	Contribution API	START	1675056218419
REQUEST		/Contribution/getknolderContribution-Fetch all the other contributions by the user	1675056217117	1675056218435	OK	 
USER	Contribution API	START	1675056218519
REQUEST		/Contribution/getknolderContribution-Fetch all the other contributions by the user	1675056217318	1675056218536	OK	 
REQUEST		/Contribution/getknolderContribution-Fetch all the other contributions by the user	1675056217218	1675056218539	OK	 
USER	Contribution API	START	1675056218619
USER	Contribution API	START	1675056218719
REQUEST		/Contribution/getknolderContribution-Fetch all the other contributions by the user	1675056217518	1675056218740	OK	 
USER	Contribution API	START	1675056218820
USER	Contribution API	START	1675056218919
REQUEST		/Contribution/getknolderContribution-Fetch all the other contributions by the user	1675056217719	1675056218945	OK	 
REQUEST		/Contribution/getknolderContribution-Fetch all the other contributions by the user	1675056217418	1675056218946	OK	 
USER	Contribution API	START	1675056219014
USER	Contribution API	START	1675056219114
REQUEST		/Contribution/getknolderContribution-Fetch all the other contributions by the user	1675056217919	1675056219162	OK	 
REQUEST		/Contribution/getknolderContribution-Fetch all the other contributions by the user	1675056217819	1675056219162	OK	 
USER	Contribution API	START	1675056219214
REQUEST		/Contribution/getknolderContribution-Fetch all the other contributions by the user	1675056217619	1675056219267	OK	 
USER	Contribution API	START	1675056219314
REQUEST		/Contribution/getknolderContribution-Fetch all the other contributions by the user	1675056218220	1675056219356	OK	 
REQUEST		/Contribution/getknolderContribution-Fetch all the other contributions by the user	1675056218120	1675056219356	OK	 
REQUEST		/Contribution/getknolderContribution-Fetch all the other contributions by the user	1675056218020	1675056219357	OK	 
USER	Contribution API	START	1675056219415
USER	Contribution API	START	1675056219515
USER	Contribution API	START	1675056219615
REQUEST		/Contribution/getknolderContribution-Fetch all the other contributions by the user	1675056218720	1675056219692	OK	 
REQUEST		/Contribution/getknolderContribution-Fetch all the other contributions by the user	1675056218619	1675056219697	OK	 
REQUEST		/Contribution/getknolderContribution-Fetch all the other contributions by the user	1675056218320	1675056219699	OK	 
REQUEST		/Contribution/getknolderContribution-Fetch all the other contributions by the user	1675056218520	1675056219711	OK	 
USER	Contribution API	START	1675056219714
REQUEST		/Contribution/getknolderContribution-Fetch all the other contributions by the user	1675056218420	1675056219726	OK	 
USER	Contribution API	START	1675056219815
REQUEST		/Contribution/getknolderContribution-Fetch all the other contributions by the user	1675056218920	1675056219889	OK	 
REQUEST		/Contribution/getknolderContribution-Fetch all the other contributions by the user	1675056218820	1675056219908	OK	 
USER	Contribution API	START	1675056219915
REQUEST		/Contribution/getknolderContribution-Fetch all the other contributions by the user	1675056219014	1675056219983	OK	 
USER	Contribution API	START	1675056220014
USER	Contribution API	START	1675056220114
REQUEST		/Contribution/getknolderContribution-Fetch all the other contributions by the user	1675056219215	1675056220194	OK	 
USER	Contribution API	START	1675056220214
REQUEST		/Contribution/getknolderContribution-Fetch all the other contributions by the user	1675056219114	1675056220222	OK	 
REQUEST		/Contribution/getknolderContribution-Fetch all the other contributions by the user	1675056219315	1675056220288	OK	 
USER	Contribution API	START	1675056220314
REQUEST		/Contribution/getknolderContribution-Fetch all the other contributions by the user	1675056219415	1675056220343	OK	 
USER	Contribution API	START	1675056220415
REQUEST		/Contribution/getknolderContribution-Fetch all the other contributions by the user	1675056219515	1675056220469	OK	 
USER	Contribution API	START	1675056220515
REQUEST		/Contribution/getknolderContribution-Fetch all the other contributions by the user	1675056219615	1675056220547	OK	 
USER	Contribution API	START	1675056220615
REQUEST		/Contribution/getknolderContribution-Fetch all the other contributions by the user	1675056219715	1675056220626	OK	 
USER	Contribution API	START	1675056220715
REQUEST		/Contribution/getknolderContribution-Fetch all the other contributions by the user	1675056219815	1675056220748	OK	 
REQUEST		/Contribution/getknolderContribution-Fetch all the other contributions by the user	1675056219915	1675056220806	OK	 
USER	Contribution API	START	1675056220815
USER	Contribution API	START	1675056220915
REQUEST		/Contribution/getknolderContribution-Fetch all the other contributions by the user	1675056220015	1675056220940	OK	 
USER	Contribution API	START	1675056221014
REQUEST		/Contribution/getknolderContribution-Fetch all the other contributions by the user	1675056220115	1675056221044	OK	 
USER	Contribution API	START	1675056221114
REQUEST		/Contribution/getknolderContribution-Fetch all the other contributions by the user	1675056220215	1675056221116	OK	 
USER	Contribution API	START	1675056221214
REQUEST		/Contribution/getknolderContribution-Fetch all the other contributions by the user	1675056220315	1675056221260	OK	 
USER	Contribution API	START	1675056221314
REQUEST		/Contribution/getknolderContribution-Fetch all the other contributions by the user	1675056220415	1675056221358	OK	 
USER	Contribution API	START	1675056221415
REQUEST		/Contribution/getknolderContribution-Fetch all the other contributions by the user	1675056220515	1675056221448	OK	 
USER	Contribution API	START	1675056221515
REQUEST		/Contribution/getknolderContribution-Fetch all the other contributions by the user	1675056220615	1675056221523	OK	 
USER	Contribution API	START	1675056221615
REQUEST		/Contribution/getknolderContribution-Fetch all the other contributions by the user	1675056220716	1675056221665	OK	 
USER	Contribution API	START	1675056221715
REQUEST		/Contribution/getknolderContribution-Fetch all the other contributions by the user	1675056220815	1675056221807	OK	 
USER	Contribution API	START	1675056221815
REQUEST		/Contribution/getknolderContribution-Fetch all the other contributions by the user	1675056220916	1675056221856	OK	 
USER	Contribution API	START	1675056221915
REQUEST		/Contribution/getknolderContribution-Fetch all the other contributions by the user	1675056221015	1675056221988	OK	 
USER	Contribution API	START	1675056222014
USER	Contribution API	START	1675056222114
REQUEST		/Contribution/getknolderContribution-Fetch all the other contributions by the user	1675056221115	1675056222126	OK	 
REQUEST		/Contribution/getknolderContribution-Fetch all the other contributions by the user	1675056221215	1675056222132	OK	 
USER	Contribution API	START	1675056222214
REQUEST		/Contribution/getknolderContribution-Fetch all the other contributions by the user	1675056221315	1675056222287	OK	 
USER	Contribution API	START	1675056222314
USER	Contribution API	START	1675056222415
REQUEST		/Contribution/getknolderContribution-Fetch all the other contributions by the user	1675056221515	1675056222421	OK	 
USER	Contribution API	START	1675056222515
REQUEST		/Contribution/getknolderContribution-Fetch all the other contributions by the user	1675056221415	1675056222574	OK	 
USER	Contribution API	START	1675056222615
USER	Contribution API	START	1675056222715
USER	Contribution API	START	1675056222815
USER	Contribution API	START	1675056222915
USER	Contribution API	START	1675056223014
USER	Contribution API	START	1675056223114
USER	Contribution API	START	1675056223214
USER	Contribution API	START	1675056223314
USER	Contribution API	START	1675056223414
USER	Contribution API	START	1675056223514
USER	Contribution API	START	1675056223614
USER	Contribution API	START	1675056223714
USER	Contribution API	START	1675056223814
REQUEST		/Contribution/getknolderContribution-Fetch all the other contributions by the user	1675056222014	1675056223834	OK	 
USER	Contribution API	START	1675056223914
REQUEST		/Contribution/getknolderContribution-Fetch all the other contributions by the user	1675056222114	1675056223974	OK	 
USER	Contribution API	START	1675056224014
USER	Contribution API	START	1675056224114
USER	Contribution API	START	1675056224214
USER	Contribution API	START	1675056224314
USER	Contribution API	START	1675056224414
USER	Contribution API	START	1675056224514
USER	Contribution API	START	1675056224614
USER	Contribution API	START	1675056224714
USER	Contribution API	START	1675056224814
USER	Contribution API	START	1675056224914
REQUEST		/Contribution/getknolderContribution-Fetch all the other contributions by the user	1675056222715	1675056224920	OK	 
USER	Contribution API	START	1675056225014
REQUEST		/Contribution/getknolderContribution-Fetch all the other contributions by the user	1675056222816	1675056225046	OK	 
USER	Contribution API	START	1675056225114
REQUEST		/Contribution/getknolderContribution-Fetch all the other contributions by the user	1675056222615	1675056225125	OK	 
USER	Contribution API	START	1675056225214
USER	Contribution API	START	1675056225314
USER	Contribution API	START	1675056225414
USER	Contribution API	START	1675056225514
USER	Contribution API	START	1675056225614
REQUEST		/Contribution/getknolderContribution-Fetch all the other contributions by the user	1675056222515	1675056225705	OK	 
USER	Contribution API	START	1675056225714
USER	Contribution API	START	1675056225814
USER	Contribution API	START	1675056225915
USER	Contribution API	START	1675056226014
USER	Contribution API	START	1675056226114
USER	Contribution API	START	1675056226214
REQUEST		/Contribution/getknolderContribution-Fetch all the other contributions by the user	1675056223114	1675056226247	OK	 
USER	Contribution API	START	1675056226314
USER	Contribution API	START	1675056226414
USER	Contribution API	START	1675056226514
REQUEST		/Contribution/getknolderContribution-Fetch all the other contributions by the user	1675056221615	1675056226554	OK	 
REQUEST		/Contribution/getknolderContribution-Fetch all the other contributions by the user	1675056223314	1675056226578	OK	 
REQUEST		/Contribution/getknolderContribution-Fetch all the other contributions by the user	1675056221716	1675056226595	OK	 
REQUEST		/Contribution/getknolderContribution-Fetch all the other contributions by the user	1675056222415	1675056226606	OK	 
REQUEST		/Contribution/getknolderContribution-Fetch all the other contributions by the user	1675056221816	1675056226613	OK	 
USER	Contribution API	START	1675056226614
REQUEST		/Contribution/getknolderContribution-Fetch all the other contributions by the user	1675056222315	1675056226619	OK	 
REQUEST		/Contribution/getknolderContribution-Fetch all the other contributions by the user	1675056222915	1675056226619	OK	 
REQUEST		/Contribution/getknolderContribution-Fetch all the other contributions by the user	1675056224915	1675056226625	OK	 
REQUEST		/Contribution/getknolderContribution-Fetch all the other contributions by the user	1675056222215	1675056226625	OK	 
REQUEST		/Contribution/getknolderContribution-Fetch all the other contributions by the user	1675056223014	1675056226632	OK	 
USER	Contribution API	START	1675056226714
USER	Contribution API	START	1675056226815
REQUEST		/Contribution/getknolderContribution-Fetch all the other contributions by the user	1675056225215	1675056227084	OK	 
REQUEST		/Contribution/getknolderContribution-Fetch all the other contributions by the user	1675056223514	1675056227107	OK	 
REQUEST		/Contribution/getknolderContribution-Fetch all the other contributions by the user	1675056223214	1675056227107	OK	 
REQUEST		/Contribution/getknolderContribution-Fetch all the other contributions by the user	1675056225815	1675056227122	OK	 
REQUEST		/Contribution/getknolderContribution-Fetch all the other contributions by the user	1675056223414	1675056227141	OK	 
REQUEST		/Contribution/getknolderContribution-Fetch all the other contributions by the user	1675056221916	1675056227555	OK	 
REQUEST		/Contribution/getknolderContribution-Fetch all the other contributions by the user	1675056223615	1675056228448	OK	 
REQUEST		/Contribution/getknolderContribution-Fetch all the other contributions by the user	1675056226014	1675056228933	OK	 
REQUEST		/Contribution/getknolderContribution-Fetch all the other contributions by the user	1675056225515	1675056228954	OK	 
REQUEST		/contribution/getApprovedContributionsForAll?pageNumber=1&limit=10000-Fetch other contributions are there which are approved	1675056221332	1675056229341	OK	 
REQUEST		/Contribution/getknolderContribution-Fetch all the other contributions by the user	1675056224014	1675056229962	OK	 
REQUEST		/contribution/getApprovedContributionsForAll?pageNumber=1&limit=10000-Fetch other contributions are there which are approved	1675056221537	1675056231229	OK	 
REQUEST		/contribution/getApprovedContributionsForAll?pageNumber=1&limit=10000-Fetch other contributions are there which are approved	1675056221540	1675056231829	OK	 
REQUEST		/contribution/getApprovedContributionsForAll?pageNumber=1&limit=10000-Fetch other contributions are there which are approved	1675056221436	1675056232808	OK	 
REQUEST		/contribution/getApprovedContributionsForAll?pageNumber=1&limit=10000-Fetch other contributions are there which are approved	1675056222890	1675056233460	OK	 
REQUEST		/contribution/getApprovedContributionsForAll?pageNumber=1&limit=10000-Fetch other contributions are there which are approved	1675056221947	1675056234024	OK	 
REQUEST		/Contribution/getknolderContribution-Fetch all the other contributions by the user	1675056225915	1675056234433	OK	 
REQUEST		/Contribution/getknolderContribution-Fetch all the other contributions by the user	1675056224114	1675056234433	OK	 
REQUEST		/Contribution/getknolderContribution-Fetch all the other contributions by the user	1675056224515	1675056234455	OK	 
REQUEST		/Contribution/getknolderContribution-Fetch all the other contributions by the user	1675056225415	1675056234455	OK	 
REQUEST		/Contribution/getknolderContribution-Fetch all the other contributions by the user	1675056224315	1675056234461	OK	 
REQUEST		/Contribution/getknolderContribution-Fetch all the other contributions by the user	1675056223815	1675056234461	OK	 
REQUEST		/Contribution/getknolderContribution-Fetch all the other contributions by the user	1675056225715	1675056234466	OK	 
REQUEST		/Contribution/getknolderContribution-Fetch all the other contributions by the user	1675056224815	1675056234466	OK	 
REQUEST		/Contribution/getknolderContribution-Fetch all the other contributions by the user	1675056226514	1675056234466	OK	 
REQUEST		/Contribution/getknolderContribution-Fetch all the other contributions by the user	1675056224415	1675056234474	OK	 
REQUEST		/Contribution/getknolderContribution-Fetch all the other contributions by the user	1675056226414	1675056234474	OK	 
REQUEST		/Contribution/getknolderContribution-Fetch all the other contributions by the user	1675056226114	1675056234474	OK	 
REQUEST		/Contribution/getknolderContribution-Fetch all the other contributions by the user	1675056223715	1675056234474	OK	 
REQUEST		/Contribution/getknolderContribution-Fetch all the other contributions by the user	1675056225615	1675056234484	OK	 
REQUEST		/Contribution/getknolderContribution-Fetch all the other contributions by the user	1675056224715	1675056234484	OK	 
REQUEST		/Contribution/getknolderContribution-Fetch all the other contributions by the user	1675056224214	1675056234485	OK	 
REQUEST		/Contribution/getknolderContribution-Fetch all the other contributions by the user	1675056226815	1675056234490	OK	 
REQUEST		/Contribution/getknolderContribution-Fetch all the other contributions by the user	1675056225115	1675056234490	OK	 
REQUEST		/Contribution/getknolderContribution-Fetch all the other contributions by the user	1675056226714	1675056234490	OK	 
REQUEST		/Contribution/getknolderContribution-Fetch all the other contributions by the user	1675056225315	1675056234495	OK	 
REQUEST		/Contribution/getknolderContribution-Fetch all the other contributions by the user	1675056226214	1675056234495	OK	 
REQUEST		/Contribution/getknolderContribution-Fetch all the other contributions by the user	1675056225014	1675056234495	OK	 
REQUEST		/Contribution/getknolderContribution-Fetch all the other contributions by the user	1675056224615	1675056234495	OK	 
REQUEST		/Contribution/getknolderContribution-Fetch all the other contributions by the user	1675056226314	1675056234506	OK	 
REQUEST		/Contribution/getknolderContribution-Fetch all the other contributions by the user	1675056223915	1675056234936	OK	 
REQUEST		/Contribution/getknolderContribution-Fetch all the other contributions by the user	1675056226614	1675056234985	OK	 
REQUEST		/contribution/getApprovedContributionsForAll?pageNumber=1&limit=10000-Fetch other contributions are there which are approved	1675056222698	1675056235156	OK	 
REQUEST		/contribution/allContribution?pageNumber=1&limit=10000-Fetch all the other contributions which are available there for approval	1675056232342	1675056237439	OK	 
REQUEST		/contribution/allContribution?pageNumber=1&limit=10000-Fetch all the other contributions which are available there for approval	1675056235809	1675056239568	OK	 
USER	Contribution API	END	1675056240444
REQUEST		/contribution/allContribution?pageNumber=1&limit=10000-Fetch all the other contributions which are available there for approval	1675056234230	1675056240542	OK	 
REQUEST		/contribution/allContribution?pageNumber=1&limit=10000-Fetch all the other contributions which are available there for approval	1675056237025	1675056240737	OK	 
REQUEST		/contribution/allContribution?pageNumber=1&limit=10000-Fetch all the other contributions which are available there for approval	1675056234830	1675056241072	OK	 
REQUEST		/contribution/getApprovedContributionsForAll?pageNumber=1&limit=10000-Fetch other contributions are there which are approved	1675056222712	1675056241828	OK	 
USER	Contribution API	END	1675056242569
REQUEST		/contribution/getApprovedContributionsForAll?pageNumber=1&limit=10000-Fetch other contributions are there which are approved	1675056223290	1675056242576	OK	 
REQUEST		/contribution/getApprovedContributionsForAll?pageNumber=1&limit=10000-Fetch other contributions are there which are approved	1675056221148	1675056242612	OK	 
REQUEST		/contribution/getApprovedContributionsForAll?pageNumber=1&limit=10000-Fetch other contributions are there which are approved	1675056222163	1675056243234	OK	 
USER	Contribution API	END	1675056243543
USER	Contribution API	END	1675056243739
USER	Contribution API	END	1675056244074
REQUEST		/contribution/allContribution?pageNumber=1&limit=10000-Fetch all the other contributions which are available there for approval	1675056236461	1675056244162	OK	 
REQUEST		/contribution/allContribution?pageNumber=1&limit=10000-Fetch all the other contributions which are available there for approval	1675056238157	1675056244387	OK	 
REQUEST		/contribution/getApprovedContributionsForAll?pageNumber=1&limit=10000-Fetch other contributions are there which are approved	1675056225288	1675056245276	OK	 
REQUEST		/contribution/getApprovedContributionsForAll?pageNumber=1&limit=10000-Fetch other contributions are there which are approved	1675056222909	1675056245582	OK	 
REQUEST		/contribution/getApprovedContributionsForAll?pageNumber=1&limit=10000-Fetch other contributions are there which are approved	1675056222358	1675056246398	OK	 
REQUEST		/contribution/getApprovedContributionsForAll?pageNumber=1&limit=10000-Fetch other contributions are there which are approved	1675056224117	1675056246539	OK	 
REQUEST		/contribution/getApprovedContributionsForAll?pageNumber=1&limit=10000-Fetch other contributions are there which are approved	1675056224989	1675056246583	OK	 
USER	Contribution API	END	1675056247164
USER	Contribution API	END	1675056247388
REQUEST		/contribution/getApprovedContributionsForAll?pageNumber=1&limit=10000-Fetch other contributions are there which are approved	1675056223471	1675056248234	OK	 
REQUEST		/contribution/getApprovedContributionsForAll?pageNumber=1&limit=10000-Fetch other contributions are there which are approved	1675056237434	1675056248715	OK	 
REQUEST		/contribution/getApprovedContributionsForAll?pageNumber=1&limit=10000-Fetch other contributions are there which are approved	1675056229614	1675056248787	OK	 
REQUEST		/contribution/getApprovedContributionsForAll?pageNumber=1&limit=10000-Fetch other contributions are there which are approved	1675056230123	1675056249199	OK	 
REQUEST		/contribution/getApprovedContributionsForAll?pageNumber=1&limit=10000-Fetch other contributions are there which are approved	1675056222268	1675056249378	OK	 
REQUEST		/contribution/allContribution?pageNumber=1&limit=10000-Fetch all the other contributions which are available there for approval	1675056246235	1675056249643	OK	 
REQUEST		/contribution/getApprovedContributionsForAll?pageNumber=1&limit=10000-Fetch other contributions are there which are approved	1675056222984	1675056251775	OK	 
USER	Contribution API	END	1675056252645
REQUEST		/contribution/allContribution?pageNumber=1&limit=10000-Fetch all the other contributions which are available there for approval	1675056245577	1675056253546	OK	 
REQUEST		/contribution/getApprovedContributionsForAll?pageNumber=1&limit=10000-Fetch other contributions are there which are approved	1675056223749	1675056253777	OK	 
REQUEST		/contribution/getApprovedContributionsForAll?pageNumber=1&limit=10000-Fetch other contributions are there which are approved	1675056221947	1675056254006	OK	 
REQUEST		/contribution/allContribution?pageNumber=1&limit=10000-Fetch all the other contributions which are available there for approval	1675056251716	1675056254215	OK	 
REQUEST		/contribution/getApprovedContributionsForAll?pageNumber=1&limit=10000-Fetch other contributions are there which are approved	1675056222357	1675056254607	OK	 
REQUEST		/contribution/allContribution?pageNumber=1&limit=10000-Fetch all the other contributions which are available there for approval	1675056251235	1675056254667	OK	 
REQUEST		/contribution/allContribution?pageNumber=1&limit=10000-Fetch all the other contributions which are available there for approval	1675056252200	1675056255117	OK	 
REQUEST		/contribution/allContribution?pageNumber=1&limit=10000-Fetch all the other contributions which are available there for approval	1675056244829	1675056255358	OK	 
REQUEST		/contribution/getApprovedContributionsForAll?pageNumber=1&limit=10000-Fetch other contributions are there which are approved	1675056229620	1675056255502	OK	 
REQUEST		/contribution/allContribution?pageNumber=1&limit=10000-Fetch all the other contributions which are available there for approval	1675056248277	1675056255630	OK	 
REQUEST		/contribution/getApprovedContributionsForAll?pageNumber=1&limit=10000-Fetch other contributions are there which are approved	1675056225127	1675056255775	OK	 
REQUEST		/contribution/allContribution?pageNumber=1&limit=10000-Fetch all the other contributions which are available there for approval	1675056249399	1675056256128	OK	 
REQUEST		/contribution/allContribution?pageNumber=1&limit=10000-Fetch all the other contributions which are available there for approval	1675056245613	1675056256486	OK	 
USER	Contribution API	END	1675056256547
REQUEST		/contribution/allContribution?pageNumber=1&limit=10000-Fetch all the other contributions which are available there for approval	1675056248583	1675056256666	OK	 
USER	Contribution API	END	1675056257216
REQUEST		/contribution/getApprovedContributionsForAll?pageNumber=1&limit=10000-Fetch other contributions are there which are approved	1675056237456	1675056257297	OK	 
REQUEST		/contribution/allContribution?pageNumber=1&limit=10000-Fetch all the other contributions which are available there for approval	1675056252379	1675056257650	OK	 
USER	Contribution API	END	1675056257669
REQUEST		/contribution/getApprovedContributionsForAll?pageNumber=1&limit=10000-Fetch other contributions are there which are approved	1675056222694	1675056257770	OK	 
REQUEST		/contribution/getApprovedContributionsForAll?pageNumber=1&limit=10000-Fetch other contributions are there which are approved	1675056224666	1675056257973	OK	 
USER	Contribution API	END	1675056258118
REQUEST		/contribution/allContribution?pageNumber=1&limit=10000-Fetch all the other contributions which are available there for approval	1675056249540	1675056258234	OK	 
REQUEST		/contribution/getApprovedContributionsForAll?pageNumber=1&limit=10000-Fetch other contributions are there which are approved	1675056222700	1675056258251	OK	 
REQUEST		/contribution/getApprovedContributionsForAll?pageNumber=1&limit=10000-Fetch other contributions are there which are approved	1675056237462	1675056258322	OK	 
USER	Contribution API	END	1675056258359
USER	Contribution API	END	1675056258631
REQUEST		/contribution/getApprovedContributionsForAll?pageNumber=1&limit=10000-Fetch other contributions are there which are approved	1675056230086	1675056258736	OK	 
USER	Contribution API	END	1675056259129
REQUEST		/contribution/getApprovedContributionsForAll?pageNumber=1&limit=10000-Fetch other contributions are there which are approved	1675056223195	1675056259470	OK	 
USER	Contribution API	END	1675056259488
USER	Contribution API	END	1675056259667
REQUEST		/contribution/getApprovedContributionsForAll?pageNumber=1&limit=10000-Fetch other contributions are there which are approved	1675056231934	1675056259832	OK	 
REQUEST		/contribution/allContribution?pageNumber=1&limit=10000-Fetch all the other contributions which are available there for approval	1675056256778	1675056260123	OK	 
REQUEST		/contribution/getApprovedContributionsForAll?pageNumber=1&limit=10000-Fetch other contributions are there which are approved	1675056237467	1675056260153	OK	 
REQUEST		/contribution/getApprovedContributionsForAll?pageNumber=1&limit=10000-Fetch other contributions are there which are approved	1675056229248	1675056260650	OK	 
USER	Contribution API	END	1675056260652
REQUEST		/contribution/getApprovedContributionsForAll?pageNumber=1&limit=10000-Fetch other contributions are there which are approved	1675056237462	1675056260829	OK	 
REQUEST		/contribution/getApprovedContributionsForAll?pageNumber=1&limit=10000-Fetch other contributions are there which are approved	1675056237497	1675056260906	OK	 
REQUEST		/contribution/getApprovedContributionsForAll?pageNumber=1&limit=10000-Fetch other contributions are there which are approved	1675056232963	1675056261058	OK	 
REQUEST		/contribution/getApprovedContributionsForAll?pageNumber=1&limit=10000-Fetch other contributions are there which are approved	1675056228126	1675056261115	OK	 
USER	Contribution API	END	1675056261235
REQUEST		/contribution/allContribution?pageNumber=1&limit=10000-Fetch all the other contributions which are available there for approval	1675056254776	1675056261368	OK	 
REQUEST		/contribution/getApprovedContributionsForAll?pageNumber=1&limit=10000-Fetch other contributions are there which are approved	1675056237986	1675056261732	OK	 
REQUEST		/contribution/getApprovedContributionsForAll?pageNumber=1&limit=10000-Fetch other contributions are there which are approved	1675056224359	1675056261792	OK	 
REQUEST		/contribution/getApprovedContributionsForAll?pageNumber=1&limit=10000-Fetch other contributions are there which are approved	1675056223548	1675056261938	OK	 
REQUEST		/contribution/allContribution?pageNumber=1&limit=10000-Fetch all the other contributions which are available there for approval	1675056258503	1675056262094	OK	 
REQUEST		/contribution/getApprovedContributionsForAll?pageNumber=1&limit=10000-Fetch other contributions are there which are approved	1675056222163	1675056262279	OK	 
REQUEST		/contribution/allContribution?pageNumber=1&limit=10000-Fetch all the other contributions which are available there for approval	1675056258776	1675056262294	OK	 
REQUEST		/contribution/getApprovedContributionsForAll?pageNumber=1&limit=10000-Fetch other contributions are there which are approved	1675056223628	1675056262347	OK	 
REQUEST		/contribution/allContribution?pageNumber=1&limit=10000-Fetch all the other contributions which are available there for approval	1675056260298	1675056262845	OK	 
REQUEST		/contribution/getApprovedContributionsForAll?pageNumber=1&limit=10000-Fetch other contributions are there which are approved	1675056237476	1675056262911	OK	 
REQUEST		/contribution/getApprovedContributionsForAll?pageNumber=1&limit=10000-Fetch other contributions are there which are approved	1675056225133	1675056263063	OK	 
USER	Contribution API	END	1675056263124
REQUEST		/contribution/allContribution?pageNumber=1&limit=10000-Fetch all the other contributions which are available there for approval	1675056257608	1675056263223	OK	 
REQUEST		/contribution/allContribution?pageNumber=1&limit=10000-Fetch all the other contributions which are available there for approval	1675056261323	1675056263245	OK	 
REQUEST		/contribution/getApprovedContributionsForAll?pageNumber=1&limit=10000-Fetch other contributions are there which are approved	1675056237490	1675056263454	OK	 
REQUEST		/contribution/allContribution?pageNumber=1&limit=10000-Fetch all the other contributions which are available there for approval	1675056260771	1675056263537	OK	 
REQUEST		/contribution/getApprovedContributionsForAll?pageNumber=1&limit=10000-Fetch other contributions are there which are approved	1675056222357	1675056263599	OK	 
REQUEST		/contribution/allContribution?pageNumber=1&limit=10000-Fetch all the other contributions which are available there for approval	1675056261737	1675056263602	OK	 
REQUEST		/contribution/getApprovedContributionsForAll?pageNumber=1&limit=10000-Fetch other contributions are there which are approved	1675056229620	1675056263640	OK	 
REQUEST		/contribution/allContribution?pageNumber=1&limit=10000-Fetch all the other contributions which are available there for approval	1675056261253	1675056263727	OK	 
REQUEST		/contribution/getApprovedContributionsForAll?pageNumber=1&limit=10000-Fetch other contributions are there which are approved	1675056237485	1675056263988	OK	 
REQUEST		/contribution/getApprovedContributionsForAll?pageNumber=1&limit=10000-Fetch other contributions are there which are approved	1675056237938	1675056264076	OK	 
REQUEST		/contribution/allContribution?pageNumber=1&limit=10000-Fetch all the other contributions which are available there for approval	1675056262471	1675056264305	OK	 
USER	Contribution API	END	1675056264370
REQUEST		/contribution/allContribution?pageNumber=1&limit=10000-Fetch all the other contributions which are available there for approval	1675056262833	1675056264792	OK	 
REQUEST		/contribution/getApprovedContributionsForAll?pageNumber=1&limit=10000-Fetch other contributions are there which are approved	1675056231955	1675056264935	OK	 
REQUEST		/contribution/getApprovedContributionsForAll?pageNumber=1&limit=10000-Fetch other contributions are there which are approved	1675056223807	1675056264985	OK	 
REQUEST		/contribution/allContribution?pageNumber=1&limit=10000-Fetch all the other contributions which are available there for approval	1675056263154	1675056265056	OK	 
USER	Contribution API	END	1675056265095
USER	Contribution API	END	1675056265295
REQUEST		/contribution/getApprovedContributionsForAll?pageNumber=1&limit=10000-Fetch other contributions are there which are approved	1675056228706	1675056265510	OK	 
REQUEST		/contribution/getApprovedContributionsForAll?pageNumber=1&limit=10000-Fetch other contributions are there which are approved	1675056226835	1675056265522	OK	 
USER	Contribution API	END	1675056265846
REQUEST		/contribution/allContribution?pageNumber=1&limit=10000-Fetch all the other contributions which are available there for approval	1675056263651	1675056265883	OK	 
REQUEST		/contribution/getApprovedContributionsForAll?pageNumber=1&limit=10000-Fetch other contributions are there which are approved	1675056229596	1675056265982	OK	 
REQUEST		/contribution/allContribution?pageNumber=1&limit=10000-Fetch all the other contributions which are available there for approval	1675056264116	1675056266027	OK	 
REQUEST		/contribution/getApprovedContributionsForAll?pageNumber=1&limit=10000-Fetch other contributions are there which are approved	1675056224857	1675056266177	OK	 
USER	Contribution API	END	1675056266224
USER	Contribution API	END	1675056266246
REQUEST		/contribution/allContribution?pageNumber=1&limit=10000-Fetch all the other contributions which are available there for approval	1675056263830	1675056266297	OK	 
REQUEST		/contribution/getApprovedContributionsForAll?pageNumber=1&limit=10000-Fetch other contributions are there which are approved	1675056237434	1675056266344	OK	 
REQUEST		/contribution/getApprovedContributionsForAll?pageNumber=1&limit=10000-Fetch other contributions are there which are approved	1675056237456	1675056266480	OK	 
USER	Contribution API	END	1675056266538
REQUEST		/contribution/getApprovedContributionsForAll?pageNumber=1&limit=10000-Fetch other contributions are there which are approved	1675056229580	1675056266581	OK	 
USER	Contribution API	END	1675056266603
REQUEST		/contribution/getApprovedContributionsForAll?pageNumber=1&limit=10000-Fetch other contributions are there which are approved	1675056237485	1675056266658	OK	 
USER	Contribution API	END	1675056266728
REQUEST		/contribution/allContribution?pageNumber=1&limit=10000-Fetch all the other contributions which are available there for approval	1675056264793	1675056266745	OK	 
REQUEST		/contribution/allContribution?pageNumber=1&limit=10000-Fetch all the other contributions which are available there for approval	1675056257007	1675056266909	OK	 
USER	Contribution API	END	1675056267306
REQUEST		/contribution/allContribution?pageNumber=1&limit=10000-Fetch all the other contributions which are available there for approval	1675056263907	1675056267605	OK	 
REQUEST		/contribution/allContribution?pageNumber=1&limit=10000-Fetch all the other contributions which are available there for approval	1675056265279	1675056267698	OK	 
REQUEST		/contribution/getApprovedContributionsForAll?pageNumber=1&limit=10000-Fetch other contributions are there which are approved	1675056225575	1675056267775	OK	 
USER	Contribution API	END	1675056267794
REQUEST		/contribution/allContribution?pageNumber=1&limit=10000-Fetch all the other contributions which are available there for approval	1675056265912	1675056267839	OK	 
REQUEST		/contribution/getApprovedContributionsForAll?pageNumber=1&limit=10000-Fetch other contributions are there which are approved	1675056237491	1675056268014	OK	 
USER	Contribution API	END	1675056268057
REQUEST		/contribution/allContribution?pageNumber=1&limit=10000-Fetch all the other contributions which are available there for approval	1675056267077	1675056268617	OK	 
USER	Contribution API	END	1675056268884
REQUEST		/contribution/allContribution?pageNumber=1&limit=10000-Fetch all the other contributions which are available there for approval	1675056251788	1675056269012	OK	 
USER	Contribution API	END	1675056269028
REQUEST		/contribution/getApprovedContributionsForAll?pageNumber=1&limit=10000-Fetch other contributions are there which are approved	1675056230108	1675056269180	OK	 
USER	Contribution API	END	1675056269298
REQUEST		/contribution/allContribution?pageNumber=1&limit=10000-Fetch all the other contributions which are available there for approval	1675056267936	1675056269583	OK	 
REQUEST		/contribution/allContribution?pageNumber=1&limit=10000-Fetch all the other contributions which are available there for approval	1675056266455	1675056269590	OK	 
REQUEST		/contribution/allContribution?pageNumber=1&limit=10000-Fetch all the other contributions which are available there for approval	1675056265348	1675056269595	OK	 
REQUEST		/contribution/getApprovedContributionsForAll?pageNumber=1&limit=10000-Fetch other contributions are there which are approved	1675056224450	1675056269737	OK	 
USER	Contribution API	END	1675056269746
REQUEST		/contribution/allContribution?pageNumber=1&limit=10000-Fetch all the other contributions which are available there for approval	1675056264939	1675056269896	OK	 
USER	Contribution API	END	1675056269910
REQUEST		/contribution/getApprovedContributionsForAll?pageNumber=1&limit=10000-Fetch other contributions are there which are approved	1675056230556	1675056270044	OK	 
REQUEST		/contribution/getApprovedContributionsForAll?pageNumber=1&limit=10000-Fetch other contributions are there which are approved	1675056229634	1675056270216	OK	 
REQUEST		/contribution/allContribution?pageNumber=1&limit=10000-Fetch all the other contributions which are available there for approval	1675056266064	1675056270358	OK	 
REQUEST		/contribution/getApprovedContributionsForAll?pageNumber=1&limit=10000-Fetch other contributions are there which are approved	1675056237496	1675056270462	OK	 
REQUEST		/contribution/getApprovedContributionsForAll?pageNumber=1&limit=10000-Fetch other contributions are there which are approved	1675056231449	1675056270465	OK	 
REQUEST		/contribution/getApprovedContributionsForAll?pageNumber=1&limit=10000-Fetch other contributions are there which are approved	1675056222727	1675056270605	OK	 
USER	Contribution API	END	1675056270606
USER	Contribution API	END	1675056270699
REQUEST		/contribution/allContribution?pageNumber=1&limit=10000-Fetch all the other contributions which are available there for approval	1675056266640	1675056270765	OK	 
USER	Contribution API	END	1675056270840
REQUEST		/contribution/allContribution?pageNumber=1&limit=10000-Fetch all the other contributions which are available there for approval	1675056268983	1675056271077	OK	 
REQUEST		/contribution/getApprovedContributionsForAll?pageNumber=1&limit=10000-Fetch other contributions are there which are approved	1675056228047	1675056271137	OK	 
REQUEST		/contribution/allContribution?pageNumber=1&limit=10000-Fetch all the other contributions which are available there for approval	1675056269345	1675056271206	OK	 
REQUEST		/contribution/getApprovedContributionsForAll?pageNumber=1&limit=10000-Fetch other contributions are there which are approved	1675056237490	1675056271208	OK	 
REQUEST		/contribution/allContribution?pageNumber=1&limit=10000-Fetch all the other contributions which are available there for approval	1675056268523	1675056271257	OK	 
USER	Contribution API	END	1675056271618
REQUEST		/contribution/getApprovedContributionsForAll?pageNumber=1&limit=10000-Fetch other contributions are there which are approved	1675056237496	1675056271996	OK	 
USER	Contribution API	END	1675056272013
REQUEST		/contribution/allContribution?pageNumber=1&limit=10000-Fetch all the other contributions which are available there for approval	1675056268511	1675056272014	OK	 
REQUEST		/contribution/getApprovedContributionsForAll?pageNumber=1&limit=10000-Fetch other contributions are there which are approved	1675056229556	1675056272100	OK	 
REQUEST		/contribution/getApprovedContributionsForAll?pageNumber=1&limit=10000-Fetch other contributions are there which are approved	1675056221742	1675056272164	OK	 
REQUEST		/contribution/getApprovedContributionsForAll?pageNumber=1&limit=10000-Fetch other contributions are there which are approved	1675056237467	1675056272224	OK	 
REQUEST		/contribution/allContribution?pageNumber=1&limit=10000-Fetch all the other contributions which are available there for approval	1675056269178	1675056272297	OK	 
REQUEST		/contribution/getApprovedContributionsForAll?pageNumber=1&limit=10000-Fetch other contributions are there which are approved	1675056227921	1675056272437	OK	 
REQUEST		/contribution/allContribution?pageNumber=1&limit=10000-Fetch all the other contributions which are available there for approval	1675056260974	1675056272500	OK	 
USER	Contribution API	END	1675056272584
USER	Contribution API	END	1675056272591
USER	Contribution API	END	1675056272596
REQUEST		/contribution/allContribution?pageNumber=1&limit=10000-Fetch all the other contributions which are available there for approval	1675056269582	1675056272627	OK	 
USER	Contribution API	END	1675056272898
REQUEST		/contribution/allContribution?pageNumber=1&limit=10000-Fetch all the other contributions which are available there for approval	1675056270776	1675056273021	OK	 
REQUEST		/contribution/getApprovedContributionsForAll?pageNumber=1&limit=10000-Fetch other contributions are there which are approved	1675056229626	1675056273129	OK	 
REQUEST		/contribution/allContribution?pageNumber=1&limit=10000-Fetch all the other contributions which are available there for approval	1675056264059	1675056273260	OK	 
REQUEST		/contribution/getApprovedContributionsForAll?pageNumber=1&limit=10000-Fetch other contributions are there which are approved	1675056224524	1675056273307	OK	 
USER	Contribution API	END	1675056273359
REQUEST		/contribution/getApprovedContributionsForAll?pageNumber=1&limit=10000-Fetch other contributions are there which are approved	1675056224262	1675056273476	OK	 
REQUEST		/contribution/getApprovedContributionsForAll?pageNumber=1&limit=10000-Fetch other contributions are there which are approved	1675056229625	1675056273601	OK	 
REQUEST		/contribution/allContribution?pageNumber=1&limit=10000-Fetch all the other contributions which are available there for approval	1675056269659	1675056273672	OK	 
USER	Contribution API	END	1675056273767
REQUEST		/contribution/allContribution?pageNumber=1&limit=10000-Fetch all the other contributions which are available there for approval	1675056249583	1675056273888	OK	 
USER	Contribution API	END	1675056274078
USER	Contribution API	END	1675056274207
USER	Contribution API	END	1675056274258
REQUEST		/contribution/allContribution?pageNumber=1&limit=10000-Fetch all the other contributions which are available there for approval	1675056271015	1675056274486	OK	 
REQUEST		/contribution/allContribution?pageNumber=1&limit=10000-Fetch all the other contributions which are available there for approval	1675056269481	1675056274548	OK	 
REQUEST		/contribution/getApprovedContributionsForAll?pageNumber=1&limit=10000-Fetch other contributions are there which are approved	1675056237485	1675056274573	OK	 
REQUEST		/contribution/allContribution?pageNumber=1&limit=10000-Fetch all the other contributions which are available there for approval	1675056264733	1675056274777	OK	 
REQUEST		/contribution/allContribution?pageNumber=1&limit=10000-Fetch all the other contributions which are available there for approval	1675056266600	1675056274782	OK	 
USER	Contribution API	END	1675056275015
REQUEST		/contribution/getApprovedContributionsForAll?pageNumber=1&limit=10000-Fetch other contributions are there which are approved	1675056223224	1675056275253	OK	 
USER	Contribution API	END	1675056275298
REQUEST		/contribution/getApprovedContributionsForAll?pageNumber=1&limit=10000-Fetch other contributions are there which are approved	1675056224808	1675056275365	OK	 
USER	Contribution API	END	1675056275501
USER	Contribution API	END	1675056275628
REQUEST		/contribution/allContribution?pageNumber=1&limit=10000-Fetch all the other contributions which are available there for approval	1675056273465	1675056275911	OK	 
USER	Contribution API	END	1675056276022
REQUEST		/contribution/allContribution?pageNumber=1&limit=10000-Fetch all the other contributions which are available there for approval	1675056267986	1675056276048	OK	 
REQUEST		/contribution/getApprovedContributionsForAll?pageNumber=1&limit=10000-Fetch other contributions are there which are approved	1675056223941	1675056276250	OK	 
USER	Contribution API	END	1675056276261
REQUEST		/contribution/getApprovedContributionsForAll?pageNumber=1&limit=10000-Fetch other contributions are there which are approved	1675056225422	1675056276273	OK	 
USER	Contribution API	END	1675056276674
REQUEST		/contribution/allContribution?pageNumber=1&limit=10000-Fetch all the other contributions which are available there for approval	1675056274208	1675056276748	OK	 
USER	Contribution API	END	1675056276889
REQUEST		/contribution/allContribution?pageNumber=1&limit=10000-Fetch all the other contributions which are available there for approval	1675056274997	1675056276965	OK	 
REQUEST		/contribution/allContribution?pageNumber=1&limit=10000-Fetch all the other contributions which are available there for approval	1675056274138	1675056276977	OK	 
REQUEST		/contribution/getApprovedContributionsForAll?pageNumber=1&limit=10000-Fetch other contributions are there which are approved	1675056229607	1675056276982	OK	 
REQUEST		/contribution/allContribution?pageNumber=1&limit=10000-Fetch all the other contributions which are available there for approval	1675056273045	1675056277366	OK	 
REQUEST		/contribution/allContribution?pageNumber=1&limit=10000-Fetch all the other contributions which are available there for approval	1675056275437	1675056277481	OK	 
REQUEST		/contribution/getApprovedContributionsForAll?pageNumber=1&limit=10000-Fetch other contributions are there which are approved	1675056223344	1675056277481	OK	 
USER	Contribution API	END	1675056277487
USER	Contribution API	END	1675056277549
USER	Contribution API	END	1675056277779
USER	Contribution API	END	1675056277783
REQUEST		/contribution/allContribution?pageNumber=1&limit=10000-Fetch all the other contributions which are available there for approval	1675056272738	1675056277807	OK	 
REQUEST		/contribution/allContribution?pageNumber=1&limit=10000-Fetch all the other contributions which are available there for approval	1675056266989	1675056277853	OK	 
REQUEST		/contribution/allContribution?pageNumber=1&limit=10000-Fetch all the other contributions which are available there for approval	1675056273463	1675056278151	OK	 
REQUEST		/contribution/getApprovedContributionsForAll?pageNumber=1&limit=10000-Fetch other contributions are there which are approved	1675056237467	1675056278487	OK	 
REQUEST		/contribution/allContribution?pageNumber=1&limit=10000-Fetch all the other contributions which are available there for approval	1675056276602	1675056278542	OK	 
REQUEST		/contribution/allContribution?pageNumber=1&limit=10000-Fetch all the other contributions which are available there for approval	1675056275101	1675056278594	OK	 
REQUEST		/contribution/allContribution?pageNumber=1&limit=10000-Fetch all the other contributions which are available there for approval	1675056276308	1675056278697	OK	 
USER	Contribution API	END	1675056278912
USER	Contribution API	END	1675056279049
REQUEST		/contribution/allContribution?pageNumber=1&limit=10000-Fetch all the other contributions which are available there for approval	1675056277574	1675056279496	OK	 
USER	Contribution API	END	1675056279748
REQUEST		/contribution/getApprovedContributionsForAll?pageNumber=1&limit=10000-Fetch other contributions are there which are approved	1675056230142	1675056279842	OK	 
REQUEST		/contribution/getApprovedContributionsForAll?pageNumber=1&limit=10000-Fetch other contributions are there which are approved	1675056237476	1675056279887	OK	 
REQUEST		/contribution/allContribution?pageNumber=1&limit=10000-Fetch all the other contributions which are available there for approval	1675056275165	1675056279909	OK	 
USER	Contribution API	END	1675056279966
USER	Contribution API	END	1675056279977
REQUEST		/contribution/getApprovedContributionsForAll?pageNumber=1&limit=10000-Fetch other contributions are there which are approved	1675056237506	1675056280352	OK	 
USER	Contribution API	END	1675056280368
REQUEST		/contribution/getApprovedContributionsForAll?pageNumber=1&limit=10000-Fetch other contributions are there which are approved	1675056226975	1675056280390	OK	 
REQUEST		/contribution/allContribution?pageNumber=1&limit=10000-Fetch all the other contributions which are available there for approval	1675056276477	1675056280443	OK	 
USER	Contribution API	END	1675056280482
REQUEST		/contribution/getApprovedContributionsForAll?pageNumber=1&limit=10000-Fetch other contributions are there which are approved	1675056237475	1675056280498	OK	 
REQUEST		/contribution/allContribution?pageNumber=1&limit=10000-Fetch all the other contributions which are available there for approval	1675056273606	1675056280678	OK	 
USER	Contribution API	END	1675056280808
REQUEST		/contribution/allContribution?pageNumber=1&limit=10000-Fetch all the other contributions which are available there for approval	1675056278254	1675056280814	OK	 
REQUEST		/contribution/allContribution?pageNumber=1&limit=10000-Fetch all the other contributions which are available there for approval	1675056276129	1675056280818	OK	 
REQUEST		/contribution/allContribution?pageNumber=1&limit=10000-Fetch all the other contributions which are available there for approval	1675056278365	1675056280823	OK	 
USER	Contribution API	END	1675056280854
USER	Contribution API	END	1675056281152
REQUEST		/contribution/allContribution?pageNumber=1&limit=10000-Fetch all the other contributions which are available there for approval	1675056275225	1675056281222	OK	 
REQUEST		/contribution/allContribution?pageNumber=1&limit=10000-Fetch all the other contributions which are available there for approval	1675056279251	1675056281489	OK	 
USER	Contribution API	END	1675056281543
USER	Contribution API	END	1675056281595
REQUEST		/contribution/allContribution?pageNumber=1&limit=10000-Fetch all the other contributions which are available there for approval	1675056273217	1675056281596	OK	 
USER	Contribution API	END	1675056281699
REQUEST		/contribution/allContribution?pageNumber=1&limit=10000-Fetch all the other contributions which are available there for approval	1675056279274	1675056281966	OK	 
REQUEST		/contribution/getApprovedContributionsForAll?pageNumber=1&limit=10000-Fetch other contributions are there which are approved	1675056224045	1675056282140	OK	 
USER	Contribution API	END	1675056282497
USER	Contribution API	END	1675056282910
REQUEST		/contribution/allContribution?pageNumber=1&limit=10000-Fetch all the other contributions which are available there for approval	1675056281488	1675056283389	OK	 
USER	Contribution API	END	1675056283444
REQUEST		/contribution/allContribution?pageNumber=1&limit=10000-Fetch all the other contributions which are available there for approval	1675056279983	1675056283544	OK	 
USER	Contribution API	END	1675056283680
USER	Contribution API	END	1675056283816
USER	Contribution API	END	1675056283819
USER	Contribution API	END	1675056283824
REQUEST		/contribution/getApprovedContributionsForAll?pageNumber=1&limit=10000-Fetch other contributions are there which are approved	1675056237496	1675056283901	OK	 
REQUEST		/contribution/getApprovedContributionsForAll?pageNumber=1&limit=10000-Fetch other contributions are there which are approved	1675056237476	1675056283908	OK	 
REQUEST		/contribution/allContribution?pageNumber=1&limit=10000-Fetch all the other contributions which are available there for approval	1675056280482	1675056284212	OK	 
USER	Contribution API	END	1675056284223
USER	Contribution API	END	1675056284490
USER	Contribution API	END	1675056284598
REQUEST		/contribution/getApprovedContributionsForAll?pageNumber=1&limit=10000-Fetch other contributions are there which are approved	1675056230108	1675056284687	OK	 
REQUEST		/contribution/allContribution?pageNumber=1&limit=10000-Fetch all the other contributions which are available there for approval	1675056282843	1675056284813	OK	 
USER	Contribution API	END	1675056284967
REQUEST		/contribution/allContribution?pageNumber=1&limit=10000-Fetch all the other contributions which are available there for approval	1675056272181	1675056284988	OK	 
REQUEST		/contribution/allContribution?pageNumber=1&limit=10000-Fetch all the other contributions which are available there for approval	1675056283352	1675056285264	OK	 
REQUEST		/contribution/allContribution?pageNumber=1&limit=10000-Fetch all the other contributions which are available there for approval	1675056283391	1675056285277	OK	 
REQUEST		/contribution/allContribution?pageNumber=1&limit=10000-Fetch all the other contributions which are available there for approval	1675056283498	1675056286084	OK	 
USER	Contribution API	END	1675056286390
USER	Contribution API	END	1675056286545
REQUEST		/contribution/allContribution?pageNumber=1&limit=10000-Fetch all the other contributions which are available there for approval	1675056285141	1675056287050	OK	 
USER	Contribution API	END	1675056287213
REQUEST		/contribution/allContribution?pageNumber=1&limit=10000-Fetch all the other contributions which are available there for approval	1675056282887	1675056287241	OK	 
USER	Contribution API	END	1675056287814
USER	Contribution API	END	1675056287989
USER	Contribution API	END	1675056288265
USER	Contribution API	END	1675056288278
REQUEST		/contribution/allContribution?pageNumber=1&limit=10000-Fetch all the other contributions which are available there for approval	1675056286909	1675056288842	OK	 
USER	Contribution API	END	1675056289086
USER	Contribution API	END	1675056290052
USER	Contribution API	END	1675056290242
REQUEST		/contribution/allContribution?pageNumber=1&limit=10000-Fetch all the other contributions which are available there for approval	1675056287687	1675056290556	OK	 
REQUEST		/contribution/allContribution?pageNumber=1&limit=10000-Fetch all the other contributions which are available there for approval	1675056286901	1675056291808	OK	 
USER	Contribution API	END	1675056291843
USER	Contribution API	END	1675056293557
USER	Contribution API	END	1675056294809
