RUN	Simulations.Runner.Go1percent	go1percent	1676368744902	 	3.5.1
USER	Summary API	START	1676368746069
USER	Summary API	START	1676368747057
REQUEST		My Techup - Fetch approved Techup	1676368746094	1676368747119	OK	 
REQUEST		My Techup - Fetch approved Techup	1676368747058	1676368748051	OK	 
USER	Summary API	START	1676368748058
REQUEST		My Techup - Fetch approved Techup	1676368748059	1676368749009	OK	 
USER	Summary API	START	1676368749052
USER	Summary API	START	1676368750051
REQUEST		My Techup - Fetch approved Techup	1676368749053	1676368750058	OK	 
REQUEST		Approval Techup - Fetch approval Techups	1676368750136	1676368750466	KO	status.find.is(200), but actually found 204
REQUEST		My Techup - Fetch approved Techup	1676368750052	1676368750984	OK	 
USER	Summary API	START	1676368751051
REQUEST		Approval Techup - Fetch approval Techups	1676368751052	1676368751395	KO	status.find.is(200), but actually found 204
REQUEST		My Techup - Fetch approved Techup	1676368751052	1676368752017	OK	 
USER	Summary API	START	1676368752052
REQUEST		Approval Techup - Fetch approval Techups	1676368752010	1676368752329	KO	status.find.is(200), but actually found 204
USER	Summary API	START	1676368753052
REQUEST		My Techup - Fetch approved Techup	1676368752052	1676368753060	OK	 
REQUEST		Approval Techup - Fetch approval Techups	1676368753060	1676368753419	KO	status.find.is(200), but actually found 204
REQUEST		AllTechup - Fetch all Techup	1676368753469	1676368753789	KO	status.find.is(204), but actually found 200
USER	Summary API	START	1676368754052
REQUEST		My Techup - Fetch approved Techup	1676368753053	1676368754059	OK	 
REQUEST		Approval Techup - Fetch approval Techups	1676368753985	1676368754351	KO	status.find.is(200), but actually found 204
REQUEST		AllTechup - Fetch all Techup	1676368754396	1676368754711	KO	status.find.is(204), but actually found 200
REQUEST		My Techup - Fetch approved Techup	1676368754052	1676368754964	OK	 
USER	Summary API	START	1676368755052
REQUEST		Approval Techup - Fetch approval Techups	1676368755018	1676368755415	KO	status.find.is(200), but actually found 204
REQUEST		AllTechup - Fetch all Techup	1676368755330	1676368755722	KO	status.find.is(204), but actually found 200
USER	Summary API	START	1676368756052
REQUEST		My Techup - Fetch approved Techup	1676368755053	1676368756065	OK	 
REQUEST		Approval Techup - Fetch approval Techups	1676368756061	1676368756412	KO	status.find.is(200), but actually found 204
REQUEST		AllTechup - Fetch all Techup	1676368756420	1676368756730	KO	status.find.is(204), but actually found 200
USER	Summary API	END	1676368756795
USER	Summary API	START	1676368757051
REQUEST		My Techup - Fetch approved Techup	1676368756052	1676368757116	OK	 
REQUEST		Approval Techup - Fetch approval Techups	1676368757060	1676368757454	KO	status.find.is(200), but actually found 204
USER	Summary API	END	1676368757712
REQUEST		AllTechup - Fetch all Techup	1676368757352	1676368757716	KO	status.find.is(204), but actually found 200
REQUEST		My Techup - Fetch approved Techup	1676368757052	1676368758011	OK	 
USER	Summary API	START	1676368758052
REQUEST		Approval Techup - Fetch approval Techups	1676368757965	1676368758277	KO	status.find.is(200), but actually found 204
USER	Summary API	END	1676368758723
REQUEST		AllTechup - Fetch all Techup	1676368758417	1676368758763	KO	status.find.is(204), but actually found 200
REQUEST		My Techup - Fetch approved Techup	1676368758052	1676368758912	OK	 
USER	Summary API	START	1676368759052
REQUEST		Approval Techup - Fetch approval Techups	1676368759066	1676368759379	KO	status.find.is(200), but actually found 204
USER	Summary API	END	1676368759731
REQUEST		AllTechup - Fetch all Techup	1676368759413	1676368759739	KO	status.find.is(204), but actually found 200
REQUEST		My Techup - Fetch approved Techup	1676368759052	1676368759993	OK	 
USER	Summary API	START	1676368760052
REQUEST		Approval Techup - Fetch approval Techups	1676368760117	1676368760421	KO	status.find.is(200), but actually found 204
USER	Summary API	END	1676368760717
REQUEST		AllTechup - Fetch all Techup	1676368760455	1676368760791	KO	status.find.is(204), but actually found 200
USER	Summary API	START	1676368761052
REQUEST		My Techup - Fetch approved Techup	1676368760053	1676368761079	OK	 
REQUEST		Approval Techup - Fetch approval Techups	1676368761012	1676368761398	KO	status.find.is(200), but actually found 204
REQUEST		AllTechup - Fetch all Techup	1676368761278	1676368761665	KO	status.find.is(204), but actually found 200
USER	Summary API	END	1676368761765
REQUEST		My Techup - Fetch approved Techup	1676368761052	1676368761994	OK	 
USER	Summary API	START	1676368762052
REQUEST		Approval Techup - Fetch approval Techups	1676368761913	1676368762241	KO	status.find.is(200), but actually found 204
REQUEST		AllTechup - Fetch all Techup	1676368762380	1676368762696	KO	status.find.is(204), but actually found 200
USER	Summary API	END	1676368762740
REQUEST		My Techup - Fetch approved Techup	1676368762052	1676368763025	OK	 
USER	Summary API	START	1676368763052
REQUEST		Approval Techup - Fetch approval Techups	1676368762994	1676368763361	KO	status.find.is(200), but actually found 204
REQUEST		AllTechup - Fetch all Techup	1676368763422	1676368763783	KO	status.find.is(204), but actually found 200
USER	Summary API	END	1676368763792
USER	Summary API	START	1676368764052
REQUEST		My Techup - Fetch approved Techup	1676368763052	1676368764099	OK	 
REQUEST		Approval Techup - Fetch approval Techups	1676368764080	1676368764399	KO	status.find.is(200), but actually found 204
USER	Summary API	END	1676368764666
REQUEST		AllTechup - Fetch all Techup	1676368764399	1676368764710	KO	status.find.is(204), but actually found 200
REQUEST		My Techup - Fetch approved Techup	1676368764052	1676368765051	OK	 
USER	Summary API	START	1676368765052
REQUEST		Approval Techup - Fetch approval Techups	1676368764995	1676368765382	KO	status.find.is(200), but actually found 204
REQUEST		AllTechup - Fetch all Techup	1676368765242	1676368765571	KO	status.find.is(204), but actually found 200
USER	Summary API	END	1676368765697
REQUEST		My Techup - Fetch approved Techup	1676368765053	1676368765991	OK	 
USER	Summary API	START	1676368766051
REQUEST		Approval Techup - Fetch approval Techups	1676368766026	1676368766342	KO	status.find.is(200), but actually found 204
REQUEST		AllTechup - Fetch all Techup	1676368766362	1676368766685	KO	status.find.is(204), but actually found 200
USER	Summary API	END	1676368766784
USER	Summary API	START	1676368767051
REQUEST		My Techup - Fetch approved Techup	1676368766052	1676368767058	OK	 
REQUEST		Approval Techup - Fetch approval Techups	1676368767099	1676368767475	KO	status.find.is(200), but actually found 204
USER	Summary API	END	1676368767711
REQUEST		AllTechup - Fetch all Techup	1676368767400	1676368767721	KO	status.find.is(204), but actually found 200
REQUEST		My Techup - Fetch approved Techup	1676368767051	1676368767980	OK	 
USER	Summary API	START	1676368768051
REQUEST		Approval Techup - Fetch approval Techups	1676368768052	1676368768388	KO	status.find.is(200), but actually found 204
USER	Summary API	END	1676368768572
REQUEST		AllTechup - Fetch all Techup	1676368768383	1676368768702	KO	status.find.is(204), but actually found 200
REQUEST		My Techup - Fetch approved Techup	1676368768052	1676368769022	OK	 
USER	Summary API	START	1676368769051
REQUEST		Approval Techup - Fetch approval Techups	1676368768992	1676368769373	KO	status.find.is(200), but actually found 204
USER	Summary API	END	1676368769686
REQUEST		AllTechup - Fetch all Techup	1676368769344	1676368769729	KO	status.find.is(204), but actually found 200
REQUEST		My Techup - Fetch approved Techup	1676368769051	1676368770051	OK	 
USER	Summary API	START	1676368770051
REQUEST		Approval Techup - Fetch approval Techups	1676368770059	1676368770376	KO	status.find.is(200), but actually found 204
USER	Summary API	END	1676368770722
REQUEST		AllTechup - Fetch all Techup	1676368770476	1676368770793	KO	status.find.is(204), but actually found 200
REQUEST		My Techup - Fetch approved Techup	1676368770052	1676368771006	OK	 
USER	Summary API	START	1676368771052
REQUEST		Approval Techup - Fetch approval Techups	1676368770982	1676368771363	KO	status.find.is(200), but actually found 204
USER	Summary API	END	1676368771703
REQUEST		AllTechup - Fetch all Techup	1676368771389	1676368771762	KO	status.find.is(204), but actually found 200
REQUEST		My Techup - Fetch approved Techup	1676368771052	1676368772028	OK	 
USER	Summary API	START	1676368772052
REQUEST		Approval Techup - Fetch approval Techups	1676368772023	1676368772394	KO	status.find.is(200), but actually found 204
USER	Summary API	END	1676368772731
REQUEST		AllTechup - Fetch all Techup	1676368772374	1676368772765	KO	status.find.is(204), but actually found 200
USER	Summary API	START	1676368773052
REQUEST		My Techup - Fetch approved Techup	1676368772052	1676368773109	OK	 
REQUEST		Approval Techup - Fetch approval Techups	1676368773052	1676368773444	KO	status.find.is(200), but actually found 204
REQUEST		AllTechup - Fetch all Techup	1676368773377	1676368773717	KO	status.find.is(204), but actually found 200
USER	Summary API	END	1676368773794
REQUEST		My Techup - Fetch approved Techup	1676368773052	1676368774015	OK	 
USER	Summary API	START	1676368774052
REQUEST		Approval Techup - Fetch approval Techups	1676368774007	1676368774328	KO	status.find.is(200), but actually found 204
REQUEST		AllTechup - Fetch all Techup	1676368774364	1676368774677	KO	status.find.is(204), but actually found 200
USER	Summary API	END	1676368774763
REQUEST		My Techup - Fetch approved Techup	1676368774053	1676368774944	OK	 
USER	Summary API	START	1676368775052
REQUEST		Approval Techup - Fetch approval Techups	1676368775029	1676368775353	KO	status.find.is(200), but actually found 204
REQUEST		AllTechup - Fetch all Techup	1676368775395	1676368775708	KO	status.find.is(204), but actually found 200
USER	Summary API	END	1676368775767
REQUEST		My Techup - Fetch approved Techup	1676368775052	1676368775968	OK	 
USER	Summary API	START	1676368776052
REQUEST		Approval Techup - Fetch approval Techups	1676368776110	1676368776416	KO	status.find.is(200), but actually found 204
USER	Summary API	END	1676368776718
REQUEST		AllTechup - Fetch all Techup	1676368776446	1676368776770	KO	status.find.is(204), but actually found 200
REQUEST		My Techup - Fetch approved Techup	1676368776052	1676368777064	OK	 
REQUEST		Approval Techup - Fetch approval Techups	1676368777016	1676368777418	KO	status.find.is(200), but actually found 204
USER	Summary API	START	1676368777051
USER	Summary API	END	1676368777678
REQUEST		AllTechup - Fetch all Techup	1676368777330	1676368777680	KO	status.find.is(204), but actually found 200
USER	Summary API	START	1676368778051
REQUEST		Approval Techup - Fetch approval Techups	1676368777945	1676368778251	KO	status.find.is(200), but actually found 204
REQUEST		My Techup - Fetch approved Techup	1676368777052	1676368778527	OK	 
REQUEST		AllTechup - Fetch all Techup	1676368778354	1676368778662	KO	status.find.is(204), but actually found 200
USER	Summary API	END	1676368778709
REQUEST		My Techup - Fetch approved Techup	1676368778052	1676368778993	OK	 
USER	Summary API	START	1676368779051
REQUEST		Approval Techup - Fetch approval Techups	1676368778969	1676368779347	KO	status.find.is(200), but actually found 204
REQUEST		AllTechup - Fetch all Techup	1676368779417	1676368779757	KO	status.find.is(204), but actually found 200
USER	Summary API	END	1676368779771
USER	Summary API	START	1676368780051
REQUEST		My Techup - Fetch approved Techup	1676368779052	1676368780058	OK	 
REQUEST		Approval Techup - Fetch approval Techups	1676368780065	1676368780376	KO	status.find.is(200), but actually found 204
USER	Summary API	END	1676368780681
REQUEST		AllTechup - Fetch all Techup	1676368780419	1676368780731	KO	status.find.is(204), but actually found 200
USER	Summary API	START	1676368781051
REQUEST		My Techup - Fetch approved Techup	1676368780052	1676368781056	OK	 
USER	Summary API	END	1676368781663
REQUEST		AllTechup - Fetch all Techup	1676368781252	1676368781676	KO	status.find.is(204), but actually found 200
REQUEST		Approval Techup - Fetch approval Techups	1676368781528	1676368781840	KO	status.find.is(200), but actually found 204
USER	Summary API	START	1676368782051
REQUEST		My Techup - Fetch approved Techup	1676368781052	1676368782125	OK	 
REQUEST		Approval Techup - Fetch approval Techups	1676368781994	1676368782306	KO	status.find.is(200), but actually found 204
REQUEST		AllTechup - Fetch all Techup	1676368782348	1676368782672	KO	status.find.is(204), but actually found 200
USER	Summary API	END	1676368782758
REQUEST		My Techup - Fetch approved Techup	1676368782052	1676368782930	OK	 
USER	Summary API	START	1676368783052
REQUEST		Approval Techup - Fetch approval Techups	1676368783059	1676368783374	KO	status.find.is(200), but actually found 204
REQUEST		AllTechup - Fetch all Techup	1676368783377	1676368783690	KO	status.find.is(204), but actually found 200
USER	Summary API	END	1676368783732
REQUEST		My Techup - Fetch approved Techup	1676368783052	1676368783955	OK	 
USER	Summary API	START	1676368784052
REQUEST		Approval Techup - Fetch approval Techups	1676368784057	1676368784365	KO	status.find.is(200), but actually found 204
USER	Summary API	END	1676368784678
REQUEST		My Techup - Fetch approved Techup	1676368784053	1676368785047	OK	 
USER	Summary API	START	1676368785052
REQUEST		AllTechup - Fetch all Techup	1676368784841	1676368785214	KO	status.find.is(204), but actually found 200
REQUEST		Approval Techup - Fetch approval Techups	1676368785126	1676368785514	KO	status.find.is(200), but actually found 204
USER	Summary API	END	1676368785674
REQUEST		AllTechup - Fetch all Techup	1676368785307	1676368785686	KO	status.find.is(204), but actually found 200
REQUEST		My Techup - Fetch approved Techup	1676368785052	1676368786028	OK	 
USER	Summary API	START	1676368786051
REQUEST		Approval Techup - Fetch approval Techups	1676368785931	1676368786242	KO	status.find.is(200), but actually found 204
USER	Summary API	END	1676368786692
REQUEST		AllTechup - Fetch all Techup	1676368786375	1676368786753	KO	status.find.is(204), but actually found 200
REQUEST		My Techup - Fetch approved Techup	1676368786052	1676368786983	OK	 
USER	Summary API	START	1676368787052
REQUEST		Approval Techup - Fetch approval Techups	1676368786956	1676368787341	KO	status.find.is(200), but actually found 204
REQUEST		AllTechup - Fetch all Techup	1676368787366	1676368787745	KO	status.find.is(204), but actually found 200
USER	Summary API	START	1676368788052
REQUEST		My Techup - Fetch approved Techup	1676368787053	1676368788063	OK	 
USER	Summary API	END	1676368788215
REQUEST		Approval Techup - Fetch approval Techups	1676368788049	1676368788375	KO	status.find.is(200), but actually found 204
USER	Summary API	END	1676368788687
REQUEST		AllTechup - Fetch all Techup	1676368788515	1676368788972	KO	status.find.is(204), but actually found 200
USER	Summary API	START	1676368789051
REQUEST		My Techup - Fetch approved Techup	1676368788052	1676368789081	OK	 
REQUEST		Approval Techup - Fetch approval Techups	1676368789029	1676368789414	KO	status.find.is(200), but actually found 204
REQUEST		AllTechup - Fetch all Techup	1676368789243	1676368789560	KO	status.find.is(204), but actually found 200
USER	Summary API	END	1676368789754
USER	Summary API	START	1676368790051
REQUEST		My Techup - Fetch approved Techup	1676368789052	1676368790200	OK	 
REQUEST		Approval Techup - Fetch approval Techups	1676368789983	1676368790296	KO	status.find.is(200), but actually found 204
REQUEST		AllTechup - Fetch all Techup	1676368790343	1676368790657	KO	status.find.is(204), but actually found 200
USER	Summary API	END	1676368790746
USER	Summary API	START	1676368791051
REQUEST		My Techup - Fetch approved Techup	1676368790052	1676368791056	OK	 
REQUEST		Approval Techup - Fetch approval Techups	1676368791064	1676368791380	KO	status.find.is(200), but actually found 204
REQUEST		AllTechup - Fetch all Techup	1676368791376	1676368791737	KO	status.find.is(204), but actually found 200
USER	Summary API	END	1676368791974
REQUEST		My Techup - Fetch approved Techup	1676368791052	1676368792034	OK	 
USER	Summary API	START	1676368792052
REQUEST		Approval Techup - Fetch approval Techups	1676368792082	1676368792392	KO	status.find.is(200), but actually found 204
USER	Summary API	END	1676368792561
USER	Summary API	START	1676368793051
REQUEST		AllTechup - Fetch all Techup	1676368792415	1676368793098	KO	status.find.is(204), but actually found 200
REQUEST		My Techup - Fetch approved Techup	1676368792053	1676368793111	OK	 
USER	Summary API	END	1676368793659
USER	Summary API	START	1676368794051
USER	Summary API	END	1676368794739
USER	Summary API	START	1676368795052
USER	Summary API	START	1676368796052
USER	Summary API	END	1676368796099
USER	Summary API	START	1676368797052
USER	Summary API	START	1676368798052
REQUEST		My Techup - Fetch approved Techup	1676368793051	1676368798303	OK	 
REQUEST		My Techup - Fetch approved Techup	1676368795052	1676368798551	OK	 
REQUEST		Approval Techup - Fetch approval Techups	1676368793201	1676368798565	KO	status.find.is(200), but actually found 204
USER	Summary API	START	1676368799051
REQUEST		AllTechup - Fetch all Techup	1676368793297	1676368799417	KO	status.find.is(204), but actually found 200
REQUEST		Approval Techup - Fetch approval Techups	1676368794057	1676368799621	KO	status.find.is(200), but actually found 204
REQUEST		My Techup - Fetch approved Techup	1676368797052	1676368799928	OK	 
USER	Summary API	START	1676368800052
REQUEST		My Techup - Fetch approved Techup	1676368796052	1676368800112	OK	 
REQUEST		AllTechup - Fetch all Techup	1676368795393	1676368800121	KO	status.find.is(204), but actually found 200
REQUEST		My Techup - Fetch approved Techup	1676368798052	1676368800125	OK	 
REQUEST		Approval Techup - Fetch approval Techups	1676368795035	1676368800147	KO	status.find.is(200), but actually found 204
REQUEST		AllTechup - Fetch all Techup	1676368794381	1676368800151	KO	status.find.is(204), but actually found 200
REQUEST		My Techup - Fetch approved Techup	1676368794052	1676368800166	OK	 
REQUEST		My Techup - Fetch approved Techup	1676368799052	1676368800204	OK	 
USER	Summary API	START	1676368801052
REQUEST		My Techup - Fetch approved Techup	1676368800053	1676368801055	OK	 
REQUEST		Approval Techup - Fetch approval Techups	1676368801304	1676368801620	KO	status.find.is(200), but actually found 204
REQUEST		Approval Techup - Fetch approval Techups	1676368801552	1676368801874	KO	status.find.is(200), but actually found 204
REQUEST		AllTechup - Fetch all Techup	1676368801566	1676368801894	KO	status.find.is(204), but actually found 200
REQUEST		My Techup - Fetch approved Techup	1676368801052	1676368801956	OK	 
USER	Summary API	START	1676368802052
USER	Summary API	END	1676368802418
REQUEST		Approval Techup - Fetch approval Techups	1676368796112	1676368802590	KO	status.find.is(200), but actually found 204
REQUEST		AllTechup - Fetch all Techup	1676368802622	1676368803003	KO	status.find.is(204), but actually found 200
USER	Summary API	START	1676368803052
REQUEST		My Techup - Fetch approved Techup	1676368802052	1676368803078	OK	 
USER	Summary API	END	1676368803122
USER	Summary API	END	1676368803152
REQUEST		Approval Techup - Fetch approval Techups	1676368802929	1676368803312	KO	status.find.is(200), but actually found 204
REQUEST		Approval Techup - Fetch approval Techups	1676368803113	1676368803512	KO	status.find.is(200), but actually found 204
REQUEST		Approval Techup - Fetch approval Techups	1676368803126	1676368803526	KO	status.find.is(200), but actually found 204
REQUEST		Approval Techup - Fetch approval Techups	1676368803167	1676368803531	KO	status.find.is(200), but actually found 204
REQUEST		Approval Techup - Fetch approval Techups	1676368803205	1676368803531	KO	status.find.is(200), but actually found 204
REQUEST		AllTechup - Fetch all Techup	1676368803148	1676368803531	KO	status.find.is(204), but actually found 200
USER	Summary API	START	1676368804052
REQUEST		My Techup - Fetch approved Techup	1676368803052	1676368804207	OK	 
REQUEST		Approval Techup - Fetch approval Techups	1676368804056	1676368804559	KO	status.find.is(200), but actually found 204
USER	Summary API	END	1676368804895
REQUEST		My Techup - Fetch approved Techup	1676368804052	1676368804963	OK	 
REQUEST		AllTechup - Fetch all Techup	1676368804621	1676368805006	KO	status.find.is(204), but actually found 200
USER	Summary API	START	1676368805052
REQUEST		AllTechup - Fetch all Techup	1676368804875	1676368805459	KO	status.find.is(204), but actually found 200
REQUEST		Approval Techup - Fetch approval Techups	1676368804957	1676368805474	KO	status.find.is(200), but actually found 204
REQUEST		AllTechup - Fetch all Techup	1676368805591	1676368805917	KO	status.find.is(204), but actually found 200
USER	Summary API	END	1676368806005
USER	Summary API	START	1676368806052
REQUEST		My Techup - Fetch approved Techup	1676368805052	1676368806074	OK	 
USER	Summary API	END	1676368806532
REQUEST		Approval Techup - Fetch approval Techups	1676368806079	1676368806597	KO	status.find.is(200), but actually found 204
REQUEST		AllTechup - Fetch all Techup	1676368806313	1676368806643	KO	status.find.is(204), but actually found 200
REQUEST		AllTechup - Fetch all Techup	1676368806513	1676368806915	KO	status.find.is(204), but actually found 200
USER	Summary API	START	1676368807052
REQUEST		AllTechup - Fetch all Techup	1676368806527	1676368807285	KO	status.find.is(204), but actually found 200
REQUEST		My Techup - Fetch approved Techup	1676368806052	1676368807297	OK	 
REQUEST		AllTechup - Fetch all Techup	1676368806532	1676368807486	KO	status.find.is(204), but actually found 200
REQUEST		AllTechup - Fetch all Techup	1676368806532	1676368807487	KO	status.find.is(204), but actually found 200
USER	Summary API	END	1676368808008
USER	Summary API	START	1676368808052
USER	Summary API	END	1676368808460
USER	Summary API	END	1676368808919
USER	Summary API	START	1676368809051
USER	Summary API	END	1676368809644
USER	Summary API	END	1676368809916
USER	Summary API	START	1676368810052
USER	Summary API	END	1676368810286
USER	Summary API	END	1676368810488
USER	Summary API	END	1676368810488
REQUEST		My Techup - Fetch approved Techup	1676368809052	1676368810595	OK	 
USER	Summary API	START	1676368811052
REQUEST		AllTechup - Fetch all Techup	1676368809598	1676368811366	KO	status.find.is(204), but actually found 200
REQUEST		My Techup - Fetch approved Techup	1676368810052	1676368811602	OK	 
REQUEST		My Techup - Fetch approved Techup	1676368808052	1676368811602	OK	 
REQUEST		Approval Techup - Fetch approval Techups	1676368810298	1676368811602	KO	status.find.is(200), but actually found 204
REQUEST		Approval Techup - Fetch approval Techups	1676368809074	1676368811602	KO	status.find.is(200), but actually found 204
REQUEST		My Techup - Fetch approved Techup	1676368807052	1676368811685	OK	 
USER	Summary API	START	1676368812052
REQUEST		Approval Techup - Fetch approval Techups	1676368807208	1676368812080	KO	status.find.is(200), but actually found 204
REQUEST		Approval Techup - Fetch approval Techups	1676368807964	1676368812095	KO	status.find.is(200), but actually found 204
REQUEST		My Techup - Fetch approved Techup	1676368811052	1676368812227	OK	 
REQUEST		AllTechup - Fetch all Techup	1676368808475	1676368812228	KO	status.find.is(204), but actually found 200
REQUEST		AllTechup - Fetch all Techup	1676368807560	1676368812246	KO	status.find.is(204), but actually found 200
REQUEST		My Techup - Fetch approved Techup	1676368812053	1676368812934	OK	 
USER	Summary API	START	1676368813051
USER	Summary API	START	1676368814052
USER	Summary API	END	1676368814368
USER	Summary API	START	1676368815052
USER	Summary API	END	1676368815229
USER	Summary API	END	1676368815247
REQUEST		My Techup - Fetch approved Techup	1676368813052	1676368815479	OK	 
REQUEST		My Techup - Fetch approved Techup	1676368814052	1676368815572	OK	 
REQUEST		Approval Techup - Fetch approval Techups	1676368814603	1676368816024	KO	status.find.is(200), but actually found 204
REQUEST		Approval Techup - Fetch approval Techups	1676368814603	1676368816025	KO	status.find.is(200), but actually found 204
REQUEST		Approval Techup - Fetch approval Techups	1676368813596	1676368816031	KO	status.find.is(200), but actually found 204
REQUEST		AllTechup - Fetch all Techup	1676368814603	1676368816033	KO	status.find.is(204), but actually found 200
REQUEST		Approval Techup - Fetch approval Techups	1676368814686	1676368816042	KO	status.find.is(200), but actually found 204
REQUEST		AllTechup - Fetch all Techup	1676368815081	1676368816049	KO	status.find.is(204), but actually found 200
USER	Summary API	START	1676368816052
REQUEST		My Techup - Fetch approved Techup	1676368815052	1676368816111	OK	 
REQUEST		Approval Techup - Fetch approval Techups	1676368815229	1676368816116	KO	status.find.is(200), but actually found 204
REQUEST		AllTechup - Fetch all Techup	1676368815096	1676368816118	KO	status.find.is(204), but actually found 200
REQUEST		Approval Techup - Fetch approval Techups	1676368815934	1676368816248	KO	status.find.is(200), but actually found 204
REQUEST		AllTechup - Fetch all Techup	1676368814603	1676368816791	KO	status.find.is(204), but actually found 200
USER	Summary API	START	1676368817052
USER	Summary API	START	1676368818052
USER	Summary API	END	1676368819034
USER	Summary API	END	1676368819050
USER	Summary API	START	1676368819052
USER	Summary API	END	1676368819119
USER	Summary API	END	1676368819792
USER	Summary API	START	1676368820052
USER	Summary API	START	1676368821051
USER	Summary API	START	1676368822051
USER	Summary API	START	1676368823051
USER	Summary API	START	1676368824051
USER	Summary API	START	1676368825052
USER	Summary API	START	1676368826052
USER	Summary API	START	1676368827052
USER	Summary API	START	1676368828051
USER	Summary API	START	1676368829051
USER	Summary API	START	1676368830052
USER	Summary API	START	1676368831052
USER	Summary API	START	1676368832052
USER	Summary API	START	1676368833051
USER	Summary API	START	1676368834052
USER	Summary API	START	1676368835051
USER	Summary API	START	1676368836052
USER	Summary API	START	1676368837051
USER	Summary API	START	1676368838051
USER	Summary API	START	1676368839051
USER	Summary API	START	1676368840051
USER	Summary API	START	1676368841052
USER	Summary API	START	1676368842051
USER	Summary API	START	1676368843052
USER	Summary API	START	1676368844052
USER	Summary API	START	1676368845052
REQUEST		My Techup - Fetch approved Techup	1676368842052	1676368852424	KO	i.n.h.s.SslHandshakeTimeoutException: handshake timed out after 10000ms
REQUEST		My Techup - Fetch approved Techup	1676368843052	1676368853346	KO	i.n.h.s.SslHandshakeTimeoutException: handshake timed out after 10000ms
REQUEST		Approval Techup - Fetch approval Techups	1676368856347	1676368866619	KO	i.n.h.s.SslHandshakeTimeoutException: handshake timed out after 10000ms
REQUEST		My Techup - Fetch approved Techup	1676368816052	1676368876053	KO	i.g.h.c.i.RequestTimeoutException: Request timeout to techhub-backend.qa.go1percent.com/34.132.142.94:443 after 60000 ms
REQUEST		My Techup - Fetch approved Techup	1676368817052	1676368877053	KO	i.g.h.c.i.RequestTimeoutException: Request timeout to techhub-backend.qa.go1percent.com/34.132.142.94:443 after 60000 ms
REQUEST		My Techup - Fetch approved Techup	1676368818053	1676368878053	KO	i.g.h.c.i.RequestTimeoutException: Request timeout to techhub-backend.qa.go1percent.com/34.132.142.94:443 after 60000 ms
REQUEST		Approval Techup - Fetch approval Techups	1676368818479	1676368878480	KO	i.g.h.c.i.RequestTimeoutException: Request timeout to techhub-backend.qa.go1percent.com/34.132.142.94:443 after 60000 ms
REQUEST		Approval Techup - Fetch approval Techups	1676368818573	1676368878573	KO	i.g.h.c.i.RequestTimeoutException: Request timeout to techhub-backend.qa.go1percent.com/34.132.142.94:443 after 60000 ms
REQUEST		AllTechup - Fetch all Techup	1676368819025	1676368879025	KO	i.g.h.c.i.RequestTimeoutException: Request timeout to techhub-backend.qa.go1percent.com/34.132.142.94:443 after 60000 ms
REQUEST		AllTechup - Fetch all Techup	1676368819026	1676368879026	KO	i.g.h.c.i.RequestTimeoutException: Request timeout to techhub-backend.qa.go1percent.com/34.132.142.94:443 after 60000 ms
REQUEST		AllTechup - Fetch all Techup	1676368819032	1676368879032	KO	i.g.h.c.i.RequestTimeoutException: Request timeout to techhub-backend.qa.go1percent.com/34.132.142.94:443 after 60000 ms
REQUEST		AllTechup - Fetch all Techup	1676368819042	1676368879043	KO	i.g.h.c.i.RequestTimeoutException: Request timeout to techhub-backend.qa.go1percent.com/34.132.142.94:443 after 60000 ms
REQUEST		My Techup - Fetch approved Techup	1676368819052	1676368879052	KO	i.g.h.c.i.RequestTimeoutException: Request timeout to techhub-backend.qa.go1percent.com/34.132.142.94:443 after 60000 ms
REQUEST		Approval Techup - Fetch approval Techups	1676368819112	1676368879113	KO	i.g.h.c.i.RequestTimeoutException: Request timeout to techhub-backend.qa.go1percent.com/34.132.142.94:443 after 60000 ms
REQUEST		AllTechup - Fetch all Techup	1676368819117	1676368879118	KO	i.g.h.c.i.RequestTimeoutException: Request timeout to techhub-backend.qa.go1percent.com/34.132.142.94:443 after 60000 ms
REQUEST		AllTechup - Fetch all Techup	1676368819249	1676368879249	KO	i.g.h.c.i.RequestTimeoutException: Request timeout to techhub-backend.qa.go1percent.com/34.132.142.94:443 after 60000 ms
REQUEST		My Techup - Fetch approved Techup	1676368820053	1676368880053	KO	i.g.h.c.i.RequestTimeoutException: Request timeout to techhub-backend.qa.go1percent.com/34.132.142.94:443 after 60000 ms
REQUEST		My Techup - Fetch approved Techup	1676368821052	1676368881052	KO	i.g.h.c.i.RequestTimeoutException: Request timeout to techhub-backend.qa.go1percent.com/34.132.142.94:443 after 60000 ms
USER	Summary API	END	1676368882026
USER	Summary API	END	1676368882026
USER	Summary API	END	1676368882033
USER	Summary API	END	1676368882043
REQUEST		My Techup - Fetch approved Techup	1676368822052	1676368882052	KO	i.g.h.c.i.RequestTimeoutException: Request timeout to techhub-backend.qa.go1percent.com/34.132.142.94:443 after 60000 ms
USER	Summary API	END	1676368882118
USER	Summary API	END	1676368882250
REQUEST		My Techup - Fetch approved Techup	1676368823052	1676368883052	KO	i.g.h.c.i.RequestTimeoutException: Request timeout to techhub-backend.qa.go1percent.com/34.132.142.94:443 after 60000 ms
REQUEST		My Techup - Fetch approved Techup	1676368824052	1676368884052	KO	i.g.h.c.i.RequestTimeoutException: Request timeout to techhub-backend.qa.go1percent.com/34.132.142.94:443 after 60000 ms
REQUEST		My Techup - Fetch approved Techup	1676368825052	1676368885052	KO	i.g.h.c.i.RequestTimeoutException: Request timeout to techhub-backend.qa.go1percent.com/34.132.142.94:443 after 60000 ms
REQUEST		My Techup - Fetch approved Techup	1676368826053	1676368886053	KO	i.g.h.c.i.RequestTimeoutException: Request timeout to techhub-backend.qa.go1percent.com/34.132.142.94:443 after 60000 ms
REQUEST		My Techup - Fetch approved Techup	1676368827052	1676368887052	KO	i.g.h.c.i.RequestTimeoutException: Request timeout to techhub-backend.qa.go1percent.com/34.132.142.94:443 after 60000 ms
REQUEST		My Techup - Fetch approved Techup	1676368828052	1676368888052	KO	i.g.h.c.i.RequestTimeoutException: Request timeout to techhub-backend.qa.go1percent.com/34.132.142.94:443 after 60000 ms
REQUEST		My Techup - Fetch approved Techup	1676368829052	1676368889052	KO	i.g.h.c.i.RequestTimeoutException: Request timeout to techhub-backend.qa.go1percent.com/34.132.142.94:443 after 60000 ms
REQUEST		My Techup - Fetch approved Techup	1676368830052	1676368890052	KO	i.g.h.c.i.RequestTimeoutException: Request timeout to techhub-backend.qa.go1percent.com/34.132.142.94:443 after 60000 ms
REQUEST		My Techup - Fetch approved Techup	1676368831052	1676368891052	KO	i.g.h.c.i.RequestTimeoutException: Request timeout to techhub-backend.qa.go1percent.com/34.132.142.94:443 after 60000 ms
REQUEST		My Techup - Fetch approved Techup	1676368832053	1676368892053	KO	i.g.h.c.i.RequestTimeoutException: Request timeout to techhub-backend.qa.go1percent.com/34.132.142.94:443 after 60000 ms
REQUEST		My Techup - Fetch approved Techup	1676368833052	1676368893052	KO	i.g.h.c.i.RequestTimeoutException: Request timeout to techhub-backend.qa.go1percent.com/34.132.142.94:443 after 60000 ms
REQUEST		My Techup - Fetch approved Techup	1676368834053	1676368894053	KO	i.g.h.c.i.RequestTimeoutException: Request timeout to techhub-backend.qa.go1percent.com/34.132.142.94:443 after 60000 ms
REQUEST		Approval Techup - Fetch approval Techups	1676368884053	1676368894408	KO	i.n.h.s.SslHandshakeTimeoutException: handshake timed out after 10000ms
REQUEST		My Techup - Fetch approved Techup	1676368835052	1676368895052	KO	i.g.h.c.i.RequestTimeoutException: Request timeout to techhub-backend.qa.go1percent.com/34.132.142.94:443 after 60000 ms
REQUEST		Approval Techup - Fetch approval Techups	1676368885053	1676368895432	KO	i.n.h.s.SslHandshakeTimeoutException: handshake timed out after 10000ms
REQUEST		My Techup - Fetch approved Techup	1676368836052	1676368896052	KO	i.g.h.c.i.RequestTimeoutException: Request timeout to techhub-backend.qa.go1percent.com/34.132.142.94:443 after 60000 ms
REQUEST		My Techup - Fetch approved Techup	1676368837051	1676368897052	KO	i.g.h.c.i.RequestTimeoutException: Request timeout to techhub-backend.qa.go1percent.com/34.132.142.94:443 after 60000 ms
REQUEST		My Techup - Fetch approved Techup	1676368838051	1676368898052	KO	i.g.h.c.i.RequestTimeoutException: Request timeout to techhub-backend.qa.go1percent.com/34.132.142.94:443 after 60000 ms
REQUEST		My Techup - Fetch approved Techup	1676368839052	1676368899052	KO	i.g.h.c.i.RequestTimeoutException: Request timeout to techhub-backend.qa.go1percent.com/34.132.142.94:443 after 60000 ms
REQUEST		My Techup - Fetch approved Techup	1676368840052	1676368900052	KO	i.g.h.c.i.RequestTimeoutException: Request timeout to techhub-backend.qa.go1percent.com/34.132.142.94:443 after 60000 ms
REQUEST		Approval Techup - Fetch approval Techups	1676368890053	1676368900054	KO	i.n.c.ConnectTimeoutException: connection timed out: techhub-backend.qa.go1percent.com/34.132.142.94:443
REQUEST		My Techup - Fetch approved Techup	1676368841052	1676368901053	KO	i.g.h.c.i.RequestTimeoutException: Request timeout to techhub-backend.qa.go1percent.com/34.132.142.94:443 after 60000 ms
REQUEST		Approval Techup - Fetch approval Techups	1676368891053	1676368901053	KO	i.n.c.ConnectTimeoutException: connection timed out: techhub-backend.qa.go1percent.com/34.132.142.94:443
REQUEST		Approval Techup - Fetch approval Techups	1676368892053	1676368902054	KO	i.n.c.ConnectTimeoutException: connection timed out: techhub-backend.qa.go1percent.com/34.132.142.94:443
REQUEST		Approval Techup - Fetch approval Techups	1676368893053	1676368903054	KO	i.n.c.ConnectTimeoutException: connection timed out: techhub-backend.qa.go1percent.com/34.132.142.94:443
REQUEST		My Techup - Fetch approved Techup	1676368844053	1676368904053	KO	i.g.h.c.i.RequestTimeoutException: Request timeout to techhub-backend.qa.go1percent.com/34.132.142.94:443 after 60000 ms
REQUEST		Approval Techup - Fetch approval Techups	1676368894053	1676368904054	KO	i.n.c.ConnectTimeoutException: connection timed out: techhub-backend.qa.go1percent.com/34.132.142.94:443
REQUEST		My Techup - Fetch approved Techup	1676368845053	1676368905053	KO	i.g.h.c.i.RequestTimeoutException: Request timeout to techhub-backend.qa.go1percent.com/34.132.142.94:443 after 60000 ms
REQUEST		Approval Techup - Fetch approval Techups	1676368895053	1676368905054	KO	i.n.c.ConnectTimeoutException: connection timed out: techhub-backend.qa.go1percent.com/34.132.142.94:443
REQUEST		Approval Techup - Fetch approval Techups	1676368896052	1676368906053	KO	i.n.c.ConnectTimeoutException: connection timed out: techhub-backend.qa.go1percent.com/34.132.142.94:443
REQUEST		Approval Techup - Fetch approval Techups	1676368897053	1676368907054	KO	i.n.c.ConnectTimeoutException: connection timed out: techhub-backend.qa.go1percent.com/34.132.142.94:443
REQUEST		AllTechup - Fetch all Techup	1676368897409	1676368907410	KO	i.n.c.ConnectTimeoutException: connection timed out: techhub-backend.qa.go1percent.com/34.132.142.94:443
REQUEST		Approval Techup - Fetch approval Techups	1676368898053	1676368908054	KO	i.n.c.ConnectTimeoutException: connection timed out: techhub-backend.qa.go1percent.com/34.132.142.94:443
REQUEST		AllTechup - Fetch all Techup	1676368898432	1676368908433	KO	i.n.c.ConnectTimeoutException: connection timed out: techhub-backend.qa.go1percent.com/34.132.142.94:443
REQUEST		Approval Techup - Fetch approval Techups	1676368899053	1676368909054	KO	i.n.c.ConnectTimeoutException: connection timed out: techhub-backend.qa.go1percent.com/34.132.142.94:443
REQUEST		Approval Techup - Fetch approval Techups	1676368900053	1676368910056	KO	i.n.c.ConnectTimeoutException: connection timed out: techhub-backend.qa.go1percent.com/34.132.142.94:443
USER	Summary API	END	1676368910410
REQUEST		Approval Techup - Fetch approval Techups	1676368901052	1676368911053	KO	i.n.c.ConnectTimeoutException: connection timed out: techhub-backend.qa.go1percent.com/34.132.142.94:443
USER	Summary API	END	1676368911434
REQUEST		Approval Techup - Fetch approval Techups	1676368902053	1676368912054	KO	i.n.c.ConnectTimeoutException: connection timed out: techhub-backend.qa.go1percent.com/34.132.142.94:443
REQUEST		Approval Techup - Fetch approval Techups	1676368903053	1676368913053	KO	i.n.c.ConnectTimeoutException: connection timed out: techhub-backend.qa.go1percent.com/34.132.142.94:443
REQUEST		AllTechup - Fetch all Techup	1676368903055	1676368913056	KO	i.n.c.ConnectTimeoutException: connection timed out: techhub-backend.qa.go1percent.com/34.132.142.94:443
REQUEST		Approval Techup - Fetch approval Techups	1676368904053	1676368914054	KO	i.n.c.ConnectTimeoutException: connection timed out: techhub-backend.qa.go1percent.com/34.132.142.94:443
REQUEST		AllTechup - Fetch all Techup	1676368904054	1676368914055	KO	i.n.c.ConnectTimeoutException: connection timed out: techhub-backend.qa.go1percent.com/34.132.142.94:443
REQUEST		AllTechup - Fetch all Techup	1676368905055	1676368915055	KO	i.n.c.ConnectTimeoutException: connection timed out: techhub-backend.qa.go1percent.com/34.132.142.94:443
REQUEST		Approval Techup - Fetch approval Techups	1676368855428	1676368915428	KO	i.g.h.c.i.RequestTimeoutException: Request timeout to techhub-backend.qa.go1percent.com/34.132.142.94:443 after 60000 ms
REQUEST		AllTechup - Fetch all Techup	1676368906055	1676368916055	KO	i.n.c.ConnectTimeoutException: connection timed out: techhub-backend.qa.go1percent.com/34.132.142.94:443
USER	Summary API	END	1676368916056
REQUEST		Approval Techup - Fetch approval Techups	1676368907053	1676368917054	KO	i.n.c.ConnectTimeoutException: connection timed out: techhub-backend.qa.go1percent.com/34.132.142.94:443
USER	Summary API	END	1676368917055
REQUEST		AllTechup - Fetch all Techup	1676368907055	1676368917055	KO	i.n.c.ConnectTimeoutException: connection timed out: techhub-backend.qa.go1percent.com/34.132.142.94:443
REQUEST		Approval Techup - Fetch approval Techups	1676368908054	1676368918055	KO	i.n.c.ConnectTimeoutException: connection timed out: techhub-backend.qa.go1percent.com/34.132.142.94:443
REQUEST		AllTechup - Fetch all Techup	1676368908054	1676368918055	KO	i.n.c.ConnectTimeoutException: connection timed out: techhub-backend.qa.go1percent.com/34.132.142.94:443
USER	Summary API	END	1676368918056
REQUEST		AllTechup - Fetch all Techup	1676368909054	1676368919055	KO	i.n.c.ConnectTimeoutException: connection timed out: techhub-backend.qa.go1percent.com/34.132.142.94:443
USER	Summary API	END	1676368919056
USER	Summary API	END	1676368920055
REQUEST		AllTechup - Fetch all Techup	1676368910055	1676368920056	KO	i.n.c.ConnectTimeoutException: connection timed out: techhub-backend.qa.go1percent.com/34.132.142.94:443
REQUEST		AllTechup - Fetch all Techup	1676368911055	1676368921055	KO	i.n.c.ConnectTimeoutException: connection timed out: techhub-backend.qa.go1percent.com/34.132.142.94:443
USER	Summary API	END	1676368921056
REQUEST		AllTechup - Fetch all Techup	1676368912054	1676368922055	KO	i.n.c.ConnectTimeoutException: connection timed out: techhub-backend.qa.go1percent.com/34.132.142.94:443
USER	Summary API	END	1676368922056
USER	Summary API	END	1676368923056
REQUEST		AllTechup - Fetch all Techup	1676368913057	1676368923058	KO	i.n.c.ConnectTimeoutException: connection timed out: techhub-backend.qa.go1percent.com/34.132.142.94:443
REQUEST		AllTechup - Fetch all Techup	1676368914054	1676368924055	KO	i.n.c.ConnectTimeoutException: connection timed out: techhub-backend.qa.go1percent.com/34.132.142.94:443
USER	Summary API	END	1676368924056
REQUEST		AllTechup - Fetch all Techup	1676368915054	1676368925055	KO	i.n.c.ConnectTimeoutException: connection timed out: techhub-backend.qa.go1percent.com/34.132.142.94:443
USER	Summary API	END	1676368925056
REQUEST		AllTechup - Fetch all Techup	1676368916054	1676368926056	KO	i.n.c.ConnectTimeoutException: connection timed out: techhub-backend.qa.go1percent.com/34.132.142.94:443
USER	Summary API	END	1676368926058
REQUEST		AllTechup - Fetch all Techup	1676368917055	1676368927055	KO	i.n.c.ConnectTimeoutException: connection timed out: techhub-backend.qa.go1percent.com/34.132.142.94:443
USER	Summary API	END	1676368927056
USER	Summary API	END	1676368928055
REQUEST		AllTechup - Fetch all Techup	1676368918428	1676368928429	KO	i.n.c.ConnectTimeoutException: connection timed out: techhub-backend.qa.go1percent.com/34.132.142.94:443
USER	Summary API	END	1676368929056
REQUEST		AllTechup - Fetch all Techup	1676368869620	1676368929620	KO	i.g.h.c.i.RequestTimeoutException: Request timeout to techhub-backend.qa.go1percent.com/34.132.142.94:443 after 60000 ms
REQUEST		AllTechup - Fetch all Techup	1676368920055	1676368930056	KO	i.n.c.ConnectTimeoutException: connection timed out: techhub-backend.qa.go1percent.com/34.132.142.94:443
USER	Summary API	END	1676368930056
REQUEST		AllTechup - Fetch all Techup	1676368921055	1676368931056	KO	i.n.c.ConnectTimeoutException: connection timed out: techhub-backend.qa.go1percent.com/34.132.142.94:443
USER	Summary API	END	1676368931429
USER	Summary API	END	1676368932620
USER	Summary API	END	1676368933056
USER	Summary API	END	1676368934057
REQUEST		Approval Techup - Fetch approval Techups	1676368879054	1676368939054	KO	i.g.h.c.i.RequestTimeoutException: Request timeout to techhub-backend.qa.go1percent.com/34.132.142.94:443 after 60000 ms
REQUEST		Approval Techup - Fetch approval Techups	1676368880053	1676368940054	KO	i.g.h.c.i.RequestTimeoutException: Request timeout to techhub-backend.qa.go1percent.com/34.132.142.94:443 after 60000 ms
REQUEST		Approval Techup - Fetch approval Techups	1676368881054	1676368941054	KO	i.g.h.c.i.RequestTimeoutException: Request timeout to techhub-backend.qa.go1percent.com/34.132.142.94:443 after 60000 ms
REQUEST		AllTechup - Fetch all Techup	1676368881480	1676368941480	KO	i.g.h.c.i.RequestTimeoutException: Request timeout to techhub-backend.qa.go1percent.com/34.132.142.94:443 after 60000 ms
REQUEST		AllTechup - Fetch all Techup	1676368881574	1676368941574	KO	i.g.h.c.i.RequestTimeoutException: Request timeout to techhub-backend.qa.go1percent.com/34.132.142.94:443 after 60000 ms
REQUEST		Approval Techup - Fetch approval Techups	1676368882053	1676368942053	KO	i.g.h.c.i.RequestTimeoutException: Request timeout to techhub-backend.qa.go1percent.com/34.132.142.94:443 after 60000 ms
REQUEST		AllTechup - Fetch all Techup	1676368882113	1676368942113	KO	i.g.h.c.i.RequestTimeoutException: Request timeout to techhub-backend.qa.go1percent.com/34.132.142.94:443 after 60000 ms
REQUEST		Approval Techup - Fetch approval Techups	1676368883053	1676368943053	KO	i.g.h.c.i.RequestTimeoutException: Request timeout to techhub-backend.qa.go1percent.com/34.132.142.94:443 after 60000 ms
USER	Summary API	END	1676368944481
USER	Summary API	END	1676368944574
USER	Summary API	END	1676368945114
REQUEST		Approval Techup - Fetch approval Techups	1676368886052	1676368946053	KO	i.g.h.c.i.RequestTimeoutException: Request timeout to techhub-backend.qa.go1percent.com/34.132.142.94:443 after 60000 ms
REQUEST		Approval Techup - Fetch approval Techups	1676368887053	1676368947053	KO	i.g.h.c.i.RequestTimeoutException: Request timeout to techhub-backend.qa.go1percent.com/34.132.142.94:443 after 60000 ms
REQUEST		Approval Techup - Fetch approval Techups	1676368888053	1676368948053	KO	i.g.h.c.i.RequestTimeoutException: Request timeout to techhub-backend.qa.go1percent.com/34.132.142.94:443 after 60000 ms
REQUEST		Approval Techup - Fetch approval Techups	1676368889053	1676368949053	KO	i.g.h.c.i.RequestTimeoutException: Request timeout to techhub-backend.qa.go1percent.com/34.132.142.94:443 after 60000 ms
REQUEST		AllTechup - Fetch all Techup	1676368942055	1676368952060	KO	i.n.c.ConnectTimeoutException: connection timed out: techhub-backend.qa.go1percent.com/34.132.142.94:443
REQUEST		AllTechup - Fetch all Techup	1676368943054	1676368953055	KO	i.n.c.ConnectTimeoutException: connection timed out: techhub-backend.qa.go1percent.com/34.132.142.94:443
REQUEST		AllTechup - Fetch all Techup	1676368944054	1676368954055	KO	i.n.c.ConnectTimeoutException: connection timed out: techhub-backend.qa.go1percent.com/34.132.142.94:443
REQUEST		AllTechup - Fetch all Techup	1676368945054	1676368955054	KO	i.n.c.ConnectTimeoutException: connection timed out: techhub-backend.qa.go1percent.com/34.132.142.94:443
USER	Summary API	END	1676368955060
REQUEST		AllTechup - Fetch all Techup	1676368946054	1676368956056	KO	i.n.c.ConnectTimeoutException: connection timed out: techhub-backend.qa.go1percent.com/34.132.142.94:443
USER	Summary API	END	1676368956056
USER	Summary API	END	1676368957056
USER	Summary API	END	1676368958055
REQUEST		AllTechup - Fetch all Techup	1676368949053	1676368959054	KO	i.n.c.ConnectTimeoutException: connection timed out: techhub-backend.qa.go1percent.com/34.132.142.94:443
USER	Summary API	END	1676368959056
REQUEST		AllTechup - Fetch all Techup	1676368950053	1676368960054	KO	i.n.c.ConnectTimeoutException: connection timed out: techhub-backend.qa.go1percent.com/34.132.142.94:443
REQUEST		AllTechup - Fetch all Techup	1676368951054	1676368961055	KO	i.n.c.ConnectTimeoutException: connection timed out: techhub-backend.qa.go1percent.com/34.132.142.94:443
USER	Summary API	END	1676368962054
REQUEST		AllTechup - Fetch all Techup	1676368952054	1676368962055	KO	i.n.c.ConnectTimeoutException: connection timed out: techhub-backend.qa.go1percent.com/34.132.142.94:443
USER	Summary API	END	1676368963055
USER	Summary API	END	1676368964055
USER	Summary API	END	1676368965055
