RUN	Simulations.Runner.Runner	runner	1673527808463	 	3.5.1
USER	Create  Scenario	START	1673527814447
USER	Create  Scenario	START	1673527814942
USER	Create  Scenario	START	1673527815442
REQUEST		Reputation	1673527814478	1673527815691	OK	 
USER	Create  Scenario	START	1673527815941
REQUEST		Reputation	1673527814942	1673527816234	OK	 
USER	Create  Scenario	START	1673527816442
REQUEST		Reputation	1673527815443	1673527816591	OK	 
USER	Create  Scenario	START	1673527816942
REQUEST		Reputation	1673527815942	1673527817086	OK	 
USER	Create  Scenario	START	1673527817444
REQUEST		Reputation	1673527816443	1673527817670	OK	 
USER	Create  Scenario	START	1673527817941
REQUEST		Reputation	1673527816943	1673527818253	OK	 
USER	Create  Scenario	START	1673527818442
REQUEST		Reputation	1673527817445	1673527818572	OK	 
USER	Create  Scenario	START	1673527818941
REQUEST		Last Contribution	1673527818712	1673527819006	OK	 
REQUEST		Reputation	1673527817942	1673527819124	OK	 
USER	Create  Scenario	START	1673527819442
REQUEST		Last Contribution	1673527819235	1673527819526	OK	 
REQUEST		Reputation	1673527818442	1673527819578	OK	 
REQUEST		Last Contribution	1673527819592	1673527819912	OK	 
USER	Create  Scenario	START	1673527819942
REQUEST		Reputation	1673527818942	1673527820084	OK	 
REQUEST		Last Contribution	1673527820087	1673527820402	OK	 
USER	Create  Scenario	START	1673527820443
REQUEST		Reputation	1673527819443	1673527820584	OK	 
USER	Create  Scenario	START	1673527820942
REQUEST		Last Contribution	1673527820672	1673527820994	OK	 
REQUEST		Reputation	1673527819943	1673527821083	OK	 
USER	Create  Scenario	START	1673527821442
REQUEST		Last Contribution	1673527821254	1673527821543	OK	 
REQUEST		Reputation	1673527820443	1673527821598	OK	 
REQUEST		Last Contribution	1673527821573	1673527821865	OK	 
USER	Create  Scenario	START	1673527821941
REQUEST		Reputation	1673527820942	1673527822101	OK	 
REQUEST		Reputation Twelve months	1673527822008	1673527822320	OK	 
REQUEST		Last Contribution	1673527822125	1673527822431	OK	 
USER	Create  Scenario	START	1673527822442
REQUEST		Reputation	1673527821443	1673527822632	OK	 
REQUEST		Reputation Twelve months	1673527822527	1673527822836	OK	 
REQUEST		Last Contribution	1673527822580	1673527822880	OK	 
USER	Create  Scenario	START	1673527822941
REQUEST		Reputation	1673527821942	1673527823063	OK	 
REQUEST		Reputation Twelve months	1673527822913	1673527823217	OK	 
REQUEST		Last Contribution	1673527823085	1673527823375	OK	 
USER	Create  Scenario	START	1673527823442
REQUEST		Reputation	1673527822442	1673527823573	OK	 
REQUEST		Reputation Twelve months	1673527823403	1673527823715	OK	 
REQUEST		Last Contribution	1673527823585	1673527823884	OK	 
USER	Create  Scenario	START	1673527823942
REQUEST		Reputation	1673527822942	1673527824071	OK	 
REQUEST		Reputation Twelve months	1673527823995	1673527824325	OK	 
REQUEST		Last Contribution	1673527824085	1673527824400	OK	 
REQUEST		Reputation	1673527823442	1673527824596	OK	 
REQUEST		Reputation Twelve months	1673527824544	1673527824866	OK	 
REQUEST		Last Contribution	1673527824599	1673527824901	OK	 
REQUEST		Reputation Twelve months	1673527824866	1673527825166	OK	 
REQUEST		Reputation	1673527823943	1673527825216	OK	 
REQUEST		Last Contribution	1673527825102	1673527825414	OK	 
REQUEST		Knolder ID	1673527825328	1673527825619	OK	 
REQUEST		Reputation Twelve months	1673527825432	1673527825743	OK	 
REQUEST		Last Contribution	1673527825633	1673527825925	OK	 
REQUEST		Knolder ID	1673527825838	1673527826128	OK	 
REQUEST		Reputation Twelve months	1673527825881	1673527826198	OK	 
REQUEST		Last Contribution	1673527826064	1673527826372	OK	 
REQUEST		Knolder ID	1673527826218	1673527826509	OK	 
REQUEST		Reputation Twelve months	1673527826376	1673527826690	OK	 
REQUEST		Last Contribution	1673527826574	1673527826883	OK	 
REQUEST		Knolder ID	1673527826717	1673527827009	OK	 
REQUEST		Reputation Twelve months	1673527826885	1673527827202	OK	 
REQUEST		Last Contribution	1673527827072	1673527827365	OK	 
REQUEST		Knolder ID	1673527827326	1673527827619	OK	 
REQUEST		Reputation Twelve months	1673527827401	1673527827725	OK	 
REQUEST		Last Contribution	1673527827597	1673527827888	OK	 
REQUEST		Knolder ID	1673527827867	1673527828173	OK	 
REQUEST		Reputation Twelve months	1673527827902	1673527828213	OK	 
REQUEST		Knolder ID	1673527828167	1673527828454	OK	 
REQUEST		Last Contribution	1673527828217	1673527828529	OK	 
REQUEST		Reputation Twelve months	1673527828415	1673527828730	OK	 
REQUEST		Knolder ID	1673527828744	1673527829033	OK	 
REQUEST		Reputation Twelve months	1673527828926	1673527829248	OK	 
REQUEST		Knolder ID	1673527829199	1673527829488	OK	 
REQUEST		Reputation Twelve months	1673527829373	1673527829704	OK	 
REQUEST		Knolder ID	1673527829691	1673527829991	OK	 
REQUEST		Get All Rewards	1673527828621	1673527830022	OK	 
REQUEST		Reputation Twelve months	1673527829884	1673527830214	OK	 
REQUEST		Knolder ID	1673527830204	1673527830506	OK	 
REQUEST		Get All Rewards	1673527829130	1673527830542	OK	 
REQUEST		Reputation Twelve months	1673527830367	1673527830679	OK	 
REQUEST		Get All Rewards	1673527829509	1673527830916	OK	 
REQUEST		Knolder ID	1673527830726	1673527831012	OK	 
REQUEST		Reputation Twelve months	1673527830889	1673527831213	OK	 
REQUEST		Get All Rewards	1673527830010	1673527831464	OK	 
REQUEST		Knolder ID	1673527831214	1673527831493	OK	 
REQUEST		Reputation Twelve months	1673527831530	1673527831832	OK	 
REQUEST		Knolder ID	1673527831731	1673527832038	OK	 
REQUEST		Get All Rewards	1673527830621	1673527832041	OK	 
REQUEST		Knolder ID	1673527832249	1673527832552	OK	 
REQUEST		Get All Rewards	1673527831174	1673527832579	OK	 
REQUEST		Get All Rewards	1673527831455	1673527832865	OK	 
REQUEST		Knolder ID	1673527832705	1673527833001	OK	 
USER	Create  Scenario	END	1673527833027
REQUEST		Get All Rewards	1673527832034	1673527833444	OK	 
REQUEST		Knolder ID	1673527833215	1673527833502	OK	 
USER	Create  Scenario	END	1673527833543
REQUEST		Get All Rewards	1673527832489	1673527833887	OK	 
USER	Create  Scenario	END	1673527833918
REQUEST		Knolder ID	1673527833681	1673527833969	OK	 
REQUEST		Get All Rewards	1673527832992	1673527834388	OK	 
USER	Create  Scenario	END	1673527834466
REQUEST		Knolder ID	1673527834214	1673527834501	OK	 
REQUEST		Get All Rewards	1673527833507	1673527834906	OK	 
USER	Create  Scenario	END	1673527835042
REQUEST		Knolder ID	1673527834834	1673527835130	OK	 
REQUEST		Get All Rewards	1673527834013	1673527835400	OK	 
USER	Create  Scenario	END	1673527835580
USER	Create  Scenario	END	1673527835866
REQUEST		Get All Rewards	1673527834494	1673527835924	OK	 
USER	Create  Scenario	END	1673527836445
REQUEST		Get All Rewards	1673527835039	1673527836476	OK	 
USER	Create  Scenario	END	1673527836889
REQUEST		Get All Rewards	1673527835553	1673527836951	OK	 
USER	Create  Scenario	END	1673527837389
REQUEST		Get All Rewards	1673527836002	1673527837395	OK	 
REQUEST		Get All Rewards	1673527836503	1673527837906	OK	 
USER	Create  Scenario	END	1673527837907
USER	Create  Scenario	END	1673527838402
REQUEST		Get All Rewards	1673527836970	1673527838429	OK	 
USER	Create  Scenario	END	1673527838926
REQUEST		Get All Rewards	1673527837502	1673527838986	OK	 
USER	Create  Scenario	END	1673527839477
REQUEST		Get All Rewards	1673527838132	1673527839558	OK	 
USER	Create  Scenario	END	1673527839953
USER	Create  Scenario	END	1673527840396
USER	Create  Scenario	END	1673527840908
USER	Create  Scenario	END	1673527841431
USER	Create  Scenario	END	1673527841987
USER	Create  Scenario	END	1673527842559
